<?xml version="1.0" encoding="UTF-8"?>
<!-- Generated by org.testng.reporters.JUnitReportReporter -->
<testsuite skipped="0" hostname="LAPTOP-JEI8AS0O" name="testcases.MyInfoTest" tests="2" failures="0" timestamp="2022-08-13T15:10:03 EDT" time="2.497" errors="0">
  <testcase name="getMyInfoSideMenuitems_005" time="1.692" classname="testcases.MyInfoTest"/>
  <system-out>
    <![CDATA[<img src="data:image/png;base64,iVBORw0KGgoAAAANSUhEUgAABVYAAAJcCAYAAAASBf/6AAAAAXNSR0IArs4c6QAAIABJREFUeJzs3XecVdW5//HP2nufMmd6Y2aYoQ69gw2VItijxhpbDIoab665SbwhDZOIXG9Cmi3+0jQ3EMTYRRETMQoqWOkiDEiRDjNnejltl/X745wZZmBoiVKS552XCXP22muvfWb7R748+1lKa60RQgghhBBCCCGEEEIIAcCUKVMOO8Y4BusQQgghhBBCCCGEEEKIfykSrAohhBBCCCGEEEIIIcRRkmBVCCGEEEIIIYQQQgghjpIEq0IIIYQQQgghhBBCCHGUJFgVQgghhBBCCCGEEEKIoyTBqhBCCCGEEEIIIYQQQhwlCVaFEEIIIYQQQgghhBDiKEmwKoQQQgghhBBCCCGEEEdJglUhhBBCCCGEEEIIIYQ4ShKsCiGEEEIIIYQQQgghxFGSYFUIIYQQQgghhBBCCCGOkgSrQgghhBBCCCGEEEIIcZQkWBVCCCGEEEIIIYQQQoijZB3vBXxW6mL1bG/axdaGbexs3s3ulj3UxuqIuTE87YFODVTgac3ZJadzx7DJGEqyZSGEEEIIIYQQQgghxNE5qYPVhJtgTXUFi3e9w5rqddTF63BJhqgKhVIKAKVAaZXMVhXYns0pXUZKqCqEEEIIIYQQQgghhPiHnLTBakXtRp5a/yyrataABgOFMgwsTCBZlep6LrmBHDw0LXYzSikcz2FEwTBGFg07zncghBBCCCGEEEIIIYQ4WZ2UweqG2k38+N3/xfYSmIaFUhqdqlL1tIfjOeQH8zmndAwJL8E7e95PVqtqjQfcNOA6LOOkvHUhhBBCCCGEEEIIIcQJ4KRLFxvjjfx82QM4XgLLMNHJRBWtNLbnkOXL4Nq+VzEgrx9Ldr/Hgm2v46ExlCLhJphQOp5+ueXH+zaEEEIIIYQQQgghhBAnsZMuWH15y6vsiVQRMoNtn9meg6Usrup9GV8s/wJ1sToeWvk7tjftwDKsVCWrxmf6mTTourbeq0IIIYQQQgghhBBCCPGPOKmC1fpYA69sfY2A4UcDWmtc7TK6+HRu6H8N3bPKePXT13ls7SwAfIaFBpRSJJw4kwbcSEGo4LjegxBCCCGEEEIIIYQQ4uR3UgWrm+q30JBoJGj4sbVDXiCX2wffzNmlZxB34/xm5aO8vnMRprIwMNBolALHc+iR1Z1Lyy863rcghBBCCCGEEEIIIYT4F3BSBauf1G1Eaw9Hu5xTOpavDLyewlA+1dFafrHsYdbXrcdSPpRiX+9VrdFovjH8a4R8acf7FoQQQgghhBBCCCGEEP8CTppg1dMeH9Wsw1QmXx92B+f1GI+hDCpbqvj5sofYWL8Zv+lDa0Anz1FAxIlx59DbGZDf93guXwghhBBCCCGEEEII8S/kpAlWo04Uv+Hj3tF3c0rRcADCkRruff9n7Grejd/wAcl+qq3patSJc1X5F/lC+QXHceVCCCGEEEIIIYQQQoh/NSdNsGoog2+M+A8KU5tP2a7Nwyt/x47mXcnNrJQGrds2tDKUwfV9r+bGgV/CVOZxXr0QQgghhBBCCCGEEOJfyUkTrKZZaaRZyR6pWmv+sv45llYtJ2ClEcNBaYXf9FOaXsLpXUZyZsnp9M3peZxXLYQQQgghhBBCCCGE+Fd00gSr7W1p2M6iyg85s2wcPdMK6JleQpf0IgrTiygIFaCUcbyXKIQQQgghhBBCCCGE+Bd2Ugar3TKK+eP4n6FcB6+lGivagE7YaLcKXAcdzEH5Q8d7mUIIIYQQQgghhBBCiH9RJ06wqj10vBnsKAQyUL40OEjlqa9hJ97aV/A2LMSp20lM6+SmVYaJNv2YeWUYZSOwysdilgxFBTKP8c0IIYQQQgghhBBCCCH+lSmttT6eC9AtYezNi3E3L8at3gKJKASzMHO7YZYMxOx5JmZhP7AC+86JNeA17EI3VeHVbcfdtRp3bwVeUxhaQ1YAFEZhH/wjrsAadAnKn358blIIIYQQQgghhBBCCHHSmDJlymHHHL9g1XNIfDyPxHuz8Op3gWEke6MqA+15KDy0BmWYmF2H4Bt5JVbfc1FWsNPpdEsNbngjzsY3sde/BtEmMAw0oLTG7DqYwNj/xOx++rG9TyGEEEIIIYQQQgghxEnlhA1WdbyR+JsPYa96CQwz+Q+A54F2941TBgrQWqMAs8cpBMbdiVky7JDze/U7Sax5CfvDJ9CujTIttOuAUgQnfgv/yOvAOHG6IAghhBBCCCGEEEIIIU4cJ2Swqu0I0Re/g7PlA5TlB1QyTNVglA7G7HYKRnoe2nXQDbvwwptwKz9JtgjQHpg+glf9Cl/vMYe9lhveQGzBT/B2rwPTB1qjXZvAGTcRGP9NUObnf8NCCCGEEEIIIYQQQoiTyokXrGqP6N9nYK94HuVL9Uz1HIz0fALnfhuzfNyBr/q7Nl7DTpyNi0ismouu2wWmRdqXHsbqeebhLxlrIPb3n+FUvA6mhQZwEgQv/D7+Edd+5rcohBBCCCGEEEIIIYQ4uR1JsGocg3W0sT9+CWf5c+1CVReVnp8MSftf0Hn/VNOHkdcL/xm3kn7Tn/Cf8RW05xJ96QfoaP1hr6mC2QQvugdrwERwbBSgTB/xBT/Drdny2d6gEEIIIYQQQgghhBDi38IxC1a9xj3EFv0aLH/yAw1oj7TLf4ZR2P+I5lDphQQm/Dehq3+FjtSR+OjFIzvPl0bwgh+iivqC64IyQCniCx8Azznqe4nH40SiUTzPO+Q4rTWxWIyWSIR4PH7U1zmcRCJBSyRCLPbPz23bNpFIhEgkSiKRwHGcg97fkRY5O65LNBolEomQSCT+6TUeD572qIyEiTqxf3iOhGtTFanGO077xAkhhBBCCCGEEEKIz94x28HJXvEURBvASlWrOjF8Z92KWTriqOey+kwgdO0jxN58BP+o61C+tMOeo4JZBC+4m+icyYAHph9ny7s4e9didR3eYWxlZRXvf/ABubk5uJ7H2LPPxrIsGhsbeX7uXBYsWEBjUzOPPPQQ5eW9D7jWrt27Wbx4CW+99Tafbt1KLBYlPy+PIUOHMm7cWMacdRaBQOCQ662rr+e9994nIyOD+vp6xpx9Fnl5eWitWbX6I1599VXWfPwx9fX1hEJplPcuZ/z48Uw4ZzxpaYf/PgBaIhFWrFzFooULWblqFS0tLaAUpmGQm5tDYWEX0kMhgsEgoVCIhqZGqqvCfOMb32DQwAGdzmnbDqtWr+LNt97i/fc/oLa2Fq01mZmZDBo4kHPPPZfTTjuV3JycTs//pG4zH+5dRoaVTk2sjpFdhjOq6NCblQF8uHcFm+u2EDADVMdrubjHuXTLKmP53pWsDK/B1Q65/hyibowWO0JjohkXh5AVoijUhf65fRmU35+0/aqmmxPNfGPRdzmtaBRTTvkvDHV0fxeh0fzfx4+zeNe7PDj+pxSldzmq84UQQgghhBBCCCHEiemYBKu6pZrEmvnJDaQAtIZAOv6R/3iPU6t8PGmhvORcR3pO8UDMHqfgblsBpoVSCvujeQcEqx+vW8t3vvMdNDB69BlMGD+ePXv38rU7v87aj9dgGibKMPDvF442Nzcz68+P8/9+8//w+XwMGTKE7t27kYjHWbFiBcuXL+epp55i3LhxTL/3XrqWFB90rdFolLt/+EMikQimafLyvJcIBoP87Be/4Mknn0ShsHwW2tPEEwlWr17NCy+8wBmjR/OzGT+lrLT0kN/F2nUVTJs2jWXLltGzVy9uv+02Ro0aiWmYfLRmDTNnzuTdd98lMzOLL33pSziOS3W4mvqGBuLxzqs3N3zyCQ889BBvvP46pmlxww03MHr0aDJCITZt2czcuXN58qmnGDBwAPfecw9nnXlgj9y4HeOJDc/iMyy01vTO6XHI+2hV1RJm9von8aWesTOLT6MbsCr8Mc9vfok0Mw0Pjy/3u5Zumd1IeHE213/Kwp1vE3djWMpHz8zuTDnlG3TL2vfdVUWqiXtx3t71Lpf3vph+eX2PaD2tdjXuZv7Wv2Epk7hzclbtCiGEEEIIIYQQQogDHZNg1amsQLfUonypakDXxhp8MUbmP1e9Z5YMPboTDAur30Tcbcvafna3vIOONaCC2W3D0kPp+Hw+bNumT58+RCJR/uvr/8XqlSvJzc/DSdjEE3HSQ6G2cyLRKHd87T9Zvnw5P5sxg7FjxpCTm4NlmjiuS2VlFQ8+9BDz5s1j0aKFNDY08PjsP+P3+ztdanooncLCQrZv305WVhZ+n5+7vv0dPtmwnhk//SlDhgwhLzePmtoaFi16k9/89rdo7fH+e+/xjW9+iyefmEMw2EnPWmBdxXquu/46mhqbuO6665h2z49JT09vO96/fz8uvOB8vvf9qfz9jb/T0tzC96d/h0AgcND2AMtXrOSWW2+luamR/v0H8Mivf03fPuVtx8eMOZsbr7+eZ597nh/96EfcfMtk/vD73zFxwoQO87hKEzD8mIaB1hpT+Q79O03xW378ph9TmSgUfjP5vVqGhd/wo/HI8mVwWflFBNtVpV5efgm/XP5rtjVtZ0vTp/xk6a94cNxPSUtVQdfFG5KtDxTM3fQK3z3tm0dcteppj8fXP41CoYHGRNMRnSeEEEIIIYQQQgghTnzHpMequ20pql0YpdFYvc8G1LG4fAdGfi9063WVgddcjde0t8OYgvx8HM8FID0tnUf/+Bh7q6r408yZvPjCCzz33LPce+90bHtfBWJTYxONDY288vLLXHnF5RQU5GOZJgCWaVLatYSf3Pc/nHPOOZimybJly5g3/5WDrtOyTNKCAZRSWKbJD3/8YwJ+Hy/Pe4lrrr6aAf3706VLIQMHDODO//waD9x/P1pDMC2NlStX8sbCNzudNxqN8p3vfpd4PE5BYSE/+P73OoSqrbKysvjJ/95HdnY2f3nyCR774x+T359hYBgdH5va2lru/PrXiUej5OXl84ff/75DqNrK7/dz4w3X84VLLsFzXb52551s3batw5hMKx2lFFqDhybXn3XQ76i9oOFPPU4apRQZvlTobSiUMlAolGERcztWjZZlduVrQ29Faw+f8rOrZTdrqte1Hd/bsjcZ1BoW7+79gC31nx7RegDWVa/nnT0f4DeSIW9VNHzE5wohhBBCCCGEEEKIE9uxCVb3rANjX3GsMiyMnK7H4tIHUibKbFcFqcELb+4wpKGxAcs0CQQCzH1pLq+++irPPfsME88ZT4/u3enfrx83Xn8dRUVFbeekpQV54IFf0aeTQLFVIBDgzv/8Go7rYfks5s6di23bnY61LAvT50cpRW1dHWvXrWPGT39CZmZmp+MvvOB8brrpJqLRKIGAn+effxbHOXBjro/XrmN9RQWg+OIXv0heXt5B15ufn8e5E8/F7w/wu9/9nr2VlQeM0Vrz60d+Qzhchet5fOub36RH924HnVMpxVdvvx3TMnEdh9/85rcdNsNytAMoUGAog7ju/PvZX8hKS3aFUAqUwtbJYDzTSkdrD1drAoYPv3FgkXbXjGLSfRl4eBgYbGva3nasMd6EhwdaodE8veEFPH3oTcsAHM/h8fVPYyjVmvdSF6s/onsRQgghhBBCCCGEECe+YxKs6pZqaKtY1cmK0WDnmxd9/ovxkuEbyTBPGQZebceqSU0y1EMpqsJhvvud71JSfPB+qJCs8OzX9/D9N0tLS8nNyUEpgx07dhCLxzsdZ5om6aEQnucRj8f55n/9FxkZGYec+9prrmk7d13FeloikQPGLF26NFVxqhk+fPgBx/fXv18/DMMgFo+xYuXKA47v2buXp55+imAwjfRQiAsuOP+wc/bs2YPi4mJ8Pj+vvrqA2tq6tmOmYe17KDUEzUNv8tUq4iXwKTPVPsAgZCZf98/1Z+NoF0MpLGXQWZW067nJR4JklWxeILftWFW0GnSqylpZfFi1gi31Ww+7nmV7V/Jx7TosZYJKnl+faDyiexFCCCGEEEIIIYQQJ75jEqwmSwlbqxJTCVa07mCjP1/KAMemfcCm4x0DSJ/Pj0bjOg6lpaWcftppn9nlA34/+fn5aO3hOA7xQwSraYEArutimSbDhw077Nx5+Xnk5uaiPYhEWmhubj5gzKdbt2L5LECRmXFgC4D9ZWRmtm0Qtmvn7gOOL168BNu2cV2XU089hcKCgsPPmZ5Oee9ytNbE4jHWrdv36n2aGUw+KVqj0W0B6eGkmUE8PLTWKBSBVI/VFjeCpUwMpfB0a0VsR1WRME2J5HcVMHyM6jICgLibYE/LXkzDJBmNJv8zZ/0zuKmK2M5E7Sh/rngSS1mYKlkhq5QiHAmjOfLN1oQQQgghhBBCCCHEievYBKvK7PizZ+M1HZ9+kzpaj27/Krfngdlxg6TW3qiO6zJ40CBC7Tap+md5WhONRtquY1md7x+mdbJXqFKKQDBIfv7BX9lvv+78vLxU/Aex2IGhbX5+Pq6bDCA99/CvtNfX16EMlewz6u/4PXmex4dLl2KaJo7jcMYZozFN8yAztVunZSUDYK1xHJumdgGwL/WsaOiwCdXhZPjS2jaZUiQrXwEaE81YhpU6ZmDt1wqgKdHMnPVPo9E4nsNtgyaRm5aspnY9h+poDQCX9LyIoBnAUiZLK5ezsbZj+4j23tu9lM2Nn9I3p5wryi/F8VwUiupoDQn3yFobCCGEEEIIIYQQQogTW+ep3mdMZeTj1e9EtQWsCnfbh/j6nnMsLt+BF96U2qM9VUNrGOy/ybtpmqCTHQPS09MxzX8uf9ZaU9/QwKZNm3niL09QVRXGUAaGaeD3db7rvVKKhqYm/H4/hqEwjiCw9DwP27ExjORmTYHAga/Rn3rKKP7w+99jWibbduw47JybNm5u613ar1+/DscSiQRbtmzBMAxM0+SNhQtpbGyitraGzKxsAgEfwUAQT3vEonFi8RjRaJQuhYUsW74c0zRpaUnQ3NSusjb1Tr5K/dezG1+kS1oBpmHR5DRjKJOgGcTAIOrFcD2bkJnGnkglShkdwlUAIzVf62884SYImgEa402sr93I4xVP8mnTNnID2UwacCPn95zQtpSIHaUh0YjrOXyh5/n4DR9PbXoey7D449rZ/HzM9FQ16z5RO8rs9U9iKZMv9b2CkBXi6Y3PYyqTxkQjUTvaVk0rhBBCCCGEEEIIIU5exyRYNbv0xduxAkiGUMq0cNa/hh7zH6hg9rFYQpJr4277EFJhWHJTIQ+V03GzJaWS0avWYBiHDzT3V1dXz9ZtW9m8ZQufbPiETzZtpLamjkQiRq+evcjLy6O2pgbzMBWrrVWrhmHQ0slr/fvzUue03kNmJz1ZR40aRV5eHg2NDbzx+hvcPOkr+A6yhsamJt56+02UUpSUFDNkyOAOx1siEcLhcDLIVYrq6jBvL36bUHo66aEQgUCAeDyOZRr4/X4cx8VxHTZv2UKPHj3o3r0bWmtKSvbrX5tqgWug+LRpG5WxMAYmftOPz7BwPY+EtkF7aO2RZqVRH2/Yd+4Bc+lUxWiYH737v2T7MqiMVlMbq2V4wTDO7T6BM0pOoTSjpMOp4Wg1Di5+M0CGP52Le53PM5vmYhom6+s+4aPwx4ws6tindv6WV9kTqWREwVBOLRrJloatGKlF1dtNR7TxlRBCCCGEEEIIIYQ48R2bYLVkCLZ+et8HysBrCmN/sgj/sCuOxRIAcBt24e5eC+1fB9cuRvHADuOSfTpTf/aOPAjbtXs3zzz7LM888wx1dfX06dOH888/n0k3fYVu3cooLS0lFo1y401foba2BsvyEYlE8PsPX8Go1IGbLh0wBlKVtgq/308sHiObrA5j8nJzmT59Ot+661ssW76M+fNf4corLj9gLk9rHn30MaprajANk3vuueeAoNZnWSRSPWIjkQjTfnwPY8ac3WGthmF0CIlbg1+g7c/JzbTaSW0WBYq7RtxJ75yeh733teEK7n7vfzggWdWgU+FqTjAPUKyuWYulLCzT4vp+V9E/v/NNx+pi9TiuTX4oD8MwKAjkc1638byx821MZfKndXN4oGAQvlQribpoHc9sehGl4OaBN2AaJpm+TFAKBdhugsZEE3lpuZ1eTwghhBBCCCGEEEKcPI5NsNp1KPiC4Ln7XvW2gsTffAir/GyM9MJjsQzsj18GNwFWkGTipiGYjbFf0OV5XvJ1cpUMGI/E2nXrmHzrrVRWVtG9Rw/+7//+yKmjRh3wOn5jYyMtLS0ABAIB1P6hYopSqm3TqCNlmib+1IZXPp/voGHsFy6+iLq6e3nooQe5+4d309jUyAXnn09uTg5aa6rCYf70p5nMmjWLvLw8fvijH3LuhAkHzKMBK9XKwDJNIpFopz1WW3vFtt3XEVG42sVvdN4q4UDJqtQDPlXJXq0emjQrxA9O+RaPrP4D62rX47gOv1r5CD8/e3qnYeeelr14aHKD2QTM5O/xmr5X8Naud9FoPm3cxju73uec7mMBeGHTfBoSDZxVdAb985Jhrd/0ETKDxNw4WnvUxuromd39CO9JCCGEEEIIIYQQQpyojsnmVUZ2V4yeZ6C9djuyGyZEm4gt+Cn6GGzo49bvwF72FJh+Wjtu4rmYpUMw0jvuZO+1r1I9gnCzsbGJyZNvpba2jq6lXXni8cc5+8wzO+1x6tgOjuPgeZqA39e2Udb+tNakZ6TjOM6BazoIwzBRgOu6WJZJKK3zTbcMw+ArN32Zhx/+NUoZ/PSnP+Wmr0zitq9+lcm33c5XJt3Me++9x7enTOHlefO45qqrOg1E04JByspKcd1kYL5r987DrvFw9H6vyjvaOcjIjhztJv+gWudJVcPqZJWsAcScCMUZXbhr5H+S5U9W8lZGKnlg5W+wO3kGdzbvwUCR7c/CSDXiLc3syiU9L8T2bCxl8fiGZ4i7Capawsz79K/4DD83Dbi2rfeqUgaZ/qzkE6egMlJ1dF+IEEIIIYQQQgghhDghHZOKVZRJ4NTriGx8s92HGiw/7sbFxN/4OcFzv5cKPT97OtFM/LWfop04ymxXAaldfAMvbOu52ioZYipAHVHF6hsL36AqXIXP8nHN1dfQvVvZIcd7novneZimdeBr8ClKKSzLh2PbuH4/GZ30S91fPBHHdmyUAtMwsayD94f94MOlTL/vPiZPvpXrr/0Sfr+PcE0NWmsK8vLJzc0hGAwe8np+v5+RI0excsVKUIp1FRvaXvn/R9mem6wWTn3tjntkwWrETd63Jhmk2qkQvyCYj+3Z+EwfCog6MYrTi/jxad/lu+/8GEtZrA6vYda6v3D70EltVa+u57I3UolGkx/MbwtWAS7ueR6vbFsAWlMVqeJvW/7OrpbdxNwYF3Y/l/Lc3m1jQ74gmb5MKiNVuGiaEofvlSuEEEIIIYQQQgghTnzHpGIVwCwdiVU2AvYPyiwf9sq5xF7/OToR+cyvq+0osdd+grt16X6hqgehXKzeYw44p7U6VCnwvEMHq1prFi95h0AgCEpRVlp6yPEJO4HjuPj9fqKxaIeeo/uvIZFIpFonaEKhzqtP23MdB9u2sUwLjSae6n+6v3C4mq9M+gqubfONr99Jt25lFBUVMWTQIIYOHkxJSfFhQ9VWX7zsUrRKhqwLF75BVVX4iM47mBY3mvyDUigUTc6RPROOl0BhYACe9oi6MSBZAatJfp+mMvGp5N8l9M/vy1cH30zcS+A3fLy45RWW7Hy/bb6oE6MqEkZhkO3P7HCtrpklXNjtXGzt4jd9zF7/FG/seAtLWVzW++IOwbLP8JHhDyV7xmpNXbz+H/9yhBBCCCGEEEIIIcQJ45gFq8r0Ezjnm50HiZYfe/U8oi9+G69602d2Ta9xD7GXp2Kvex3Mjr06tWPjH30zqpPemo7rpOoWU9vTH0YikUiN1zQ2NR5yrM/y0dLSglLqoNWqAI7j0NLSgmWZaA21dYcP5LTWqdfykx0MEonOWyzMffFFbNuhoLAAn++fK1oeOGAA5008l3g8TnNzM4/PmXNU51dXV3d4JvyGiac9FJCMRI+sz2zICqbaBiT7qSa85L1Xx+rxGSZKJdsFtH4OcEnvC5lYNr4tXH1w5W/YXPcpALWxOhoSjSgDcoI5B1zvi+UXEzQCqU4RmoSXYELpWMpzenUYZyiDLH8WGo2hFJUtYdzWtgVCCCGEEEIIIYQQ4qR1zIJVALN0OP4zbwY71slBH+7W5bTMuY3EsifQzf94L0odb8b++CUif7kdZ9OSjpWqKPAcjPzu+IdffZAJNJ5OBmHxROKgVaWQfGV/1MgRJBIJTMPgrUVvtvVF3V88keDBBx/EcRxc1z1kKwDHcYjFYyiVfLU9Gj185WYsFicWi+N5GsNQZGZ23j4gHo9jWRYVFeuZN38+4epqIpEIjuMQiUSIRqPE4/GD3kd7hmEwbdo9ZGVlYZomf/y//+PpZ5897Hlaa5597nl+94dHO1R4xp0EKvU6v+bAnqsHUxdrwMQANFqDTyXbIDg6kYpmFQk3gdHuWoYyuH3wJIrSuqC1h6tdfrL0VzQnWki4CRJeAqUVOal+rO2VZBQzsdt4bM9u2+TsS/2u6NAyoFVuMBuNRmFQGa064vYGQgghhBBCCCGEEOLEdWx6rLZRBEbfirttKe7utSgrwL6KRA2mBU6c+BsPkFj+FL5hl2H1mYCRU4bypR16as/Fa9iFs+19nI/m4VZuAFSqUrVdMKpd0Jq0S+9D+dM7nSo7OwfHdTANE8c+/MZaF190MQ88+BCu67J0+XJ+94dH+eptt3Z4nX79+g1M/5//YfDgwfTu3Ztt27ayfft2auvq6FpScsCcjutiJ2xIhYwHqz5tL5QeIhGPo7XG8/RBA+GJEyfw60ceIZFIcPfUu8nLzyc7O5uA348G/D4fgWCQQCBAUVERgwYO5KyzzqRXz56dzldSXMwfH3uMr33tP6itrWPatGns3LmLG6+/jpL97i1h26xbV8GfZv6JF198kT/8/g8djsfdOJ72sAwTpT2a7ehh7xvAMkxs7eBXyd93faL0m1euAAAgAElEQVSRUroSd1PBuEoGq+5+m4BlB7P4/ql3MWXxD/EZPsLRML//6E8MyO2L1hpTmQftGXt1n8v4+/aFxF2bU7uMpFtW5711A2YAAwOlFLWxWiJOlIB14MZmQgghhBBCCCGEEOLkcYyDVVD+dNKu+CWRJ25FN1Ylw9QOAxRYfnRTFfHFj5J4ZyZGlz6YxYMwCssxskvACiZ7tZomuqkSt3Y77p61eHsrIN4CKDA6uTWt0Z5H8KKpmCVDD7rGPXv24DoOcTuGnUikNpo6+EZQJSXF/PIXv+Bbd92F1pqHH36Id5Ys4YzRZ+CzfHy05iNWrFzFlP/+b66/7lr6PdeP7//gB9TW1HD7V+9g3NixXH311fTtU942Zywao7Jyb1uf1ObmpsN+t3V1dSTsBHbCpr6ujkgkSlragYH0oIEDefCBB/j1I4+wY8cOwuEwlZWVyTYCgGkaJLNIhaEUyjAIBALccMP1fOub3yTUyZyjRo7gmaef4Re/+iWvv/4Gj/z618z+858ZO24cvXv1IpSeTkN9PUuXLWXNmo/p2bMnf571Z8aN7djj1tMenvbQmGjAdjvvE3vAvccaUtWiKtlKIJUpGxg42iWgTOKeTV28nqxAx56p/fL6MHngl5lZ8QR+08+S3e/zwd5l+A0/Hh5WZ88S0CW9kPO7T+DFLa9wQ9+rO61WBUi30kluq6WIuwmqo7XkdtJeQAghhBBCCCGEEEKcPJQ+1HvunyO3YRexp+/Erd+136v6nfA8SG7/AyQDP5RCt1YfpioSlTJSmz11Qmu05xAYfyeBMyYDB9+5fuPGTTz/wlzyC/JxXYfJN99MIHD4CsPVH33E43Pm8P77H1BbU4NhmmRnZzFxwrlMvuVmevdO9t90XZf5r/yVDz/8EMMwOPXUUxg3diy5ufv6ve6trGT27McpKCikqqqKyy67hMGDBh3y+hs3bWLuiy9RkF9AuLqa22+bTH5eXqdjm5qbeeDBB3nyyScZPnwE/fr3o6S4hPy8POrr66msqmTjho2sXL0Kx3EwTZNoNMKNN36Z6dPuOWjQ7DgOH320hvl//SvvLFnC7j17cBwHyzRJC4U4++yzuOQLl3DWmaM73ZBrV/NeKlsq8Zk+HM+hKNSFrhnFh/3uN9d/SnOiGWUYuK5Dr+ye5ASz+bR+Gw2JRgzDwPVcBub1I2gduDFX3E2wonIVISsNn+kn3QqS8FxanBZ6ZfUgO3BgOwCAxngTmxu3Mrxg8EGD1apImB1Nu/CZPlzPpXd2z4POJ4QQQgghhBBCCCGOvylTphx2zHELVgG8+u3EXrkXd+dqsHyQ6pF5KJqOkej+P3d+oWQlZmDCN/GfciMcJAA76DW1Pujr4J2Nra6uIRyuIi0UokthIenpnbccOF7e/+ADpt79Q/Lz8rn33mn069sHv99/wDjbtvlk0yZ+9rOf8+GHH+Dz+YnFYsx76SUGDRxw2Ou0tESoq6+joaGBtLQ0CvLzycqSQFEIIYQQQgghhBBCnNhO+GAVQMcaiL//J+ylTyYrT/dvDXCk87B/wJraV951MDK7EPzCNKweZ/zzCz7JVazfwKWXXUa/fv146i9PkJ2dfdhzGhubuOXWW1m3bh22nWDatGlMuummY7BaIYQQQgghhBBCCCGOvSMJVo+udPNzoILZBM/5b9Ku/w1mtxHgOW0Vpkc1T/sfNODa4Hn4R15F6Mt/lFAViCcS3DPtHmw7wZRvf/uIQlWArKxMbrzxBmzbxjRMqqtrPueVCiGEEEIIIYQQQghxYjvmm1cdjNXtNMxrhuBufpPE6rm4O1YnA1ZlopU6/Kv4WoNO9Vw1DKxBF+AfeQ1m6cjPf/Enic2bt7DmozVkZWXRq1fPozq3e7fumKaJ4zj06N79c1qhEEIIIYQQQgghhBAnhxMmWAVQvjSsARdj9ZmIu3ctzrYPcba8gxfekqxk1ckNrJTngpHcAT65WZUCy4/ZpR9mz9Ox+k3EzC8/+EZW/6Zqa2tJ2Db+QOCINuPqQAFaY1kWffv1O+RQz/PYtXs3diJBeno6RUVFAMTjCcLVYVw3WZGcnZVFTk4OWmsqK6tIJBJordFoTNOka0kJTc3NOLZNQUEBAHX19biO0/Zzq0QiwZ49e3Bdl9zcPHJzc9qOtbRECIfDgCYvL6+tz2ttbS2O49ClSxcA6uvrcVJzV9fUEGmJ4GkPhSInN4fsdv1hW1oiVFVVYRiKoqIigsEgjuNQWVmF4zqgk/12/QE/JcXFbX8xEI/HCVdX06VLF/w+H7ZtU1lVRXFREbbtEK4OJ78DrUlLS6NLYWGHv1RwXZfKqiq01pQUF2MYBi0tLYSrq8nLzW27N8dx2LV7NyXFxW39c2OxGNXVNXTtWoJhGKn1VlJcXNy2GVlTUxNNzc10LSnp8P26rkdlZSXxeIxgMEhx6p4SiQR7KyvRWoMGT3tkZmSQm5vL3spKDKXaxjY1NVFbW0d+fh6BQIDKqio810Xr5DOTkZFOQUEBlZWVZGRkkJGRAUA4HCYtLQ3Xdamtq8OyLJRSOLZNMJhGcXHRIZ9HIYQQQgghhBBCiM/DCRWstrECmGWjMMtG4T/9ZnRzFV7ddryG3ehofTK0smMY/hAqLRuV2x0jrwdGKA+sowwM/434/D4s0ySRSFBf30BZaekRn7t963ZisRgjRo2kf98+Bx1n2zZ/W/AaW7d+Sm5uLrV1dQwbMpRzxo+jrq6WZ59/ntzcXPA09Q0NfOGiiygv783ceS9hmSYZGZl4nkdaMMjFF13IR6s/YtnKldxx261kZGSwdOkympoaufqqq9qumYjHmTd/Po3NzZiGSW1dLVddfjk9evRg7969zH1pHpZpYvl8NDU1ceXll9OtWxnvffABtXV1fOXGGwFYtWoV1TW1XHP1Vbz55lvs2rOH3JxsHNshGo/xxS9cQrfu3aiurubZF+bi91kk4gksn48brrsWgGeef56c7GyCwQCe55GXk0vRBV3agsuqqiqee2EuX77xBroUFtLQ0Mhzz7/AzV+5ierqaua98gpFqaC3traW4cOGMXbMGAwj2bUjFovx0ryXaW5p5vbJk8nNzeWdd99j1UerOfvMMzn7rLMA2LhxEy+89BKXXHQRI0YMB6CyspJnnnueL1x0IYMHD6apqYlnX3iB22+5hYzMTLTW/G3BArZu285/3H5bW6uIRCLBX//2Kjt27SQnK5twTQ1DBg3kvHPPpaa2lqeffY6uqZDX8zx69+7N0CGDee75F3Bdl9tvnUxWVhZvvvUWFRs+4YLzzqWstIxnnn2OvLw8AgE/tu3Qu1cvcnJy+NurC/D5/dxw3bWYpsnrCxcysH9//H4/y1asoKWlhUTCJjcnh+LiIoqLzz/i51gIIYQQQgghhBDis3JiBqvtKF8aKrcHRm6P472Uk96gAQPIyc2hsrKKlStXMmTwoCM6LxaP8/gTj6MMxQ+n3n3IatdVq1axfft2Jt10E5mZmVRWVvLkM8/St085wWAa2tNcfcUVZGRk8Nbbi3l7yRJKSopxHIdzxo5lwIAByYk0KEMBmlgsxuIl73DxRReiDIXab5uy6poatu3YyaQv30hhYSEfLl1KQ2Mjruvy6mt/p3evXkw4ZzyGYbBixQpeevllbr91Mj7L13EupVLXhISdYMSwoYwfNw6tNS+9/DLvffgBpWWl/O3VVxnQry9jx4whkUjw6oLXqK6pobCgAO15XHLxRRQWFiZvQ+u2UHTfZRR+n6/1km0VqZ6nCaWlce011+Dz+di4cSMvv/JXhg8bRk7Ovgpcn8+Hz/Kxe/cesrKy2L17NwF/AM/TqXk81qxdS0lRESs/Ws2QIYOTVZ4kW2q8vnAR5eXlbWFva4fiuro6qqrCZGdnseGTjZx+2qkArFy1ij179nBz6ne6Z/cePly6lHg8jgJMw+Dqq67s8FxEIhFMM1kVW1NTQ1paGpWVYQIBf7JrR2rPvC9eekkyaE/xPA+/38fWHdvZsGEDgwYNwtMaz9MMHDiQ/v37884777Jz9y6uvfpqjLZ7EEIIIYQQQgghhDi2TvhgVXx2MjMz+e53vseU73yb+x94gNNOO5UB/fsf8pxoLMY9997L8uXL+cEPpraFbZ3RWvPJ5s2MHL4vCOzatSvdykrZ8MlGhg4ZjDIM6urqiMVihMNhsjIzsSyLgM/H8lWr2b5zZ/L1/MJCTjv1VFxP06N7dzZv2cL27dvJzMyksb6xw3Xz8vLoUljAs8+/QI/u3ejfrx+9e/emqamJmpoaLrrg/LbX4QcPHsy7H3xAVVUYw+gklEvmfViWRWVVFevWVeC6LuGqMGecfhpNTU3srari4osuwrIsLMviqiuvAKCpsQnTNFm85B0yMjNwHIeePXoyeNDAtumVYaDRvLV4MQF/gEg0gqc1SikMQ2HbNhUVFQQCAbZs+ZQuXQoJhULtvmPwWRZ9+/Rhz969dOlSiGlZFBcX47oOkKx0ramp5obrruPJZ55l7969lJWV4WmP7Jwc/D6LJe+8w6mnnIJlmm07v320Zg2DBgygvLw3r7z6KiNHDMeyLNZ8vJZRI0eSlZVFLBYjlB5i/PhxWJaF1hpPe7z+xkJ8Ph+xeJxzxo0lGAximhblvcvYsWMHwWCQQNBPWiiI57mp+zV46+3FhEIhbNtm0MCB9OzZA8Mw6d+nD2++vZjS0lLSgmk4jo1SKhkGp/7XSoXTQgghhBBCCCGEEMeDBKv/Zq668nJqa2v4xS9/yZVXXc3PZsxg3Lix5GRnd+jl2dTczMdrPuaBBx9k5apV3HvvvUy++ebDbiLmOg6W1fGxMg0T206kftLM/9urWIZBVnZ2W+jpeJqM9BBdCgpxnORr3pBsLdCjezeGDRnM628spKysFNPsWAEaDAa55qqr2LhxE59s3MiLL7/MuLPPpry8HKBDxahSyYpXz3MxDAj424VzGozU3IZh0NDQyMfr1rF161bGjx3LsGHDqKqqaptnf60hY3ZWFvn5+TiuQ2ZGeqfjQsE00lPHdGrTNaUUjuOyZes2Nm/ZQklxMV+6+uq2UDg5BmzHoXu3bqz/ZANrPl5L15IS4vE4rQlpxfr1ZKSno7UmPy+X5StXUlZWhkIR8Pk4/9xzeW7uXDLS0/H7/RiGgW3bfLx2LaNPPx2/30+kJcrevXvp1q0biXgcXyrE/OSTT1jy7rvYtsPll11KKJSOQpGfl0sgEMC2bSzTRGuN67r06tmTjZs2kbBtupd1o7auNlWtqvG0Jjs7i9ycXGzbJi0tCCT70J5+6qls3LyJN99ejOd5HULw1q8++XnHZ0EIIYQQQgghhBDiWJFg9d+MaZr8xx1f5bTTTmPmrFn86Ec/JpQeYsCAAeTn5eGhaWxo4NNPt9LU2Mi4c8bzv/97H/0Ps2EVJIPB0q5dWVexgVGjRuHz+Whubmb7zp1ceN55GIaBoQwuv+xS8vPy2kK9eDyO6zgMGTyYPqkwtJXWmmgkypmjR7O2ooLVa9YwqP+ADmPWb9jA9h07uOC88xg2bCjvvfcea9auY8iQIfgDATZt2ty2QdWO7TtwHIfCwkKqwtXs3rOnbZ5oPIb2kiFnIpFgQP9+nHXmmbyxcCEVG9YzYsRwcnOTAeLu3bvJz89Ha82rry6gX7++FBUVoT3N6aef1raJ1P6056GUwRlnnE5WVhZ1dXWs/2RDMpT1PNLS0vjipZewY8cOXpz3MpWVlfTosa8NhgYc1yE7JxvLtFi2YgVXfPEyNm3chOWzsG2bdRXrUUrx8it/xXFsdu7cRSQSwefzEY1FKexSyLgxY1jw97+THgphWRZ79+4lGo2xbv0GKjZ8QiDgZ+WqVXTr1o2+ffuyYeMnDB8+jGHDhlFcXMJfnn6KRMImFNKgFGeccUaHkLOpqQnHdcnNTYamq9es4YrLLqOqOpxqBZD83Y4+/XRC6fvCZ9d1cT0PlGLcmDH8ceYsbMehT+9eHb4DIYQQQgghhBBCiONNgtV/U6NGjmDUyIfYs3cvW7duY8eOHdTX15OWFiQYTKN792707tWrrVfokTp11Cg2bd7CM88+R6+ePanYsIHC/Hz69e1DdU0NmmSFaTAYbDtH62Q4t2z5cvburUy+0q7h1FNPwTAU8Vgc0zQ5b+JEZs6eTTyR6HDNkqJi5r/yVyKRKF1LilmxajXDhw8jFApx3oRzmP/Xv9HU3ITP8rFi1SrGnn026enp9OrZg7eXLGHe/PlkZ2Wxdu06Lr3kC0AyWE3E4yilGHP22Tw2cyYLFy7ioosu5MLzz2fe/FcIV1dTX9/A5i1bGD36DHTqlf633l5MTk4OruuQFkxj1KiRbRWfntZozyMajZGVlYXjOG0ho+d5uK6D67r07NmTYUOHMveledw2+RYyMzNbvyxi0RjBQIDSrl3ZtGUz+Xl5rI5EKCgsZNu2bUSjUe647Tb8AT+O4/Dnx+ew+qM1lHbtiuO4eK7L4MGDWLl6NTU1NcTjcd7/8ENGjBjOOePGoZSiurqa2U88wbj6es46czSz5zzBk08/Q3mv3mzfuR2lFLm5OXieh9YeCxcuIhDw47guxUVFdO3alXg8TjAYoKhLF/ZWVpKXn09Lcwue55HcgU6z6K23yMrKxnUdMjMyGDx4MNpzUy0H0jln/Dj++uqC1DlJruPi2PbRP/RCCCGEEEIIIYQQnyHz3nvvvfd4L0IcP5kZGXQrK2Pw4EGccsoohg8bxuBBgygrLSU9/cDX2A8nGAzSt0850ViMcE0NvXv15Jzx4wkEg7iuh2WZdC8rawsaW5mGiWVZJBJxXNfDdmy6d+tGwO8nOyeHgoICQqEQ6aEQBQUFFKUqUFuv2ae8nJrqGmrqahk8aBCnjByJaZoUFhZSVtqVynA18UScs88czdChQ1BKkZ6eTveyMqrCYaKxGKefdhoD+vdHKYXneRQXFZGbm4tlWZR17UptfT1lpaUUFRVRUlTMrt27CYVCXHTB+RQUFLQFqyiw7QS27WAYirLS0n0bRWmN5fPRvVu3tlf8lVL06N4dy7IIBtPoVlaGYRh07VqC4ziEQiGy21XAGoZB15ISMjOzyMjIoLy8NxpNfl4e8USc3r16UVraFcMwsCyLnJxkcFlYWEBaWholJSX4fD66lpQQDAYpLi6isamJU0aOJBQKYRgGoVAIpRSZGRnk5eXRt085tm1TFQ7TpUsXJo4fT2FhYdsmVK72cGybhO0QSkujqKgLpmnQq2dPsrIyycnJpmePHmitKSkuJisru63C1bYT2I6DaVqUlZZimCbFJcVkpKeTn5ePaRqUlZa2VQFrrcnOzqa4uPiwrSmEEEIIIYQQ4mQTDodZsmQJixYtYsGCBaxfv57q6mqys7P/of+f/s9I7rfyA7p3707Xrl2P6bXFyeHuu+/moYce4sknn+Tjjz/m3HPPPd5L+sy89tprhx2jdGsyIoQQQgghhBBCCCGOi0gkwhNPPMHixYvbPsvPz6empqbt57Fjx/LlL3+5wybHn6dHH32UJUuWMHbsWL761a8ek2uKk8e3vvUtVq5c2eGzkSNH8vDDDx+nFX22pkyZctgxEqwKIYQQQgghhBAnpQpmTprB9lvuZ9rEztq4He74oYUXTmfK4rHcP20iR3d2mIXTp7Dt2tlMHnj40RUzJzGDqcw+ksH/orZt28aMGTOIRCKMGTOGCy+8sMN+G9u2bWPBggUsWbKEUCjE1KlTOxz/rC1evJi5c+dSXV3d9llBQQFXXnklY8eO/dyuK04uAwfu+3f2F7/4Bd/73vcAqKioOF5L+kwdSbAqW2oLIYQQQgghhBAns8W/ZeYBOUaYhdNnsOh4rEcclUgkwowZM9Bac99993HHHXfQo0cPwuEw69evJxwO06NHD+644w6mTp2K1rothP08zJkzh8cee6xDqApQXV3NY489xgsvvPC5XHefMAunT9rvmU5+Nmn6QsLtP66YyaRJMzlkjBdeyPRJ01kYPtSg46Ni5iQmTdr/nxNzrft79913aWhooKGhgXHjxnHeeecxbtw4GhoaePfdd4/38o4Z2bxKCCGEEEIIIYQ4iXUfO5bt71dAu+oxwmtYzAQmlC9ie7uxFTMnMaN92jqhtVK0gpmT3qfHLduZNWszlN/CD/crTEyeW84t909jYmGqonXW5tTR1s+T1aqzNgMzJiWrZYeuYfqUbVw7FWa0XnzCwSpU253fOnOHittkFW7bLXSY51DHTlxz5swhEolw3333tVWhzpkzp0N/xwEDBnDXXXcxcOBA7rrrLmbMmMGcOXO44447PtO1bNu27bB9JV988UVOOeWUz7FitpCS7jDr/Qomtz3T1WzbXE55+WLWhCfS+jhUvL8IJkzlxP8tH8J+z2l44XSmTJkOqX/PTlSvvfYal112Gffffz8Aruty//33s3v3bl577TXOOuus47zCY0MqVoUQQgghhBBCiJNZyVDGbn+/Q9VeeM1iGDua9tFXxcxJzNh+C/fPns3s2bOZPXUCLJrRrjJwEbO2XZs8Nm0ieZ2e2y5UXTy23VzdmTVlJhUUMnHa/dxSDhOmzm4XiC5ixjM9UuPv55btM5h0QJltKlTtPjU55+zZ3H9LOZtn/TZVwZeswt1+y/2p48l5pi8M0xqqMnV2J8dOXK0bVY0ZM6bTUHXAgAGkpaWxfv16Hn30USD5+vWYMWNYsmQJ4fBne38LFiw4onHt+8B+HgaOngDb9+yrTq14n0UTruXa7pvZ1lZIG2bPdpgw+qSOVQ9QOHEaUydsZtb8E/91+ksvvRTbtjv881mH/Sc6qVgVQgghhBBCCCFOaoUMHbud+W1Fq2HWLIaxdxZAu/xr4OTZzG5/2sDRTNivWUBnIVX1wunMWDSBqbNbe61WMH8W3HJ/u96rAyczdcIknll4KdMmdrbGcm65s3V8IROvncCsGe9T0aGitJCJ02bT/vTCoWMpb72JivnM2jyBqdMKDxgfXvhbFk2YyuyB7ea68xYWT5lPxcTJJ2xF44oVKwC48MIL2z4bO3Ys1dXVXHnllfTo0YPly5fz8MMPt41tHb9kyRJWrFjR4dx/1v6v/x/M9u3bDz/on1HQg/LN26gGCoHwnu2U97iUgSUTmNFWyZqsYu1RkDonvJDpU2aRLHbeV1l9gEOM61DR3a6SNNkH+P+zd/fxUZV33se/M5mEJJAAk4RACWRoCBos7hpcAZlIsSjtba3a3RoeuhTaXdsbKbKmZYtKwWprbyouVKVbt33Bckt42HurtvZlsVYKiQIWcCuFlAAlQChPmSAEkpDMzLn/OPOYTJKZJJAJ+bxfr4iZc51zrnOuc65z5pffuc5czT2xzpdNPVVL1k/UrkCG9FQtWR88zsKyufPmxjxOcWZunlR2WudVYM5XsVZzQlLNA1nc59/V0yXHNXLqNm3bJk1dslK5W0p0fORUbTM/0Pp5BW3Xp2Kt5jwnTfXNH7bsDtx///2qqKjQ2bNnZbebf4apra3VxYsXdf/997c7r9vtVrPb3eb0RJtNNlvvCFn2jloCAAAAAIA2ZY0r0gl/ZPX8fpWpSPOzpP0RyoY/wi9NbW/BR9fpuaOSpj4cDE6eP60TOqptJXO0rkXxvLltLWikhoXGajJzlacynT4vDYtQOnzIgjwVyQyuKa9ImRHK1xw/Km17TnNaDSrb7tb1uOPHj0tS2GP1ubm5WrRokSQzo9WfRZqRkRFWJnT+7vLnP/85qnLXPLCaNU5Feeu0q2KeCgr8fyjIkpSrvG1mQL7g/GmdyCvS580IodaWrNPIJeu1rEBmwLBkrYatbxlUb7tc5rtP+7Ky71aWLwP66dyQIOO2Mmnleq33DXfx3Bxpyfr1mucra/5RIUuqWKuSdSO1ZP0ymauYo5K1w2IaliJr2EgpEFiu0NrnTmjuyvVmALhireY8F/oHg206kbtS69dnSTqvdyVtO2Fmh/uDp+3XJ2T+irWa89wavTuu/WEIXnnlFU2aNEllZWU6f/68iouLJUlvvfWW/vznP+tv/uZv9Morr7SbvXr2zJk2p+Xk5ES9r3oagVUAAAAAAHq7rHEqOrFG755fpnFmFKpVhlwwoDrVF2TxPT7frmBm3tqJ6xWMDbWTEajOP54eCKjm+QJc59/V0yVRPnbeS8ZUDVVTU6PMzEihYvPN6qtXr1Z9fb0yMjICwVa/jIyMqDNMu9u1enFWkDnOatnp81JBjY4fHamJWZI0TkV5ZkA+M/Q4r9ilbXlztdLf/AWf19y8EjMwG7p7K3Zpm6ZqSaDcPK1fL0nn9W7ZUeUFzpsCfX5unkrK9uv83b4c6qkP+453s24aOdEX2MxUbp4CYxlX7NqmvLkrFazKXOWV+ILBndoXBZq3flngt/OnT0gaGTI9T0Xjwk/EvKJxgfO/4/pM1cP+EzkzV3lqO2h+6tQpvfHGG7r55puVkZGhW265RbW1tYFhKiTplltuUUZGhkaPHq01a9bogQce0PDhw8OWY7PZlJ6erkuXLrVaR3p6eq/JVpUIrAIAAAAAcAPI0rgiac3+CimQ3Rca4Dyv/WVHNXVJaHA0Cnm5yvQHmZ5bq4nr56kga5hGyjfWZdTPN5/Q6fNSgb98zXEd1Ug9HDZ/hXZtaztgG57FF67Vo9O9RGZmZptZomVlZaqvr9eIESP05JNPKjU1NWy6y+VSQUH3BZJjzX49fvz4NXyBlTnO6tFdNb7xVSdqnqTgcX5ew44f1Ugz2moGG49uU8mc8BzqvNPnFZri3HbWc42OH5VGPtzVo8cc9/XothKFVyUv/PjvaClh9Qx/oVteXl731SeGJUnSzp07NXHiRGVlZcnj8egzn/mMjh49qjO+7NOhQ4cqLy9PHo9H+fn5GjRokHbu3Kl/+Id/aLWsQYMGqe7yZRleb+Azi9WqQYMGxVirnkVgFQAAAACAG0DWuCKp5Dmty5urlW0EcE4Eojvmi6C2KVdElhYAACAASURBVLqH5bPunq+5ZSV6bu1ErZ/XItAqKfTlUZEDt+bLeO6eV2Cue0swi66iRblgwNZ8bPuobygAfxZi4JFr+ce+XKL18x7W1HXPac274wLTAi/YinF8y+spNzdX5eXlEYOUDz30kAoKCnTzzTe3CqpGGkKgq6J9cVVo+Wv6oqLMXOWdOK2KXHN8Vb+sYSN1dNd+nT4xVRPnBT9TXhttHfL3hbaD82bWaVks0c+IzGzWvKLoximNzPwjiEY+7DsNfGML+88137io3VKfGBOejxw5ovHjx8vtGx81NTVV48aN07hx48LK+acPHjxYR44cibgsq9Wqgenp+vjjjwOfDUxPl9Vqja1SPax31RYAAAAAAESWNU5FeeGPAYdM1N3z50rrSjRnzhzNmVOi4w+v1Nw8aduuaN4+bs6ft+05ra3wv7l8m56bM8e3vNCgapbGFeVp23NzNGetf9l5mqotgXWvG7kkQqCnQPOWTDXnmzNHc+ZsUe7KJZqqoyrbf96sw7IlGhnYhjnmmJjzCsx5V4Zu35y4D6pKUmFhoaTIQc2tW7fqP/7jP9qcFjp/V1VUVKi8vDymefwB4Wsma5yKdFy7jiv8UfeCiZp6okxlyg1mnhZM1NSj6/Sm/3A7/66enjNHa1se2r4Xtu0KK/e03j1vHrNHy/b74rAVenPd0TbOpfYVTJyqo+veVHAVT2vOnLWK5iwzy6/RuqN5mvv50L9QmBnf/j9KXM/6+F24cEFWq1VNTU0x/VitVl24cCHiMtPT02XxBVItVqvS09NjrFXPI2MVAAAAAIBeqUDzzAEifbJ097L1urut37Pu1rL1dytMyPTwZZnB07DiLeYvmLde6+dFrlnYvOdPS5JyP78sYvmCeeu1PviL1rcsFFYvc5sjrjbS9sW5rKwsOZ1OlZeXq6ioKOzR/ooKM/TV8kVR/iCo0+lUVlb3hI1XrVrVqfmee+45/fu//3u31KG1LA0buU3rtk3VkrAGz1SujupE2DjCZmD96ZI5muP7JG/uSvkSpEO0Ljd1ie+lUHcv05Ljc4LDCUxdovWdyTotmKeVc59WyZxATTR3ZcuXaIVo9dK1kOxUKZCpva5kjtYpT3OXzFXec2XRP8ofa33acOHCBdlsNjU3N8c0n81m04ULFzR48OBW06y+R/8v1NZq0KBBvS5bVZIshmEYPV0JAAAAAABwg/K9gKqozZdd9W319fX6l3/5F1ksFi1ZsiTweP/x48e1d+9ejR8/PvCZ/4VWhmHo3/7t31oNEdBZr776aqsAbjRGjhypL3/5y91SB8S33//+9zp06JAmTJgQ03y7d+/WTTfdpE9/+tNtljlz5oyGDh3a1Sp2u5KSkg7LkLEKAAAAAADQQ1JTU/XEE0/oBz/4gZYuXaqioiLde++9ys3NDQuyvv322yorK1NKSoqeeOKJbguqSooYHD1+/LgaGhoCv6ekpFzTl1Uhvl25ckUJCQnyeDwxzZeQkKArV660WyYeg6rRImMVAAAAAACgh9XX1+vVV18NG+s0MzNTNTXBNww5nU59+ctf7tagalu2bt2qDRs2BH6fPXu2pk+ffs3Xi/hUWVmplStXSpKSk5PVv39/paWlqX///kpOTpYkNTY26sqVK6qrq9OVK1fU2Ngoycz8HDNmTI/VvbOiyVglsAoAAAAAABAnzp8/r3379un48eOqqalRZmamcnNzVVhY2G1jqkajvr5er7zyivbt26fCwkI98sgj1yWgC8QLAqsAAAAAAAAAEKNoAqu973VbAAAAAAAAANDDCKwCAAAAAAAAQIwIrAIAAAAAAABAjAisAgAAAAAAAECMCKwCAAAAAAAAQIxsPV0BAACAWBlXXLq64yW5q3bLqL/QUWnfv5ZrXa0bgEXWgcOU8sD/kTVrdE9XBgAAAIhrZKwCAIBep3HbKjUf/E2HQVXDMGQGVAmqRseQ9+JfVf/at3q6IgAAAEDcI7AKAAB6HfexnVGVI5zaOUbd2Z6uAgAAABD3bFeuXOnpOgAAAMSmKcr7Fwuh1c7iHhEAAABon818RA4AAAAI4h4RAAAAaB9DAQAAAAAAAABAjAisAgAAAAAAAECMCKwCAAAAAAAAQIwIrAIAAAAAAABAjAisAgAAAAAAAECMCKwCAAAAAAAAQIwIrAIAAAAAAABAjAisAgAAAAAAAECMCKwCAAAAAAAAQIwIrAIAAAAAAABAjGw9XYE2VZZq/qpyOWY+o8VFGe2XdZVpxdKdmvTMYnVUtFvnvQ5cZSu0dGNV6wmOmXpmcZHMKleqdP4qadEazRrjnydHi9bM0pg2l9n29GuvUqXzX9eION3n142rTCuWblSE1jU5F2nN9LNxfXzGxjxOyyNNci7Smlk9dDSWztcqmet3la3Q0pMP9kxdKks1//URIef1da+ASuevUnWbfW5H09tbdKnMLiraPifkWAnr6+KE7/rUmrOL/Wqcb3cvlvjw20oekdZ6Qu2vVbf22W5ZR/K8nUpUW8t7Sqkl90l/mqT6rd2yupglPvy2krMOq/HlR9XcA+tv836mRf/vKluhpTsnXYPj36WyFUt18kHzXqn3694+O5b93qPXyl6trfsgh2beEPd5AAD0TXEaWHWp7PVyOZ1OlW/cqsqiaxgAzCjS4jVF12rp3SNC0KmydL6WrlDbN8COar2+okxfazm9stT3xSbn2tUX0Qk79tr6wjcm/o/PmET68mB+0VgxohMBu24wZtYarbnua41jO3+u0uzFLY5Dl8pWmF8GHdejDpV7VB7vgcUI9XOVrdDS+aWdD672hu3uzVoFUYuV8ugipc1TtwVX0YFW9zPmtW9+afDzjKLFuqEue9daN/XZ7PfrpfV9kKtshZYuLVV2jyU8AACArojPwKrroHZWOfXg4tul8lXaUzlLY1rcaVSWzpc/YcjhdIZOMbMhF03SzlW+bEDHTD2zOFtbA38lDrmpCctY9c07M0cbN/r/ntzVDKRrY8z0mXIsPSmX1MYX8EmalLNTB11FYTdvlXt8AeuIaYNxpEVGmHNReMAxtP19BcwvZZEy41xlWrH0pB70fRaeNRPnWQKhx6d827FIWuXf+EBWqz/ztcXx2sF+jA9jNH2mQ0t3HpSryB9QMr9sB5upRbCpRbZvILPdVaYVP5cm5WzUxnJJzkV6ZsTrLbJwwjO8/Rmrz4x43XdcrNL8anN9rtL5en3EIk3aucpXF/N4yd4a0v+EZQO1yEYJCSKYGT6TNLN6Y2C7AvOGtNPS+Sd7tM/JmTRJ1XsqFdbpug5qp5xyOspVLUXO9I8hK7WydL5eHzFTORs3BvaVMyzj3txBS+dv9H3e4njowQzn9mQUPSjnxtd11iWNyZA6Oh5+rkmBfXD73Q7tebfldrfsr0LP70qVzt+jETOrtXFjleSYqccn7dQLJx/UIq1SsItYo+lnQ5YRtu9a7FeFHs9RXA/bOg8D9Yu87fFjsxpezldqyX1Knf6sL5PUDLbakoOljJOrdHnLZvOXwpc1YGqhLJGmSZJuUWrJTiX4fvO0zFD9xEallfhCXY37WmSPmlmt/nlbLjt53k4l2kOWFRIoTp63U9Yr+2QdUSiL6uTedq8a9oUur06e2tj30LWXoaLFi3Ry/iqV3h5yzPv6bLU4TyKfFy2v45GOvYzgsb5qfkgWZzt9S8vrybhx0v6BYefAtcuujV5UfbZfq2z74Dndcr+3db0K7vvgtTJD7bVJFH1JR/Vq69rp39z2jodecB+UMXaSHDoZ+D30SRpJ4ddcV+QnJhwzn9Hi7K1tT4vbG10AAHq/uAysug7uVJXzQY3RGMkprdpTqVkhN4yVpfO1qnqmnllTpAz/TbEcmhQoUaWNr0/SM2vWKMN3g710vkMzn1mjNRm++bdWqijinVWVNu70z2sue1Xp7XH4hbBjY2/P0c8PulQU8kV3T7lTty9SfAdWAwGaNeZNt6tMK5auUJnvRjm8/f3l/V/KbpdT4cH44PEU8sVhzeLgvL0qS6Bcq/Ys0po1s3z7ZZXmlzt9+8o8Xl8vmx4SrGt7P8Yvczt2TnpGaxb7QqGl87W0NNt3HlaqdOlG5Sxao8VjZP4+f6lKs9doVoakqo3mvGt8Idqy6NaaUbRYzyj88UaXpKqNr2tSaN+xdL4cM33LryzV/FX+rPpgwHbNmOB2rCgL+UJTvlEn/dMrSzV/1c9VNnaxisbM0ppF6uGhAHyyx2rSzq2qNHtgSeY5pEkPasRO35f0jLGa5NionSH9S+Uec+iWaM+jqo07A/vVVbZCS1eV6vY1szSmaLHWZIcOi+Dr43MWac3iMYqU4RafOj4eQveBJH311vDhIILDtiwO9l9hGbHl2nhykdas8Qdrd5p/jFy0RmYXsUJLV81XudNXxlWmFUtfV9n0xSrKaLlf/evzHZMZUvvXw3bOwzFRnAtx41l5a++TbWCxJJlB1fpfq+5lM2BpDiHwNaUUbjYDlVML5Q0ES59SaskipU7fHAye2jNkbJukun2+eT+1UclbZ6rRNznBLjWvnKRGmcHQ5Edfll5+VM2+oKr15CrVbdkcWPaAh6XLWzabQdXUfWpc6QvETt+otE+FBoSlhBH2wLLVcnm+gHCgInFljG53Sq8H/yIRpuV50v513MzUrJ75jNaEBE5XlD2jxYufkcKeDImibwm7npjHdfD+wqWDO6vkfHBx/PfZku+aU62Zz6wJCXiuavset63rVaRrZYf3Vu30JdHUq626ZMj3JFawnwxbdy+5D3Id3CnN/Fp0188xs8x7QP+8vuvEg0UZktqbBgAArhWrYRiKr59D2rqxSs7x+TIMQ/n3zpCj/HXtqAlO31MuOR9wym4YMgy7nF+dIYcUWIYUOj1f452SnA/IaTen5493StVnVBNSPvK8dhVMdISVvf4/ktTysxrt+PlGVTnHKz+k3mo5T/545ew8EKz7oT0qd45XfqB4z7Vz2+uv0Y7Xy+V8bGZg2wy7U1+dIW3ceshsv5kv6+Vv+9vI3E5nYPvN9i7fcyiwvAM7/cfTIW3dKM34aui8M/WYs1yv76jp0f1hGIaMsDaMvK8kh2bcm+/bLwWa6JAcM+717SvzeK06WRPVfoyfdjfPecfEArNdDm3VRs3QV532QJn8mY/J6esHana8rnLHDN2b758/XzNfflkz84P7aGKBPWT5rc+hsPNFodNblFWEvkNOPeCvW/54OVWtM/56OR8L1MPfN2njVh3yLzu03vnj5VSVTta0Xc+eaB8ZdhVMrNaeQ/7Pa3Rgp8x9GthvvmMt0L8c0p7ylvs99KdFn9Niv9oLJsrh24+t9sWhrdpY5dRjM/PD9mv4deF6/0Ruq0Olq1TumKgCe7THg1k28nJ918KQc9ju/KpmOIL9laTAtTIwf8gxZu7Xln2G/5izy/ntl/XyzOD8ZvnoroftnYcdb3s3Hq/dwHOlTpb++TIzWCeFDQvQfOSw2l7Ts6pf2SIjtXaHGvaFzpshS2HIuv4UDLI2/nGfjOR82QqlxIfvUkLjPl0NZKg+q/o/Vcky4kElS2pcO0l1odmtWw/I07I6tQeCcdPptyhBVXL7l7fvUV09WRfV/gh1Pc4bwzBkz/Ffu1qWU4vzpIPruK+/CPTRvuP82/7fzY2Kum8Jv560uL+oOaCdVU6Nz491P3TzORBVn23up5df/nag3w3cH0e8/imG61XH91ZSO/fW0dSrzbqY9zrB+yD/8mYqP27vg6q0cel8zZ8f/Fm6sSrk+Dda3JcE27rV8mp26OcbpRnfC9nGaKbxww8//PDDDz9R/0Qj/jJWK/eq3DFD3/P/2TZjrCY6NmmXPzPKdVbVcmhi6B9fM7I7HDHUkdOL/1pbvlqPtswwdczQ92Z29LftMRqf80ZgOIDKveVyjp8pae81qmh3cKm6Sipf/Wjrwf2dLUqW/Ujf3VTVavKY8U5p9V5VzhyjMa6D2lXl1ANj5Dt2qlT+3Ue1qcWiHTO6dyuup5zsSMd29Pvx+qrSpoj7/3v6ti+jwnW2Wqoq13cfbVVKMyS5qquknAd6LkPIkRNx3S5zh7c+V3t2h3dKxtiJqn7b92ip66B2aaK+miEdbFHGsanaHI7EdVbVjom69xo0iutsteSYGL7Po+jzr7mqTRGOUacee9nMNq3s6vEQ6VqnDGXHvOE5ithFhKjc+KhWB+rp0MRoqtfOeXgjnAvhj937A5LPqvnkXUr+1E6lfUqdePFVnYzzIb/uOy3v1EJZsqSE/mlS/enwl0qdr5Uhe9gSWr6Eq1Vw1V9uYIbUeDhsevNFl5KzYqhuPOrgOh6xv2hzUbH3LWPGO6U3zsqlMcpwVavKOT4unnaJps8OcJXpR9/dFHxxZldPy+66t+pUvcx7nZwHetN9kEMzvvft8IzZyo16dPUbKrv32zFk0lZq43c3STO+F2Ge9qYBAIDuZos2Ant9uFT2RrlUpdZfWKveVqVzhvKN0L/ahhcJ/6zF9FbR5vAIdFvzGqF/le/q5nWCYUhyPqaXZuRHnBheJ7PeoXXOH5+j1W9XyjlD2lvu1PgZhozDbc1/fUVqQz/nYy8p8iYbcpU9r2WbqyQ59dhL31K+DmvTgtUKtFv+eDm1WnsrZ8h+ZpeqnA+EZPY6VPz0tyLeaPbsuWCEZCiEfhxyfKrlsdp6npb/trcfe0b4/j+8aYFWlwezi8y6SXIU6+lvRXok3lDw8I2wDRHO57bP4fB9HT5Pi5KR+o5I09s5V11R1aPn+pogQ4a9QBOq12pHzbc09uAuacI8M9NICval9gJNcGwKnGdhZdpcdBv7rc1+2JDa6YPb60OuubaO0dB6dvp4aOvaFLKOaK5XIRMCfUXIPOb559uWl4qU4SrT88t2R3U9DFalzU48yutW51k6LhKVhP5pMq6YPUsgoNroe+y+8GUNmBrcjuYt94Y9ip9Wcl+EcVa7XzCgWqXmlfeq0feo/7XWndeKtvpXyQzGO4bbFXZ9i3T+d3AdN4d+aasfDT/+27u/i3zNlXl/UfWGDtQ4NXRvuZzjZ/TwvYMUdZ/tKtPzyzarSua9wbfyfX2A1PF+D12X0aItO7y3coXN66tScPkx1Kv9a2fkvRN/90ER+vX8e1TsWKZdB2rkDNmJbV8jXSp7frXKnY/ppZD7J1N70wAAwLVg7ekKhHEd1O4qh4qffkkvvRTy83SxHCrX3sOSMoYqR1U6FfoSBteZ8MH5EZQ/Xs7yvTp8eK85DEBP16dDdg13SNVnXG1Md+ng7io5H3tJL700o43t8T2ut7fMLDveVyrSsXPD6mg/xof8GU+r2FGu1c+XyV/TjKE5UtUptdVMdnPDFG9bFq/16pwMjZ0g7T54WAd3SxPGRkp5ydDYCQ7fedZWmW6oSaTjoRf0+V0+HiL2Vy6d6bYNP6y95b7rbcQ/YrSvve3rXefCU7LaJe/Fzb7/r5N7W4vH7iPZOlN1Kyep8WSdLFl3KTGqdaXJEpoxWjhMVl8Wq+dKnZQ6LHw5WXZf8LhYtqw0ef40SXUrZ0Y1TGrzRZeUbA+8CEvyZbHGpcPaWy7lDI2ifh1cxzu6fnRYtsO+JV/jnVXafbDM/GN13NxUddxnuw7uVpXzMb30UuRAY+dX3bV7q67Vq717nd5xHxQqqnNAkqtsrTZXOfVYhB3W3jQAAHBtxFVg1XVwt6ocE9TqfjCjSA84pfK9hyXl655ih8rf8AdiXCpbu1lVrZYGU77GO8u1enV5MMAY1zJU9IBTVZvXqixwL+xS2fML9Hzwg5AbZd9f5lssJX+8UyrfrM1VDg0PPEnpO3ZWbwpkPUqHtWnBAm06rBtMdPux52WoaF6xHFWbtczfCPn3mMHW0EY5vEkLFpjtllH0gJxVm/XbwOT2t8v88rxbB32TXWVvtH4ssDu2xFevtSH1cJU9rwUhQePeJGPsBGnzam1WhD45pIyjfHO7Zbqs1fHg6/OdD8T1I45dPx5a91f+L8wPdNuGhwZDDmvTsuivpe2dh73nXChWyqP3KaH21yHjpIYGP82XVQUzY59SaslOpU4Pzm/LSpNxfkf7QdgQCaNf9gVPi5UyqVAW35iszVt2yJNcqH4PFwfX9SmHjJOvBwKp1oH+ab56t7eira/L3eiQzb+8wpfVL2QIgfgRzK6LLg7UwXXc11+8EXLsHd60QAsiXeQ72bfkj3eqavPmuPtjdTR9dugfPFxlz4cMAdIV3XBv1el6+e91fhtct6tMzy94XmWu3nIfJOnwb7W5Khiotw93SOV7A9t0+LchffPhTVq2WSp+OkJyQXvTAADANRNHQwEc1tubq+QonhvxcdLRhZOlH7+hsmklcjpLtLD6m1q2wHz0bnJxsRxVu4MD9Ethj0q2enwx0iOWbc0bmNxDQwGE1K29UqH1blnn0YWTpXKpcLRvu8IeL+8JhgxVafOyBQp/eNKh4uUlco4u1vLilVoeMt1RvFwlTrsMQ3LOLdbu5cvka35NXrhcxb9crs17KlU82ncrObpQk1Wu9xwTfC+9MD+2+46d1QuCd+2TF76oGaPbfozs+mjjsd/Q41Mh/29EnifseGl3P/bM0dzy/JIk2Z0qWVitb/54tZ4fvlwlzgw5Sxaq+purFWymyVr44gyNNgwZGq3i5cVauXyBFgQmL9SLTruCTxyGrGN0sRZO/qZ+7NsPjuKFKnb8WNX+8yWkf7AXTJBj82otKDfXF/o4pH+55j8tHq02DBmGv17BY1OOYi0vMV/YEaxapHllHrNVP9ayBbvN8+C6Bw1b1MdeoAkOSRN8LxULHozB/dGqTFuLDt9vrfvkYLnWfZRdzpLl0srlWuBv8MkL9WLx6J57xDGqPjTW46H1cu3OEi3XSi0PbrgWvljsOw+iuF61eoQ2tM8YreKFk/XN1Qt8f2hwqHj5Qk1e/mPtPlgjp7Oj5bdzHhr2dre9x4YCsJuP7ocyTq5SXdgLo25Rmn8MVdXJve3X8ky9Twmji6V9LafLHGc16mEA6uQ+b1dyyU4lS+ZwA4ExWp9V/UoptWSR0koWBermH2KgYeddGjA1OM3zp1Vyj14k2yeekhRpnNfNang5P2R5VXKfrJMtxjFWu3UoAEkqD+3XTY7i5XrRmRFYV+hxFloP/2/tX8ftvutHy2NvtAxDKpjg0ObVC1Q+eaFenJHfft/Ssl/y891fqLAH+yBJsfbZdudcFe9eHrh31uSFWl78Sy3fvEeVxaMDo/lG3u/h62p5rcxvt03a70syYqhX5Gun714n0Ijmup12Q4Y9Hu+D2r7/HR3o+8194t+fkxcu1OTyX0qGoco95metljF5oRaq7WkvksEKAMA1Y7lw4UK8RFYBAL2KS+Ur10lzeyIQjL4u4eef6+kq3PA8X3urp6sQhw5r88J9KvxxMVmBAAAAN7hnnnmmwzJxlLEKAOhVXBXarQn6ir1FRheAGwL3iBEc3qv37izUwz321A8AAADiSVyNsQoA6B0Ob35Mj31vtyZ8ZXLMLz4CgN7HpfdeeEyPvSQtKCZXFQAAACaLy+XiD+4AAKBXSVx7X8eF0CXN837d01UAAAAAesz3v//9DsuQsQoAAAAAAAAAMWKMVQAAALTCPSIAAADQPgKrAAAAaIV7RAAAAKB9BFYBAADQCveIAAAAQPsYYxUAAAAAAAAAYkTGKgAAAFrhHhEAAABoH4FVAAAAtMI9IgAAANA+hgIAAAAAAAAAgBiRsQoAAIBWuEcEAAAA2me59G93cdcMAAB6F09TT9fgxpeQ1NM1AAAAAHrM8pO3d1jGJovlOlQFAAAAvQr3iAAAAEC7bHJf7ek6AAAAIN5wjwgAAAC0i5dXAQAAAAAAAECMCKwCAAAAAAAAQIwIrAIAAAAAAABAjAisAgAAAAAAAECMCKwCAAAAAAAAQIwIrAIAAAAAAABAjAisAgAAAAAAAECMCKwCAAAAAAAAQIwIrAIAAAAAAABAjAisAgAAAAAAAECMCKwCAAAAAAAAQIwIrAIAAAAAAABAjAisAgAAAAAAAECMCKwCAAAAAAAAQIwIrAIAAAAAAABAjAisAgAAAAAAAECMCKwCAAAAAAAAQIwIrAIAAAAAAABAjGyG0dNVAAAAAAAAAIDexUZcFQAAAAAAAABiYzNIWQUAAAAAAACAmJCxCgAAAAAAAAAxYoxVAAAAAAAAAIgRGasAAAAAAAAAECPGWAUAAAAAAACAGJGxCgAAAAAAAAAxYoxVAAAAAAAAAIgRgVUAAAAAAAAAiBFjrAIAAAAAAABAjBhjFQAAAAAAAABiZPMSWQUAAAAAAACAmNi8DAUAAAAAAAAAADHh5VUAAAAAAAAAECPGWAUAAAAAAACAGNm8DLIKAAAAAAAAADHh5VUAAAAAAAAAECOGAgAAAAAAAACAGNm8vL0KAAAAAAAAAGJis6UP6ek6AAAAAAAAAED8uNxxEYthkLIKAAAAAAAAAH4lJSUdlrFeh3oAAAAAAAAAwA2FwCoAAAAAAAAAxIjAKgAAAAAAAADEiMAqAAAAAAAAAMSIwCoAAAAAAAAAxIjAKgAAAAAAAADEiMAqAAAAAAAAAMSIwCoAAAAAAAAAxIjAKgAAAAAAAADEiMAqAAAAAAAAAMSIwCoAAAAAAAAAxIjAKgAAAAAAAADEiMAqAAAAAAAAAMSIwCoAAAAAAAAAxMh2LRZ68eJFXbp0SW63+1osHgAAAAAAAEAfZ7PZlJ6eroEDB/bM+rt7gRcvXtTly5eVlpYmm+2axG0BAAAAAAAA9HFut1uXL1+WpB4JrnZ75PPSpUsaOHAgQVUAAAAAAAAA10xSUpKsVqsuXrx4YwRW3W63EhISZBhGdy8aAAAAAAAAAAISEhJ6bDhSXl4FAAAAAAAAADEisAoAAAAAAAAAMbomA6EyDAAAAAAAAACAGxkZqwAAAAAAAAAQIzJWAQAAAAAAACBGZKwCAAAAAAAAQIwIrAIAv310MQAAIABJREFUAAAAAABAjBgKAAAAAAAAAABiRMYqAAAAAAAAAMQoLjNWD2/6pn78XoQJtjQNz5+ge/7+Ho3PTu3SOtrmUvnK5dqsYi0vcSqjy+V6mq+ewxfqxRn5PV0ZAAAAAAAA4IZwTQKr3SNFjgmFGh5Sw4azFao4/I7WPbtbH/3zdzTv1vSeqx4AAAAAAACAPiuOA6vZmvC5GXK2TAWtP6hNz/5E7639D+U/VdJ6OgAAAAAAAABcY3E5FIDh+69hGGq1qJQCFf/zFO17Ybt+ue2YJv+9wzehXtW7f6FfvLVfVbUNckuypQ3XrZ+brYedOQoMHFBfrfItG/TWR6dU545Uxr/OZtVXvq3Nm99SxTm3bClDdOv9cyOWcx34f1r7n+/peIOUMuRW3T/3YTlzwocqqK/erV/84pfad6RObtmUNrpQX/jiFzUhrFw02+BS+cqntSXnK/qm7S39ZPs5Ke0OzX3yy7o1Vbp08L+1bsN7OlLnlm1IoWb/7/t99TR4qRgAAAAAAADQTeI4Y7UdDqem2bfrV0eq5JJDGZLO/vYFrfhVrYbf8UXNLrQrpe6U3vv9W9q35QU1pCzX/x6fLsml8p+s0Jba0Zryxa+owC7V7ntHv9iyQtXuJ/XUp7OD6zj1S73wk2wVfnG2vmF3q+JXm7V9ywtS+v/R3FsTw8r95GfpKvjCbH0jrUH73vmFtqw4rFPfXK7ifLNc/eHN+v6L76lh+B364lcKZXcf0fa3fq8NKypU9c0nVZxvhkyj2waf3Rv0k+wJKv7G59RcmyJHqnRp70+0/D8rpOFTNHt2gXRku3714jqlXfsWAQAAAAAAAPqU3hlYVZrs2ZIqzqpWUoaq9NF7dUqb/L/1eHG+zHDmWI0tzNa6f/2Z9h05K41Pl1wV2n1cuuMbC/X3Y32LGluglIantOWjw3J9Ojv4Eiq3XZ978l91jy/WOjY/RXX/+jPt++iw5t46NlgVt12fe/KpYLnx+cp+9vv61S93a1qJUxmq0ls/e091uV/UspJP+5Y/VmMnFOqXz67QO5s/0Kef+rSyo92GwHoLNPubxRofSHit0n9vqZByH9aT/pdpjR2rcaNf1dP/frw7dz4AAAAAAADQ58XnUABG8H8iLypFaYOlwHABytW0ZT/UNP88/mK2T2j0cGlffb2aDEOJaWmy26R9v9qkgrTPaVxOuhKVosJ/WqnCwLy+uYdP1m1DQtbvX9bZWtUYhjL85UZP0x2h5TREt00erl+9tlsVFydrcu1efdAg3TbtTtlD66bhmjJttN4p/b0+OjNF07Kj3Ab/lNwC5aaErPfsYe1vkMZNuyNsPSkF0zTN/oF+ZTAUAAAAAAAAANBdemnG6iWdOxXp82bVu87q1LlzOne4Qh/t368j5ySpTpckZSTeqvtnj9PxDe/rP3/0vmRLkd0xTtOmTdNtBdkKGxXVlhhpBa0NsSu9xUcZw3MlfaiztZKam9Ugu3KyWy8v3T5E0hG5LkkKjELQwTa0VY9LLtXKrsmt1pMm+5DoNgUAAAAAAABAdHppYLVWZ89Jys2R3feJa9/P9NKG/ao13/gke3q2cm+7Q+M+3K4PQ+bMKPwnLSu8pOqK/frg9+9p35EPtOXfP9Avch/WE49PbjtwGbMUpadIao5+jmi3ITaJsqV0emYAAAAAAAAAEcTlUACB5aiNoQCq9umDBmlIYZ752PulD1T6n/vVcNscfXdWoeyBpM2zeufD7fpQRvjj9UrT8Jvv1EM336mH1Kyz21/Sc6/9StuP3amHHPKVazlP688NSaq9pHrDUGjssvbUcUlDNDjNkFGfqBTVqvpsk4wh4dmkl2rPSRqubLsh42L02xCxfml22SOux6WzxyXd3H3tAgAAAAAAAPR11p6uQMwaKrTl59vVYLtZn73N9/z8uSodkTTujtCApKRTH+iD2uCvzRWv6XtLluq1qtAFJio9reXD/DH48/awdajhiN5555Q0ulCjUyQ5btMdKdKH77yv2rAZT2n7O0ektJs12h79NrQpu0C3pbVeT8OR7doezfwAAAAAAAAAohbHQwGc0we/2aJTITVsOLdf+4/Uya003bngKyr0x0OHjNbNtvf1wc9/pJSHP6+b0xpU++F2vbnvlJpD5k8cPU4327Zr+0s/0qXPTtEdw9NUd+p9bf/Nftlyv6Qpjk5UM61W7/zgRzr10Gd0W+Ipbf/Ndv25IVdfmnWHb+xVhz77tTu176XX9IMfndJDn7lNdvcRs1xtmu5cME3DY9iGtg3XtK/cqQ9C1pNS977e/NV+1XViswAAAAAAAAC0LS6HAjDnbtDxD97X8ZDPbcmDlXvbffrM56epwB6ynrTbNGdRvf5r/Zt6r/Sn2m5L1uDcO/QP3/q67O9/T6vfP6Lqpjs1ODFPX1ryqAavf007flOqD31jmebd+YiWPFSgwYZhDj/gq4URNhRAy899v4+bqUV5f9BP/6tUHzRKybm36R8fmaXCwcFhDJLzvqQl38rVa6+9qdfWfyC3bErLu1P/+MhnVZidbG5H1NvQVv386/mE/mu9uR4lD9G4B/9Rt/3h/+p3vvIAAAAAAAAAus5idHO07dixY0pP78Kj9QAAAAAAAAAQpUuXLmnUqFHdusySkpIOy/S+MVYBAAAAAAAAoIcRWAUAAAAAAACAGBFYBQAAAAAAAIAYxeXLqwAAAAAAAAAgnpGxCgAAAAAAAAAxIrAKAAAAAAAAADEisAoAAAAAAAAAMSKwCgAAAAAAAAAxIrAKAAAAAAAAADEisAoAAAAAAAAAMSKwCgAAAAAAAAAxIrAKAAAAAAAAADGydfcCk5OTVVdX192LBQAAAAAAAIBWkpOTe2S93R5YbWxs1LChQ7t7sQAAAAAAAADQyukzZ3pkvQwFAAAAAAAAAAAxIrAKAAAAAAAAADEisAoAAAAAAAAAMSKwCgAAAAAAAAAxIrAKAAAAAAAAADEisAoAAAAAAAAAMSKwCgAAAAAAAAAxIrAKAAAAAAAAADEisAoAAAAAAAAAMSKwCgAAAAAAAAAxIrAKAAAAAAAAADEisAoAAAAAAAAAMSKwCgAAAAAAAAAxIrAKAAAAAAAAADEisAoAAAAAAAAAMSKwCgAAAAAAAAAxsvV0BbrPIb369Re0I/SjUbP0g+9MUWYMS6nZ/kM9UXpMo2Z9X0umdDSnf513qeSns3VTxwvXc0+W6lgn6nX9xLhNAAAAAAAAQB90YwRWD23QIy/saP35sVI98fXqmAKEmVO+o1emdGvtAAAAAAAAANxgboDAao22v+YLqt71uF6ZfVPw8x8+qQ3Hdmjlhtt9n0fIxvQFZf0ZqpEyVv2fmUZp9ve/o4jJrP6M1PbKdKh15u1dj/9UX/Zt1qENX9fKHaGf+cr7s2BDsmJnjyjVBt+CWmbgRrVNge1Ri30LAAAAAAAA9G29f4zVmgN6/5jMx/7DAn+ZmvKdx3WXJO3Yo0OdXXxYAFKSjmnDkz/U9pqWJQ/pVV8Q8q7HOxtUrdH2H7YYzkDSjhc2xF7/Y8GgqvnrzwJ1jm6bdmilP6hqVkKvdnYnAgAAAAAAADeYuMtYbV5zd0zlEz/zNTP4N2JohDFLb9Lf3SXt2HFSZ2qkm2IOdh7Sb0qPKTSj0x+UfP9AjaYEhgw4qV/8cIfM+O73A9mlscvUlO/8VMGRCPxZt52pv7/O/mUc00mXpMxotymYFeufftJXiVjbCAAAxJfE+e/2dBUAAACAXi/uAqtxpeaMTkrSqEm6xRfUDB+D1eX795iO+VI7RwztnldS+R/577RAnTN1y6RRClQw6m26S3/nCxBnDh0hKTTDFQAAAAAAAOjb4jawGnUmRc12jZJ07OQZ1egmZfqyPN+f9H0tueWAftFBcLLmzMku11WSNGqURh07ph2vbddnvzMlQvZsNPzZpaM0+/s/1Suz/b+3N4svUHodkeUCAEDvxFMnAAAAQPfp/WOsZt6iO0dJOlaqJzYckpSpKf80Syp9Uo8ExggdofBEUvPReqlGB3a2E7XMHKoRMpf9G//4ooc26JGvf12PbAgdcPQulXznO/riXS3KxiowXqw/m9Slk21U76S5Aao5sDO2XNKotwkAAAAAAABAW+I2YzV6mZry0F3a8MIOaccLeiRChuqoWdNlPtWeoRGjJB07pg1Pfl0bOlz2TfrsrFHaUXpMO174eshLpUZp9vSbpBavlLpp+iyN2lHacdbqsVI98fXSlpXUD/6pnek+GTmjJB3TsdIn9UjkIt26TQAAAAAAAABa6/0Zq5J002y98tPHdVeHBc1s1lGB3+9SyePtz5U55Tv6waxRYZ/d9bj50qcIhfXPs0Z1PmvVP39wRXrl8bskmS+WMov8k2aHFYlmu1uuJoZtAgAAAAAAANCKxTAMozsXeOzYMQ0bOrTT8/vH/uq+cTwP6dWvvyD53nAPAADQV3X/fRYAAADQ806fOaNRo0Z1XDAGJSUlHZa5AYYC6MhN+vJPf9rTlQAAAAAAAABwA+kDgdX2GYah+vp61dfXy2sY6tcvSVZrQk9XKyKv16urV6/KYrGof2qqUlNTZbFYerpa3Yr2iC+0R3yhPeIL7RFfaA8AAAAA11ufDqwahqGLly7JMLwakp0lmy1R5sgIhrp3gISuM79vWWSxSG63WxcufKyPL17UwPR0Wa03xlC5tEd8oT3iC+0RX2iP+EJ7AAAAAOgJfTqw2tDQIMPwKCsrS4ZhyO12q5uHnO12FotFVqtVmZkZqqlxqaGhQf379+/panUL2iO+0B7xhfaIL7RHfKE9AAAAAPSEPh1YvXLlirKGZMowDHk8Xnm98f0lzGTIMMwvY4MGDVTNedcN80WM9ogvtEd8oT3iC+0RX2gPAAAAAD2hTwdWPV6vEhMT1dzslsfjjfvsFj/DMMdhs9ls8vaSOkeD9ogvtEd8oT3iC+0RX2gPAAAAAD2hTw/mlZCQIK/X/ALWW76ESQrU1zAMJSTE54s5OoP2iC+0R3yhPeIL7RFfaA8AAAAAPaFPZ6z638Db276ISep19Y0G7RFfaI/4QnvEF9ojvtAeAAAAAHpCn85YBQAAAAAAAIDO6NMZq1L4Y3hd5fG4deXSRZ0/Xa3Df9yjD9/fpnN/PaUmt0e2pGQNyx2t24s+o78rmqqBdnu31PtG053tcT31xjpH41q0h/9x3VAWiyXw0x1oj47RX3Ud/VV8ob8CAAAAcL31+cCqZMh8M2/nvtQYhiFPc5NOVx3W/5T/Tgf/+KHOna/R1frLktcrq9Uim1Uymht0vOJ/VHXogP607w/6XPFsfTL/ZtlsnWsCs7434hex2Nvj6tWrampqUnJyshITE1tN93q9amhokKRr9sZl2qODpRiGZHikq+dlq31Xia7fynblI1k8V+XpP0bNg6aoOfNz8qY6JGtSlwMWtEcbc9NfdTP6q/hCfwUAAADg+iKwKsn/HawzX8a8Ho/+cuBDbS19RSf+clQXG9xyGxb1T05Ssww1NXpkS7AowSolWK0y5NEfd27TuXNnNefRf9GYsZ+KeZ3dlSUTrzpqD8MwdPXqVTU3N8swDH344Yc6ePCgJk+eLIfD0ap8Q0ODtm7dqsTERN13332Bzy0Wi5KSkpSU1LUvxn29PaJbiFvWSweUVP2Kks7/Whb3pcAkW8NfZavdKZtrm66O+IY8GVNkJKR0elW0R9vor7of/VV8ob8CAAAAcD31+cCqYXTt8cGPa87qd//9f1V1pFJXPVZd9ViUaEuQRVJKUqI8Hosa3B55PF5ZLIYSEySb1aJjFR9py9qfaf6/PqXBGRmdqLehLiblxKWO2sPr9epcTbUOn9il87XVcrvdqvmrRxdqPfrDR79WxcnWwwa7mw2dPuuWxSK9VfaTwOeJiUkakjFSeSP+Tln2T3Tpjcx9tT2iW4hXlvoqJZ5Yp8Qzb0qeKzJaDe/cLFvNLskjNdoGyzNovGShPVqiv4ov9Ffxhf4KAAAAwPXW5wOrQbF/qzG8Xh34Q7kO/s8+WRISdaXJUJNH6p+SoARbggyvoX5JCbJYpCaLVc0ej5rchowEQ8n9EvXHD97Xtrff0he+NCPGR2zNut7YX8Qib1yN64x2H/gvHaz+bzU010hWQwneYbIOzNKJhhMymj+OsCibElJHSzJ04NyhwMcWi1X9a7J1oe7vNeFTDytjcLas1s68z63vtkdU3FeUeOZtJZ75nXS1UYbaCkAYsrr+KFvab+Xpny8lDe7kCmmPiHPQX11D9Ffxhf4KAAAAwPXRxwOrRuDHn+kSi6arjfrjrjI1NHvlcXt1ucmrpASrBqQkanRupg4eOSuv12sWtkhJiQmSYcjrlWQxlGSz6rdv/lJTpk2XPTMzhjVbQsZku5G+jbXfHk1NTTp07H0dd/1GlkSXBqdbZUuULDon6ZyvVKQvwYakwxGnG8Y5ua7+XqfP3aZB6ZmdfCyzb7ZHtCzNdUo4+5502dVOkMKn+aqsNR/KMrxW3sRBnVof7REZ/VV3o7+KL/RXAAAAAK6/Ph5YlfwvujAMb8wZI5c+rtW5v57SVY/U4PbKajE0oF+CRudm6d7J+UpNTlL5nqOSIVkkud2GPIZXHo8hi8WQx0jQiePHVX2iKsbHaw2ZS7wRv4S13R61tbW63HhQyf1OK2uITf0HWGVLsqgrQ9QZhmS4z+jiJfMx3c49Xts32yNaVneDLBePy2iOLrvOcvGU1Hy5C2Mk0h6R0F9dC/RX8YX+CgAAAMD1RWC1C65cuqjmpquSJUEpiRYNzx6s2/92tMYXZCvbnqrP332LcoYN0r4D1ao+87EaGprV5JauyiO3R3J7vLLKqqOVlfrU3xbGlH3UFx8brK+vV//UBuUkW2TPsCk5xSqL1fxK2lmGJMPr0ZXqq1162UlfbI9oGYZkNElGc3RBIKPZInm7vk6Eo7+6vuiveif6KwAAAACx6POBVfORwc69PCK5/wB5E5Jks0qfzHPooS89oDE5aTLqquV1NyrF1k9TJhZo4vgxOu+q0+mzH+uc65Jqai/r4uUGnTx7SRXHauT1emP+knyjvuyivfYwDEMDUlI0MCVDg+w22RK7Z50WJar6TGKXXnjSF9sj6mVY+8noN0L6+HR05RM/ISMhpYuBI9qjJfqr7kd/FV/orwAAAABcb30+sCoFv9TE+sVowMDB6tc/TYn9Luqe+7+gO+76jK7WHFVDo0tWi1WyJKjJkBKSLMrJGaDckcMkr0fNjfWS56oO/uWcFv/b23J8Mi9Qj+j4c55uzG9i7bXHJzIe0ahRz3XDSrxSc72MhovyXK5R06Xdsp58T94BmbKkD5eRNEAWq02yRpO11HfbI6r5bf3lzrxDlrOHpKYr7Re2WOUZdKu8iYO7EKigPSKhv7o26K/iC/0VAAAAgOupzwdWQ78LxfrFKKlfssaMG6/Baf00/o7bZUnoJyUky5o0QIbVJlmsgeHTmg1DzW6PvB5DniZDiRZDHq9Xw0eM0IhRozrxpezG/BLWXnv4M7S8Xq8aGhp08eJF2Ww2DRw4UJcuXVJzc7MsFosyMjJUW1srr9ertLQ09e/fXzU1NXK73Ro6dKiMq5fVdPIPslbvlsXdKGt/u8Zkp8tiuOQ5c0TuIy55ktJlDC2UkXWz1C/dbMv2a979OyMOdOX88PPa+qv5k5+XpfakEqp+J3maIhe0JMibNVbNudPl7TewSxlgtEdr9Ffdj/4qvtBfAQAAALje+nxgVfLKMLyderxVkm4v+rT+6L4om8Uji9Uqa78BSkgeKG9TQligwpAheTyS+6q8zVclr1e1dW59ceaXNWiwvZOP1t6IX8babo/QQMVf//pX7dq1S+np6ZowYYI+/PBDuVwuJSYm6p577tF7772n+vp6FRYW6qabbtIHH3ygCxcuaOYX71PzwV/qUsXvlJF7i6z2fFksFln6DZAloZ8SBuYoyeuW2/UXNR3couYBw2WM+V+SfbRkbft06YvtES1DktF/uCwFxVJTk6yn9kpNl0OiIBYpsZ+89ny5C74kt/1meQ3/nJ1De0RGf9Xd6K/iC/0VAAAAgOuLwKq69uKIHMcndXV8kWrOn1daxjAl9BughNSBwQKBl/0aMhLc5pcna4Lchk2pQ2/Wbc6pMb0EJrzON+YXsfbaw/8F1OFwyOFwBD6fNm1aWLkvfOELYfNMnz5daqqT54/rZT3zJ2V+8lbJ8MribZYsVnldf5ElZbAMq00Wi0XWpAFKyrlVqtqt5j0/k/G3X5GGFLQZrOir7RH1MiwJah4yTsbt35BtwJuyVu+T5fI5yeuRkTpYxpACuW/6nNzD/lZeW0o31Zn2aIn+qvvRX8UX+isAAAAA1xOBVZ/OZozYbIlyFNwq7+VzcjdclhKTlZBilwzJcDdJFovvW5Mhr6dJamqUxWKVkZqtTxbequTU1E5mqtzYX8IitYc/+8vj8ejKlSuqqalRUlKS7Ha7XC6XmpublZCQoCFDhqimpkbNzc1KS0tTUlKSLn5cK/vpXyu16tdKdEyV0Vwnz4WTkjVBlsQUGV6PdPWyGbQwDHk/rpZ14CeUOPRmeQ+9K/efNsuYuFDqn9VWja/9TulBXc6ocjfK+vFxWS78RUb/LHnyp0kWmySL5G2WxXtV1rMfyXbhL/Kk58hrz5d3QHYUjzS3WePO17UXoL+KL/RX8YX+CgAAAMD10ucDq8E3CHf+i1hivxRZbUN1tbleSdZmJSSnSTLkbboSTJ8xvPI2mo8nWhIHSPYxGjAwuwtvde6ezJx40157+AMVXq9X9fX1OnfunFJTU9W/f39duHBB9fX1Sk5O1qBBg1RbW6uGhgZJUmpqqhpP7VHi8f8nW0qaVH9cltRhShg8XBZvo3S1SZJFRvNlySvJYsiSlCI1X5EloZ+sadmynnhPnuF/JyP/f0V8QUxfbI/oFuBVwsdVSvzLO7JVfyDr5bNm8C55oIx+aZLFKkvTZam+VpbGi5LVJm/yIHkHj1LzqClq/uQ9MmzJnax37NWNd/RX8YX+Kr7QXwEAAAC43gishnwJ60qGizchSQ0ej6xut5KSk5SQPEhWa5KZ9SWvvM1NMgzJYkuR0X+4vP2HyhzMsLOBCq9uxCyXjtrDMAx5GhvU7/IF5QwcoISmq7I1NSo7O1vNzc2y2Wyy2WzKzs6W2+1WSkqKbAlWDTT+RynJV2Ud+EnJuCqLt16G1SrD45a8FsmwmE3hNbP1JIsMz1XJYpM1eYDkbZKl8k15HZ+WkgZEqFffbI9QVqu1VZmEs/vV70+bZfU0Slk3yZMzXpYrNbL+dZ+sNZWyyJBhscoYOEKe/HtlpNplabwo64Uq9du/SQmuo2q8dZaM/kMCy7RYLPJ6vR3Um/ZoD/1V96C/ii/0VwAAAACutz4fWO0+Fnmsybp4uUaDLFYlpw2W15ogeZpkuJtkMbyy2hJ11T1AntRhsiQkyxzQELEwDENej0dXT1bp4z+UK3G4Q4mDM3TuYp0aGhqUnJyspKQknTt3Tg0NDcrMzFR6wiUNbDggW0qijOQkWWSV13NRklUW2WTIamZ++X4Mr5k+ZBiSLAmSDFkSbLKc+5MsrkP6/+3df5Cc5WEn+G/3zGg0o58gAeKnECZWCDaOYyzbWSMpzt7GyYnyem/FbSHK7B9JfJWq4w+grkh8cHVQOL4qmd3K3uUKr6+ucBlqD1XW2ULZi/eyjpC9JpYxttfBlGKbMQjjASRAv+Z3d98f3T3T86Nn5h39Gs18PlUUo+met59+n+7nfd7v+zzPW7vyQxd0HyxGldLJHB/rS1d5TXo6N6aUzpSSjF15fUYu+6OcHH0lb4/+JCPV4+ntuDFXfOxfZMM3/+90/vRvMrb193LsY3fkjeHvZbByNN3lK3Np186s7rwm5Y6elDq6UysNpJaxDIy9kbHKYFZ33JCO2qoL/bYvYtqr80F7tThprwAAgLNFsJqzMwKsrpSh0yfy85dfyJU3fTiXXPWedJWS6thQht99I2//5IcZGa2kd/XmlJMzmvtXqzVHKi21US7t62N8am2plFq5I9XB0xkbGkylUs3IyEhGR0eTJJVKJSMjIxkbG8vY2Fg6Ro6kqzyQjs5KktOpVkv1G/DUOpN0pFQrp1arh0bVlJJKNbVKGgPBysnYUEpJypWRVN96KdVNvzG91MuwPlqNZSg/P/Uf88bgc+ntuCJd5bX1kVq1sQxVjmVo7GhGa6dTq1VSLq3IJd0H88Hfui+X3fSp9F+xOj98+7G8M/wPqdVGUyp1pqu0Kj2dG7Oyc2NKqY8sG6kez2DlzVzVuzNb1/zLlGu97Uu9zOtjfrRXZ057tbhorwAAgPNr2QerteYdsM8gqKjV6qdDY7Wko6OU0skjeek/HU7v1Tflkis3Z2TgZN599cfpHj2aVVdvzanRalZ0VtJVLqVcXvgosKW4Jtts9dHT05OTJ09mbGgw6V2Vrt/+p+mqjKUj1axbty4rV65MV1dXyuVy1q1bl5GRkfT09KR7cCDlzmpKHWuS0nA6MpJyulIrdaRWKyflcqq1UlIpp5xSaqWkWqo1RoJ1pDZ2OqWMpVYupTTwRtvPyXKrj1YdpZ50lFZkcOytDI69Nes2K7WhHB36QZ4/+mhuu+Zf57nX7spg5WjLa45kuDaS4ZF3kpGfTPv7znJPyume8/u6nOtjrm1or84O7dXior0CAADOt2UfrLaOEFlIUFFLMlgt5dhIOcdGkquHRrP5qmvSu3Yw/W++klde70tnd0/Wr1+VKy69PCPpzH/pP5k3xkq5dk05163vziU9nekoEFiUFr7U4UWgfX1ccskleeONN3L05Olc+p6bsqk0sc82TNnKxo0bx3/uGutIuTyW8vqbU7rid1P9xX9IafCt1KrDSZJqulJu3My5WisnHaWUa6lPr62WUqqcTKlcTbmzlMoM5Vqu9dFUKpXSUerO+hU35vKVt2a0eirlDnoLAAAgAElEQVSDlbcyVDk265Yr1eGMVE9MCilmVsrKjg3p6bwsXaVVWdd1Q8qlrvr4rhnKtNzrY66/1l6dTdqrxUV7BQAAnF+C1fHRLdXCQcVYkrfGOvKzoY78YqgzW9Z2ZmO1nM5aTzZefVXWvucjOTE8kpRL6e25NF0jb6fz9JvZvOGS/Lu/G8jLr7yeD1+9JjtvXJ8PXLUma7rnVx3NOx8vzWmD7eujXC7nqquuyhtvvDE+uqujY/odr6cZSdaWO5OTL6a2+a7kvfekdOrHKQ28nlRGU0pHase+n9rgO6l1NBKLRlhRq1aS2qlkRVIbK6fWs26GKb/Lsz6aOkqVdI+8ll8d6c5NHTtzumMor68czI8H/nOOj/S13XK1VktqpVSrs++3S7pvzE09O3JVpTe96U5tOBkt/SJDHVfXR+5NLfEyr492tFfngvZqcdFeAQAA55dgNZPvJDxfwynlxyPlvFZdkXer5Qykli0dpXReek1qxyupdPVkqPOSDL7+v6dceSUjq3eke81H0nPpzent2pCO/DQ/efN4Xn/nVP6+/9383q9dlt/71cuzobdrHuXNgoKVi8Vs9bFmzZpUq9UcP348p0+fnvNuy0lyqlrLxtrKdI6+nurL/0f6V9+Rwc4t6ey4ISs6R7N+9KWsrJ2uT7vtKKeaUmop10cYVQaTjuGUukupdnalcumvtAkqlmd9lEqlrKi8ldWv/Kt0vXMgpbET6V1xWdZd9k8zuuGf5Ttv7G273Wq5mlotqYzOvt/ee8mu3HTsxXS9tT/l0aOpda7PyIbfTm3z5zKQdsHR8qyPdrRX5472anHRXgEAAOfTsg9WJ9Zkm//fjCV5fqwj/5DOrFzRkYFaLe+M1vLtt06nfMnafPCyW1IaGMqp1/8qVw3/X1m56nQGBp/L8dMfzNu9n0xt7SfyT264NKePX5bnf340Pzt6Ik+9MJTRSjX/3fuvzLqVs1fLUj7/mqs+yuVy1q9fn1WrVmVoaCiVSmXOE9Ku9KZ64rpk8FhKJ/8+HW8fy7tD16eS3qzvPp113UdSysmkXE6pVkqpo1S/KUx1NNXyYLIyqXWWU+2+LpX1W9uUeWmaz/eja/RoOl//RmqVgfody4eOpWvgL3LddX+dbw39b23/bqwxumx0qDJrGa5Z+aF0vvr5ZOx4qiknOZHOwf+Uzmv+x9RKa9uUeWlabO3Vp9+3KZf0zB6uLuf60F6dX9orAADgfFv2wWoy+YYX8/FyqTPfL3dmY09X3h2u5Y1aJZWuUo5XSnn6F6fz4zer+Ujtjdzwzleyfm0ppUotK7veyOrS/5dTQy/knVN/lQ92fyrXb//t/PHQcH7+5rt58+Tp/OV/fS2Xr16Rf3zjxnR3ludZ7qVnPvXR1dWVrq65R8vVrc9A+bfTcfpwVpRP5/Ku/qzpeCvVdKSrlKxIKaVSOUk5SSlJLR2lSqrl0ZRX1FLqKKXWWc7pK38r1a41bXf8sq2PSjXVk6NJWuvjdLrL6zM2SwgxWqoktcz6nCTpLq1N7cRAapO2P5JUq0lH+7UUl219THEu26t1Kzvz3/7q5dor7dWiob0CAADOJ8Fqyx2E5xNUnCh15GC1I509XRlKKUeqYzlZqqarnJS6SxnJirx7tD+jJ/4qV3T9ONVr/ufUhl9Px7F96a69nhXdb2btym/k2KnvZN3qf5Xf+tVfzxMnB1M5PZJXj76br/3gtVy9dmVu2bQ6pVL7G8TU13lbimdixepjPoaHh/P2yHtTG/vdXDp0IFeuOp5VnSOpj+Ur1f+rVcZ3Z6m+lF7KHUmtXEqtXMvQ2lsyePnO1OpnxtNeYznXR63SkdrgqqQ2NvG7jpUZrQxlZLD91OexxtTa2Z6TJKNjw6kOr0upMjTxy1JXatVyauWZy7Wc66PVuW6v/vIHR3LDpb3aK+3VIqG9AgAAzq+5hxktE/M5J64l+WnKOb6iMz2dHfllpZr+2lhOlqs5Wa7lVEc1XWMnc+lbL+a6E/8xvZWxlPv+35R7bsnYDf8mY+s+kwxtzIrhSi5fNZJVPd2pdnYm3Z1JuZzq6Fi+99M387cvvZlTI7OPilnqzubonZ/85B/yve//KKu3/oucvuoP8vMTGzNUWZF6SJHUa7aWUuO/lGoplWspddTDikrPVTl55b9IpfvK+i2cl6HZ6mO0c0NG1/+jVAe6Ux1YkerAyoxc/U/z96/9ZUaHqu3/G66mVq3N/pyhal56428yuun3WrbfndENOzNaXrNs1yVcLO3Vf+07qr2K9mqx0V4BAADnyzIfsTpx9+BarTbnjUWGSuX8vFRKuasjo6Vajqaak+X66W5nqZaO6ljW/+LnufKtg9m09ljGtj6U0vDrKb/4r9O5/r2pXvnJVFZ/KOn/Uk5Ur8vfn35fnunrT2pJrVpLqVrN6OhIXnr93bx1clNWdc2ce5fL5UxMdVxKJ2rF6mO++n/5y7zwwgs58tpr+d1P/k66Lv3nef3EX2TzmjfSUWoJhOqzalMqNaKLUldGO6/M8Uv/WYZ6fi31QUXTy7Sc66NUKmVoxYZ0fOCz6Vx5bXLi9Yxccl0Gb/zH+d6P/mTW9QgrXdXUqplzzcLvv/pXuWHrA+nNqnS9+4vU1l+bytZdGSqvTq06fQTYcq6PVsPnob0aG61or7RXi4T2CgAAOP+WebDaNL9pnO9UkndKpXSXyhmq1fJOtZrTqaVcTjpqSe+xN7Pu5efz3rEfprdzbfLKcyld/dFU3/M/JO+8kHLf/5OO7pUZHl6RV1b8N3nyyImcGBxJbWw01ZHRVMfGUquU8trRk3nn1HCuv7Rn5tKexWmni9PZfX+lUjkDA6fz+muv5S/+4i9y28d/MwNdv5vV5ReyvvxaamNDqVSTaq0+uqujIyl3rctQz805tWZ7hnq2JqX26yMu5/qo1WoZqSSVdVvTvf19eefUyzl85Ot56YUH8s6pV2YdOja2sh6CjA3PHki9/taP89Tw/5qbrtuV9/7Gf591PddleHg0lcrMAcdyro9Wx6vaq/NDe7W4aK8AAIDzR7CaiXOpuU5uxqq1jIxVM1ypZKRUyqlKLYO1WspJOoeGsuYffpwb+/8uWy4/ls7rdyddHan+/GDKXStTu+J9qW68LrVf/GVeH96Ug7k2h14/kdrAYConT6c2PJxUailVS+moJaVZTg7rszuX7onYfOtjvtavX5/R0dGMjIxkdGw033vhh/nAB25Jd/eN2biiP+XR4xkeK2WkUs7IyHAqQ6fTs3JLVl7yoZS7Vk8u1AzURzI2NpbyaNL3+n/Jd196IoPD78653cpofXtjo3ON9Kum/+jhnDx1ND0rLk3P1VdmbGys7bPVR12lWs1ITXt1rmmvFhftFQAAcD4t+2C1VpsYMTLXifGGUiVbx0byg9PlHF3RmYGxakaqtfrKd2+/m0v7fpRfr/4sG069kfLf/01y4z9KbfNvpzr8dmpHf5ryyNs5ObQiPxp8f/7mRCXH3z2RysnB1AaHkrFayuXObFzVk+3vvTxXrl05y6ibUsudj8/2HrmwitTHfF1z7bXZsHFjft7Xl95Vq/Lqq69m3bp16en9tQxWfyXvHn83x48fr4cZw90ZHurK2rWVvKf2TjZduTIdHR1zlFl9JEmtWsrKrkvSWepJrTp3UFG/YcuMs5Vn1Flele7O9alVZw9N1Efd+tTOeXt1ae9K7ZX2atHQXgEAAOfbsg9WmyNF5nNSvLKUfLBcydrRwbww2pGB0VrK1WqOl0qpjoylVqllrNydWrWU8isvpNb/05SufG+q7/locunNGXv5r9N3dEW+NbwxPz09mrGBarqqpazv7c36dZ25eu3KfHjzJfnoDRtz6eoV7Utca5b57OyBxWX+9TFf69evz0c/+rH0//KXOXXqVEZHRnLs2LEcO3o0P3n77fz8lVfyzttvZ3R0NNVqNStWdOWKy6/IqlWrsvGyy+YRVKiPJKlUKrni0vdl04Zfy6mht1Ktth+lVVRHeUWu2nhLNqx9b9sptU3qo677PLRXH7x2fT5+42XaK+3VIqG9AgAAzi/BapIiJ2OrS8n7Usk1tUpu60h+Xq3ltUpyYmVP3t30K/kPf38kR8d68/HVv8h1Y/0p9T2f2i9/ktplV+dEuTvfP/6+nFx9eT567WXp7ejIuhUdubxnRa5a150NvV3ZsHpFVnZ11O9L0nZqbWmJ3+ji7IYV5XI573//LRkbHcvfHvhGTp08lcsuuyzvvvtuXnjhexkeHk6lUk2lMpZqtZrTp+tDksod5XR0dMxZDvVRNzY2llUrrsytW/9lBobeyS/e+n5qs+6T+e2vcqkj117+ofzGe/ekd8XlGR2dPQBRHxPOdXt16aoV6VmhvUq0V4uH9goAADh/BKuZmDY43xPjcpJLS8mlHcl15WSkVsvYiu6c/uhv5OX1vfneD7+fv/tFX2679M3sXH0kl4/+MrU3fpaXO9+X46tvzKc+8J5ccskl6SgnnaVSOsuldHWUUqovtpbU5ji9a9z5eGkqXh/z0d3dnQ/demuuufaavPnmW9ly/fU5cfJE+vv787Of/SyVylhqtVpKpVIuv/yKfODXfz3vufFXUi6X5iyH+pgwOjqWDWtuzj/Z9r/kBz/5d3ntrRfS2bEya1ddmdU9l2flijWp1ap55+SRvHvy1VQqY+nuWp0br/lE1q++JqVSKYMjJ3Jq4I2cON2fsepwrt/0kdxyw+70rrg6IyOjc5dYfUyivTqXtFeLi/YKAAA4vwSr4xZ2YtNVSrpKpaScrF23Jld8+EN5301b86MXX8pf/93z+as3rsjvXXks168ayLMntuSyG67P9Zs2pFwun+XyLzVn/0Szq6srV199Ta666uqUSqWsW78+/3z3HXnzzTdz7NhbqVSqWb16da688sqsWbO2MaW2dNbLcXGaX33UarWMjdbS03Fttt/yPyXl4ZTLnekodWdkZCy1Wn2PruxZkVff+G56utflU7f9q1y/6TczPDSSpD6Ca0V3R8aqw6lWR1OrrMzYaG0eN41ZTrRXi4v2anHRXgEAAOfHsg9WW292Ua2e+YlQqVTK2jVr8o8+ui233HxTvvf9H+brP3wxK4Zq2for78nNv/reJDmj1yqVymmOzFlqznZ9tH+d+r5buXJlrrvuulx33XUzPmc++1h9TFetVjM2lpRKHanvm8FJjw8NjeayNR/M2HAlV6z9cI6/e3rS44ODaYyI7EytNveor1bqY/60V2dGe7W4aK8AAIDzbdkHq8nEydjZtmbNmuzc/vF86IMfSK1Wy6pVq+a8sch8nO1pp4vNuaqPc0V9zPa37f9ueHh4wX8719+pj+K0VwujvVpctFcAAMD5tKyD1foadcnEUoHn5uRm9erVk17zzNXXNxxf43CJOF/1cfapj8VFfZwJ7dX8+H4sLuoDAAC4EJb1wnmVSjWdneV0dJRTLl88JzWlUinlcimdneVzOv30fFMfi4v6WFzUx+KiPhYX9QEAAFwIy3rEake5frOP7u6ujI7Wb1RRrVazWAe6lEpJuVxOV1dnuru7kpTS0bF0qlB9LC7qY3FRH4uL+lhc1AcAAHAhLOte/OrVq3PixOmsXdubWq2Wzs7RjI1VFu0UwlKplI6OclauXJHe3u6cPDmYld0rL3Sxzhr1sbioj8VFfSwu6mNxUR8AAMCFsKyD1ZUrV2Z4ZCQnTgxmzZqV6enpbjkRW2wnY/U12Do76zeTOXlyKElHenp6LmyxziL1sbioj8VFfSwu6mNxUR8AAMCFsKyD1VKplDWrV2dkZCTvvHM61Wpl0a/NVq1W01HuSE9Pb3p6elIuL51lctXH4qI+Fhf1sbioj8VFfQAAABfCsg5Wk6Sjoz5KxEiRxUF9LC7qY3FRH4uL+lhc1AcAAHC+GR4BAAAAAFCQYBUAAAAAoKAlEKz2Z98dvenp7U3PHfvSf9a2eyh7z/o2z8e2F7/v7O1NT+8d2bdY33z/vtzR25uevYfaPHxHenp70+bhxe3Q3vp3Zcb/9uY7F+qzOcc+X7oa+/ucvPeF1+VF/Rk/V1q/O5N2TEsd9u7Ndwpu1r5uOYZPOS40901Pb2/uKHTAaN3m9P/u2Nd/wfb7oj/+AQAAhVz8wWr/N7Nvf+Pn/fvyTScrLDL9++5YPKHJtvszODCQwYGBHHg4SXblKy8PNH53fz5yoct3ThzK3sV6EePQwTzY/Pmhg4VDOS6QQ69MfJ5a65AztD+vvNr8uT/fHD+4F7Upu59utGsvP5Hbk+ThA+Nt39O7N52V0i42i+pYAwAAy8RFH6z2f3NfnknyyMMPJ9mffWctWd2W+wcGMvj07izNUzAWatPupzM4MJD7t8393P59d2TL3QsNBy6Epfa5P5S9vTsXbfD1nYMPJdmVRx7eleShfFMocnFouYjX/8qhJLty+64LWqIl48GDzS/Bq3llf3L7rnOzY4u04xeDi+9YAwAAS8NFHqw2R7Q8nNvu355Hkjyz75tTRqa1TtOcPlWzPi1v4r+J0R5Tp9FOnlq4d+/eSdMTx6cV7mtMaT7T6dT9LduZNl2xzXtq/E3rlMlp0x0nTQVfrNMRp0zjbDvt9sK892nbnVJX4/V+aO/4ie6DOy+Wae6TP/czfq579+Y7rfty0ud8AXU36eX3Tn6dlocmfVenfrdmrNv+7LujEaruvztbxn8/j3KcF4fyzYeS7Nqdu+7andvTGiq1lPOOvdk741TpuR5v3dTk9io50ynJs9Xz1GnYrfUxpe6mLgExa7u3ONz+8MO5ffwiXuMYtGtbxvM5+3qBHs4jD2di5HZjJPC2bc09+1bjvbZ8X89gCZFJ7fh4ne1raRvuyL5D+9q2R7MdT1qXMGi3jMG+e9o8Pmu9tPksXJTHGgAAWBou7mC1uQzAw9vzkWzLbQ9n2nIA39m7Mw/m4RwYnxL4UHa2nIzsfCh55MBABgdezld2JQ/unDlk6d93Tz6zf+K5mw89NGORHnxlc54eGEjfE7uS/Xfnqws5v+nflztuuDvPNKYu9j2xKw/unBIW7XoifVPf06bbsntX8szdX228h+ZJ/xO5a1v9/fbsfCi3P/FyYyr4/nzmhgsVKrXTn3133JDP7G+ps4d2Nk48F+N778++e+7OM80yHXg42X937tnXn2y7v/45SONzcxEPjZr0uc5D2bl3c/paPuf3jNdPu7qb47vYtH9b7pvh8e/s7c3Oh5rLFhzII/vvzpaW7/HMdbspu58+kEeSZNcT6Rt4Ors3zbMc50MjOLp9923Z1Pj8zrgcwP5D2fxnzTZqhs/tXI8nyba78pVdrReeJkLd2woPTZ6rnlseGziQR7I/n7lnX/qzKbftntwu1mcc7MpX7to2R7u3iGzenG1Jnnnl1YyPqty9PZubj9vXC7Z5864kh/Jqf3Mk8MO5bXvz0cuy+/6H0zqye3zGyvaz07Y+sy+5q9mOZ38+s/OVent0oP66O+dsc5L078s9d+9veSx55u57puzb/cnuGR6f89jf5rOwhI41AABwsbmog9WpJ1Uf2d5uOYCHsrO3N3tf3Z2nB6afdNRHeLzaWJNtpnUmW0bGbkuSTY0TvOmaZdm0uf7/Q68UP1Od+r423ba7ZYRUY+24pzfnq7296bnh7jwz/peNk+nmiWcjeL59923ZlIlpx7sbZ/f1/bXIph9PCsszEZju+2b6F/N7b46IvO7+JbmG3+2br0sy8blu7tfmv5PMUXdNs38XJ/62Hl7V17KcGkw1LqI0QsiF1e0c5TgPJpd7yue31fj7bvOcuR5Py2PNC0+toW7Rgs9Rzx+5fyCDA3fl1Tt60zNlGYZ6W9Ycmdu8+FEv/+zt3mJy28TnrzmqsvH9qLOvF+q68XIcapR380RgnSTb6jNTJr2n8ePyWbBtc72OrtvcWJe1sd+b/26YT5vzzN03pOeOfdl8/0AGGxd1Jkz8bT1Mrq8tO2u9zKt9BQAAzreLOFid4aSqcfLTeqLxkbueGD8henDnlGl3jZFFSZKHds4yfb8+KmnaSd451ixvM0Csj5BqTgXcmUNPvDxxY46GTbvvHz/xbI5Q2j1pmNT+fOaGxnZ31kfdLiT8Peea9dF7Qz6zP8n+V/LKonzvrSH7xPaX2kzMbZsLREIz1t0c38X52H93tjSmwNarrz6yrfHgvOv2jMtxVkwfxdgMqScvBzDZXBdsZnu8NaSZGgwtSJt6rk97vyGf2XagMYqytRC7c18zlJxy8aNp5nZvcWmOrPzi3ocyU7BnXy9Q44LKM/v2zljeSRdVpgaNZ8HtkwLyubRpc5r7PWlps4rNjpi1Xtp8FgAAgAvj4g1WmydVjZFnrSchk5YD2NQYkTY+jbl1Wt4Mdw4en9bc6rrUB5Wc3xOY+rIDLf/dv61l1MqBNqMimyeee3NPywilCa13gV/Ed0huuYPz+B3rF+t733b/+PYONE6o2y0psSzMVHfJHN/FeWgutzD+X+sosAJ1e6blOBuad5JvCYub4cyMywE01KdHtw+6Z318fITbPfnigqemt5ixnpuB8RPpazMKuDm674v3zHTxo027t8g0g9Nn2l1ws68XqLmkz/48k5k/x5Pf09lbBqC49m1OfSRxc3mGJAWXG5m1Xtq1rwAAwAVx0QarzSlzzXXMBicFJRM3Fmm92cWm3U83gq9tuW7TlJtXbNqdpxup2PSTualTbPuzb+/Ma6yeDZOncM5ws6SkMUU6+c5XW6fD1zWXRHhmf/LI/RN3d5+6VMKZ3VDlHJm61uRMNydZVO998s2ePnJ/fa3eZtgyaar8Ujdr3c3+XZzd1PWTp+zzWeu2cVFk3JmU4+ypj2KcHqDUyzJlKv/4Opltpj7P9fi45hT1emi1oKnpyfy+o42LUP379k6anp5kfDr3M/v3Jw/fPx6Oz6vdWyyaS1Wk3X60rxdq8/gXts3nuPU9nc1lAAqYtc2ZdPOybbm/cdF2PqNhZ62XOT4Ly+pYAwAAi0jnhS7AwjQDhOkjcMZHEu37Zvp3787up19O7rghO3ubQeiufOXlxgiP3U+nL3dky87e8RPS2594OTMN2tm0+8/ylX3785mdvXkwu/KVJx5O9p9huLr/7mzpvXvSr25/4uU8vXt36sXemZ6HppZrd/7siX155u7G3+56OI/seigPHnol/dlWP3lvrkM39aRz2/0ZPJD07LwhPY2XfeTA1LXfzpf6NMrPtP5q1xPpe3qGOhsfkbXt/L73hyb2f9MjBwZy16TfbMv9AweS3p0tdflwDgzsnlyenb31m249vXthActFYdMsdZfZv4tz+Mj9AzmQ3uwc/8w8nAPNfTlr3TYCrsZn5pEDA7n/DMpxdjRGGs4QCjVH4z148NBEO7TriWw+2JuenW3KOtfjLcbbx3lOTX+wpW2sezgHBu6ftZ7vP/BwHtz5UOOxh/PIw/vz4EP18K/+is2R5VNGG26ard1bbJrvobkf2y+9YF8XM77f2k7xn3hPZ3MZgEJma3M2TX8sDx/I4HwOtLPWy+zt6/I61gAAwOJRqtVqtbO5wb6+vly5aeHd+dE//0SSpOuPvnG2inRuNO4K/MiBgUVxMgosNYeyt3fnLCHJXI/PoHnXccHLuWdfnzPf2VtfZ9nxd2Eumn4WAAAU8Mv+/mzZsuWsbvO+++6b8zkX7VIA51t9qt/ETW7qaxnuSqF7XQBcQONLqCx0ajrzZl+fK+1HfAMAAJxvgtV5+sj99ZtQPHP3Denp7c2Wu/dfwGn0AEXU15bdcvf+ZNcT+TMN1zlkX58zh/amp3dnHkzyyAE3bQIAAC48SwEAACwT+lkAACxFlgIAAAAAALhICFYBAAAAAAoSrAIAAAAAFCRYBQAAAAAoSLAKAAAAAFCQYBUAAAAAoCDBKgAAAABAQYJVAAAAAICCBKsAAAAAAAUJVgEAAAAAChKsAgAAAAAUJFgFAAAAACio80IXoJ3RP//EhS4CAAAAAMCMjFgFAAAAACho0Y1Y7fqjb1zoIgAAAAAAzMqIVQAAAACAggSrAAAAAAAFCVYBAAAAAAoSrAIAAAAAFCRYBQAAAAAoSLAKAAAAAFCQYBUAAAAAoCDBKgAAAABAQYJVAAAAAICCBKsAAAAAAAUJVgEAAAAAChKsAgAAAAAUJFgFAAAAAChIsAoAAAAAUJBgFQAAAACgIMEqAAAAAEBBglUAAAAAgIIEqwAAAAAABQlWAQAAAAAKEqwCAAAAABQkWAUAAAAAKEiwCgAAAABQkGAVAAAAAKAgwSoAAAAAQEGCVQAAAACAggSrAAAAAAAFdV7oApy5w/nqZx/LwTaPbrnz0fzxjo3n5pWf/Gy+eDDZfu/juWvrOXmJM9B+v0wtb/H3cThf/ezz+fDje9L+6c3X3577Ht+TrUefzZ9+7qn0bbkzn39gRxZeI0fz7Be+nPz+A9mxMTn67BfyJ0/1ndN6Pmev0dwnzX8X3Dfn470nM30+JtcBZ2LK9+RCF2feGuU+4+8zcPFq388418el5vGveVw69/2xi6ytntq/aHURtttHn/1C/m1+/5x+pgAAFsqI1WXo4GOfzZ8+e3T831v3PJ4vPV4kVG0fZE/YmrsefzxfOqsnIEfz7Bc+lydbzhQ27nggX3r88Yuws304X5160tP3VP7kC8/maLs/uUAmfz6m1wEAtOp76nOT+hnnWrF+zDLX91T+5MnDF7oU89YM0QEAFqslMGK1abZRBM0waEv23HltnnyqHgvWR1SkJShq2UbLCMs91z6VJxtJ4pyjMA4/mT98bCJ2nHj+TKMdpv9ucgdyS/Y8OnlUYHNUxtzvuc1zGuXre+rLefbm+ranjfSY8h4mRje0hqoH88XPHsz2ex/PJ/sbIye3b08OHkxftmTPo5/Okc/NPLrjxSc/O+P+nD7ipHVU3M15cbye+vLk5z6bb9/5aP4gX54+anPqSI3t9+ZLe5olmNjnezjohBcAABPfSURBVO48kieb+3rSc9p5MV/97FON99+sm5bP1nhdzfS7KQ4/X9/O+Os2ytX3XF48uiM7Ns7weWnUy/TP4Ezlalb3bPt0RzbO43M+sY1Hc+3XptfBxRdqX3zm3y60fPcmjUqackGk9fM+z7aute3Zfu+95+idAhefNv2M144lmXwcmf78eR6TW4/rW+7MfR+bXILJx7oFbHP7vfn8NV+bNAp2Qab0Pya3o9MvTI4/PtPxvdkXm9pPGN+N8+i3TBud2tjGwedzeM/Wyf3dGcs85fiz/c7sOfJUnuybqMM5+xkL2C/NbbW+dt9Tn8sfPtfYZtt+KgDA+bfMRqz2jYeqSdL31Jfzp5M6cwfzxalX8fsmgob6Pz+Xr7a70D+1o9d4/h8+eTjJ1nx4e/01vtv8+/Fw7dYZQtVGeT/3ZMafPunEpFHeoiMct+7Jfdvr2z5ybIbHjz6bP53yHuY7uqHv4MHGSc/HcnO73m2R/bkQM01/O/hY/nDafjo4cbLVeM5c5eh76qmWkbrNutmYmz+2JUlfvv1i4xWOvphv92X2/bDhmmyZ9LrNEb7Fp9fPXK6CptXLl3MeBxsxi7nahaPPfqGlXejLk1/+Wo5M2sIMo8wPPjZ9NNksn4HJr5EcfGw+o9YB5tt3me2YPGWGR99T+eK8RjAW2ObBx/Jvn5vPu5nFDP2P1j7O4Senz/YYb2e33prtSfqee3F8vxx+vr7Ttt86Q6jaKPMZjwqeo8w5/OTk48/Bp4rPWFnAfjn42Bfa90HOoJ8KAHAuLLoRq6N//olCz+/6o/+z8VN9BOVk00d2Na+S1zv6fenLnfn84y1Xv4/052i2tlz1nthGM+A4+Pzh3LV16iiBo3n2a41O8NSr9ge/lmd/54HsuLU+ovNI/9Fk68YpneajefG5vmSGEYr//tnfyR/vOJbvHsykq/L18jyVvz68o9Doig3X1IPAZjlm1GYkxF2P35tMHWXbP75zJ42Qm9l89+dUG7PjgUeTKSNBjz47+VmHv17vvE+MhmiOhJi+n6auzTbr/pj0/prbPJjvHt6Tu27+WLakb3x0ztEXn6uX4WM3tx89sfHm/OaWpK+vvjRD45OwsLXb2pRrzl06eSNTRuA2gvdJb2DmOij6nWXCRPvVztztwl83TnonjfBpPUltXMCZ9p146us5vKP189buM3B42mtMvYjkMwDLz+z9r4lAcL59l3bH5KPPfq1+jJx2rJu7jPPfZr2/diYTzpvH/ml9wK89m08+sKO+XMGeiec3+6H1drZ+8f3gwYlZK9+tX3nPh7emQDs+Rd9T+ZPPPjXt11vu/J16/22OMh97vnWG18bZ125d4H5plGjmGT47HsjnM2U9+WbHr00/1fFoeer6o29c6CIAsIwtumD13NqS32wMIWyGi+PhV2ME4bTO4vZPj3f0Nu74dLY/9VgONsLXScZHKd6ZT44/tDWfvHNLDj7V6DhvvTXbczAHn3sxR3fcnP4jyXinOcdypC+Z6QSl77VjydH++ii0GTrJcwaCRTQDv4OP5Q/nu/xBw6xBYlPr/mwGkjPtzwWZOBH5Z+Pl3Zgdn96eJx9rBtrjBWns92RrI/Ceu+jN0LgxSrWvGU4391l9al1e60vrZ21mG7PjgcezadJInoP54mePtF8+oHC5CmxkfHTtxDZYDObZLrS0O+PtVON5R+sNTX30/KSm40gmfSXafQZmeI3xtuzsvVFgCRkP0ebsu4z/Rdtj8rHXGhd2ZjjWzVGKAtuc6K8tVHObExdLG/peS+t1ynZrhjbL+O0Xj2bHpmaQ2ghA52rH5324nxxgzl7mo41+akt/puWi8HzNtV+a7/vJz302TyaZ8yLzGfRTAQDOhUUbrM7/ymNzZOQ5ulPrtBGsbWzclGszQzA7ScuIhMOpB7GNZQDmLkN7reuYzUezk3vtppn+ph747WiZdjZpXat5v0ob892fycQJ2bxtyLUzpuNnR/uwsnmSdzDfPXxr6mdDsywD0GJiBEtzf9eXFNixY/pzmydW8y/XDArv07kZJTB9hEzx9msB5mgX5ta44LPhjDaSxGcALmZn3n4trP9V77ssB/XwM1+fWIv0S4/PsERCy8X3Z689mLkv0Cbj7Xi7p01dT328jzHXdhtlXoh59zMaofDWPfnS43taAueJNfxnno01Rz/V8WhZMUIZgMVg0Qari8b4zYQyMXXs2k3ZmGTyKUEz1Gud3tacQrsl1zbCi/Er8481RkvcunXK37c7QTlcD27PdIH+o8/m37dOL2urvubnXeNT7ib2wxlp3Z+N6WFT9+f4VL3m4/O2MZuuTdLXnCbdmC7XWKKhHiQv/ESu77kXc3RHfRpifXr2RDjdHH178LHHksw9erd5AjExyqLdaJnmaJSJ1yxSrvGtLHifcmHNs11oaXfG26mGjfUvRfsRPXOdPDcvGs3yGgAzarYfbfsuc19cas4wak4d35iJ5UkW6lxuc+ZA8HC+Oqnv1RwN2qp58b2xjmnLBdo52/G5bNyRP773tWk3L529zMnheuM/EcYe/nrbJRja9TPmeo2JIj6QL+3I+FIzcy8TdY76qQAABS2hYHXmNb7qazCdyZCsvpbpSY1N3jpTR29iyvm06U4t098nT6FtDTcnRj1OfR/1zuhEh3vydLpZ7jyfpN1+aU4vm2aGG3DV/2DqCMz6drfc+Wj+oN1Lz6j9/mx2vqdPdWuzje335vPXTH5k6+/cmS0Hn5q+jUlLNCzQtKmMLfU3aXrc3KNMxpdBmPZeJ/62HqhN319FyjX/fVrURB3MeVdi5mGm72k9TJ2rXWgG8uPtzpYtk5c1abY5M3wn5neRZobXAJiXhfZdJowvb9JmvdCFmGmbW7bMZ457+7Z66/gF1ql9wHtb1lZt01dtGO/DZMoF2jNux9O4eenBfPFgX5788rO5+YEdLReFZyrz1vHBALP1IebqZ8z+Ghvarpc7ta9d3/723Hdv8sV59VMBAM6P8oUuwKK35c7s2d76z0fbX3Hfuidfunf7pF9tufPRKcFT/SQjybRlADbueCCfv3PLtL9vvt7WPY/nvsmbz/Z7i99Ffvu9j7cf8TDDe0i2574HJq9DtmCz7M+NO34/e1o2vf3eezO5JPXwelYbd+SPH70zk0q4/d586SwsY7DlzjtbyrMlex5tHUHYCMaT+XXuZyrnpBPNjdnx+62Pb8990+pl7nLNvU+LmkcdcFbN1S5s3PFAS7uwPfc98OlcO+nZW3PX41PrvfU7Pb8y3Dfpe3vnGX6OgOXizPsuW3PXo5OPh3vOpB8ywza33Plo/uBjZ7jJmY7rW+7M5/dsrb/evdsn/77x3IPPt4zabVyknX6B9szb8STZuqexjb6n8m+fPTpHmZNs3TPp+LPlznsn9Snqb3uOfsasr1G/KebUbU4+xn168vbm7KcCAJxfpVqtVjubG+zr68uVmzYt+O+ba+Vc8DX7mutRnenU+xk019Waa1oUF5fp0/tZLha+RuGZmrg79rS7Np+DtgtYei5c+3UBjc/OmVhmRd9sPprHnHN0XwMoaNGcNwKwKPyyv78+C+ksuu++++Z8zhJaCuBiMXHn+tnXOOXi0lzfdD43m4Czpbmu8PS7Rc+1zi/AsrXhmsaSKVOn5uubAQBQzKINVsvlC7xKweobsv1Tn8ot62/I6nL5rKyZMPDKt/Kff/RuLvnUp3LPx3blJgsxLA3HfpRnnnslueVTuXvPJ3Lb5SqW82frnkez58iUNeq232vUNLAgF7z/dT5c/lv53Bc21o/d49bn/Z/4eK5fBm9/4VZny/ZP5VO3bM5lZ6lvDABwsVu0weoF17s5t+3afJY3+fHcfnY3yWKw4f25fdf7L3QpWLY2ZscDj2fHhS4GwMXEsXsBenP9x3fl+gtdDACARcTFZgAAAACAggSrAAAAAAAFCVYBAAAAAAoSrAIAAAAAFCRYBQAAAAAoSLAKAAAAAFCQYBUAAAAAoCDBKgAAAABAQYJVAAAAAICCBKsAAAAAAAUJVgEAAAAAChKsAgAAAAAUJFgFAAAAAChIsAoAAAAAUJBgFQAAAACgIMEqAAAAAEBBglUAAAAAgIIEqwAAAAAABQlWAQAAAAAKEqwCAAAAABQkWAUAAAAAKEiwCgAAAABQkGAVAAAAAKAgwSoAAAAAQEGCVQAAAACAggSrAAAAAAAFCVYBAAAAAAoSrAIAAAAAFCRYBQAAAAAoSLAKAAAAAFCQYBUAAAAAoCDBKgAAAABAQYJVAAAAAICCBKsAAAAAAAUJVgEAAAAAChKsAgAAAAAUJFgFAAAAAChIsAoAAAAAUJBgFQAAAACgIMEqAAAAAEBBglUAAAAAgIIEqwAAAAAABQlWAQAAAAAKEqwCAAAAABQkWAUAAAAAKEiwCgAAAABQkGAVAAAAAKAgwSoAAAAAQEGCVQAAAACAggSrAAAAAAAFCVYBAAAAAAoSrAIAAAAAFCRYBQAAAAAoSLAKAAAAAFCQYBUAAAAAoCDBKgAAAABAQYJVAAAAAICCBKsAAAAAAAUJVgEAAAAAChKsAgAAAAAUJFgFAAAAAChIsAoAAAAAUJBgFQAAAACgIMEqAAAAAEBBglUAAAAAgIIEqwAAAAAABQlWAQAAAAAKEqwCAAAAABQkWAUAAAAAKEiwCgAAAABQkGAVAAAAAKAgwSoAAAAAQEGCVQAAAACAggSrAAAAAAAFCVYBAAAAAAoSrAIAAAAAFCRYBQAAAAAoSLAKAAAAAFCQYBUAAAAAoCDBKgAAAABAQYJVAAAAAICCBKsAAAAAAAUJVgEAAAAAChKsAgAAAAAUJFgFAAAAAChIsAoAAAAAUJBgFQAAAACgIMEqAAAAAEBBglUAAAAAgIIEqwAAAAAABQlWAQAAAAAKEqwCAAAAABQkWAUAAAAAKEiwCgAAAABQkGAVAAAAAKAgwSoAAAAAQEGCVQAAAACAggSrAAAAAAAFCVYBAAAAAAoSrAIAAAAAFCRYBQAAAAAoSLAKAAAAAFCQYBUAAAAAoCDBKgAAAABAQYJVAAAAAICCBKsAAAAAAAUJVgEAAAAAChKsAgAAAAAUJFgFAAAAACio80IXAAAAAABgMbnvvvvmfI4RqwAAAAAABQlWAQAAAAAKEqwCAAAAABQkWAUAAAAAKEiwCgAAAABQkGAVAAAAAKAgwSoAAAAAQEGCVQAAAACAggSrAAAAAAAFCVYBAAAAAAoSrAIAAAAAFCRYBQAAAAAoSLAKAAAAAFCQYBUAAAAAoCDBKgAAAABAQYJVlo1Dh76dQ4e+faGLAQCwbOh/AQBLmWCVZeG7LR16nXsAgHNP/wsAWOoEqyxZP/zB8/nhD55v+/i3vvW3+da3/vY8lggAYGnT/wIAlhPBKktSa4f+hz94Ph/e9pvj/9627Tcndeh17gEAzpz+FwCw3HRe6ALA+bKtpXMPAMC5p/8FACxlRqyyJH3g12+d8eemj3/8t2b8GQCAhdH/AgCWGyNWWXJeeulHSWbu0Ldqdui/8Z+/niT5xG//zrktGADAEqX/BQAsR0assqS89NJ/TVJLUmv8PLtmp37qzwAAzI/+FwCwXAlWAQAAAAAKEqyypNx00y0z/txO6/QzU9EAAIrT/wIAlitrrLLkNDv0L//scJLkhvdsnfF5b775iyQ69AAAZ0r/CwBYjoxYZUlqduqn/tzU7NRP/RkAgIXR/wIAlhvBKsvGa0f68tqRvgtdDACAZUP/CwBYygSrLEmt089ueM/WSR3614705fLLrx7/d+vPAAAsjP4XALDcWGOVJavd2l5NOvQAAGeX/hcAsJwYscqycM21W2b8GQCAc0P/CwBY6oxYZdnQoQcAOL/0vwCApcyIVQAAAACAggSrAAAAAAAFCVYBAAAAAAoSrAIAAAAAFCRYBQAAAAAoSLAKAAAAAFCQYBUAAAAAoCDBKgAAAABAQYJVAAAAAICCBKsAAAAAAAUJVgEAAAAAChKsAgAAAAAUJFgFAAAAAChIsAoAAAAAUJBgFQAAAACgIMEqAAAAAEBBglUAAAAAgIIEqwAAAAAABQlWAQAAAAAKEqwCAAAAABQkWAUAAAAAKEiwCgAAAABQkGAVAAAAAKAgwSoAAAAAQEGCVQAAAACAggSrAAAAAAAFCVYBAAAAAAoSrAIAAAAAFCRYBQAAAAAoSLAKAAAAAFCQYBUAAAAAoCDBKgAAAABAQYJVAAAAAICCBKsAAAAAAAUJVgEAAAAAChKsAgAAAAAUJFgFAAAAAChIsAoAAAAAUJBgFQAAAACgIMEqAAAAAEBBglUAAAAAgIIEqwAAAAAABQlWAQAAAAAKEqwCAAAAABQkWAUAAAAAKEiwCgAAAABQkGAVAAAAAKAgwSoAAAAAQEGCVQAAAACAggSrAAAAAAAFCVYBAAAAAAoSrAIAAAAAFCRYBQAAAAAoSLAKAAAAAFCQYBUAAAAAoCDBKgAAAABAQYJVAAAAAICCBKsAAAAAAAUJVgEAAAAAChKsAgAAAAAUJFgFAAAAAChIsAoAAAAAUJBgFQAAAACgIMEqAAAAAEBBglUAAAAAgIIEqwAAAAAABQlWAQAAAAAKEqwCAAAAABQkWAUAAAAAKEiwCgAAAABQkGAVAAAAAKAgwSoAAAAAQEGCVQAAAACAggSrAAAAAAAFCVYBAAAAAAoSrAIAAAAAFCRYBQAAAAAoSLAKAAAAAFCQYBUAAAAAoCDBKgAAAABAQYJVAAAAAICCBKsAAAAAAAUJVgEAAAAAChKsAgAAAAAUJFgFAAAAACjo/wdOZ2r+jummPQAAAABJRU5ErkJggg==" height="600" width="800" />
<img src="data:image/png;base64,iVBORw0KGgoAAAANSUhEUgAABVYAAAJcCAYAAAASBf/6AAAAAXNSR0IArs4c6QAAIABJREFUeJzs3XecVdW5//HP2nufMmd6Y2aYoQ69gw2VItijxhpbDIoab665SbwhDZOIXG9Cmi3+0jQ3EMTYRRETMQoqWOkiDEiRDjNnejltl/X745wZZmBoiVKS552XCXP22muvfWb7R748+1lKa60RQgghhBBCCCGEEEIIAcCUKVMOO8Y4BusQQgghhBBCCCGEEEKIfykSrAohhBBCCCGEEEIIIcRRkmBVCCGEEEIIIYQQQgghjpIEq0IIIYQQQgghhBBCCHGUJFgVQgghhBBCCCGEEEKIoyTBqhBCCCGEEEIIIYQQQhwlCVaFEEIIIYQQQgghhBDiKEmwKoQQQgghhBBCCCGEEEdJglUhhBBCCCGEEEIIIYQ4ShKsCiGEEEIIIYQQQgghxFGSYFUIIYQQQgghhBBCCCGOkgSrQgghhBBCCCGEEEIIcZQkWBVCCCGEEEIIIYQQQoijZB3vBXxW6mL1bG/axdaGbexs3s3ulj3UxuqIuTE87YFODVTgac3ZJadzx7DJGEqyZSGEEEIIIYQQQgghxNE5qYPVhJtgTXUFi3e9w5rqddTF63BJhqgKhVIKAKVAaZXMVhXYns0pXUZKqCqEEEIIIYQQQgghhPiHnLTBakXtRp5a/yyrataABgOFMgwsTCBZlep6LrmBHDw0LXYzSikcz2FEwTBGFg07zncghBBCCCGEEEIIIYQ4WZ2UweqG2k38+N3/xfYSmIaFUhqdqlL1tIfjOeQH8zmndAwJL8E7e95PVqtqjQfcNOA6LOOkvHUhhBBCCCGEEEIIIcQJ4KRLFxvjjfx82QM4XgLLMNHJRBWtNLbnkOXL4Nq+VzEgrx9Ldr/Hgm2v46ExlCLhJphQOp5+ueXH+zaEEEIIIYQQQgghhBAnsZMuWH15y6vsiVQRMoNtn9meg6Usrup9GV8s/wJ1sToeWvk7tjftwDKsVCWrxmf6mTTourbeq0IIIYQQQgghhBBCCPGPOKmC1fpYA69sfY2A4UcDWmtc7TK6+HRu6H8N3bPKePXT13ls7SwAfIaFBpRSJJw4kwbcSEGo4LjegxBCCCGEEEIIIYQQ4uR3UgWrm+q30JBoJGj4sbVDXiCX2wffzNmlZxB34/xm5aO8vnMRprIwMNBolALHc+iR1Z1Lyy863rcghBBCCCGEEEIIIYT4F3BSBauf1G1Eaw9Hu5xTOpavDLyewlA+1dFafrHsYdbXrcdSPpRiX+9VrdFovjH8a4R8acf7FoQQQgghhBBCCCGEEP8CTppg1dMeH9Wsw1QmXx92B+f1GI+hDCpbqvj5sofYWL8Zv+lDa0Anz1FAxIlx59DbGZDf93guXwghhBBCCCGEEEII8S/kpAlWo04Uv+Hj3tF3c0rRcADCkRruff9n7Grejd/wAcl+qq3patSJc1X5F/lC+QXHceVCCCGEEEIIIYQQQoh/NSdNsGoog2+M+A8KU5tP2a7Nwyt/x47mXcnNrJQGrds2tDKUwfV9r+bGgV/CVOZxXr0QQgghhBBCCCGEEOJfyUkTrKZZaaRZyR6pWmv+sv45llYtJ2ClEcNBaYXf9FOaXsLpXUZyZsnp9M3peZxXLYQQQgghhBBCCCGE+Fd00gSr7W1p2M6iyg85s2wcPdMK6JleQpf0IgrTiygIFaCUcbyXKIQQQgghhBBCCCGE+Bd2Ugar3TKK+eP4n6FcB6+lGivagE7YaLcKXAcdzEH5Q8d7mUIIIYQQQgghhBBCiH9RJ06wqj10vBnsKAQyUL40OEjlqa9hJ97aV/A2LMSp20lM6+SmVYaJNv2YeWUYZSOwysdilgxFBTKP8c0IIYQQQgghhBBCCCH+lSmttT6eC9AtYezNi3E3L8at3gKJKASzMHO7YZYMxOx5JmZhP7AC+86JNeA17EI3VeHVbcfdtRp3bwVeUxhaQ1YAFEZhH/wjrsAadAnKn358blIIIYQQQgghhBBCCHHSmDJlymHHHL9g1XNIfDyPxHuz8Op3gWEke6MqA+15KDy0BmWYmF2H4Bt5JVbfc1FWsNPpdEsNbngjzsY3sde/BtEmMAw0oLTG7DqYwNj/xOx++rG9TyGEEEIIIYQQQgghxEnlhA1WdbyR+JsPYa96CQwz+Q+A54F2941TBgrQWqMAs8cpBMbdiVky7JDze/U7Sax5CfvDJ9CujTIttOuAUgQnfgv/yOvAOHG6IAghhBBCCCGEEEIIIU4cJ2Swqu0I0Re/g7PlA5TlB1QyTNVglA7G7HYKRnoe2nXQDbvwwptwKz9JtgjQHpg+glf9Cl/vMYe9lhveQGzBT/B2rwPTB1qjXZvAGTcRGP9NUObnf8NCCCGEEEIIIYQQQoiTyokXrGqP6N9nYK94HuVL9Uz1HIz0fALnfhuzfNyBr/q7Nl7DTpyNi0ismouu2wWmRdqXHsbqeebhLxlrIPb3n+FUvA6mhQZwEgQv/D7+Edd+5rcohBBCCCGEEEIIIYQ4uR1JsGocg3W0sT9+CWf5c+1CVReVnp8MSftf0Hn/VNOHkdcL/xm3kn7Tn/Cf8RW05xJ96QfoaP1hr6mC2QQvugdrwERwbBSgTB/xBT/Drdny2d6gEEIIIYQQQgghhBDi38IxC1a9xj3EFv0aLH/yAw1oj7TLf4ZR2P+I5lDphQQm/Dehq3+FjtSR+OjFIzvPl0bwgh+iivqC64IyQCniCx8Azznqe4nH40SiUTzPO+Q4rTWxWIyWSIR4PH7U1zmcRCJBSyRCLPbPz23bNpFIhEgkSiKRwHGcg97fkRY5O65LNBolEomQSCT+6TUeD572qIyEiTqxf3iOhGtTFanGO077xAkhhBBCCCGEEEKIz94x28HJXvEURBvASlWrOjF8Z92KWTriqOey+kwgdO0jxN58BP+o61C+tMOeo4JZBC+4m+icyYAHph9ny7s4e9didR3eYWxlZRXvf/ABubk5uJ7H2LPPxrIsGhsbeX7uXBYsWEBjUzOPPPQQ5eW9D7jWrt27Wbx4CW+99Tafbt1KLBYlPy+PIUOHMm7cWMacdRaBQOCQ662rr+e9994nIyOD+vp6xpx9Fnl5eWitWbX6I1599VXWfPwx9fX1hEJplPcuZ/z48Uw4ZzxpaYf/PgBaIhFWrFzFooULWblqFS0tLaAUpmGQm5tDYWEX0kMhgsEgoVCIhqZGqqvCfOMb32DQwAGdzmnbDqtWr+LNt97i/fc/oLa2Fq01mZmZDBo4kHPPPZfTTjuV3JycTs//pG4zH+5dRoaVTk2sjpFdhjOq6NCblQF8uHcFm+u2EDADVMdrubjHuXTLKmP53pWsDK/B1Q65/hyibowWO0JjohkXh5AVoijUhf65fRmU35+0/aqmmxPNfGPRdzmtaBRTTvkvDHV0fxeh0fzfx4+zeNe7PDj+pxSldzmq84UQQgghhBBCCCHEiemYBKu6pZrEmvnJDaQAtIZAOv6R/3iPU6t8PGmhvORcR3pO8UDMHqfgblsBpoVSCvujeQcEqx+vW8t3vvMdNDB69BlMGD+ePXv38rU7v87aj9dgGibKMPDvF442Nzcz68+P8/9+8//w+XwMGTKE7t27kYjHWbFiBcuXL+epp55i3LhxTL/3XrqWFB90rdFolLt/+EMikQimafLyvJcIBoP87Be/4Mknn0ShsHwW2tPEEwlWr17NCy+8wBmjR/OzGT+lrLT0kN/F2nUVTJs2jWXLltGzVy9uv+02Ro0aiWmYfLRmDTNnzuTdd98lMzOLL33pSziOS3W4mvqGBuLxzqs3N3zyCQ889BBvvP46pmlxww03MHr0aDJCITZt2czcuXN58qmnGDBwAPfecw9nnXlgj9y4HeOJDc/iMyy01vTO6XHI+2hV1RJm9von8aWesTOLT6MbsCr8Mc9vfok0Mw0Pjy/3u5Zumd1IeHE213/Kwp1vE3djWMpHz8zuTDnlG3TL2vfdVUWqiXtx3t71Lpf3vph+eX2PaD2tdjXuZv7Wv2Epk7hzclbtCiGEEEIIIYQQQogDHZNg1amsQLfUonypakDXxhp8MUbmP1e9Z5YMPboTDAur30Tcbcvafna3vIOONaCC2W3D0kPp+Hw+bNumT58+RCJR/uvr/8XqlSvJzc/DSdjEE3HSQ6G2cyLRKHd87T9Zvnw5P5sxg7FjxpCTm4NlmjiuS2VlFQ8+9BDz5s1j0aKFNDY08PjsP+P3+ztdanooncLCQrZv305WVhZ+n5+7vv0dPtmwnhk//SlDhgwhLzePmtoaFi16k9/89rdo7fH+e+/xjW9+iyefmEMw2EnPWmBdxXquu/46mhqbuO6665h2z49JT09vO96/fz8uvOB8vvf9qfz9jb/T0tzC96d/h0AgcND2AMtXrOSWW2+luamR/v0H8Mivf03fPuVtx8eMOZsbr7+eZ597nh/96EfcfMtk/vD73zFxwoQO87hKEzD8mIaB1hpT+Q79O03xW378ph9TmSgUfjP5vVqGhd/wo/HI8mVwWflFBNtVpV5efgm/XP5rtjVtZ0vTp/xk6a94cNxPSUtVQdfFG5KtDxTM3fQK3z3tm0dcteppj8fXP41CoYHGRNMRnSeEEEIIIYQQQgghTnzHpMequ20pql0YpdFYvc8G1LG4fAdGfi9063WVgddcjde0t8OYgvx8HM8FID0tnUf/+Bh7q6r408yZvPjCCzz33LPce+90bHtfBWJTYxONDY288vLLXHnF5RQU5GOZJgCWaVLatYSf3Pc/nHPOOZimybJly5g3/5WDrtOyTNKCAZRSWKbJD3/8YwJ+Hy/Pe4lrrr6aAf3706VLIQMHDODO//waD9x/P1pDMC2NlStX8sbCNzudNxqN8p3vfpd4PE5BYSE/+P73OoSqrbKysvjJ/95HdnY2f3nyCR774x+T359hYBgdH5va2lru/PrXiUej5OXl84ff/75DqNrK7/dz4w3X84VLLsFzXb52551s3batw5hMKx2lFFqDhybXn3XQ76i9oOFPPU4apRQZvlTobSiUMlAolGERcztWjZZlduVrQ29Faw+f8rOrZTdrqte1Hd/bsjcZ1BoW7+79gC31nx7RegDWVa/nnT0f4DeSIW9VNHzE5wohhBBCCCGEEEKIE9uxCVb3rANjX3GsMiyMnK7H4tIHUibKbFcFqcELb+4wpKGxAcs0CQQCzH1pLq+++irPPfsME88ZT4/u3enfrx83Xn8dRUVFbeekpQV54IFf0aeTQLFVIBDgzv/8Go7rYfks5s6di23bnY61LAvT50cpRW1dHWvXrWPGT39CZmZmp+MvvOB8brrpJqLRKIGAn+effxbHOXBjro/XrmN9RQWg+OIXv0heXt5B15ufn8e5E8/F7w/wu9/9nr2VlQeM0Vrz60d+Qzhchet5fOub36RH924HnVMpxVdvvx3TMnEdh9/85rcdNsNytAMoUGAog7ju/PvZX8hKS3aFUAqUwtbJYDzTSkdrD1drAoYPv3FgkXbXjGLSfRl4eBgYbGva3nasMd6EhwdaodE8veEFPH3oTcsAHM/h8fVPYyjVmvdSF6s/onsRQgghhBBCCCGEECe+YxKs6pZqaKtY1cmK0WDnmxd9/ovxkuEbyTBPGQZebceqSU0y1EMpqsJhvvud71JSfPB+qJCs8OzX9/D9N0tLS8nNyUEpgx07dhCLxzsdZ5om6aEQnucRj8f55n/9FxkZGYec+9prrmk7d13FeloikQPGLF26NFVxqhk+fPgBx/fXv18/DMMgFo+xYuXKA47v2buXp55+imAwjfRQiAsuOP+wc/bs2YPi4mJ8Pj+vvrqA2tq6tmOmYe17KDUEzUNv8tUq4iXwKTPVPsAgZCZf98/1Z+NoF0MpLGXQWZW067nJR4JklWxeILftWFW0GnSqylpZfFi1gi31Ww+7nmV7V/Jx7TosZYJKnl+faDyiexFCCCGEEEIIIYQQJ75jEqwmSwlbqxJTCVa07mCjP1/KAMemfcCm4x0DSJ/Pj0bjOg6lpaWcftppn9nlA34/+fn5aO3hOA7xQwSraYEArutimSbDhw077Nx5+Xnk5uaiPYhEWmhubj5gzKdbt2L5LECRmXFgC4D9ZWRmtm0Qtmvn7gOOL168BNu2cV2XU089hcKCgsPPmZ5Oee9ytNbE4jHWrdv36n2aGUw+KVqj0W0B6eGkmUE8PLTWKBSBVI/VFjeCpUwMpfB0a0VsR1WRME2J5HcVMHyM6jICgLibYE/LXkzDJBmNJv8zZ/0zuKmK2M5E7Sh/rngSS1mYKlkhq5QiHAmjOfLN1oQQQgghhBBCCCHEievYBKvK7PizZ+M1HZ9+kzpaj27/Krfngdlxg6TW3qiO6zJ40CBC7Tap+md5WhONRtquY1md7x+mdbJXqFKKQDBIfv7BX9lvv+78vLxU/Aex2IGhbX5+Pq6bDCA99/CvtNfX16EMlewz6u/4PXmex4dLl2KaJo7jcMYZozFN8yAztVunZSUDYK1xHJumdgGwL/WsaOiwCdXhZPjS2jaZUiQrXwEaE81YhpU6ZmDt1wqgKdHMnPVPo9E4nsNtgyaRm5aspnY9h+poDQCX9LyIoBnAUiZLK5ezsbZj+4j23tu9lM2Nn9I3p5wryi/F8VwUiupoDQn3yFobCCGEEEIIIYQQQogTW+ep3mdMZeTj1e9EtQWsCnfbh/j6nnMsLt+BF96U2qM9VUNrGOy/ybtpmqCTHQPS09MxzX8uf9ZaU9/QwKZNm3niL09QVRXGUAaGaeD3db7rvVKKhqYm/H4/hqEwjiCw9DwP27ExjORmTYHAga/Rn3rKKP7w+99jWibbduw47JybNm5u613ar1+/DscSiQRbtmzBMAxM0+SNhQtpbGyitraGzKxsAgEfwUAQT3vEonFi8RjRaJQuhYUsW74c0zRpaUnQ3NSusjb1Tr5K/dezG1+kS1oBpmHR5DRjKJOgGcTAIOrFcD2bkJnGnkglShkdwlUAIzVf62884SYImgEa402sr93I4xVP8mnTNnID2UwacCPn95zQtpSIHaUh0YjrOXyh5/n4DR9PbXoey7D449rZ/HzM9FQ16z5RO8rs9U9iKZMv9b2CkBXi6Y3PYyqTxkQjUTvaVk0rhBBCCCGEEEIIIU5exyRYNbv0xduxAkiGUMq0cNa/hh7zH6hg9rFYQpJr4277EFJhWHJTIQ+V03GzJaWS0avWYBiHDzT3V1dXz9ZtW9m8ZQufbPiETzZtpLamjkQiRq+evcjLy6O2pgbzMBWrrVWrhmHQ0slr/fvzUue03kNmJz1ZR40aRV5eHg2NDbzx+hvcPOkr+A6yhsamJt56+02UUpSUFDNkyOAOx1siEcLhcDLIVYrq6jBvL36bUHo66aEQgUCAeDyOZRr4/X4cx8VxHTZv2UKPHj3o3r0bWmtKSvbrX5tqgWug+LRpG5WxMAYmftOPz7BwPY+EtkF7aO2RZqVRH2/Yd+4Bc+lUxWiYH737v2T7MqiMVlMbq2V4wTDO7T6BM0pOoTSjpMOp4Wg1Di5+M0CGP52Le53PM5vmYhom6+s+4aPwx4ws6tindv6WV9kTqWREwVBOLRrJloatGKlF1dtNR7TxlRBCCCGEEEIIIYQ48R2bYLVkCLZ+et8HysBrCmN/sgj/sCuOxRIAcBt24e5eC+1fB9cuRvHADuOSfTpTf/aOPAjbtXs3zzz7LM888wx1dfX06dOH888/n0k3fYVu3cooLS0lFo1y401foba2BsvyEYlE8PsPX8Go1IGbLh0wBlKVtgq/308sHiObrA5j8nJzmT59Ot+661ssW76M+fNf4corLj9gLk9rHn30MaprajANk3vuueeAoNZnWSRSPWIjkQjTfnwPY8ac3WGthmF0CIlbg1+g7c/JzbTaSW0WBYq7RtxJ75yeh733teEK7n7vfzggWdWgU+FqTjAPUKyuWYulLCzT4vp+V9E/v/NNx+pi9TiuTX4oD8MwKAjkc1638byx821MZfKndXN4oGAQvlQribpoHc9sehGl4OaBN2AaJpm+TFAKBdhugsZEE3lpuZ1eTwghhBBCCCGEEEKcPI5NsNp1KPiC4Ln7XvW2gsTffAir/GyM9MJjsQzsj18GNwFWkGTipiGYjbFf0OV5XvJ1cpUMGI/E2nXrmHzrrVRWVtG9Rw/+7//+yKmjRh3wOn5jYyMtLS0ABAIB1P6hYopSqm3TqCNlmib+1IZXPp/voGHsFy6+iLq6e3nooQe5+4d309jUyAXnn09uTg5aa6rCYf70p5nMmjWLvLw8fvijH3LuhAkHzKMBK9XKwDJNIpFopz1WW3vFtt3XEVG42sVvdN4q4UDJqtQDPlXJXq0emjQrxA9O+RaPrP4D62rX47gOv1r5CD8/e3qnYeeelr14aHKD2QTM5O/xmr5X8Naud9FoPm3cxju73uec7mMBeGHTfBoSDZxVdAb985Jhrd/0ETKDxNw4WnvUxuromd39CO9JCCGEEEIIIYQQQpyojsnmVUZ2V4yeZ6C9djuyGyZEm4gt+Cn6GGzo49bvwF72FJh+Wjtu4rmYpUMw0jvuZO+1r1I9gnCzsbGJyZNvpba2jq6lXXni8cc5+8wzO+1x6tgOjuPgeZqA39e2Udb+tNakZ6TjOM6BazoIwzBRgOu6WJZJKK3zTbcMw+ArN32Zhx/+NUoZ/PSnP+Wmr0zitq9+lcm33c5XJt3Me++9x7enTOHlefO45qqrOg1E04JByspKcd1kYL5r987DrvFw9H6vyjvaOcjIjhztJv+gWudJVcPqZJWsAcScCMUZXbhr5H+S5U9W8lZGKnlg5W+wO3kGdzbvwUCR7c/CSDXiLc3syiU9L8T2bCxl8fiGZ4i7Capawsz79K/4DD83Dbi2rfeqUgaZ/qzkE6egMlJ1dF+IEEIIIYQQQgghhDghHZOKVZRJ4NTriGx8s92HGiw/7sbFxN/4OcFzv5cKPT97OtFM/LWfop04ymxXAaldfAMvbOu52ioZYipAHVHF6hsL36AqXIXP8nHN1dfQvVvZIcd7novneZimdeBr8ClKKSzLh2PbuH4/GZ30S91fPBHHdmyUAtMwsayD94f94MOlTL/vPiZPvpXrr/0Sfr+PcE0NWmsK8vLJzc0hGAwe8np+v5+RI0excsVKUIp1FRvaXvn/R9mem6wWTn3tjntkwWrETd63Jhmk2qkQvyCYj+3Z+EwfCog6MYrTi/jxad/lu+/8GEtZrA6vYda6v3D70EltVa+u57I3UolGkx/MbwtWAS7ueR6vbFsAWlMVqeJvW/7OrpbdxNwYF3Y/l/Lc3m1jQ74gmb5MKiNVuGiaEofvlSuEEEIIIYQQQgghTnzHpGIVwCwdiVU2AvYPyiwf9sq5xF7/OToR+cyvq+0osdd+grt16X6hqgehXKzeYw44p7U6VCnwvEMHq1prFi95h0AgCEpRVlp6yPEJO4HjuPj9fqKxaIeeo/uvIZFIpFonaEKhzqtP23MdB9u2sUwLjSae6n+6v3C4mq9M+gqubfONr99Jt25lFBUVMWTQIIYOHkxJSfFhQ9VWX7zsUrRKhqwLF75BVVX4iM47mBY3mvyDUigUTc6RPROOl0BhYACe9oi6MSBZAatJfp+mMvGp5N8l9M/vy1cH30zcS+A3fLy45RWW7Hy/bb6oE6MqEkZhkO3P7HCtrpklXNjtXGzt4jd9zF7/FG/seAtLWVzW++IOwbLP8JHhDyV7xmpNXbz+H/9yhBBCCCGEEEIIIcQJ45gFq8r0Ezjnm50HiZYfe/U8oi9+G69602d2Ta9xD7GXp2Kvex3Mjr06tWPjH30zqpPemo7rpOoWU9vTH0YikUiN1zQ2NR5yrM/y0dLSglLqoNWqAI7j0NLSgmWZaA21dYcP5LTWqdfykx0MEonOWyzMffFFbNuhoLAAn++fK1oeOGAA5008l3g8TnNzM4/PmXNU51dXV3d4JvyGiac9FJCMRI+sz2zICqbaBiT7qSa85L1Xx+rxGSZKJdsFtH4OcEnvC5lYNr4tXH1w5W/YXPcpALWxOhoSjSgDcoI5B1zvi+UXEzQCqU4RmoSXYELpWMpzenUYZyiDLH8WGo2hFJUtYdzWtgVCCCGEEEIIIYQQ4qR1zIJVALN0OP4zbwY71slBH+7W5bTMuY3EsifQzf94L0odb8b++CUif7kdZ9OSjpWqKPAcjPzu+IdffZAJNJ5OBmHxROKgVaWQfGV/1MgRJBIJTMPgrUVvtvVF3V88keDBBx/EcRxc1z1kKwDHcYjFYyiVfLU9Gj185WYsFicWi+N5GsNQZGZ23j4gHo9jWRYVFeuZN38+4epqIpEIjuMQiUSIRqPE4/GD3kd7hmEwbdo9ZGVlYZomf/y//+PpZ5897Hlaa5597nl+94dHO1R4xp0EKvU6v+bAnqsHUxdrwMQANFqDTyXbIDg6kYpmFQk3gdHuWoYyuH3wJIrSuqC1h6tdfrL0VzQnWki4CRJeAqUVOal+rO2VZBQzsdt4bM9u2+TsS/2u6NAyoFVuMBuNRmFQGa064vYGQgghhBBCCCGEEOLEdWx6rLZRBEbfirttKe7utSgrwL6KRA2mBU6c+BsPkFj+FL5hl2H1mYCRU4bypR16as/Fa9iFs+19nI/m4VZuAFSqUrVdMKpd0Jq0S+9D+dM7nSo7OwfHdTANE8c+/MZaF190MQ88+BCu67J0+XJ+94dH+eptt3Z4nX79+g1M/5//YfDgwfTu3Ztt27ayfft2auvq6FpScsCcjutiJ2xIhYwHqz5tL5QeIhGPo7XG8/RBA+GJEyfw60ceIZFIcPfUu8nLzyc7O5uA348G/D4fgWCQQCBAUVERgwYO5KyzzqRXz56dzldSXMwfH3uMr33tP6itrWPatGns3LmLG6+/jpL97i1h26xbV8GfZv6JF198kT/8/g8djsfdOJ72sAwTpT2a7ehh7xvAMkxs7eBXyd93faL0m1euAAAgAElEQVSRUroSd1PBuEoGq+5+m4BlB7P4/ql3MWXxD/EZPsLRML//6E8MyO2L1hpTmQftGXt1n8v4+/aFxF2bU7uMpFtW5711A2YAAwOlFLWxWiJOlIB14MZmQgghhBBCCCGEEOLkcYyDVVD+dNKu+CWRJ25FN1Ylw9QOAxRYfnRTFfHFj5J4ZyZGlz6YxYMwCssxskvACiZ7tZomuqkSt3Y77p61eHsrIN4CKDA6uTWt0Z5H8KKpmCVDD7rGPXv24DoOcTuGnUikNpo6+EZQJSXF/PIXv+Bbd92F1pqHH36Id5Ys4YzRZ+CzfHy05iNWrFzFlP/+b66/7lr6PdeP7//gB9TW1HD7V+9g3NixXH311fTtU942Zywao7Jyb1uf1ObmpsN+t3V1dSTsBHbCpr6ujkgkSlragYH0oIEDefCBB/j1I4+wY8cOwuEwlZWVyTYCgGkaJLNIhaEUyjAIBALccMP1fOub3yTUyZyjRo7gmaef4Re/+iWvv/4Gj/z618z+858ZO24cvXv1IpSeTkN9PUuXLWXNmo/p2bMnf571Z8aN7djj1tMenvbQmGjAdjvvE3vAvccaUtWiKtlKIJUpGxg42iWgTOKeTV28nqxAx56p/fL6MHngl5lZ8QR+08+S3e/zwd5l+A0/Hh5WZ88S0CW9kPO7T+DFLa9wQ9+rO61WBUi30kluq6WIuwmqo7XkdtJeQAghhBBCCCGEEEKcPJQ+1HvunyO3YRexp+/Erd+136v6nfA8SG7/AyQDP5RCt1YfpioSlTJSmz11Qmu05xAYfyeBMyYDB9+5fuPGTTz/wlzyC/JxXYfJN99MIHD4CsPVH33E43Pm8P77H1BbU4NhmmRnZzFxwrlMvuVmevdO9t90XZf5r/yVDz/8EMMwOPXUUxg3diy5ufv6ve6trGT27McpKCikqqqKyy67hMGDBh3y+hs3bWLuiy9RkF9AuLqa22+bTH5eXqdjm5qbeeDBB3nyyScZPnwE/fr3o6S4hPy8POrr66msqmTjho2sXL0Kx3EwTZNoNMKNN36Z6dPuOWjQ7DgOH320hvl//SvvLFnC7j17cBwHyzRJC4U4++yzuOQLl3DWmaM73ZBrV/NeKlsq8Zk+HM+hKNSFrhnFh/3uN9d/SnOiGWUYuK5Dr+ye5ASz+bR+Gw2JRgzDwPVcBub1I2gduDFX3E2wonIVISsNn+kn3QqS8FxanBZ6ZfUgO3BgOwCAxngTmxu3Mrxg8EGD1apImB1Nu/CZPlzPpXd2z4POJ4QQQgghhBBCCCGOvylTphx2zHELVgG8+u3EXrkXd+dqsHyQ6pF5KJqOkej+P3d+oWQlZmDCN/GfciMcJAA76DW1Pujr4J2Nra6uIRyuIi0UokthIenpnbccOF7e/+ADpt79Q/Lz8rn33mn069sHv99/wDjbtvlk0yZ+9rOf8+GHH+Dz+YnFYsx76SUGDRxw2Ou0tESoq6+joaGBtLQ0CvLzycqSQFEIIYQQQgghhBBCnNhO+GAVQMcaiL//J+ylTyYrT/dvDXCk87B/wJraV951MDK7EPzCNKweZ/zzCz7JVazfwKWXXUa/fv146i9PkJ2dfdhzGhubuOXWW1m3bh22nWDatGlMuummY7BaIYQQQgghhBBCCCGOvSMJVo+udPNzoILZBM/5b9Ku/w1mtxHgOW0Vpkc1T/sfNODa4Hn4R15F6Mt/lFAViCcS3DPtHmw7wZRvf/uIQlWArKxMbrzxBmzbxjRMqqtrPueVCiGEEEIIIYQQQghxYjvmm1cdjNXtNMxrhuBufpPE6rm4O1YnA1ZlopU6/Kv4WoNO9Vw1DKxBF+AfeQ1m6cjPf/Enic2bt7DmozVkZWXRq1fPozq3e7fumKaJ4zj06N79c1qhEEIIIYQQQgghhBAnhxMmWAVQvjSsARdj9ZmIu3ctzrYPcba8gxfekqxk1ckNrJTngpHcAT65WZUCy4/ZpR9mz9Ox+k3EzC8/+EZW/6Zqa2tJ2Db+QOCINuPqQAFaY1kWffv1O+RQz/PYtXs3diJBeno6RUVFAMTjCcLVYVw3WZGcnZVFTk4OWmsqK6tIJBJordFoTNOka0kJTc3NOLZNQUEBAHX19biO0/Zzq0QiwZ49e3Bdl9zcPHJzc9qOtbRECIfDgCYvL6+tz2ttbS2O49ClSxcA6uvrcVJzV9fUEGmJ4GkPhSInN4fsdv1hW1oiVFVVYRiKoqIigsEgjuNQWVmF4zqgk/12/QE/JcXFbX8xEI/HCVdX06VLF/w+H7ZtU1lVRXFREbbtEK4OJ78DrUlLS6NLYWGHv1RwXZfKqiq01pQUF2MYBi0tLYSrq8nLzW27N8dx2LV7NyXFxW39c2OxGNXVNXTtWoJhGKn1VlJcXNy2GVlTUxNNzc10LSnp8P26rkdlZSXxeIxgMEhx6p4SiQR7KyvRWoMGT3tkZmSQm5vL3spKDKXaxjY1NVFbW0d+fh6BQIDKqio810Xr5DOTkZFOQUEBlZWVZGRkkJGRAUA4HCYtLQ3Xdamtq8OyLJRSOLZNMJhGcXHRIZ9HIYQQQgghhBBCiM/DCRWstrECmGWjMMtG4T/9ZnRzFV7ddryG3ehofTK0smMY/hAqLRuV2x0jrwdGKA+sowwM/434/D4s0ySRSFBf30BZaekRn7t963ZisRgjRo2kf98+Bx1n2zZ/W/AaW7d+Sm5uLrV1dQwbMpRzxo+jrq6WZ59/ntzcXPA09Q0NfOGiiygv783ceS9hmSYZGZl4nkdaMMjFF13IR6s/YtnKldxx261kZGSwdOkympoaufqqq9qumYjHmTd/Po3NzZiGSW1dLVddfjk9evRg7969zH1pHpZpYvl8NDU1ceXll9OtWxnvffABtXV1fOXGGwFYtWoV1TW1XHP1Vbz55lvs2rOH3JxsHNshGo/xxS9cQrfu3aiurubZF+bi91kk4gksn48brrsWgGeef56c7GyCwQCe55GXk0vRBV3agsuqqiqee2EuX77xBroUFtLQ0Mhzz7/AzV+5ierqaua98gpFqaC3traW4cOGMXbMGAwj2bUjFovx0ryXaW5p5vbJk8nNzeWdd99j1UerOfvMMzn7rLMA2LhxEy+89BKXXHQRI0YMB6CyspJnnnueL1x0IYMHD6apqYlnX3iB22+5hYzMTLTW/G3BArZu285/3H5bW6uIRCLBX//2Kjt27SQnK5twTQ1DBg3kvHPPpaa2lqeffY6uqZDX8zx69+7N0CGDee75F3Bdl9tvnUxWVhZvvvUWFRs+4YLzzqWstIxnnn2OvLw8AgE/tu3Qu1cvcnJy+NurC/D5/dxw3bWYpsnrCxcysH9//H4/y1asoKWlhUTCJjcnh+LiIoqLzz/i51gIIYQQQgghhBDis3JiBqvtKF8aKrcHRm6P472Uk96gAQPIyc2hsrKKlStXMmTwoCM6LxaP8/gTj6MMxQ+n3n3IatdVq1axfft2Jt10E5mZmVRWVvLkM8/St085wWAa2tNcfcUVZGRk8Nbbi3l7yRJKSopxHIdzxo5lwIAByYk0KEMBmlgsxuIl73DxRReiDIXab5uy6poatu3YyaQv30hhYSEfLl1KQ2Mjruvy6mt/p3evXkw4ZzyGYbBixQpeevllbr91Mj7L13EupVLXhISdYMSwoYwfNw6tNS+9/DLvffgBpWWl/O3VVxnQry9jx4whkUjw6oLXqK6pobCgAO15XHLxRRQWFiZvQ+u2UHTfZRR+n6/1km0VqZ6nCaWlce011+Dz+di4cSMvv/JXhg8bRk7Ovgpcn8+Hz/Kxe/cesrKy2L17NwF/AM/TqXk81qxdS0lRESs/Ws2QIYOTVZ4kW2q8vnAR5eXlbWFva4fiuro6qqrCZGdnseGTjZx+2qkArFy1ij179nBz6ne6Z/cePly6lHg8jgJMw+Dqq67s8FxEIhFMM1kVW1NTQ1paGpWVYQIBf7JrR2rPvC9eekkyaE/xPA+/38fWHdvZsGEDgwYNwtMaz9MMHDiQ/v37884777Jz9y6uvfpqjLZ7EEIIIYQQQgghhDi2TvhgVXx2MjMz+e53vseU73yb+x94gNNOO5UB/fsf8pxoLMY9997L8uXL+cEPpraFbZ3RWvPJ5s2MHL4vCOzatSvdykrZ8MlGhg4ZjDIM6urqiMVihMNhsjIzsSyLgM/H8lWr2b5zZ/L1/MJCTjv1VFxP06N7dzZv2cL27dvJzMyksb6xw3Xz8vLoUljAs8+/QI/u3ejfrx+9e/emqamJmpoaLrrg/LbX4QcPHsy7H3xAVVUYw+gklEvmfViWRWVVFevWVeC6LuGqMGecfhpNTU3srari4osuwrIsLMviqiuvAKCpsQnTNFm85B0yMjNwHIeePXoyeNDAtumVYaDRvLV4MQF/gEg0gqc1SikMQ2HbNhUVFQQCAbZs+ZQuXQoJhULtvmPwWRZ9+/Rhz969dOlSiGlZFBcX47oOkKx0ramp5obrruPJZ55l7969lJWV4WmP7Jwc/D6LJe+8w6mnnIJlmm07v320Zg2DBgygvLw3r7z6KiNHDMeyLNZ8vJZRI0eSlZVFLBYjlB5i/PhxWJaF1hpPe7z+xkJ8Ph+xeJxzxo0lGAximhblvcvYsWMHwWCQQNBPWiiI57mp+zV46+3FhEIhbNtm0MCB9OzZA8Mw6d+nD2++vZjS0lLSgmk4jo1SKhkGp/7XSoXTQgghhBBCCCGEEMeDBKv/Zq668nJqa2v4xS9/yZVXXc3PZsxg3Lix5GRnd+jl2dTczMdrPuaBBx9k5apV3HvvvUy++ebDbiLmOg6W1fGxMg0T206kftLM/9urWIZBVnZ2W+jpeJqM9BBdCgpxnORr3pBsLdCjezeGDRnM628spKysFNPsWAEaDAa55qqr2LhxE59s3MiLL7/MuLPPpry8HKBDxahSyYpXz3MxDAj424VzGozU3IZh0NDQyMfr1rF161bGjx3LsGHDqKqqaptnf60hY3ZWFvn5+TiuQ2ZGeqfjQsE00lPHdGrTNaUUjuOyZes2Nm/ZQklxMV+6+uq2UDg5BmzHoXu3bqz/ZANrPl5L15IS4vE4rQlpxfr1ZKSno7UmPy+X5StXUlZWhkIR8Pk4/9xzeW7uXDLS0/H7/RiGgW3bfLx2LaNPPx2/30+kJcrevXvp1q0biXgcXyrE/OSTT1jy7rvYtsPll11KKJSOQpGfl0sgEMC2bSzTRGuN67r06tmTjZs2kbBtupd1o7auNlWtqvG0Jjs7i9ycXGzbJi0tCCT70J5+6qls3LyJN99ejOd5HULw1q8++XnHZ0EIIYQQQgghhBDiWJFg9d+MaZr8xx1f5bTTTmPmrFn86Ec/JpQeYsCAAeTn5eGhaWxo4NNPt9LU2Mi4c8bzv/97H/0Ps2EVJIPB0q5dWVexgVGjRuHz+Whubmb7zp1ceN55GIaBoQwuv+xS8vPy2kK9eDyO6zgMGTyYPqkwtJXWmmgkypmjR7O2ooLVa9YwqP+ADmPWb9jA9h07uOC88xg2bCjvvfcea9auY8iQIfgDATZt2ty2QdWO7TtwHIfCwkKqwtXs3rOnbZ5oPIb2kiFnIpFgQP9+nHXmmbyxcCEVG9YzYsRwcnOTAeLu3bvJz89Ha82rry6gX7++FBUVoT3N6aef1raJ1P6056GUwRlnnE5WVhZ1dXWs/2RDMpT1PNLS0vjipZewY8cOXpz3MpWVlfTosa8NhgYc1yE7JxvLtFi2YgVXfPEyNm3chOWzsG2bdRXrUUrx8it/xXFsdu7cRSQSwefzEY1FKexSyLgxY1jw97+THgphWRZ79+4lGo2xbv0GKjZ8QiDgZ+WqVXTr1o2+ffuyYeMnDB8+jGHDhlFcXMJfnn6KRMImFNKgFGeccUaHkLOpqQnHdcnNTYamq9es4YrLLqOqOpxqBZD83Y4+/XRC6fvCZ9d1cT0PlGLcmDH8ceYsbMehT+9eHb4DIYQQQgghhBBCiONNgtV/U6NGjmDUyIfYs3cvW7duY8eOHdTX15OWFiQYTKN792707tWrrVfokTp11Cg2bd7CM88+R6+ePanYsIHC/Hz69e1DdU0NmmSFaTAYbDtH62Q4t2z5cvburUy+0q7h1FNPwTAU8Vgc0zQ5b+JEZs6eTTyR6HDNkqJi5r/yVyKRKF1LilmxajXDhw8jFApx3oRzmP/Xv9HU3ITP8rFi1SrGnn026enp9OrZg7eXLGHe/PlkZ2Wxdu06Lr3kC0AyWE3E4yilGHP22Tw2cyYLFy7ioosu5MLzz2fe/FcIV1dTX9/A5i1bGD36DHTqlf633l5MTk4OruuQFkxj1KiRbRWfntZozyMajZGVlYXjOG0ho+d5uK6D67r07NmTYUOHMveledw2+RYyMzNbvyxi0RjBQIDSrl3ZtGUz+Xl5rI5EKCgsZNu2bUSjUe647Tb8AT+O4/Dnx+ew+qM1lHbtiuO4eK7L4MGDWLl6NTU1NcTjcd7/8ENGjBjOOePGoZSiurqa2U88wbj6es46czSz5zzBk08/Q3mv3mzfuR2lFLm5OXieh9YeCxcuIhDw47guxUVFdO3alXg8TjAYoKhLF/ZWVpKXn09Lcwue55HcgU6z6K23yMrKxnUdMjMyGDx4MNpzUy0H0jln/Dj++uqC1DlJruPi2PbRP/RCCCGEEEIIIYQQnyHz3nvvvfd4L0IcP5kZGXQrK2Pw4EGccsoohg8bxuBBgygrLSU9/cDX2A8nGAzSt0850ViMcE0NvXv15Jzx4wkEg7iuh2WZdC8rawsaW5mGiWVZJBJxXNfDdmy6d+tGwO8nOyeHgoICQqEQ6aEQBQUFFKUqUFuv2ae8nJrqGmrqahk8aBCnjByJaZoUFhZSVtqVynA18UScs88czdChQ1BKkZ6eTveyMqrCYaKxGKefdhoD+vdHKYXneRQXFZGbm4tlWZR17UptfT1lpaUUFRVRUlTMrt27CYVCXHTB+RQUFLQFqyiw7QS27WAYirLS0n0bRWmN5fPRvVu3tlf8lVL06N4dy7IIBtPoVlaGYRh07VqC4ziEQiGy21XAGoZB15ISMjOzyMjIoLy8NxpNfl4e8USc3r16UVraFcMwsCyLnJxkcFlYWEBaWholJSX4fD66lpQQDAYpLi6isamJU0aOJBQKYRgGoVAIpRSZGRnk5eXRt085tm1TFQ7TpUsXJo4fT2FhYdsmVK72cGybhO0QSkujqKgLpmnQq2dPsrIyycnJpmePHmitKSkuJisru63C1bYT2I6DaVqUlZZimCbFJcVkpKeTn5ePaRqUlZa2VQFrrcnOzqa4uPiwrSmEEEIIIYQQ4mQTDodZsmQJixYtYsGCBaxfv57q6mqys7P/of+f/s9I7rfyA7p3707Xrl2P6bXFyeHuu+/moYce4sknn+Tjjz/m3HPPPd5L+sy89tprhx2jdGsyIoQQQgghhBBCCCGOi0gkwhNPPMHixYvbPsvPz6empqbt57Fjx/LlL3+5wybHn6dHH32UJUuWMHbsWL761a8ek2uKk8e3vvUtVq5c2eGzkSNH8vDDDx+nFX22pkyZctgxEqwKIYQQQgghhBAnpQpmTprB9lvuZ9rEztq4He74oYUXTmfK4rHcP20iR3d2mIXTp7Dt2tlMHnj40RUzJzGDqcw+ksH/orZt28aMGTOIRCKMGTOGCy+8sMN+G9u2bWPBggUsWbKEUCjE1KlTOxz/rC1evJi5c+dSXV3d9llBQQFXXnklY8eO/dyuK04uAwfu+3f2F7/4Bd/73vcAqKioOF5L+kwdSbAqW2oLIYQQQgghhBAns8W/ZeYBOUaYhdNnsOh4rEcclUgkwowZM9Bac99993HHHXfQo0cPwuEw69evJxwO06NHD+644w6mTp2K1rothP08zJkzh8cee6xDqApQXV3NY489xgsvvPC5XHefMAunT9rvmU5+Nmn6QsLtP66YyaRJMzlkjBdeyPRJ01kYPtSg46Ni5iQmTdr/nxNzrft79913aWhooKGhgXHjxnHeeecxbtw4GhoaePfdd4/38o4Z2bxKCCGEEEIIIYQ4iXUfO5bt71dAu+oxwmtYzAQmlC9ie7uxFTMnMaN92jqhtVK0gpmT3qfHLduZNWszlN/CD/crTEyeW84t909jYmGqonXW5tTR1s+T1aqzNgMzJiWrZYeuYfqUbVw7FWa0XnzCwSpU253fOnOHittkFW7bLXSY51DHTlxz5swhEolw3333tVWhzpkzp0N/xwEDBnDXXXcxcOBA7rrrLmbMmMGcOXO44447PtO1bNu27bB9JV988UVOOeWUz7FitpCS7jDr/Qomtz3T1WzbXE55+WLWhCfS+jhUvL8IJkzlxP8tH8J+z2l44XSmTJkOqX/PTlSvvfYal112Gffffz8Aruty//33s3v3bl577TXOOuus47zCY0MqVoUQQgghhBBCiJNZyVDGbn+/Q9VeeM1iGDua9tFXxcxJzNh+C/fPns3s2bOZPXUCLJrRrjJwEbO2XZs8Nm0ieZ2e2y5UXTy23VzdmTVlJhUUMnHa/dxSDhOmzm4XiC5ixjM9UuPv55btM5h0QJltKlTtPjU55+zZ3H9LOZtn/TZVwZeswt1+y/2p48l5pi8M0xqqMnV2J8dOXK0bVY0ZM6bTUHXAgAGkpaWxfv16Hn30USD5+vWYMWNYsmQJ4fBne38LFiw4onHt+8B+HgaOngDb9+yrTq14n0UTruXa7pvZ1lZIG2bPdpgw+qSOVQ9QOHEaUydsZtb8E/91+ksvvRTbtjv881mH/Sc6qVgVQgghhBBCCCFOaoUMHbud+W1Fq2HWLIaxdxZAu/xr4OTZzG5/2sDRTNivWUBnIVX1wunMWDSBqbNbe61WMH8W3HJ/u96rAyczdcIknll4KdMmdrbGcm65s3V8IROvncCsGe9T0aGitJCJ02bT/vTCoWMpb72JivnM2jyBqdMKDxgfXvhbFk2YyuyB7ea68xYWT5lPxcTJJ2xF44oVKwC48MIL2z4bO3Ys1dXVXHnllfTo0YPly5fz8MMPt41tHb9kyRJWrFjR4dx/1v6v/x/M9u3bDz/on1HQg/LN26gGCoHwnu2U97iUgSUTmNFWyZqsYu1RkDonvJDpU2aRLHbeV1l9gEOM61DR3a6SNNkH+P+zd+/BUZx3vv8/I2SDcBBCIwwGjIafNCyyl2xZchkkjeLgODipDbaTjRE4KQLJOXtyMGASJf4tSTBgZ+NdYhJuZnezm4KlYkD4t4kN2eOFeE3wCGRcoFTFJwgjCCMjxE0jiYslrurfH90z0zOakWZgxIzg/apSgaZvTz/9PN2t73z76dma/fEGK5t6ihZtnKz3gxnSU7RoY6idhWVzF8xOeJzivPwCyXtSZ1VkLle/XrNsqebBLO6z72pZVaPGTtmlXbukKYtWKH9rlRrHTtEu8wNtnFMUuzz16zXrFWmKtXzYunsxbdo01dfX6/Tp08rNNb+GaW1t1blz5zRt2rQel7127ZquXrsWc/pdmZnKzOwfIcv+UUoAAAAAABDT8IkV+jgQWT37obyq0Nzh0odR5g1/hF+a0tOKj27QK0clTZkeCk6ePamPdVS7qmZpQ8TsBbNjrWis7rPHavLyVSCvTp6V7osyd/iQBQWqkBlcU0GF8qLM39J4VNr1imZ1G1S2x71LucbGRkkKe6w+Pz9fCxculGRmtAaySJ1OZ9g89uWT5dChQ3HN1+eB1eETVVGwQe/Xz1FRUeCLguGS8lWwywzIF509qY8LKvQlM0Ko9VUbNHbRRi0pkhkwrFqv+zZGBtVjz5f37jIrK/sxDbcyoJfl24KMu7zSio3aaA138cosadHGjZpjzWt+qTBcql+vqg1jtWjjEpmbmKWq9fclNCzF8PvGSsHAcr3Wv/KxZq/YaAaA69dr1iv2Lwx26eP8Fdq4cbiks3pX0q6PzezwQPC05/LYlq9fr1mvrNO7E3sehuAXv/iFSktL5fV6dfbsWVVWVkqS3n77bR06dEh/9Vd/pV/84hc9Zq+ePnUq5rQxY8bEXVepRmAVAAAAAID+bvhEVXy8Tu+eXaKJZhSqW4ZcKKA6xQqyWI/P9yiUmbd+8kaFYkM9ZATqxh9PDwZUC6wA19l3tawqzsfO+8mYqnYtLS3Ky4sWKjbfrL5q1Sp1dHTI6XQGg60BTqcz7gzTZOurF2eFmOOsek+elYpa1Hh0rCYPl6SJqigwA/J59nZe/752FczWisDhL/qSZhdUmYFZe/XWv69dmqJFwfnmaONGSTqrd71HVRDsN0X60uwCVXk/1NnHrBzqKdOt9m6WTWMnW4HNPOUXKDiWcf37u1Qwe4VCRZmtgiorGHxDdVGkORuXBH87e/JjSWNt0wtUMTG8IxZUTAz2/97LM0XTAx05L18Fih00P3HihN566y1NmDBBTqdTDz74oFpbW4PDVEjSgw8+KKfTqcLCQq1bt05PPfWURo8eHbaezMxMZWdn6/z58922kZ2d3W+yVSUCqwAAAAAA3AaGa2KFtO7DeimY3WcPcJ7Vh96jmrLIHhyNQ0G+8gJBplfWa/LGOSoafp/GyhrrMu7nmz/WybNSUWD+lkYd1VhND1u+Xu/vih2wDc/iC9ft0el+Ii8vL2aWqNfrVUdHh+6//3798Ic/1ODBg8Om+/1+FRUlL5CcaPZrY2NjH77Ayhxn9ej7Ldb4qpM1R1KonZ/VfY1HNdaMtprBxqO7VDUrPIe64ORZ2VOcY2c9t6jxqDR2+s22HnPc16O7qhRelILw9t/bWsLKGf5Ct4KCguSVJ4E1SVJtba0mT56s4cOH6/r16/rc5z6no0eP6pSVfTpy5EgVFBTo+vXrcrvdysnJUW1trb761a92W1dOTo4uXLwoo6sr+JkjI0M5OTkJliq1CKwCAAAAAHAbGD6xQqp6RRsKZmtFjADOx8HojvkiqF2K77zkVNsAACAASURBVGH54Y/N1WxvlV5ZP1kb50QEWiXZXx4VPXBrvoznsTlF5ra3hrLo6iPmCwVszce2j1pDAQSyEIOPXCsw9uUibZwzXVM2vKJ1704MTgu+YCvB8S1vpfz8fNXU1EQNUn75y19WUVGRJkyY0C2oGm0IgZsV74ur7PP36YuK8vJV8PFJ1eeb46sGDL9vrI6+/6FOfjxFk+eEPlNBjGNt+34hdnDezDr1JhL9jMrMZi2oiG+c0ujML0E0drrVDayxhQN9zRoXNSnlSTDh+ciRIyopKdE1a3zUwYMHa+LEiZo4cWLYfIHpw4YN05EjR6KuKyMjQ0Ozs9Xe3h78bGh2tjIyMhIrVIr1r9ICAAAAAIDohk9URUH4Y8C2iXps7mxpQ5VmzZqlWbOq1Dh9hWYXSLvej+ft4+byBbte0fr6wJvLd+mVWbOs9dmDqsM1saJAu16ZpVnrA+su0BRtDW57w9hFUQI9RZqzaIq53KxZmjVrq/JXLNIUHZX3w7NmGZYs0tjgPswyx8ScU2Quu8K+f7PSPqgqScXFxZKiBzV37Nihf/3Xf405zb78zaqvr1dNTU1CywQCwn1m+ERVqFHvNyr8UfeiyZrysVde5YcyT4sma8rRDfptoLmdfVfLZs3S+simbb2w7f2w+Zbp3bNmmz3q/dCKw9brtxuOxuhLPSuaPEVHN/xWoU0s06xZ6xVPLzPnX6cNRws0+0v2byjMjO/AlxK3sjwBbW1tysjI0JUrVxL6ycjIUFtbW9R1Zmdny2EFUh0ZGcrOzk6wVKlHxioAAAAAAP1SkeaYA0RahuuxJRv1WKzfhz+mJRsfUxjb9PB1mcHTsNkjli+as1Eb50QvWdiyZ09KkvK/tCTq/EVzNmpj6BdtjJwprFzmPkfdbLT9S3PDhw+Xx+NRTU2NKioqwh7tr683Q1+RL4oKBEE9Ho+GD09O2HjlypU3tNwrr7yif/7nf05KGbobrvvG7tKGXVO0KOyA5ylfR/Vx2DjCZmB9WdUszbI+KZi9QlaCtE33+aYssl4K9dgSLWqcFRpOYMoibbyRrNOiOVoxe5mqZgVLotkrIl+iZdPtpWu27FQpmKm9oWqWNqhAsxfNVsEr3vgf5U+0PDG0tbUpMzNTV69eTWi5zMxMtbW1adiwYd2mZViP/re1tionJ6ffZatKksMwDCPVhQAAAAAAALcp6wVUFTFfdnVn6+jo0He+8x05HA4tWrQo+Hh/Y2OjDhw4oJKSkuBngRdaGYahn//8592GCLhRv/rVr7oFcOMxduxYff3rX09KGZDefv/73+ujjz7SpEmTElpu3759+ou/+At99rOfjTnPqVOnNHLkyJstYtJVVVX1Og8ZqwAAAAAAACkyePBg/eAHP9BPfvITLV68WBUVFZo6dary8/PDgqw7d+6U1+tVVlaWfvCDHyQtqCopanC0sbFRnZ2dwd+zsrL69GVVSG+ffPKJBgwYoOvXrye03IABA/TJJ5/0OE86BlXjRcYqAAAAAABAinV0dOhXv/pV2FineXl5amkJvWHI4/Ho61//elKDqrHs2LFDr7/+evD3r33ta3riiSf6fLtIT4cPH9aKFSskSYMGDdI999yjIUOG6J577tGgQYMkSZcuXdInn3yiCxcu6JNPPtGlS5ckmZmf48ePT1nZb1Q8GasEVgEAAAAAANLE2bNnVVdXp8bGRrW0tCgvL0/5+fkqLi5O2piq8ejo6NAvfvEL1dXVqbi4WH/7t397SwK6QLogsAoAAAAAAAAACYonsNr/XrcFAAAAAAAAAClGYBUAAAAAAAAAEkRgFQAAAAAAAAASRGAVAAAAAAAAABJEYBUAAAAAAAAAEpSZ6gIAAPqO8Ylfl99bq2u+fTI62nqb2/rX0dfFukUcyhh6n7Ke+kdlDC9MdWEAAAAAALcZMlYB4DZ2addKXT34X70GVQ3DkBlQvV2CqpJkqOtcszp+871UFwQAAAAAcBsisAoAt7Frx2rjmu92CqdGMi6cTnURAAAAAAC3ocxPPvkk1WUAAPSVK3Ge4x23c2hV4loHAAAAAEi2TPPxTwAAbl9c6wAAAAAAycZQAAAAAAAAAACQIAKrAAAAAAAAAJAgAqsAAAAAAAAAkCACqwAAAAAAAACQIAKrAAAAAAAAAJAgAqsAAAAAAAAAkCACqwAAAAAAAACQIAKrAAAAAAAAAJAgAqsAAAAAAAAAkCACqwAAAAAAAACQoMxUFyCmw5s0d2WNXDNf1gsVzp7n9Xu1fHGtSl9+Qb3NmtRlbwG/d7kWb/Z1n+CaqZdfqJBZ5MPaNHeltHCdnh0fWGaMFq57VuNjrjP29L53WJvmvqn707TObxm/V8sXb1aUo2vyLNS6J06ndftMjNlOa6JN8izUumdT1Bo3zdVKmdv3e5dr8fGnU1OWw5s09837bf36VvuRBlf9tTKOr9TFrdU3ML0HT2zWkL+Urq6YqUsJlGWAJF2q06XXntPVxLbYt6zrU3eemzyv2vpI2DkeNyvmtTSJ5x77uSTK1LDrdCr4vcu1uLY0Ze0q3mPQd+X0y7t8sY4/nbpjkFxmm2qKeZ/c2/RwidR7Sq+V/Vqs+yCXZt4W93kAANyZ0jSw6pf3zRp5PB7VbN6hwxV9GAB0VuiFdRV9tfbkiPKH3+FNc7V4uWLfALua9OZyr74VOf3wJusPmzF9V17EJ6ztxfqDb3z6t8+ERPvjwfxDY/n98f3xl2zjn12ndbd8q2ls+Lc0+Ilqdeywf1iprOfMQKdxK8rwxIMakI4BVbsogU+/d7kWz91048HVw/tVQ0C173S7lprn3bmbUvfFzh0njmPgrHhBt9Vlr6/V/lKbRrwQce/gl3e5GcBzxbka6v1W6X4f5Pcu1+LFmzQiZQkPAADgZqRnYNV/ULU+j55+4WGpZqX2H35W4yPuNA5vmqtAwpDL47FPMbMhF5aqdqWVDeiaqZdfGKEdwW+JbTc1YRmr1rIzx2jz5sD3yTebgdQ3xj8xU67Fx+WXYvwBXqrSMbU66K8Iu3k7vN8KWEdNG0wjERlhnogsH/vxt2Yw/yg7vElmUpDtmPm9Wr74uJ62PgvPmknzLAF7+5S1HwullYGdD2a1BjJfI9prL/WYHsbriZkuLa49KH9FIKBk/rEdOkwRwaaIbN9gZrvfq+W/lErHbNbmGkmehXr5/jcjsnDCM8cCWWYv3/+m1S5Wam6TuT3/prl68/6FKq1daZXFbC8jdtjOP2HZQBHZKLYggpnhU6qZTZuD+xVc1nacFs89ntJzTtfZBmWM+pGkH4c+LP6MBsin65dc5vgxxa/pU1Pcur5rqjrrrHkSyEodNKdWmZ/Uqev+YjMrVdL1/1uqjh3SXdN3atD9QyS5NKiqVnf931J17KhU1nMLlTnImrn1P3Vh/Y9jrD11nBVPy7P5TZ32S+OdUm/t4Zcq1ZjNm1Uj6eHHXNr/rtkwFs/dHOyr4ecre/8+rE1z9+v+mU3avNknuWbqu6W1+tnxp7VQKxU6RazTE6dt6wgLbEX0M9nbcxzXw1j9MFi+6PuePpyqeGGhjs9dqU0PB86NPdWJetlnSdoftt/dzrn7befkbkH08DqLXHfM6541bf/9M9W0ebN8weuafX0uhd0qpY3ux8CeOamIfhK9X0Rex6O1PWfouK6ca8vijDje9nYaeT2ZOFH6cGhYH0h1FrAkjSktVdP+wwq7UfYfVK088rhq1GSfuVu2fahPR9Z7rOtVqO5D10qnejomcZxLeitXrGtnYHd7ag/94D7I+UCpXDoe/L1b9rv9XtAf/YkJ18yX9cKIHbGnpe2NLgAA/V9aBlb9B2vl8zyt8RoveaSV+w/rWdsN4+FNc7WyaaZeXlchZ+CmWC6VBufwafObpXp53To5rRvsxXNdmvnyOq1zWsvvOKyKqHdWPm2uDSxrrnvlpofT8A/C3j3w8Bj98qBfFbY/dPfXePTwQqV3YDUYHF1n3nT7vVq+eLm81o1y+PEPzB/4o+xheRQejA+1J9sfDuteCC3br7IEarRy/0KtW/esVS8rNbfGY9WV2V7f9D5hC9bFrsf0Ze5HbenLWveCFQrdNFeLN42w+uFhbVq8WWMWrtML42X+PnexNo1Yp2edknybzWXXWSFab3xbdVa8oJcV/nijX5Jv85sqtZ87Fs+Va6a1/sObNHdlIKs+FLBdZwvQLPfa/qCp2azjgemHN2nuyl/K+8ALqhj/rNYtVIqHArCce0/Xhz+tQVIwQHpXoVs6+56M4VbuU917ul5arAGFlVKdOSzAoFEuGcdXxvmov+S43y1jV6ku1FnB1L/crEE7ZurS1qm6+sRmDSlstTJWraBqx3/qwms/lqzfh8xRWgZXQ3pvD77NtcG2JUnf/HT4cBChYVteCJ2/wjJia7T5+EKtWxcI1taaX0YuXCfzFLFci1fOVY3Hmsfv1fLFb8r7xAuqcFrXzjELte4FW/B/s9UmnVLP18Me+uH4OPpC2hivhz3Sm6f90nj1Uic97bO1upom3W8dU7P+N+lh2/WlpiZ0Tg5/8iT02Pa6YGB7sZbLrLOer3vWujcfD53vI9dnBYTlCt0ppQ/7MejePiL7Sc/XcTNTM1SPtrb3wstS2JMhkX0gSgZz2PXErNPQ/YVfB2t98jz9QmrP2SMeUGntDh0275olmfc9Kn1a99faAquHN2nuyibNfHmdLeC5MvY9bqzrVbRrZa/3Vj2cS+IpV6yyOGU9iRU6T4Ztu5/cB/kP1kozvxXffej4Z817wMCy1nXi6QqnpJ6mAQCAvpJhGIbS6+cj7djsk6fELcMw5J46Q66aN/VeS2j6/hrJ85RHuYYhw8iV55sz5JKC65Ds090q8UjyPCVPrjndXeKRmk6pxTZ/9GVzVTTZFTbvrf+RpMjPWvTeLzfL5ymR21ZuRS7jLtGY2j+Fyv7RftV4SuQOzp664xx7+y16780aeZ6fGdw3I9ejb86QNu/4yDx+M1/Ta98PHCNzPz3B/TePd83+j4Lr+1NtoD19pB2bpRnftC87U897avTmey0prQ/DMMxHrHupK8mlGVPdVr0UabJLcs2YatWV2V59x1viqsf0Oe5mn3dNLjKPy0c7tFkz9E1PbnAe98zn5bHOAy3vvaka1wxNdQeWd2vma69ppjtUR5OLcm3r796HwvqL7NMj5lWUc4c8eipQNneJPGrSqUC5PM8HyxE4N2nzDn0UWLe93O4SeeTT8ZbY5UxWnSemWtfOOpXxROD3SmUOl64faYiY54Icwz+juyRJP1JG7gVdP5LA2Kut7wWzXa8eaZAhpxzFUeZ74mllDvLpajCIWq3O2joZuZ9RVrT5Y0huvUrRjtVHm1aqxjVZRbnxtgdz3ujrta6Ftj6c6/mmZrhC5ytJwWtlcHlbG8stmixXt3NGoM3lyvP91/TazNDy5vzxXQ976oe973sqfqIfM8MwlDsmcN6Mr06C546Ic0/k+cJc1jw/BOvTdjzdU2fI5avVn2zntdB5z62Zz3vks+qs5+teYNuhewLjo/2qsZ+rcj365gxXzDpIn2MQOV9kP+nlOv7RDm322fbbOqbfD/xurzNr3ueDx9u6n7Tdc4ZfTyLuL1r+pFqfRyXuROsheT9me8xV0eQm7f8o8HmL/lQrs9z2/XXP1GuvfT/YPoP3x1Gvf0rgetX7vVVP55K4yhWzLOa9Tug+KLC+mXKn7X2QT5sXz9XcuaGfxZt9tvZvRNyXhI51t/W1vKdfbpZmvGTbx3im8cMPP/zwww8/cf/EI/0yVg8fUI1rhl4KfG3rfECTXVv0fiDz0n9aTXJpsv3LV+eIXkcMdY3px9/W1qzSc5EZpq4Zemlmb99tj1fJmLeCwwEcPlAjT8lMSQf6qKDJ4FeTT6pZ9Vz3wf0jHmP0e3+qF7f4uk0eX+KRVh3Q4ZnjNd5/UO/7PHpqvKy241PNi89pS8SqXTOSuxe30pgR0dp2/PV4a/m0JWr9v6TvWxkV/tNNkq9GLz7XbS7NkORv8kljnkpdhpBrTNRt+80K795XU1vhN+TqkQYN/CtrOIDiz2iAGnS5TsosjZjn/lwNkHS1+D5lXDLnSba7hjqlSw26bv+w7qS6priTv7FE+LZEaaMePf+amVF4+GbbQ7RrnZwakfDw2GMU9RRhc3jzc1oVLKdLk+MpXg/98HboC9HrZLymznDpxcB51fO8Xuv1Omzn0phu9y4+NfmlEdHq0zlGrvAHuWNe9yL5TzdJrskK39xtMLZ6L9fxaPsde1VR5u3lfnJ8iUd667T8Gi+nv0k+T0laPO3ifGCymnZawwH4D+p9TdY3ndLBaDP7vfrpi1tCL8682W6ZrHurGyqXea8z5qn+dB/k0oyXvh+eMXt4s55b9Za8U7+fQCbtYW1+cYs046Uoy/Q0DQAAJFtmvBHYW8Mv71s1kk/d/2D17dRhzwy5Dfu3tuGzhH8WMb1btDk8Ah1rWcP+rfzN7t4NMAxJnue1dkaUIEK3MpnltpfZXTJGq3YelmeGdKDGo5IZhoyGWMvfWtGOYYDn+bWKvsuG/N5XtaTaJ8mj59d+T241aMu8VQoeN3eJPFqlA4dnKPfU+/J5nrJl9rpUuex7UW80U9sXDFuGgv1jW/tUZFvtvkzkvz3VY2qE13/DlnlaVRPKLjLLJslVqWXfi/ZIvKFQ842yD1H6c+w+HF7X4ctEzBnt3BFteg991R9XOZJ/rnHcyEJ17+l66beUVSxdK3RLZ3+pq4r4Jq7uPV0vXaiMJ6S7hobmSVdJb/Ox2qj9+N1we4h1bbJtI57rlW1C8FxhW8bsf9a+rK2Q0+/Vq0v2xXU9DBUl5kk8zuvWrRGrb0tmINg12jwH9VYnuZ7vaa1HUsMWzVtlBo9dlcv0PdtFxQivsG7nlu5FiFGftvW09Hbdi1i+5/Neeh+DsHYWtU3Hvo6bQ7/E2sfw9t/T/V30a67M+wvfW/pTi0cjD9TIUzIjxfcOkmTIyC3SpKb1eq/le3rg4PvSpDlmdqgUuv/1e/Xqkmr5ZN4bfM9tnQOk3uvdvi0j4lj2em/lD1vWKlJo/QmUq+drZ/TaSb/7oCjnAffnVelaovf/1CJPXOcSv7yvrlKN53mttd0/mXqaBgAA+kJGqgsQxn9Q+3wuVS5bq7VrbT/LKuVSjQ40SHKO1Bj5dKLVvtypiJwOBLlL5Kk5oIaGA+YwAKkuT69yNdolNZ3yx5ju18F9PnmeX6u1a2fE2B/rcb0DXnPeEmuuaG3nttVbPaYH94xlqnTVaNWrXgVK6hw5RvKdUKzDlGvumNJtz9K1XDemWtfOSgMKf2QNAxDtEX9zOIABo17rYZ6bd/WcXxqUG3zJlSSp+L40u3h1d9PtIer5yq9TSbvYNehAjXW9jfolRs962r/+1RcadKBGGjPSqYTqxD1Da9eu1bJKl3z7Dsa5r9HuXVwanRujzlpPWNl78Vz3wkU7j/qT13iSzH4MetHLdby360ev8/Z6P+lWicenfQe95pfVaXNT5dQDk6R9Bxt0cJ806YHudek/uE8+z/NauzZ6oPHGN31z91Y3V66e7nX6x32QXVx9QJLfu17VPo+ej1JhPU0DAAB9I63+NvUf3Cefa5K63Q86K/SUR6o50CDJrc9XulTzViAQ45d3fbV83dYGk1slnhqtWlUTCjCmNacqnvLIV71e3uC9sF/eV+fp1dAHthtl65v5iLW4SzxSTbWqfeYfrdanZttZtUWh0SIbtGXePG1p0G0mvnpMPacq5lTK5avWksBBcH/eDLbaD0rDFs2bZx43Z8VT8viq9bvg5J73y/zjeZ8OWpP93re6PxaYjD2xyrXeVg6/91XNswWN+5OrRxqk+/9amWrQtRiP+F890iAjt7jHeW7ajjd17ZJLd835kfVBpbJKi+WwjdGajm6+PXQ/XwX+YH4qac922oMhDdqyJP5raU/9sP/0hVBmVygG0VOdRF4vzICna9IDcQemu927eJ5ShTNae2nQllU1clV+PhhI7e26F8Y6j77lDZ74tL46He+Uoh2DnvRyHY/cb5nZj/OiXeS7XWvCj0nMEpR45KuuTrsvq50PTJKqV6laUe6jA2zBe7/3VdtwFzcjCfdWN1yuwL3O70Lb9nv16rxX5fX3l/sgSQ2/U7UvFKjPHe2Sag4E96nhd7bzUMMWLamWKpdF+ZKlp2kAAKDPpNFQAA3aWe2Tq3J26PElm8Licmn1W/I+XiWPp0oLmuZryTwzQ6q8slIu377QAP1S2KOS3R5fjPaIZaxlg5NT9OicrWw9zWUvd2SZC4vLpRqpuNDaL/v+92HZey6vT9VL5ik8x82lyqVV8hRWamnlCi21TXdVLlWVJ1eGIXlmV2rf0iWyDr/KFyxV5balqt5/WJWF1q1kYbHKVaM9rknWSy/Mj3OttrNqXuiuvXzBGs0ojP0Y2a0R47Ffe/uU7f9G9GXC2kuP9Zia1hzZvyRJuR5VLWjS/NWr9OroparyOOWpWqCm+asUOkzlWrBmhgoNQ4YKVbm0UiuWztO84OQFWuPJVeiJQ9s2Ciu1oHy+Vlv14KpcoErXajUF+ovt/JBbNEmu6lWaV2Nuz/44ZGC95j8Rj1YbhgwjUK5Q25SrUkurzBd2hIoWbVmZbda3Wkvm7TP7QZJiZzc0FIBkPepfrAFn34v9iH8889y0anW+JmU9t1BDqv7a/Kj1P3Uh+DKr+CS1zcd1Dk20PXRfb66nSku1QkvnBVp6uRasqbT6QRzXq26P0NrPGYWqXFCu+avmWQE6lyqXLlD50tXad7BFHk9v6++hHxq5Pe57yq6lNfZzSqBYS7XG47TaR291Ejldtn2OeJQ6uFHZ7i9cqpzUpCWB4+mq1NLKwtC21yzQlvmhOkvkutdt28q1zqOBZcpVWemSeauUzscgvJ3J9v/gnvV4HY/cb1ltr1CGIRVNcql61TzVlC/QmhlueaqWSiuWKtTFFmhN4JiEHT9bga37CxUXKjXX0oCIPppbpEkuSZOsF0GGdsC8vnlmq3Lf0uC9s8oXaGnlNi2t3q/DlYUKfAcdvd7DtxV5rXT3eEx6Ppc4EyhX9Gunda8TPIjmtj25hozcdLwPin3/Wxg895t1EqjP8gULVF6zTTIMHd5vftZtHeULtECxp60hgxUAgD7jaGtrS5fIKgAgyQb88ot9uPZKZT33Lal2alpnj0rS9W+9neoiALgtNKh6QZ2KV1eSFQgAAHCbe/nll3udJ40yVgEA/UrxZzRADbqc5kFVKbUvKgFwG2k4oD1lxZqesqd+AAAAkE4ye58FAIBwg+bU6q7cC7q2a2ofDgMAAOnCrz0/e0lbG8s0bxW5qgAAADCRsQoASNil9aW6lOpCJIBrHYCbk6uy76xUmRQ+7jkAAADuaBmpLgAAAAAAAAAA9DdkrAIAbntc6wAAAAAAyUZgFQBw2+NaBwAAAABINgKrAIDbHtc6AAAAAECyMcYqAAAAAAAAACSIjFUAwG2Pax0AAAAAINkIrAIAbntc6wAAAAAAycZQAAAAAAAAAACQIDJWAQC3Pa51AAAAAIBkc5z/+Wf4axMAblfXr6S6BOlhwN2pLgEAAAAAoB9ZevzhXufJlMNxC4oCAEAKca0DAAAAACRZpq5dTnUZAADoW1zrAAAAAABJxsurAAAAAAAAACBBBFYBAAAAAAAAIEEEVgEAAAAAAAAgQQRWAQAAAAAAACBBBFYBAAAAAAAAIEEEVgEAAAAAAAAgQQRWAQAAAAAAACBBBFYBAAAAAAAAIEEEVgEAAAAAAAAgQQRWAQAAAAAAACBBBFYBAAAAAAAAIEEEVgEAAAAAAAAgQQRWAQAAAAAAACBBBFYBAAAAAAAAIEEEVgEAAAAAAAAgQQRWAQAAAAAAACBBBFYBAAAAAAAAIEEEVgEAAAAAAAAgQZmGkeoiAAAAAAAAAED/kklcFQAAAAAAAAASk2mQsgoAAAAAAAAACSFjFQAAAAAAAAASxBirAAAAAAAAAJAgMlYBAAAAAAAAIEGMsQoAAAAAAAAACSJjFQAAAAAAAAASxBirAAAAAAAAAJAgAqsAAAAAAAAAkCDGWAUAAAAAAACABDHGKgAAAAAAAAAkKLOLyCoAAAAAAAAAJCSzi6EAAAAAAAAAACAhvLwKAAAAAAAAABLEGKsAAAAAAAAAkKDMLgZZBQAAAAAAAICE8PIqAAAAAAAAAEgQQwEAAAAAAAAAQIIyu3h7FQAAAAAAAAAkJDMz+95UlwEAAAAAAAAA0sfF3mdxGAYpqwAAAAAAAAAQUFVV1es8GbegHAAAAAAAAABwWyGwCgAAAAAAAAAJIrAKAAAAAAAAAAkisAoAAAAAAAAACSKwCgAAAAAAAAAJIrAKAAAAAAAAAAkisAoAAAAAAAAACSKwCgAAAAAAAAAJIrAKAAAAAAAAAAkisAoAAAAAAAAACSKwCgAAAAAAAAAJIrAKAAAAAAAAAAkisAoAAAAAAAAACSKwCgAAAAAAAAAJyuyLlZ47d07nz5/XtWvX+mL1QL+UmZmp7OxsDR06NKnrpb8BAAAAAIA7TV/FWRIqQ7JXeO7cOV28eFFDhgxRZmafxG2BfunatWu6ePGiJCWt09PfAAAAAADAnagv4iyJSnok5vz58xo6dChBHiDC3XffrYyMDJ07dy5pHZ7+BgAAAAAA7kR9EWdJVNKjMdeuXdOAAQNkGEayVw30ewMGDEjqI/v0NwAAAAAAcKdKdpwlUby8CgAAAAAAAAASRGAVAAAAAAAAABLUJwMz8lgycOvQ3wAAAAAAAG49MlYBAAAAAAAAIEFkrAL9HP0NAAAAAADg1iNjFQAAAAAAAAASRGAVAAAAAAAAABLEUABAP0d/AwAAAAAAuPXIWAUAAAAAAACABJGxCvRzN9vfGrbM1+o90aZkakiuSw988W/0lcljNPimttIf+FWzYqmqRy/QmhnumHPFNrOlXgAAIABJREFUrK/MIRrtnqTP/83nVTLiBmuro0k1v6rXiL/9vGKXIBqr7KrU0iqPnHHuCwAAAAAAuHF9ElgF0N9kyTWpWKPDzgidOlH3R+17fYWaOv9OfzdlRKoKl4a611fn6XrVN7yjDT/epz/+z7/TnE9nJ7xWf121qj8crQVJLCkAAAAAAOgbaRhYtTKtfN2nlC9Yo/ROvmrQlvmrFTX5Ty5VLq2Sx2nOI2tfGrbM12qZWWX2//fGX7NCS5uetOY166zpyd7qp3v5XJVLVeVx2lesFUv3adLSKtk/xu1uhCZ9cUb3Yz7jtH738o+1bdv/0R89c/Tpu1JSuDQUo746DmrLj/9Je9b/q9w/upV9yClP1Rp5btXmAAAAAABAOg4FYMgwpPL5q1VpDxL6a7Ri2Xxtifw8rRiS8jV9SayAihGqG8PcT8P2eWHlaq1WfPVnzmPY/g2tM6qGai1Ys0f505dodbBwZkB2/vvTtaTKI2egXNZ6GdGhf7jZoQDsbbD7qu7VQ57R2vZrv86dM2QEm85B/cfrr2vPkQu6pkwNKSzWk1/5iiaNCTwC71fNimXaOuYbmp/5tv5p9xlpyCOa/cOv69NqUs3W1/X2H0/owjUpc8hoffqLX9N0T/hwAx1N+/TrX29TXa/b+LZ+PLFeG17foyMXrikz6159etrsiPV1qGnfr/Xrtz+Ur7VT1xRtu4H9N3qs0x7rK6tIlf/zUdX9bLe27Tqm8r9xhab1UmcN1Qu0Zo8k+bR6/h6pfL5WV7rjLLtVFwr05Sj70hFfvQMAAAAAgPikYcZqDE6Pquaf0II11SpeXWmOP+iv0YplW9UYnMke1GxQ9YI6jZ7epK1bG6X86Xp+0j69qUkas3Wr9igUvPXXrNCyrY0x1rFNo6eP0datgTzPcs0PbD/JGqoXaI0CwZTIcoW2G/p8jRY0/bX+Wv+p/2yUtGaBmqYvCc9AlbUfa/Z0D1bLKU/VEmnFMm2oKYqynMICslVF9VqxbJ8m2QLH9jL7a1Zo2YlJmt60VYFi50eUJ1ZdR+57cN4TT5qf9Xis0Zcu+Fsl3StZ2apXG/5Df/9Pu3V+xCP6yjeKlatW1b3za72+vF6++T9UpdsWptv3uv5pxCRVfvuLutqaJddgv2pWLNfW1kI9+pVvqChXaq17R7/eulxN136oH33WHG6go6Faf79mjzpHW9u4dkS73/599G388XX9475sFX3la/p2Vqfq3vm1Ptj6Myn7HzXbSrE9/bufafn2Vo1+5Cv6WnGusi6c0J7fv626rT9TZ9ZS/e+SxB/bj8nl0eO5u7X9iE9+ueSMs85GlH9bX7u6Va9/kKtp335co7NHJLHsftX8U+/1DgAAAAAA4td/AquS5C5WubbptF9yywy0jZm/WlVmlNXM2NpQo6JA9qX2aOuJ+Vq9OhCo3KfGrfs0aclqrbYCcv6aFVq2b5KWrK4yl2mo1oJl1RoRDJ42auu+SVqyerX1QphlWlNdHBYA7AtmAHKM5q+uCgVTF1SbwVVPlZbIFnTUw7pnxTKdeDJGNm9DnfaoXPOjFtkpz5Pl2rqtXn5PoN4Cy1VrwZomTV+y2gxg+uMo+J6tOjF/tVa7A8tvUE2RGQDtsa6Ly6U1dWqodFv17lf9vkaVPxkKqvZ8rJF8V3X6wOv6192dUv4kFWVL0mntqd6t85/+hn48uySY6fhASbE+veFH+rfqD/TZH31WwTDdtSJ9bX6lSoJJpjXa1yg98u0F+psHAgsXKavzR9r6xwb5PztCTvn09r/t0YX8r2hJ1Wet4/uAHphUrG0/Xq53IrdxIVefX1KlzzoDZRmhu767RnvqfZr9abckn/6454KGlP9vfbfSbcWHH9ADxSO04f/9N9UdOS0lM7CqIcodIan+tFolOeOtszEPqNA1RPpghFwPPGD1gySV3V8fR70DAAAAAIBEpOVQAIF1dF/NMI3Ob1ST35DhLtd3V5Ur9PhuriZMypf2WcvKkCGp7KHCYHkMScqfpAm5gWUa9Lut0vQXy5VrmPOrcLrmlT2vbTWf03fLrXVMC0wPbOO0WozCKIEIQ4YatXXZAm2NnJQ/XS9+t9x8RNfcQXMoANvjuqH/H9bvtjaqbN53VWiVK7f8G5q+7yWrXE7bOoxe6kzyn26S8idpWGAfu1XraOU3NslvGMoNzOCv0Yq1e1Q2b5XKA/UVmGbbTlj5rf38XKE1vfAhlWmPebxye6vrh1SmtTpweLoK3bICQWWaVmjIUG/H+s5200MBGJJitVtJGjJR3/iGddz8B7XvjDSiSPIdPBg2W0dmtnTmgBpaHtW9TqtM+UXKz7K1yyFDlJsp1W3foqIhX9TEMdm6S1kq/h8rVGwVxvAd0Aed0kOPl4XaiiRptB59vFDvbPq9/njqUT0+wpoyulh/mWtv+8M0erSkpkA/zdfjS/5BjwfWH5gtc5QKR0t1HR26Yhi6S6FG3eNQAFH6QbgsDRkmBftF3HUWMcyAWYGJlV2h81/YvsRT7zH3GAAAAAAARNO/MlajalD182u1N/Br/qT4F/Wf0Qk1au9Lz3cLKOVPv9Hy5Gv6i99V+c2kf/nP6ITyNSnX/qFT946+iXUmpFFb1zZKKtO0ZCXm9lrXbhWXSWvrGlTpdst/aJ8ay6ZFDLlwE8cavchS/iMPhb3lXllj5P50oSa6Rij4zqrW0zohSbv/Xf+8O9p6zqvJTNOM7q5Pa9rXJqrx9b3695/ulTKzlOuaqMcff1wPFY0wszmvXlWncjVmRPc3ZWXn3ivpiPznpWDKama8b9S6qg7/aZ04c0ZnGur1xw8/1JEzknRB53socuLO68wJ2683W2eSbrrs8dQ7AAAAAABISD8LrLaqqTFfY3Ile5Atf/qLWlXulH/Pz/TSvkTX2VMgtPUmy5senPeOlhqbFDN209qkxvwxssdxy+atUnHd81pbXaxVSRv2oOegs9uMrKqhMldn9jWqLBjVTdaxRmz3atIXKuP+QqBs3qobfomcs/h/aEnxeTXVf6gPfr9HdUc+0NZ//kC/zp+uH3y3vE8eSffX/ZvWvv6hWs03Pyk3e4TyH3pEE/+wW39I+tZadfqMpCh96kbqLFllT0W9AwAAAABwO0vDoQDsj8NGTDhSp70arXm5hoyGOu3Nf0YvfqdcuYFtWo+lhz/WaltP5PTcezVajWpqNWTkqgc9rCP63DEeEY6xToXXmRG1XK06fULSaPu+hpaLWWeSVFisMq1VXcN0FRZGTmzVnu17lf/Ii9Zj14akfI3ONVT4+DPKf2mtqotXanph2Fa6bSd2/VtLxFPXgXLWjNaJwDAAhszjHtexvjPdbH8LrieedjskV7mSDvlOySjs+YVHwZYZ9RgN0egJZfryhDJ9WVd1evdavfKb7dp9rExfzrxLWWpV0+krMu4Nz0Y933pG0miNsB79j7WNsM/Pf6BN//6hOh+apRefLVZucJWn9c4fdusPtuVDT/n3Xqcx68tXpw86pXuLC8w+lUCdhQ23IUkJl723femh3l297jIAAAAAALDJSHUB4ta6Rz9fu1dl86YrGBtsPBHKKT2yVS+90Rh92ZgK9fgz+dq7dquOBD87oq0LF2rrkR4W63Pdy9W659/1RmOZppX3GAGOub7p88q0d+1C/XyPPQu3VXt+/pLe0DP6RrT15pbrG/Zy5I7QaDXqg/rWQKG0fW/3xeLdp+51XajiMmnvG2+oMX90WLbfzR9rJMWIiXr0Xqn1v/9b9Z32CZ2q37RI31u0SR92xlpYulr/G720aLF+47N/epeyh9hewOR6SI9kSX94Z29EzvgJ7X7niDRkggoT6QZnfDoiaeIj9sCkpBMf6INkJ6V31mvrL3erM3OCvvCQFUS9mTpLUtnjqncAAAAAAJCQtB0KYO/ahQqP2eXrmRdXKhj/K5yueWULtXahNVf+M3pxXpleWvuB6lvLFW/8Mbf8O5p3wrYeSWXzAhmaN6JRb7y0UG9EmZL/zIv6Tnn85XpRP9dLCxcGSqV5K0NB5dyiR5T/xlot3Gt+XvRIvt5Yu1B7y+ZpZbTCF07XypXF2rrwJS20FS7/mRe1sofKyi3/hp754CWt3VqsldPNAO3CtdY68p/RvGfytfZEzMW77VNvdV1YXCbt3av8R4pCgdUkHWskwwg9Mr1M76zdq39ZfEKPTv+SJmS26tAH/609h65q9DNf0MSs2EvfVThREzJ3a/fan+r8Fx7VI6OH6MKJvdr9Xx8qM/8ZPeqSJJe+8K0y1a39jX7y0xP68uceUu61I9r9X7t1qHWIyuY9roSGG763UBMy9+qDX/5UWdO/pAlDOtX6h936bd0JXb3hM+AZffBfW3XCtnznmQ/14ZELuqYhKpv3DRUHY5bx11lWVpakP+iddwp1tahQRUkqe3z1DgAAAAAAEuEwkvUcseXYsWPKziYLCojl/PnzGjduXFLWlYz+duSN7+i1vfn66uKFcQepO098oN/85rf6w9ELuqZMDRqWr0eeeVZfLgqsoFV7Vr6s/09f1eKF5eHZx51H9M7G3+i9I826YI0bWlA2U89+uShsvshtDCko09PPfEHFI7J62Ub3zztP7NEbG3+rD89c0rXMQRqW/4i+9MwXlLv3Ja3aW6Rv/mSWJt5lLTf6Of38mdjfrJj11f3zzEHDlF9Ups996XEVRanH3utMUqdPv/2Xf9Huxku6lv9VLVtYrrsSKXtwn6PsS5z1DgAAAABAf5LMOItdVVVVr/MQWAVusXQLrAIAAAAAAPRXqQys9p8xVgEAAAAAAAAgTRBYBQAAAAAAAIAEEVgFAAAAAAAAgATd8Duxe5LkYVsB9ID+BgAAAAAAcOuRsQoAAAAAAAAACSKwCgAAAAAAAAAJIrAKAAAAAAAAAAkisAoAAAAAAAAACSKwCgAAAAAAAAAJIrAKAAAAAAAAAAkisAoAAAAAAAAACSKwCgAAAAAAAAAJykz2CgcNGqQLFy4ke7XAbWPQoEFJXRf9DQAAAAAA3KmSGWdJVNIDq5cuXdK4ceN0qbMz2asG+rXr16/rnk99SseOHUvaOi9duqT7Ro5M2voAAAAAAAD6k5OnTqVs2wwFANwiDocj1UUAAAAAAABAkhBYBQAAAAAAAIAEEVgFAAAAAAAAgAQRWAUAAAAAAACABBFYBQAAAAAAAIAEEVgFAAAAAAAAgAQRWAUAAAAAAACABBFYBQAAAAAAAIAEEVgFAAAAAAAAgAQRWAUAAAAAAACABBFYBQAAAAAAAIAEEVgFAAAAAAAAgAQRWAUAAAAAAACABBFYBQAAAAAAAIAEEVgFAAAAAAAAgARlproASB7DMNTW1qZLly6po7NTV65cUdf167p27ZquXLkiwzA0YMAADRgwQHcPHKh7Bg/WPZ/6lIbn5aW66AAAAAAAAEC/QmC1HzMMQ1euXNGFCxd07tw5Xbx4UZcuXZJhGDIMo/sCDoe6rl3T1atXdenSJZ0/d06S1Nbaqvvvv19ZWVm3eA8AAAAAAACA/onAaj9jGIYuXb6sCxcu6Mzp07pw4UL4DA6HFCWo6nA4Quuw5nE4HDIMQ36/XxcvXtTYsWPldDrD5gUAAAAAAADQHYHVfsIwDJ0/f17Nzc1qb28Pfh4IghqGERZUdTgcMiQ5bMuHLRMRPL1y5YoaGhrU1t6u+8eM0aBBg/p0fwAAAAAAAID+jMBqmuvq6lJ7e7vOtrSo1e8PnxgRHHVYnwWHAoiReWpIoaxWKxhryAy4tpw9q46ODg3Py9PQoUOVlZWljAzecQYAAAAAAIA7R1VVVa/zEFhNY62trTp1+rTOtbcHs0wdsmWfWgFRWdPsGardpiuUxRrkcCjD+sywBVc7OzrU2Ngoh8OhoUOHalBWloZmZys7O1uZmTQZAAAAAAAAgChZGuro6NDHH3+stra24GeBLNNAYDQYJDUM88c+JEAk67PAtIyMjLBgakBgzNXQYoY57EB7u06dPKnB99yjuzIzlZ2dLafTqUGDBjEeKwAAAAAAAO5IBFbTSFdXl5qamtTS0qLLly+HT4wImHYLoEYLqPawnWjriRqUlYLDBXR88okk6dy5czp+/LgGDhyonGHDlDtsmLKzsxkyAAAAAAAAAHcMAqtp4vLlyzr00Ufq+OST9AxQRslMvXzlis6cPq3Tp05p8ODBys/P19ChQ8liBQAAAAAAwG2PwGoaaG9v15///GddvnxZDocjLKM0LfSUDetwyOFwqKOzU/X19Ro6dKjGjRunrKysW1c+AAAAAAAA4BZLw9TIO8vJkyf15z//WVevXpXDylR1ZGT0y6zPjIwMnTt3TvX19Tp+/HjsoQUAAAAAAACAfo6M1RRqbGxUc3OzmfVpfZaWGau9MKyXZwUCqVeuXFFTU5OuXLkil8ulAQMGpLiEAAAAAAAAQHKRsZoiPp9Pzc3NZmaqYcgwDGVkZKjLMORwOILZq+nOMAyzrNY+BD6Tw6EzZ87o8OHDunr1aopLCQAAAAAAACRX/4je3WZ8Pp9OnjwZ+sB67L+rq0sOmYFJo79krTocZlmtsVaDrEBxe3s7wVUAAAAAAADcdgis3mJNTU06efKkmZUaeHzelunZ78YlDZQ3Stm7rIDr+fPn5fP5+t++AQAAAAAAADEQWL2FWlpadObMGUn9NIiaIEdGhhwyx41taWnR6dOnU10kAAAAAAAAICkIrN4iFy9e1HHrhU53DFvw2OFwqLm5WZ2dnSkuFIBb4szb2vkvf4oyoUX7d27Xtu0RP94GqcGrbTsPqCXebbQc0I7tXjVEft7g1bbt2+VtiPgskXUD6c5q59u84T2g5cBOW/tvkHf7Tu2PbPgx+0No/pYDO7utu+fibNe2iP7Y4N2uHQfodejnerme3Xwbj9FPA9fLsL5qfpZA1wQAAH0sM9UFuBN0dXXp6NGjutTZGXzR050g8GIro6tLDodDly9f1rFjx1RUVBQ+HiuA20rLju+rdpeUM26sdv7Nuxr3H/Pljphn4KhSPVGSF/GpW09GztiTtg5d7mnysQNqcZcocivAbWPgQA1sP6UGua0+1iKf394r3KqYlkinulnt+vOBFrm79W2gf4rnenbzGzmvDklZsaZfblZ9Q4kqbmVXBgAAcSOwegucOHFCHR0d5piq/eWlVEngcDgkwwiNJSvp3LlzunjxooYMGZLi0gHoK3lP/FTTRq/R9l8VqvQ/vhh/YLPBq23HBqtsar58O2vVmZWjtvZOjSqdqqH121Xfbs2XM0FPVkjeQ+YH9d4Gubv9xZmjUU6/DhxoiRLAbdH+nbVqDsSfBo5S2dQS6cBO7e1walRnszktZ4LKBh/TXvMXFU2rkFtmJt/ewMI5E/Qkf+0iZZxy5vh1rkVSnqSWRvmVo2EDA52lQd7tx5RVOlUP64B21DbrsqRhOTm2ddj6Q06OhkXbTEtoWXtf6CZnlJz+Ou1vmaqHu3U7+zoCX65I+3fWqtM5Sh3NVtkmlCrrWG2wDwb6V4M3dA6I/sUMkHw3fD2L2t7zwq8fA0eZ17s6c77mugNqmdr9y8CBo0ZJh7xqcEfpdw1ebTvUHvx12IRpqnBb/X5Ulpqb2yUN1KjSceqsPaQ22ftPg7zbzc/MeaL0WwAA0CuGAuhjFy5c0NmzZ0MZmndQpma3cWStfT9x4kSKSgTgljjztnb+qlClXz+i2qiPT0qXm2ttQwFEeZxfUptG6slpZkDoz+05Kpo2TU9Om6Bh7ce0v8Wtigk5knJUFCOwObRknAY313dfd0ubhhZP05OB9V32yxd4zrLdLxVP05OlozSw/ZAOqNicR+061SCpwau9fqfKpk3Tk9NKNarzEI9kIqWGDpb8jWYDbmn0S86RUTLfWrS/rlkaVaonp03TSIUCMS0H6tSsUWabHikryGLXIG+tX85Ss8+UjepUfcxGn62Hx2Wpub779Ja2bJVMs/rdhBxd9jcGH29u80sl06apbNRAtR2qM/vghByp/ZQaZH6ZUa8JwT47uLkuymPTQB+I43oWTfT23qD6ZmlUqXX9ULPqG/L0cPEoDdRAjSqO9YRFvopGderPUYYcaNBIq19Y/edUoO9dVnOHOa0o57Kaa09ppDWPWZYW7d95SJoQKGOWGdi9kToCAOAOR8ZqHzIMQydPntTlyxEPqzoccljTb3eBbNWMjIzg0AAdHR3q6upSRgZxfeC2dO8XNfUfzP9O+8vos8STcTZwsJU7l5cv58Ba1W/frvqcCXpy2lTz8+4RoAhuVUw4pR0HWuTOtn2c55Y7LGt1YCgQNdApV54kZWuw/MrKN8uYNVDqlNRyvlO63K6925tD6zvVILnJWkVqDMt3SnVmkNLnl5zFwyR/xEznGuW/PFBOqz27R+ao/pgUGDpgoDPfDOi4R2rYoWPhy7acV4cuq612u7YFP7QPPxDBXaGiUzu1v8WtobaP89zu8Cy+gYOD04Lbz86S/IOtPjhYA9UhSWrruCy1H9K27YeCy3Q0tkh5pNehj8VxPYsment3a2TOIdXXbte2gaNUNnWa2e7jiGbmlRTLubNeDSoK+9ztdodnrdqS0YeNNHvosMEDJY00+2t2lnV+aFPnZant0HZtC3arTvnoVgAAJIzAah+6ePGi/P7Iv25kvtTp1hcnJQLB4y5rCATDMHT58mV1dHToU5/6VCqLBqDfyNPDU6cp8Njitu2HzMcd41nUXSTnzjrtt+fwWX+EDpswTU9aj0wmhMf/kU7y8uVUnXwNkl9OleRJvqRvpIfH/6NwFzm1o+6AwrvddtVbmefuBq+2JdjtePwf/Ums9u6umBb8Ym/v9mazXefHs8Y8PTxO2uZt1KjgZ9YXhBqlsmkV1nA2iZSSx/8BAEgGUgb7EI+8x3bhwoVUFwFAf9FyQDt2HlCL3KqYVqpRAxNZOE8PFzvlb24P/3jgKBW5JTWc6j3x1b627Cyp/Zj1GHKy3ggN3Iw8uZyS/5hfl7Oyoz9KPDRfzoGXg0MGNJxqty07MPRYfrT+kJetwdZLqSTzsfzwt5RHK1KJSpx+de92RXKHbT8+wwYP1OXgsB4N8m7nrehIf93be4O8271qsL4sLMrpaeko3BUqUnNofHDLsHElyuv24rreDFPWwMuhYTsavDGH5QEAAD0jY7WPdHR0qK2tzRxX9A545D9R7e3tuu+++1JdDAD9QV6JSpw7tXf7dvP3nAl60i2pZbAGqjnGy6vCl/9/cppV32n97h6pYYcOmY/z54zSqIHt6ow3uuquUNn5ndobeCw6Z4KeJIsOKZaX75SamzVsnFvRnys2x3HcUVurbc3hL6/KKynWKCt7LvrLq9yqKD0fXNbMXo01FqRtiyXjNKz5kAIJdO6ROao/ZG1/1CgNbO+I+0uNvJKpKurYbg4HIit7laRxpInLzYG+IQWzQKO29xJVTDilbVY71sBRKqvIk9SmwWqO+fIqO3fRKP25NrAx84uRvYe2a9uhgRo1Kkfyn1eLsntYQ0CeHp46IfgUSKDcdCsAABLnMJI80OexY8c0btw4Xers7H3m29ihQ4fU3t5+R4yjeiOys7P14IMPproYt1RXV5cG33NPsI8kw7Fjx3TfyJFJWRcAAAAAAEB/c/LUqaTFWeyam5t7nYehAPpAV1eXOjoSGuTojuNwOFJdBAAAAAAAAOCGMRRAHzh37pwuX05knCMAAAAAAAAA/QkZq32grc0cNczhcJCZGUNXV1eqiwAAAAAAAADcMAKrSdbV1aULFy8Gf2eM1eg6OjqoGwAAAAAAAPRbBFaT7Pr16+pkfNW4EFgFAAAAAABAf0VgNcmCmZgOB4HDHhgisAoAAAAAAID+i5dXJdknZKvGxzDU1dWlAQMGpLokd7iP9Kv/9TO9F2XKZ777L/r6X/S0bIt2/8MPtbf077XowT/plR/Wquzv/06P5kXMtfsf9INN0tcip330uv72N2P0k797VBGL4DbQ1t6u9rY2Xbt2LdVFAdJWZmamcoYN07CcnBtann4G9I5+BvS9zMxM5eTkaNiwYakuCgDccgRWk+xSZ6f5HytrVWRlRkXGanrpPYh6s47p9R0f6dGv9elGkCba2tvV3t6uuwcO1MBBg1JdHCBtGYah9vZ2SUo46EM/A+JDPwP6XldXV/AFzgRXAdxpGAogya5fvx78vyOF5Uh7VsYq7hDjxmncez/Trz5KdUFwK7S3tenuu++Ww8FZEOiJw+HQ3Xffrf+fvfuNbevO7z3/OZQsWf5LWUwix1QjTp1q79h3122Z7ToIqAGui8wMhAWcnW0LKdh6e10L0wcLV9kHjg1M2QJO/GCteh/sHcjV7VWBSNt2B8kToTPBzYMRETjYht3r3rE71cQNNRVjMwlt0bZkSyJ5zj44h+ShREmUTIqi9H4Bhk2eP/ySFvnT+fL7+/5SzsXoevA+A8rD+wyoPo/Ho6bm5vyXGACwk1CxWmFUYZaP16oOJCeWTPG3Wwdo3RWuJ/VGr3R1cFSvDPWp5KHJCb17aUyx3O3QgK73danQcqBXHWNjdtuCQK/eOSv9RW7/QK+rpUBxe4PqV+NiqUwmQ2UPUCbDMDY0xZj3GVA+3mdA9Xk8HlpmANiRqFitINM09fDhw/xtS+Ib7hVYllVU3Yvaigz261x/4c+7E8mKP0Zb91n1BSJ6v+S5k5oYHlPHwJCuDw3p+uVeBSIfyL1rbCyuV4aGdH1oQKHYmC4OS3+Y2zc2pp9MOue5Mqjp3sv580wPXlEVng4AAAAAANjhqFitINM0l1VhUpW5Ml6brWNzqjp96j7bqxuXhjVx7IK6l267MFS4eT+umKRXXXsEel93Kl3b1BGQAieP2RWqvnZ15HZK3taNWEhvXHCWw/J1643QmN6/nVT30lW1AAAAAAAAngGJ1QrKZDL5vqGGYZA4XAM9VncgJ9F5dXhCx04Xb5oc7dfV3Pz9QECBjZz/flwxRXS1P1J8f+hiKs2RAAAgAElEQVS+JBKrAAAAAACgckisVtDi4iLJ1HXgtdqZuvoGFOof1E+iocKdyQm9HwmoL9fL1entum5tfgUU0hsr9XEFAAAAAACoEBKrFZROp/P/JmW4NipW64CvXR2K6UZuKv1kVBFJoTUPXE2X3hwI6dxgRAr0uu6PadopLJ38cEwxBYpaAZQX7zG9GhjT+xOv6+1un3ILWU33XnZuo/amNB4eUXTp3f4enT8blLcWIQHbzgrvM6nwXpsaV3hEOhPukcbDGtEZhXs6NeX6N4BypBQdvqbxeO62Xz3nzyqYG9BSUQ1fu6kT7vsAAMC2QWK1gtyJVVGNuSYqVutBl77dG9DFsUs6NyYp1Ku+gDT9zKd9XX2BiEZzt3MtAgb77cTtwIBCkcF8orV8PnVfGNB0vxOvJIUGdJ2k6pYTPBNWIW9jX5ReGxbJVaCCit9nlZWKDuvazRP59ywJWexM9pcYiZ7zCp91Rq9UVMPXwrrZc15nyaQCALDtkVitBsMoJFbd/0YREqtbQZfeHBpadQ9f9wVdL1ppKnfDXnCq27nv7aHupYeucPzSY51I+oZ0vc91Rz6upfsuvb30Odi331z1WWFr8Sp49owS4RF9PBWsWiIIwNo6e8IK1zoIoE5MjY8oGjyjsDuB6g3q7JmEwiMfayrYI4Y0AAC2NxKrVWDI1QqA5OGKaAUAoMCrdr90M5mSOu0L1KnxsEbyc5kLUyunxsP6SEEpGlXc36Pz35N+dC2h9mBU0WihSq/o+GChks6urAsqGI06U6WXTNsEdrCllacl30dT47o2HpcU17Vh6Q9O3HT2GVGYqlXsGFO6FZWCZ0r8vHceV1AjujXVkxvSCkeNhzUSDS5rwyEtqQR32nUEnbFNkvxFVbDFLT/yFequNh/OWRUdvqabJ5xjp8YVLgyuS84JAADWi8RqFZBKLc/8wkKtQwCwZXjla5fiiZQk+8JvJNGj82HXNOOPpxR0Lj7jUelMOGxfNKaikqJKtJ9XOGxfHKaiw67j7YvK4ajr4jGaUPv5sMJOonbkR1EdpQ0BtpnoSHhZn9X1tAcofh/ZSZzh9vM6G+zR+Z6EqxVAUGcStALADpNKKiG/TpQcOFxfFrq257+4CDtfXKz5IK6xbWpc4ZEfKXr0rILelKLDTguCoNdpPzCs6PmzCrqTup2SUnd0M+7Xie95JU1pfCShnvNh+8vEqXEqawEAeEYkVlEzC/PztQ4BwFbV2aPw2dyNlJIJSe2u7cHjSy4C/TpxNL9SiO7cjCt46qxzPetV8FRQ4x/dUSoYdI4/la9Q9bb7pUSVngdQQ8/WY9V+H/lPfM95H3XqtR6/rt10vY8AlO3mj8KKt6/3y4egThUGK/lzg1Xqjm7GgzqV6+vqDepUcFwf3UkpGOzU8aA0cmtKPZ2dUiqhePCU7F071VMYXJVaNrgCAID1IrGKmkmlUspms2poaKh1KABqzk6e+k+4F/8Yl73Isl9+//rOlYiXqtYLKlWZYIEdwH4ftZ+ijhsoyetTu+LKTbQotvT9E1dcfvmjHyn6WgVaz6QSiiuqkfCSmvSgHUznaz3yX7ulqZ5O6VZUweM9+biiw9c0bg+u8q9vcAUAACWQWEXNZDIZzc7O6uDBg7UOBUCtpe7opusidOrjccWX9UUtlz0FM3iqdLXe2lMvAZTqewzAbUllqNvULUUV1JlOyf5Gz6+e753V0TvDulaJ1jPedvkV1KnwClP4vUd1wj+uW1PHpWhQ+bzq1McajwcL/VedfqwAAGDjPLUOYFtiwaq1GYYk6e7du8pmszUOBkBtpRT90bji/h695r5CTCTt69FUVB8tbRS5Kq+OnvAr+lE0X6E6NR5WeDhKxSpQNvt9FL95x3nfTOnj8bj8J47SixhwdPacUTA6ouGoa3RJRTU8EpW/57VlSU9v8Hvq0bh+5OzvbfdL0VvOF352+42yeI/qhD+qj/KPO6XxcNgVhzMOjowosSyOhJL24Kro+gZXAABQAhWrFWSRUC2fZUmGoVQqpcePH8vr5TIN2EmWTdMPFveds6cxjutaeFzy9+hMj18jN5NKlbm8hjd4VmcSYft4+wF0xlkIi+QqdopSi1fZ74XyFqpZ9j4KnrEXypHkPXpC/vFxXQsn7PMdD0ojIwonepwFrYCdoFM94fOKDl9TfriRv7A41DJOz+/cIlTBUwqOjzhT+v3q6QlKN8t5XK+CZ88oEXY9ruv9KTnvUcnVf1xS52vq8V/T+LWwxuVXz5ke+UduisJ0AAA2zrAqnA2MxWIKBAKaf/q0kqetC/F4XNPT05JhyBCJ1rUYhiHLsvSNb3xDL7zwQq3DqTrTNLVn7978e6QSYrGYDrez6AC2ls8++0x79+2rdRhA3ZibndXLL7+8rmN4nwHrw/sMqL6NvM8AoBLuJRIVy7O43b17d819aAVQDZYlUqrlIwENAAAAAACAekNitYIMp2+oJPqsAgAAAAAAANsYidUKKkqsYlW5NgCS1NhIq18AAAAAAADUFxKrFZRLrJJgXZ+mpqZahwAAAAAAAACsC4nVCiKhWj53X9Vdu3bVMBIAldbY2EjvZKBMlmVtaOYG7zOgfLzPgOozTZOZiAB2JBKrVUKSdQ2GIRmGDI+HxCqwzXi9Xi0uLnIxCqzBsiwtLCzo4MGD6z6W9xlQHt5nQPWZpqnFhQUdOHCg1qEAwKbjK6UKyiVTLUlG4U4WsirBkP2L7vPPP883m8A209raKkvSw1RKmUym1uEAW1ZjY6O8Xq8Otbau+1jeZ0B5eJ8B1Zd/nx06VOtQAGDTkdGqoHyC0LJkSXZSFSXlvvnfSPUAgK3vUGvrhi5iAZSP9xlQfbzPAADAakisVtDSRZhyVZlYLlfdu2/fvhpHAgAAAAAAAKwfPVYrqKmpqdBblWrVVVmWJa/XuywZDQAAAAAAANQDEqsVtGvXLjU0NNg3cu0AsCKv18siXwAAAAAAAKhLJFYryOPxFPcMtSwShyswDEMHvd5ahwEAAAAAAABsCInVCtuzZ08+mWp4eHnd8q+LYejAgQPa3dxc44gAAAAAAACAjSHzV2HPPf+8mnfvlqehwW4HwOJVdkLVSap6nGRze3s71bwAAAAAAACoWyRWK6y5qUltbW2yTLPWoWwphuwFqyzLUktLi1pbW2sdEgAAAAAAALBhJFarwO/3a/fu3SxetYRhGLIsS52dnVSrAgAAAAAAoK6RWK0Cj2Ho137t19Tc1EQC0UmmSnbFqs/nK17gCwAAAAAAAKhDJFarZM+ePfI999yO77FqqFCpumfPHv3Kr/xKrUMCAAAAAAAAnhmJ1Sp68fBh7d69u9Zh1JTl/JGkjo4ONTc31zIcAAAAAAAAoCJIrFZRY2OjXnzxxaL7DMOQdkp7AMOQLEuyLB1qa9OhQ4dqHREAAAAAAABQESRWq8zr9Wp3S0vRfbnp8due0wZhz9696nzppRoHAwAAAAAAAFQOidUqa25u1qHWVkmFXqOWdkhi1dH+wgu0AAAAAAAAAMC2QmJ1Exw5ckQHDhyQZVnyeDySZcmyrB2RXD1w4ICee+65WocBAAAAAAAAVFRjrQPYCRobG/Wrv/qr+vk//7MW5ud3REI158CBA3YyGVvSvUSi1iEAAAAAAIAd7nB7e61D2BASq5tk9+7d6nzpJcViMS0uLtY6nE1hGIZ8Pl+tw8Aq6vWDCwAAAAAAoNYoJdxEra2tanEWssr1W93OWlpa8s8XAAAAAAAA2E5IrG6yl156SZZlyTTNWodSFYZh5Fsd7N23r8bRAAAAAAAAANVBYnWTtbS0aN92Sji6+sXme8c6f7cdOlSLiAAAAAAAAICqI7G6yQzD0EGvN//veud+Blbuj2WpublZ+/fvr1FUAAAAAAAAQHWRWK2BViexuh06rFqWVZj+7/xblqX9+/ersZG10QAAAAAAALA9kVitgT179tj/2CaLV+WfhZNUlaQXXnihZvEAAAAAAAAA1UZitQYaGhp0qK2t1mFUjpNMbfB4ZFmW9uzdSxsAAAAAAAAAbGskVmuktbW11iFUlGVZMk1TkvTC889vi/6xAAAAAAAAwEpIrNbI/n378v/2eAr/Dfl+pXXCHavlVK4eOnSoVuEAAAAAAAAAm4LEao00NTXZPUnlJCQNQzKM+lzQypVc9fl89nMDAAAAAAAAtjESqzXS0NCQX+DJkmRIdq9Sp+qznqpW3Ytw+Xy+GgYCAAAAAAAAbA4SqzV0yOmzaqgwjb7eLI177969NYoEAAAAAAAA2DwkVmvowIEDOnjwoH0jV6FqGLIsqy4TrU3NzWpsbKx1GAAAAAAAAEDVkVitIY/Ho+eff95OotZhInWpF55/vmghLgAAAAAAAGC7IgtWYwcOHNCePXvytw3VV39Vd6y7du2qYSQAAAAAAADA5iGxWmNNTU2FdgB1yF1nS2IVAAAAAAAAOwUNMbcAr9ere4mElOutWkcVq8rFa1m0AQCQN5NKKTUzo0wmU+tQgC2rsbFR3tZWtXq9tQ4FQAmMZcDaGhsb5fV61eoszAwAOw2J1S1gz549avB4lDVNybJkSPlFrOpCvcSJEib1Xv+gIqU2BXr1zoVu+Sr2UKM6Nyi9NdSnrkqdsyqxJDVx5ZJunLyst7sr9ux3lJlUSqlUSk3NzWrevbvW4QBblmVZSqVSkkRytSLsz+/RWO52QH2XL2jFj/KqjUtrjSP22KuBIb1Z8wERK2EsA8pjmqZmZmYkieQqgB2JxOoW0NjYqJaWFs3NzclS8fT6elJPvWFRLMTFHSooNTOjpuZmPhOANRiGoaamJqVmZkisPjM7WTnde1nXLzjJzOSE3r3Urxu9uQQnCU2Uj7EMKI/H41FTc7NSqRSJVQA7EnO3twCPx6OGhobCL26WVT9VoK5fNuumwhZAVWUyGS5EgTIZhsE04wqYHB1UJDRQXCHq69bbAyHFxj7UZO1CQ51iLAPK5/F4GMsA7FhUrG4RDY2N+cRk7pe4ektUzs/P1zoEVIMzVbKvd1qjY/b8ytDAkF6J9uuq00MgV/E6Odqvq+pV3/SYMxUztOIUy+TEFV10zldoO2BPn5w+XagmSk5c0cX4aV3v63LCKTyuQgP5+1c+ZxmSE3r30phikhQIKVT2iwMAqL1JfRqRQgMlRpuuoEIa1KeTryvxgdP6ZrDfrlp1dklMXNFVZ+wI9Lqn7xe3yynM7nDGqo6QIpHIsrGodIijOjeYGzQZZwAAALYLEqtbhGWadZdIlVRUWfvk6dMaBoJnERnsX9Zntbg9QEQ3dFnXh3x28tK5KL3e5yQ6P5jQty90O7uOaXpgSNdzidYr/uUJzslRXRzr0FtDF9TlXKBeHG3X9b4uHTsZ0Gh0Um92dUlK6vYnMYVO24EkJ67o6nSv3hkqJGHfnXAugovOaT927pyrS2pieEzqvazrznnODUqBk8/4ogIANkcyoWkF9GpbqY1t6ghINxLSmxcGNO1uBTApucc3+/N/WBPHLqjbl9TEFae1QLfP+QLuiiZcPVsj0369MzRUxhd4k3pvMJIfV5MTV3RRIrkKAACwDdAKYIswTbOoUrVekqzuKVLJr79WNputYTTYqNDAkK4PFf8p7j8X0hvOlaSvvUNSSK8429v8geKTBXr1bWdb1+u9CsQ+0e1k8S6T0YgUCjqVrD51nw5JkagmJfmOnVTA+beSt3UjlnusXJI1l6S1j4t9cltJ55yB3tfz1bFdr/cWzrOa5G3diAX06jFf7kD1BVY/BACwXRTGN7X5lf/4d8af/DZft94IxXTDNaAFTh4rb1bEZFQR17jp6z5NUhUAAGCboGJ1C8hkMjJNU5bqsw2AYRiyJGWzWT18+FCHDh2qdUiopY72woWmr10dy3ZIKjEtBU6WLC2SfMf0amBMn072qUtxxfIJ2PuajpWqrg3pvnPOWOSSzo25twWUSEpdq1353o8rpg69UQha7cuDBgBsVb52dSim6fvS8kynPXZ0nPZJul/+Oe/HFVNEV/uXzOcI3Ze0wvi1gqQ96LmOsqtop9d1FgAAAGxFJFa3gLv37unx48eSJMsw5PF4pDppDbA0xnv37snr9drPATvTdEJJddnXtsmEpqUlyVU7cRmLl7wCluTLtwN4RRGFgn3O/faFaOj0Cqs5d0iBk5eLFy4pR5tfAX3iSsDaSVr513carEdK0eFrGo/bt/w953U2uHRFdHufxKmwejqLt0yNh/VRe+GYVHRY13Incyl9XgDbT5deCUlX821kXJxq0bfW6gqzVJtfAYX0Rsk+4ckSB6zMZw96Kox6drIXAAAA9Y/sVw0tLi7ql7/8pe5+8YUkyfB4ZEgys9m6SKq6GYYhwzD06NEjffnll7UOB7Xkmvo/+eGYYoGTOrYk19kVLEz9l5Ka+MDdGiDXDmBQVyMBdeRLfOyEa+SDifwl7eRov85dsW93BYtXfk5OXNG5/tG1WwH4junVQEyjHzp7Jm/rBhe8VTU1fk3j6tH5cFjh8Bm1j1/T+JR7j+LEa/GxYY1Ei+/zBs8qHA4X/pwJSgrqFElVYMfo6htQKDKodydcSc/khN4dLG4TUzbfMb0aiOj9/Pkm9V5/f/H5yw4uqJBc55qMLutrDgAAgPpExWoNLC4u6u7du3rw4IEWFhbk8XhkyV7Ayt2ztB4UtS4wDMkwNDU1JY/HoxdeeKHG0aFcpRavkkJ6q2SlzhpCHZq+1K9z+XN0L69L7erTO71XdLG/374d6NU77kWmfMf0akCKqTgp6+u+oLfi/brYn5vv7zr/0nMqoL7L5cTvU7ezoMm5iH3OUIgpmtUzpVtRv3rOB2WnPTvVEw4XNqeiGr42rngwqGA8WnTceHhEUX9QQX9UiVXOPz4SVfBMWJ0r7gNg++nSm0OXNXHF3RImoL7LQypMZHAqWwf7Nd17WW+3r3a+3NjgOl9owF7Iap0Vq1KX3rzcq3cvOecKhBSilzcAAMC2YFgVLo2MxWIKBAKaZ4X4ZbLZrO4/eKAv4nHNz88XkpKSGjyefJ9V1VG1quHxSM5iW+6ksGVZeuGFF3T48GG1tLTUMMKtwzRN7dm7N/8eqYRYLKbD7ateGW6qydF+XdWArvetOx1b8lzv+zcwtR8199lnn2nvvn2lN06NKzwinQn3lE58pqY0pU51eu1Eqs7kWgFMaWqqU52ddjXrzROlp/mnosO6dvOEzp/NJW6BrW9udlYvv/xyrcMA4LLqWAZgGcYyALV0L5GoWJ7F7e7du2vuQ8XqJkmlUvrX6WnNzc5KchZ8chKo7n/XU1JVsqtsJcnj8ci0LOVSq4bHoy+//FKpVEovvviiXnjhhbqrxkUtTerTSECvXiapui3526XosMLOXP+iXqjezhUqTTvVuWYJ6pQ+Ho8reOYsSVUAAAAAQNXRY3UTfPnll/r88881NzeXv8+dPrVkVzPWW19VN8uy8pWruX97PB4tLCwoFovpzp07SqfTtQ4T9WByVOf6BzXde1YUq25T8XF9pO/Z/VDP90jLeqxu0NQtRRXUcXoAAAAAAAA2ARWrVZZIJBSL2SvheBoaZGaz9gZ3ErWOE6o5S5PClmXJklPJappKJpNKp9M6evSompqaahMkqq6rb0jXn/0kuj7UV4lwsGW5FpbyBnUqOK6RW1PqWbskdVWpZEIKnqK3KgAAAABgU1CxWiWWZelfp6fzSVXDMPLT5ncKQ5LpVK4ahqGHDx9qampK2VxyGcDO422Xv8Td/vZnnbyf0p2b8QqcBwAAAACA8pBYrQLTNPUvn3+uL+JxGYYhj8cjSyrqqboT5FoCmKYpwzBkeDy6f/++Pv/887puewDgGXiP6oQ/qo+iKft2KqqPon6dOPrsidVEvBLnAQAAAACgPLQCqLBMJqNffPaZHqZSdpWqVFSpWrRQ1TaXSyAbhiHTNCXDkGEYSiaTaty1S4FnnPYLoB55FTx7Xhq+pvC4fU/wTFjBZ86rJpWQ1P6s4QEAAAAAUCYSqxU0Ozurf/n8cz2Zm7OrVC1LhiQ5ydRconWnMZyEqlW4Q4l799TY0KCOjo5ahgagJrwKng0ruOo+neoJh8s/1hvU2fDqZwQAAAAAoJJIrFZAJpNRIpHQV199pcXFRUl2b1FDyidU81y3t3vlau75ZU1Thuyeq3L+tgxD8XhcjY2NOnz4cK1CBAAAAAAAADaExOozME1TDx480JdffqlHjx4Vb7SsfIVmLsFY9PcO6bMqqei1kJR/7obHo3v37skwDLW3M4EXAAAAAAAA9YPE6gZks1nNzMyUTqiWa5tXq64qV7VrWUqn07p7964kkVwFAAAAAABA3SCxug7z8/NKJpP6OpnU/NOn8ng8O2oxqkpyV+8uLi4qNjWlhYUFdXR0yOPx1Dg6AAAAAAAAYHUkVteQTqeVSqX01Vdf5atT84sxOclBkqsb4FSs5vvPWpbu3bunJ0+e6KWXXlJLS0txb1oAdaOxsXF5f2kAJVmWpcZGfh0DthrGMqB8pmkylgHYsfj0W8I0TS0sLOjx7KySX3+thw8f5rflEqjuJCq/bG2MIcmSa3Ev53V8+PCh/vEf/1EHDx7U4cOHtW/fPu3ataumsQJYH6/Xq9TDh2pqauIzEliFZVlaWFiQ9+DBWocCYAnGMqA8pmlqcWFBBxnLAOxQJFZlV6U+efJEs7OzSqVSRX1Tl/4iZRhGYSGmJUlWlC+XUM29erlXOfd6P3z0KJ/UPnz4sA4dOqSWlhaSrEAdaG1tlSXpYSqlTCZT63CALauxsVFer1eHWltrHQqAJRjLgPLkx7JDh2odCgDUxI5MrGazWT158kRzc3Oam5vT119/vawK1ZIKiVPDyFdYFnFNY8fG5BKquUSraZqFbc7re+/ePd27d0+GYejw4cM6ePCgDhw4QC9WYAs71NpKsggAUNcYywAAwFq2fWLVsixls1k9ffpUj2dnNf/0qZ4+fVpUlVrqmCV3LE+q4pnlX2cngbr0dS/a7iS57969q7t378rr9ergwYM6ePCg9uzZwxQtAAAAAAAAbKptl1jNrTL/+PFjzc/P29P7Hz6U5aqExBazVsXv0u2GoVQqpVQqJcMw1NbWpr379snX1qampqbqxQkAAAAAAAA46j6xmlv4IZVK6cGDB5qfn9fCwkLxToaRr2ikJ+o24LRnyFWxJpNJJZNJ/esvf6mWlhb5/X4dOnSIKlYAAAAAAABUTd0lVrPZrObn5/X06VM9ePBAs7OzWlhYsPuiOklTj8dTelp5bvV5kqv1y50sdXrf5u+3LM3Pz+sXv/iFmpub1dbWpueff17Nzc30YwUAAAAAAEBFbenEqmVZymQymp+f1+PHjzU7O6sHMzPF0/qdalRLkuHxSJYl0zSLFqDK75o77yY+B1SJ8/9quW87yXXD41E6nc73Y92/f7+ee+457d+/Xy0tLVSyAgAAAAAA4JltucSqZVl68uSJHj16pMePH+v+/fvFO7in9dsH2H871YuW6zz5pGsuCUelav0r0W81nzDPJVdNM/8zIcvS48eP9fjxY0lSW1ubWltbdfDgQfqxAgAAAAAAYMO2TGJ1YWFByWRSjx8/1szMTPFG95Rvh+XaJlfi1J12W3qM4bQCYCGr+pdPmLsT667q5dy2pb1179+/r/v376ulpUWtra06cOCADh48SKsAAAAAAAAArMuWSKw+fPhQU7/8pZ7MzRXudPdCXZIwLanEPiX7rGJbWPZ/6fz/L23/kO+tm+P8XD19+lRPnz7V3bt3dfDgQe3evVs+n08HDhzYjPABAAAAAABQ52qeWLUsS1988YWezM0V90V1rfxe4Qes7PmwtZT6/3XfV2L7w4cP9ejRI3319dfas2ePfqWjQ16vt4pBAgAAAAAAoN7VfP7zgwcP9PDhw0JV4RpJMKDSPB5PoZL1yRN9/vnn+sUvfqGnT5/WOjQAAAAAAABsUTWvWL13754Mj8eeyp1LpFajUhVYgWmaMgxDHo9H2WxWi4uLSqVSun//vl588UU9//zzamlpqXWYAAAAAAAA2EJqWrH69OlTzc3N2au4l6hUNYyly08B1WFJymaz9r8tS9lsVobHo7t37+rnP/+5EokEPXoBAAAAAACQV9PE6v3794uSVblV3XNIZGEzGE6FdNHPn2HIMk15PB4tLi4qFovpzp07ymQytQ0WAAAAAAAAW0LNEquWZenRo0dFydP8qu5y+l4CmyCXUM39/BmGIcP523RaVBiGoWQyqZ///Od68uRJjSMGAAAAAABArdWsx2oqlbIXrXJzJVlN09zkiLBTLf1ZW1Yn7aqinp2d1dTUlAKBAH1XgVXMpFJKzcxQ5Q2sorGxUd7WVrV6vbUOBUAJjGWoV42NjfJ6vWptbV11v5/9158VLW/yb//bf5vfNvnPk0qnF0tu+9l//VnRedzbAGCnqVli9QkrrqMOuFtTeDwemaaphw8fKh6P6xvf+IYaGhpqGF0lTOq9/kFFlt4d6NU7F7rlW/GwUZ0blN4a6lNXpSIZ7ddVDeh6X/lnXO2YjZxv0yUn9O6lMan3st7udr/ak3qv/wN1XL6g7hX/E9b9YJq4ckk3Ti59rMqbSaWUSqXU1Nys5t27q/pYQD2zLEupVEqSSK4+E3ss08CQ3lz2kb95n33PIjlxRRfHYiW3hUo+rzJVaLyeHO3X1eW/LKivouPU1sJYhnpmmqZmZmYkadXkqmWZOvEbvylD0v/3D/+w7BzfPHZMTU1Ny7ZZlqnf+M3flEocBwA7TU0Sq6Zp6vGjR/YN91dkwBazrM+v8/OaTCa1a9cudXZ21iawCiu+aLMvQi9e0erJ1SoI+Ns28dG2jtjYh5rsrlySutZSMzNqam5mAUJgDYZhqKmpSamZGRKrWPtLzVoLFX9ZmZy4oouXrkjlJFeTE3r30id6tY4SsYxlqGcej0dNzc1KpVIlE6v/+dZfSpJ82V9Xes+471oAACAASURBVHFRkpTNmvn7Jak1/U2l02kZhrFsmy/761oscdxvH/+Dqj0nANiqatLIdHFxUTNOhQa/qmCry/1CbVlW0SJX9+7d0+PHj2scXTX41H1hQKHYmH4yucIuXX26XsFqVUlq8wfU0V65q62uvqGtXa2aF1AgENHV0ZVe7PqTyWS4EAXKZBgG04yryqfuC0Nbulq1qqowXuf4ui/orVBMox9un/HLjbEM9c7j8aw4vpgZS/4jR4paopmmqRdfbM//MbK7tGvXLlmWtWzb0uP8R47IzFAsBWBnqknF6vz8fL5KdVlFILCVOElUSflFrNy+/vpr7d+/vxaRVVmbOgLSjURS6vJpcrRf7yskRSKKBXr1zum4Lg5Kb1326/0lFSjFU/CLWw0UKmPtqtjpjpAikYhTBXNBb+YefnJU5wZzR21squHSVgBF0yyLqoJWiNGprukISZFILLexkKxdLUZnin+szPhfPd0rDQ7qvWCJ6Z7LqnzcU15zU1x71TE2Zj+HQK/eOSv9Re7xl1VA3dZ7/a59XduKpnq6nuuy//+tXFEFAEWWtgJYaVxaZZxwptOHQhFFIrnNhdYCRZ+dSz4jVx571sd+jFBhSv/kqM4NTqvv8gW1f9ivq+pV3/SYRmOStHQ/pxXA5KjOfSCFFFEkFtCp/z6mfznqapEwOapzH/jXFWObPyB9klBSXfItfS3y49+k3nPGpJirwrVSrw2A9ctkLGWstEwzq3+IRvP3Lyyk8/82tbjitmw2U7QtY6WVIbEKYIeqSWL10bas8sO2ZFky3cl/w5Ah+5tZwzD05Vdf6cUXX9Tubdd7y6f2DikWvy85lzmxiPTW0FD+Qs3e7ZheDYzpxu2kup0L1k8jUmigS/bF7KCmey/run0FpXcvXdGEK8kYmfbrnaGhJRdSk3pvcFp9l4fs/SZHdW54Qsee5YJrclQXxzr01tAFdcm+8Ls42q7rfW0rx2g/a0U0oOtDXc62XPJztRjtC8iOgSG93eVsuzSq9tUqhtq69Ye9n+jiBxP69gaeZ2wsrjeGhvSmkzC4ONxrv65Ogvcnk935xEFs7BO9enlI131Oy4fRdl3v61Jy4oquTvfqnaFu+ZxExLsThQvuov9/AKhLq4xL91caJ3KfehFN+y/r+pDPSVYOa+KYfVzhs9M+7i8mjtmfnSuOPSt8ksbGdLF/rPg+J+HY1Tekt9Svq6NBXe+T3huMKDRgj0GTkhQZ0/TAkK53OcnNKyskSGMRydnPTqTeVrLbiT0aUeDk5XWNQT77lwXdl+SbXP5aXP1wUt19XXrzcq+m3V8Srve1AVBR2bQpWZaafzWxZEuhiKQx8PXK245+WbzJMuxzAsAOtOmJVdM09eWXX669I7CFGIYhy7JkmabdZzVXuWpZevr06TZMrJYQCpZIqvl07GRAo584F2bJhKYDvfrDLknJ27oRC+mNC84lmq9bb4TG9P7tpLrtrKUCJ4+tcAFnTy3s7uuypzFeeLbQJ6N2VWwu/q6+IV2XpOTEyjEek6SA+l53jvK1q6OcGCejigR69U7+wV5XX+CSPp3sU9cq14u+7rPq++SSc0G+vucX6H3deW52pXH+dV0Ws6TQaSex7VP36ZBGB6Oa7GtT4pOYQqcvOP8fzjbngts+rtT/PwDUkeRt3YgF9OrZwmf+20P2Z9zkhxEFei8XxonXexW4FNVkX5dzX0hv5L4VbPMroOnCeWOFL7C6+ob0tnP3ZHStcy6xRtVmV9+AQv2DOheRPaugq/jYb3e5H+cT3U52a/lwEtIr+YCCCsU+sPfzTerTSECvXn6GmtGi8TqpxLS0fBCyrfu1AVBR2bSlO7fv1joMANgWNj2xmk6nlUkXphGweBXqgbtlRe7fuXvS27I3nn1BFDi59mJSvu7TCo3ZF2bHbn8inTxrXxTejyumiK72L1lGOHRf0mrn7dKbQwNS7uJRWrZgxvqs8lxWi/HYaudcOcZkYlqKRZZVHQWctgoryyU6hzVx7HQZz2tjihYIa/MroLik+5qOSZHBfhW/EiHdr1okALDJ7scVU4feWPZRbI8TscglnSv66A4okdTqib6uPl0fkM65Pj9DTquWVc+5ofxll77dG1BkrENvLR0TO9oLCdlSX6qtcL5XQjHny8SEpgMn9e11xpW0B1h7VF/SBicQWPGoKrw2ANbjqPdVPf/C88pmsxU5X0NDg7768quKnAsA6s2mJ1ZzqwfmEqqGCgkqoB4tzM/XOoTKS97WjZjUcbqcq5vchdmk9IkKlUBtfgUU0hslp8An1zznm0NDds/Voin463wekkq1NchbLcbk0qlRZcbY3iEFTm6sV1xXn94K9evqh1GF1nvsRtyPOxfAdqVr6HTp17hqy5Kkohq+ltCpcI86i+4bVzx3O3hG4Z7c1pSiw9c0Hi+1rejEig5f080T53U26Ky0PjWu8EjUtY9fPefPKshC7MDO0eZXQJ+USN7Z40Tg5OXSi1yt9Q2Ts0CU5PQNHRzVK0N9q59zI5IT+osxOQseBou/cJwu9DlVMqFVikWLQw+GFPvgtibl+mK0/IB0+5OY1HHanvr/4ZhiS/pzXy153BqvN7akVHRY126e0PmzQS0bOqfGFR6RzrjHc2xxlrxe+3/SsixZliWPxyNLkuW0PJMzY0+SPLnZe5Ylw+PJH2eosNDvV8xKBbBDeTb7AZ88eSKp0KGFxatQr3K/RMzNzdU4kkpLamJ4TDHXtMK1dAVDio0NarTjdGGRJt8xvRqI6P2JXBJ1Uu/19+vdiTWSqskJvdt/RfndfO3qUEAdaxfPrhqfItF8gjA5cUXnrkwoWY0Yu4IKxcb0k0n3vv16r8zsZFffgEKRSKFy1NeuDsV047bzYJPRJVWl6xMb+9B5HZKa+CDiTPG3WzpEPpjIp7wnR/vt1+gZHmtVSxOokqQpjV8bV/uZsMLhsMLhMwpGRzQcTdlbx69pvP1MyW3Fp/5RIfmauy+ZsBOx4dy5SaoCO47vmF4NuD5Pnc/89yZz49iHxeNE/+iaXyzlx5PcQ7R3SAG/7OFgY+dc4ZE0MTwm9Z7V2xcGFIoMFo8rsU+UHyY+HFMscFLHyvpu1B6zro7F1NG+zrTqxLBGY66WOZKT4JWUnND7qwxWlX1tAKyXZUl79uzRnj171NTcrF27dqllzx7t3r1bu3btUvPu3fa2piY17dqlPXv2qNnZ1tLSopaWFu3atUtNzc3583BZD2Cn2vSK1ZmZGUlUqWL7mJmZsb+xNYy1d96ilk0BX+/U+66gQopIQfcxPnVfGNB0v2uqX2jAXjBktXSdr1tvD8R17lK/nCWyFOi9rDdXut6LuKbj23vbqyQXxdend3qv6GJ/fy4QveUsrrFijKtlFFeN0V6k491L/Trn3lb2y5mb6ll8++KYE2OoV30Bubv7rUug169P+50qokCv3nH+n33dF/RWvN/VwqDwGlW6HUAqOqxr43EFg0HF3UWk6lRPOFx0+3hQiiZSkrzq7AkrvMK2gil9PC75/UseMxGXv51MKrCdLRvLAr1654K7r8vycSnQe9leaFBLx4mA+i6vsuhg7ozLPjvt4+zhYJ3nLLV4laRA7/+uVz/5PzSqXr3T7ZPk05sDIZ0bvKKO3HgX6tB0ftwpfH6vrUuvhKRIxNV7dSXLxtuQ3nLN+LD7pDrPIdCrt3oDuvqJU0nrLHY5eqlf0wNDenO9rw2ACrPy1+PZbFbpdFpNTU0yTVPpdFqGx6MGj0eZTEaWZWlXU5Oy2awW02k17tolWZYy6bQaGhrU2NiYPycA7ESGVeGS0VgspkAgoPmnT5dty2az+vu///v8QkD0V0XdMoyiquvf+I3fUHNz86qHmKapPXv35t8jlRCLxXS4vX3tHYFN9Nlnn2nvvn0rbk9NTUmdnfKWMXVwajysEZWa8j+lcftguTdNjYd16/h5tX/kbgVgtwZInCreF9gq5mZn9fLLL9c6DNQpe8r9xnuRJyeu6GL89DP0Mt+eVhvLpsbD+qh9SbuZj9p1/nvSj4pa3BTGn+O31n/M8jEr1+qmR+3j44pKkr/HOYczC8Tf40zXX8++pbjb7/gVDErRRKEVwNR4WLkOO8FgUNEorQC2opXGl3+8eVMnfv3XJUnzCwvKZDJqaWmRmc1qYXFRTbua1NDYoMWFBVmWpd0tLUqn00qn0/aivZalhcVFNTQ05K+B/vG//Bf9dydObOrzA4Cce4lExfIsbnfvrr3Q36a2Asj3V3XUb30fdjynx1BOKrV8OjKA0rydnStcxC2RiuqjqBQ8XnyZNjUeVjg8oqi/R691Ltk/seQ+e4MScSk6Es63AijVQgAAdh67T2ooSFJ1PTqPBxW/eUe5kWTqVlT+E0fl9R7VCX9Ut6acDak7uhkP6njnxo5ZSXw8oeO5tjjxcV37kfS9cFjh8z3yx8f18dTG9nVLRX+kcfXofDiscPiUFHX12Jka10g0qDPhsMLh82pPREufBFuWZdlFH6ZpKpNOK5vJanFhQel0WmY2q3R6UYtOwjWbtbfl9ksvLmpxMa1sJqNMJiMzm5VlmrT4A7BjbWpi9alTxZqrVrUku2oVqFO5FgDJZNU6UQI7lN1vNR48s6xip7PHTo6eaR/XteGoc5GaUvRHN3XieyUqb1JJJSQFc71bz/dI49c0vsLFJADsCMkJvdt/SaMdAxtcHHIH6zyuYPym7qQkaUq3on6dOOqV5NXRE35FnSxp6s5NxYPH7SrOjRyzAn/Pa852r9r9shO0kuT1aek8pvXsW5DSnZvxwr7q1Gs9hR47U7eiUj5Gr4Kngmu9YthiLMvKJ1ZNy5JlmUX32wtVLb1t72dZliw5t3PnILEKYAfb1B6rX7pXCnQ+eI1cghWoI7l+qrnE6qNHjzQ7O6t9q0x/BlAue5p/NFiqBUBB52s98l+7qTupoIKpjzXefkrhUqWw3qDOhoNFt08FxzVya0o9nUxaBFDfuvqGdH0jB/q69fZQd6XD2SE6dTwY10d3UgoeTSrhP6HXnPHHe/SE/OO3NNXTKSXirlkX6z8m15PcFtSZ8GtVeTbLH+e4EnGp/VRhUPX6cmnYlJIJyX/CNeB62+VXoiqxoVoKs+88hkeWYaqhoUGSfZ3j8XjU2NigbDYjSWpsbMwXRzU0NMiyLGUNo+iaCAB2qk1LrFqWpUwms/z+zQoAqKD8Lw+GIdM081WrJFaBZ2UnVRM95xUOrtEwIJVQXO065ZWmPo5K0ajC7tmI8WsKJ1ZOzrKYFQBgozqPBxX/6I6mdFM68b3CbAnvUZ3wj+vW1HEpGtTxno0f4w2eVbioGDS16tqaG1XycfzSzWRK6rSjTCUTktoleeVrl+LuxSNTCcWFepKrRJWkTCatbNbU4uKiTNNUNpuVZLcKyGQysiQtLCwom83aLQOc9n6ZTMZJwDY6+3NlD2Bn2rRWAIuLi5qdm7NvuKf/8+0W6pThWsBKkmZmZpROp2sWD1D/UooO25WqZ0skVafGwwrn5++nFP2oMBUx1x4g7PR76/FL/p7zdlJ1alzh8LimCifSSH4KJgAAG9B5XMH4uEbG42r3uccTZ2r/yIii/vbi9jQbOaYm7Hji4x87Y6fdGiCn83hQin6kXLvyqVv0WK037h6r2WxWpplVJpu1k6dZU1nTtG+bpsz8/fZ+Wdd+hePNWj8lAKiZTatYnZ2dLSRR3W0ASKyiHrmnvTg/x/Pz87p//77a21fuWAVgFak7uhmXFB8prjx1Vi3u7DmvnuFrCodd96/SKiCvs0fhM+MK5w+0+62uVRALAMDKOnU8KEWjyxea8h49Ib/iUr5H6bMcUxve4FmdSYQ14gzIwWBQ+dn+nT063zOsa9fCGpfkDwblX/FM2IrcFasej0emZanB45EpyTCy8hiGGjweZZ1rnvz0/2xWHk+DJEuGUdwejet6ADuVYVX4EzAWiykQCGjeWagqf//UlBL37jmPakhOb0o+gFGPlvYTyv0st7W16eWXX85vdzNNU3v27s2/RyohFovpMIlcbDGfffaZ9tIWAyjb3OysXn755VqHAcClnLEsFR3WtcSpEi1npjQe/kjt588u+xJvI8cAG7XS+BL9NKp/82/+G0nONH/TVHNzs0zTVDqdVmNjoxoaGpReXJQlqbmpSZlMRplsVk1NTZIlLaYX1dDQYN+W9M8//2cFX2EhMwC1cS+RqFiexe3u3btr7rMprQAsy9Ls48f5ZJMhqlVR3+zVMB3217WSpAcPHtjV2QAAANjG7OnxwaWlp5I0dUtR/wkt7zizkWOAyrMsU6ZlybSsfAuAdDqtTDotM5tVJpNROp3OT/tPp9P5/TLptNKZdL5FgJnNynLaCgDATrQprQBM09Ts7Kw8Hk9+6jTtAFD3cj/DshOthscjyzT18OFD7d+/v7axAQAAoDpSUQ1fG1c8eEbhJTnSqfGwRqJ+9ZzvKZ7Sv5FjgCqxLMlyJ0Ity76mcV2bG3IWmnZdv+eu5Q3Lss/h3MfVPICdbFMSq48ePZKk/LdY7g9xkqqod7mf4dzfMzMzam9vz6+QCQAAgG3EG9TZcOkpz509YYV7KnQMUEWmc+3iMTyyDMvunWqaMjweeTweeTwN8hhZWYZhF0h5PPKYpjwej2RJHk/WLpKSWJAawI62KZmfmZmZzXgYYEuYnZ1VOpMhsQoAAABgy7EsS027dkmSdjU2yrIsO3kqqcncZbfwMww17rKvZzyGIcvZz/DY3QR3Ne3Kt/jLnRMAdqKqZ34sy9Lc3Fy1HwbYUp4+eaKW3btrHQZQE425X7xLLOIGoJhlWXwRB2xBjGWod6Zprjq+/OxntzYxGgDYvqr+m/z8/Lzmnjyp9sMAW8qTJ0906NChWocB1ITX61Xq4UM1NTVxQQqswrIsLSwsyHvwYK1DAbAEYxnqmWmaWlxY0MEVxpff+h9+a5MjAoDtq+qJ1UePHhU3xgZ2gLknT6hywI7V2toqS9LDVEqZTKbW4QBbVmNjo7xerw61ttY6FABLMJahnuXHFwo9AKDqqp5YpQ0AdqIHDx4om80yvRM71qHWVpJFAIC6xlgGAADW4qnmyU3T1Pz8fDUfAtianOmdAAAAAAAA2J6qmljNZDJ69OhRNR8C2LIWFxdrHQIAAAAAAACqpKqJ1YWFBVmWVc2HALYsKlYBAAAAAAC2r6omVp88eSJJLOCDncX5eae/MAAAAAAAwPZV1cRqrr8qVavYUZyf96+//pqffQAAAAAAgG2qaolVk8V7sMNZlqVsNlvrMAAAAAAAAFAFVUusptNpPXjwoFqnB7a0XPuLdDpd40gAAAAAAABQDVVLrC66Fq6ixyp2qkwmU+sQAAAAAAAAUAVVS6zm2wCQVMUONjs7W+sQAAAAAAAAUAVVS6zmE0qWJZbvwY5iGPmf+UePH9c0FAAAAAAAAFRH1RKriUSicIOV0bFDzVGxCgAAAAAAsC1VLbFqWRa9VbEzWVb+y4QFV69hAAAAAAAAbB9VS6wCO5ph5L9YYAErAAAAAACA7afqiVWqVrEjuapU5+fnaxgIAAAAAAAAqqGxmidnAjRgJ1b3799f6zCATTWTSik1M0PFNrCKxsZGeVtb1er11joUACUwlgFra2xslNfrVWtra61DAYCaqGpi1ZDoL4mdx6nSzv3kb/2K1aQmrlzSaKxwT2hgSG92ufeZ1Hv9g4rkbwfUd/mCun3O1tF+XY2E9NZQn9yHJSeu6GL8tK73FZ1sw8ds2OSozg1q2WOhOmZSKaVSKTU1N6t59+5ahwNsWZZlKZVKSRLJ1We21lhmj2Ny7mPcwloYy4DymKapmZkZSSK5CmBHqmorAMuy8kkmYMfILV7lfKmQTqdrHNBqnAvRjgFdHxpy/gxIg/16bzK3j30xOt17ubDP5ZO6cemKJpLuc0X0fvEdZdjIMdjqUjMzampqohUMsAbDMNTU1KSUc0GKjSpnLCuFcQsrYywDyuPxeNTU3Jz/ohAAdhoWrwKqwHAtXrWwsFDjaFZzX9MxKRR018N06du9AUWiztVoMqFpBfTqMV9hF1+33gjFdOO26+IyEJDGhrWu682NHIMtL5PJcCEKlMkwDKYZP7MyxrJSGLewCsYyoHwej4exDMCOVbXEKr+IALaHDx/KNM1ah7GCNnUEtOzC09d9oTCl0deuDi1Jokrq6hvS292uZGvHab0Riml0eEJlX2+udczkqM71jyofXXJC7/Y7lbK5f0+M6lx/v8719+vdiaSSE1eKbrslXNuKq5gm9Z5zf/G2pCau9Ou9UecxRlctfQIA1EQZY1kpjFsAAAB4RlSsAlVmWdYW/gbXp+6zvQpEBle8qJO69OZASLGxSytc3Ln27BtQKDamn6zjOm4jxxTENBoP2tM+nRj/Qmd1fWhI7/QGFBv7sHBxq4hG46fz+0YGc60Mkpq44mp1cLlX04PFbQ4i0369MzRU2f55AIAKKWcsK41xCwAAAM+iaolVy7Ls6dDVegBgC8st2par3N66iVVJvm697fSksy/qLi1Pnnb15fvWvRWSIoP9Ote/tMeqlEvCRgZd1Tpr2sgxOQH1ve5cNLb5FXC1LPC1d6y8b9fr6gs4VbjJ27oRC+mNXPVtiTYHgZPH5BMAYMsqZywriXELAAAAG9dYzZNbEolV7FyGUbSA1e46WFHW131B17udFY4HR/VKidWIu/qGdL3PWR15eELHLnQv2eF19QUu6epoUO/4y3zgjRyzbh1qz19l+pS/fr0fV0wRXe2PFO8eui+prVrBAACqpJyxrAjjFgAAADaoqolVWZYseq1iJzIMWaaZr1idn5/X/v37axxUCZOjOveBX+9c6C6qbHFXzSQnruhi/PSy6YRt/oA0Xeqk9pTMG5c+0E9C5QaykWOeRVKJaUl+ORVDIb1R8sKb1UkAYMsrYyxbHeMWAAAANqbirQBYtApwGEa+JcD8/Lzr7i30HukKKhQb08WixS2SmvggIoWC6pLkO3ZSgcjgkn51k/rJWGzlqYa+bv1hrxSJxMqPpdQxbX4FFNGnTnjJ259oHWdcIqL3c89h8kONxpzpl75jejXg2uYsCFJufz4AQI2VMZatiXELAAAAG1DxitU9e/Ysv9M1JRrYiZLJpHw+n/bs3Vv6PVIzXXpz6LI6rlzSuf7CvYHey7ru6t329lC73uu/pHNjhX1CA0N6e5WrVV/3aYXGBhVZeZe1j/F1643QmK4O9isiKdDbq5A+WccZ3UJ6VcM61x/Lx28/RZ+6Lwxo2v38QgPO8+ciFQC2vjLGsjIwbgEAAGC9DMuqbMYzm83qwYMHevr0qbLZbCVPDdS1hoYGtbS06ODBg2pqaqrIOWOxmA63t1fkXEClfPbZZ9q7b1+twwDqxtzsrF5++eVahwHAhbEMWB/GMgC1dC+RUCAQqPh57969u+Y+Fa9YbWho0HPPPVfp0wIAAAAAAADAllHxHqsAAAAAAAAAsN2RWAUAAAAAAACAdSKxCgAAAAAAAADrRGIVAAAAAAAAANaJxCoAAAAAAAAArBOJVQAAAAAAAABYJxKrAAAAAAAAALBOJFYBAAAAAAAAYJ1IrAIAAAAAAADAOpFYBQAAAAAAAIB1IrEKAKioxsZGWZZV6zCAumBZlhobG2sdBoAlGMuA8pmmyVgGYMcisQoAqCiv16vFxUUuSIE1WJalhYUFHTx4sNahAFiCsQwoj2maWlxY0IEDB2odCgDUBF8rAQAqqrW1VZakh6mUMplMrcMBtqzGxkZ5vV4dam2tdSgAlmAsA8qTH8sOHap1KABQEyRWAQAVd6i1lWQRAKCuMZYBAIC10AoAAAAAAAAAANaJxCoAAAAAAAAArBOJVQAAAAAAAABYJxKrAAAAAAAAALBOFV+8ypxNaiHyfyn7y/9X1pOZSp8e25Rllbhv2T7WGtvLO9Yqun/teMo5tvj+0vt79h5Sc+C31Prv/jc17PeVfmAAAAAAAADUhYonVhd++n8qM/lRpU8L1D1z7oGe/OzHUjYj3//0Tq3DAQAAAAAAwDOoeCuATOyTSp8S2Fae/suNWocAAAAAAACAZ1T5HquLcxU/JbCdWAu8RwAAAAAAAOodi1cBAAAAAAAAwDqRWAUAAAAAAACAdSKxCgAAAAAAAADr1LiZD/Yw3aD/51+9uv2oRY/SDZv50MCm2NeYVde+J/ofD9/X/sZsrcMBAAAAAABAlWxqYvX//mWrPn2wdzMfEthUs5kG/UNqv7KWof/lV76sdTgAAAAAAACokk1tBXA7tXszHw6omcnHLbUOAQAAAAAAAFW0qYnVJybT/7EzPOVnHQAAAAAAYFtj8SoAAAAAAAAAWKdN7bEKYGu5l0jUOgQAAAAAALDDHW5vr3UIG0JiFdjB6vWDCwAAAAAAoNZoBQAAAAAAAAAA67SFKla/rz//m24dWXr33D9p5A/+TH9Xi5DW6Y8G/1rf0oR+Z+CHS7Zs7nMrxDGlP/nL31fn1F/pf/2zH1f4UQAAAAAAAICda8tVrH7x09/T7/xu7s9f6ba+qTOD3691WBVR8rn95Q/03TKO/e4P/qP+tsx9AQAAAAAAAFTXlkusFvux/vTTL6QjR/VHtQ6l4n6sP/2DCX2x95v67Qrnjf/DwO+VqJoFAAAAAAAAUClbqBVAmb7zA/2nM9/UXknSnG6P/Hv96Y9z9x9U6osjOnLErg79Y13V334rNwHfte+a53lJqS+kI0fsrfrCPb3/O/qTv/x9HdubC+gL/fR339J/2NCTmVJqrludz31Hkh3YHw3+tfIh5x73+1d15theyalw1R/8mf5ulTjcrQCKfH+V1wMAAAAAAABA2bZ4xep39CevHJG+uOMkLr+vPz/zTaVyU+p/mtKxM1dd1axH5E39lX7nd39Pf/zD7+vPv+XV7RHXvv9zbip98XlGbmvJefbqiKL2cSP/pLkj3fpzp6r0uz/4RXhnUQAAIABJREFUno6lJgrT+eeO6JUffGeDz+/H+jol7fV2Ouf+j/qW9580kju3t1v/6QffkX74lkZuzxX1ZF1/HKu9HgAAAAAAAADWY8tVrB751l/rb7/lumPunzSSqxb9/lEdmfsnjeSKR3/4kW6/8vt6+fuSpiRpTlOfuksw9+rYb39f+vEPpR++pd/JHff9ozqiL/RT5/bf/VlUv/033UXnuf2fnY0//lqpM4Uz/t2f/XvXYlOd8u5VhXxHr3Tu1Ref5haz+rH+9NNT+ttXXtF3tbysdGNxrPB6AAAAAAAAAFiXLZdY/eKnv6c/XiHh993nvNLeIzrzN38tV65Tc899x0mIuv1Qf/y70p//Tbf+9m+6nZPbU+u/+5xXmvvl8kPKsWQ6/dzcRk6S8x0955XmpqaUS44uSyxL6lSJp7fuOFZ+PQAAAAAAAACsz5ZLrP7/7d1vUNRZnuf7dyaZkPKnBEEbq6CLdDDoKe07LgO7l4qOZA1rpedKGG1Hj4ZSD/S2I7HXJ448sUt7lpgoq30C1yfGBI6z5UYUOtZOdE1UUDujdwwXom8RMTCEvaU1Q8gVKqCUQv6VgCL553cf/H6ZZCYJJIpkAp9XhBHk75zfOeeXRXnMb57zPQv5H0/GOTr1TWg7fIQ/KY9xx1/x54eswOGf/AUfH63k//7Pf8WfPxnn6I6NFC15BGZqgqn7/41jf/kPBPOtLr2d2TEXZcD4E7Ot8alK6IgdWI7csv+y45jn/VBsVUREREREREREZEmSPMdqlL/q4duMd/hPVr5T/uQv+PjG34byn0b4k7/g4xt/w38Jph39hyeMM8V4n9UOb5lb/4H/4y/KeItveRBngDGYE5X//F7Y4VFL9Sf8lz99h4yprzGzDvwDHX1TvFU+m/f0/2r8Wz79r/PnQV3SOBZ6P0RERERERERERGRJVtWKVfgr/vzqZj4+Ortdfur+fzNXXEaf2/QPf8mxogY+Pfq3fHo0rO4/xGpnivtX66wDshZi5T39j9Z2+m9b+Z/fvsV/zI5vzeqcbf5RW/H/x1/+kqLGvw1LdfAt//OQtTq34xv+dMc7HL3RQNGhuqWPY8H3Q0RERERERERERJbCZhiGsZwNTjRUzFv2y39+ezm7EklqjT/+/4j+nyv4f9sPf92xLH309vayNT9/WdoSEREREREREVltHg8O4na7l73dR48eLVpndaUCEBEREREREREREUkCCqyKiIiIiIiIiIiILJECqyIiIiIiIiIiIiJLpMCqiIiIiIiIiIiIyBIpsCoiIiIiIiIiIiKyRI6V7Czd7udZIGUluxRJiA12f6KHICIisk5080ltI214qGuqoSSiqJkTjW3gPsJHZyrJW2rLzbU0cJrLNSWLVw4abuU3Z9t59/wZKmN1GBxT0EuOTV6/yclJpiYn8QcCiR6KSNKy2+1kZmaSmZmZ6KGIiCTEigZWd2RP0zGasZJdiiRESdbzRA9BRERkHXHjdrfR0V1DSVgMtLuzbf5bluilgqxzG+FEYz8155tCQdfh1gt8cIFQcHUp/SzLmCSmyclJpqamcDidOG22RA9HZEmMFe3MYHJqCkDBVRFZl1Y0FcDht8eoyJ3kDadW88nalOnw88fZExx4czjRQxEREVlXCgvdtHV2h10ZZrDfjcfjfuk2S2qaljVoOTzYD+4KdoQtT82rPICnt537+qdDUpmanMThcGBTUFVkYTYbToeDycnJRI9ERCQhVnTF6kann+N/MLKSXcoqYcT4WjX6khFVaW55fPcaEdcXH08890ZeX9HviJfJMK0XztLcO3vFfeQ8v4q5h/EVdTdzopG52zVFREReQWFZBe7GTrprSsz5Zfg+X1LBzwvaaesPqxi1FT803w238puzAxR62mhrA8/pJso7zRWhHxV8RkMbQCMngitEh1v5zdlrhKZOz+IrR/PyC6G3nfvDlWFpAkp4v+kMYK5ejbefOXXLOiPn16iUBN3NtVZ9lH4gDv5AQCtVReJlsxFQygwRWad0eJXIutfNJ7VnaS48zeWmJuvPaQqvneVEc/fit4uIiCSD3B28626jw5q6hu+3Q8UOciMqdfOJtRX/clMTl0976L12k9nZro3+gvNcbmri/bAYaV7lGeo8hAVPh2m9co3C01Y754/gbvuM1sVWnZbUUOfppflsLSdqazlR20z4TLuUfubWXUB3Mw39R/jImufrCq/x14sOVkREREQWs6IrVkUk+XQ3N9LmPsJHER/KSnj/tIe28JU/Ii/B6/UyNDTEzMwMXp8Pp8NBamoqP/jBD3A41s4UtF6eUyS55bGjws2Xg8NQAvfbeyk8kAeD4XVmV4eCtTWfwrByN+/uiGcdZx6VZ5pmX44M0Au8G8edZnoBCB661VC70OFaL9/PHL3X+MfuSt4vMcfwq5dpQ0REREQi6NOeyLrWTUcbeE7H+DBXUsPlpsi65qnLJs/p4GoeM43Al4UeaGuztipGnswcvv3Q4/FE9hOxxdFNTfAU5RhbMt9XhHdVefr0Kd999x2bt2xhU1oaaWlpvHjxghcvXvDw4UPy8/N54403Yty5TCd8L3Yy9zJ56eeM3t4bEvb/weu2Qu+RyErJyy+k97P7DO+AL3s9/LyEqMBqZOobt/vl869Gbq13s/SWSni/qYn3rb/z/rp1R8wUPK/eD+acfhpONNbGmMdFRERE5GUpsCqyng0P0o+bd3MXrUjrhUb6j5zncigP3QVaw4IxvW1Q19REifWhtaG5zNya2N1MQ1swQGaWQTC42s0nZ80tjr8qwQyanW0mPxRMC27JVMRntXn69Ckjo6P8QXExfr+fFy9e8PTpUxwOBxkZGRRv305fXx/APMHV13/C93IIf85waVaA9Y033lj0OVcsiCqyHpSU4en9jH+8Cb2eA5ib6cN036S5N+xLGyvv95INt/LbtugvA9sXu4nWC2fpPxAd0Myl0A39MW95mX7mUVLD5aYaq9kLfNDYTLnynS+TITqu36aHYvYcLmdLRFEH12/3QG45+/cWk/HKXXVw/TZz+4lzjOw5TPnSbhQREZEFKMeqiETobg7mfTP/fNKNeQBIr4efB6M/eZX83NPLl2FHGLuPVFkfzvLID9tV2d3ZBp6yUFnlAU94IW3uI/w0+KmupIqasPx48W/JlGTi9Xr57rvvePvtt3n27BkPHz6kv7+fx48f09/fz8OHD3n27BlFRUV89913eL3emO28jhO+l1P4cy5ksecUkeVUQrmnl7a2Xjxl84UM+xkcBhim9bNX+bKml37rTNbum7FWn0czUxW0NV6IzMXafZPm3oXmuzj7yS3ATWSO2WDd4dYLnLjQGgoy5+UXgruARb9XlSXIJTe3h2+GIq8OfdOTmOGIiIjIitCKVZH1LC+fwuAHNuvzXHTuN8DK6dZm5oEL5xmBBT+WDTPYD+6KsDq5BbgZMEsH+6G3jQ9qr0Xc5R4cXrhZSWpDQ0Ns3rIFv9/Pt99+O+eU2EAgwLfffsu2bdvYvGULT4aHeXPr1jntvPIJ33PMl87i1Z4zHgs954IWTJXRzrtHCmm+Zj6R+8h5/owrfHCtN/Q69D4k6D0SSYSSMg+0QXms392SKmrcZ2k+W0szbmpOH8Hd2I6VlnXxdhsbOdFvpiL5uecaDdbWes/p03jaGs35dIH5K6/yDJfzmzlxtpbm0FUPdU1nQv3H3U/ewnXdR47goT3Ub91Abdh866bmfM3C6VRkyXJycun5Zojy0NwwxdOxXIqLoWdsmTrZUs7hw8vUlsg8vvrqK35UUoIzNTXiundmhu7ubnb++McJGpmISPJRYFVkXSuh3AMNn7Xy04XyVeYW4MbDz2NuGVzoVGFz9WrvQFjk1jp4A4IrZipi58rUYcWr1ouZGTZZeUajg6pBgUCAFy9ekJqaytjYPJ82c3fwrvtaKB2AecL3cXIJ3wY7e8J3ZR5WAPEm3ZXRv6uLp7N42eeMx/zP2WsFeGbNBjMXS5XRS/PAAXNrb3czJxrP8tdHzNQZw60X+OBa8H1I3HsksjIiD6SKzhGeV3mGy5WhV1SeaaIy7O7KpuCrSn7VFF5ifdkY0W7NbLuhLyItTcFO57YT1WhEO4uVz99PHHUrK8OqRpXJsst5exu5t79hqHyLuU1/6jEP2caunIeRgdVgegBLbvl+9hZnwFQPtz4fI6e4h54eKN5zmLe/uc5diqGnh5HccvbvGuPzsFQAUz23+LxjJNhQZLqB8H6Ki4lMWiMS21dffcW9e/f4dmCAPXv2hIKr3pkZbt++zdj4OAbwYwVXRUQApQIQWfdKak7j6b3GB82RW65bL8yuWiNvB++62/htaO9iN5/U1vKb1sWjn+bKoc9C2x4jcmSWlOHpvcY/BrsebuU3wfQDsmr5fD7S0tIW3fru9XpxuVwL1DO3zfYPDgPD5gnf+dERPjOgEgz8mSd8xxBHOoulCj5nPOZ/Tjc155u43DT7J7RCNI5UGTVVVmFuAe6w1Bl54fk4EvgeiYisKxlb2RaWDmDq8UPYtjUqr+oQHbfHKN9/mMOHD3N4TzEjHV8zm0Ggh7Gc/Rw+PJsLdaQHdh0+zOHoHK1DHXzekcOew2Zbe3I6+LxjKKyfHor3mGX7c8ZQUgKJx49KSsjOzmZsfJzbt2/jnZmJCKpmZ2fzoxJtZxERCdKKVZF1zzyVuLy5lhO1YZfdR/ioKbiSNI/KM6fprz3LieAuQs9pc1XbYktLS2r46MgFPrBW5bk9nrATjUt4//wRfnO2lhOhbs+bgSXFclYth8PBixcvcDqdC9ZzOp1MT08vWG/ZTvheMJ3Fyy3HDD5nPMHVxZ4zluVLlZG490hEZH3JYOu2XB4+nYIt8PjhCDm7MuBpeJ0tlB/eG3o19XQMyAkrz2Xb1qgjrorfjnlQ1dA3PeSW7w+VbXmnnNzPrRWzQ9+Yh2lZhRnFuyjuuP3KTyhrnzM1lff27OGfrEDq7dvm700wqPpe2CpWERFRYFVELItvETQDsO/PuT53W2XE1kmit2ECNRGFsbdMznddkp7L5eLFixdkZGRgt9tjpgOw2+2kpaUxMTFB2kL/OF+uE74XTGfxcoLPGW9gdcHnjGHZUmUk8D0SEVlvMt7IYeTuY6a2wsORYnZtISqwOkXPrc8J7d7Pfdmk8lM8HYORns+53hF+PZenU5DxdAxyt4WtcM0gJxeWK9WrrG3RwVVAQVURkXkoFYCIiCyrLZs3M/Tdd6SkpPDWW29ht0dONXa7nbfeeouUlBSGnzxhy4IHQC3TCd+vkM5iPsHnjMfizxnDsqbKSMx7JCKy7mx5m+KRh3z99UNGYq00HfqajpHi0Pb9vbtyYrUShwzeyDHzsx622jL/7KU4wwzwMjLGVKj+FGMjL/tQsh4Fg6vZ2dkKqoqILEArVkVEZFk5HA7y8/Pp6+ujqKiIbdu28eLFC7xeL06nk7S0NFJSUujt7WXr1q04HAtPRctzwvdC6SyW5znnE+9zzrVMqTIS+B6JiKw/W3i7eITbPVC8Z74v1MZ4OgVbMqboudsDL3ms1Ja3ixm5/TVDxeEHWeWYB1tteZtibnO35x3zYKyhb3j5nmS9CgZXgz+LiMhcNsMwjOVscKKh4hVbOEd63T5SQq/78DYcZvoVW10JzoO3cBVmzbnuv1fBs5vL3FnVdbJ2Yr434T8vczcrJdZvYfSl6F/VueXx3WtEXF98PPHcG3k9dv3we3746w6WQ29vL1vz85elLZHl9vTpU7777js2b9lCamoqLpeL6elppqenGX7yhK1bt5KVNffvzNVmvTyniMh68ujRI1wuV5y1h+i4fpec/eZqUYY6uH4bM8CJFfB8uI39e4vJiEgFkEv5nm08vP2Qbfv3UkwPtz63frb28A91XOc2ezgcPMkqVtvBvALkUh52L1M93Pq8A7OrYorpgV2zh2LJ2rWsH/Dj9GJ6mjfffDMBPYuIwOPBwfnPkngFjx49WrROcgVWSy+RubsU+i8y+ekNIBisHHn1oGHpJTJ3b8d/Zy/Pu16+Gdexdpx8wcTHH84pcx68hWvzA6YvnSR09nPVdbJ2FsUZXDWDysRTV4FVBVZRYFWSn9frZXh4mOmwFaupqan8YMuWl1jBmbzWy3OKiKwXSwusiiQXBVZFZL1JZGA1qT7tuf6oFNvoF0xYQVUA76d/g+PkKRwHD0HY9VXj5mGmN97CVXwJ582wgOsytDux3KtgRUSWmdPpZOvWrYkexmu3Xp5TREREREREZiVRYPUc9k3gvxe9EvQGzy9FBlQjttxPd4VWiJqrSfvwbyqyUglM4Luzl+dd50jfXYoNcOy+xQbMVauuY+04NwVbDda1XlqrZ21hZb7iW1b9fWQdI+aq1Vi834/gKtxECpiB1RhtP+86xIaTVgqEne2kY61atVa8BhnB1bzzrlI9xIaTp3AEv2Afjb26VkRERERERERERF6effEqK6R0K3YmMJ4sUq/qupUaoIKJhov4KMV17Nxs+aZcjDsVTDRU4B3NwlFxCScf8uxOF0Z48LTqOs70LqYbwur+UbAdMxAbuGeWTdwbwbH7Oimf7sU7ytKDlU9GMcjFVjp/2y5u8PzSF/gJz8l6jvSdufjuBOv2YSv8GQttSnIe/CWOZ1+Y9Rsu4kvfR3pV/EMVERERERERERGRxSXRitX4uN4sgtEvrFWaN3je8zOydu6YDTaOtoVWnfqnJnCmz9NQxFb6Q9jSgWfWy6odpNCH9+bcuq+caalqBynTXUyH2v57fMWnsFcBc7b2f8izhtlXzo25wEh0pbk2edhQCs+75q72FRERERERERERkVeXPIHVrscEdpdi27xQJTMAajx58Or9RW3HN8L20zs35sL0A/yv3otp8yZsjGB0gfNgLriKcNW1RwRpjY2HYtwYua3fmJ5YtCvvp3vh4C1cu9vJ2g1zUhyIiIiIiMiCUux2DMPAZrMleigiyc8wsNuTZzOsiMhKSp7AKh8SGN2H881zQOQ2ezN3qrn93nh2ClvG9lfuLXRQlrWl3+zDNCcn6qv29WYRTHfhD7a9+UEoL2ykc5Evq36Gw9U3m0fVyqu6GO+ne0Ntu46146y4hLNrGQ/OEhERERFZwzIyM5mamsLhcCi4KrIQw8Dr9ZKRkZHokYiIJEQSBVZh+vddOHbvI/PgA/OAJjBzoW6awHfHDIBOP+rDaW39n+YQG4pnUwMseZt++lacgLf0Eo5NwKh1/eZ9/Dv3zW7PL71E5u7t+O/sxVhqH1XXcW4C/z0rsGm17azCTDVgrZwNhPKqRrNys3ZZz0rfgt2FB6HBSofAYwVVRURERETilJmZCcDU5CT+QCDBoxFJXna7nYzMTLKs/2dERNabpAqs0nWSya5zpNedIqvulHWxD2/DXkI79W8eZnrjLVx11grT6S6m4zlIqqsNf0Upjt3tpG+u4Nnvu3DsLjW35E934e2fwLnZCrTyIc/ubCVzd3tohaj/XoW5nX5zH86d+8g6uTX2qlNXadQ2/wl8dyrCtuLPbdvov2gFVa1Vuzvbydx4kclPzfyrjt3tZO2ewHevC2PndusQrNimP76I7eQpsur2hb1/SzhoS0REREREyMzMDAVYRURERGKxGYax5EWYC5loqFjO5mSdiPVbGH0p+ld1bnl89xoR1xcfTzz3Rl6PXT/8nh/+uiN2x0vU29vL1vz8ZWlLRERERERERGS1eTw4iNvtXvZ2Hz16tGgdZZgWERERERERERERWSIFVkVERERERERERESWSIFVERERERERERERkSVSYFVERERERERERERkiRRYFREREREREREREVkiBVZFRERERERERERElmhlA6s2xXFlfbDZUxI9BBEREREREREReY1WNtLpTFfASda8lBQHqRsyEj0MERERERERERF5jRwr2pvvOYG0LHCkgU0BVlmYbZHXySgQ8OObmWZmcjzRQxERERERERERkddoZQOrAT+25wo4yVyGEePanDrGIuXx3WtEXF98PPHcG3l9nkZFRERERERERGTNUNJTERERERERERERkSVSYFVERERERERERERkiRRYFREREREREREREVmilc2xKiIiIiIisgqMjY8zPjaGz+dL9FBElsThcJCdnU1OTs6C9b76X19hs82eHfHj/+3HobLuf+vG652JWfbV//oqop3wMhGR9UaBVZF1rZtPahtp85zmck1J2PVhWi+cpf9AE++XzHtzDOZ9X1ac51eVecs8Vkt3Mycaoa6phpLwn19Pb/KSJicnmZycJBAIJHooIknLbreTmZlJZmZmooeyyllzWfRl9xE+OlPJa5qN4jQ7NveRyLlxuPUCH1zrjarvpub8GcxqS5hTh1v5zdl23g3dK69qbHyc8fFxUtPSSHO5Ej0ckSUJBAKMjY0BLBhcNYwAu0r/GBvQ9S//MqeNd3bsIDU1dU6ZYQQo/eM/hhj3iYisNwqsigi0fUZr1ct9GBtuvcAH7RUJ//CaLOMQK6g6NYXT6QSbLdHDEUlehsHk1BSAgqvLwHM6/MtAMyj5wQXimhde1xwy3PoZbQsFeKPKhlsv8MHZZvLj+MJQ897rNT42RmpaGjbNY7IK2e12UtPSGB8fjxlY/X/u/VcA8vz/Du/MDAB+fyB0HSDH+w5erxebzTanLM//75iJcd9/2vl/vrZnEhFJVsqxKiK43dB8pZXhV24pj8ozTa9vtWq0khoua7Vq0pmcnMTpcCioKrIYmw2nw8Hk5GSiR7IG5VF55jSe3mv8Y3eCh1KYH3fgM29HBW76GRyGFZ9TJYLP51NQVVY1u90+bxqLgM+g4K23InYWBQIB3nwzP/TH5nfidDoxDGNOWfR9BW+9RcBnvPZnEhFJRlqxKiIUHjhAYWMjf926Y94PcN3NtTSE9llaWxVHmq1tjL3WqqAd3I/Ythi5PXN2NZG1vbHQA21tmBshPRFb+mP2Fz20YCqA09AQPo4DA3zwWUHYKp5uPqn9jEJtkVwRgUBAQVWReNlsSpnx2uRS6IYvB4ehxJoN4prLzLkjou6clDnhYs91s1v9GznR5okrbc3w/XZ63RX8WXQqgB33+c3ZAQo9bbS1gedPPbT997AxH7cauN/MiWttcYxZRNYzn8/AZ3gJBPz8S2dn6PqLF97QzwFm5i3z+30RZT7Di0+BVRFZpxRYFRGghPdPezjReJPuyhgf/Lqbaeg/wkdNYR82b3ZTWVPDR0f6w7Yihq95Hab1QiP9R85zuTLPCoJeiAhu9rZBXVMTJdaHx4bmMvND4Lz9zfMBsSR6HN14ej/j/nCl2Vd3J23uCj5SUFVEZB3JI78QegdGgLwlzGVmUHS2rjlH/aY1Vq7TBea6yjN8xCLb9Xuv8UHttbALHuqa5tva30Z/wXkuN5mlP3WGjXm4FeileeAAl5tqrJyrjXxSttRc6SKyHvi9ATAM0v5gMKpk9otxh/vJ/GXF30UWGTazTRGRdUiBVRExldRQ56m1gpu5c8ounwm+GGawHyhcpL3h+3zZ6+bd49bHw5Iqatxn+fL+MJWV5iX3kSoriGt++H2l/iIHTLmnl9/eH6ayMo/uzjbcFeeVg05EZD2Le24Z5n57L54DZ6x5I4/KAx6aP7vPcGVU0HPBuS6OWSc6/2p3MydqL8TepYGbd3cs1KabmioripqXv7RpU0TWFb/XoOf+o0QPQ0RkTVBgVURCSqqO4D7byCdl5yM/kA238puz16wt+27c7jgaGxmgl0J+/jLRzJfpL0pJmYfez+4zXLmDwX4371YprCoisr6YwVN3hfVlYdxzywj9vdDWWBva3m/yYK19Dav6CnNdLDG+hBQRWW7F2e+y5Qdb8Pv9y9JeSkoKQ98NLUtbIiKrjQKrIjIrr5I/O9LOB5/dxBN2ufvmNXrDcrV1N9fSsFhbuQW4aScstV3cXqq/aCVlZjqAbviSYL46SWZTPbf4vAPK9++lOGNFOuTW5w/ZtlL9icjKGr7Pl71QeMDKrxr33GLmZvUciGMb/SvMdbK6jXde4WLLQOh12dF6qotmy/ta6rnaGausj5b6q4SyUxZUc+p4Gdkx7oMCqk8dpyxYGMP8/US1VXaU+vDC+R+MKxcHea++mtnakWMuqD7F8YUGJauAQXa2+d/QMAwMw8But2MARiBgHtxms2EYZt5Uu/WzYRjY7PbQfTYIHfI29N13sToSEVnzkiiweo70un2kxCqa7mL60km8scrWCdexdpybZl/771Xw7GbixiNrV17lcWraz9LcS0Rwlf5Bhikhb7iV37YRVRiroR286742ux2y+ybNvW5qjudBRC7WeSy1vznMdAANjb3gOa00AElviscPobgYHj6eoliRThF5JcO0XrlGr/sIfxYeHI1rbsljR4Wb5s9a+Wn4QVb9R+bmSl1wrnsJS50rJTH6WrjYks/R+uNm8LGvhfqrV8gPBkH7WrjaWcbR+mqK+lqov9rCzvpqihin88pVBqtPUV+WDYzTeeUiF1vyqK8uYrzzClcHqzlVbwZaxzuvcPFiC3kRQc7IccTux7w3VIYZZL3SuUhAdLyTKxdbGKAs/GLkmMc7uXLxIi15kUFcWV0MA9LT0wHw+nwE/H5S09IIBAL4vF5SHA5SUlLwer1gGKSmpuLz+/H7fDhTU837vF7sdjtOhyPUpojIepREgVWTAobRDrHh5CkcdDHdYAWXSy+RubuddF79vXIda8fJF0x8/OFLt+E8eAvX5gfrPvi9dli55BpnN0CaKQKsAzbcR6g74qah3fpwuqMC97VrfFA7QF1TVWQ7Z07TX3uWE9a5HJ7TTTFyxs21YH/zjTpiHOYBXCVlHmhrw1OmkzuS3tDXdLCN/W+P8fntrxkqLmfL6+4zo5i9h4tfdy+yznz11Vf8qKQk9MEzyDszQ3d3Nzt//OMEjWztm7N1P2x1KixlLquhpPIMdQO1YQdLzXemKWVYAAAgAElEQVSo1MvPdUCMw6vivz9izOcL4uxQlkVRNfX14a93UkYng+NANvTd64Syo2YwtOgnVBdc5F5fNUVF2ZQdrw8LW2ZTvKsA7g4zThHZZcepD4tpZhfvooC7DI9DUYx46Pz9jNNzd4CC6l+EArJFP6mGv+thvGx2dWy44ArcsrIyBjrDS6LGnF2MOeR5BiWrhEEwDur3+/F6vaSmphIIBPB6vdjsdlLsdnw+H4Zh4ExNxe/3M+P14nA6wTDMAGxKCg6HI9SmiMh6lHSBVYlS9TMcrj68DWFBy66TvCi+hav4Es6bCmbKqyjh/aamGJdrzFOFg/Iq+VVTeLK3Si5Xxi4rOdNE2Cveb2ri/Tkd5FEZUQ9Kapq4HE9/JTVcborx85x7sLZoeihXXDXpDX3TQ+62/WRseYNibvPNUDlbgpHVoQ6u34by8jE6OkYAKN5zmLe/uc7tHkKvy636ZkoBsx655ezfW0xGsJ27UEwPPSO5lL+3jYf/FJ4KYIiO67exmoxoc6hjti/InU1XYI2tuLiHnp5gl/vZqxW369JXX33FvXv3+HZggD179syu6pmZ4fbt24yNj2MAP1ZwdZnNN9dEWcJcBta8VEMc5u8/r/LMbB9LKLNqhM2VMea4qDFHls8zv8sKGGd4EAp2RQYdB5c9ELlQP/PcMjCIFfudK+89TtUXkd3XQmdnrArBbnu4O1DArl8oqLqaGYaBEQgAEAgEMAwDn99PwO8nYBgE/AF8Nj+GVeb3+0P1/H4/GAYBw8BmGASsdgwtWRWRdWp1BVarrpO1E3z9uTgKswBzhWvgzdlt8uErXp0Hb+Gy6kWkE6i6TlYx+CkixTWB785ennOJzN2l2ACm+/BThP3JRSY/vQFEbcUfnV3haa747MO/qchKY2C112XVLQ1rN1i2+TpZxaNhKzzPkV7nwQi/z+J6swhGv2A66q3wfro3MqAaq5+u4PXtBEYhZVNWxPidB29Zz7SPrGOYz1R1nayds/8aM/pn34PodA3+exU847r1HpfiOnkJLp3EG9FG1PshsoKG77fT6zmA4qrJbohvenLZtj8DyOCd8lw+/2aI8i3ha1Z7eMh+Dh/OMAOnt6/DnsMcLreCnnd7eGdvMRlDHXzekcOew3vZgln2eccbHA5GSEd6zPu2AFM9PAy1P0XPrduMle/ncHGGlX/1Fj3791I81cHtsXL2HzYDtEMd17n99RDFwTbpYSzHHJsZaP1/6dmqvK3r0Y9KShgYGGBsfJzbt2+zZ88egFBQNTs7mx+V6G8kkbVmvPOf6KSMo2EBzfy8YOAxm7z8+e7s43ct5srSWGHKvt+1MFBQzUIxzNj9mD8PtPyOvjIrFcDvWhigYN7Vr9lFi+3rN9MWtAwAZUc5rrjqqmYYhAKiPq8Xvz/AzIsXGIZBwO/Hywx+v7liFWDmxQv8fj9+nx/vzAyGAf7galaHA1tYPlYRkfXGnugBREvZ2U5WXeSf9PDdxRSRwt8w0VDBdP8EKTvbsT+qYKKhAu8opBRfwglQdR1X4QjeBqvsWSmuY+dmm3EVQU8FEw17ed51iA0VpdB/kYmGCiZ6IMU1W9V58BbO9C6mGyqYaLiIL30fmQcPzVbYlItxJziGLBwV1hg4R/ruUgL3zLKJeyM4dl/HdfM+ftd2HKXW/VU7SJl+gG9O8PEQtnQwph4s8q5F9jPdj9lPqDyLFNrMMdzpwti0j/QqKzg7Slig+BzpO3Px3QmOtw9b4c+sdg6x4eQ+7MH36E4X9p232PDkMNP9E2GB6+g2RsLeD5GVMkzrhVo+uFZIXY2CGElv6Bt6ineFApEZW7eR2/MNkWfLFrPLqpDxRg5QzNtWXDMjJzesqR5yy98JpRHY8k55VFuz90WYeszDkVy2bQ0Oopi9h63g6JZyDgdXvTLF07Hom2fHRkYOudHFsm44U1N5b88esrOzQ8HV8KDqe2GrWEVkjehrMbfQH50nD+q8zNylnQXV/CJG3lMzR2oB1b+IvXV/MUXVp6gu6ORqfT319fXcy6/m1RJGmCkB6utPUT14lfqWvldqTRLLsFaaBgIBAoaBYQQirpsHVUW/NusZhoGBEVr1GmxHgVURWa+SbsXq4jlW+/BZKyi934/gKhwhYNX3T03gNHNw43qzCKP/Ymil5/Tvu3Ds3oELrGt9ofso9ZDimsDfY63MvPn3+IpPWSszD+HYnIW/J7i69AbPe35GVrEHJ1b90bbQiszwMVC1gxT68Ab7uXmYCetn12g7juJD0HXDHOuTv3/5Lf1R/Xg/bcNZtw97FfAEYALf760cql2PCeyer6EPeRZ2PK5zYy5gbaeNfo+6TjJpPbNzTorCLBx/dA66Pox4ZpGVMzfVgCSrKXru9sBID9d7Ikvu9ryzxC31ZtBzpOdzrneEX8/l6RQL52ydGmOEHHbF6m6qh1ufd1h/G+aSq8ipLCAYXP0nK6AKKKgqslb1tVB/tZOyo3MPcprd+m9u2Sdi1aq1+pNqTh2fGzg1851CdfAwLGZzoJrKOFr/k0X6icqN2tdCPfm8l20eZHU1uN2/IPYY5pdN2XtltFy9R1910RKDyZI8jFAg1G6zY9gCpKSYn35tNht2ux2HIwW/31yx6nA4zPo2GykpKWZKAJsNm83cL6mgqoisZ0kXWF0e5kpP26ZTZNWdCrs+ga00RvXNm7AxghFzu/p2bC5rJe3OyJKUWNXDODfmwvQD/DHKph/1WcFZsKVP4P/9jRi1bmA8O4UtY/tL97M01kFZ1lJXY3pitmjB9yicGZxNr9tHVt0+89Loqx2OJSJr2NRjHo4Us+dw5GFVUz23+PzhY6aKgytF45HBGzmQu22eHKdTC92aQy4PzQBs1K1DX3cwUrwnlE5gqOM6t+Mek6xH4cFVQEFVkbWor4X6q4NUn6oncsFp7K3/s1v2raBq/lHqo6OxBAOo+Rytj1wBG32wldnoQv1EtWsmZCUbyK6up756/kdbTHhbsjoZYblRfT4rFcDMDIFAwMyhipkqwOfzYQAvwlIBzMzMWPf5rACsw6qv4KqIrE9JlwpgedzAeGbmB52wUgGYf+bJ9flkFIPc2EFXHmBMmytpI9s6PCfvaTTv9yPg2hQ7ABtMB1DlIYVYaQBM04/6YNOOsG39lqrrZNWZ2/0X7GcpQgdlmc842TMyW7bgexTtQ54F36ew1AMiItGmHj9kpPjtOatJM7ZuI3fkIY8XCobGsOXtYkY6vg5t/Z/qucX16x1RaQViyNjKttwRHoY6HKLj+nU6gjeOPTXjslM93O2J3YRIuGBwVUFVkTVovJMrVzspO3qcGLv4KdpZZuY3Bej7HS0DZQSPH+hrsVaqxgiqmmkFoPpUfGkFFupnvPPK7Hb98U7+rmWAsvdeJq3AOJ1X6rnSOR4cpJkXdlexAqurWDDHajCQGgj48fn9ZvDUH8AfCJivAwECoetmPX9Yvdn7A4l+JBGRhFmjK1atFaE7f4aLG0wTPMhqBG+sgGhXG/6KUlKsrflmgBHM79xu4HvyS1zFl3DeNNMBuI61mzlXL51ceBA37+PfaW3Jv0noICn/nb087/qQwGg7zp2lMPrF/GkArLQEzpOX8IcfdrUzLNVBVD/Og57Z1ABxBULDWcHTrkNsKC4C+mK/R9ZBVtyriHGIVvAZsVIPTGA8Weo4RGQ9+LpjhOI9MTbpZ2xlW24HHV8PUfz2EhrcUs7+8lt8fv26dSGX8v3lC6cBMDukeO8exq7PphHILd/P3i1ARjm5n3fw+fUOyC1nT3kutx8+ZYotS1hNK+uRAqoia9N4z10GgIGr9XSGXS+oPsXxsmwoquZoWT1X683SsqP1VqC0j3udAC1crG8Ju7OMo/XVWIW0XKwnojRGqgFggX4gu+wXVF+5SH397NhitrGobMqOH2Ww/iKhIZcdpT5WRFlWjfAVq3a7nYBhkGK3EwBsNj92m40Uux2/tdU/tP3f78duTwEMbDYiUgEoHYCIrFc2Y5n/BpxoqHjJOyNPnI/UZwZEq66TtZPZ4GjUa+fBW7g2P7AOUQoGU7OCI5s9nT66HbACgqXYAEa78KWXkvLkIpNWPlfXsXacm6LGE7zO7Fb36DFEtEtUDtmq62TtLIojr2x0/zFy0Ub0E/as0YHOsIDos5uzYzAPn2rDEUoFMIHv3gNSds69N/jfyOi33p9Q3+H/nWb/5Raqt4BYv4XRl6J/VeeWx3evEXF98fHEc2/k9dj1w+/54a87WA69vb1szZ/3qFmRhHj06BFprjnr7EVkHi+mp3nzzTcTPQwRCfPgwQMyMjMTPQyRVzI1Ocn27XPTynV2dPKHf/gjwNrmHwiQlpZGIBDA6/XicDhISUnBOzODAaSlpuLz+fD5/aSmpoIBM94ZUlJSzNfAv/3rv1FWHp2vQkRkZTweHMTtdi97u48ePVq0ThIFVpOJmWvU1rN4wPOVlF4ic/cmfHGkFVjrFFh9OQqsSjJSYFVkaRRYFUk+CqzKWjBfYLXjn/+ZH/3hHwLw/PlzAoEATqcTw9rab09JwW6347dyrDodDvxWmdPhwAD8Ph/2lBTSUlOx2Wz867/+G//+P/z7lX1AERFLIgOrazTH6lKdI73uFhuC2+arfobD9fq3rzuLt2Mbvb/ug6oiIiIiIiKyMgwDjEAAI5gb1TDMnY82W2iRiA1rkYhhgM0Gwe3+NptZZsymAAgoDYCIrGNrNsfq0nyIt/8Wrt3tZO02r/jvVcQ+6GpZmCtizYOiPnxdnYiIiIiIiIjMEQyG2m12DJth5k4NBLDZ7djtduz2FOw2P4bNht1ux7DbsQcC2O12MMBu92Oz2WaDryIi65QCqxbvp3vnP0Bq2d3g+aWFc46KiIiIiIiILDfDMEh1OgFzm79hGGbwFEgNOM1DqWw2HE4zXGC32TCseja7uenVmerERuQBViIi65ECqyIisqzMlQzWtjERWZj1YVZEkosjGETSXCarVCAQwOGY/+P+V1/dW8HRiIisXQqsiojIssrMzGRyagqnw6HgqshCDAOv10tGRkaiRyIiUbKzsxn//ntSrYN5RFaTQCDAzIsXbNy4MWb5f/jf/8MKj0hEZO1SYFVERJZVZmYmBuZJtIHgoQgiMofdbicjM5MsnTwuknRycnIwgO/Hx/H5fIkejsiSOBwOsrOz2bRpU6KHIiKy5q1sYNVmB0MfsmXts9lTMAL+RA9DJGGyFCwSEZFVblNODptychI9DBEREUliK5vUy5mOzZ6yol2KrLSUFAepG7StU0RERERERERkLVvZFau+5wTSssCRBjYFWGVh0dmsVkN2q0DAj29mmpnJ8UQPRUREREREREREXqOVDawG/NieK+AkcxlGjGtz6hiLlMd3rxFxffHxxHNv5PV5GhURERERERERkTVjZVMBiIiIiIiIiIiIiKwBCqyKiIiIiIiIiIiILJECqyIiIiIiIiIiIiJLpMCqiIiIiIiIiIiIyBIpsCoiIiIiIiIiIiKyRAqsioiIiIiIiIiIiCyRAqsiIiIiIiIiIiIiS6TAqoiIiIiIiIiIiMgSKbAqIiIiIiIiIiIiskQKrIqIiIiIiIiIiIgskQKrIiIiIiIiIiIiIkukwKqIiIiIiIiIiIjIEjkSPYBZ50iv20dK9OXpLqYvncSbiCHNw3nwFq7ND5JuXCIiIiIiIiIiIrIykiiwavLfq+DZzeCrQ2w4eQrXyUuw5oKYZiCZiOcVWVmPBwcTPQQRERERERERWee25ucneggvJekCq5Fu8PzSdtLr9uGsAq8CkCLLarX+xSUiIiIiIiIikmhJHlgFeIAxDSkbDwE3AGsrfmGWWRyWKsB1rB0nXfjSS3G4APrwNhxmOthU6SUyd5diA2AC3529PO8KXt9OYBRSNlntjn7BxMcfWjeaK2fNNifwj0aOcL7xUHWdrJ3gHy0iZZNZbPRfZPJT2HDSSnuws510Knj2JHxs0St3RUREREREREREJJmsgsOrbmA8A1vGdvNl1XVchSN4GyqYaKjA+6wU17Fzs9U3lWLrscpGi3CevIQTgHOk7y4lcM8sm7g3gmP3dVyhG7NIoc0su9OFsWkf6VVmifPgL3HQxXRDBRMNbRAMvsYzHoqwT120+uzDVvhLNpTe4PmlL/ATDKAeYkNF2NjudGHfGT42ERERERERERERSSarILAayfVmEUb/34dWoU7/vgtj047ZIOR0VyhlwPTvuzBc23GUAlU7SAkr4+bf45suwl4VvHEC3++tFapdjwmEejyEY3MWxpM2K8frh3j7J+IfD334PjVX2vJkFGOBZ0sptoLAXSeZDF9pKyIiIiIiIiIiIkllFaQCOIQtHYwnD0I/2zadIqvuVFidCWylmEHLZ49nD7nqekxgt7nS1bkxF1xFuOraI1aCGhsPwZOF+t+OzQWB72+Erni/H8G1eXZs840nfjd4fgnzoK7g+MJTCoiIiIiIiIiIiEhSSf7AaqmHlLDApvHsFMaTi0x+emNOVdcfAelbcYIZkCzdih3wEwyGPogdrCz1LDCAGDleN+YCo5hpCuYfD1VzL83vBs8vBds4R3rdPtIOHsIbq10RERERERERERFJqCRPBWDmHrWFb+9/1Iet8GehVafOg7fIqgvLRxrc+g+4/qgU2/QDfF3Azfv4XaU4g8HO0ktk1rWH8qjO7wa+JxNhfZqpAYIWHU9czpEeMRYzmBu+SlZERERERERERESSR9KtWE3Z2U7WzrALo18w8fGHs69vHmZ64y1cde3WoVQT+O6Y+UhdAKMj2Ha3k7UboA9vw8lQbtRnd7aSuXu2faP/Is9uAots2/d+upeUY+04rT79o32Qvvh4FvYhgdF9OHe2k7nxIpN3uiLGxugXTNxcsAERERERERERERFJEJthGAudp7RkEw0Vy9nckriOteMkKhArq0Ks38LoS9G/qnPL47vXiLi++HjiuTfyeuz64ff88NcdsTteot7eXrbm5y9LWyIiIiIiIiIiq83jwUHcbveyt/vo0aNF6yR5KgARERERERERERGR5KPAqoiIiIiIiIiIiMgSJV2O1Vcx/XFFHLlNRURERERERERERF6NVqyKiIiIiIiIiIiILJECqyIiIiIiIiIiIiJLpMCqiIiIiIiIiIiIyBKtbGDVpjiurA82e0qihyAiIiIiIiIiIq/RykY6nekKOMmal5LiIHVDRqKHISIiIiIiIiIir5FjRXvzPSeQlgWONLApwCoLsy3yOhkFAn58M9PMTI4neigiCTU2Ps742Bg+ny/RQxFJWg6Hg+ycHHKysxM9FBEREREReQkrG1gN+LE9V8BJ5jKMGNfm1DEWKY/vXiPi+uLjiefeyOvzNJqUuvmktpE2z2ku15SEXR+m9cJZ+g808X4JdDfX0kB0neimmjnRCHVNNSxQK+4+ZfUaGx9nfHyc1LQ00lyuRA9HJGkZhsH4uPnvIgVXX5U5hzT3zl7xnH4N80ncc52IiIiIrAdKeioi0PYZrcProE9ZEeNjY6SmpmKzrYZ15iKJY7PZSE1NZXxsLNFDWeWsoGrhaS43NVl/TkNjLZ90J3psIiIiIrKWreyKVRFJSm43NF9pZceZSvJilJfUNHF5hfuU1cvn82mlqkicbDabUma8shH6e8FzIHwNaQk/PeLmg85u3i/R2lJZuomJCYaHh5l+8WLRuk6Hgx/84AdkZWWtwMhEREQkmSiwKiIUHjhAYWMjf926g19Vzg1zRqcC6G6upaHNKpyzpR9Cq4c4wkfzBE4X63Putk5PaOulOZ4j1PRfs8o91DWV0VHbSFtU3fjGKyIiq1cuhW5ojgqi5lWemf1S0NrCX3Okn+Zr5sTiOd1Eeefs/BCeOmC49QIfWPVwzzeXzZ3r5ptvuptr+S0eaGujd972JJl89913eOP80sPr8zE8PKzAqoiIyDqkVAAiApTw/mkPvddustiuyeHWCzT0H+GjpiYuN52npr+R30Ts6Tc/aH5ZcZ7LC35wXLjP4dYrYds6z1PjbuO34f20tcPx2bKG2k7Kre2fHmbrLj5eERFZ3fKoPH4Ed1sjJ2prOVFbO8/f8218yXEuNzXx0RE3bY21dJSZqQPqPND2WSvDAN3NfHCtkLrgvME1PmiOnqnmznWLzTe9bfDzpqZF5kZJFjNe74LldrudLVu2sGHDBgCeT0+vxLBEREQkySiwKiKmkhrqPG00zPnwGG6Y++29uCt2WB8K86g80xS24rSf31ofNGOvQo2/z7zKM2ErS81tnhE8BzC7yCO/EPCUWStUzZVL4eP1HKicHe8BD73t91FoVURkDcmr5FdWftWPjrjpvXaWE7XROVY9/Nyam/LMiYNya5rJLQhNHHR3toXNKea8QVtn2JeAsea6OOabUJuyKixyGGlOTg5paWls2rQprvoiIiKyNikVgIiElFQdwX22kU/KzlMYs4YZ4Cw8MF/QtBdwm6tQK+M7MXnePrubOdEY3E/pxu2OcfOizPG2NdbSFnHdwwhoxZCIyBqUV3mGy5XWdv7GZsqb4puPTMMM9oO7IneBOrHmuoXnG1lbsrKySE9PB+DJkycJHo2IiIgkkgKrIjIrr5I/O9LOB5/dxBOzgrka9MvBYSiJFZb08PMzNdBcS0NzWXy5TGP2OUzrZ224jwRXA1lbLpf8QOZ4PQdm8+bJ6tXXUs9VjlJfXbSEu8bpvHKRu7tOcbws+7WNTUQSqLuZE58VzMlbaq5KXSpzF0TvwEJfv8Wa6xaebxZLsyPJzW63EwgEAEhLSyM725xPRkdHmZmZSeTQREREJMGUCkBEIuRVHqeGNtqit96bpeyocEdsbexuruVE1Fb+kprTeNoao7ZgLr1P84Mt0H0z7BCrpTDHG8qbFxzvhValAhARWStKyvD0RudBNb+ge5nt9yVl4Vv/528ncq7TfLNWZWRksHXrVlJTU3E4HOTlmQH3Z8+eMTU1leDRiYiISKJpxaqIRDHzwjU3tsUurTxD3UAtH9ReMy+4j/DRmRLo7gyrVcJPj7iXsAUzus/g60ZOtAGe02Yu1gVXEM3TcvR48VDXpINDRETWjhLebzpP4YWznKidveo+cp7L8eT7ntNcDR8ducAHtbXBhvgo5g6MqLlugflG6QBWr6ysLOx2O5s3b8bv92O32/F6vYyM6L+qiIiIgM0wljfT+kRDxXI2J+tErN/C6EvRv6pzy+O714i4vvh44rk38nrs+uH3/PDXHbE7XqLe3l625ucvS1siy+XBgwdkZGbOX2G8kysXWxgAKCijjE4Gw7bq97XUczUYpy+b3fofkQrAaoPqUxwv7uHKxbvsOnUcs4k+WuqvwtF6qouUCkCS39TkJNu3b0/0MEQkzNdff43Nbsdut7NlyxacTicAgUCAx48fh1IDBBmBAO+8804ihioiIrLuPR4cxP1yB7Ms6NGjR4vW0YpVERFZQeN0/p0ZEK0vy4a+FuqvQsEuq7TzClcHqzlVX0a2FSC9kh8VFB3vtAKp9WYgdTwhDyIiIutAIBBgaGgoFFx98uTJnKCqiIiIrF/KsSoiIitnvIe7AwXsKrYCpUU/obogVEjP3QEKdhVjlhbxk+oCBu72zMZOB/8panWqiIjIa2CzhX4MBleHh4fnP6wqrL6IiIisH0kUWD3EhpPtZB48tMr7ANexdrKOnXutfYiIrErjgwyQT17MoOg4gwOQH7vQNAAUDNDyu77XNEARERFItbb+BwUCAZ4/fz5v/Q0u1+sekoiIiCShJAqsrmbnSK9rJ70q0eMQEUly2fkUMMhwzO372eQXwGDsQlPZexw/fpSyzqu0KLYqIiKvyQ9+8ANcaWlx1XU6HOTl6VhMERGR9Wid5Vi9wfNLN157L9MfVzD92nsREVmFsovZVdDC3Z5xysqyoe93tAwEc6xmU7yrgJa7PYyXmTlWf9cyQEH1L4hMpVpE9dEy6q+2sLO+mqLsPPIZCGvzHp1AWYIeUUREVr+srCyysrISPQwRERFJckkbWHUda8dJF770UhwugD68Dfex1+0jheDrw0wvqe4hNpw8RcqTi0x+egOs1+Y9E/hHISX9AdOXTpJyrB0HfbCpCNt0F9OXTuKtuk7WzqLQGI3+i0x+ChtOWv3sbCedCgJvtuPkCyY+/hAA58FbuAqtf5gF2wKouk7WTvCPFpGyKbzN1x/8FRFJjGzKflHN3YsXqW8ByqqpLoC7wdKy4xwdrOdifYt5oeyoechVtKKfUF1wkastO6mvNnOxXmyJbHNwhZ5IRERERERE1qekDawCsGk73KlgossMgDrrwNtQwTPOkV63D8fBQxAMQsZVN7J558Ff4qCL6YaTeK164UtNbZvMNsxL50jfmYvvTgXPu7CCoj/DxWGeX9pu3nuvgmc3wXUsrJOq67gKR/A27A0Fdl3HzuG1gq5QhH3qIhMf37Da/CUbSm+YfYiIrEXZZRyvD64nHafzSmRe1aLqeuqr595WVF1P/WwjlB2vD61KzS47Tn3EEtWymPVERERERERElkty51gdbbMCjDcwngGj960g5wOM6L32S6kLwCEcm7MwnrSZq0f5EG//RFSb98PirB/yrGFvKODp3Jgb1yO43iwKa+cGz3v6YNMOZtPb9+ELBoefjGLE1aqIyGrVR0v9FTqD+/r7fkfLQAH5C5xXJSIiIiIiIpKMknvF6mu1HZsLAt/Hu+0+PG0AGNMTC1e37rGlg/HkwcsOUkRkjSniJ9Vw8WI91mZ/yo7WE2u3v4iIiIiIiEgyW8eBVXMla8rGQ0AcwdWqn+FwzeZ1DeZHXdgNjGensGVsf+XRioisFXO37YuIiIiIiIisPsmdCuC1uoHvyQS2zR6cAJzDWbjYyZ+52EoBDrGhuGiRuqbpR+Fb/637IlIMiIiIiIiIiIiIyGqzjgOr4P30b/BRiquunay6HRjROVbD3fx7fNNZOHa3k1X3S6YLrvgAAAEASURBVOjpwggFWj8kMAopO9vJPHgo6r7DTPfn4qxrJ6vulHlYVujgKhGRtcfhcGAYyhgtEg/DMHA41vEGIhERERGRVcxmLPOn34mGiuVsbkU5D97CldHGhAKfKy7Wb2H0pehf1bnl8d1rRFxffDzx3Bt5PXb98Ht++OuO2B0vUW9vL1vz85elLZHlMjY2xvj335OamorNZkv0cESSlmEYvHjxguyNG9m0aVOihyMiIiIisio9HhzE7XYve7uPHj1atM66XiLhOtaOY+oik5/eIJgKwOjXQVMiIq8iJycHA/h+fByfz5fo4YgkLYfDQXZ2NptychI9FBEREREReQn/P8Y1EH3M7QkZAAAAAElFTkSuQmCC" height="600" width="800" />
Act: [Personal Details, Contact Details, Emergency Contacts, Dependents, Immigration, Job, Salary, Tax Exemptions, Report-to, Qualifications, Memberships]
Exp: [Personal Details, Contact Details, Emergency Contacts, Dependents, Immigration, Job, Salary, Tax Exemptions, Report-to, Qualifications, Memberships]]]>
  </system-out>
  <testcase name="getMyInfoSideMenuitemsCount_007" time="0.805" classname="testcases.MyInfoTest"/>
  <system-out>
    <![CDATA[<img src="data:image/png;base64,iVBORw0KGgoAAAANSUhEUgAABVYAAAJcCAYAAAASBf/6AAAAAXNSR0IArs4c6QAAIABJREFUeJzs3XecVdW5//HP2nufMmd6Y2aYoQ69gw2VItijxhpbDIoab665SbwhDZOIXG9Cmi3+0jQ3EMTYRRETMQoqWOkiDEiRDjNnejltl/X745wZZmBoiVKS552XCXP22muvfWb7R748+1lKa60RQgghhBBCCCGEEEIIAcCUKVMOO8Y4BusQQgghhBBCCCGEEEKIfykSrAohhBBCCCGEEEIIIcRRkmBVCCGEEEIIIYQQQgghjpIEq0IIIYQQQgghhBBCCHGUJFgVQgghhBBCCCGEEEKIoyTBqhBCCCGEEEIIIYQQQhwlCVaFEEIIIYQQQgghhBDiKEmwKoQQQgghhBBCCCGEEEdJglUhhBBCCCGEEEIIIYQ4ShKsCiGEEEIIIYQQQgghxFGSYFUIIYQQQgghhBBCCCGOkgSrQgghhBBCCCGEEEIIcZQkWBVCCCGEEEIIIYQQQoijZB3vBXxW6mL1bG/axdaGbexs3s3ulj3UxuqIuTE87YFODVTgac3ZJadzx7DJGEqyZSGEEEIIIYQQQgghxNE5qYPVhJtgTXUFi3e9w5rqddTF63BJhqgKhVIKAKVAaZXMVhXYns0pXUZKqCqEEEIIIYQQQgghhPiHnLTBakXtRp5a/yyrataABgOFMgwsTCBZlep6LrmBHDw0LXYzSikcz2FEwTBGFg07zncghBBCCCGEEEIIIYQ4WZ2UweqG2k38+N3/xfYSmIaFUhqdqlL1tIfjOeQH8zmndAwJL8E7e95PVqtqjQfcNOA6LOOkvHUhhBBCCCGEEEIIIcQJ4KRLFxvjjfx82QM4XgLLMNHJRBWtNLbnkOXL4Nq+VzEgrx9Ldr/Hgm2v46ExlCLhJphQOp5+ueXH+zaEEEIIIYQQQgghhBAnsZMuWH15y6vsiVQRMoNtn9meg6Usrup9GV8s/wJ1sToeWvk7tjftwDKsVCWrxmf6mTTourbeq0IIIYQQQgghhBBCCPGPOKmC1fpYA69sfY2A4UcDWmtc7TK6+HRu6H8N3bPKePXT13ls7SwAfIaFBpRSJJw4kwbcSEGo4LjegxBCCCGEEEIIIYQQ4uR3UgWrm+q30JBoJGj4sbVDXiCX2wffzNmlZxB34/xm5aO8vnMRprIwMNBolALHc+iR1Z1Lyy863rcghBBCCCGEEEIIIYT4F3BSBauf1G1Eaw9Hu5xTOpavDLyewlA+1dFafrHsYdbXrcdSPpRiX+9VrdFovjH8a4R8acf7FoQQQgghhBBCCCGEEP8CTppg1dMeH9Wsw1QmXx92B+f1GI+hDCpbqvj5sofYWL8Zv+lDa0Anz1FAxIlx59DbGZDf93guXwghhBBCCCGEEEII8S/kpAlWo04Uv+Hj3tF3c0rRcADCkRruff9n7Grejd/wAcl+qq3patSJc1X5F/lC+QXHceVCCCGEEEIIIYQQQoh/NSdNsGoog2+M+A8KU5tP2a7Nwyt/x47mXcnNrJQGrds2tDKUwfV9r+bGgV/CVOZxXr0QQgghhBBCCCGEEOJfyUkTrKZZaaRZyR6pWmv+sv45llYtJ2ClEcNBaYXf9FOaXsLpXUZyZsnp9M3peZxXLYQQQgghhBBCCCGE+Fd00gSr7W1p2M6iyg85s2wcPdMK6JleQpf0IgrTiygIFaCUcbyXKIQQQgghhBBCCCGE+Bd2Ugar3TKK+eP4n6FcB6+lGivagE7YaLcKXAcdzEH5Q8d7mUIIIYQQQgghhBBCiH9RJ06wqj10vBnsKAQyUL40OEjlqa9hJ97aV/A2LMSp20lM6+SmVYaJNv2YeWUYZSOwysdilgxFBTKP8c0IIYQQQgghhBBCCCH+lSmttT6eC9AtYezNi3E3L8at3gKJKASzMHO7YZYMxOx5JmZhP7AC+86JNeA17EI3VeHVbcfdtRp3bwVeUxhaQ1YAFEZhH/wjrsAadAnKn358blIIIYQQQgghhBBCCHHSmDJlymHHHL9g1XNIfDyPxHuz8Op3gWEke6MqA+15KDy0BmWYmF2H4Bt5JVbfc1FWsNPpdEsNbngjzsY3sde/BtEmMAw0oLTG7DqYwNj/xOx++rG9TyGEEEIIIYQQQgghxEnlhA1WdbyR+JsPYa96CQwz+Q+A54F2941TBgrQWqMAs8cpBMbdiVky7JDze/U7Sax5CfvDJ9CujTIttOuAUgQnfgv/yOvAOHG6IAghhBBCCCGEEEIIIU4cJ2Swqu0I0Re/g7PlA5TlB1QyTNVglA7G7HYKRnoe2nXQDbvwwptwKz9JtgjQHpg+glf9Cl/vMYe9lhveQGzBT/B2rwPTB1qjXZvAGTcRGP9NUObnf8NCCCGEEEIIIYQQQoiTyokXrGqP6N9nYK94HuVL9Uz1HIz0fALnfhuzfNyBr/q7Nl7DTpyNi0ismouu2wWmRdqXHsbqeebhLxlrIPb3n+FUvA6mhQZwEgQv/D7+Edd+5rcohBBCCCGEEEIIIYQ4uR1JsGocg3W0sT9+CWf5c+1CVReVnp8MSftf0Hn/VNOHkdcL/xm3kn7Tn/Cf8RW05xJ96QfoaP1hr6mC2QQvugdrwERwbBSgTB/xBT/Drdny2d6gEEIIIYQQQgghhBDi38IxC1a9xj3EFv0aLH/yAw1oj7TLf4ZR2P+I5lDphQQm/Dehq3+FjtSR+OjFIzvPl0bwgh+iivqC64IyQCniCx8Azznqe4nH40SiUTzPO+Q4rTWxWIyWSIR4PH7U1zmcRCJBSyRCLPbPz23bNpFIhEgkSiKRwHGcg97fkRY5O65LNBolEomQSCT+6TUeD572qIyEiTqxf3iOhGtTFanGO077xAkhhBBCCCGEEEKIz94x28HJXvEURBvASlWrOjF8Z92KWTriqOey+kwgdO0jxN58BP+o61C+tMOeo4JZBC+4m+icyYAHph9ny7s4e9didR3eYWxlZRXvf/ABubk5uJ7H2LPPxrIsGhsbeX7uXBYsWEBjUzOPPPQQ5eW9D7jWrt27Wbx4CW+99Tafbt1KLBYlPy+PIUOHMm7cWMacdRaBQOCQ662rr+e9994nIyOD+vp6xpx9Fnl5eWitWbX6I1599VXWfPwx9fX1hEJplPcuZ/z48Uw4ZzxpaYf/PgBaIhFWrFzFooULWblqFS0tLaAUpmGQm5tDYWEX0kMhgsEgoVCIhqZGqqvCfOMb32DQwAGdzmnbDqtWr+LNt97i/fc/oLa2Fq01mZmZDBo4kHPPPZfTTjuV3JycTs//pG4zH+5dRoaVTk2sjpFdhjOq6NCblQF8uHcFm+u2EDADVMdrubjHuXTLKmP53pWsDK/B1Q65/hyibowWO0JjohkXh5AVoijUhf65fRmU35+0/aqmmxPNfGPRdzmtaBRTTvkvDHV0fxeh0fzfx4+zeNe7PDj+pxSldzmq84UQQgghhBBCCCHEiemYBKu6pZrEmvnJDaQAtIZAOv6R/3iPU6t8PGmhvORcR3pO8UDMHqfgblsBpoVSCvujeQcEqx+vW8t3vvMdNDB69BlMGD+ePXv38rU7v87aj9dgGibKMPDvF442Nzcz68+P8/9+8//w+XwMGTKE7t27kYjHWbFiBcuXL+epp55i3LhxTL/3XrqWFB90rdFolLt/+EMikQimafLyvJcIBoP87Be/4Mknn0ShsHwW2tPEEwlWr17NCy+8wBmjR/OzGT+lrLT0kN/F2nUVTJs2jWXLltGzVy9uv+02Ro0aiWmYfLRmDTNnzuTdd98lMzOLL33pSziOS3W4mvqGBuLxzqs3N3zyCQ889BBvvP46pmlxww03MHr0aDJCITZt2czcuXN58qmnGDBwAPfecw9nnXlgj9y4HeOJDc/iMyy01vTO6XHI+2hV1RJm9von8aWesTOLT6MbsCr8Mc9vfok0Mw0Pjy/3u5Zumd1IeHE213/Kwp1vE3djWMpHz8zuTDnlG3TL2vfdVUWqiXtx3t71Lpf3vph+eX2PaD2tdjXuZv7Wv2Epk7hzclbtCiGEEEIIIYQQQogDHZNg1amsQLfUonypakDXxhp8MUbmP1e9Z5YMPboTDAur30Tcbcvafna3vIOONaCC2W3D0kPp+Hw+bNumT58+RCJR/uvr/8XqlSvJzc/DSdjEE3HSQ6G2cyLRKHd87T9Zvnw5P5sxg7FjxpCTm4NlmjiuS2VlFQ8+9BDz5s1j0aKFNDY08PjsP+P3+ztdanooncLCQrZv305WVhZ+n5+7vv0dPtmwnhk//SlDhgwhLzePmtoaFi16k9/89rdo7fH+e+/xjW9+iyefmEMw2EnPWmBdxXquu/46mhqbuO6665h2z49JT09vO96/fz8uvOB8vvf9qfz9jb/T0tzC96d/h0AgcND2AMtXrOSWW2+luamR/v0H8Mivf03fPuVtx8eMOZsbr7+eZ597nh/96EfcfMtk/vD73zFxwoQO87hKEzD8mIaB1hpT+Q79O03xW378ph9TmSgUfjP5vVqGhd/wo/HI8mVwWflFBNtVpV5efgm/XP5rtjVtZ0vTp/xk6a94cNxPSUtVQdfFG5KtDxTM3fQK3z3tm0dcteppj8fXP41CoYHGRNMRnSeEEEIIIYQQQgghTnzHpMequ20pql0YpdFYvc8G1LG4fAdGfi9063WVgddcjde0t8OYgvx8HM8FID0tnUf/+Bh7q6r408yZvPjCCzz33LPce+90bHtfBWJTYxONDY288vLLXHnF5RQU5GOZJgCWaVLatYSf3Pc/nHPOOZimybJly5g3/5WDrtOyTNKCAZRSWKbJD3/8YwJ+Hy/Pe4lrrr6aAf3706VLIQMHDODO//waD9x/P1pDMC2NlStX8sbCNzudNxqN8p3vfpd4PE5BYSE/+P73OoSqrbKysvjJ/95HdnY2f3nyCR774x+T359hYBgdH5va2lru/PrXiUej5OXl84ff/75DqNrK7/dz4w3X84VLLsFzXb52551s3batw5hMKx2lFFqDhybXn3XQ76i9oOFPPU4apRQZvlTobSiUMlAolGERcztWjZZlduVrQ29Faw+f8rOrZTdrqte1Hd/bsjcZ1BoW7+79gC31nx7RegDWVa/nnT0f4DeSIW9VNHzE5wohhBBCCCGEEEKIE9uxCVb3rANjX3GsMiyMnK7H4tIHUibKbFcFqcELb+4wpKGxAcs0CQQCzH1pLq+++irPPfsME88ZT4/u3enfrx83Xn8dRUVFbeekpQV54IFf0aeTQLFVIBDgzv/8Go7rYfks5s6di23bnY61LAvT50cpRW1dHWvXrWPGT39CZmZmp+MvvOB8brrpJqLRKIGAn+effxbHOXBjro/XrmN9RQWg+OIXv0heXt5B15ufn8e5E8/F7w/wu9/9nr2VlQeM0Vrz60d+Qzhchet5fOub36RH924HnVMpxVdvvx3TMnEdh9/85rcdNsNytAMoUGAog7ju/PvZX8hKS3aFUAqUwtbJYDzTSkdrD1drAoYPv3FgkXbXjGLSfRl4eBgYbGva3nasMd6EhwdaodE8veEFPH3oTcsAHM/h8fVPYyjVmvdSF6s/onsRQgghhBBCCCGEECe+YxKs6pZqaKtY1cmK0WDnmxd9/ovxkuEbyTBPGQZebceqSU0y1EMpqsJhvvud71JSfPB+qJCs8OzX9/D9N0tLS8nNyUEpgx07dhCLxzsdZ5om6aEQnucRj8f55n/9FxkZGYec+9prrmk7d13FeloikQPGLF26NFVxqhk+fPgBx/fXv18/DMMgFo+xYuXKA47v2buXp55+imAwjfRQiAsuOP+wc/bs2YPi4mJ8Pj+vvrqA2tq6tmOmYe17KDUEzUNv8tUq4iXwKTPVPsAgZCZf98/1Z+NoF0MpLGXQWZW067nJR4JklWxeILftWFW0GnSqylpZfFi1gi31Ww+7nmV7V/Jx7TosZYJKnl+faDyiexFCCCGEEEIIIYQQJ75jEqwmSwlbqxJTCVa07mCjP1/KAMemfcCm4x0DSJ/Pj0bjOg6lpaWcftppn9nlA34/+fn5aO3hOA7xQwSraYEArutimSbDhw077Nx5+Xnk5uaiPYhEWmhubj5gzKdbt2L5LECRmXFgC4D9ZWRmtm0Qtmvn7gOOL168BNu2cV2XU089hcKCgsPPmZ5Oee9ytNbE4jHWrdv36n2aGUw+KVqj0W0B6eGkmUE8PLTWKBSBVI/VFjeCpUwMpfB0a0VsR1WRME2J5HcVMHyM6jICgLibYE/LXkzDJBmNJv8zZ/0zuKmK2M5E7Sh/rngSS1mYKlkhq5QiHAmjOfLN1oQQQgghhBBCCCHEievYBKvK7PizZ+M1HZ9+kzpaj27/Krfngdlxg6TW3qiO6zJ40CBC7Tap+md5WhONRtquY1md7x+mdbJXqFKKQDBIfv7BX9lvv+78vLxU/Aex2IGhbX5+Pq6bDCA99/CvtNfX16EMlewz6u/4PXmex4dLl2KaJo7jcMYZozFN8yAztVunZSUDYK1xHJumdgGwL/WsaOiwCdXhZPjS2jaZUiQrXwEaE81YhpU6ZmDt1wqgKdHMnPVPo9E4nsNtgyaRm5aspnY9h+poDQCX9LyIoBnAUiZLK5ezsbZj+4j23tu9lM2Nn9I3p5wryi/F8VwUiupoDQn3yFobCCGEEEIIIYQQQogTW+ep3mdMZeTj1e9EtQWsCnfbh/j6nnMsLt+BF96U2qM9VUNrGOy/ybtpmqCTHQPS09MxzX8uf9ZaU9/QwKZNm3niL09QVRXGUAaGaeD3db7rvVKKhqYm/H4/hqEwjiCw9DwP27ExjORmTYHAga/Rn3rKKP7w+99jWibbduw47JybNm5u613ar1+/DscSiQRbtmzBMAxM0+SNhQtpbGyitraGzKxsAgEfwUAQT3vEonFi8RjRaJQuhYUsW74c0zRpaUnQ3NSusjb1Tr5K/dezG1+kS1oBpmHR5DRjKJOgGcTAIOrFcD2bkJnGnkglShkdwlUAIzVf62884SYImgEa402sr93I4xVP8mnTNnID2UwacCPn95zQtpSIHaUh0YjrOXyh5/n4DR9PbXoey7D449rZ/HzM9FQ16z5RO8rs9U9iKZMv9b2CkBXi6Y3PYyqTxkQjUTvaVk0rhBBCCCGEEEIIIU5exyRYNbv0xduxAkiGUMq0cNa/hh7zH6hg9rFYQpJr4277EFJhWHJTIQ+V03GzJaWS0avWYBiHDzT3V1dXz9ZtW9m8ZQufbPiETzZtpLamjkQiRq+evcjLy6O2pgbzMBWrrVWrhmHQ0slr/fvzUue03kNmJz1ZR40aRV5eHg2NDbzx+hvcPOkr+A6yhsamJt56+02UUpSUFDNkyOAOx1siEcLhcDLIVYrq6jBvL36bUHo66aEQgUCAeDyOZRr4/X4cx8VxHTZv2UKPHj3o3r0bWmtKSvbrX5tqgWug+LRpG5WxMAYmftOPz7BwPY+EtkF7aO2RZqVRH2/Yd+4Bc+lUxWiYH737v2T7MqiMVlMbq2V4wTDO7T6BM0pOoTSjpMOp4Wg1Di5+M0CGP52Le53PM5vmYhom6+s+4aPwx4ws6tindv6WV9kTqWREwVBOLRrJloatGKlF1dtNR7TxlRBCCCGEEEIIIYQ48R2bYLVkCLZ+et8HysBrCmN/sgj/sCuOxRIAcBt24e5eC+1fB9cuRvHADuOSfTpTf/aOPAjbtXs3zzz7LM888wx1dfX06dOH888/n0k3fYVu3cooLS0lFo1y401foba2BsvyEYlE8PsPX8Go1IGbLh0wBlKVtgq/308sHiObrA5j8nJzmT59Ot+661ssW76M+fNf4corLj9gLk9rHn30MaprajANk3vuueeAoNZnWSRSPWIjkQjTfnwPY8ac3WGthmF0CIlbg1+g7c/JzbTaSW0WBYq7RtxJ75yeh733teEK7n7vfzggWdWgU+FqTjAPUKyuWYulLCzT4vp+V9E/v/NNx+pi9TiuTX4oD8MwKAjkc1638byx821MZfKndXN4oGAQvlQribpoHc9sehGl4OaBN2AaJpm+TFAKBdhugsZEE3lpuZ1eTwghhBBCCCGEEEKcPI5NsNp1KPiC4Ln7XvW2gsTffAir/GyM9MJjsQzsj18GNwFWkGTipiGYjbFf0OV5XvJ1cpUMGI/E2nXrmHzrrVRWVtG9Rw/+7//+yKmjRh3wOn5jYyMtLS0ABAIB1P6hYopSqm3TqCNlmib+1IZXPp/voGHsFy6+iLq6e3nooQe5+4d309jUyAXnn09uTg5aa6rCYf70p5nMmjWLvLw8fvijH3LuhAkHzKMBK9XKwDJNIpFopz1WW3vFtt3XEVG42sVvdN4q4UDJqtQDPlXJXq0emjQrxA9O+RaPrP4D62rX47gOv1r5CD8/e3qnYeeelr14aHKD2QTM5O/xmr5X8Naud9FoPm3cxju73uec7mMBeGHTfBoSDZxVdAb985Jhrd/0ETKDxNw4WnvUxuromd39CO9JCCGEEEIIIYQQQpyojsnmVUZ2V4yeZ6C9djuyGyZEm4gt+Cn6GGzo49bvwF72FJh+Wjtu4rmYpUMw0jvuZO+1r1I9gnCzsbGJyZNvpba2jq6lXXni8cc5+8wzO+1x6tgOjuPgeZqA39e2Udb+tNakZ6TjOM6BazoIwzBRgOu6WJZJKK3zTbcMw+ArN32Zhx/+NUoZ/PSnP+Wmr0zitq9+lcm33c5XJt3Me++9x7enTOHlefO45qqrOg1E04JByspKcd1kYL5r987DrvFw9H6vyjvaOcjIjhztJv+gWudJVcPqZJWsAcScCMUZXbhr5H+S5U9W8lZGKnlg5W+wO3kGdzbvwUCR7c/CSDXiLc3syiU9L8T2bCxl8fiGZ4i7Capawsz79K/4DD83Dbi2rfeqUgaZ/qzkE6egMlJ1dF+IEEIIIYQQQgghhDghHZOKVZRJ4NTriGx8s92HGiw/7sbFxN/4OcFzv5cKPT97OtFM/LWfop04ymxXAaldfAMvbOu52ioZYipAHVHF6hsL36AqXIXP8nHN1dfQvVvZIcd7novneZimdeBr8ClKKSzLh2PbuH4/GZ30S91fPBHHdmyUAtMwsayD94f94MOlTL/vPiZPvpXrr/0Sfr+PcE0NWmsK8vLJzc0hGAwe8np+v5+RI0excsVKUIp1FRvaXvn/R9mem6wWTn3tjntkwWrETd63Jhmk2qkQvyCYj+3Z+EwfCog6MYrTi/jxad/lu+/8GEtZrA6vYda6v3D70EltVa+u57I3UolGkx/MbwtWAS7ueR6vbFsAWlMVqeJvW/7OrpbdxNwYF3Y/l/Lc3m1jQ74gmb5MKiNVuGiaEofvlSuEEEIIIYQQQgghTnzHpGIVwCwdiVU2AvYPyiwf9sq5xF7/OToR+cyvq+0osdd+grt16X6hqgehXKzeYw44p7U6VCnwvEMHq1prFi95h0AgCEpRVlp6yPEJO4HjuPj9fqKxaIeeo/uvIZFIpFonaEKhzqtP23MdB9u2sUwLjSae6n+6v3C4mq9M+gqubfONr99Jt25lFBUVMWTQIIYOHkxJSfFhQ9VWX7zsUrRKhqwLF75BVVX4iM47mBY3mvyDUigUTc6RPROOl0BhYACe9oi6MSBZAatJfp+mMvGp5N8l9M/vy1cH30zcS+A3fLy45RWW7Hy/bb6oE6MqEkZhkO3P7HCtrpklXNjtXGzt4jd9zF7/FG/seAtLWVzW++IOwbLP8JHhDyV7xmpNXbz+H/9yhBBCCCGEEEIIIcQJ45gFq8r0Ezjnm50HiZYfe/U8oi9+G69602d2Ta9xD7GXp2Kvex3Mjr06tWPjH30zqpPemo7rpOoWU9vTH0YikUiN1zQ2NR5yrM/y0dLSglLqoNWqAI7j0NLSgmWZaA21dYcP5LTWqdfykx0MEonOWyzMffFFbNuhoLAAn++fK1oeOGAA5008l3g8TnNzM4/PmXNU51dXV3d4JvyGiac9FJCMRI+sz2zICqbaBiT7qSa85L1Xx+rxGSZKJdsFtH4OcEnvC5lYNr4tXH1w5W/YXPcpALWxOhoSjSgDcoI5B1zvi+UXEzQCqU4RmoSXYELpWMpzenUYZyiDLH8WGo2hFJUtYdzWtgVCCCGEEEIIIYQQ4qR1zIJVALN0OP4zbwY71slBH+7W5bTMuY3EsifQzf94L0odb8b++CUif7kdZ9OSjpWqKPAcjPzu+IdffZAJNJ5OBmHxROKgVaWQfGV/1MgRJBIJTMPgrUVvtvVF3V88keDBBx/EcRxc1z1kKwDHcYjFYyiVfLU9Gj185WYsFicWi+N5GsNQZGZ23j4gHo9jWRYVFeuZN38+4epqIpEIjuMQiUSIRqPE4/GD3kd7hmEwbdo9ZGVlYZomf/y//+PpZ5897Hlaa5597nl+94dHO1R4xp0EKvU6v+bAnqsHUxdrwMQANFqDTyXbIDg6kYpmFQk3gdHuWoYyuH3wJIrSuqC1h6tdfrL0VzQnWki4CRJeAqUVOal+rO2VZBQzsdt4bM9u2+TsS/2u6NAyoFVuMBuNRmFQGa064vYGQgghhBBCCCGEEOLEdWx6rLZRBEbfirttKe7utSgrwL6KRA2mBU6c+BsPkFj+FL5hl2H1mYCRU4bypR16as/Fa9iFs+19nI/m4VZuAFSqUrVdMKpd0Jq0S+9D+dM7nSo7OwfHdTANE8c+/MZaF190MQ88+BCu67J0+XJ+94dH+eptt3Z4nX79+g1M/5//YfDgwfTu3Ztt27ayfft2auvq6FpScsCcjutiJ2xIhYwHqz5tL5QeIhGPo7XG8/RBA+GJEyfw60ceIZFIcPfUu8nLzyc7O5uA348G/D4fgWCQQCBAUVERgwYO5KyzzqRXz56dzldSXMwfH3uMr33tP6itrWPatGns3LmLG6+/jpL97i1h26xbV8GfZv6JF198kT/8/g8djsfdOJ72sAwTpT2a7ehh7xvAMkxs7eBXyd93faL0m1euAAAgAElEQVSRUroSd1PBuEoGq+5+m4BlB7P4/ql3MWXxD/EZPsLRML//6E8MyO2L1hpTmQftGXt1n8v4+/aFxF2bU7uMpFtW5711A2YAAwOlFLWxWiJOlIB14MZmQgghhBBCCCGEEOLkcYyDVVD+dNKu+CWRJ25FN1Ylw9QOAxRYfnRTFfHFj5J4ZyZGlz6YxYMwCssxskvACiZ7tZomuqkSt3Y77p61eHsrIN4CKDA6uTWt0Z5H8KKpmCVDD7rGPXv24DoOcTuGnUikNpo6+EZQJSXF/PIXv+Bbd92F1pqHH36Id5Ys4YzRZ+CzfHy05iNWrFzFlP/+b66/7lr6PdeP7//gB9TW1HD7V+9g3NixXH311fTtU942Zywao7Jyb1uf1ObmpsN+t3V1dSTsBHbCpr6ujkgkSlragYH0oIEDefCBB/j1I4+wY8cOwuEwlZWVyTYCgGkaJLNIhaEUyjAIBALccMP1fOub3yTUyZyjRo7gmaef4Re/+iWvv/4Gj/z618z+858ZO24cvXv1IpSeTkN9PUuXLWXNmo/p2bMnf571Z8aN7djj1tMenvbQmGjAdjvvE3vAvccaUtWiKtlKIJUpGxg42iWgTOKeTV28nqxAx56p/fL6MHngl5lZ8QR+08+S3e/zwd5l+A0/Hh5WZ88S0CW9kPO7T+DFLa9wQ9+rO61WBUi30kluq6WIuwmqo7XkdtJeQAghhBBCCCGEEEKcPJQ+1HvunyO3YRexp+/Erd+136v6nfA8SG7/AyQDP5RCt1YfpioSlTJSmz11Qmu05xAYfyeBMyYDB9+5fuPGTTz/wlzyC/JxXYfJN99MIHD4CsPVH33E43Pm8P77H1BbU4NhmmRnZzFxwrlMvuVmevdO9t90XZf5r/yVDz/8EMMwOPXUUxg3diy5ufv6ve6trGT27McpKCikqqqKyy67hMGDBh3y+hs3bWLuiy9RkF9AuLqa22+bTH5eXqdjm5qbeeDBB3nyyScZPnwE/fr3o6S4hPy8POrr66msqmTjho2sXL0Kx3EwTZNoNMKNN36Z6dPuOWjQ7DgOH320hvl//SvvLFnC7j17cBwHyzRJC4U4++yzuOQLl3DWmaM73ZBrV/NeKlsq8Zk+HM+hKNSFrhnFh/3uN9d/SnOiGWUYuK5Dr+ye5ASz+bR+Gw2JRgzDwPVcBub1I2gduDFX3E2wonIVISsNn+kn3QqS8FxanBZ6ZfUgO3BgOwCAxngTmxu3Mrxg8EGD1apImB1Nu/CZPlzPpXd2z4POJ4QQQgghhBBCCCGOvylTphx2zHELVgG8+u3EXrkXd+dqsHyQ6pF5KJqOkej+P3d+oWQlZmDCN/GfciMcJAA76DW1Pujr4J2Nra6uIRyuIi0UokthIenpnbccOF7e/+ADpt79Q/Lz8rn33mn069sHv99/wDjbtvlk0yZ+9rOf8+GHH+Dz+YnFYsx76SUGDRxw2Ou0tESoq6+joaGBtLQ0CvLzycqSQFEIIYQQQgghhBBCnNhO+GAVQMcaiL//J+ylTyYrT/dvDXCk87B/wJraV951MDK7EPzCNKweZ/zzCz7JVazfwKWXXUa/fv146i9PkJ2dfdhzGhubuOXWW1m3bh22nWDatGlMuummY7BaIYQQQgghhBBCCCGOvSMJVo+udPNzoILZBM/5b9Ku/w1mtxHgOW0Vpkc1T/sfNODa4Hn4R15F6Mt/lFAViCcS3DPtHmw7wZRvf/uIQlWArKxMbrzxBmzbxjRMqqtrPueVCiGEEEIIIYQQQghxYjvmm1cdjNXtNMxrhuBufpPE6rm4O1YnA1ZlopU6/Kv4WoNO9Vw1DKxBF+AfeQ1m6cjPf/Enic2bt7DmozVkZWXRq1fPozq3e7fumKaJ4zj06N79c1qhEEIIIYQQQgghhBAnhxMmWAVQvjSsARdj9ZmIu3ctzrYPcba8gxfekqxk1ckNrJTngpHcAT65WZUCy4/ZpR9mz9Ox+k3EzC8/+EZW/6Zqa2tJ2Db+QOCINuPqQAFaY1kWffv1O+RQz/PYtXs3diJBeno6RUVFAMTjCcLVYVw3WZGcnZVFTk4OWmsqK6tIJBJordFoTNOka0kJTc3NOLZNQUEBAHX19biO0/Zzq0QiwZ49e3Bdl9zcPHJzc9qOtbRECIfDgCYvL6+tz2ttbS2O49ClSxcA6uvrcVJzV9fUEGmJ4GkPhSInN4fsdv1hW1oiVFVVYRiKoqIigsEgjuNQWVmF4zqgk/12/QE/JcXFbX8xEI/HCVdX06VLF/w+H7ZtU1lVRXFREbbtEK4OJ78DrUlLS6NLYWGHv1RwXZfKqiq01pQUF2MYBi0tLYSrq8nLzW27N8dx2LV7NyXFxW39c2OxGNXVNXTtWoJhGKn1VlJcXNy2GVlTUxNNzc10LSnp8P26rkdlZSXxeIxgMEhx6p4SiQR7KyvRWoMGT3tkZmSQm5vL3spKDKXaxjY1NVFbW0d+fh6BQIDKqio810Xr5DOTkZFOQUEBlZWVZGRkkJGRAUA4HCYtLQ3Xdamtq8OyLJRSOLZNMJhGcXHRIZ9HIYQQQgghhBBCiM/DCRWstrECmGWjMMtG4T/9ZnRzFV7ddryG3ehofTK0smMY/hAqLRuV2x0jrwdGKA+sowwM/434/D4s0ySRSFBf30BZaekRn7t963ZisRgjRo2kf98+Bx1n2zZ/W/AaW7d+Sm5uLrV1dQwbMpRzxo+jrq6WZ59/ntzcXPA09Q0NfOGiiygv783ceS9hmSYZGZl4nkdaMMjFF13IR6s/YtnKldxx261kZGSwdOkympoaufqqq9qumYjHmTd/Po3NzZiGSW1dLVddfjk9evRg7969zH1pHpZpYvl8NDU1ceXll9OtWxnvffABtXV1fOXGGwFYtWoV1TW1XHP1Vbz55lvs2rOH3JxsHNshGo/xxS9cQrfu3aiurubZF+bi91kk4gksn48brrsWgGeef56c7GyCwQCe55GXk0vRBV3agsuqqiqee2EuX77xBroUFtLQ0Mhzz7/AzV+5ierqaua98gpFqaC3traW4cOGMXbMGAwj2bUjFovx0ryXaW5p5vbJk8nNzeWdd99j1UerOfvMMzn7rLMA2LhxEy+89BKXXHQRI0YMB6CyspJnnnueL1x0IYMHD6apqYlnX3iB22+5hYzMTLTW/G3BArZu285/3H5bW6uIRCLBX//2Kjt27SQnK5twTQ1DBg3kvHPPpaa2lqeffY6uqZDX8zx69+7N0CGDee75F3Bdl9tvnUxWVhZvvvUWFRs+4YLzzqWstIxnnn2OvLw8AgE/tu3Qu1cvcnJy+NurC/D5/dxw3bWYpsnrCxcysH9//H4/y1asoKWlhUTCJjcnh+LiIoqLzz/i51gIIYQQQgghhBDis3JiBqvtKF8aKrcHRm6P472Uk96gAQPIyc2hsrKKlStXMmTwoCM6LxaP8/gTj6MMxQ+n3n3IatdVq1axfft2Jt10E5mZmVRWVvLkM8/St085wWAa2tNcfcUVZGRk8Nbbi3l7yRJKSopxHIdzxo5lwIAByYk0KEMBmlgsxuIl73DxRReiDIXab5uy6poatu3YyaQv30hhYSEfLl1KQ2Mjruvy6mt/p3evXkw4ZzyGYbBixQpeevllbr91Mj7L13EupVLXhISdYMSwoYwfNw6tNS+9/DLvffgBpWWl/O3VVxnQry9jx4whkUjw6oLXqK6pobCgAO15XHLxRRQWFiZvQ+u2UHTfZRR+n6/1km0VqZ6nCaWlce011+Dz+di4cSMvv/JXhg8bRk7Ovgpcn8+Hz/Kxe/cesrKy2L17NwF/AM/TqXk81qxdS0lRESs/Ws2QIYOTVZ4kW2q8vnAR5eXlbWFva4fiuro6qqrCZGdnseGTjZx+2qkArFy1ij179nBz6ne6Z/cePly6lHg8jgJMw+Dqq67s8FxEIhFMM1kVW1NTQ1paGpWVYQIBf7JrR2rPvC9eekkyaE/xPA+/38fWHdvZsGEDgwYNwtMaz9MMHDiQ/v37884777Jz9y6uvfpqjLZ7EEIIIYQQQgghhDi2TvhgVXx2MjMz+e53vseU73yb+x94gNNOO5UB/fsf8pxoLMY9997L8uXL+cEPpraFbZ3RWvPJ5s2MHL4vCOzatSvdykrZ8MlGhg4ZjDIM6urqiMVihMNhsjIzsSyLgM/H8lWr2b5zZ/L1/MJCTjv1VFxP06N7dzZv2cL27dvJzMyksb6xw3Xz8vLoUljAs8+/QI/u3ejfrx+9e/emqamJmpoaLrrg/LbX4QcPHsy7H3xAVVUYw+gklEvmfViWRWVVFevWVeC6LuGqMGecfhpNTU3srari4osuwrIsLMviqiuvAKCpsQnTNFm85B0yMjNwHIeePXoyeNDAtumVYaDRvLV4MQF/gEg0gqc1SikMQ2HbNhUVFQQCAbZs+ZQuXQoJhULtvmPwWRZ9+/Rhz969dOlSiGlZFBcX47oOkKx0ramp5obrruPJZ55l7969lJWV4WmP7Jwc/D6LJe+8w6mnnIJlmm07v320Zg2DBgygvLw3r7z6KiNHDMeyLNZ8vJZRI0eSlZVFLBYjlB5i/PhxWJaF1hpPe7z+xkJ8Ph+xeJxzxo0lGAximhblvcvYsWMHwWCQQNBPWiiI57mp+zV46+3FhEIhbNtm0MCB9OzZA8Mw6d+nD2++vZjS0lLSgmk4jo1SKhkGp/7XSoXTQgghhBBCCCGEEMeDBKv/Zq668nJqa2v4xS9/yZVXXc3PZsxg3Lix5GRnd+jl2dTczMdrPuaBBx9k5apV3HvvvUy++ebDbiLmOg6W1fGxMg0T206kftLM/9urWIZBVnZ2W+jpeJqM9BBdCgpxnORr3pBsLdCjezeGDRnM628spKysFNPsWAEaDAa55qqr2LhxE59s3MiLL7/MuLPPpry8HKBDxahSyYpXz3MxDAj424VzGozU3IZh0NDQyMfr1rF161bGjx3LsGHDqKqqaptnf60hY3ZWFvn5+TiuQ2ZGeqfjQsE00lPHdGrTNaUUjuOyZes2Nm/ZQklxMV+6+uq2UDg5BmzHoXu3bqz/ZANrPl5L15IS4vE4rQlpxfr1ZKSno7UmPy+X5StXUlZWhkIR8Pk4/9xzeW7uXDLS0/H7/RiGgW3bfLx2LaNPPx2/30+kJcrevXvp1q0biXgcXyrE/OSTT1jy7rvYtsPll11KKJSOQpGfl0sgEMC2bSzTRGuN67r06tmTjZs2kbBtupd1o7auNlWtqvG0Jjs7i9ycXGzbJi0tCCT70J5+6qls3LyJN99ejOd5HULw1q8++XnHZ0EIIYQQQgghhBDiWJFg9d+MaZr8xx1f5bTTTmPmrFn86Ec/JpQeYsCAAeTn5eGhaWxo4NNPt9LU2Mi4c8bzv/97H/0Ps2EVJIPB0q5dWVexgVGjRuHz+Whubmb7zp1ceN55GIaBoQwuv+xS8vPy2kK9eDyO6zgMGTyYPqkwtJXWmmgkypmjR7O2ooLVa9YwqP+ADmPWb9jA9h07uOC88xg2bCjvvfcea9auY8iQIfgDATZt2ty2QdWO7TtwHIfCwkKqwtXs3rOnbZ5oPIb2kiFnIpFgQP9+nHXmmbyxcCEVG9YzYsRwcnOTAeLu3bvJz89Ha82rry6gX7++FBUVoT3N6aef1raJ1P6056GUwRlnnE5WVhZ1dXWs/2RDMpT1PNLS0vjipZewY8cOXpz3MpWVlfTosa8NhgYc1yE7JxvLtFi2YgVXfPEyNm3chOWzsG2bdRXrUUrx8it/xXFsdu7cRSQSwefzEY1FKexSyLgxY1jw97+THgphWRZ79+4lGo2xbv0GKjZ8QiDgZ+WqVXTr1o2+ffuyYeMnDB8+jGHDhlFcXMJfnn6KRMImFNKgFGeccUaHkLOpqQnHdcnNTYamq9es4YrLLqOqOpxqBZD83Y4+/XRC6fvCZ9d1cT0PlGLcmDH8ceYsbMehT+9eHb4DIYQQQgghhBBCiONNgtV/U6NGjmDUyIfYs3cvW7duY8eOHdTX15OWFiQYTKN792707tWrrVfokTp11Cg2bd7CM88+R6+ePanYsIHC/Hz69e1DdU0NmmSFaTAYbDtH62Q4t2z5cvburUy+0q7h1FNPwTAU8Vgc0zQ5b+JEZs6eTTyR6HDNkqJi5r/yVyKRKF1LilmxajXDhw8jFApx3oRzmP/Xv9HU3ITP8rFi1SrGnn026enp9OrZg7eXLGHe/PlkZ2Wxdu06Lr3kC0AyWE3E4yilGHP22Tw2cyYLFy7ioosu5MLzz2fe/FcIV1dTX9/A5i1bGD36DHTqlf633l5MTk4OruuQFkxj1KiRbRWfntZozyMajZGVlYXjOG0ho+d5uK6D67r07NmTYUOHMveledw2+RYyMzNbvyxi0RjBQIDSrl3ZtGUz+Xl5rI5EKCgsZNu2bUSjUe647Tb8AT+O4/Dnx+ew+qM1lHbtiuO4eK7L4MGDWLl6NTU1NcTjcd7/8ENGjBjOOePGoZSiurqa2U88wbj6es46czSz5zzBk08/Q3mv3mzfuR2lFLm5OXieh9YeCxcuIhDw47guxUVFdO3alXg8TjAYoKhLF/ZWVpKXn09Lcwue55HcgU6z6K23yMrKxnUdMjMyGDx4MNpzUy0H0jln/Dj++uqC1DlJruPi2PbRP/RCCCGEEEIIIYQQnyHz3nvvvfd4L0IcP5kZGXQrK2Pw4EGccsoohg8bxuBBgygrLSU9/cDX2A8nGAzSt0850ViMcE0NvXv15Jzx4wkEg7iuh2WZdC8rawsaW5mGiWVZJBJxXNfDdmy6d+tGwO8nOyeHgoICQqEQ6aEQBQUFFKUqUFuv2ae8nJrqGmrqahk8aBCnjByJaZoUFhZSVtqVynA18UScs88czdChQ1BKkZ6eTveyMqrCYaKxGKefdhoD+vdHKYXneRQXFZGbm4tlWZR17UptfT1lpaUUFRVRUlTMrt27CYVCXHTB+RQUFLQFqyiw7QS27WAYirLS0n0bRWmN5fPRvVu3tlf8lVL06N4dy7IIBtPoVlaGYRh07VqC4ziEQiGy21XAGoZB15ISMjOzyMjIoLy8NxpNfl4e8USc3r16UVraFcMwsCyLnJxkcFlYWEBaWholJSX4fD66lpQQDAYpLi6isamJU0aOJBQKYRgGoVAIpRSZGRnk5eXRt085tm1TFQ7TpUsXJo4fT2FhYdsmVK72cGybhO0QSkujqKgLpmnQq2dPsrIyycnJpmePHmitKSkuJisru63C1bYT2I6DaVqUlZZimCbFJcVkpKeTn5ePaRqUlZa2VQFrrcnOzqa4uPiwrSmEEEIIIYQQ4mQTDodZsmQJixYtYsGCBaxfv57q6mqys7P/of+f/s9I7rfyA7p3707Xrl2P6bXFyeHuu+/moYce4sknn+Tjjz/m3HPPPd5L+sy89tprhx2jdGsyIoQQQgghhBBCCCGOi0gkwhNPPMHixYvbPsvPz6empqbt57Fjx/LlL3+5wybHn6dHH32UJUuWMHbsWL761a8ek2uKk8e3vvUtVq5c2eGzkSNH8vDDDx+nFX22pkyZctgxEqwKIYQQQgghhBAnpQpmTprB9lvuZ9rEztq4He74oYUXTmfK4rHcP20iR3d2mIXTp7Dt2tlMHnj40RUzJzGDqcw+ksH/orZt28aMGTOIRCKMGTOGCy+8sMN+G9u2bWPBggUsWbKEUCjE1KlTOxz/rC1evJi5c+dSXV3d9llBQQFXXnklY8eO/dyuK04uAwfu+3f2F7/4Bd/73vcAqKioOF5L+kwdSbAqW2oLIYQQQgghhBAns8W/ZeYBOUaYhdNnsOh4rEcclUgkwowZM9Bac99993HHHXfQo0cPwuEw69evJxwO06NHD+644w6mTp2K1rothP08zJkzh8cee6xDqApQXV3NY489xgsvvPC5XHefMAunT9rvmU5+Nmn6QsLtP66YyaRJMzlkjBdeyPRJ01kYPtSg46Ni5iQmTdr/nxNzrft79913aWhooKGhgXHjxnHeeecxbtw4GhoaePfdd4/38o4Z2bxKCCGEEEIIIYQ4iXUfO5bt71dAu+oxwmtYzAQmlC9ie7uxFTMnMaN92jqhtVK0gpmT3qfHLduZNWszlN/CD/crTEyeW84t909jYmGqonXW5tTR1s+T1aqzNgMzJiWrZYeuYfqUbVw7FWa0XnzCwSpU253fOnOHittkFW7bLXSY51DHTlxz5swhEolw3333tVWhzpkzp0N/xwEDBnDXXXcxcOBA7rrrLmbMmMGcOXO44447PtO1bNu27bB9JV988UVOOeWUz7FitpCS7jDr/Qomtz3T1WzbXE55+WLWhCfS+jhUvL8IJkzlxP8tH8J+z2l44XSmTJkOqX/PTlSvvfYal112Gffffz8Aruty//33s3v3bl577TXOOuus47zCY0MqVoUQQgghhBBCiJNZyVDGbn+/Q9VeeM1iGDua9tFXxcxJzNh+C/fPns3s2bOZPXUCLJrRrjJwEbO2XZs8Nm0ieZ2e2y5UXTy23VzdmTVlJhUUMnHa/dxSDhOmzm4XiC5ixjM9UuPv55btM5h0QJltKlTtPjU55+zZ3H9LOZtn/TZVwZeswt1+y/2p48l5pi8M0xqqMnV2J8dOXK0bVY0ZM6bTUHXAgAGkpaWxfv16Hn30USD5+vWYMWNYsmQJ4fBne38LFiw4onHt+8B+HgaOngDb9+yrTq14n0UTruXa7pvZ1lZIG2bPdpgw+qSOVQ9QOHEaUydsZtb8E/91+ksvvRTbtjv881mH/Sc6qVgVQgghhBBCCCFOaoUMHbud+W1Fq2HWLIaxdxZAu/xr4OTZzG5/2sDRTNivWUBnIVX1wunMWDSBqbNbe61WMH8W3HJ/u96rAyczdcIknll4KdMmdrbGcm65s3V8IROvncCsGe9T0aGitJCJ02bT/vTCoWMpb72JivnM2jyBqdMKDxgfXvhbFk2YyuyB7ea68xYWT5lPxcTJJ2xF44oVKwC48MIL2z4bO3Ys1dXVXHnllfTo0YPly5fz8MMPt41tHb9kyRJWrFjR4dx/1v6v/x/M9u3bDz/on1HQg/LN26gGCoHwnu2U97iUgSUTmNFWyZqsYu1RkDonvJDpU2aRLHbeV1l9gEOM61DR3a6SNNkH+P+zd+/BUZx3vv8/I2SDcBBCIwwGjIafNCyyl2xZchkkjeLgODipDbaTjRE4KQLJOXtyMGASJf4tSTBgZ+NdYhJuZnezm4KlYkD4t4kN2eOFeE3wCGRcoFTFJwgjCCMjxE0jiYslrurfH90z0zOakWZgxIzg/apSgaZvTz/9PN2t73z76dma/fEGK5t6ihZtnKz3gxnSU7RoY6idhWVzF8xOeJzivPwCyXtSZ1VkLle/XrNsqebBLO6z72pZVaPGTtmlXbukKYtWKH9rlRrHTtEu8wNtnFMUuzz16zXrFWmKtXzYunsxbdo01dfX6/Tp08rNNb+GaW1t1blz5zRt2rQel7127ZquXrsWc/pdmZnKzOwfIcv+UUoAAAAAABDT8IkV+jgQWT37obyq0Nzh0odR5g1/hF+a0tOKj27QK0clTZkeCk6ePamPdVS7qmZpQ8TsBbNjrWis7rPHavLyVSCvTp6V7osyd/iQBQWqkBlcU0GF8qLM39J4VNr1imZ1G1S2x71LucbGRkkKe6w+Pz9fCxculGRmtAaySJ1OZ9g89uWT5dChQ3HN1+eB1eETVVGwQe/Xz1FRUeCLguGS8lWwywzIF509qY8LKvQlM0Ko9VUbNHbRRi0pkhkwrFqv+zZGBtVjz5f37jIrK/sxDbcyoJfl24KMu7zSio3aaA138cosadHGjZpjzWt+qTBcql+vqg1jtWjjEpmbmKWq9fclNCzF8PvGSsHAcr3Wv/KxZq/YaAaA69dr1iv2Lwx26eP8Fdq4cbiks3pX0q6PzezwQPC05/LYlq9fr1mvrNO7E3sehuAXv/iFSktL5fV6dfbsWVVWVkqS3n77bR06dEh/9Vd/pV/84hc9Zq+ePnUq5rQxY8bEXVepRmAVAAAAAID+bvhEVXy8Tu+eXaKJZhSqW4ZcKKA6xQqyWI/P9yiUmbd+8kaFYkM9ZATqxh9PDwZUC6wA19l3tawqzsfO+8mYqnYtLS3Ky4sWKjbfrL5q1Sp1dHTI6XQGg60BTqcz7gzTZOurF2eFmOOsek+elYpa1Hh0rCYPl6SJqigwA/J59nZe/752FczWisDhL/qSZhdUmYFZe/XWv69dmqJFwfnmaONGSTqrd71HVRDsN0X60uwCVXk/1NnHrBzqKdOt9m6WTWMnW4HNPOUXKDiWcf37u1Qwe4VCRZmtgiorGHxDdVGkORuXBH87e/JjSWNt0wtUMTG8IxZUTAz2/97LM0XTAx05L18Fih00P3HihN566y1NmDBBTqdTDz74oFpbW4PDVEjSgw8+KKfTqcLCQq1bt05PPfWURo8eHbaezMxMZWdn6/z58922kZ2d3W+yVSUCqwAAAAAA3AaGa2KFtO7DeimY3WcPcJ7Vh96jmrLIHhyNQ0G+8gJBplfWa/LGOSoafp/GyhrrMu7nmz/WybNSUWD+lkYd1VhND1u+Xu/vih2wDc/iC9ft0el+Ii8vL2aWqNfrVUdHh+6//3798Ic/1ODBg8Om+/1+FRUlL5CcaPZrY2NjH77Ayhxn9ej7Ldb4qpM1R1KonZ/VfY1HNdaMtprBxqO7VDUrPIe64ORZ2VOcY2c9t6jxqDR2+s22HnPc16O7qhRelILw9t/bWsLKGf5Ct4KCguSVJ4E1SVJtba0mT56s4cOH6/r16/rc5z6no0eP6pSVfTpy5EgVFBTo+vXrcrvdysnJUW1trb761a92W1dOTo4uXLwoo6sr+JkjI0M5OTkJliq1CKwCAAAAAHAbGD6xQqp6RRsKZmtFjADOx8HojvkiqF2K77zkVNsAACAASURBVGH54Y/N1WxvlV5ZP1kb50QEWiXZXx4VPXBrvoznsTlF5ra3hrLo6iPmCwVszce2j1pDAQSyEIOPXCsw9uUibZwzXVM2vKJ1704MTgu+YCvB8S1vpfz8fNXU1EQNUn75y19WUVGRJkyY0C2oGm0IgZsV74ur7PP36YuK8vJV8PFJ1eeb46sGDL9vrI6+/6FOfjxFk+eEPlNBjGNt+34hdnDezDr1JhL9jMrMZi2oiG+c0ujML0E0drrVDayxhQN9zRoXNSnlSTDh+ciRIyopKdE1a3zUwYMHa+LEiZo4cWLYfIHpw4YN05EjR6KuKyMjQ0Ozs9Xe3h78bGh2tjIyMhIrVIr1r9ICAAAAAIDohk9URUH4Y8C2iXps7mxpQ5VmzZqlWbOq1Dh9hWYXSLvej+ft4+byBbte0fr6wJvLd+mVWbOs9dmDqsM1saJAu16ZpVnrA+su0BRtDW57w9hFUQI9RZqzaIq53KxZmjVrq/JXLNIUHZX3w7NmGZYs0tjgPswyx8ScU2Quu8K+f7PSPqgqScXFxZKiBzV37Nihf/3Xf405zb78zaqvr1dNTU1CywQCwn1m+ERVqFHvNyr8UfeiyZrysVde5YcyT4sma8rRDfptoLmdfVfLZs3S+simbb2w7f2w+Zbp3bNmmz3q/dCKw9brtxuOxuhLPSuaPEVHN/xWoU0s06xZ6xVPLzPnX6cNRws0+0v2byjMjO/AlxK3sjwBbW1tysjI0JUrVxL6ycjIUFtbW9R1Zmdny2EFUh0ZGcrOzk6wVKlHxioAAAAAAP1SkeaYA0RahuuxJRv1WKzfhz+mJRsfUxjb9PB1mcHTsNkjli+as1Eb50QvWdiyZ09KkvK/tCTq/EVzNmpj6BdtjJwprFzmPkfdbLT9S3PDhw+Xx+NRTU2NKioqwh7tr683Q1+RL4oKBEE9Ho+GD09O2HjlypU3tNwrr7yif/7nf05KGbobrvvG7tKGXVO0KOyA5ylfR/Vx2DjCZmB9WdUszbI+KZi9QlaCtE33+aYssl4K9dgSLWqcFRpOYMoibbyRrNOiOVoxe5mqZgVLotkrIl+iZdPtpWu27FQpmKm9oWqWNqhAsxfNVsEr3vgf5U+0PDG0tbUpMzNTV69eTWi5zMxMtbW1adiwYd2mZViP/re1tionJ6ffZatKksMwDCPVhQAAAAAAALcp6wVUFTFfdnVn6+jo0He+8x05HA4tWrQo+Hh/Y2OjDhw4oJKSkuBngRdaGYahn//8592GCLhRv/rVr7oFcOMxduxYff3rX09KGZDefv/73+ujjz7SpEmTElpu3759+ou/+At99rOfjTnPqVOnNHLkyJstYtJVVVX1Og8ZqwAAAAAAACkyePBg/eAHP9BPfvITLV68WBUVFZo6dary8/PDgqw7d+6U1+tVVlaWfvCDHyQtqCopanC0sbFRnZ2dwd+zsrL69GVVSG+ffPKJBgwYoOvXrye03IABA/TJJ5/0OE86BlXjRcYqAAAAAABAinV0dOhXv/pV2FineXl5amkJvWHI4/Ho61//elKDqrHs2LFDr7/+evD3r33ta3riiSf6fLtIT4cPH9aKFSskSYMGDdI999yjIUOG6J577tGgQYMkSZcuXdInn3yiCxcu6JNPPtGlS5ckmZmf48ePT1nZb1Q8GasEVgEAAAAAANLE2bNnVVdXp8bGRrW0tCgvL0/5+fkqLi5O2piq8ejo6NAvfvEL1dXVqbi4WH/7t397SwK6QLogsAoAAAAAAAAACYonsNr/XrcFAAAAAAAAAClGYBUAAAAAAAAAEkRgFQAAAAAAAAASRGAVAAAAAAAAABJEYBUAAAAAAAAAEpSZ6gIAAPqO8Ylfl99bq2u+fTI62nqb2/rX0dfFukUcyhh6n7Ke+kdlDC9MdWEAAAAAALcZMlYB4DZ2addKXT34X70GVQ3DkBlQvV2CqpJkqOtcszp+871UFwQAAAAAcBsisAoAt7Frx2rjmu92CqdGMi6cTnURAAAAAAC3ocxPPvkk1WUAAPSVK3Ge4x23c2hV4loHAAAAAEi2TPPxTwAAbl9c6wAAAAAAycZQAAAAAAAAAACQIAKrAAAAAAAAAJAgAqsAAAAAAAAAkCACqwAAAAAAAACQIAKrAAAAAAAAAJAgAqsAAAAAAAAAkCACqwAAAAAAAACQIAKrAAAAAAAAAJAgAqsAAAAAAAAAkCACqwAAAAAAAACQoMxUFyCmw5s0d2WNXDNf1gsVzp7n9Xu1fHGtSl9+Qb3NmtRlbwG/d7kWb/Z1n+CaqZdfqJBZ5MPaNHeltHCdnh0fWGaMFq57VuNjrjP29L53WJvmvqn707TObxm/V8sXb1aUo2vyLNS6J06ndftMjNlOa6JN8izUumdT1Bo3zdVKmdv3e5dr8fGnU1OWw5s09837bf36VvuRBlf9tTKOr9TFrdU3ML0HT2zWkL+Urq6YqUsJlGWAJF2q06XXntPVxLbYt6zrU3eemzyv2vpI2DkeNyvmtTSJ5x77uSTK1LDrdCr4vcu1uLY0Ze0q3mPQd+X0y7t8sY4/nbpjkFxmm2qKeZ/c2/RwidR7Sq+V/Vqs+yCXZt4W93kAANyZ0jSw6pf3zRp5PB7VbN6hwxV9GAB0VuiFdRV9tfbkiPKH3+FNc7V4uWLfALua9OZyr74VOf3wJusPmzF9V17EJ6ztxfqDb3z6t8+ERPvjwfxDY/n98f3xl2zjn12ndbd8q2ls+Lc0+Ilqdeywf1iprOfMQKdxK8rwxIMakI4BVbsogU+/d7kWz91048HVw/tVQ0C173S7lprn3bmbUvfFzh0njmPgrHhBt9Vlr6/V/lKbRrwQce/gl3e5GcBzxbka6v1W6X4f5Pcu1+LFmzQiZQkPAADgZqRnYNV/ULU+j55+4WGpZqX2H35W4yPuNA5vmqtAwpDL47FPMbMhF5aqdqWVDeiaqZdfGKEdwW+JbTc1YRmr1rIzx2jz5sD3yTebgdQ3xj8xU67Fx+WXYvwBXqrSMbU66K8Iu3k7vN8KWEdNG0wjERlhnogsH/vxt2Yw/yg7vElmUpDtmPm9Wr74uJ62PgvPmknzLAF7+5S1HwullYGdD2a1BjJfI9prL/WYHsbriZkuLa49KH9FIKBk/rEdOkwRwaaIbN9gZrvfq+W/lErHbNbmGkmehXr5/jcjsnDCM8cCWWYv3/+m1S5Wam6TuT3/prl68/6FKq1daZXFbC8jdtjOP2HZQBHZKLYggpnhU6qZTZuD+xVc1nacFs89ntJzTtfZBmWM+pGkH4c+LP6MBsin65dc5vgxxa/pU1Pcur5rqjrrrHkSyEodNKdWmZ/Uqev+YjMrVdL1/1uqjh3SXdN3atD9QyS5NKiqVnf931J17KhU1nMLlTnImrn1P3Vh/Y9jrD11nBVPy7P5TZ32S+OdUm/t4Zcq1ZjNm1Uj6eHHXNr/rtkwFs/dHOyr4ecre/8+rE1z9+v+mU3avNknuWbqu6W1+tnxp7VQKxU6RazTE6dt6wgLbEX0M9nbcxzXw1j9MFi+6PuePpyqeGGhjs9dqU0PB86NPdWJetlnSdoftt/dzrn7befkbkH08DqLXHfM6541bf/9M9W0ebN8weuafX0uhd0qpY3ux8CeOamIfhK9X0Rex6O1PWfouK6ca8vijDje9nYaeT2ZOFH6cGhYH0h1FrAkjSktVdP+wwq7UfYfVK088rhq1GSfuVu2fahPR9Z7rOtVqO5D10qnejomcZxLeitXrGtnYHd7ag/94D7I+UCpXDoe/L1b9rv9XtAf/YkJ18yX9cKIHbGnpe2NLgAA/V9aBlb9B2vl8zyt8RoveaSV+w/rWdsN4+FNc7WyaaZeXlchZ+CmWC6VBufwafObpXp53To5rRvsxXNdmvnyOq1zWsvvOKyKqHdWPm2uDSxrrnvlpofT8A/C3j3w8Bj98qBfFbY/dPfXePTwQqV3YDUYHF1n3nT7vVq+eLm81o1y+PEPzB/4o+xheRQejA+1J9sfDuteCC3br7IEarRy/0KtW/esVS8rNbfGY9WV2V7f9D5hC9bFrsf0Ze5HbenLWveCFQrdNFeLN42w+uFhbVq8WWMWrtML42X+PnexNo1Yp2edknybzWXXWSFab3xbdVa8oJcV/nijX5Jv85sqtZ87Fs+Va6a1/sObNHdlIKs+FLBdZwvQLPfa/qCp2azjgemHN2nuyl/K+8ALqhj/rNYtVIqHArCce0/Xhz+tQVIwQHpXoVs6+56M4VbuU917ul5arAGFlVKdOSzAoFEuGcdXxvmov+S43y1jV6ku1FnB1L/crEE7ZurS1qm6+sRmDSlstTJWraBqx3/qwms/lqzfh8xRWgZXQ3pvD77NtcG2JUnf/HT4cBChYVteCJ2/wjJia7T5+EKtWxcI1taaX0YuXCfzFLFci1fOVY3Hmsfv1fLFb8r7xAuqcFrXzjELte4FW/B/s9UmnVLP18Me+uH4OPpC2hivhz3Sm6f90nj1Uic97bO1upom3W8dU7P+N+lh2/WlpiZ0Tg5/8iT02Pa6YGB7sZbLrLOer3vWujcfD53vI9dnBYTlCt0ppQ/7MejePiL7Sc/XcTNTM1SPtrb3wstS2JMhkX0gSgZz2PXErNPQ/YVfB2t98jz9QmrP2SMeUGntDh0275olmfc9Kn1a99faAquHN2nuyibNfHmdLeC5MvY9bqzrVbRrZa/3Vj2cS+IpV6yyOGU9iRU6T4Ztu5/cB/kP1kozvxXffej4Z817wMCy1nXi6QqnpJ6mAQCAvpJhGIbS6+cj7djsk6fELcMw5J46Q66aN/VeS2j6/hrJ85RHuYYhw8iV55sz5JKC65Ds090q8UjyPCVPrjndXeKRmk6pxTZ/9GVzVTTZFTbvrf+RpMjPWvTeLzfL5ymR21ZuRS7jLtGY2j+Fyv7RftV4SuQOzp664xx7+y16780aeZ6fGdw3I9ejb86QNu/4yDx+M1/Ta98PHCNzPz3B/TePd83+j4Lr+1NtoD19pB2bpRnftC87U897avTmey0prQ/DMMxHrHupK8mlGVPdVr0UabJLcs2YatWV2V59x1viqsf0Oe5mn3dNLjKPy0c7tFkz9E1PbnAe98zn5bHOAy3vvaka1wxNdQeWd2vma69ppjtUR5OLcm3r796HwvqL7NMj5lWUc4c8eipQNneJPGrSqUC5PM8HyxE4N2nzDn0UWLe93O4SeeTT8ZbY5UxWnSemWtfOOpXxROD3SmUOl64faYiY54Icwz+juyRJP1JG7gVdP5LA2Kut7wWzXa8eaZAhpxzFUeZ74mllDvLpajCIWq3O2joZuZ9RVrT5Y0huvUrRjtVHm1aqxjVZRbnxtgdz3ujrta6Ftj6c6/mmZrhC5ytJwWtlcHlbG8stmixXt3NGoM3lyvP91/TazNDy5vzxXQ976oe973sqfqIfM8MwlDsmcN6Mr06C546Ic0/k+cJc1jw/BOvTdjzdU2fI5avVn2zntdB5z62Zz3vks+qs5+teYNuhewLjo/2qsZ+rcj365gxXzDpIn2MQOV9kP+nlOv7RDm322fbbOqbfD/xurzNr3ueDx9u6n7Tdc4ZfTyLuL1r+pFqfRyXuROsheT9me8xV0eQm7f8o8HmL/lQrs9z2/XXP1GuvfT/YPoP3x1Gvf0rgetX7vVVP55K4yhWzLOa9Tug+KLC+mXKn7X2QT5sXz9XcuaGfxZt9tvZvRNyXhI51t/W1vKdfbpZmvGTbx3im8cMPP/zwww8/cf/EI/0yVg8fUI1rhl4KfG3rfECTXVv0fiDz0n9aTXJpsv3LV+eIXkcMdY3px9/W1qzSc5EZpq4Zemlmb99tj1fJmLeCwwEcPlAjT8lMSQf6qKDJ4FeTT6pZ9Vz3wf0jHmP0e3+qF7f4uk0eX+KRVh3Q4ZnjNd5/UO/7PHpqvKy241PNi89pS8SqXTOSuxe30pgR0dp2/PV4a/m0JWr9v6TvWxkV/tNNkq9GLz7XbS7NkORv8kljnkpdhpBrTNRt+80K795XU1vhN+TqkQYN/CtrOIDiz2iAGnS5TsosjZjn/lwNkHS1+D5lXDLnSba7hjqlSw26bv+w7qS6priTv7FE+LZEaaMePf+amVF4+GbbQ7RrnZwakfDw2GMU9RRhc3jzc1oVLKdLk+MpXg/98HboC9HrZLymznDpxcB51fO8Xuv1Omzn0phu9y4+NfmlEdHq0zlGrvAHuWNe9yL5TzdJrskK39xtMLZ6L9fxaPsde1VR5u3lfnJ8iUd667T8Gi+nv0k+T0laPO3ifGCymnZawwH4D+p9TdY3ndLBaDP7vfrpi1tCL8682W6ZrHurGyqXea8z5qn+dB/k0oyXvh+eMXt4s55b9Za8U7+fQCbtYW1+cYs046Uoy/Q0DQAAJFtmvBHYW8Mv71s1kk/d/2D17dRhzwy5Dfu3tuGzhH8WMb1btDk8Ah1rWcP+rfzN7t4NMAxJnue1dkaUIEK3MpnltpfZXTJGq3YelmeGdKDGo5IZhoyGWMvfWtGOYYDn+bWKvsuG/N5XtaTaJ8mj59d+T241aMu8VQoeN3eJPFqlA4dnKPfU+/J5nrJl9rpUuex7UW80U9sXDFuGgv1jW/tUZFvtvkzkvz3VY2qE13/DlnlaVRPKLjLLJslVqWXfi/ZIvKFQ842yD1H6c+w+HF7X4ctEzBnt3BFteg991R9XOZJ/rnHcyEJ17+l66beUVSxdK3RLZ3+pq4r4Jq7uPV0vXaiMJ6S7hobmSVdJb/Ox2qj9+N1we4h1bbJtI57rlW1C8FxhW8bsf9a+rK2Q0+/Vq0v2xXU9DBUl5kk8zuvWrRGrb0tmINg12jwH9VYnuZ7vaa1HUsMWzVtlBo9dlcv0PdtFxQivsG7nlu5FiFGftvW09Hbdi1i+5/Neeh+DsHYWtU3Hvo6bQ7/E2sfw9t/T/V30a67M+wvfW/pTi0cjD9TIUzIjxfcOkmTIyC3SpKb1eq/le3rg4PvSpDlmdqgUuv/1e/Xqkmr5ZN4bfM9tnQOk3uvdvi0j4lj2em/lD1vWKlJo/QmUq+drZ/TaSb/7oCjnAffnVelaovf/1CJPXOcSv7yvrlKN53mttd0/mXqaBgAA+kJGqgsQxn9Q+3wuVS5bq7VrbT/LKuVSjQ40SHKO1Bj5dKLVvtypiJwOBLlL5Kk5oIaGA+YwAKkuT69yNdolNZ3yx5ju18F9PnmeX6u1a2fE2B/rcb0DXnPeEmuuaG3nttVbPaYH94xlqnTVaNWrXgVK6hw5RvKdUKzDlGvumNJtz9K1XDemWtfOSgMKf2QNAxDtEX9zOIABo17rYZ6bd/WcXxqUG3zJlSSp+L40u3h1d9PtIer5yq9TSbvYNehAjXW9jfolRs962r/+1RcadKBGGjPSqYTqxD1Da9eu1bJKl3z7Dsa5r9HuXVwanRujzlpPWNl78Vz3wkU7j/qT13iSzH4MetHLdby360ev8/Z6P+lWicenfQe95pfVaXNT5dQDk6R9Bxt0cJ806YHudek/uE8+z/NauzZ6oPHGN31z91Y3V66e7nX6x32QXVx9QJLfu17VPo+ej1JhPU0DAAB9I63+NvUf3Cefa5K63Q86K/SUR6o50CDJrc9XulTzViAQ45d3fbV83dYGk1slnhqtWlUTCjCmNacqnvLIV71e3uC9sF/eV+fp1dAHthtl65v5iLW4SzxSTbWqfeYfrdanZttZtUWh0SIbtGXePG1p0G0mvnpMPacq5lTK5avWksBBcH/eDLbaD0rDFs2bZx43Z8VT8viq9bvg5J73y/zjeZ8OWpP93re6PxaYjD2xyrXeVg6/91XNswWN+5OrRxqk+/9amWrQtRiP+F890iAjt7jHeW7ajjd17ZJLd835kfVBpbJKi+WwjdGajm6+PXQ/XwX+YH4qac922oMhDdqyJP5raU/9sP/0hVBmVygG0VOdRF4vzICna9IDcQemu927eJ5ShTNae2nQllU1clV+PhhI7e26F8Y6j77lDZ74tL46He+Uoh2DnvRyHY/cb5nZj/OiXeS7XWvCj0nMEpR45KuuTrsvq50PTJKqV6laUe6jA2zBe7/3VdtwFzcjCfdWN1yuwL3O70Lb9nv16rxX5fX3l/sgSQ2/U7UvFKjPHe2Sag4E96nhd7bzUMMWLamWKpdF+ZKlp2kAAKDPpNFQAA3aWe2Tq3J26PElm8Licmn1W/I+XiWPp0oLmuZryTwzQ6q8slIu377QAP1S2KOS3R5fjPaIZaxlg5NT9OicrWw9zWUvd2SZC4vLpRqpuNDaL/v+92HZey6vT9VL5ik8x82lyqVV8hRWamnlCi21TXdVLlWVJ1eGIXlmV2rf0iWyDr/KFyxV5balqt5/WJWF1q1kYbHKVaM9rknWSy/Mj3OttrNqXuiuvXzBGs0ojP0Y2a0R47Ffe/uU7f9G9GXC2kuP9Zia1hzZvyRJuR5VLWjS/NWr9OroparyOOWpWqCm+asUOkzlWrBmhgoNQ4YKVbm0UiuWztO84OQFWuPJVeiJQ9s2Ciu1oHy+Vlv14KpcoErXajUF+ovt/JBbNEmu6lWaV2Nuz/44ZGC95j8Rj1YbhgwjUK5Q25SrUkurzBd2hIoWbVmZbda3Wkvm7TP7QZJiZzc0FIBkPepfrAFn34v9iH8889y0anW+JmU9t1BDqv7a/Kj1P3Uh+DKr+CS1zcd1Dk20PXRfb66nSku1QkvnBVp6uRasqbT6QRzXq26P0NrPGYWqXFCu+avmWQE6lyqXLlD50tXad7BFHk9v6++hHxq5Pe57yq6lNfZzSqBYS7XG47TaR291Ejldtn2OeJQ6uFHZ7i9cqpzUpCWB4+mq1NLKwtC21yzQlvmhOkvkutdt28q1zqOBZcpVWemSeauUzscgvJ3J9v/gnvV4HY/cb1ltr1CGIRVNcql61TzVlC/QmhlueaqWSiuWKtTFFmhN4JiEHT9bga37CxUXKjXX0oCIPppbpEkuSZOsF0GGdsC8vnlmq3Lf0uC9s8oXaGnlNi2t3q/DlYUKfAcdvd7DtxV5rXT3eEx6Ppc4EyhX9Gunda8TPIjmtj25hozcdLwPin3/Wxg895t1EqjP8gULVF6zTTIMHd5vftZtHeULtECxp60hgxUAgD7jaGtrS5fIKgAgyQb88ot9uPZKZT33Lal2alpnj0rS9W+9neoiALgtNKh6QZ2KV1eSFQgAAHCbe/nll3udJ40yVgEA/UrxZzRADbqc5kFVKbUvKgFwG2k4oD1lxZqesqd+AAAAkE4ye58FAIBwg+bU6q7cC7q2a2ofDgMAAOnCrz0/e0lbG8s0bxW5qgAAADCRsQoASNil9aW6lOpCJIBrHYCbk6uy76xUmRQ+7jkAAADuaBmpLgAAAAAAAAAA9DdkrAIAbntc6wAAAAAAyUZgFQBw2+NaBwAAAABINgKrAIDbHtc6AAAAAECyMcYqAAAAAAAAACSIjFUAwG2Pax0AAAAAINkIrAIAbntc6wAAAAAAycZQAAAAAAAAAACQIDJWAQC3Pa51AAAAAIBkc5z/+Wf4axMAblfXr6S6BOlhwN2pLgEAAAAAoB9ZevzhXufJlMNxC4oCAEAKca0DAAAAACRZpq5dTnUZAADoW1zrAAAAAABJxsurAAAAAAAAACBBBFYBAAAAAAAAIEEEVgEAAAAAAAAgQQRWAQAAAAAAACBBBFYBAAAAAAAAIEEEVgEAAAAAAAAgQQRWAQAAAAAAACBBBFYBAAAAAAAAIEEEVgEAAAAAAAAgQQRWAQAAAAAAACBBBFYBAAAAAAAAIEEEVgEAAAAAAAAgQQRWAQAAAAAAACBBBFYBAAAAAAAAIEEEVgEAAAAAAAAgQQRWAQAAAAAAACBBBFYBAAAAAAAAIEEEVgEAAAAAAAAgQZmGkeoiAAAAAAAAAED/kklcFQAAAAAAAAASk2mQsgoAAAAAAAAACSFjFQAAAAAAAAASxBirAAAAAAAAAJAgMlYBAAAAAAAAIEGMsQoAAAAAAAAACSJjFQAAAAAAAAASxBirAAAAAAAAAJAgAqsAAAAAAAAAkCDGWAUAAAAAAACABDHGKgAAAAAAAAAkKLOLyCoAAAAAAAAAJCSzi6EAAAAAAAAAACAhvLwKAAAAAAAAABLEGKsAAAAAAAAAkKDMLgZZBQAAAAAAAICE8PIqAAAAAAAAAEgQQwEAAAAAAAAAQIIyu3h7FQAAAAAAAAAkJDMz+95UlwEAAAAAAAAA0sfF3mdxGAYpqwAAAAAAAAAQUFVV1es8GbegHAAAAAAAAABwWyGwCgAAAAAAAAAJIrAKAAAAAAAAAAkisAoAAAAAAAAACSKwCgAAAAAAAAAJIrAKAAAAAAAAAAkisAoAAAAAAAAACSKwCgAAAAAAAAAJIrAKAAAAAAAAAAkisAoAAAAAAAAACSKwCgAAAAAAAAAJIrAKAAAAAAAAAAkisAoAAAAAAAAACSKwCgAAAAAAAAAJyuyLlZ47d07nz5/XtWvX+mL1QL+UmZmp7OxsDR06NKnrpb8BAAAAAIA7TV/FWRIqQ7JXeO7cOV28eFFDhgxRZmafxG2BfunatWu6ePGiJCWt09PfAAAAAADAnagv4iyJSnok5vz58xo6dChBHiDC3XffrYyMDJ07dy5pHZ7+BgAAAAAA7kR9EWdJVNKjMdeuXdOAAQNkGEayVw30ewMGDEjqI/v0NwAAAAAAcKdKdpwlUby8CgAAAAAAAAASRGAVAAAAAAAAABLUJwMz8lgycOvQ3wAAAAAAAG49MlYBAAAAAAAAIEFkrAL9HP0NAAAAAADg1iNjFQAAAAAAAAASRGAVAAAAAAAAABLEUABAP0d/AwAAAAAAuPXIWAUAAAAAAACABJGxCvRzN9vfGrbM1+o90aZkakiuSw988W/0lcljNPimttIf+FWzYqmqRy/QmhnumHPFNrOlXgAAIABJREFUrK/MIRrtnqTP/83nVTLiBmuro0k1v6rXiL/9vGKXIBqr7KrU0iqPnHHuCwAAAAAAuHF9ElgF0N9kyTWpWKPDzgidOlH3R+17fYWaOv9OfzdlRKoKl4a611fn6XrVN7yjDT/epz/+z7/TnE9nJ7xWf121qj8crQVJLCkAAAAAAOgbaRhYtTKtfN2nlC9Yo/ROvmrQlvmrFTX5Ty5VLq2Sx2nOI2tfGrbM12qZWWX2//fGX7NCS5uetOY166zpyd7qp3v5XJVLVeVx2lesFUv3adLSKtk/xu1uhCZ9cUb3Yz7jtH738o+1bdv/0R89c/Tpu1JSuDQUo746DmrLj/9Je9b/q9w/upV9yClP1Rp5btXmAAAAAABAOg4FYMgwpPL5q1VpDxL6a7Ri2Xxtifw8rRiS8jV9SayAihGqG8PcT8P2eWHlaq1WfPVnzmPY/g2tM6qGai1Ys0f505dodbBwZkB2/vvTtaTKI2egXNZ6GdGhf7jZoQDsbbD7qu7VQ57R2vZrv86dM2QEm85B/cfrr2vPkQu6pkwNKSzWk1/5iiaNCTwC71fNimXaOuYbmp/5tv5p9xlpyCOa/cOv69NqUs3W1/X2H0/owjUpc8hoffqLX9N0T/hwAx1N+/TrX29TXa/b+LZ+PLFeG17foyMXrikz6159etrsiPV1qGnfr/Xrtz+Ur7VT1xRtu4H9N3qs0x7rK6tIlf/zUdX9bLe27Tqm8r9xhab1UmcN1Qu0Zo8k+bR6/h6pfL5WV7rjLLtVFwr05Sj70hFfvQMAAAAAgPikYcZqDE6Pquaf0II11SpeXWmOP+iv0YplW9UYnMke1GxQ9YI6jZ7epK1bG6X86Xp+0j69qUkas3Wr9igUvPXXrNCyrY0x1rFNo6eP0datgTzPcs0PbD/JGqoXaI0CwZTIcoW2G/p8jRY0/bX+Wv+p/2yUtGaBmqYvCc9AlbUfa/Z0D1bLKU/VEmnFMm2oKYqynMICslVF9VqxbJ8m2QLH9jL7a1Zo2YlJmt60VYFi50eUJ1ZdR+57cN4TT5qf9Xis0Zcu+Fsl3StZ2apXG/5Df/9Pu3V+xCP6yjeKlatW1b3za72+vF6++T9UpdsWptv3uv5pxCRVfvuLutqaJddgv2pWLNfW1kI9+pVvqChXaq17R7/eulxN136oH33WHG6go6Faf79mjzpHW9u4dkS73/599G388XX9475sFX3la/p2Vqfq3vm1Ptj6Myn7HzXbSrE9/bufafn2Vo1+5Cv6WnGusi6c0J7fv626rT9TZ9ZS/e+SxB/bj8nl0eO5u7X9iE9+ueSMs85GlH9bX7u6Va9/kKtp335co7NHJLHsftX8U+/1DgAAAAAA4td/AquS5C5WubbptF9yywy0jZm/WlVmlNXM2NpQo6JA9qX2aOuJ+Vq9OhCo3KfGrfs0aclqrbYCcv6aFVq2b5KWrK4yl2mo1oJl1RoRDJ42auu+SVqyerX1QphlWlNdHBYA7AtmAHKM5q+uCgVTF1SbwVVPlZbIFnTUw7pnxTKdeDJGNm9DnfaoXPOjFtkpz5Pl2rqtXn5PoN4Cy1VrwZomTV+y2gxg+uMo+J6tOjF/tVa7A8tvUE2RGQDtsa6Ly6U1dWqodFv17lf9vkaVPxkKqvZ8rJF8V3X6wOv6192dUv4kFWVL0mntqd6t85/+hn48uySY6fhASbE+veFH+rfqD/TZH31WwTDdtSJ9bX6lSoJJpjXa1yg98u0F+psHAgsXKavzR9r6xwb5PztCTvn09r/t0YX8r2hJ1Wet4/uAHphUrG0/Xq53IrdxIVefX1KlzzoDZRmhu767RnvqfZr9abckn/6454KGlP9vfbfSbcWHH9ADxSO04f/9N9UdOS0lM7CqIcodIan+tFolOeOtszEPqNA1RPpghFwPPGD1gySV3V8fR70DAAAAAIBEpOVQAIF1dF/NMI3Ob1ST35DhLtd3V5Ur9PhuriZMypf2WcvKkCGp7KHCYHkMScqfpAm5gWUa9Lut0vQXy5VrmPOrcLrmlT2vbTWf03fLrXVMC0wPbOO0WozCKIEIQ4YatXXZAm2NnJQ/XS9+t9x8RNfcQXMoANvjuqH/H9bvtjaqbN53VWiVK7f8G5q+7yWrXE7bOoxe6kzyn26S8idpWGAfu1XraOU3NslvGMoNzOCv0Yq1e1Q2b5XKA/UVmGbbTlj5rf38XKE1vfAhlWmPebxye6vrh1SmtTpweLoK3bICQWWaVmjIUG/H+s5200MBGJJitVtJGjJR3/iGddz8B7XvjDSiSPIdPBg2W0dmtnTmgBpaHtW9TqtM+UXKz7K1yyFDlJsp1W3foqIhX9TEMdm6S1kq/h8rVGwVxvAd0Aed0kOPl4XaiiRptB59vFDvbPq9/njqUT0+wpoyulh/mWtv+8M0erSkpkA/zdfjS/5BjwfWH5gtc5QKR0t1HR26Yhi6S6FG3eNQAFH6QbgsDRkmBftF3HUWMcyAWYGJlV2h81/YvsRT7zH3GAAAAAAARNO/MlajalD182u1N/Br/qT4F/Wf0Qk1au9Lz3cLKOVPv9Hy5Gv6i99V+c2kf/nP6ITyNSnX/qFT946+iXUmpFFb1zZKKtO0ZCXm9lrXbhWXSWvrGlTpdst/aJ8ay6ZFDLlwE8cavchS/iMPhb3lXllj5P50oSa6Rij4zqrW0zohSbv/Xf+8O9p6zqvJTNOM7q5Pa9rXJqrx9b3695/ulTKzlOuaqMcff1wPFY0wszmvXlWncjVmRPc3ZWXn3ivpiPznpWDKama8b9S6qg7/aZ04c0ZnGur1xw8/1JEzknRB53socuLO68wJ2683W2eSbrrs8dQ7AAAAAABISD8LrLaqqTFfY3Ile5Atf/qLWlXulH/Pz/TSvkTX2VMgtPUmy5senPeOlhqbFDN209qkxvwxssdxy+atUnHd81pbXaxVSRv2oOegs9uMrKqhMldn9jWqLBjVTdaxRmz3atIXKuP+QqBs3qobfomcs/h/aEnxeTXVf6gPfr9HdUc+0NZ//kC/zp+uH3y3vE8eSffX/ZvWvv6hWs03Pyk3e4TyH3pEE/+wW39I+tZadfqMpCh96kbqLFllT0W9AwAAAABwO0vDoQDsj8NGTDhSp70arXm5hoyGOu3Nf0YvfqdcuYFtWo+lhz/WaltP5PTcezVajWpqNWTkqgc9rCP63DEeEY6xToXXmRG1XK06fULSaPu+hpaLWWeSVFisMq1VXcN0FRZGTmzVnu17lf/Ii9Zj14akfI3ONVT4+DPKf2mtqotXanph2Fa6bSd2/VtLxFPXgXLWjNaJwDAAhszjHtexvjPdbH8LrieedjskV7mSDvlOySjs+YVHwZYZ9RgN0egJZfryhDJ9WVd1evdavfKb7dp9rExfzrxLWWpV0+krMu4Nz0Y933pG0miNsB79j7WNsM/Pf6BN//6hOh+apRefLVZucJWn9c4fdusPtuVDT/n3Xqcx68tXpw86pXuLC8w+lUCdhQ23IUkJl723femh3l297jIAAAAAALDJSHUB4ta6Rz9fu1dl86YrGBtsPBHKKT2yVS+90Rh92ZgK9fgz+dq7dquOBD87oq0LF2rrkR4W63Pdy9W659/1RmOZppX3GAGOub7p88q0d+1C/XyPPQu3VXt+/pLe0DP6RrT15pbrG/Zy5I7QaDXqg/rWQKG0fW/3xeLdp+51XajiMmnvG2+oMX90WLbfzR9rJMWIiXr0Xqn1v/9b9Z32CZ2q37RI31u0SR92xlpYulr/G720aLF+47N/epeyh9hewOR6SI9kSX94Z29EzvgJ7X7niDRkggoT6QZnfDoiaeIj9sCkpBMf6INkJ6V31mvrL3erM3OCvvCQFUS9mTpLUtnjqncAAAAAAJCQtB0KYO/ahQqP2eXrmRdXKhj/K5yueWULtXahNVf+M3pxXpleWvuB6lvLFW/8Mbf8O5p3wrYeSWXzAhmaN6JRb7y0UG9EmZL/zIv6Tnn85XpRP9dLCxcGSqV5K0NB5dyiR5T/xlot3Gt+XvRIvt5Yu1B7y+ZpZbTCF07XypXF2rrwJS20FS7/mRe1sofKyi3/hp754CWt3VqsldPNAO3CtdY68p/RvGfytfZEzMW77VNvdV1YXCbt3av8R4pCgdUkHWskwwg9Mr1M76zdq39ZfEKPTv+SJmS26tAH/609h65q9DNf0MSs2EvfVThREzJ3a/fan+r8Fx7VI6OH6MKJvdr9Xx8qM/8ZPeqSJJe+8K0y1a39jX7y0xP68uceUu61I9r9X7t1qHWIyuY9roSGG763UBMy9+qDX/5UWdO/pAlDOtX6h936bd0JXb3hM+AZffBfW3XCtnznmQ/14ZELuqYhKpv3DRUHY5bx11lWVpakP+iddwp1tahQRUkqe3z1DgAAAAAAEuEwkvUcseXYsWPKziYLCojl/PnzGjduXFLWlYz+duSN7+i1vfn66uKFcQepO098oN/85rf6w9ELuqZMDRqWr0eeeVZfLgqsoFV7Vr6s/09f1eKF5eHZx51H9M7G3+i9I826YI0bWlA2U89+uShsvshtDCko09PPfEHFI7J62Ub3zztP7NEbG3+rD89c0rXMQRqW/4i+9MwXlLv3Ja3aW6Rv/mSWJt5lLTf6Of38mdjfrJj11f3zzEHDlF9Ups996XEVRanH3utMUqdPv/2Xf9Huxku6lv9VLVtYrrsSKXtwn6PsS5z1DgAAAABAf5LMOItdVVVVr/MQWAVusXQLrAIAAAAAAPRXqQys9p8xVgEAAAAAAAAgTRBYBQAAAAAAAIAEEVgFAAAAAAAAgATd8Duxe5LkYVsB9ID+BgAAAAAAcOuRsQoAAAAAAAAACSKwCgAAAAAAAAAJIrAKAAAAAAAAAAkisAoAAAAAAAAACSKwCgAAAAAAAAAJIrAKAAAAAAAAAAkisAoAAAAAAAAACSKwCgAAAAAAAAAJykz2CgcNGqQLFy4ke7XAbWPQoEFJXRf9DQAAAAAA3KmSGWdJVNIDq5cuXdK4ceN0qbMz2asG+rXr16/rnk99SseOHUvaOi9duqT7Ro5M2voAAAAAAAD6k5OnTqVs2wwFANwiDocj1UUAAAAAAABAkhBYBQAAAAAAAIAEEVgFAAAAAAAAgAQRWAUAAAAAAACABBFYBQAAAAAAAIAEEVgFAAAAAAAAgAQRWAUAAAAAAACABBFYBQAAAAAAAIAEEVgFAAAAAAAAgAQRWAUAAAAAAACABBFYBQAAAAAAAIAEEVgFAAAAAAAAgAQRWAUAAAAAAACABBFYBQAAAAAAAIAEEVgFAAAAAAAAgARlproASB7DMNTW1qZLly6po7NTV65cUdf167p27ZquXLkiwzA0YMAADRgwQHcPHKh7Bg/WPZ/6lIbn5aW66AAAAAAAAEC/QmC1HzMMQ1euXNGFCxd07tw5Xbx4UZcuXZJhGDIMo/sCDoe6rl3T1atXdenSJZ0/d06S1Nbaqvvvv19ZWVm3eA8AAAAAAACA/onAaj9jGIYuXb6sCxcu6Mzp07pw4UL4DA6HFCWo6nA4Quuw5nE4HDIMQ36/XxcvXtTYsWPldDrD5gUAAAAAAADQHYHVfsIwDJ0/f17Nzc1qb28Pfh4IghqGERZUdTgcMiQ5bMuHLRMRPL1y5YoaGhrU1t6u+8eM0aBBg/p0fwAAAAAAAID+jMBqmuvq6lJ7e7vOtrSo1e8PnxgRHHVYnwWHAoiReWpIoaxWKxhryAy4tpw9q46ODg3Py9PQoUOVlZWljAzecQYAAAAAAIA7R1VVVa/zEFhNY62trTp1+rTOtbcHs0wdsmWfWgFRWdPsGardpiuUxRrkcCjD+sywBVc7OzrU2Ngoh8OhoUOHalBWloZmZys7O1uZmTQZAAAAAAAAgChZGuro6NDHH3+stra24GeBLNNAYDQYJDUM88c+JEAk67PAtIyMjLBgakBgzNXQYoY57EB7u06dPKnB99yjuzIzlZ2dLafTqUGDBjEeKwAAAAAAAO5IBFbTSFdXl5qamtTS0qLLly+HT4wImHYLoEYLqPawnWjriRqUlYLDBXR88okk6dy5czp+/LgGDhyonGHDlDtsmLKzsxkyAAAAAAAAAHcMAqtp4vLlyzr00Ufq+OST9AxQRslMvXzlis6cPq3Tp05p8ODBys/P19ChQ8liBQAAAAAAwG2PwGoaaG9v15///GddvnxZDocjLKM0LfSUDetwyOFwqKOzU/X19Ro6dKjGjRunrKysW1c+AAAAAAAA4BZLw9TIO8vJkyf15z//WVevXpXDylR1ZGT0y6zPjIwMnTt3TvX19Tp+/HjsoQUAAAAAAACAfo6M1RRqbGxUc3OzmfVpfZaWGau9MKyXZwUCqVeuXFFTU5OuXLkil8ulAQMGpLiEAAAAAAAAQHKRsZoiPp9Pzc3NZmaqYcgwDGVkZKjLMORwOILZq+nOMAyzrNY+BD6Tw6EzZ87o8OHDunr1aopLCQAAAAAAACRX/4je3WZ8Pp9OnjwZ+sB67L+rq0sOmYFJo79krTocZlmtsVaDrEBxe3s7wVUAAAAAAADcdgis3mJNTU06efKkmZUaeHzelunZ78YlDZQ3Stm7rIDr+fPn5fP5+t++AQAAAAAAADEQWL2FWlpadObMGUn9NIiaIEdGhhwyx41taWnR6dOnU10kAAAAAAAAICkIrN4iFy9e1HHrhU53DFvw2OFwqLm5WZ2dnSkuFIBb4szb2vkvf4oyoUX7d27Xtu0RP94GqcGrbTsPqCXebbQc0I7tXjVEft7g1bbt2+VtiPgskXUD6c5q59u84T2g5cBOW/tvkHf7Tu2PbPgx+0No/pYDO7utu+fibNe2iP7Y4N2uHQfodejnerme3Xwbj9FPA9fLsL5qfpZA1wQAAH0sM9UFuBN0dXXp6NGjutTZGXzR050g8GIro6tLDodDly9f1rFjx1RUVBQ+HiuA20rLju+rdpeUM26sdv7Nuxr3H/Pljphn4KhSPVGSF/GpW09GztiTtg5d7mnysQNqcZcocivAbWPgQA1sP6UGua0+1iKf394r3KqYlkinulnt+vOBFrm79W2gf4rnenbzGzmvDklZsaZfblZ9Q4kqbmVXBgAAcSOwegucOHFCHR0d5piq/eWlVEngcDgkwwiNJSvp3LlzunjxooYMGZLi0gHoK3lP/FTTRq/R9l8VqvQ/vhh/YLPBq23HBqtsar58O2vVmZWjtvZOjSqdqqH121Xfbs2XM0FPVkjeQ+YH9d4Gubv9xZmjUU6/DhxoiRLAbdH+nbVqDsSfBo5S2dQS6cBO7e1walRnszktZ4LKBh/TXvMXFU2rkFtmJt/ewMI5E/Qkf+0iZZxy5vh1rkVSnqSWRvmVo2EDA52lQd7tx5RVOlUP64B21DbrsqRhOTm2ddj6Q06OhkXbTEtoWXtf6CZnlJz+Ou1vmaqHu3U7+zoCX65I+3fWqtM5Sh3NVtkmlCrrWG2wDwb6V4M3dA6I/sUMkHw3fD2L2t7zwq8fA0eZ17s6c77mugNqmdr9y8CBo0ZJh7xqcEfpdw1ebTvUHvx12IRpqnBb/X5Ulpqb2yUN1KjSceqsPaQ22ftPg7zbzc/MeaL0WwAA0CuGAuhjFy5c0NmzZ0MZmndQpma3cWStfT9x4kSKSgTgljjztnb+qlClXz+i2qiPT0qXm2ttQwFEeZxfUptG6slpZkDoz+05Kpo2TU9Om6Bh7ce0v8Wtigk5knJUFCOwObRknAY313dfd0ubhhZP05OB9V32yxd4zrLdLxVP05OlozSw/ZAOqNicR+061SCpwau9fqfKpk3Tk9NKNarzEI9kIqWGDpb8jWYDbmn0S86RUTLfWrS/rlkaVaonp03TSIUCMS0H6tSsUWabHikryGLXIG+tX85Ss8+UjepUfcxGn62Hx2Wpub779Ja2bJVMs/rdhBxd9jcGH29u80sl06apbNRAtR2qM/vghByp/ZQaZH6ZUa8JwT47uLkuymPTQB+I43oWTfT23qD6ZmlUqXX9ULPqG/L0cPEoDdRAjSqO9YRFvopGderPUYYcaNBIq19Y/edUoO9dVnOHOa0o57Kaa09ppDWPWZYW7d95SJoQKGOWGdi9kToCAOAOR8ZqHzIMQydPntTlyxEPqzoccljTb3eBbNWMjIzg0AAdHR3q6upSRgZxfeC2dO8XNfUfzP9O+8vos8STcTZwsJU7l5cv58Ba1W/frvqcCXpy2lTz8+4RoAhuVUw4pR0HWuTOtn2c55Y7LGt1YCgQNdApV54kZWuw/MrKN8uYNVDqlNRyvlO63K6925tD6zvVILnJWkVqDMt3SnVmkNLnl5zFwyR/xEznGuW/PFBOqz27R+ao/pgUGDpgoDPfDOi4R2rYoWPhy7acV4cuq612u7YFP7QPPxDBXaGiUzu1v8WtobaP89zu8Cy+gYOD04Lbz86S/IOtPjhYA9UhSWrruCy1H9K27YeCy3Q0tkh5pNehj8VxPYsment3a2TOIdXXbte2gaNUNnWa2e7jiGbmlRTLubNeDSoK+9ztdodnrdqS0YeNNHvosMEDJY00+2t2lnV+aFPnZant0HZtC3arTvnoVgAAJIzAah+6ePGi/P7Iv25kvtTp1hcnJQLB4y5rCATDMHT58mV1dHToU5/6VCqLBqDfyNPDU6cp8Njitu2HzMcd41nUXSTnzjrtt+fwWX+EDpswTU9aj0wmhMf/kU7y8uVUnXwNkl9OleRJvqRvpIfH/6NwFzm1o+6AwrvddtVbmefuBq+2JdjtePwf/Ums9u6umBb8Ym/v9mazXefHs8Y8PTxO2uZt1KjgZ9YXhBqlsmkV1nA2iZSSx/8BAEgGUgb7EI+8x3bhwoVUFwFAf9FyQDt2HlCL3KqYVqpRAxNZOE8PFzvlb24P/3jgKBW5JTWc6j3x1b627Cyp/Zj1GHKy3ggN3Iw8uZyS/5hfl7Oyoz9KPDRfzoGXg0MGNJxqty07MPRYfrT+kJetwdZLqSTzsfzwt5RHK1KJSpx+de92RXKHbT8+wwYP1OXgsB4N8m7nrehIf93be4O8271qsL4sLMrpaeko3BUqUnNofHDLsHElyuv24rreDFPWwMuhYTsavDGH5QEAAD0jY7WPdHR0qK2tzRxX9A545D9R7e3tuu+++1JdDAD9QV6JSpw7tXf7dvP3nAl60i2pZbAGqjnGy6vCl/9/cppV32n97h6pYYcOmY/z54zSqIHt6ow3uuquUNn5ndobeCw6Z4KeJIsOKZaX75SamzVsnFvRnys2x3HcUVurbc3hL6/KKynWKCt7LvrLq9yqKD0fXNbMXo01FqRtiyXjNKz5kAIJdO6ROao/ZG1/1CgNbO+I+0uNvJKpKurYbg4HIit7laRxpInLzYG+IQWzQKO29xJVTDilbVY71sBRKqvIk9SmwWqO+fIqO3fRKP25NrAx84uRvYe2a9uhgRo1Kkfyn1eLsntYQ0CeHp46IfgUSKDcdCsAABLnMJI80OexY8c0btw4Xers7H3m29ihQ4fU3t5+R4yjeiOys7P14IMPproYt1RXV5cG33NPsI8kw7Fjx3TfyJFJWRcAAAAAAEB/c/LUqaTFWeyam5t7nYehAPpAV1eXOjoSGuTojuNwOFJdBAAAAAAAAOCGMRRAHzh37pwuX05knCMAAAAAAAAA/QkZq32grc0cNczhcJCZGUNXV1eqiwAAAAAAAADcMAKrSdbV1aULFy8Gf2eM1eg6OjqoGwAAAAAAAPRbBFaT7Pr16+pkfNW4EFgFAAAAAABAf0VgNcmCmZgOB4HDHhgisAoAAAAAAID+i5dXJdknZKvGxzDU1dWlAQMGpLokd7iP9Kv/9TO9F2XKZ777L/r6X/S0bIt2/8MPtbf077XowT/plR/Wquzv/06P5kXMtfsf9INN0tcip330uv72N2P0k797VBGL4DbQ1t6u9rY2Xbt2LdVFAdJWZmamcoYN07CcnBtann4G9I5+BvS9zMxM5eTkaNiwYakuCgDccgRWk+xSZ6f5HytrVWRlRkXGanrpPYh6s47p9R0f6dGv9elGkCba2tvV3t6uuwcO1MBBg1JdHCBtGYah9vZ2SUo46EM/A+JDPwP6XldXV/AFzgRXAdxpGAogya5fvx78vyOF5Uh7VsYq7hDjxmncez/Trz5KdUFwK7S3tenuu++Ww8FZEOiJw+HQ3Xffrf+fvfuNbevO7z3/OZQsWf5LWUwix1QjTp1q79h3122Z7ToIqAGui8wMhAWcnW0LKdh6e10L0wcLV9kHjg1M2QJO/GCteh/sHcjV7VWBSNt2B8kToTPBzYMRETjYht3r3rE71cQNNRVjMwlt0bZkSyJ5zj44h+ShREmUTIqi9H4Bhk2eP/ySFvnT+fL7+/5SzsXoevA+A8rD+wyoPo/Ho6bm5vyXGACwk1CxWmFUYZaP16oOJCeWTPG3Wwdo3RWuJ/VGr3R1cFSvDPWp5KHJCb17aUyx3O3QgK73danQcqBXHWNjdtuCQK/eOSv9RW7/QK+rpUBxe4PqV+NiqUwmQ2UPUCbDMDY0xZj3GVA+3mdA9Xk8HlpmANiRqFitINM09fDhw/xtS+Ib7hVYllVU3Yvaigz261x/4c+7E8mKP0Zb91n1BSJ6v+S5k5oYHlPHwJCuDw3p+uVeBSIfyL1rbCyuV4aGdH1oQKHYmC4OS3+Y2zc2pp9MOue5Mqjp3sv580wPXlEVng4AAAAAANjhqFitINM0l1VhUpW5Ml6brWNzqjp96j7bqxuXhjVx7IK6l267MFS4eT+umKRXXXsEel93Kl3b1BGQAieP2RWqvnZ15HZK3taNWEhvXHCWw/J1643QmN6/nVT30lW1AAAAAAAAngGJ1QrKZDL5vqGGYZA4XAM9VncgJ9F5dXhCx04Xb5oc7dfV3Pz9QECBjZz/flwxRXS1P1J8f+hiKs2RAAAgAElEQVS+JBKrAAAAAACgckisVtDi4iLJ1HXgtdqZuvoGFOof1E+iocKdyQm9HwmoL9fL1entum5tfgUU0hsr9XEFAAAAAACoEBKrFZROp/P/JmW4NipW64CvXR2K6UZuKv1kVBFJoTUPXE2X3hwI6dxgRAr0uu6PadopLJ38cEwxBYpaAZQX7zG9GhjT+xOv6+1un3ILWU33XnZuo/amNB4eUXTp3f4enT8blLcWIQHbzgrvM6nwXpsaV3hEOhPukcbDGtEZhXs6NeX6N4BypBQdvqbxeO62Xz3nzyqYG9BSUQ1fu6kT7vsAAMC2QWK1gtyJVVGNuSYqVutBl77dG9DFsUs6NyYp1Ku+gDT9zKd9XX2BiEZzt3MtAgb77cTtwIBCkcF8orV8PnVfGNB0vxOvJIUGdJ2k6pYTPBNWIW9jX5ReGxbJVaCCit9nlZWKDuvazRP59ywJWexM9pcYiZ7zCp91Rq9UVMPXwrrZc15nyaQCALDtkVitBsMoJFbd/0YREqtbQZfeHBpadQ9f9wVdL1ppKnfDXnCq27nv7aHupYeucPzSY51I+oZ0vc91Rz6upfsuvb30Odi331z1WWFr8Sp49owS4RF9PBWsWiIIwNo6e8IK1zoIoE5MjY8oGjyjsDuB6g3q7JmEwiMfayrYI4Y0AAC2NxKrVWDI1QqA5OGKaAUAoMCrdr90M5mSOu0L1KnxsEbyc5kLUyunxsP6SEEpGlXc36Pz35N+dC2h9mBU0WihSq/o+GChks6urAsqGI06U6WXTNsEdrCllacl30dT47o2HpcU17Vh6Q9O3HT2GVGYqlXsGFO6FZWCZ0r8vHceV1AjujXVkxvSCkeNhzUSDS5rwyEtqQR32nUEnbFNkvxFVbDFLT/yFequNh/OWRUdvqabJ5xjp8YVLgyuS84JAADWi8RqFZBKLc/8wkKtQwCwZXjla5fiiZQk+8JvJNGj82HXNOOPpxR0Lj7jUelMOGxfNKaikqJKtJ9XOGxfHKaiw67j7YvK4ajr4jGaUPv5sMJOonbkR1EdpQ0BtpnoSHhZn9X1tAcofh/ZSZzh9vM6G+zR+Z6EqxVAUGcStALADpNKKiG/TpQcOFxfFrq257+4CDtfXKz5IK6xbWpc4ZEfKXr0rILelKLDTguCoNdpPzCs6PmzCrqTup2SUnd0M+7Xie95JU1pfCShnvNh+8vEqXEqawEAeEYkVlEzC/PztQ4BwFbV2aPw2dyNlJIJSe2u7cHjSy4C/TpxNL9SiO7cjCt46qxzPetV8FRQ4x/dUSoYdI4/la9Q9bb7pUSVngdQQ8/WY9V+H/lPfM95H3XqtR6/rt10vY8AlO3mj8KKt6/3y4egThUGK/lzg1Xqjm7GgzqV6+vqDepUcFwf3UkpGOzU8aA0cmtKPZ2dUiqhePCU7F071VMYXJVaNrgCAID1IrGKmkmlUspms2poaKh1KABqzk6e+k+4F/8Yl73Isl9+//rOlYiXqtYLKlWZYIEdwH4ftZ+ijhsoyetTu+LKTbQotvT9E1dcfvmjHyn6WgVaz6QSiiuqkfCSmvSgHUznaz3yX7ulqZ5O6VZUweM9+biiw9c0bg+u8q9vcAUAACWQWEXNZDIZzc7O6uDBg7UOBUCtpe7opusidOrjccWX9UUtlz0FM3iqdLXe2lMvAZTqewzAbUllqNvULUUV1JlOyf5Gz6+e753V0TvDulaJ1jPedvkV1KnwClP4vUd1wj+uW1PHpWhQ+bzq1McajwcL/VedfqwAAGDjPLUOYFtiwaq1GYYk6e7du8pmszUOBkBtpRT90bji/h695r5CTCTt69FUVB8tbRS5Kq+OnvAr+lE0X6E6NR5WeDhKxSpQNvt9FL95x3nfTOnj8bj8J47SixhwdPacUTA6ouGoa3RJRTU8EpW/57VlSU9v8Hvq0bh+5OzvbfdL0VvOF352+42yeI/qhD+qj/KPO6XxcNgVhzMOjowosSyOhJL24Kro+gZXAABQAhWrFWSRUC2fZUmGoVQqpcePH8vr5TIN2EmWTdMPFveds6cxjutaeFzy9+hMj18jN5NKlbm8hjd4VmcSYft4+wF0xlkIi+QqdopSi1fZ74XyFqpZ9j4KnrEXypHkPXpC/vFxXQsn7PMdD0ojIwonepwFrYCdoFM94fOKDl9TfriRv7A41DJOz+/cIlTBUwqOjzhT+v3q6QlKN8t5XK+CZ88oEXY9ruv9KTnvUcnVf1xS52vq8V/T+LWwxuVXz5ke+UduisJ0AAA2zrAqnA2MxWIKBAKaf/q0kqetC/F4XNPT05JhyBCJ1rUYhiHLsvSNb3xDL7zwQq3DqTrTNLVn7978e6QSYrGYDrez6AC2ls8++0x79+2rdRhA3ZibndXLL7+8rmN4nwHrw/sMqL6NvM8AoBLuJRIVy7O43b17d819aAVQDZYlUqrlIwENAAAAAACAekNitYIMp2+oJPqsAgAAAAAAANsYidUKKkqsYlW5NgCS1NhIq18AAAAAAADUFxKrFZRLrJJgXZ+mpqZahwAAAAAAAACsC4nVCiKhWj53X9Vdu3bVMBIAldbY2EjvZKBMlmVtaOYG7zOgfLzPgOozTZOZiAB2JBKrVUKSdQ2GIRmGDI+HxCqwzXi9Xi0uLnIxCqzBsiwtLCzo4MGD6z6W9xlQHt5nQPWZpqnFhQUdOHCg1qEAwKbjK6UKyiVTLUlG4U4WsirBkP2L7vPPP883m8A209raKkvSw1RKmUym1uEAW1ZjY6O8Xq8Otbau+1jeZ0B5eJ8B1Zd/nx06VOtQAGDTkdGqoHyC0LJkSXZSFSXlvvnfSPUAgK3vUGvrhi5iAZSP9xlQfbzPAADAakisVtDSRZhyVZlYLlfdu2/fvhpHAgAAAAAAAKwfPVYrqKmpqdBblWrVVVmWJa/XuywZDQAAAAAAANQDEqsVtGvXLjU0NNg3cu0AsCKv18siXwAAAAAAAKhLJFYryOPxFPcMtSwShyswDEMHvd5ahwEAAAAAAABsCInVCtuzZ08+mWp4eHnd8q+LYejAgQPa3dxc44gAAAAAAACAjSHzV2HPPf+8mnfvlqehwW4HwOJVdkLVSap6nGRze3s71bwAAAAAAACoWyRWK6y5qUltbW2yTLPWoWwphuwFqyzLUktLi1pbW2sdEgAAAAAAALBhJFarwO/3a/fu3SxetYRhGLIsS52dnVSrAgAAAAAAoK6RWK0Cj2Ho137t19Tc1EQC0UmmSnbFqs/nK17gCwAAAAAAAKhDJFarZM+ePfI999yO77FqqFCpumfPHv3Kr/xKrUMCAAAAAAAAnhmJ1Sp68fBh7d69u9Zh1JTl/JGkjo4ONTc31zIcAAAAAAAAoCJIrFZRY2OjXnzxxaL7DMOQdkp7AMOQLEuyLB1qa9OhQ4dqHREAAAAAAABQESRWq8zr9Wp3S0vRfbnp8due0wZhz9696nzppRoHAwAAAAAAAFQOidUqa25u1qHWVkmFXqOWdkhi1dH+wgu0AAAAAAAAAMC2QmJ1Exw5ckQHDhyQZVnyeDySZcmyrB2RXD1w4ICee+65WocBAAAAAAAAVFRjrQPYCRobG/Wrv/qr+vk//7MW5ud3REI158CBA3YyGVvSvUSi1iEAAAAAAIAd7nB7e61D2BASq5tk9+7d6nzpJcViMS0uLtY6nE1hGIZ8Pl+tw8Aq6vWDCwAAAAAAoNYoJdxEra2tanEWssr1W93OWlpa8s8XAAAAAAAA2E5IrG6yl156SZZlyTTNWodSFYZh5Fsd7N23r8bRAAAAAAAAANVBYnWTtbS0aN92Sji6+sXme8c6f7cdOlSLiAAAAAAAAICqI7G6yQzD0EGvN//veud+Blbuj2WpublZ+/fvr1FUAAAAAAAAQHWRWK2BViexuh06rFqWVZj+7/xblqX9+/ersZG10QAAAAAAALA9kVitgT179tj/2CaLV+WfhZNUlaQXXnihZvEAAAAAAAAA1UZitQYaGhp0qK2t1mFUjpNMbfB4ZFmW9uzdSxsAAAAAAAAAbGskVmuktbW11iFUlGVZMk1TkvTC889vi/6xAAAAAAAAwEpIrNbI/n378v/2eAr/Dfl+pXXCHavlVK4eOnSoVuEAAAAAAAAAm4LEao00NTXZPUnlJCQNQzKM+lzQypVc9fl89nMDAAAAAAAAtjESqzXS0NCQX+DJkmRIdq9Sp+qznqpW3Ytw+Xy+GgYCAAAAAAAAbA4SqzV0yOmzaqgwjb7eLI177969NYoEAAAAAAAA2DwkVmvowIEDOnjwoH0jV6FqGLIsqy4TrU3NzWpsbKx1GAAAAAAAAEDVkVitIY/Ho+eff95OotZhInWpF55/vmghLgAAAAAAAGC7IgtWYwcOHNCePXvytw3VV39Vd6y7du2qYSQAAAAAAADA5iGxWmNNTU2FdgB1yF1nS2IVAAAAAAAAOwUNMbcAr9ere4mElOutWkcVq8rFa1m0AQCQN5NKKTUzo0wmU+tQgC2rsbFR3tZWtXq9tQ4FQAmMZcDaGhsb5fV61eoszAwAOw2J1S1gz549avB4lDVNybJkSPlFrOpCvcSJEib1Xv+gIqU2BXr1zoVu+Sr2UKM6Nyi9NdSnrkqdsyqxJDVx5ZJunLyst7sr9ux3lJlUSqlUSk3NzWrevbvW4QBblmVZSqVSkkRytSLsz+/RWO52QH2XL2jFj/KqjUtrjSP22KuBIb1Z8wERK2EsA8pjmqZmZmYkieQqgB2JxOoW0NjYqJaWFs3NzclS8fT6elJPvWFRLMTFHSooNTOjpuZmPhOANRiGoaamJqVmZkisPjM7WTnde1nXLzjJzOSE3r3Urxu9uQQnCU2Uj7EMKI/H41FTc7NSqRSJVQA7EnO3twCPx6OGhobCL26WVT9VoK5fNuumwhZAVWUyGS5EgTIZhsE04wqYHB1UJDRQXCHq69bbAyHFxj7UZO1CQ51iLAPK5/F4GMsA7FhUrG4RDY2N+cRk7pe4ektUzs/P1zoEVIMzVbKvd1qjY/b8ytDAkF6J9uuq00MgV/E6Odqvq+pV3/SYMxUztOIUy+TEFV10zldoO2BPn5w+XagmSk5c0cX4aV3v63LCKTyuQgP5+1c+ZxmSE3r30phikhQIKVT2iwMAqL1JfRqRQgMlRpuuoEIa1KeTryvxgdP6ZrDfrlp1dklMXNFVZ+wI9Lqn7xe3yynM7nDGqo6QIpHIsrGodIijOjeYGzQZZwAAALYLEqtbhGWadZdIlVRUWfvk6dMaBoJnERnsX9Zntbg9QEQ3dFnXh3x28tK5KL3e5yQ6P5jQty90O7uOaXpgSNdzidYr/uUJzslRXRzr0FtDF9TlXKBeHG3X9b4uHTsZ0Gh0Um92dUlK6vYnMYVO24EkJ67o6nSv3hkqJGHfnXAugovOaT927pyrS2pieEzqvazrznnODUqBk8/4ogIANkcyoWkF9GpbqY1t6ghINxLSmxcGNO1uBTApucc3+/N/WBPHLqjbl9TEFae1QLfP+QLuiiZcPVsj0369MzRUxhd4k3pvMJIfV5MTV3RRIrkKAACwDdAKYIswTbOoUrVekqzuKVLJr79WNputYTTYqNDAkK4PFf8p7j8X0hvOlaSvvUNSSK8429v8geKTBXr1bWdb1+u9CsQ+0e1k8S6T0YgUCjqVrD51nw5JkagmJfmOnVTA+beSt3UjlnusXJI1l6S1j4t9cltJ55yB3tfz1bFdr/cWzrOa5G3diAX06jFf7kD1BVY/BACwXRTGN7X5lf/4d8af/DZft94IxXTDNaAFTh4rb1bEZFQR17jp6z5NUhUAAGCboGJ1C8hkMjJNU5bqsw2AYRiyJGWzWT18+FCHDh2qdUiopY72woWmr10dy3ZIKjEtBU6WLC2SfMf0amBMn072qUtxxfIJ2PuajpWqrg3pvnPOWOSSzo25twWUSEpdq1353o8rpg69UQha7cuDBgBsVb52dSim6fvS8kynPXZ0nPZJul/+Oe/HFVNEV/uXzOcI3Ze0wvi1gqQ96LmOsqtop9d1FgAAAGxFJFa3gLv37unx48eSJMsw5PF4pDppDbA0xnv37snr9drPATvTdEJJddnXtsmEpqUlyVU7cRmLl7wCluTLtwN4RRGFgn3O/faFaOj0Cqs5d0iBk5eLFy4pR5tfAX3iSsDaSVr513carEdK0eFrGo/bt/w953U2uHRFdHufxKmwejqLt0yNh/VRe+GYVHRY13Incyl9XgDbT5deCUlX821kXJxq0bfW6gqzVJtfAYX0Rsk+4ckSB6zMZw96Kox6drIXAAAA9Y/sVw0tLi7ql7/8pe5+8YUkyfB4ZEgys9m6SKq6GYYhwzD06NEjffnll7UOB7Xkmvo/+eGYYoGTOrYk19kVLEz9l5Ka+MDdGiDXDmBQVyMBdeRLfOyEa+SDifwl7eRov85dsW93BYtXfk5OXNG5/tG1WwH4junVQEyjHzp7Jm/rBhe8VTU1fk3j6tH5cFjh8Bm1j1/T+JR7j+LEa/GxYY1Ei+/zBs8qHA4X/pwJSgrqFElVYMfo6htQKDKodydcSc/khN4dLG4TUzbfMb0aiOj9/Pkm9V5/f/H5yw4uqJBc55qMLutrDgAAgPpExWoNLC4u6u7du3rw4IEWFhbk8XhkyV7Ayt2ztB4UtS4wDMkwNDU1JY/HoxdeeKHG0aFcpRavkkJ6q2SlzhpCHZq+1K9z+XN0L69L7erTO71XdLG/374d6NU77kWmfMf0akCKqTgp6+u+oLfi/brYn5vv7zr/0nMqoL7L5cTvU7ezoMm5iH3OUIgpmtUzpVtRv3rOB2WnPTvVEw4XNqeiGr42rngwqGA8WnTceHhEUX9QQX9UiVXOPz4SVfBMWJ0r7gNg++nSm0OXNXHF3RImoL7LQypMZHAqWwf7Nd17WW+3r3a+3NjgOl9owF7Iap0Vq1KX3rzcq3cvOecKhBSilzcAAMC2YFgVLo2MxWIKBAKaZ4X4ZbLZrO4/eKAv4nHNz88XkpKSGjyefJ9V1VG1quHxSM5iW+6ksGVZeuGFF3T48GG1tLTUMMKtwzRN7dm7N/8eqYRYLKbD7ateGW6qydF+XdWArvetOx1b8lzv+zcwtR8199lnn2nvvn2lN06NKzwinQn3lE58pqY0pU51eu1Eqs7kWgFMaWqqU52ddjXrzROlp/mnosO6dvOEzp/NJW6BrW9udlYvv/xyrcMA4LLqWAZgGcYyALV0L5GoWJ7F7e7du2vuQ8XqJkmlUvrX6WnNzc5KchZ8chKo7n/XU1JVsqtsJcnj8ci0LOVSq4bHoy+//FKpVEovvviiXnjhhbqrxkUtTerTSECvXiapui3526XosMLOXP+iXqjezhUqTTvVuWYJ6pQ+Ho8reOYsSVUAAAAAQNXRY3UTfPnll/r88881NzeXv8+dPrVkVzPWW19VN8uy8pWruX97PB4tLCwoFovpzp07SqfTtQ4T9WByVOf6BzXde1YUq25T8XF9pO/Z/VDP90jLeqxu0NQtRRXUcXoAAAAAAAA2ARWrVZZIJBSL2SvheBoaZGaz9gZ3ErWOE6o5S5PClmXJklPJappKJpNKp9M6evSompqaahMkqq6rb0jXn/0kuj7UV4lwsGW5FpbyBnUqOK6RW1PqWbskdVWpZEIKnqK3KgAAAABgU1CxWiWWZelfp6fzSVXDMPLT5ncKQ5LpVK4ahqGHDx9qampK2VxyGcDO422Xv8Td/vZnnbyf0p2b8QqcBwAAAACA8pBYrQLTNPUvn3+uL+JxGYYhj8cjSyrqqboT5FoCmKYpwzBkeDy6f/++Pv/887puewDgGXiP6oQ/qo+iKft2KqqPon6dOPrsidVEvBLnAQAAAACgPLQCqLBMJqNffPaZHqZSdpWqVFSpWrRQ1TaXSyAbhiHTNCXDkGEYSiaTaty1S4FnnPYLoB55FTx7Xhq+pvC4fU/wTFjBZ86rJpWQ1P6s4QEAAAAAUCYSqxU0Ozurf/n8cz2Zm7OrVC1LhiQ5ydRconWnMZyEqlW4Q4l799TY0KCOjo5ahgagJrwKng0ruOo+neoJh8s/1hvU2fDqZwQAAAAAoJJIrFZAJpNRIpHQV199pcXFRUl2b1FDyidU81y3t3vlau75ZU1Thuyeq3L+tgxD8XhcjY2NOnz4cK1CBAAAAAAAADaExOozME1TDx480JdffqlHjx4Vb7SsfIVmLsFY9PcO6bMqqei1kJR/7obHo3v37skwDLW3M4EXAAAAAAAA9YPE6gZks1nNzMyUTqiWa5tXq64qV7VrWUqn07p7964kkVwFAAAAAABA3SCxug7z8/NKJpP6OpnU/NOn8ng8O2oxqkpyV+8uLi4qNjWlhYUFdXR0yOPx1Dg6AAAAAAAAYHUkVteQTqeVSqX01Vdf5atT84sxOclBkqsb4FSs5vvPWpbu3bunJ0+e6KWXXlJLS0txb1oAdaOxsXF5f2kAJVmWpcZGfh0DthrGMqB8pmkylgHYsfj0W8I0TS0sLOjx7KySX3+thw8f5rflEqjuJCq/bG2MIcmSa3Ev53V8+PCh/vEf/1EHDx7U4cOHtW/fPu3ataumsQJYH6/Xq9TDh2pqauIzEliFZVlaWFiQ9+DBWocCYAnGMqA8pmlqcWFBBxnLAOxQJFZlV6U+efJEs7OzSqVSRX1Tl/4iZRhGYSGmJUlWlC+XUM29erlXOfd6P3z0KJ/UPnz4sA4dOqSWlhaSrEAdaG1tlSXpYSqlTCZT63CALauxsVFer1eHWltrHQqAJRjLgPLkx7JDh2odCgDUxI5MrGazWT158kRzc3Oam5vT119/vawK1ZIKiVPDyFdYFnFNY8fG5BKquUSraZqFbc7re+/ePd27d0+GYejw4cM6ePCgDhw4QC9WYAs71NpKsggAUNcYywAAwFq2fWLVsixls1k9ffpUj2dnNf/0qZ4+fVpUlVrqmCV3LE+q4pnlX2cngbr0dS/a7iS57969q7t378rr9ergwYM6ePCg9uzZwxQtAAAAAAAAbKptl1jNrTL/+PFjzc/P29P7Hz6U5aqExBazVsXv0u2GoVQqpVQqJcMw1NbWpr379snX1qampqbqxQkAAAAAAAA46j6xmlv4IZVK6cGDB5qfn9fCwkLxToaRr2ikJ+o24LRnyFWxJpNJJZNJ/esvf6mWlhb5/X4dOnSIKlYAAAAAAABUTd0lVrPZrObn5/X06VM9ePBAs7OzWlhYsPuiOklTj8dTelp5bvV5kqv1y50sdXrf5u+3LM3Pz+sXv/iFmpub1dbWpueff17Nzc30YwUAAAAAAEBFbenEqmVZymQymp+f1+PHjzU7O6sHMzPF0/qdalRLkuHxSJYl0zSLFqDK75o77yY+B1SJ8/9quW87yXXD41E6nc73Y92/f7+ee+457d+/Xy0tLVSyAgAAAAAA4JltucSqZVl68uSJHj16pMePH+v+/fvFO7in9dsH2H871YuW6zz5pGsuCUelav0r0W81nzDPJVdNM/8zIcvS48eP9fjxY0lSW1ubWltbdfDgQfqxAgAAAAAAYMO2TGJ1YWFByWRSjx8/1szMTPFG95Rvh+XaJlfi1J12W3qM4bQCYCGr+pdPmLsT667q5dy2pb1179+/r/v376ulpUWtra06cOCADh48SKsAAAAAAAAArMuWSKw+fPhQU7/8pZ7MzRXudPdCXZIwLanEPiX7rGJbWPZ/6fz/L23/kO+tm+P8XD19+lRPnz7V3bt3dfDgQe3evVs+n08HDhzYjPABAAAAAABQ52qeWLUsS1988YWezM0V90V1rfxe4Qes7PmwtZT6/3XfV2L7w4cP9ejRI3319dfas2ePfqWjQ16vt4pBAgAAAAAAoN7VfP7zgwcP9PDhw0JV4RpJMKDSPB5PoZL1yRN9/vnn+sUvfqGnT5/WOjQAAAAAAABsUTWvWL13754Mj8eeyp1LpFajUhVYgWmaMgxDHo9H2WxWi4uLSqVSun//vl588UU9//zzamlpqXWYAAAAAAAA2EJqWrH69OlTzc3N2au4l6hUNYyly08B1WFJymaz9r8tS9lsVobHo7t37+rnP/+5EokEPXoBAAAAAACQV9PE6v3794uSVblV3XNIZGEzGE6FdNHPn2HIMk15PB4tLi4qFovpzp07ymQytQ0WAAAAAAAAW0LNEquWZenRo0dFydP8qu5y+l4CmyCXUM39/BmGIcP523RaVBiGoWQyqZ///Od68uRJjSMGAAAAAABArdWsx2oqlbIXrXJzJVlN09zkiLBTLf1ZW1Yn7aqinp2d1dTUlAKBAH1XgVXMpFJKzcxQ5Q2sorGxUd7WVrV6vbUOBUAJjGWoV42NjfJ6vWptbV11v5/9158VLW/yb//bf5vfNvnPk0qnF0tu+9l//VnRedzbAGCnqVli9QkrrqMOuFtTeDwemaaphw8fKh6P6xvf+IYaGhpqGF0lTOq9/kFFlt4d6NU7F7rlW/GwUZ0blN4a6lNXpSIZ7ddVDeh6X/lnXO2YjZxv0yUn9O6lMan3st7udr/ak3qv/wN1XL6g7hX/E9b9YJq4ckk3Ti59rMqbSaWUSqXU1Nys5t27q/pYQD2zLEupVEqSSK4+E3ss08CQ3lz2kb95n33PIjlxRRfHYiW3hUo+rzJVaLyeHO3X1eW/LKivouPU1sJYhnpmmqZmZmYkadXkqmWZOvEbvylD0v/3D/+w7BzfPHZMTU1Ny7ZZlqnf+M3flEocBwA7TU0Sq6Zp6vGjR/YN91dkwBazrM+v8/OaTCa1a9cudXZ21iawCiu+aLMvQi9e0erJ1SoI+Ns28dG2jtjYh5rsrlySutZSMzNqam5mAUJgDYZhqKmpSamZGRKrWPtLzVoLFX9ZmZy4oouXrkjlJFeTE3r30id6tY4SsYxlqGcej0dNzc1KpVIlE6v/+dZfSpJ82V9Xes+471oAACAASURBVHFRkpTNmvn7Jak1/U2l02kZhrFsmy/761oscdxvH/+Dqj0nANiqatLIdHFxUTNOhQa/qmCry/1CbVlW0SJX9+7d0+PHj2scXTX41H1hQKHYmH4yucIuXX26XsFqVUlq8wfU0V65q62uvqGtXa2aF1AgENHV0ZVe7PqTyWS4EAXKZBgG04yryqfuC0Nbulq1qqowXuf4ui/orVBMox9un/HLjbEM9c7j8aw4vpgZS/4jR4paopmmqRdfbM//MbK7tGvXLlmWtWzb0uP8R47IzFAsBWBnqknF6vz8fL5KdVlFILCVOElUSflFrNy+/vpr7d+/vxaRVVmbOgLSjURS6vJpcrRf7yskRSKKBXr1zum4Lg5Kb1326/0lFSjFU/CLWw0UKmPtqtjpjpAikYhTBXNBb+YefnJU5wZzR21squHSVgBF0yyLqoJWiNGprukISZFILLexkKxdLUZnin+szPhfPd0rDQ7qvWCJ6Z7LqnzcU15zU1x71TE2Zj+HQK/eOSv9Re7xl1VA3dZ7/a59XduKpnq6nuuy//+tXFEFAEWWtgJYaVxaZZxwptOHQhFFIrnNhdYCRZ+dSz4jVx571sd+jFBhSv/kqM4NTqvv8gW1f9ivq+pV3/SYRmOStHQ/pxXA5KjOfSCFFFEkFtCp/z6mfznqapEwOapzH/jXFWObPyB9klBSXfItfS3y49+k3nPGpJirwrVSrw2A9ctkLGWstEwzq3+IRvP3Lyyk8/82tbjitmw2U7QtY6WVIbEKYIeqSWL10bas8sO2ZFky3cl/w5Ah+5tZwzD05Vdf6cUXX9Tubdd7y6f2DikWvy85lzmxiPTW0FD+Qs3e7ZheDYzpxu2kup0L1k8jUmigS/bF7KCmey/run0FpXcvXdGEK8kYmfbrnaGhJRdSk3pvcFp9l4fs/SZHdW54Qsee5YJrclQXxzr01tAFdcm+8Ls42q7rfW0rx2g/a0U0oOtDXc62XPJztRjtC8iOgSG93eVsuzSq9tUqhtq69Ye9n+jiBxP69gaeZ2wsrjeGhvSmkzC4ONxrv65Ogvcnk935xEFs7BO9enlI131Oy4fRdl3v61Jy4oquTvfqnaFu+ZxExLsThQvuov9/AKhLq4xL91caJ3KfehFN+y/r+pDPSVYOa+KYfVzhs9M+7i8mjtmfnSuOPSt8ksbGdLF/rPg+J+HY1Tekt9Svq6NBXe+T3huMKDRgj0GTkhQZ0/TAkK53OcnNKyskSGMRydnPTqTeVrLbiT0aUeDk5XWNQT77lwXdl+SbXP5aXP1wUt19XXrzcq+m3V8Srve1AVBR2bQpWZaafzWxZEuhiKQx8PXK245+WbzJMuxzAsAOtOmJVdM09eWXX669I7CFGIYhy7JkmabdZzVXuWpZevr06TZMrJYQCpZIqvl07GRAo584F2bJhKYDvfrDLknJ27oRC+mNC84lmq9bb4TG9P7tpLrtrKUCJ4+tcAFnTy3s7uuypzFeeLbQJ6N2VWwu/q6+IV2XpOTEyjEek6SA+l53jvK1q6OcGCejigR69U7+wV5XX+CSPp3sU9cq14u+7rPq++SSc0G+vucX6H3deW52pXH+dV0Ws6TQaSex7VP36ZBGB6Oa7GtT4pOYQqcvOP8fzjbngts+rtT/PwDUkeRt3YgF9OrZwmf+20P2Z9zkhxEFei8XxonXexW4FNVkX5dzX0hv5L4VbPMroOnCeWOFL7C6+ob0tnP3ZHStcy6xRtVmV9+AQv2DOheRPaugq/jYb3e5H+cT3U52a/lwEtIr+YCCCsU+sPfzTerTSECvXn6GmtGi8TqpxLS0fBCyrfu1AVBR2bSlO7fv1joMANgWNj2xmk6nlUkXphGweBXqgbtlRe7fuXvS27I3nn1BFDi59mJSvu7TCo3ZF2bHbn8inTxrXxTejyumiK72L1lGOHRf0mrn7dKbQwNS7uJRWrZgxvqs8lxWi/HYaudcOcZkYlqKRZZVHQWctgoryyU6hzVx7HQZz2tjihYIa/MroLik+5qOSZHBfhW/EiHdr1okALDJ7scVU4feWPZRbI8TscglnSv66A4okdTqib6uPl0fkM65Pj9DTquWVc+5ofxll77dG1BkrENvLR0TO9oLCdlSX6qtcL5XQjHny8SEpgMn9e11xpW0B1h7VF/SBicQWPGoKrw2ANbjqPdVPf/C88pmsxU5X0NDg7768quKnAsA6s2mJ1ZzqwfmEqqGCgkqoB4tzM/XOoTKS97WjZjUcbqcq5vchdmk9IkKlUBtfgUU0hslp8An1zznm0NDds/Voin463wekkq1NchbLcbk0qlRZcbY3iEFTm6sV1xXn94K9evqh1GF1nvsRtyPOxfAdqVr6HTp17hqy5Kkohq+ltCpcI86i+4bVzx3O3hG4Z7c1pSiw9c0Hi+1rejEig5f080T53U26Ky0PjWu8EjUtY9fPefPKshC7MDO0eZXQJ+USN7Z40Tg5OXSi1yt9Q2Ts0CU5PQNHRzVK0N9q59zI5IT+osxOQseBou/cJwu9DlVMqFVikWLQw+GFPvgtibl+mK0/IB0+5OY1HHanvr/4ZhiS/pzXy153BqvN7akVHRY126e0PmzQS0bOqfGFR6RzrjHc2xxlrxe+3/SsixZliWPxyNLkuW0PJMzY0+SPLnZe5Ylw+PJH2eosNDvV8xKBbBDeTb7AZ88eSKp0KGFxatQr3K/RMzNzdU4kkpLamJ4TDHXtMK1dAVDio0NarTjdGGRJt8xvRqI6P2JXBJ1Uu/19+vdiTWSqskJvdt/RfndfO3qUEAdaxfPrhqfItF8gjA5cUXnrkwoWY0Yu4IKxcb0k0n3vv16r8zsZFffgEKRSKFy1NeuDsV047bzYJPRJVWl6xMb+9B5HZKa+CDiTPG3WzpEPpjIp7wnR/vt1+gZHmtVSxOokqQpjV8bV/uZsMLhsMLhMwpGRzQcTdlbx69pvP1MyW3Fp/5RIfmauy+ZsBOx4dy5SaoCO47vmF4NuD5Pnc/89yZz49iHxeNE/+iaXyzlx5PcQ7R3SAG/7OFgY+dc4ZE0MTwm9Z7V2xcGFIoMFo8rsU+UHyY+HFMscFLHyvpu1B6zro7F1NG+zrTqxLBGY66WOZKT4JWUnND7qwxWlX1tAKyXZUl79uzRnj171NTcrF27dqllzx7t3r1bu3btUvPu3fa2piY17dqlPXv2qNnZ1tLSopaWFu3atUtNzc3583BZD2Cn2vSK1ZmZGUlUqWL7mJmZsb+xNYy1d96ilk0BX+/U+66gQopIQfcxPnVfGNB0v2uqX2jAXjBktXSdr1tvD8R17lK/nCWyFOi9rDdXut6LuKbj23vbqyQXxdend3qv6GJ/fy4QveUsrrFijKtlFFeN0V6k491L/Trn3lb2y5mb6ll8++KYE2OoV30Bubv7rUug169P+50qokCv3nH+n33dF/RWvN/VwqDwGlW6HUAqOqxr43EFg0HF3UWk6lRPOFx0+3hQiiZSkrzq7AkrvMK2gil9PC75/UseMxGXv51MKrCdLRvLAr1654K7r8vycSnQe9leaFBLx4mA+i6vsuhg7ozLPjvt4+zhYJ3nLLV4laRA7/+uVz/5PzSqXr3T7ZPk05sDIZ0bvKKO3HgX6tB0ftwpfH6vrUuvhKRIxNV7dSXLxtuQ3nLN+LD7pDrPIdCrt3oDuvqJU0nrLHY5eqlf0wNDenO9rw2ACrPy1+PZbFbpdFpNTU0yTVPpdFqGx6MGj0eZTEaWZWlXU5Oy2awW02k17tolWZYy6bQaGhrU2NiYPycA7ESGVeGS0VgspkAgoPmnT5dty2az+vu///v8QkD0V0XdMoyiquvf+I3fUHNz86qHmKapPXv35t8jlRCLxXS4vX3tHYFN9Nlnn2nvvn0rbk9NTUmdnfKWMXVwajysEZWa8j+lcftguTdNjYd16/h5tX/kbgVgtwZInCreF9gq5mZn9fLLL9c6DNQpe8r9xnuRJyeu6GL89DP0Mt+eVhvLpsbD+qh9SbuZj9p1/nvSj4pa3BTGn+O31n/M8jEr1+qmR+3j44pKkr/HOYczC8Tf40zXX8++pbjb7/gVDErRRKEVwNR4WLkOO8FgUNEorQC2opXGl3+8eVMnfv3XJUnzCwvKZDJqaWmRmc1qYXFRTbua1NDYoMWFBVmWpd0tLUqn00qn0/aivZalhcVFNTQ05K+B/vG//Bf9dydObOrzA4Cce4lExfIsbnfvrr3Q36a2Asj3V3XUb30fdjynx1BOKrV8OjKA0rydnStcxC2RiuqjqBQ8XnyZNjUeVjg8oqi/R691Ltk/seQ+e4MScSk6Es63AijVQgAAdh67T2ooSFJ1PTqPBxW/eUe5kWTqVlT+E0fl9R7VCX9Ut6acDak7uhkP6njnxo5ZSXw8oeO5tjjxcV37kfS9cFjh8z3yx8f18dTG9nVLRX+kcfXofDiscPiUFHX12Jka10g0qDPhsMLh82pPREufBFuWZdlFH6ZpKpNOK5vJanFhQel0WmY2q3R6UYtOwjWbtbfl9ksvLmpxMa1sJqNMJiMzm5VlmrT4A7BjbWpi9alTxZqrVrUku2oVqFO5FgDJZNU6UQI7lN1vNR48s6xip7PHTo6eaR/XteGoc5GaUvRHN3XieyUqb1JJJSQFc71bz/dI49c0vsLFJADsCMkJvdt/SaMdAxtcHHIH6zyuYPym7qQkaUq3on6dOOqV5NXRE35FnSxp6s5NxYPH7SrOjRyzAn/Pa852r9r9shO0kuT1aek8pvXsW5DSnZvxwr7q1Gs9hR47U7eiUj5Gr4Kngmu9YthiLMvKJ1ZNy5JlmUX32wtVLb1t72dZliw5t3PnILEKYAfb1B6rX7pXCnQ+eI1cghWoI7l+qrnE6qNHjzQ7O6t9q0x/BlAue5p/NFiqBUBB52s98l+7qTupoIKpjzXefkrhUqWw3qDOhoNFt08FxzVya0o9nUxaBFDfuvqGdH0jB/q69fZQd6XD2SE6dTwY10d3UgoeTSrhP6HXnPHHe/SE/OO3NNXTKSXirlkX6z8m15PcFtSZ8GtVeTbLH+e4EnGp/VRhUPX6cmnYlJIJyX/CNeB62+VXoiqxoVoKs+88hkeWYaqhoUGSfZ3j8XjU2NigbDYjSWpsbMwXRzU0NMiyLGUNo+iaCAB2qk1LrFqWpUwms/z+zQoAqKD8Lw+GIdM081WrJFaBZ2UnVRM95xUOrtEwIJVQXO065ZWmPo5K0ajC7tmI8WsKJ1ZOzrKYFQBgozqPBxX/6I6mdFM68b3CbAnvUZ3wj+vW1HEpGtTxno0f4w2eVbioGDS16tqaG1XycfzSzWRK6rSjTCUTktoleeVrl+LuxSNTCcWFepKrRJWkTCatbNbU4uKiTNNUNpuVZLcKyGQysiQtLCwom83aLQOc9n6ZTMZJwDY6+3NlD2Bn2rRWAIuLi5qdm7NvuKf/8+0W6pThWsBKkmZmZpROp2sWD1D/UooO25WqZ0skVafGwwrn5++nFP2oMBUx1x4g7PR76/FL/p7zdlJ1alzh8LimCifSSH4KJgAAG9B5XMH4uEbG42r3uccTZ2r/yIii/vbi9jQbOaYm7Hji4x87Y6fdGiCn83hQin6kXLvyqVv0WK037h6r2WxWpplVJpu1k6dZU1nTtG+bpsz8/fZ+Wdd+hePNWj8lAKiZTatYnZ2dLSRR3W0ASKyiHrmnvTg/x/Pz87p//77a21fuWAVgFak7uhmXFB8prjx1Vi3u7DmvnuFrCodd96/SKiCvs0fhM+MK5w+0+62uVRALAMDKOnU8KEWjyxea8h49Ib/iUr5H6bMcUxve4FmdSYQ14gzIwWBQ+dn+nT063zOsa9fCGpfkDwblX/FM2IrcFasej0emZanB45EpyTCy8hiGGjweZZ1rnvz0/2xWHk+DJEuGUdwejet6ADuVYVX4EzAWiykQCGjeWagqf//UlBL37jmPakhOb0o+gFGPlvYTyv0st7W16eWXX85vdzNNU3v27s2/RyohFovpMIlcbDGfffaZ9tIWAyjb3OysXn755VqHAcClnLEsFR3WtcSpEi1npjQe/kjt588u+xJvI8cAG7XS+BL9NKp/82/+G0nONH/TVHNzs0zTVDqdVmNjoxoaGpReXJQlqbmpSZlMRplsVk1NTZIlLaYX1dDQYN+W9M8//2cFX2EhMwC1cS+RqFiexe3u3btr7rMprQAsy9Ls48f5ZJMhqlVR3+zVMB3217WSpAcPHtjV2QAAANjG7OnxwaWlp5I0dUtR/wkt7zizkWOAyrMsU6ZlybSsfAuAdDqtTDotM5tVJpNROp3OT/tPp9P5/TLptNKZdL5FgJnNynLaCgDATrQprQBM09Ts7Kw8Hk9+6jTtAFD3cj/DshOthscjyzT18OFD7d+/v7axAQAAoDpSUQ1fG1c8eEbhJTnSqfGwRqJ+9ZzvKZ7Sv5FjgCqxLMlyJ0Ity76mcV2bG3IWmnZdv+eu5Q3Lss/h3MfVPICdbFMSq48ePZKk/LdY7g9xkqqod7mf4dzfMzMzam9vz6+QCQAAgG3EG9TZcOkpz509YYV7KnQMUEWmc+3iMTyyDMvunWqaMjweeTweeTwN8hhZWYZhF0h5PPKYpjwej2RJHk/WLpKSWJAawI62KZmfmZmZzXgYYEuYnZ1VOpMhsQoAAABgy7EsS027dkmSdjU2yrIsO3kqqcncZbfwMww17rKvZzyGIcvZz/DY3QR3Ne3Kt/jLnRMAdqKqZ34sy9Lc3Fy1HwbYUp4+eaKW3btrHQZQE425X7xLLOIGoJhlWXwRB2xBjGWod6Zprjq+/OxntzYxGgDYvqr+m/z8/Lzmnjyp9sMAW8qTJ0906NChWocB1ITX61Xq4UM1NTVxQQqswrIsLSwsyHvwYK1DAbAEYxnqmWmaWlxY0MEVxpff+h9+a5MjAoDtq+qJ1UePHhU3xgZ2gLknT6hywI7V2toqS9LDVEqZTKbW4QBbVmNjo7xerw61ttY6FABLMJahnuXHFwo9AKDqqp5YpQ0AdqIHDx4om80yvRM71qHWVpJFAIC6xlgGAADW4qnmyU3T1Pz8fDUfAtianOmdAAAAAAAA2J6qmljNZDJ69OhRNR8C2LIWFxdrHQIAAAAAAACqpKqJ1YWFBVmWVc2HALYsKlYBAAAAAAC2r6omVp88eSJJLOCDncX5eae/MAAAAAAAwPZV1cRqrr8qVavYUZyf96+//pqffQAAAAAAgG2qaolVk8V7sMNZlqVsNlvrMAAAAAAAAFAFVUusptNpPXjwoFqnB7a0XPuLdDpd40gAAAAAAABQDVVLrC66Fq6ixyp2qkwmU+sQAAAAAAAAUAVVS6zm2wCQVMUONjs7W+sQAAAAAAAAUAVVS6zmE0qWJZbvwY5iGPmf+UePH9c0FAAAAAAAAFRH1RKriUSicIOV0bFDzVGxCgAAAAAAsC1VLbFqWRa9VbEzWVb+y4QFV69hAAAAAAAAbB9VS6wCO5ph5L9YYAErAAAAAACA7afqiVWqVrEjuapU5+fnaxgIAAAAAAAAqqGxmidnAjRgJ1b3799f6zCATTWTSik1M0PFNrCKxsZGeVtb1er11joUACUwlgFra2xslNfrVWtra61DAYCaqGpi1ZDoL4mdx6nSzv3kb/2K1aQmrlzSaKxwT2hgSG92ufeZ1Hv9g4rkbwfUd/mCun3O1tF+XY2E9NZQn9yHJSeu6GL8tK73FZ1sw8ds2OSozg1q2WOhOmZSKaVSKTU1N6t59+5ahwNsWZZlKZVKSRLJ1We21lhmj2Ny7mPcwloYy4DymKapmZkZSSK5CmBHqmorAMuy8kkmYMfILV7lfKmQTqdrHNBqnAvRjgFdHxpy/gxIg/16bzK3j30xOt17ubDP5ZO6cemKJpLuc0X0fvEdZdjIMdjqUjMzampqohUMsAbDMNTU1KSUc0GKjSpnLCuFcQsrYywDyuPxeNTU3Jz/ohAAdhoWrwKqwHAtXrWwsFDjaFZzX9MxKRR018N06du9AUWiztVoMqFpBfTqMV9hF1+33gjFdOO26+IyEJDGhrWu682NHIMtL5PJcCEKlMkwDKYZP7MyxrJSGLewCsYyoHwej4exDMCOVbXEKr+IALaHDx/KNM1ah7GCNnUEtOzC09d9oTCl0deuDi1Jokrq6hvS292uZGvHab0Riml0eEJlX2+udczkqM71jyofXXJC7/Y7lbK5f0+M6lx/v8719+vdiaSSE1eKbrslXNuKq5gm9Z5zf/G2pCau9Ou9UecxRlctfQIA1EQZY1kpjFsAAAB4RlSsAlVmWdYW/gbXp+6zvQpEBle8qJO69OZASLGxSytc3Ln27BtQKDamn6zjOm4jxxTENBoP2tM+nRj/Qmd1fWhI7/QGFBv7sHBxq4hG46fz+0YGc60Mkpq44mp1cLlX04PFbQ4i0369MzRU2f55AIAKKWcsK41xCwAAAM+iaolVy7Ls6dDVegBgC8st2par3N66iVVJvm697fSksy/qLi1Pnnb15fvWvRWSIoP9Ote/tMeqlEvCRgZd1Tpr2sgxOQH1ve5cNLb5FXC1LPC1d6y8b9fr6gs4VbjJ27oRC+mNXPVtiTYHgZPH5BMAYMsqZywriXELAAAAG9dYzZNbEolV7FyGUbSA1e46WFHW131B17udFY4HR/VKidWIu/qGdL3PWR15eELHLnQv2eF19QUu6epoUO/4y3zgjRyzbh1qz19l+pS/fr0fV0wRXe2PFO8eui+prVrBAACqpJyxrAjjFgAAADaoqolVWZYseq1iJzIMWaaZr1idn5/X/v37axxUCZOjOveBX+9c6C6qbHFXzSQnruhi/PSy6YRt/oA0Xeqk9pTMG5c+0E9C5QaykWOeRVKJaUl+ORVDIb1R8sKb1UkAYMsrYyxbHeMWAAAANqbirQBYtApwGEa+JcD8/Lzr7i30HukKKhQb08WixS2SmvggIoWC6pLkO3ZSgcjgkn51k/rJWGzlqYa+bv1hrxSJxMqPpdQxbX4FFNGnTnjJ259oHWdcIqL3c89h8kONxpzpl75jejXg2uYsCFJufz4AQI2VMZatiXELAAAAG1DxitU9e/Ysv9M1JRrYiZLJpHw+n/bs3Vv6PVIzXXpz6LI6rlzSuf7CvYHey7ru6t329lC73uu/pHNjhX1CA0N6e5WrVV/3aYXGBhVZeZe1j/F1643QmK4O9isiKdDbq5A+WccZ3UJ6VcM61x/Lx28/RZ+6Lwxo2v38QgPO8+ciFQC2vjLGsjIwbgEAAGC9DMuqbMYzm83qwYMHevr0qbLZbCVPDdS1hoYGtbS06ODBg2pqaqrIOWOxmA63t1fkXEClfPbZZ9q7b1+twwDqxtzsrF5++eVahwHAhbEMWB/GMgC1dC+RUCAQqPh57969u+Y+Fa9YbWho0HPPPVfp0wIAAAAAAADAllHxHqsAAAAAAAAAsN2RWAUAAAAAAACAdSKxCgAAAAAAAADrRGIVAAAAAAAAANaJxCoAAAAAAAAArBOJVQAAAAAAAABYJxKrAAAAAAAAALBOJFYBAAAAAAAAYJ1IrAIAAAAAAADAOpFYBQAAAAAAAIB1IrEKAKioxsZGWZZV6zCAumBZlhobG2sdBoAlGMuA8pmmyVgGYMcisQoAqCiv16vFxUUuSIE1WJalhYUFHTx4sNahAFiCsQwoj2maWlxY0IEDB2odCgDUBF8rAQAqqrW1VZakh6mUMplMrcMBtqzGxkZ5vV4dam2tdSgAlmAsA8qTH8sOHap1KABQEyRWAQAVd6i1lWQRAKCuMZYBAIC10AoAAAAAAAAAANaJxCoAAAAAAAAArBOJVQAAAAAAAABYJxKrAAAAAAAAALBOFV+8ypxNaiHyfyn7y/9X1pOZSp8e25Rllbhv2T7WGtvLO9Yqun/teMo5tvj+0vt79h5Sc+C31Prv/jc17PeVfmAAAAAAAADUhYonVhd++n8qM/lRpU8L1D1z7oGe/OzHUjYj3//0Tq3DAQAAAAAAwDOoeCuATOyTSp8S2Fae/suNWocAAAAAAACAZ1T5HquLcxU/JbCdWAu8RwAAAAAAAOodi1cBAAAAAAAAwDqRWAUAAAAAAACAdSKxCgAAAAAAAADr1LiZD/Yw3aD/51+9uv2oRY/SDZv50MCm2NeYVde+J/ofD9/X/sZsrcMBAAAAAABAlWxqYvX//mWrPn2wdzMfEthUs5kG/UNqv7KWof/lV76sdTgAAAAAAACokk1tBXA7tXszHw6omcnHLbUOAQAAAAAAAFW0qYnVJybT/7EzPOVnHQAAAAAAYFtj8SoAAAAAAAAAWKdN7bEKYGu5l0jUOgQAAAAAALDDHW5vr3UIG0JiFdjB6vWDCwAAAAAAoNZoBQAAAAAAAAAA67SFKla/rz//m24dWXr33D9p5A/+TH9Xi5DW6Y8G/1rf0oR+Z+CHS7Zs7nMrxDGlP/nL31fn1F/pf/2zH1f4UQAAAAAAAICda8tVrH7x09/T7/xu7s9f6ba+qTOD3691WBVR8rn95Q/03TKO/e4P/qP+tsx9AQAAAAAAAFTXlkusFvux/vTTL6QjR/VHtQ6l4n6sP/2DCX2x95v67Qrnjf/DwO+VqJoFAAAAAAAAUClbqBVAmb7zA/2nM9/UXknSnG6P/Hv96Y9z9x9U6osjOnLErg79Y13V334rNwHfte+a53lJqS+kI0fsrfrCPb3/O/qTv/x9HdubC+gL/fR339J/2NCTmVJqrludz31Hkh3YHw3+tfIh5x73+1d15theyalw1R/8mf5ulTjcrQCKfH+V1wMAAAAAAABA2bZ4xep39CevHJG+uOMkLr+vPz/zTaVyU+p/mtKxM1dd1axH5E39lX7nd39Pf/zD7+vPv+XV7RHXvv9zbip98XlGbmvJefbqiKL2cSP/pLkj3fpzp6r0uz/4RXhnUQAAIABJREFUno6lJgrT+eeO6JUffGeDz+/H+jol7fV2Ouf+j/qW9580kju3t1v/6QffkX74lkZuzxX1ZF1/HKu9HgAAAAAAAADWY8tVrB751l/rb7/lumPunzSSqxb9/lEdmfsnjeSKR3/4kW6/8vt6+fuSpiRpTlOfuksw9+rYb39f+vEPpR++pd/JHff9ozqiL/RT5/bf/VlUv/033UXnuf2fnY0//lqpM4Uz/t2f/XvXYlOd8u5VhXxHr3Tu1Ref5haz+rH+9NNT+ttXXtF3tbysdGNxrPB6AAAAAAAAAFiXLZdY/eKnv6c/XiHh993nvNLeIzrzN38tV65Tc899x0mIuv1Qf/y70p//Tbf+9m+6nZPbU+u/+5xXmvvl8kPKsWQ6/dzcRk6S8x0955XmpqaUS44uSyxL6lSJp7fuOFZ+PQAAAAAAAACsz5ZLrP7/7d1vUNRZnuf7dyaZkPKnBEEbq6CLdDDoKe07LgO7l4qOZA1rpedKGG1Hj4ZSD/S2I7HXJ448sUt7lpgoq30C1yfGBI6z5UYUOtZOdE1UUDujdwwXom8RMTCEvaU1Q8gVKqCUQv6VgCL553cf/H6ZZCYJJIpkAp9XhBHk75zfOeeXRXnMb57zPQv5H0/GOTr1TWg7fIQ/KY9xx1/x54eswOGf/AUfH63k//7Pf8WfPxnn6I6NFC15BGZqgqn7/41jf/kPBPOtLr2d2TEXZcD4E7Ot8alK6IgdWI7csv+y45jn/VBsVUREREREREREZEmSPMdqlL/q4duMd/hPVr5T/uQv+PjG34byn0b4k7/g4xt/w38Jph39hyeMM8V4n9UOb5lb/4H/4y/KeItveRBngDGYE5X//F7Y4VFL9Sf8lz99h4yprzGzDvwDHX1TvFU+m/f0/2r8Wz79r/PnQV3SOBZ6P0RERERERERERGRJVtWKVfgr/vzqZj4+Ortdfur+fzNXXEaf2/QPf8mxogY+Pfq3fHo0rO4/xGpnivtX66wDshZi5T39j9Z2+m9b+Z/fvsV/zI5vzeqcbf5RW/H/x1/+kqLGvw1LdfAt//OQtTq34xv+dMc7HL3RQNGhuqWPY8H3Q0RERERERERERJbCZhiGsZwNTjRUzFv2y39+ezm7EklqjT/+/4j+nyv4f9sPf92xLH309vayNT9/WdoSEREREREREVltHg8O4na7l73dR48eLVpndaUCEBEREREREREREUkCCqyKiIiIiIiIiIiILJECqyIiIiIiIiIiIiJLpMCqiIiIiIiIiIiIyBIpsCoiIiIiIiIiIiKyRI6V7Czd7udZIGUluxRJiA12f6KHICIisk5080ltI214qGuqoSSiqJkTjW3gPsJHZyrJW2rLzbU0cJrLNSWLVw4abuU3Z9t59/wZKmN1GBxT0EuOTV6/yclJpiYn8QcCiR6KSNKy2+1kZmaSmZmZ6KGIiCTEigZWd2RP0zGasZJdiiRESdbzRA9BRERkHXHjdrfR0V1DSVgMtLuzbf5bluilgqxzG+FEYz8155tCQdfh1gt8cIFQcHUp/SzLmCSmyclJpqamcDidOG22RA9HZEmMFe3MYHJqCkDBVRFZl1Y0FcDht8eoyJ3kDadW88nalOnw88fZExx4czjRQxEREVlXCgvdtHV2h10ZZrDfjcfjfuk2S2qaljVoOTzYD+4KdoQtT82rPICnt537+qdDUpmanMThcGBTUFVkYTYbToeDycnJRI9ERCQhVnTF6kann+N/MLKSXcoqYcT4WjX6khFVaW55fPcaEdcXH08890ZeX9HviJfJMK0XztLcO3vFfeQ8v4q5h/EVdTdzopG52zVFREReQWFZBe7GTrprSsz5Zfg+X1LBzwvaaesPqxi1FT803w238puzAxR62mhrA8/pJso7zRWhHxV8RkMbQCMngitEh1v5zdlrhKZOz+IrR/PyC6G3nfvDlWFpAkp4v+kMYK5ejbefOXXLOiPn16iUBN3NtVZ9lH4gDv5AQCtVReJlsxFQygwRWad0eJXIutfNJ7VnaS48zeWmJuvPaQqvneVEc/fit4uIiCSD3B28626jw5q6hu+3Q8UOciMqdfOJtRX/clMTl0976L12k9nZro3+gvNcbmri/bAYaV7lGeo8hAVPh2m9co3C01Y754/gbvuM1sVWnZbUUOfppflsLSdqazlR20z4TLuUfubWXUB3Mw39R/jImufrCq/x14sOVkREREQWs6IrVkUk+XQ3N9LmPsJHER/KSnj/tIe28JU/Ii/B6/UyNDTEzMwMXp8Pp8NBamoqP/jBD3A41s4UtF6eUyS55bGjws2Xg8NQAvfbeyk8kAeD4XVmV4eCtTWfwrByN+/uiGcdZx6VZ5pmX44M0Au8G8edZnoBCB661VC70OFaL9/PHL3X+MfuSt4vMcfwq5dpQ0REREQi6NOeyLrWTUcbeE7H+DBXUsPlpsi65qnLJs/p4GoeM43Al4UeaGuztipGnswcvv3Q4/FE9hOxxdFNTfAU5RhbMt9XhHdVefr0Kd999x2bt2xhU1oaaWlpvHjxghcvXvDw4UPy8/N54403Yty5TCd8L3Yy9zJ56eeM3t4bEvb/weu2Qu+RyErJyy+k97P7DO+AL3s9/LyEqMBqZOobt/vl869Gbq13s/SWSni/qYn3rb/z/rp1R8wUPK/eD+acfhpONNbGmMdFRERE5GUpsCqyng0P0o+bd3MXrUjrhUb6j5zncigP3QVaw4IxvW1Q19REifWhtaG5zNya2N1MQ1swQGaWQTC42s0nZ80tjr8qwQyanW0mPxRMC27JVMRntXn69Ckjo6P8QXExfr+fFy9e8PTpUxwOBxkZGRRv305fXx/APMHV13/C93IIf85waVaA9Y033lj0OVcsiCqyHpSU4en9jH+8Cb2eA5ib6cN036S5N+xLGyvv95INt/LbtugvA9sXu4nWC2fpPxAd0Myl0A39MW95mX7mUVLD5aYaq9kLfNDYTLnynS+TITqu36aHYvYcLmdLRFEH12/3QG45+/cWk/HKXXVw/TZz+4lzjOw5TPnSbhQREZEFKMeqiETobg7mfTP/fNKNeQBIr4efB6M/eZX83NPLl2FHGLuPVFkfzvLID9tV2d3ZBp6yUFnlAU94IW3uI/w0+KmupIqasPx48W/JlGTi9Xr57rvvePvtt3n27BkPHz6kv7+fx48f09/fz8OHD3n27BlFRUV89913eL3emO28jhO+l1P4cy5ksecUkeVUQrmnl7a2Xjxl84UM+xkcBhim9bNX+bKml37rTNbum7FWn0czUxW0NV6IzMXafZPm3oXmuzj7yS3ATWSO2WDd4dYLnLjQGgoy5+UXgruARb9XlSXIJTe3h2+GIq8OfdOTmOGIiIjIitCKVZH1LC+fwuAHNuvzXHTuN8DK6dZm5oEL5xmBBT+WDTPYD+6KsDq5BbgZMEsH+6G3jQ9qr0Xc5R4cXrhZSWpDQ0Ns3rIFv9/Pt99+O+eU2EAgwLfffsu2bdvYvGULT4aHeXPr1jntvPIJ33PMl87i1Z4zHgs954IWTJXRzrtHCmm+Zj6R+8h5/owrfHCtN/Q69D4k6D0SSYSSMg+0QXms392SKmrcZ2k+W0szbmpOH8Hd2I6VlnXxdhsbOdFvpiL5uecaDdbWes/p03jaGs35dIH5K6/yDJfzmzlxtpbm0FUPdU1nQv3H3U/ewnXdR47goT3Ub91Abdh866bmfM3C6VRkyXJycun5Zojy0NwwxdOxXIqLoWdsmTrZUs7hw8vUlsg8vvrqK35UUoIzNTXiundmhu7ubnb++McJGpmISPJRYFVkXSuh3AMNn7Xy04XyVeYW4MbDz2NuGVzoVGFz9WrvQFjk1jp4A4IrZipi58rUYcWr1ouZGTZZeUajg6pBgUCAFy9ekJqaytjYPJ82c3fwrvtaKB2AecL3cXIJ3wY7e8J3ZR5WAPEm3ZXRv6uLp7N42eeMx/zP2WsFeGbNBjMXS5XRS/PAAXNrb3czJxrP8tdHzNQZw60X+OBa8H1I3HsksjIiD6SKzhGeV3mGy5WhV1SeaaIy7O7KpuCrSn7VFF5ifdkY0W7NbLuhLyItTcFO57YT1WhEO4uVz99PHHUrK8OqRpXJsst5exu5t79hqHyLuU1/6jEP2caunIeRgdVgegBLbvl+9hZnwFQPtz4fI6e4h54eKN5zmLe/uc5diqGnh5HccvbvGuPzsFQAUz23+LxjJNhQZLqB8H6Ki4lMWiMS21dffcW9e/f4dmCAPXv2hIKr3pkZbt++zdj4OAbwYwVXRUQApQIQWfdKak7j6b3GB82RW65bL8yuWiNvB++62/htaO9iN5/U1vKb1sWjn+bKoc9C2x4jcmSWlOHpvcY/BrsebuU3wfQDsmr5fD7S0tIW3fru9XpxuVwL1DO3zfYPDgPD5gnf+dERPjOgEgz8mSd8xxBHOoulCj5nPOZ/Tjc155u43DT7J7RCNI5UGTVVVmFuAe6w1Bl54fk4EvgeiYisKxlb2RaWDmDq8UPYtjUqr+oQHbfHKN9/mMOHD3N4TzEjHV8zm0Ggh7Gc/Rw+PJsLdaQHdh0+zOHoHK1DHXzekcOew2Zbe3I6+LxjKKyfHor3mGX7c8ZQUgKJx49KSsjOzmZsfJzbt2/jnZmJCKpmZ2fzoxJtZxERCdKKVZF1zzyVuLy5lhO1YZfdR/ioKbiSNI/KM6fprz3LieAuQs9pc1XbYktLS2r46MgFPrBW5bk9nrATjUt4//wRfnO2lhOhbs+bgSXFclYth8PBixcvcDqdC9ZzOp1MT08vWG/ZTvheMJ3Fyy3HDD5nPMHVxZ4zluVLlZG490hEZH3JYOu2XB4+nYIt8PjhCDm7MuBpeJ0tlB/eG3o19XQMyAkrz2Xb1qgjrorfjnlQ1dA3PeSW7w+VbXmnnNzPrRWzQ9+Yh2lZhRnFuyjuuP3KTyhrnzM1lff27OGfrEDq7dvm700wqPpe2CpWERFRYFVELItvETQDsO/PuT53W2XE1kmit2ECNRGFsbdMznddkp7L5eLFixdkZGRgt9tjpgOw2+2kpaUxMTFB2kL/OF+uE74XTGfxcoLPGW9gdcHnjGHZUmUk8D0SEVlvMt7IYeTuY6a2wsORYnZtISqwOkXPrc8J7d7Pfdmk8lM8HYORns+53hF+PZenU5DxdAxyt4WtcM0gJxeWK9WrrG3RwVVAQVURkXkoFYCIiCyrLZs3M/Tdd6SkpPDWW29ht0dONXa7nbfeeouUlBSGnzxhy4IHQC3TCd+vkM5iPsHnjMfizxnDsqbKSMx7JCKy7mx5m+KRh3z99UNGYq00HfqajpHi0Pb9vbtyYrUShwzeyDHzsx622jL/7KU4wwzwMjLGVKj+FGMjL/tQsh4Fg6vZ2dkKqoqILEArVkVEZFk5HA7y8/Pp6+ujqKiIbdu28eLFC7xeL06nk7S0NFJSUujt7WXr1q04HAtPRctzwvdC6SyW5znnE+9zzrVMqTIS+B6JiKw/W3i7eITbPVC8Z74v1MZ4OgVbMqboudsDL3ms1Ja3ixm5/TVDxeEHWeWYB1tteZtibnO35x3zYKyhb3j5nmS9CgZXgz+LiMhcNsMwjOVscKKh4hVbOEd63T5SQq/78DYcZvoVW10JzoO3cBVmzbnuv1fBs5vL3FnVdbJ2Yr434T8vczcrJdZvYfSl6F/VueXx3WtEXF98PPHcG3k9dv3we3746w6WQ29vL1vz85elLZHl9vTpU7777js2b9lCamoqLpeL6elppqenGX7yhK1bt5KVNffvzNVmvTyniMh68ujRI1wuV5y1h+i4fpec/eZqUYY6uH4bM8CJFfB8uI39e4vJiEgFkEv5nm08vP2Qbfv3UkwPtz63frb28A91XOc2ezgcPMkqVtvBvALkUh52L1M93Pq8A7OrYorpgV2zh2LJ2rWsH/Dj9GJ6mjfffDMBPYuIwOPBwfnPkngFjx49WrROcgVWSy+RubsU+i8y+ekNIBisHHn1oGHpJTJ3b8d/Zy/Pu16+Gdexdpx8wcTHH84pcx68hWvzA6YvnSR09nPVdbJ2FsUZXDWDysRTV4FVBVZRYFWSn9frZXh4mOmwFaupqan8YMuWl1jBmbzWy3OKiKwXSwusiiQXBVZFZL1JZGA1qT7tuf6oFNvoF0xYQVUA76d/g+PkKRwHD0HY9VXj5mGmN97CVXwJ582wgOsytDux3KtgRUSWmdPpZOvWrYkexmu3Xp5TREREREREZiVRYPUc9k3gvxe9EvQGzy9FBlQjttxPd4VWiJqrSfvwbyqyUglM4Luzl+dd50jfXYoNcOy+xQbMVauuY+04NwVbDda1XlqrZ21hZb7iW1b9fWQdI+aq1Vi834/gKtxECpiB1RhtP+86xIaTVgqEne2kY61atVa8BhnB1bzzrlI9xIaTp3AEv2Afjb26VkRERERERERERF6effEqK6R0K3YmMJ4sUq/qupUaoIKJhov4KMV17Nxs+aZcjDsVTDRU4B3NwlFxCScf8uxOF0Z48LTqOs70LqYbwur+UbAdMxAbuGeWTdwbwbH7Oimf7sU7ytKDlU9GMcjFVjp/2y5u8PzSF/gJz8l6jvSdufjuBOv2YSv8GQttSnIe/CWOZ1+Y9Rsu4kvfR3pV/EMVERERERERERGRxSXRitX4uN4sgtEvrFWaN3je8zOydu6YDTaOtoVWnfqnJnCmz9NQxFb6Q9jSgWfWy6odpNCH9+bcuq+caalqBynTXUyH2v57fMWnsFcBc7b2f8izhtlXzo25wEh0pbk2edhQCs+75q72FRERERERERERkVeXPIHVrscEdpdi27xQJTMAajx58Or9RW3HN8L20zs35sL0A/yv3otp8yZsjGB0gfNgLriKcNW1RwRpjY2HYtwYua3fmJ5YtCvvp3vh4C1cu9vJ2g1zUhyIiIiIiMiCUux2DMPAZrMleigiyc8wsNuTZzOsiMhKSp7AKh8SGN2H881zQOQ2ezN3qrn93nh2ClvG9lfuLXRQlrWl3+zDNCcn6qv29WYRTHfhD7a9+UEoL2ykc5Evq36Gw9U3m0fVyqu6GO+ne0Ntu46146y4hLNrGQ/OEhERERFZwzIyM5mamsLhcCi4KrIQw8Dr9ZKRkZHokYiIJEQSBVZh+vddOHbvI/PgA/OAJjBzoW6awHfHDIBOP+rDaW39n+YQG4pnUwMseZt++lacgLf0Eo5NwKh1/eZ9/Dv3zW7PL71E5u7t+O/sxVhqH1XXcW4C/z0rsGm17azCTDVgrZwNhPKqRrNys3ZZz0rfgt2FB6HBSofAYwVVRURERETilJmZCcDU5CT+QCDBoxFJXna7nYzMTLKs/2dERNabpAqs0nWSya5zpNedIqvulHWxD2/DXkI79W8eZnrjLVx11grT6S6m4zlIqqsNf0Upjt3tpG+u4Nnvu3DsLjW35E934e2fwLnZCrTyIc/ubCVzd3tohaj/XoW5nX5zH86d+8g6uTX2qlNXadQ2/wl8dyrCtuLPbdvov2gFVa1Vuzvbydx4kclPzfyrjt3tZO2ewHevC2PndusQrNimP76I7eQpsur2hb1/SzhoS0REREREyMzMDAVYRURERGKxGYax5EWYC5loqFjO5mSdiPVbGH0p+ld1bnl89xoR1xcfTzz3Rl6PXT/8nh/+uiN2x0vU29vL1vz8ZWlLRERERERERGS1eTw4iNvtXvZ2Hz16tGgdZZgWERERERERERERWSIFVkVERERERERERESWSIFVERERERERERERkSVSYFVERERERERERERkiRRYFREREREREREREVkiBVZFRERERERERERElmhlA6s2xXFlfbDZUxI9BBEREREREREReY1WNtLpTFfASda8lBQHqRsyEj0MERERERERERF5jRwr2pvvOYG0LHCkgU0BVlmYbZHXySgQ8OObmWZmcjzRQxERERERERERkddoZQOrAT+25wo4yVyGEePanDrGIuXx3WtEXF98PPHcG3l9nkZFRERERERERGTNUNJTERERERERERERkSVSYFVERERERERERERkiRRYFREREREREREREVmilc2xKiIiIiIisgqMjY8zPjaGz+dL9FBElsThcJCdnU1OTs6C9b76X19hs82eHfHj/+3HobLuf+vG652JWfbV//oqop3wMhGR9UaBVZF1rZtPahtp85zmck1J2PVhWi+cpf9AE++XzHtzDOZ9X1ac51eVecs8Vkt3Mycaoa6phpLwn19Pb/KSJicnmZycJBAIJHooIknLbreTmZlJZmZmooeyyllzWfRl9xE+OlPJa5qN4jQ7NveRyLlxuPUCH1zrjarvpub8GcxqS5hTh1v5zdl23g3dK69qbHyc8fFxUtPSSHO5Ej0ckSUJBAKMjY0BLBhcNYwAu0r/GBvQ9S//MqeNd3bsIDU1dU6ZYQQo/eM/hhj3iYisNwqsigi0fUZr1ct9GBtuvcAH7RUJ//CaLOMQK6g6NYXT6QSbLdHDEUlehsHk1BSAgqvLwHM6/MtAMyj5wQXimhde1xwy3PoZbQsFeKPKhlsv8MHZZvLj+MJQ897rNT42RmpaGjbNY7IK2e12UtPSGB8fjxlY/X/u/VcA8vz/Du/MDAB+fyB0HSDH+w5erxebzTanLM//75iJcd9/2vl/vrZnEhFJVsqxKiK43dB8pZXhV24pj8ozTa9vtWq0khoua7Vq0pmcnMTpcCioKrIYmw2nw8Hk5GSiR7IG5VF55jSe3mv8Y3eCh1KYH3fgM29HBW76GRyGFZ9TJYLP51NQVVY1u90+bxqLgM+g4K23InYWBQIB3nwzP/TH5nfidDoxDGNOWfR9BW+9RcBnvPZnEhFJRlqxKiIUHjhAYWMjf926Y94PcN3NtTSE9llaWxVHmq1tjL3WqqAd3I/Ythi5PXN2NZG1vbHQA21tmBshPRFb+mP2Fz20YCqA09AQPo4DA3zwWUHYKp5uPqn9jEJtkVwRgUBAQVWReNlsSpnx2uRS6IYvB4ehxJoN4prLzLkjou6clDnhYs91s1v9GznR5okrbc3w/XZ63RX8WXQqgB33+c3ZAQo9bbS1gedPPbT997AxH7cauN/MiWttcYxZRNYzn8/AZ3gJBPz8S2dn6PqLF97QzwFm5i3z+30RZT7Di0+BVRFZpxRYFRGghPdPezjReJPuyhgf/Lqbaeg/wkdNYR82b3ZTWVPDR0f6w7Yihq95Hab1QiP9R85zuTLPCoJeiAhu9rZBXVMTJdaHx4bmMvND4Lz9zfMBsSR6HN14ej/j/nCl2Vd3J23uCj5SUFVEZB3JI78QegdGgLwlzGVmUHS2rjlH/aY1Vq7TBea6yjN8xCLb9Xuv8UHttbALHuqa5tva30Z/wXkuN5mlP3WGjXm4FeileeAAl5tqrJyrjXxSttRc6SKyHvi9ATAM0v5gMKpk9otxh/vJ/GXF30UWGTazTRGRdUiBVRExldRQ56m1gpu5c8ounwm+GGawHyhcpL3h+3zZ6+bd49bHw5Iqatxn+fL+MJWV5iX3kSoriGt++H2l/iIHTLmnl9/eH6ayMo/uzjbcFeeVg05EZD2Le24Z5n57L54DZ6x5I4/KAx6aP7vPcGVU0HPBuS6OWSc6/2p3MydqL8TepYGbd3cs1KabmioripqXv7RpU0TWFb/XoOf+o0QPQ0RkTVBgVURCSqqO4D7byCdl5yM/kA238puz16wt+27c7jgaGxmgl0J+/jLRzJfpL0pJmYfez+4zXLmDwX4371YprCoisr6YwVN3hfVlYdxzywj9vdDWWBva3m/yYK19Dav6CnNdLDG+hBQRWW7F2e+y5Qdb8Pv9y9JeSkoKQ98NLUtbIiKrjQKrIjIrr5I/O9LOB5/dxBN2ufvmNXrDcrV1N9fSsFhbuQW4aScstV3cXqq/aCVlZjqAbviSYL46SWZTPbf4vAPK9++lOGNFOuTW5w/ZtlL9icjKGr7Pl71QeMDKrxr33GLmZvUciGMb/SvMdbK6jXde4WLLQOh12dF6qotmy/ta6rnaGausj5b6q4SyUxZUc+p4Gdkx7oMCqk8dpyxYGMP8/US1VXaU+vDC+R+MKxcHea++mtnakWMuqD7F8YUGJauAQXa2+d/QMAwMw8But2MARiBgHtxms2EYZt5Uu/WzYRjY7PbQfTYIHfI29N13sToSEVnzkiiweo70un2kxCqa7mL60km8scrWCdexdpybZl/771Xw7GbixiNrV17lcWraz9LcS0Rwlf5Bhikhb7iV37YRVRiroR286742ux2y+ybNvW5qjudBRC7WeSy1vznMdAANjb3gOa00AElviscPobgYHj6eoliRThF5JcO0XrlGr/sIfxYeHI1rbsljR4Wb5s9a+Wn4QVb9R+bmSl1wrnsJS50rJTH6WrjYks/R+uNm8LGvhfqrV8gPBkH7WrjaWcbR+mqK+lqov9rCzvpqihin88pVBqtPUV+WDYzTeeUiF1vyqK8uYrzzClcHqzlVbwZaxzuvcPFiC3kRQc7IccTux7w3VIYZZL3SuUhAdLyTKxdbGKAs/GLkmMc7uXLxIi15kUFcWV0MA9LT0wHw+nwE/H5S09IIBAL4vF5SHA5SUlLwer1gGKSmpuLz+/H7fDhTU837vF7sdjtOhyPUpojIepREgVWTAobRDrHh5CkcdDHdYAWXSy+RubuddF79vXIda8fJF0x8/OFLt+E8eAvX5gfrPvi9dli55BpnN0CaKQKsAzbcR6g74qah3fpwuqMC97VrfFA7QF1TVWQ7Z07TX3uWE9a5HJ7TTTFyxs21YH/zjTpiHOYBXCVlHmhrw1OmkzuS3tDXdLCN/W+P8fntrxkqLmfL6+4zo5i9h4tfdy+yznz11Vf8qKQk9MEzyDszQ3d3Nzt//OMEjWztm7N1P2x1KixlLquhpPIMdQO1YQdLzXemKWVYAAAgAElEQVSo1MvPdUCMw6vivz9izOcL4uxQlkVRNfX14a93UkYng+NANvTd64Syo2YwtOgnVBdc5F5fNUVF2ZQdrw8LW2ZTvKsA7g4zThHZZcepD4tpZhfvooC7DI9DUYx46Pz9jNNzd4CC6l+EArJFP6mGv+thvGx2dWy44ArcsrIyBjrDS6LGnF2MOeR5BiWrhEEwDur3+/F6vaSmphIIBPB6vdjsdlLsdnw+H4Zh4ExNxe/3M+P14nA6wTDMAGxKCg6HI9SmiMh6lHSBVYlS9TMcrj68DWFBy66TvCi+hav4Es6bCmbKqyjh/aamGJdrzFOFg/Iq+VVTeLK3Si5Xxi4rOdNE2Cveb2ri/Tkd5FEZUQ9Kapq4HE9/JTVcborx85x7sLZoeihXXDXpDX3TQ+62/WRseYNibvPNUDlbgpHVoQ6u34by8jE6OkYAKN5zmLe/uc7tHkKvy636ZkoBsx655ezfW0xGsJ27UEwPPSO5lL+3jYf/FJ4KYIiO67exmoxoc6hjti/InU1XYI2tuLiHnp5gl/vZqxW369JXX33FvXv3+HZggD179syu6pmZ4fbt24yNj2MAP1ZwdZnNN9dEWcJcBta8VEMc5u8/r/LMbB9LKLNqhM2VMea4qDFHls8zv8sKGGd4EAp2RQYdB5c9ELlQP/PcMjCIFfudK+89TtUXkd3XQmdnrArBbnu4O1DArl8oqLqaGYaBEQgAEAgEMAwDn99PwO8nYBgE/AF8Nj+GVeb3+0P1/H4/GAYBw8BmGASsdgwtWRWRdWp1BVarrpO1E3z9uTgKswBzhWvgzdlt8uErXp0Hb+Gy6kWkE6i6TlYx+CkixTWB785ennOJzN2l2ACm+/BThP3JRSY/vQFEbcUfnV3haa747MO/qchKY2C112XVLQ1rN1i2+TpZxaNhKzzPkV7nwQi/z+J6swhGv2A66q3wfro3MqAaq5+u4PXtBEYhZVNWxPidB29Zz7SPrGOYz1R1nayds/8aM/pn34PodA3+exU847r1HpfiOnkJLp3EG9FG1PshsoKG77fT6zmA4qrJbohvenLZtj8DyOCd8lw+/2aI8i3ha1Z7eMh+Dh/OMAOnt6/DnsMcLreCnnd7eGdvMRlDHXzekcOew3vZgln2eccbHA5GSEd6zPu2AFM9PAy1P0XPrduMle/ncHGGlX/1Fj3791I81cHtsXL2HzYDtEMd17n99RDFwTbpYSzHHJsZaP1/6dmqvK3r0Y9KShgYGGBsfJzbt2+zZ88egFBQNTs7mx+V6G8kkbVmvPOf6KSMo2EBzfy8YOAxm7z8+e7s43ct5srSWGHKvt+1MFBQzUIxzNj9mD8PtPyOvjIrFcDvWhigYN7Vr9lFi+3rN9MWtAwAZUc5rrjqqmYYhAKiPq8Xvz/AzIsXGIZBwO/Hywx+v7liFWDmxQv8fj9+nx/vzAyGAf7galaHA1tYPlYRkfXGnugBREvZ2U5WXeSf9PDdxRSRwt8w0VDBdP8EKTvbsT+qYKKhAu8opBRfwglQdR1X4QjeBqvsWSmuY+dmm3EVQU8FEw17ed51iA0VpdB/kYmGCiZ6IMU1W9V58BbO9C6mGyqYaLiIL30fmQcPzVbYlItxJziGLBwV1hg4R/ruUgL3zLKJeyM4dl/HdfM+ftd2HKXW/VU7SJl+gG9O8PEQtnQwph4s8q5F9jPdj9lPqDyLFNrMMdzpwti0j/QqKzg7Slig+BzpO3Px3QmOtw9b4c+sdg6x4eQ+7MH36E4X9p232PDkMNP9E2GB6+g2RsLeD5GVMkzrhVo+uFZIXY2CGElv6Bt6ineFApEZW7eR2/MNkWfLFrPLqpDxRg5QzNtWXDMjJzesqR5yy98JpRHY8k55VFuz90WYeszDkVy2bQ0Oopi9h63g6JZyDgdXvTLF07Hom2fHRkYOudHFsm44U1N5b88esrOzQ8HV8KDqe2GrWEVkjehrMbfQH50nD+q8zNylnQXV/CJG3lMzR2oB1b+IvXV/MUXVp6gu6ORqfT319fXcy6/m1RJGmCkB6utPUT14lfqWvldqTRLLsFaaBgIBAoaBYQQirpsHVUW/NusZhoGBEVr1GmxHgVURWa+SbsXq4jlW+/BZKyi934/gKhwhYNX3T03gNHNw43qzCKP/Ymil5/Tvu3Ds3oELrGt9ofso9ZDimsDfY63MvPn3+IpPWSszD+HYnIW/J7i69AbPe35GVrEHJ1b90bbQiszwMVC1gxT68Ab7uXmYCetn12g7juJD0HXDHOuTv3/5Lf1R/Xg/bcNZtw97FfAEYALf760cql2PCeyer6EPeRZ2PK5zYy5gbaeNfo+6TjJpPbNzTorCLBx/dA66Pox4ZpGVMzfVgCSrKXru9sBID9d7Ikvu9ryzxC31ZtBzpOdzrneEX8/l6RQL52ydGmOEHHbF6m6qh1ufd1h/G+aSq8ipLCAYXP0nK6AKKKgqslb1tVB/tZOyo3MPcprd+m9u2Sdi1aq1+pNqTh2fGzg1851CdfAwLGZzoJrKOFr/k0X6icqN2tdCPfm8l20eZHU1uN2/IPYY5pdN2XtltFy9R1910RKDyZI8jFAg1G6zY9gCpKSYn35tNht2ux2HIwW/31yx6nA4zPo2GykpKWZKAJsNm83cL6mgqoisZ0kXWF0e5kpP26ZTZNWdCrs+ga00RvXNm7AxghFzu/p2bC5rJe3OyJKUWNXDODfmwvQD/DHKph/1WcFZsKVP4P/9jRi1bmA8O4UtY/tL97M01kFZ1lJXY3pitmjB9yicGZxNr9tHVt0+89Loqx2OJSJr2NRjHo4Us+dw5GFVUz23+PzhY6aKgytF45HBGzmQu22eHKdTC92aQy4PzQBs1K1DX3cwUrwnlE5gqOM6t+Mek6xH4cFVQEFVkbWor4X6q4NUn6oncsFp7K3/s1v2raBq/lHqo6OxBAOo+Rytj1wBG32wldnoQv1EtWsmZCUbyK6up756/kdbTHhbsjoZYblRfT4rFcDMDIFAwMyhipkqwOfzYQAvwlIBzMzMWPf5rACsw6qv4KqIrE9JlwpgedzAeGbmB52wUgGYf+bJ9flkFIPc2EFXHmBMmytpI9s6PCfvaTTv9yPg2hQ7ABtMB1DlIYVYaQBM04/6YNOOsG39lqrrZNWZ2/0X7GcpQgdlmc842TMyW7bgexTtQ54F36ew1AMiItGmHj9kpPjtOatJM7ZuI3fkIY8XCobGsOXtYkY6vg5t/Z/qucX16x1RaQViyNjKttwRHoY6HKLj+nU6gjeOPTXjslM93O2J3YRIuGBwVUFVkTVovJMrVzspO3qcGLv4KdpZZuY3Bej7HS0DZQSPH+hrsVaqxgiqmmkFoPpUfGkFFupnvPPK7Hb98U7+rmWAsvdeJq3AOJ1X6rnSOR4cpJkXdlexAqurWDDHajCQGgj48fn9ZvDUH8AfCJivAwECoetmPX9Yvdn7A4l+JBGRhFmjK1atFaE7f4aLG0wTPMhqBG+sgGhXG/6KUlKsrflmgBHM79xu4HvyS1zFl3DeNNMBuI61mzlXL51ceBA37+PfaW3Jv0noICn/nb087/qQwGg7zp2lMPrF/GkArLQEzpOX8IcfdrUzLNVBVD/Og57Z1ABxBULDWcHTrkNsKC4C+mK/R9ZBVtyriHGIVvAZsVIPTGA8Weo4RGQ9+LpjhOI9MTbpZ2xlW24HHV8PUfz2EhrcUs7+8lt8fv26dSGX8v3lC6cBMDukeO8exq7PphHILd/P3i1ARjm5n3fw+fUOyC1nT3kutx8+ZYotS1hNK+uRAqoia9N4z10GgIGr9XSGXS+oPsXxsmwoquZoWT1X683SsqP1VqC0j3udAC1crG8Ju7OMo/XVWIW0XKwnojRGqgFggX4gu+wXVF+5SH397NhitrGobMqOH2Ww/iKhIZcdpT5WRFlWjfAVq3a7nYBhkGK3EwBsNj92m40Uux2/tdU/tP3f78duTwEMbDYiUgEoHYCIrFc2Y5n/BpxoqHjJOyNPnI/UZwZEq66TtZPZ4GjUa+fBW7g2P7AOUQoGU7OCI5s9nT66HbACgqXYAEa78KWXkvLkIpNWPlfXsXacm6LGE7zO7Fb36DFEtEtUDtmq62TtLIojr2x0/zFy0Ub0E/as0YHOsIDos5uzYzAPn2rDEUoFMIHv3gNSds69N/jfyOi33p9Q3+H/nWb/5Raqt4BYv4XRl6J/VeeWx3evEXF98fHEc2/k9dj1w+/54a87WA69vb1szZ/3qFmRhHj06BFprjnr7EVkHi+mp3nzzTcTPQwRCfPgwQMyMjMTPQyRVzI1Ocn27XPTynV2dPKHf/gjwNrmHwiQlpZGIBDA6/XicDhISUnBOzODAaSlpuLz+fD5/aSmpoIBM94ZUlJSzNfAv/3rv1FWHp2vQkRkZTweHMTtdi97u48ePVq0ThIFVpOJmWvU1rN4wPOVlF4ic/cmfHGkFVjrFFh9OQqsSjJSYFVkaRRYFUk+CqzKWjBfYLXjn/+ZH/3hHwLw/PlzAoEATqcTw9rab09JwW6347dyrDodDvxWmdPhwAD8Ph/2lBTSUlOx2Wz867/+G//+P/z7lX1AERFLIgOrazTH6lKdI73uFhuC2+arfobD9fq3rzuLt2Mbvb/ug6oiIiIiIiKyMgwDjEAAI5gb1TDMnY82W2iRiA1rkYhhgM0Gwe3+NptZZsymAAgoDYCIrGNrNsfq0nyIt/8Wrt3tZO02r/jvVcQ+6GpZmCtizYOiPnxdnYiIiIiIiIjMEQyG2m12DJth5k4NBLDZ7djtduz2FOw2P4bNht1ux7DbsQcC2O12MMBu92Oz2WaDryIi65QCqxbvp3vnP0Bq2d3g+aWFc46KiIiIiIiILDfDMEh1OgFzm79hGGbwFEgNOM1DqWw2HE4zXGC32TCseja7uenVmerERuQBViIi65ECqyIisqzMlQzWtjERWZj1YVZEkosjGETSXCarVCAQwOGY/+P+V1/dW8HRiIisXQqsiojIssrMzGRyagqnw6HgqshCDAOv10tGRkaiRyIiUbKzsxn//ntSrYN5RFaTQCDAzIsXbNy4MWb5f/jf/8MKj0hEZO1SYFVERJZVZmYmBuZJtIHgoQgiMofdbicjM5MsnTwuknRycnIwgO/Hx/H5fIkejsiSOBwOsrOz2bRpU6KHIiKy5q1sYNVmB0MfsmXts9lTMAL+RA9DJGGyFCwSEZFVblNODptychI9DBEREUliK5vUy5mOzZ6yol2KrLSUFAepG7StU0RERERERERkLVvZFau+5wTSssCRBjYFWGVh0dmsVkN2q0DAj29mmpnJ8UQPRUREREREREREXqOVDawG/NieK+AkcxlGjGtz6hiLlMd3rxFxffHxxHNv5PV5GhURERERERERkTVjZVMBiIiIiIiIiIiIiKwBCqyKiIiIiIiIiIiILJECqyIiIiIiIiIiIiJLpMCqiIiIiIiIiIiIyBIpsCoiIiIiIiIiIiKyRAqsioiIiIiIiIiIiCyRAqsiIiIiIiIiIiIiS6TAqoiIiIiIiIiIiMgSKbAqIiIiIiIiIiIiskQKrIqIiIiIiIiIiIgskQKrIiIiIiIiIiIiIkukwKqIiIiIiIiIiIjIEjkSPYBZ50iv20dK9OXpLqYvncSbiCHNw3nwFq7ND5JuXCIiIiIiIiIiIrIykiiwavLfq+DZzeCrQ2w4eQrXyUuw5oKYZiCZiOcVWVmPBwcTPQQRERERERERWee25ucneggvJekCq5Fu8PzSdtLr9uGsAq8CkCLLarX+xSUiIiIiIiIikmhJHlgFeIAxDSkbDwE3AGsrfmGWWRyWKsB1rB0nXfjSS3G4APrwNhxmOthU6SUyd5diA2AC3529PO8KXt9OYBRSNlntjn7BxMcfWjeaK2fNNifwj0aOcL7xUHWdrJ3gHy0iZZNZbPRfZPJT2HDSSnuws510Knj2JHxs0St3RUREREREREREJJmsgsOrbmA8A1vGdvNl1XVchSN4GyqYaKjA+6wU17Fzs9U3lWLrscpGi3CevIQTgHOk7y4lcM8sm7g3gmP3dVyhG7NIoc0su9OFsWkf6VVmifPgL3HQxXRDBRMNbRAMvsYzHoqwT120+uzDVvhLNpTe4PmlL/ATDKAeYkNF2NjudGHfGT42ERERERERERERSSarILAayfVmEUb/34dWoU7/vgtj047ZIOR0VyhlwPTvuzBc23GUAlU7SAkr4+bf45suwl4VvHEC3++tFapdjwmEejyEY3MWxpM2K8frh3j7J+IfD334PjVX2vJkFGOBZ0sptoLAXSeZDF9pKyIiIiIiIiIiIkllFaQCOIQtHYwnD0I/2zadIqvuVFidCWylmEHLZ49nD7nqekxgt7nS1bkxF1xFuOraI1aCGhsPwZOF+t+OzQWB72+Erni/H8G1eXZs840nfjd4fgnzoK7g+MJTCoiIiIiIiIiIiEhSSf7AaqmHlLDApvHsFMaTi0x+emNOVdcfAelbcYIZkCzdih3wEwyGPogdrCz1LDCAGDleN+YCo5hpCuYfD1VzL83vBs8vBds4R3rdPtIOHsIbq10RERERERERERFJqCRPBWDmHrWFb+9/1Iet8GehVafOg7fIqgvLRxrc+g+4/qgU2/QDfF3Azfv4XaU4g8HO0ktk1rWH8qjO7wa+JxNhfZqpAYIWHU9czpEeMRYzmBu+SlZERERERERERESSR9KtWE3Z2U7WzrALo18w8fGHs69vHmZ64y1cde3WoVQT+O6Y+UhdAKMj2Ha3k7UboA9vw8lQbtRnd7aSuXu2faP/Is9uAots2/d+upeUY+04rT79o32Qvvh4FvYhgdF9OHe2k7nxIpN3uiLGxugXTNxcsAERERERERERERFJEJthGAudp7RkEw0Vy9nckriOteMkKhArq0Ks38LoS9G/qnPL47vXiLi++HjiuTfyeuz64ff88NcdsTteot7eXrbm5y9LWyIiIiIiIiIiq83jwUHcbveyt/vo0aNF6yR5KgARERERERERERGR5KPAqoiIiIiIiIiIiMgSJV2O1Vcx/XFFHLlNRURERERERERERF6NVqyKiIiIiIiIiIiILJECqyIiIiIiIiIiIiJLpMCqiIiIiIiIiIiIyBKtbGDVpjiurA82e0qihyAiIiIiIiIiIq/RykY6nekKOMmal5LiIHVDRqKHISIiIiIiIiIir5FjRXvzPSeQlgWONLApwCoLsy3yOhkFAn58M9PMTI4neigiCTU2Ps742Bg+ny/RQxFJWg6Hg+ycHHKysxM9FBEREREReQkrG1gN+LE9V8BJ5jKMGNfm1DEWKY/vXiPi+uLjiefeyOvzNJqUuvmktpE2z2ku15SEXR+m9cJZ+g808X4JdDfX0kB0neimmjnRCHVNNSxQK+4+ZfUaGx9nfHyc1LQ00lyuRA9HJGkZhsH4uPnvIgVXX5U5hzT3zl7xnH4N80ncc52IiIiIrAdKeioi0PYZrcProE9ZEeNjY6SmpmKzrYZ15iKJY7PZSE1NZXxsLNFDWeWsoGrhaS43NVl/TkNjLZ90J3psIiIiIrKWreyKVRFJSm43NF9pZceZSvJilJfUNHF5hfuU1cvn82mlqkicbDabUma8shH6e8FzIHwNaQk/PeLmg85u3i/R2lJZuomJCYaHh5l+8WLRuk6Hgx/84AdkZWWtwMhEREQkmSiwKiIUHjhAYWMjf926g19Vzg1zRqcC6G6upaHNKpyzpR9Cq4c4wkfzBE4X63Putk5PaOulOZ4j1PRfs8o91DWV0VHbSFtU3fjGKyIiq1cuhW5ojgqi5lWemf1S0NrCX3Okn+Zr5sTiOd1Eeefs/BCeOmC49QIfWPVwzzeXzZ3r5ptvuptr+S0eaGujd972JJl89913eOP80sPr8zE8PKzAqoiIyDqkVAAiApTw/mkPvddustiuyeHWCzT0H+GjpiYuN52npr+R30Ts6Tc/aH5ZcZ7LC35wXLjP4dYrYds6z1PjbuO34f20tcPx2bKG2k7Kre2fHmbrLj5eERFZ3fKoPH4Ed1sjJ2prOVFbO8/f8218yXEuNzXx0RE3bY21dJSZqQPqPND2WSvDAN3NfHCtkLrgvME1PmiOnqnmznWLzTe9bfDzpqZF5kZJFjNe74LldrudLVu2sGHDBgCeT0+vxLBEREQkySiwKiKmkhrqPG00zPnwGG6Y++29uCt2WB8K86g80xS24rSf31ofNGOvQo2/z7zKM2ErS81tnhE8BzC7yCO/EPCUWStUzZVL4eP1HKicHe8BD73t91FoVURkDcmr5FdWftWPjrjpvXaWE7XROVY9/Nyam/LMiYNya5rJLQhNHHR3toXNKea8QVtn2JeAsea6OOabUJuyKixyGGlOTg5paWls2rQprvoiIiKyNikVgIiElFQdwX22kU/KzlMYs4YZ4Cw8MF/QtBdwm6tQK+M7MXnePrubOdEY3E/pxu2OcfOizPG2NdbSFnHdwwhoxZCIyBqUV3mGy5XWdv7GZsqb4puPTMMM9oO7IneBOrHmuoXnG1lbsrKySE9PB+DJkycJHo2IiIgkkgKrIjIrr5I/O9LOB5/dxBOzgrka9MvBYSiJFZb08PMzNdBcS0NzWXy5TGP2OUzrZ224jwRXA1lbLpf8QOZ4PQdm8+bJ6tXXUs9VjlJfXbSEu8bpvHKRu7tOcbws+7WNTUQSqLuZE58VzMlbaq5KXSpzF0TvwEJfv8Wa6xaebxZLsyPJzW63EwgEAEhLSyM725xPRkdHmZmZSeTQREREJMGUCkBEIuRVHqeGNtqit96bpeyocEdsbexuruVE1Fb+kprTeNoao7ZgLr1P84Mt0H0z7BCrpTDHG8qbFxzvhValAhARWStKyvD0RudBNb+ge5nt9yVl4Vv/528ncq7TfLNWZWRksHXrVlJTU3E4HOTlmQH3Z8+eMTU1leDRiYiISKJpxaqIRDHzwjU3tsUurTxD3UAtH9ReMy+4j/DRmRLo7gyrVcJPj7iXsAUzus/g60ZOtAGe02Yu1gVXEM3TcvR48VDXpINDRETWjhLebzpP4YWznKidveo+cp7L8eT7ntNcDR8ducAHtbXBhvgo5g6MqLlugflG6QBWr6ysLOx2O5s3b8bv92O32/F6vYyM6L+qiIiIgM0wljfT+kRDxXI2J+tErN/C6EvRv6pzy+O714i4vvh44rk38nrs+uH3/PDXHbE7XqLe3l625ucvS1siy+XBgwdkZGbOX2G8kysXWxgAKCijjE4Gw7bq97XUczUYpy+b3fofkQrAaoPqUxwv7uHKxbvsOnUcs4k+WuqvwtF6qouUCkCS39TkJNu3b0/0MEQkzNdff43Nbsdut7NlyxacTicAgUCAx48fh1IDBBmBAO+8804ihioiIrLuPR4cxP1yB7Ms6NGjR4vW0YpVERFZQeN0/p0ZEK0vy4a+FuqvQsEuq7TzClcHqzlVX0a2FSC9kh8VFB3vtAKp9WYgdTwhDyIiIutAIBBgaGgoFFx98uTJnKCqiIiIrF/KsSoiIitnvIe7AwXsKrYCpUU/obogVEjP3QEKdhVjlhbxk+oCBu72zMZOB/8panWqiIjIa2CzhX4MBleHh4fnP6wqrL6IiIisH0kUWD3EhpPtZB48tMr7ANexdrKOnXutfYiIrErjgwyQT17MoOg4gwOQH7vQNAAUDNDyu77XNEARERFItbb+BwUCAZ4/fz5v/Q0u1+sekoiIiCShJAqsrmbnSK9rJ70q0eMQEUly2fkUMMhwzO372eQXwGDsQlPZexw/fpSyzqu0KLYqIiKvyQ9+8ANcaWlx1XU6HOTl6VhMERGR9Wid5Vi9wfNLN157L9MfVzD92nsREVmFsovZVdDC3Z5xysqyoe93tAwEc6xmU7yrgJa7PYyXmTlWf9cyQEH1L4hMpVpE9dEy6q+2sLO+mqLsPPIZCGvzHp1AWYIeUUREVr+srCyysrISPQwRERFJckkbWHUda8dJF770UhwugD68Dfex1+0jheDrw0wvqe4hNpw8RcqTi0x+egOs1+Y9E/hHISX9AdOXTpJyrB0HfbCpCNt0F9OXTuKtuk7WzqLQGI3+i0x+ChtOWv3sbCedCgJvtuPkCyY+/hAA58FbuAqtf5gF2wKouk7WTvCPFpGyKbzN1x/8FRFJjGzKflHN3YsXqW8ByqqpLoC7wdKy4xwdrOdifYt5oeyoechVtKKfUF1wkastO6mvNnOxXmyJbHNwhZ5IRERERERE1qekDawCsGk73KlgossMgDrrwNtQwTPOkV63D8fBQxAMQsZVN7J558Ff4qCL6YaTeK164UtNbZvMNsxL50jfmYvvTgXPu7CCoj/DxWGeX9pu3nuvgmc3wXUsrJOq67gKR/A27A0Fdl3HzuG1gq5QhH3qIhMf37Da/CUbSm+YfYiIrEXZZRyvD64nHafzSmRe1aLqeuqr595WVF1P/WwjlB2vD61KzS47Tn3EEtWymPVERERERERElkty51gdbbMCjDcwngGj960g5wOM6L32S6kLwCEcm7MwnrSZq0f5EG//RFSb98PirB/yrGFvKODp3Jgb1yO43iwKa+cGz3v6YNMOZtPb9+ELBoefjGLE1aqIyGrVR0v9FTqD+/r7fkfLQAH5C5xXJSIiIiIiIpKMknvF6mu1HZsLAt/Hu+0+PG0AGNMTC1e37rGlg/HkwcsOUkRkjSniJ9Vw8WI91mZ/yo7WE2u3v4iIiIiIiEgyW8eBVXMla8rGQ0AcwdWqn+FwzeZ1DeZHXdgNjGensGVsf+XRioisFXO37YuIiIiIiIisPsmdCuC1uoHvyQS2zR6cAJzDWbjYyZ+52EoBDrGhuGiRuqbpR+Fb/637IlIMiIiIiIiIiIiIyGqzjgOr4P30b/BRiquunay6HRjROVbD3fx7fNNZOHa3k1X3S6YLrvgAAAEASURBVOjpwggFWj8kMAopO9vJPHgo6r7DTPfn4qxrJ6vulHlYVujgKhGRtcfhcGAYyhgtEg/DMHA41vEGIhERERGRVcxmLPOn34mGiuVsbkU5D97CldHGhAKfKy7Wb2H0pehf1bnl8d1rRFxffDzx3Bt5PXb98Ht++OuO2B0vUW9vL1vz85elLZHlMjY2xvj335OamorNZkv0cESSlmEYvHjxguyNG9m0aVOihyMiIiIisio9HhzE7XYve7uPHj1atM66XiLhOtaOY+oik5/eIJgKwOjXQVMiIq8iJycHA/h+fByfz5fo4YgkLYfDQXZ2NptychI9FBEREREReQn/P8Y1EH3M7QkZAAAAAElFTkSuQmCC" height="600" width="800" />
<img src="data:image/png;base64,iVBORw0KGgoAAAANSUhEUgAABVYAAAJcCAYAAAASBf/6AAAAAXNSR0IArs4c6QAAIABJREFUeJzs3XecVdW5//HP2nufMmd6Y2aYoQ69gw2VItijxhpbDIoab665SbwhDZOIXG9Cmi3+0jQ3EMTYRRETMQoqWOkiDEiRDjNnejltl/X745wZZmBoiVKS552XCXP22muvfWb7R748+1lKa60RQgghhBBCCCGEEEIIAcCUKVMOO8Y4BusQQgghhBBCCCGEEEKIfykSrAohhBBCCCGEEEIIIcRRkmBVCCGEEEIIIYQQQgghjpIEq0IIIYQQQgghhBBCCHGUJFgVQgghhBBCCCGEEEKIoyTBqhBCCCGEEEIIIYQQQhwlCVaFEEIIIYQQQgghhBDiKEmwKoQQQgghhBBCCCGEEEdJglUhhBBCCCGEEEIIIYQ4ShKsCiGEEEIIIYQQQgghxFGSYFUIIYQQQgghhBBCCCGOkgSrQgghhBBCCCGEEEIIcZQkWBVCCCGEEEIIIYQQQoijZB3vBXxW6mL1bG/axdaGbexs3s3ulj3UxuqIuTE87YFODVTgac3ZJadzx7DJGEqyZSGEEEIIIYQQQgghxNE5qYPVhJtgTXUFi3e9w5rqddTF63BJhqgKhVIKAKVAaZXMVhXYns0pXUZKqCqEEEIIIYQQQgghhPiHnLTBakXtRp5a/yyrataABgOFMgwsTCBZlep6LrmBHDw0LXYzSikcz2FEwTBGFg07zncghBBCCCGEEEIIIYQ4WZ2UweqG2k38+N3/xfYSmIaFUhqdqlL1tIfjOeQH8zmndAwJL8E7e95PVqtqjQfcNOA6LOOkvHUhhBBCCCGEEEIIIcQJ4KRLFxvjjfx82QM4XgLLMNHJRBWtNLbnkOXL4Nq+VzEgrx9Ldr/Hgm2v46ExlCLhJphQOp5+ueXH+zaEEEIIIYQQQgghhBAnsZMuWH15y6vsiVQRMoNtn9meg6Usrup9GV8s/wJ1sToeWvk7tjftwDKsVCWrxmf6mTTourbeq0IIIYQQQgghhBBCCPGPOKmC1fpYA69sfY2A4UcDWmtc7TK6+HRu6H8N3bPKePXT13ls7SwAfIaFBpRSJJw4kwbcSEGo4LjegxBCCCGEEEIIIYQQ4uR3UgWrm+q30JBoJGj4sbVDXiCX2wffzNmlZxB34/xm5aO8vnMRprIwMNBolALHc+iR1Z1Lyy863rcghBBCCCGEEEIIIYT4F3BSBauf1G1Eaw9Hu5xTOpavDLyewlA+1dFafrHsYdbXrcdSPpRiX+9VrdFovjH8a4R8acf7FoQQQgghhBBCCCGEEP8CTppg1dMeH9Wsw1QmXx92B+f1GI+hDCpbqvj5sofYWL8Zv+lDa0Anz1FAxIlx59DbGZDf93guXwghhBBCCCGEEEII8S/kpAlWo04Uv+Hj3tF3c0rRcADCkRruff9n7Grejd/wAcl+qq3patSJc1X5F/lC+QXHceVCCCGEEEIIIYQQQoh/NSdNsGoog2+M+A8KU5tP2a7Nwyt/x47mXcnNrJQGrds2tDKUwfV9r+bGgV/CVOZxXr0QQgghhBBCCCGEEOJfyUkTrKZZaaRZyR6pWmv+sv45llYtJ2ClEcNBaYXf9FOaXsLpXUZyZsnp9M3peZxXLYQQQgghhBBCCCGE+Fd00gSr7W1p2M6iyg85s2wcPdMK6JleQpf0IgrTiygIFaCUcbyXKIQQQgghhBBCCCGE+Bd2Ugar3TKK+eP4n6FcB6+lGivagE7YaLcKXAcdzEH5Q8d7mUIIIYQQQgghhBBCiH9RJ06wqj10vBnsKAQyUL40OEjlqa9hJ97aV/A2LMSp20lM6+SmVYaJNv2YeWUYZSOwysdilgxFBTKP8c0IIYQQQgghhBBCCCH+lSmttT6eC9AtYezNi3E3L8at3gKJKASzMHO7YZYMxOx5JmZhP7AC+86JNeA17EI3VeHVbcfdtRp3bwVeUxhaQ1YAFEZhH/wjrsAadAnKn358blIIIYQQQgghhBBCCHHSmDJlymHHHL9g1XNIfDyPxHuz8Op3gWEke6MqA+15KDy0BmWYmF2H4Bt5JVbfc1FWsNPpdEsNbngjzsY3sde/BtEmMAw0oLTG7DqYwNj/xOx++rG9TyGEEEIIIYQQQgghxEnlhA1WdbyR+JsPYa96CQwz+Q+A54F2941TBgrQWqMAs8cpBMbdiVky7JDze/U7Sax5CfvDJ9CujTIttOuAUgQnfgv/yOvAOHG6IAghhBBCCCGEEEIIIU4cJ2Swqu0I0Re/g7PlA5TlB1QyTNVglA7G7HYKRnoe2nXQDbvwwptwKz9JtgjQHpg+glf9Cl/vMYe9lhveQGzBT/B2rwPTB1qjXZvAGTcRGP9NUObnf8NCCCGEEEIIIYQQQoiTyokXrGqP6N9nYK94HuVL9Uz1HIz0fALnfhuzfNyBr/q7Nl7DTpyNi0ismouu2wWmRdqXHsbqeebhLxlrIPb3n+FUvA6mhQZwEgQv/D7+Edd+5rcohBBCCCGEEEIIIYQ4uR1JsGocg3W0sT9+CWf5c+1CVReVnp8MSftf0Hn/VNOHkdcL/xm3kn7Tn/Cf8RW05xJ96QfoaP1hr6mC2QQvugdrwERwbBSgTB/xBT/Drdny2d6gEEIIIYQQQgghhBDi38IxC1a9xj3EFv0aLH/yAw1oj7TLf4ZR2P+I5lDphQQm/Dehq3+FjtSR+OjFIzvPl0bwgh+iivqC64IyQCniCx8Azznqe4nH40SiUTzPO+Q4rTWxWIyWSIR4PH7U1zmcRCJBSyRCLPbPz23bNpFIhEgkSiKRwHGcg97fkRY5O65LNBolEomQSCT+6TUeD572qIyEiTqxf3iOhGtTFanGO077xAkhhBBCCCGEEEKIz94x28HJXvEURBvASlWrOjF8Z92KWTriqOey+kwgdO0jxN58BP+o61C+tMOeo4JZBC+4m+icyYAHph9ny7s4e9didR3eYWxlZRXvf/ABubk5uJ7H2LPPxrIsGhsbeX7uXBYsWEBjUzOPPPQQ5eW9D7jWrt27Wbx4CW+99Tafbt1KLBYlPy+PIUOHMm7cWMacdRaBQOCQ662rr+e9994nIyOD+vp6xpx9Fnl5eWitWbX6I1599VXWfPwx9fX1hEJplPcuZ/z48Uw4ZzxpaYf/PgBaIhFWrFzFooULWblqFS0tLaAUpmGQm5tDYWEX0kMhgsEgoVCIhqZGqqvCfOMb32DQwAGdzmnbDqtWr+LNt97i/fc/oLa2Fq01mZmZDBo4kHPPPZfTTjuV3JycTs//pG4zH+5dRoaVTk2sjpFdhjOq6NCblQF8uHcFm+u2EDADVMdrubjHuXTLKmP53pWsDK/B1Q65/hyibowWO0JjohkXh5AVoijUhf65fRmU35+0/aqmmxPNfGPRdzmtaBRTTvkvDHV0fxeh0fzfx4+zeNe7PDj+pxSldzmq84UQQgghhBBCCCHEiemYBKu6pZrEmvnJDaQAtIZAOv6R/3iPU6t8PGmhvORcR3pO8UDMHqfgblsBpoVSCvujeQcEqx+vW8t3vvMdNDB69BlMGD+ePXv38rU7v87aj9dgGibKMPDvF442Nzcz68+P8/9+8//w+XwMGTKE7t27kYjHWbFiBcuXL+epp55i3LhxTL/3XrqWFB90rdFolLt/+EMikQimafLyvJcIBoP87Be/4Mknn0ShsHwW2tPEEwlWr17NCy+8wBmjR/OzGT+lrLT0kN/F2nUVTJs2jWXLltGzVy9uv+02Ro0aiWmYfLRmDTNnzuTdd98lMzOLL33pSziOS3W4mvqGBuLxzqs3N3zyCQ889BBvvP46pmlxww03MHr0aDJCITZt2czcuXN58qmnGDBwAPfecw9nnXlgj9y4HeOJDc/iMyy01vTO6XHI+2hV1RJm9von8aWesTOLT6MbsCr8Mc9vfok0Mw0Pjy/3u5Zumd1IeHE213/Kwp1vE3djWMpHz8zuTDnlG3TL2vfdVUWqiXtx3t71Lpf3vph+eX2PaD2tdjXuZv7Wv2Epk7hzclbtCiGEEEIIIYQQQogDHZNg1amsQLfUonypakDXxhp8MUbmP1e9Z5YMPboTDAur30Tcbcvafna3vIOONaCC2W3D0kPp+Hw+bNumT58+RCJR/uvr/8XqlSvJzc/DSdjEE3HSQ6G2cyLRKHd87T9Zvnw5P5sxg7FjxpCTm4NlmjiuS2VlFQ8+9BDz5s1j0aKFNDY08PjsP+P3+ztdanooncLCQrZv305WVhZ+n5+7vv0dPtmwnhk//SlDhgwhLzePmtoaFi16k9/89rdo7fH+e+/xjW9+iyefmEMw2EnPWmBdxXquu/46mhqbuO6665h2z49JT09vO96/fz8uvOB8vvf9qfz9jb/T0tzC96d/h0AgcND2AMtXrOSWW2+luamR/v0H8Mivf03fPuVtx8eMOZsbr7+eZ597nh/96EfcfMtk/vD73zFxwoQO87hKEzD8mIaB1hpT+Q79O03xW378ph9TmSgUfjP5vVqGhd/wo/HI8mVwWflFBNtVpV5efgm/XP5rtjVtZ0vTp/xk6a94cNxPSUtVQdfFG5KtDxTM3fQK3z3tm0dcteppj8fXP41CoYHGRNMRnSeEEEIIIYQQQgghTnzHpMequ20pql0YpdFYvc8G1LG4fAdGfi9063WVgddcjde0t8OYgvx8HM8FID0tnUf/+Bh7q6r408yZvPjCCzz33LPce+90bHtfBWJTYxONDY288vLLXHnF5RQU5GOZJgCWaVLatYSf3Pc/nHPOOZimybJly5g3/5WDrtOyTNKCAZRSWKbJD3/8YwJ+Hy/Pe4lrrr6aAf3706VLIQMHDODO//waD9x/P1pDMC2NlStX8sbCNzudNxqN8p3vfpd4PE5BYSE/+P73OoSqrbKysvjJ/95HdnY2f3nyCR774x+T359hYBgdH5va2lru/PrXiUej5OXl84ff/75DqNrK7/dz4w3X84VLLsFzXb52551s3batw5hMKx2lFFqDhybXn3XQ76i9oOFPPU4apRQZvlTobSiUMlAolGERcztWjZZlduVrQ29Faw+f8rOrZTdrqte1Hd/bsjcZ1BoW7+79gC31nx7RegDWVa/nnT0f4DeSIW9VNHzE5wohhBBCCCGEEEKIE9uxCVb3rANjX3GsMiyMnK7H4tIHUibKbFcFqcELb+4wpKGxAcs0CQQCzH1pLq+++irPPfsME88ZT4/u3enfrx83Xn8dRUVFbeekpQV54IFf0aeTQLFVIBDgzv/8Go7rYfks5s6di23bnY61LAvT50cpRW1dHWvXrWPGT39CZmZmp+MvvOB8brrpJqLRKIGAn+effxbHOXBjro/XrmN9RQWg+OIXv0heXt5B15ufn8e5E8/F7w/wu9/9nr2VlQeM0Vrz60d+Qzhchet5fOub36RH924HnVMpxVdvvx3TMnEdh9/85rcdNsNytAMoUGAog7ju/PvZX8hKS3aFUAqUwtbJYDzTSkdrD1drAoYPv3FgkXbXjGLSfRl4eBgYbGva3nasMd6EhwdaodE8veEFPH3oTcsAHM/h8fVPYyjVmvdSF6s/onsRQgghhBBCCCGEECe+YxKs6pZqaKtY1cmK0WDnmxd9/ovxkuEbyTBPGQZebceqSU0y1EMpqsJhvvud71JSfPB+qJCs8OzX9/D9N0tLS8nNyUEpgx07dhCLxzsdZ5om6aEQnucRj8f55n/9FxkZGYec+9prrmk7d13FeloikQPGLF26NFVxqhk+fPgBx/fXv18/DMMgFo+xYuXKA47v2buXp55+imAwjfRQiAsuOP+wc/bs2YPi4mJ8Pj+vvrqA2tq6tmOmYe17KDUEzUNv8tUq4iXwKTPVPsAgZCZf98/1Z+NoF0MpLGXQWZW067nJR4JklWxeILftWFW0GnSqylpZfFi1gi31Ww+7nmV7V/Jx7TosZYJKnl+faDyiexFCCCGEEEIIIYQQJ75jEqwmSwlbqxJTCVa07mCjP1/KAMemfcCm4x0DSJ/Pj0bjOg6lpaWcftppn9nlA34/+fn5aO3hOA7xQwSraYEArutimSbDhw077Nx5+Xnk5uaiPYhEWmhubj5gzKdbt2L5LECRmXFgC4D9ZWRmtm0Qtmvn7gOOL168BNu2cV2XU089hcKCgsPPmZ5Oee9ytNbE4jHWrdv36n2aGUw+KVqj0W0B6eGkmUE8PLTWKBSBVI/VFjeCpUwMpfB0a0VsR1WRME2J5HcVMHyM6jICgLibYE/LXkzDJBmNJv8zZ/0zuKmK2M5E7Sh/rngSS1mYKlkhq5QiHAmjOfLN1oQQQgghhBBCCCHEievYBKvK7PizZ+M1HZ9+kzpaj27/Krfngdlxg6TW3qiO6zJ40CBC7Tap+md5WhONRtquY1md7x+mdbJXqFKKQDBIfv7BX9lvv+78vLxU/Aex2IGhbX5+Pq6bDCA99/CvtNfX16EMlewz6u/4PXmex4dLl2KaJo7jcMYZozFN8yAztVunZSUDYK1xHJumdgGwL/WsaOiwCdXhZPjS2jaZUiQrXwEaE81YhpU6ZmDt1wqgKdHMnPVPo9E4nsNtgyaRm5aspnY9h+poDQCX9LyIoBnAUiZLK5ezsbZj+4j23tu9lM2Nn9I3p5wryi/F8VwUiupoDQn3yFobCCGEEEIIIYQQQogTW+ep3mdMZeTj1e9EtQWsCnfbh/j6nnMsLt+BF96U2qM9VUNrGOy/ybtpmqCTHQPS09MxzX8uf9ZaU9/QwKZNm3niL09QVRXGUAaGaeD3db7rvVKKhqYm/H4/hqEwjiCw9DwP27ExjORmTYHAga/Rn3rKKP7w+99jWibbduw47JybNm5u613ar1+/DscSiQRbtmzBMAxM0+SNhQtpbGyitraGzKxsAgEfwUAQT3vEonFi8RjRaJQuhYUsW74c0zRpaUnQ3NSusjb1Tr5K/dezG1+kS1oBpmHR5DRjKJOgGcTAIOrFcD2bkJnGnkglShkdwlUAIzVf62884SYImgEa402sr93I4xVP8mnTNnID2UwacCPn95zQtpSIHaUh0YjrOXyh5/n4DR9PbXoey7D449rZ/HzM9FQ16z5RO8rs9U9iKZMv9b2CkBXi6Y3PYyqTxkQjUTvaVk0rhBBCCCGEEEIIIU5exyRYNbv0xduxAkiGUMq0cNa/hh7zH6hg9rFYQpJr4277EFJhWHJTIQ+V03GzJaWS0avWYBiHDzT3V1dXz9ZtW9m8ZQufbPiETzZtpLamjkQiRq+evcjLy6O2pgbzMBWrrVWrhmHQ0slr/fvzUue03kNmJz1ZR40aRV5eHg2NDbzx+hvcPOkr+A6yhsamJt56+02UUpSUFDNkyOAOx1siEcLhcDLIVYrq6jBvL36bUHo66aEQgUCAeDyOZRr4/X4cx8VxHTZv2UKPHj3o3r0bWmtKSvbrX5tqgWug+LRpG5WxMAYmftOPz7BwPY+EtkF7aO2RZqVRH2/Yd+4Bc+lUxWiYH737v2T7MqiMVlMbq2V4wTDO7T6BM0pOoTSjpMOp4Wg1Di5+M0CGP52Le53PM5vmYhom6+s+4aPwx4ws6tindv6WV9kTqWREwVBOLRrJloatGKlF1dtNR7TxlRBCCCGEEEIIIYQ48R2bYLVkCLZ+et8HysBrCmN/sgj/sCuOxRIAcBt24e5eC+1fB9cuRvHADuOSfTpTf/aOPAjbtXs3zzz7LM888wx1dfX06dOH888/n0k3fYVu3cooLS0lFo1y401foba2BsvyEYlE8PsPX8Go1IGbLh0wBlKVtgq/308sHiObrA5j8nJzmT59Ot+661ssW76M+fNf4corLj9gLk9rHn30MaprajANk3vuueeAoNZnWSRSPWIjkQjTfnwPY8ac3WGthmF0CIlbg1+g7c/JzbTaSW0WBYq7RtxJ75yeh733teEK7n7vfzggWdWgU+FqTjAPUKyuWYulLCzT4vp+V9E/v/NNx+pi9TiuTX4oD8MwKAjkc1638byx821MZfKndXN4oGAQvlQribpoHc9sehGl4OaBN2AaJpm+TFAKBdhugsZEE3lpuZ1eTwghhBBCCCGEEEKcPI5NsNp1KPiC4Ln7XvW2gsTffAir/GyM9MJjsQzsj18GNwFWkGTipiGYjbFf0OV5XvJ1cpUMGI/E2nXrmHzrrVRWVtG9Rw/+7//+yKmjRh3wOn5jYyMtLS0ABAIB1P6hYopSqm3TqCNlmib+1IZXPp/voGHsFy6+iLq6e3nooQe5+4d309jUyAXnn09uTg5aa6rCYf70p5nMmjWLvLw8fvijH3LuhAkHzKMBK9XKwDJNIpFopz1WW3vFtt3XEVG42sVvdN4q4UDJqtQDPlXJXq0emjQrxA9O+RaPrP4D62rX47gOv1r5CD8/e3qnYeeelr14aHKD2QTM5O/xmr5X8Naud9FoPm3cxju73uec7mMBeGHTfBoSDZxVdAb985Jhrd/0ETKDxNw4WnvUxuromd39CO9JCCGEEEIIIYQQQpyojsnmVUZ2V4yeZ6C9djuyGyZEm4gt+Cn6GGzo49bvwF72FJh+Wjtu4rmYpUMw0jvuZO+1r1I9gnCzsbGJyZNvpba2jq6lXXni8cc5+8wzO+1x6tgOjuPgeZqA39e2Udb+tNakZ6TjOM6BazoIwzBRgOu6WJZJKK3zTbcMw+ArN32Zhx/+NUoZ/PSnP+Wmr0zitq9+lcm33c5XJt3Me++9x7enTOHlefO45qqrOg1E04JByspKcd1kYL5r987DrvFw9H6vyjvaOcjIjhztJv+gWudJVcPqZJWsAcScCMUZXbhr5H+S5U9W8lZGKnlg5W+wO3kGdzbvwUCR7c/CSDXiLc3syiU9L8T2bCxl8fiGZ4i7Capawsz79K/4DD83Dbi2rfeqUgaZ/qzkE6egMlJ1dF+IEEIIIYQQQgghhDghHZOKVZRJ4NTriGx8s92HGiw/7sbFxN/4OcFzv5cKPT97OtFM/LWfop04ymxXAaldfAMvbOu52ioZYipAHVHF6hsL36AqXIXP8nHN1dfQvVvZIcd7novneZimdeBr8ClKKSzLh2PbuH4/GZ30S91fPBHHdmyUAtMwsayD94f94MOlTL/vPiZPvpXrr/0Sfr+PcE0NWmsK8vLJzc0hGAwe8np+v5+RI0excsVKUIp1FRvaXvn/R9mem6wWTn3tjntkwWrETd63Jhmk2qkQvyCYj+3Z+EwfCog6MYrTi/jxad/lu+/8GEtZrA6vYda6v3D70EltVa+u57I3UolGkx/MbwtWAS7ueR6vbFsAWlMVqeJvW/7OrpbdxNwYF3Y/l/Lc3m1jQ74gmb5MKiNVuGiaEofvlSuEEEIIIYQQQgghTnzHpGIVwCwdiVU2AvYPyiwf9sq5xF7/OToR+cyvq+0osdd+grt16X6hqgehXKzeYw44p7U6VCnwvEMHq1prFi95h0AgCEpRVlp6yPEJO4HjuPj9fqKxaIeeo/uvIZFIpFonaEKhzqtP23MdB9u2sUwLjSae6n+6v3C4mq9M+gqubfONr99Jt25lFBUVMWTQIIYOHkxJSfFhQ9VWX7zsUrRKhqwLF75BVVX4iM47mBY3mvyDUigUTc6RPROOl0BhYACe9oi6MSBZAatJfp+mMvGp5N8l9M/vy1cH30zcS+A3fLy45RWW7Hy/bb6oE6MqEkZhkO3P7HCtrpklXNjtXGzt4jd9zF7/FG/seAtLWVzW++IOwbLP8JHhDyV7xmpNXbz+H/9yhBBCCCGEEEIIIcQJ45gFq8r0Ezjnm50HiZYfe/U8oi9+G69602d2Ta9xD7GXp2Kvex3Mjr06tWPjH30zqpPemo7rpOoWU9vTH0YikUiN1zQ2NR5yrM/y0dLSglLqoNWqAI7j0NLSgmWZaA21dYcP5LTWqdfykx0MEonOWyzMffFFbNuhoLAAn++fK1oeOGAA5008l3g8TnNzM4/PmXNU51dXV3d4JvyGiac9FJCMRI+sz2zICqbaBiT7qSa85L1Xx+rxGSZKJdsFtH4OcEnvC5lYNr4tXH1w5W/YXPcpALWxOhoSjSgDcoI5B1zvi+UXEzQCqU4RmoSXYELpWMpzenUYZyiDLH8WGo2hFJUtYdzWtgVCCCGEEEIIIYQQ4qR1zIJVALN0OP4zbwY71slBH+7W5bTMuY3EsifQzf94L0odb8b++CUif7kdZ9OSjpWqKPAcjPzu+IdffZAJNJ5OBmHxROKgVaWQfGV/1MgRJBIJTMPgrUVvtvVF3V88keDBBx/EcRxc1z1kKwDHcYjFYyiVfLU9Gj185WYsFicWi+N5GsNQZGZ23j4gHo9jWRYVFeuZN38+4epqIpEIjuMQiUSIRqPE4/GD3kd7hmEwbdo9ZGVlYZomf/y//+PpZ5897Hlaa5597nl+94dHO1R4xp0EKvU6v+bAnqsHUxdrwMQANFqDTyXbIDg6kYpmFQk3gdHuWoYyuH3wJIrSuqC1h6tdfrL0VzQnWki4CRJeAqUVOal+rO2VZBQzsdt4bM9u2+TsS/2u6NAyoFVuMBuNRmFQGa064vYGQgghhBBCCCGEEOLEdWx6rLZRBEbfirttKe7utSgrwL6KRA2mBU6c+BsPkFj+FL5hl2H1mYCRU4bypR16as/Fa9iFs+19nI/m4VZuAFSqUrVdMKpd0Jq0S+9D+dM7nSo7OwfHdTANE8c+/MZaF190MQ88+BCu67J0+XJ+94dH+eptt3Z4nX79+g1M/5//YfDgwfTu3Ztt27ayfft2auvq6FpScsCcjutiJ2xIhYwHqz5tL5QeIhGPo7XG8/RBA+GJEyfw60ceIZFIcPfUu8nLzyc7O5uA348G/D4fgWCQQCBAUVERgwYO5KyzzqRXz56dzldSXMwfH3uMr33tP6itrWPatGns3LmLG6+/jpL97i1h26xbV8GfZv6JF198kT/8/g8djsfdOJ72sAwTpT2a7ehh7xvAMkxs7eBXyd93faL0m1euAAAgAElEQVSRUroSd1PBuEoGq+5+m4BlB7P4/ql3MWXxD/EZPsLRML//6E8MyO2L1hpTmQftGXt1n8v4+/aFxF2bU7uMpFtW5711A2YAAwOlFLWxWiJOlIB14MZmQgghhBBCCCGEEOLkcYyDVVD+dNKu+CWRJ25FN1Ylw9QOAxRYfnRTFfHFj5J4ZyZGlz6YxYMwCssxskvACiZ7tZomuqkSt3Y77p61eHsrIN4CKDA6uTWt0Z5H8KKpmCVDD7rGPXv24DoOcTuGnUikNpo6+EZQJSXF/PIXv+Bbd92F1pqHH36Id5Ys4YzRZ+CzfHy05iNWrFzFlP/+b66/7lr6PdeP7//gB9TW1HD7V+9g3NixXH311fTtU942Zywao7Jyb1uf1ObmpsN+t3V1dSTsBHbCpr6ujkgkSlragYH0oIEDefCBB/j1I4+wY8cOwuEwlZWVyTYCgGkaJLNIhaEUyjAIBALccMP1fOub3yTUyZyjRo7gmaef4Re/+iWvv/4Gj/z618z+858ZO24cvXv1IpSeTkN9PUuXLWXNmo/p2bMnf571Z8aN7djj1tMenvbQmGjAdjvvE3vAvccaUtWiKtlKIJUpGxg42iWgTOKeTV28nqxAx56p/fL6MHngl5lZ8QR+08+S3e/zwd5l+A0/Hh5WZ88S0CW9kPO7T+DFLa9wQ9+rO61WBUi30kluq6WIuwmqo7XkdtJeQAghhBBCCCGEEEKcPJQ+1HvunyO3YRexp+/Erd+136v6nfA8SG7/AyQDP5RCt1YfpioSlTJSmz11Qmu05xAYfyeBMyYDB9+5fuPGTTz/wlzyC/JxXYfJN99MIHD4CsPVH33E43Pm8P77H1BbU4NhmmRnZzFxwrlMvuVmevdO9t90XZf5r/yVDz/8EMMwOPXUUxg3diy5ufv6ve6trGT27McpKCikqqqKyy67hMGDBh3y+hs3bWLuiy9RkF9AuLqa22+bTH5eXqdjm5qbeeDBB3nyyScZPnwE/fr3o6S4hPy8POrr66msqmTjho2sXL0Kx3EwTZNoNMKNN36Z6dPuOWjQ7DgOH320hvl//SvvLFnC7j17cBwHyzRJC4U4++yzuOQLl3DWmaM73ZBrV/NeKlsq8Zk+HM+hKNSFrhnFh/3uN9d/SnOiGWUYuK5Dr+ye5ASz+bR+Gw2JRgzDwPVcBub1I2gduDFX3E2wonIVISsNn+kn3QqS8FxanBZ6ZfUgO3BgOwCAxngTmxu3Mrxg8EGD1apImB1Nu/CZPlzPpXd2z4POJ4QQQgghhBBCCCGOvylTphx2zHELVgG8+u3EXrkXd+dqsHyQ6pF5KJqOkej+P3d+oWQlZmDCN/GfciMcJAA76DW1Pujr4J2Nra6uIRyuIi0UokthIenpnbccOF7e/+ADpt79Q/Lz8rn33mn069sHv99/wDjbtvlk0yZ+9rOf8+GHH+Dz+YnFYsx76SUGDRxw2Ou0tESoq6+joaGBtLQ0CvLzycqSQFEIIYQQQgghhBBCnNhO+GAVQMcaiL//J+ylTyYrT/dvDXCk87B/wJraV951MDK7EPzCNKweZ/zzCz7JVazfwKWXXUa/fv146i9PkJ2dfdhzGhubuOXWW1m3bh22nWDatGlMuummY7BaIYQQQgghhBBCCCGOvSMJVo+udPNzoILZBM/5b9Ku/w1mtxHgOW0Vpkc1T/sfNODa4Hn4R15F6Mt/lFAViCcS3DPtHmw7wZRvf/uIQlWArKxMbrzxBmzbxjRMqqtrPueVCiGEEEIIIYQQQghxYjvmm1cdjNXtNMxrhuBufpPE6rm4O1YnA1ZlopU6/Kv4WoNO9Vw1DKxBF+AfeQ1m6cjPf/Enic2bt7DmozVkZWXRq1fPozq3e7fumKaJ4zj06N79c1qhEEIIIYQQQgghhBAnhxMmWAVQvjSsARdj9ZmIu3ctzrYPcba8gxfekqxk1ckNrJTngpHcAT65WZUCy4/ZpR9mz9Ox+k3EzC8/+EZW/6Zqa2tJ2Db+QOCINuPqQAFaY1kWffv1O+RQz/PYtXs3diJBeno6RUVFAMTjCcLVYVw3WZGcnZVFTk4OWmsqK6tIJBJordFoTNOka0kJTc3NOLZNQUEBAHX19biO0/Zzq0QiwZ49e3Bdl9zcPHJzc9qOtbRECIfDgCYvL6+tz2ttbS2O49ClSxcA6uvrcVJzV9fUEGmJ4GkPhSInN4fsdv1hW1oiVFVVYRiKoqIigsEgjuNQWVmF4zqgk/12/QE/JcXFbX8xEI/HCVdX06VLF/w+H7ZtU1lVRXFREbbtEK4OJ78DrUlLS6NLYWGHv1RwXZfKqiq01pQUF2MYBi0tLYSrq8nLzW27N8dx2LV7NyXFxW39c2OxGNXVNXTtWoJhGKn1VlJcXNy2GVlTUxNNzc10LSnp8P26rkdlZSXxeIxgMEhx6p4SiQR7KyvRWoMGT3tkZmSQm5vL3spKDKXaxjY1NVFbW0d+fh6BQIDKqio810Xr5DOTkZFOQUEBlZWVZGRkkJGRAUA4HCYtLQ3Xdamtq8OyLJRSOLZNMJhGcXHRIZ9HIYQQQgghhBBCiM/DCRWstrECmGWjMMtG4T/9ZnRzFV7ddryG3ehofTK0smMY/hAqLRuV2x0jrwdGKA+sowwM/434/D4s0ySRSFBf30BZaekRn7t963ZisRgjRo2kf98+Bx1n2zZ/W/AaW7d+Sm5uLrV1dQwbMpRzxo+jrq6WZ59/ntzcXPA09Q0NfOGiiygv783ceS9hmSYZGZl4nkdaMMjFF13IR6s/YtnKldxx261kZGSwdOkympoaufqqq9qumYjHmTd/Po3NzZiGSW1dLVddfjk9evRg7969zH1pHpZpYvl8NDU1ceXll9OtWxnvffABtXV1fOXGGwFYtWoV1TW1XHP1Vbz55lvs2rOH3JxsHNshGo/xxS9cQrfu3aiurubZF+bi91kk4gksn48brrsWgGeef56c7GyCwQCe55GXk0vRBV3agsuqqiqee2EuX77xBroUFtLQ0Mhzz7/AzV+5ierqaua98gpFqaC3traW4cOGMXbMGAwj2bUjFovx0ryXaW5p5vbJk8nNzeWdd99j1UerOfvMMzn7rLMA2LhxEy+89BKXXHQRI0YMB6CyspJnnnueL1x0IYMHD6apqYlnX3iB22+5hYzMTLTW/G3BArZu285/3H5bW6uIRCLBX//2Kjt27SQnK5twTQ1DBg3kvHPPpaa2lqeffY6uqZDX8zx69+7N0CGDee75F3Bdl9tvnUxWVhZvvvUWFRs+4YLzzqWstIxnnn2OvLw8AgE/tu3Qu1cvcnJy+NurC/D5/dxw3bWYpsnrCxcysH9//H4/y1asoKWlhUTCJjcnh+LiIoqLzz/i51gIIYQQQgghhBDis3JiBqvtKF8aKrcHRm6P472Uk96gAQPIyc2hsrKKlStXMmTwoCM6LxaP8/gTj6MMxQ+n3n3IatdVq1axfft2Jt10E5mZmVRWVvLkM8/St085wWAa2tNcfcUVZGRk8Nbbi3l7yRJKSopxHIdzxo5lwIAByYk0KEMBmlgsxuIl73DxRReiDIXab5uy6poatu3YyaQv30hhYSEfLl1KQ2Mjruvy6mt/p3evXkw4ZzyGYbBixQpeevllbr91Mj7L13EupVLXhISdYMSwoYwfNw6tNS+9/DLvffgBpWWl/O3VVxnQry9jx4whkUjw6oLXqK6pobCgAO15XHLxRRQWFiZvQ+u2UHTfZRR+n6/1km0VqZ6nCaWlce011+Dz+di4cSMvv/JXhg8bRk7Ovgpcn8+Hz/Kxe/cesrKy2L17NwF/AM/TqXk81qxdS0lRESs/Ws2QIYOTVZ4kW2q8vnAR5eXlbWFva4fiuro6qqrCZGdnseGTjZx+2qkArFy1ij179nBz6ne6Z/cePly6lHg8jgJMw+Dqq67s8FxEIhFMM1kVW1NTQ1paGpWVYQIBf7JrR2rPvC9eekkyaE/xPA+/38fWHdvZsGEDgwYNwtMaz9MMHDiQ/v37884777Jz9y6uvfpqjLZ7EEIIIYQQQgghhDi2TvhgVXx2MjMz+e53vseU73yb+x94gNNOO5UB/fsf8pxoLMY9997L8uXL+cEPpraFbZ3RWvPJ5s2MHL4vCOzatSvdykrZ8MlGhg4ZjDIM6urqiMVihMNhsjIzsSyLgM/H8lWr2b5zZ/L1/MJCTjv1VFxP06N7dzZv2cL27dvJzMyksb6xw3Xz8vLoUljAs8+/QI/u3ejfrx+9e/emqamJmpoaLrrg/LbX4QcPHsy7H3xAVVUYw+gklEvmfViWRWVVFevWVeC6LuGqMGecfhpNTU3srari4osuwrIsLMviqiuvAKCpsQnTNFm85B0yMjNwHIeePXoyeNDAtumVYaDRvLV4MQF/gEg0gqc1SikMQ2HbNhUVFQQCAbZs+ZQuXQoJhULtvmPwWRZ9+/Rhz969dOlSiGlZFBcX47oOkKx0ramp5obrruPJZ55l7969lJWV4WmP7Jwc/D6LJe+8w6mnnIJlmm07v320Zg2DBgygvLw3r7z6KiNHDMeyLNZ8vJZRI0eSlZVFLBYjlB5i/PhxWJaF1hpPe7z+xkJ8Ph+xeJxzxo0lGAximhblvcvYsWMHwWCQQNBPWiiI57mp+zV46+3FhEIhbNtm0MCB9OzZA8Mw6d+nD2++vZjS0lLSgmk4jo1SKhkGp/7XSoXTQgghhBBCCCGEEMeDBKv/Zq668nJqa2v4xS9/yZVXXc3PZsxg3Lix5GRnd+jl2dTczMdrPuaBBx9k5apV3HvvvUy++ebDbiLmOg6W1fGxMg0T206kftLM/9urWIZBVnZ2W+jpeJqM9BBdCgpxnORr3pBsLdCjezeGDRnM628spKysFNPsWAEaDAa55qqr2LhxE59s3MiLL7/MuLPPpry8HKBDxahSyYpXz3MxDAj424VzGozU3IZh0NDQyMfr1rF161bGjx3LsGHDqKqqaptnf60hY3ZWFvn5+TiuQ2ZGeqfjQsE00lPHdGrTNaUUjuOyZes2Nm/ZQklxMV+6+uq2UDg5BmzHoXu3bqz/ZANrPl5L15IS4vE4rQlpxfr1ZKSno7UmPy+X5StXUlZWhkIR8Pk4/9xzeW7uXDLS0/H7/RiGgW3bfLx2LaNPPx2/30+kJcrevXvp1q0biXgcXyrE/OSTT1jy7rvYtsPll11KKJSOQpGfl0sgEMC2bSzTRGuN67r06tmTjZs2kbBtupd1o7auNlWtqvG0Jjs7i9ycXGzbJi0tCCT70J5+6qls3LyJN99ejOd5HULw1q8++XnHZ0EIIYQQQgghhBDiWJFg9d+MaZr8xx1f5bTTTmPmrFn86Ec/JpQeYsCAAeTn5eGhaWxo4NNPt9LU2Mi4c8bzv/97H/0Ps2EVJIPB0q5dWVexgVGjRuHz+Whubmb7zp1ceN55GIaBoQwuv+xS8vPy2kK9eDyO6zgMGTyYPqkwtJXWmmgkypmjR7O2ooLVa9YwqP+ADmPWb9jA9h07uOC88xg2bCjvvfcea9auY8iQIfgDATZt2ty2QdWO7TtwHIfCwkKqwtXs3rOnbZ5oPIb2kiFnIpFgQP9+nHXmmbyxcCEVG9YzYsRwcnOTAeLu3bvJz89Ha82rry6gX7++FBUVoT3N6aef1raJ1P6056GUwRlnnE5WVhZ1dXWs/2RDMpT1PNLS0vjipZewY8cOXpz3MpWVlfTosa8NhgYc1yE7JxvLtFi2YgVXfPEyNm3chOWzsG2bdRXrUUrx8it/xXFsdu7cRSQSwefzEY1FKexSyLgxY1jw97+THgphWRZ79+4lGo2xbv0GKjZ8QiDgZ+WqVXTr1o2+ffuyYeMnDB8+jGHDhlFcXMJfnn6KRMImFNKgFGeccUaHkLOpqQnHdcnNTYamq9es4YrLLqOqOpxqBZD83Y4+/XRC6fvCZ9d1cT0PlGLcmDH8ceYsbMehT+9eHb4DIYQQQgghhBBCiONNgtV/U6NGjmDUyIfYs3cvW7duY8eOHdTX15OWFiQYTKN792707tWrrVfokTp11Cg2bd7CM88+R6+ePanYsIHC/Hz69e1DdU0NmmSFaTAYbDtH62Q4t2z5cvburUy+0q7h1FNPwTAU8Vgc0zQ5b+JEZs6eTTyR6HDNkqJi5r/yVyKRKF1LilmxajXDhw8jFApx3oRzmP/Xv9HU3ITP8rFi1SrGnn026enp9OrZg7eXLGHe/PlkZ2Wxdu06Lr3kC0AyWE3E4yilGHP22Tw2cyYLFy7ioosu5MLzz2fe/FcIV1dTX9/A5i1bGD36DHTqlf633l5MTk4OruuQFkxj1KiRbRWfntZozyMajZGVlYXjOG0ho+d5uK6D67r07NmTYUOHMveledw2+RYyMzNbvyxi0RjBQIDSrl3ZtGUz+Xl5rI5EKCgsZNu2bUSjUe647Tb8AT+O4/Dnx+ew+qM1lHbtiuO4eK7L4MGDWLl6NTU1NcTjcd7/8ENGjBjOOePGoZSiurqa2U88wbj6es46czSz5zzBk08/Q3mv3mzfuR2lFLm5OXieh9YeCxcuIhDw47guxUVFdO3alXg8TjAYoKhLF/ZWVpKXn09Lcwue55HcgU6z6K23yMrKxnUdMjMyGDx4MNpzUy0H0jln/Dj++uqC1DlJruPi2PbRP/RCCCGEEEIIIYQQnyHz3nvvvfd4L0IcP5kZGXQrK2Pw4EGccsoohg8bxuBBgygrLSU9/cDX2A8nGAzSt0850ViMcE0NvXv15Jzx4wkEg7iuh2WZdC8rawsaW5mGiWVZJBJxXNfDdmy6d+tGwO8nOyeHgoICQqEQ6aEQBQUFFKUqUFuv2ae8nJrqGmrqahk8aBCnjByJaZoUFhZSVtqVynA18UScs88czdChQ1BKkZ6eTveyMqrCYaKxGKefdhoD+vdHKYXneRQXFZGbm4tlWZR17UptfT1lpaUUFRVRUlTMrt27CYVCXHTB+RQUFLQFqyiw7QS27WAYirLS0n0bRWmN5fPRvVu3tlf8lVL06N4dy7IIBtPoVlaGYRh07VqC4ziEQiGy21XAGoZB15ISMjOzyMjIoLy8NxpNfl4e8USc3r16UVraFcMwsCyLnJxkcFlYWEBaWholJSX4fD66lpQQDAYpLi6isamJU0aOJBQKYRgGoVAIpRSZGRnk5eXRt085tm1TFQ7TpUsXJo4fT2FhYdsmVK72cGybhO0QSkujqKgLpmnQq2dPsrIyycnJpmePHmitKSkuJisru63C1bYT2I6DaVqUlZZimCbFJcVkpKeTn5ePaRqUlZa2VQFrrcnOzqa4uPiwrSmEEEIIIYQQ4mQTDodZsmQJixYtYsGCBaxfv57q6mqys7P/of+f/s9I7rfyA7p3707Xrl2P6bXFyeHuu+/moYce4sknn+Tjjz/m3HPPPd5L+sy89tprhx2jdGsyIoQQQgghhBBCCCGOi0gkwhNPPMHixYvbPsvPz6empqbt57Fjx/LlL3+5wybHn6dHH32UJUuWMHbsWL761a8ek2uKk8e3vvUtVq5c2eGzkSNH8vDDDx+nFX22pkyZctgxEqwKIYQQQgghhBAnpQpmTprB9lvuZ9rEztq4He74oYUXTmfK4rHcP20iR3d2mIXTp7Dt2tlMHnj40RUzJzGDqcw+ksH/orZt28aMGTOIRCKMGTOGCy+8sMN+G9u2bWPBggUsWbKEUCjE1KlTOxz/rC1evJi5c+dSXV3d9llBQQFXXnklY8eO/dyuK04uAwfu+3f2F7/4Bd/73vcAqKioOF5L+kwdSbAqW2oLIYQQQgghhBAns8W/ZeYBOUaYhdNnsOh4rEcclUgkwowZM9Bac99993HHHXfQo0cPwuEw69evJxwO06NHD+644w6mTp2K1rothP08zJkzh8cee6xDqApQXV3NY489xgsvvPC5XHefMAunT9rvmU5+Nmn6QsLtP66YyaRJMzlkjBdeyPRJ01kYPtSg46Ni5iQmTdr/nxNzrft79913aWhooKGhgXHjxnHeeecxbtw4GhoaePfdd4/38o4Z2bxKCCGEEEIIIYQ4iXUfO5bt71dAu+oxwmtYzAQmlC9ie7uxFTMnMaN92jqhtVK0gpmT3qfHLduZNWszlN/CD/crTEyeW84t909jYmGqonXW5tTR1s+T1aqzNgMzJiWrZYeuYfqUbVw7FWa0XnzCwSpU253fOnOHittkFW7bLXSY51DHTlxz5swhEolw3333tVWhzpkzp0N/xwEDBnDXXXcxcOBA7rrrLmbMmMGcOXO44447PtO1bNu27bB9JV988UVOOeWUz7FitpCS7jDr/Qomtz3T1WzbXE55+WLWhCfS+jhUvL8IJkzlxP8tH8J+z2l44XSmTJkOqX/PTlSvvfYal112Gffffz8Aruty//33s3v3bl577TXOOuus47zCY0MqVoUQQgghhBBCiJNZyVDGbn+/Q9VeeM1iGDua9tFXxcxJzNh+C/fPns3s2bOZPXUCLJrRrjJwEbO2XZs8Nm0ieZ2e2y5UXTy23VzdmTVlJhUUMnHa/dxSDhOmzm4XiC5ixjM9UuPv55btM5h0QJltKlTtPjU55+zZ3H9LOZtn/TZVwZeswt1+y/2p48l5pi8M0xqqMnV2J8dOXK0bVY0ZM6bTUHXAgAGkpaWxfv16Hn30USD5+vWYMWNYsmQJ4fBne38LFiw4onHt+8B+HgaOngDb9+yrTq14n0UTruXa7pvZ1lZIG2bPdpgw+qSOVQ9QOHEaUydsZtb8E/91+ksvvRTbtjv881mH/Sc6qVgVQgghhBBCCCFOaoUMHbud+W1Fq2HWLIaxdxZAu/xr4OTZzG5/2sDRTNivWUBnIVX1wunMWDSBqbNbe61WMH8W3HJ/u96rAyczdcIknll4KdMmdrbGcm65s3V8IROvncCsGe9T0aGitJCJ02bT/vTCoWMpb72JivnM2jyBqdMKDxgfXvhbFk2YyuyB7ea68xYWT5lPxcTJJ2xF44oVKwC48MIL2z4bO3Ys1dXVXHnllfTo0YPly5fz8MMPt41tHb9kyRJWrFjR4dx/1v6v/x/M9u3bDz/on1HQg/LN26gGCoHwnu2U97iUgSUTmNFWyZqsYu1RkDonvJDpU2aRLHbeV1l9gEOM61DR3a6SNNkH+P+zd+/BUZx3vv8/I2SDcBBCIwwGjIafNCyyl2xZchkkjeLgODipDbaTjRE4KQLJOXtyMGASJf4tSTBgZ+NdYhJuZnezm4KlYkD4t4kN2eOFeE3wCGRcoFTFJwgzEEZGiJtGEhdLXNW/P7pnpmc0I83ACI3g/apSgaZvTz/9PN2t73z76dma/fEGK5t6ihZtnKz3QxnSU7RoY7idRWRzF8xOepzivPwCyXtSZ1VkLle/XrNsqeahLO6z72pZVYPGTtmlXbukKYtWKH9rlRrGTtEu8wNtnFMUvzz16zXrFWmKtXzEunswbdo01dfX6/Tp08rNNb+GaWlp0blz5zRt2rRul7127ZquXrsWd/pdmZnKzOwfIcv+UUoAAAAAABDX8IkV+jgYWT37obyq0Nzh0ocx5o18hF+a0t2Kj27QK0clTZkeDk6ePamPdVS7qmZpQ9TsBbPjrWis7rPHavLyVSCvTp6V7osxd+SQBQWqkBlcU0GF8mLM39xwVNr1imZ1GVS2273rcw0NDZIU8Vh9fn6+Fi5cKMnMaA1mkTqdzoh57MunyqFDhxKar9cDq8MnqqJgg96vn6OiouAXBcMl5atglxmQLzp7Uh8XVOhLZoRQ66s2aOyijVpSJDNgWLVe922MDqrHny/v3WVWVvZjGm5lQC/LtwUZd3mlFRu10Rru4pVZ0qKNGzXHmtf8UmG4VL9eVRvGatHGJTI3MUtV6+9LaliK4feNlUKB5Xqtf+VjzV6x0QwA16/XrFfsXxjs0sf5K7Rx43BJZ/WupF0fm9nhweBp9+WxLV+/XrNeWad3J3Y/DMEvfvELlZaWyuv16uzZs6qsrJQkvf322zp06JD+6q/+Sr/4xS+6zV49fepU3GljxoxJuK76GoFVAAAAAAD6u+ETVfHxOr17dokmmlGoLhly4YDqFCvIYj0+361wZt76yRsVjg11kxGoG388PRRQLbACXGff1bKqBB877ydjqto1NzcrLy9WqNh8s/qqVavU3t4up9MZCrYGOZ3OhDNMU623XpwVZo6z6j15VipqVsPRsZo8XJImqqLADMjn2dt5/fvaVTBbK4KHv+hLml1QZQZm7dVb/752aYoWheabo40bJems3vUeVUGo3xTpS7MLVOX9UGcfs3Kop0y32rtZNo2dbAU285RfoNBYxvXv71LB7BUKF2W2CqqsYPAN1UWR5mxcEvrt7MmPJY21TS9QxcTIjlhQMTHU/3suzxRND3bkvHwVKH7Q/MSJE3rrrbc0YcIEOZ1OPfjgg2ppaQkNUyFJDz74oJxOpwoLC7Vu3To99dRTGj16dMR6MjMzlZ2drfPnz3fZRnZ2dr/JVpUIrAIAAAAAcBsYrokV0roP66VQdp89wHlWH3qPasoie3A0AQX5ygsGmV5Zr8kb56ho+H0aK2usy4Sfb/5YJ89KRcH5mxt0VGM1PWL5er2/K37ANjKLL1KXR6f7iby8vLhZol6vV+3t7br//vv1wx/+UIMHD46YHggEVFSUukBystmvDQ0NvfgCK3Oc1aPvN1vjq07WHEnhdn5W9zUc1Vgz2moGG4/uUtWsyBzqgpNnZU9xjp/13KyGo9LY6TfbesxxX4/uqlJkUQoi239Pa4koZ+QL3QoKClJXniTWJEm1tbWaPHmyhg8fruvXr+tzn/ucjh49qlNW9unIkSNVUFCg69evy+12KycnR7W1tfrqV7/aZV05OTm6cPGijM7O0GeOjAzl5OQkWaq+RWAVAAAAAIDbwPCJFVLVK9pQMFsr4gRwPg5Fd8wXQe1SYlOmG7oAACAASURBVA/LD39srmZ7q/TK+snaOCcq0CrJ/vKo2IFb82U8j80pMre9NZxFVx81Xzhgaz62fdQaCiCYhRh65FrBsS8XaeOc6Zqy4RWte3diaFroBVtJjm95K+Xn56umpiZmkPLLX/6yioqKNGHChC5B1VhDCNysRF9cZZ+/V19UlJevgo9Pqj7fHF81aPh9Y3X0/Q918uMpmjwn/JkK4hxr2/cL8YPzZtapN5noZ0xmNmtBRWLjlMZmfgmisdOtbmCNLRzsa9a4qCkpT5IJz0eOHFFJSYmuWeOjDh48WBMnTtTEiRMj5gtOHzZsmI4cORJzXRkZGRqana22trbQZ0Ozs5WRkZFcofpY/yotAAAAAACIbfhEVRREPgZsm6jH5s6WNlRp1qxZmjWrSg3TV2h2gbTr/UTePm4uX7DrFa2vD765fJdemTXLWp89qDpcEysKtOuVWZq1PrjuAk3R1tC2N4xdFCPQU6Q5i6aYy82apVmztip/xSJN0VF5PzxrlmHJIo0N7cMsc0zMOUXmsivs+zcr7YOqklRcXCwpdlBzx44d+td//de40+zL36z6+nrV1NQktUwwINxrhk9UhRr0foMiH3UvmqwpH3vlVX4487RosqYc3aDfBpvb2Xe1bNYsrY9u2tYL296PmG+Z3j1rttmj3g+tOGy9frvhaJy+1L2iyVN0dMNvFd7EMs2atV6J9DJz/nXacLRAs79k/4bCzPgOfilxK8sT1NraqoyMDF25ciWpn4yMDLW2tsZcZ3Z2thxWINWRkaHs7OwkS9X3yFgFAAAAAKBfKtIcc4BIy3A9tmSjHov3+/DHtGTjY4pgmx65LjN4GjF71PJFczZq45zYJYtY9uxJSVL+l5bEnL9ozkZtDP+ijdEzRZTL3OeYm421f2lu+PDh8ng8qqmpUUVFRcSj/fX1Zugr+kVRwSCox+PR8OGpCRuvXLnyhpZ75ZVX9M///M8pKUNXw3Xf2F3asGuKFkUc8Dzl66g+jhhH2AysL6uapVnWJwWzV8hKkLbpOt+URdZLoR5bokUNs8LDCUxZpI03knVaNEcrZi9T1axQSTR7RfRLtGy6vHTNlp0qhTK1N1TN0gYVaPai2Sp4xZv4o/zJlieO1tZWZWZm6urVq0ktl5mZqdbWVg0bNqzLtAzr0f/Wlhbl5OT0u2xVSXIYhmH0dSEAAAAAAMBtynoBVUXcl13d2drb2/Wd73xHDodDixYtCj3e39DQoAMHDqikpCT0WfCFVoZh6Oc//3mXIQJu1K9+9asuAdxEjB07Vl//+tdTUgakt9///vf66KOPNGnSpKSW27dvn/7iL/5Cn/3sZ+POc+rUKY0cOfJmi5hyVVVVPc5DxioAAAAAAEAfGTx4sH7wgx/oJz/5iRYvXqyKigpNnTpV+fn5EUHWnTt3yuv1KisrSz/4wQ9SFlSVFDM42tDQoI6OjtDvWVlZvfqyKqS3Tz75RAMGDND169eTWm7AgAH65JNPup0nHYOqiSJjFQAAAAAAoI+1t7frV7/6VcRYp3l5eWpuDr9hyOPx6Otf/3pKg6rx7NixQ6+//nro96997Wt64oknen27SE+HDx/WihUrJEmDBg3SPffcoyFDhuiee+7RoEGDJEmXLl3SJ598ogsXLuiTTz7RpUuXJJmZn+PHj++zst+oRDJWCawCAAAAAACkibNnz6qurk4NDQ1qbm5WXl6e8vPzVVxcnLIxVRPR3t6uX/ziF6qrq1NxcbH+9m//9pYEdIF0QWAVAAAAAAAAAJKUSGC1/71uCwAAAAAAAAD6GIFVAAAAAAAAAEgSgVUAAAAAAAAASBKBVQAAAAAAAABIEoFVAAAAAAAAAEhSZl8XAADQe4xPArr83lpd8++T0d7a09zWv47eLtYt4lDG0PuU9dQ/KmN4YV8XBgAAAABwmyFjFQBuY5d2rdTVg//VY1DVMAyZAdXbJagqSYY6zzWp/Tff6+uCAAAAAABuQwRWAeA2du1YbULz3U7h1GjGhdN9XQQAAAAAwG0o85NPPunrMgAAesuVBM/xjts5tCpxrQMAAAAApFqm+fgnAAC3L651AAAAAIBUYygAAAAAAAAAAEgSgVUAAAAAAAAASBKBVQAAAAAAAABIEoFVAAAAAAAAAEgSgVUAAAAAAAAASBKBVQAAAAAAAABIEoFVAAAAAAAAAEgSgVUAAAAAAAAASBKBVQAAAAAAAABIEoFVAAAAAAAAAEhSZl8XIK7DmzR3ZY1cM1/WCxXO7ucNeLV8ca1KX35BPc2a0mVvgYB3uRZv9ned4Jqpl1+okFnkw9o0d6W0cJ2eHR9cZowWrntW4+OuM/703ndYm+a+qfvTtM5vmYBXyxdvVoyja/Is1LonTqd1+0yO2U5rYk3yLNS6Z/uoNW6aq5Uytx/wLtfi40/3TVkOb9LcN++39etb7UcaXPXXyji+Uhe3Vt/A9G48sVlD/lK6umKmLiVRlgGSdKlOl157TleT22Lvsq5PXXlu8rxq6yMR53jcrLjX0hSee+znkhhTI67TfSHgXa7FtaV91q4SPQa9V86AvMsX6/jTfXcMUstsU41x75N7mh4pmXrv02tlvxbvPsilmbfFfR4AAHemNA2sBuR9s0Yej0c1m3focEUvBgCdFXphXUVvrT01Yvzhd3jTXC1ervg3wK5Gvbncq29FTz+8yfrDZkzvlReJiWh78f7gG5/+7TMpsf54MP/QWH5/Yn/8pdr4Z9dp3S3fahob/i0NfqJa7TvsH1Yq6zkz0GncijI88aAGpGNA1S5G4DPgXa7FczfdeHD18H7VEFDtPV2upeZ5d+6mvvti546TwDFwVryg2+qy19tqf6lNI16IuncIyLvcDOC5ElwN9X6rdL0PCniXa/HiTRrRZwkPAADgZqRnYDVwULV+j55+4WGpZqX2H35W46PuNA5vmqtgwpDL47FPMbMhF5aqdqWVDeiaqZdfGKEdoW+JbTc1ERmr1rIzx2jz5uD3yTebgdQ7xj8xU67FxxWQ4vwBXqrSMbU6GKiIuHk7vN8KWMdMG0wjURlhnqgsH/vxt2Yw/yg7vElmUpDtmAW8Wr74uJ62PovMmknzLAF7+5S1HwullcGdD2W1BjNfo9prD/WYHsbriZkuLa49qEBFMKBk/rEdPkxRwaaobN9QZnvAq+W/lErHbNbmGkmehXr5/jejsnAiM8eCWWYv3/+m1S5Wam6jub3Aprl68/6FKq1daZXFbC8jdtjOPxHZQFHZKLYggpnhU6qZjZtD+xVa1nacFs893qfnnM6zPmWM+pGkH4c/LP6MBsiv65dc5vgxxa/pU1Pcur5rqjrqrHmSyEodNKdWmZ/UqfP+YjMrVdL1/1uq9h3SXdN3atD9QyS5NKiqVnf931K176hU1nMLlTnImrnlP3Vh/Y/jrL3vOCuelmfzmzodkMY7pZ7awy9VqjGbN6tG0sOPubT/XbNhLJ67OdRXI89X9v59WJvm7tf9Mxu1ebNfcs3Ud0tr9bPjT2uhVip8ilinJ07b1hER2IrqZ7K35wSuh/H6Yah8sfc9fThV8cJCHZ+7UpseDp4bu6sT9bDPkrQ/Yr+7nHP3287JXYLokXUWve641z1r2v77Z6px82b5Q9c1+/pcirhVShtdj4E9c1JR/SR2v4i+jsdqe87wcV0515bFGXW87e00+noycaL04dCIPtDXWcCSNKa0VI37DyviRjlwULXyyOOqUaN95i7Z9uE+HV3v8a5X4boPXyud6u6YJHAu6alc8a6dwd3trj30g/sg5wOlcul46Pcu2e/2e8FA7CcmXDNf1gsjdsSflrY3ugAA9H9pGVgNHKyV3/O0xmu85JFW7j+sZ203jIc3zdXKxpl6eV2FnMGbYrlUGprDr81vlurldevktG6wF891aebL67TOaS2/47AqYt5Z+bW5Nrisue6Vmx5Owz8Ie/bAw2P0y4MBVdj+0N1f49HDC5XegdVQcHSdedMd8Gr54uXyWjfKkcc/OH/wj7KH5VFkMD7cnmx/OKx7Ibxsv8oSqNHK/Qu1bt2zVr2s1Nwaj1VXZnt90/uELVgXvx7Tl7kftaUva90LVih001wt3jTC6oeHtWnxZo1ZuE4vjJf5+9zF2jRinZ51SvJvNpddZ4VovYlt1Vnxgl5W5OONAUn+zW+q1H7uWDxXrpnW+g9v0tyVwaz6cMB2nS1As9xr+4OmZrOOB6cf3qS5K38p7wMvqGL8s1q3UH08FIDl3Hu6PvxpDZJCAdK7Ct3S2fdkDLdyn+re0/XSYg0orJTqzGEBBo1yyTi+MsFH/SXH/W4Zu0p1oc4Kpv7lZg3aMVOXtk7V1Sc2a0hhi5WxagVV2/9TF177sWT9PmSO0jK4GtZze/Bvrg21LUn65qcjh4MID9vyQvj8FZERW6PNxxdq3bpgsLbW/DJy4TqZp4jlWrxyrmo81jwBr5YvflPeJ15QhdO6do5ZqHUv2IL/m6026ZS6vx520w/HJ9AX0sZ4PeyR3jwdkMarhzrpbp+t1dU06n7rmJr1v0kP264vNTXhc3Lkkyfhx7bXhQLbi7VcZp11f92z1r35ePh8H70+KyAsV/hOKX3Yj0HX9hHdT7q/jpuZmuF6tLW9F16WIp4Mie4DMTKYI64nZp2G7y8COljrl+fpF/r2nD3iAZXW7tBh865Zknnfo9KndX+tLbB6eJPmrmzUzJfX2QKeK+Pf48a7XsW6VvZ4b9XNuSSRcsUri1PWk1jh82TEtvvJfVDgYK0081uJ3YeOf9a8Bwwua10nnq5wSupuGgAA6C0ZhmEovX4+0o7NfnlK3DIMQ+6pM+SqeVPvNYen76+RPE95lGsYMoxceb45Qy4ptA7JPt2tEo8kz1Py5JrT3SUeqfGUmm3zx142V0WTXRHz3vofSYr+rFnv/XKz/J4SuW3lVvQy7hKNqf1TuOwf7VeNp0Tu0Ox9d5zjb79Z771ZI8/zM0P7ZuR69M0Z0uYdH5nHb+Zreu37wWNk7qcntP/m8a7Z/1FofX+qDbanj7RjszTjm/ZlZ+p5T43efK+5T+vDMAzzEese6kpyacZUt1UvRZrsklwzplp1ZbZX//HmhOoxfY672eddk4vM4/LRDm3WDH3Tkxuaxz3zeXms80Dze2+qxjVDU93B5d2a+dprmukO19Hkolzb+rv2oYj+Ivv0qHkV49whj54Kls1dIo8adSpYLs/zoXIEz03avEMfBddtL7e7RB75dbw5fjlTVefJqda1s05lPBH8vVKZw6XrR3xR81yQY/hndJck6UfKyL2g60eSGHu15b1QtuvVIz4ZcspRHGO+J55W5iC/roaCqNXqqK2TkfsZZcWaP47U1qsU61h9tGmlalyTVZSbaHsw5429XutaaOvDuZ5vaoYrfL6SFLpWhpa3tbHcoslydTlnBNtcrjzff02vzQwvb86f2PWwu37Y8773xU/sY2YYhnLHBM+bidVJ6NwRde6JPl+Yy5rnh1B92o6ne+oMufy1+pPtvBY+77k183mP/FaddX/dC247fE9gfLRfNfZzVa5H35zhilsH6XMMoueL7ic9XMc/2qHNftt+W8f0+8Hf7XVmzft86Hhb95O2e87I60nU/UXzn1Tr96jEnWw9pO7HbI+5KprcqP0fBT9v1p9qZZbbvr/umXrtte+H2mfo/jjm9U9JXK96vrfq7lySULnilsW81wnfBwXXN1PutL0P8mvz4rmaOzf8s3iz39b+jaj7kvCx7rK+5vf0y83SjJds+5jINH744YcffvjhJ+GfRKRfxurhA6pxzdBLwa9tnQ9osmuL3g9mXgZOq1EuTbZ/+eoc0eOIoa4x/fjb2ppVei46w9Q1Qy/N7Om77fEqGfNWaDiAwwdq5CmZKelALxU0FQJq9Es1q57rOrh/1GOMAe9P9eIWf5fJ40s80qoDOjxzvMYHDup9v0dPjZfVdvyqefE5bYlatWtGavfiVhozIlbbTrweby2/tsSs/5f0fSujInC6UfLX6MXnusylGZICjX5pzFN9lyHkGhNz2wGzwrv21b6t8Bty9YhPA//KGg6g+DMaIJ8u10mZpVHz3J+rAZKuFt+njEvmPKl211CndMmn6/YP606qc4o79RtLhn9LjDbq0fOvmRmFh2+2PcS61smpEUkPjz1GMU8RNoc3P6dVoXK6NDmR4nXTD2+HvhC7TsZr6gyXXgyeVz3P67Uer8N2Lo3pcu/iV2NAGhGrPp1j5Ip8kDvudS9a4HSj5JqsyM3dBmOr93Adj7Xf8VcVY94e7ifHl3ikt04roPFyBhrl95SkxdMuzgcmq3GnNRxA4KDe12R90ykdjDVzwKufvrgl/OLMm+2Wqbq3uqFymfc6Y57qT/dBLs146fuRGbOHN+u5VW/JO/X7SWTSHtbmF7dIM16KsUx30wAAQKplJhqBvTUC8r5VI/nV9Q9W/04d9syQ27B/axs5S+RnUdO7RJsjI9DxljXs38rf7O7dAMOQ5Hlea2fECCJ0KZNZbnuZ3SVjtGrnYXlmSAdqPCqZYcjwxVv+1op1DIM8z69V7F02FPC+qiXVfkkePb/2e3LLpy3zVil03Nwl8miVDhyeodxT78vvecqW2etS5bLvxbzR7Nu+YNgyFOwf29qnottq12Wi/+2uHvtGZP37tszTqppwdpFZNkmuSi37XqxH4g2Fm2+MfYjRn+P34ci6jlwmas5Y545Y07vpq4GEypH6c43jRhaqe0/XS7+lrGLpWqFbOvtLXVXUN3F17+l66UJlPCHdNTQ8T7pKeZuP10btx++G20O8a5NtG4lcr2wTQucK2zJm/7P2ZW2FnAGvXl2yL6HrYbgocU/iCV63bo14fVsyA8Gu0eY5qKc6yfV8T2s9knxbNG+VGTx2VS7T92wXFSOywrqcW7oWIU592tbT3NN1L2r57s976X0MItpZzDYd/zpuDv0Sbx8j239393exr7ky7y/8b+lPzR6NPFAjT8mMPr53kCRDRm6RJjWu13vN39MDB9+XJs0xs0Ol8P1vwKtXl1TLL/Pe4Htu6xwg9Vzv9m0ZUceyx3urQMSyVpHC60+iXN1fO2PXTvrdB8U4D7g/r0rXEr3/p2Z5EjqXBOR9dZVqPM9rre3+ydTdNAAA0Bsy+roAEQIHtc/vUuWytVq71vazrFIu1eiAT5JzpMbIrxMt9uVOReV0IMRdIk/NAfl8B8xhAPq6PD3K1WiX1HgqEGd6QAf3+eV5fq3Wrp0RZ3+sx/UOeM15S6y5YrWd21ZP9Zge3DOWqdJVo1WvehUsqXPkGMl/QvEOU665Y0q3PUvXct2Yal07Kw0o/JE1DECsR/zN4QAGjHqtm3lu3tVzAWlQbuglV5Kk4vvS7OLV1U23h5jnq4BOpexi59OBGut6G/NLjO51t3/9qy/4dKBGGjPSqaTqxD1Da9eu1bJKl/z7Dia4r7HuXVwanRunzlpOWNl7iVz3IsU6jwZS13hSzH4MetDDdbyn60eP8/Z4P+lWicevfQe95pfVaXNT5dQDk6R9B306uE+a9EDXugwc3Ce/53mtXRs70Hjjm765e6ubK1d39zr94z7ILqE+ICngXa9qv0fPx6iw7qYBAIDekVZ/mwYO7pPfNUld7gedFXrKI9Uc8Ely6/OVLtW8FQzEBORdXy1/l7XB5FaJp0arVtWEA4xpzamKpzzyV6+XN3QvHJD31Xl6NfyB7UbZ+mY+ai3uEo9UU61qv/lHq/Wp2XZWbVF4tEiftsybpy0+3WYSq8e+51TFnEq5/NVaEjwI7s+bwVb7QfFt0bx55nFzVjwlj79avwtN7n6/zD+e9+mgNTngfavrY4Gp2BOrXOtt5Qh4X9U8W9C4P7l6xCfd/9fKlE/X4jzif/WIT0Zucbfz3LQdb+raJZfumvMj64NKZZUWy2EbozUd3Xx76Hq+Cv7B/FTKnu20B0N82rIk8Wtpd/2w//SFcGZXOAbRXZ1EXy/MgKdr0gMJB6a73Lt4nlKFM1Z78WnLqhq5Kj8fCqT2dN2LYJ1H3/KGTnxaX52Od0qxjkF3eriOR++3zOzHebEu8l2uNZHHJG4JSjzyV1en3ZfVzgcmSdWrVK0Y99FBtuB9wPuqbbiLm5GCe6sbLlfwXud34W0HvHp13qvyBvrLfZAk3+9U7Q8H6nNHu6SaA6F98v3Odh7ybdGSaqlyWYwvWbqbBgAAek0aDQXg085qv1yVs8OPL9kUFpdLq9+S9/EqeTxVWtA4X0vmmRlS5ZWVcvn3hQfolyIelezy+GKsRyzjLRua3EePztnK1t1c9nJHl7mwuFyqkYoLrf2y738vlr378vpVvWSeInPcXKpcWiVPYaWWVq7QUtt0V+VSVXlyZRiSZ3al9i1dIuvwq3zBUlVuW6rq/YdVWWjdShYWq1w12uOaZL30wvw412o7q+aF79rLF6zRjML4j5HdGnEe+7W3T9n+b8ReJqK9dFuPfdOao/uXJCnXo6oFjZq/epVeHb1UVR6nPFUL1Dh/lcKHqVwL1sxQoWHIUKEql1ZqxdJ5mheavEBrPLkKP3Fo20ZhpRaUz9dqqx5clQtU6VqtxmB/sZ0fcosmyVW9SvNqzO3ZH4cMrtf8J+rRasOQYQTLFW6bclVqaZX5wo5w0WItK7PN+ldrybx9Zj9IUezshoYCkKxH/Ys14Ox78R/xT2Sem1atjtekrOcWakjVX5sftfynLoReZpWYlLb5hM6hybaHruvN9VRpqVZo6bxgSy/XgjWVVj9I4HrV5RFa+zmjUJULyjV/1TwrQOdS5dIFKl+6WvsONsvj6Wn93fRDI7fbfe+za2mN/ZwSLNZSrfE4rfbRU51ET5dtn6MepQ5tVLb7C5cqJzVqSfB4uiq1tLIwvO01C7RlfrjOkrnuddm2cq3zaHCZclVWumTeKqXzMYhsZ7L9P7Rn3V7Ho/dbVtsrlGFIRZNcql41TzXlC7RmhlueqqXSiqUKd7EFWhM8JhHHz1Zg6/5CxYXqm2tpUFQfzS3SJJekSdaLIMM7YF7fPLNVuW9p6N5Z5Qu0tHKbllbv1+HKQgW/g45d75Hbir5Wurs9Jt2fS5xJlCv2tdO61wkdRHPbnlxDRm463gfFv/8tDJ37zToJ1mf5ggUqr9kmGYYO7zc/67KO8gVaoPjT1pDBCgBAr3G0tramS2QVAJBiA375xV5ce6WynvuWVDs1rbNHJen6t97u6yIAuC34VL2gTsWrK8kKBAAAuM29/PLLPc6TRhmrAIB+pfgzGiCfLqd5UFXq2xeVALiN+A5oT1mxpvfZUz8AAABIJ5k9zwIAQKRBc2p1V+4FXds1tReHAQCAdBHQnp+9pK0NZZq3ilxVAAAAmMhYBQAk7dL6Ul3q60IkgWsdgJuTq7LvrFSZFDnuOQAAAO5oGX1dAAAAAAAAAADob8hYBQDc9rjWAQAAAABSjcAqAOC2x7UOAAAAAJBqBFYBALc9rnUAAAAAgFRjjFUAAAAAAAAASBIZqwCA2x7XOgAAAABAqhFYBQDc9rjWAQAAAABSjaEAAAAAAAAAACBJZKwCAG57XOsAAAAAAKnmOP/zz/DXJgDcrq5f6esSpIcBd/d1CQAAAAAA/cjS4w/3OE+mHI5bUBQAAPoQ1zoAAAAAQIpl6trlvi4DAAC9i2sdAAAAACDFeHkVAAAAAAAAACSJwCoAAAAAAAAAJInAKgAAAAAAAAAkicAqAAAAAAAAACSJwCoAAAAAAAAAJInAKgAAAAAAAAAkicAqAAAAAAAAACSJwCoAAAAAAAAAJInAKgAAAAAAAAAkicAqAAAAAAAAACSJwCoAAAAAAAAAJInAKgAAAAAAAAAkicAqAAAAAAAAACSJwCoAAAAAAAAAJInAKgAAAAAAAAAkicAqAAAAAAAAACSJwCoAAAAAAAAAJInAKgAAAAAAAAAkKdMw+roIAAAAAAAAANC/ZBJXBQAAAAAAAIDkZBqkrAIAAAAAAABAUshYBQAAAAAAAIAkMcYqAAAAAAAAACSJjFUAAAAAAAAASBJjrAIAAAAAAABAkshYBQAAAAAAAIAkMcYqAAAAAAAAACSJwCoAAAAAAAAAJIkxVgEAAAAAAAAgSYyxCgAAAAAAAABJyuwksgoAAAAAAAAAScnsZCgAAAAAAAAAAEgKL68CAAAAAAAAgCQxxioAAAAAAAAAJCmzk0FWAQAAAAAAACApvLwKAAAAAAAAAJLEUAAAAAAAAAAAkKTMTt5eBQAAAAAAAABJyczMvrevywAAAAAAAAAA6eNiz7M4DIOUVQAAAAAAAAAIqqqq6nGejFtQDgAAAAAAAAC4rRBYBQAAAAAAAIAkEVgFAAAAAAAAgCQRWAUAAAAAAACAJBFYBQAAAAAAAIAkEVgFAAAAAAAAgCQRWAUAAAAAAACAJBFYBQAAAAAAAIAkEVgFAAAAAAAAgCQRWAUAAAAAAACAJBFYBQAAAAAAAIAkEVgFAAAAAAAAgCQRWAUAAAAAAACAJBFYBQAAAAAAAIAkZfbGSs+dO6fz58/r2rVrvbF6oF/KzMxUdna2hg4dmtL10t8AAAAAAMCdprfiLEmVIdUrPHfunC5evKghQ4YoM7NX4rZAv3Tt2jVdvHhRklLW6elvAAAAAADgTtQbcZZkpTwSc/78eQ0dOpQgDxDl7rvvVkZGhs6dO5eyDk9/AwAAAAAAd6LeiLMkK+XRmGvXrmnAgAEyDCPVqwb6vQEDBqT0kX36GwAAAAAAuFOlOs6SLF5eBQAAAAAAAABJIrAKAAAAAAAAAEnqlYEZeSwZuHXobwAAAAAAALceGasAAAAAAAAAkCQyVoF+jv4GAAAAAABw65GxCgAAAAAAAABJIrAKAAAAAAAAAEliKACgn6O/AQAAAAAA3HpkrAIAAAAAAABAkshYBfq5m+1vvi3ztXpPrCmZGpLr0gNf/Bt9ZfIYDb6prfQHAdWsWKrq0Qu0ZoY7zsDIawAAIABJREFU7lxx6ytziEa7J+nzf/N5lYy4wdpqb1TNr+o14m8/r/gliMUquyq1tMojZ4L7AgAAAAAAblyvBFYB9DdZck0q1uiIM0KHTtT9UfteX6HGjr/T300Z0VeFS0Nd66vjdL3qfe9ow4/36Y//8+8059PZSa81UFet6g9Ha0EKSwoAAAAAAHpHGgZWrUwrf9cp5QvWKL2Tr3zaMn+1Yib/yaXKpVXyOM15ZO2Lb8t8rZaZVWb/f08CNSu0tPFJa16zzhqf7Kl+upbPVblUVR6nfcVasXSfJi2tkv1j3O5GaNIXZ3Q95jNO63cv/1jbtv0f/dEzR5++q08Kl4bi1Ff7QW358T9pz/p/lftHt7IPOeWpWiPPrdocAAAAAABIx6EADBmGVD5/tSrtQcJAjVYsm68t0Z+nFUNSvqYviRdQMcJ1Y5j7adg+L6xcrdVKrP7MeQzbv+F1xuSr1oI1e5Q/fYlWhwpnBmTnvz9dS6o8cgbLZa2XER36h5sdCsDeBruu6l495Bmtbb8O6Nw5Q0ao6RzUf7z+uvYcuaBrytSQwmI9+ZWvaNKY4CPwAdWsWKatY76h+Zlv6592n5GGPKLZP/y6Pq1G1Wx9XW//8YQuXJMyh4zWp7/4NU33RA430N64T7/+9TbV9biNb+vHE+u14fU9OnLhmjKz7tWnp82OWl+7Gvf9Wr9++0P5Wzp0TbG2G9x/o9s67ba+sopU+T8fVd3PdmvbrmMq/xtXeFoPdearXqA1eyTJr9Xz90jl87W60p1g2a26ULAvx9iX9sTqHQAAAAAAJCYNM1bjcHpUNf+EFqypVvHqSnP8wUCNVizbqobQTPagpk/VC+o0enqjtm5tkPKn6/lJ+/SmJmnM1q3ao3DwNlCzQsu2NsRZxzaNnj5GW7cG8zzLNT+4/RTzVS/QGgWDKdHlCm83/PkaLWj8a/21/lP/2SBpzQI1Tl8SmYEqaz/W7OkarJZTnqol0opl2lBTFGM5RQRkq4rqtWLZPk2yBY7tZQ7UrNCyE5M0vXGrgsXOjypPvLqO3vfQvCeeND/r9lijN10ItEi6V7KyVa/6/kN//0+7dX7EI/rKN4qVqxbVvfNrvb68Xv75P1Sl2xam2/e6/mnEJFV++4u62pIl1+CAalYs19aWQj36lW+oKFdqqXtHv966XI3XfqgffdYcbqDdV62/X7NHHaOtbVw7ot1v/z72Nv74uv5xX7aKvvI1fTurQ3Xv/FofbP2ZlP2Pmm2l2J7+3c+0fHuLRj/yFX2tOFdZF05oz+/fVt3Wn6kja6n+d0nyj+3H5fLo8dzd2n7Er4BcciZYZyPKv62vXd2q1z/I1bRvP67R2SNSWPaAav6p53oHAAAAAACJ6z+BVUlyF6tc23Q6ILllBtrGzF+tKjPKamZsbahRUTD7Unu09cR8rV4dDFTuU8PWfZq0ZLVWWwG5QM0KLds3SUtWV5nL+Kq1YFm1RoSCpw3aum+Slqxebb0QZpnWVBdHBAB7gxmAHKP5q6vCwdQF1WZw1VOlJbIFHfWw7lmxTCeejJPN66vTHpVrfswiO+V5slxbt9Ur4AnWW3C5ai1Y06jpS1abAcxAAgXfs1Un5q/Wandw+Q2qKTIDoN3WdXG5tKZOvkq3Ve8B1e9rUPmT4aBq98caqXdVpw+8rn/d3SHlT1JRtiSd1p7q3Tr/6W/ox7NLQpmOD5QU69MbfqR/q/5An/3RZxUK010r0tfmV6oklGRao30N0iPfXqC/eSC4cJGyOn6krX/0KfDZEXLKr7f/bY8u5H9FS6o+ax3fB/TApGJt+/FyvRO9jQu5+vySKn3WGSzLCN313TXaU+/X7E+7Jfn1xz0XNKT8f+u7lW4rPvyAHigeoQ3/77+p7shpKZWBVQ1R7ghJ9afVIsmZaJ2NeUCFriHSByPkeuABqx+kqOyB+gTqHQAAAAAAJCMthwIIrqPraoZpdH6DGgOGDHe5vruqXOHHd3M1YVK+tM9aVoYMSWUPFYbKY0hS/iRNyA0u49PvtkrTXyxXrmHOr8Lpmlf2vLbVfE7fLbfWMS04PbiN02o2CmMEIgwZatDWZQu0NXpS/nS9+N1y8xFdcwfNoQBsj+uG/39Yv9vaoLJ531WhVa7c8m9o+r6XrHI5besweqgzKXC6UcqfpGHBfexSraOV39CogGEoNzhDoEYr1u5R2bxVKg/WV3CabTsR5bf283OF1vTCh1SmPebxyu2prh9SmdbqwOHpKnTLCgSVaVqhIUM9Hes7200PBWBIitduJWnIRH3jG9ZxCxzUvjPSiCLJf/BgxGztmdnSmQPyNT+qe51WmfKLlJ9la5dDhig3U6rbvkVFQ76oiWOydZeyVPw/VqjYKozhP6APOqSHHi8LtxVJ0mg9+nih3tn0e/3x1KN6fIQ1ZXSx/jLX3vaHafRoSY3Bfpqvx5f8gx4Prj84W+YoFY6W6trbdcUwdJfCjbrboQBi9INIWRoyTAr1i4TrLGqYAbMCkyu7wue/iH1JpN7j7jEAAAAAAIilf2WsxuRT9fNrtTf4a/6kxBcNnNEJNWjvS893CSjlT7/R8uRr+ovfVfnNpH8FzuiE8jUp1/6hU/eOvol1JqVBW9c2SCrTtFQl5vZY124Vl0lr63yqdLsVOLRPDWXTooZcuIljjR5kKf+RhyLecq+sMXJ/ulATXSMUemdVy2mdkKTd/65/3h1rPefVaKZpxnbXpzXtaxPV8Ppe/ftP90qZWcp1TdTjjz+uh4pGmNmcV6+qQ7kaM6Lrm7Kyc++VdESB81IoZTUz0TdqXVV74LROnDmjM756/fHDD3XkjCRd0Pluipy88zpzwvbrzdaZpJsueyL1DgAAAAAAktLPAqstamzI15hcyR5ky5/+olaVOxXY8zO9tC/ZdXYXCG25yfKmB+e9o6WGRsWN3bQ0qiF/jOxx3LJ5q1Rc97zWVhdrVcqGPeg+6Ow2I6vyVebqzL4GlYWiuqk61ojvXk36QmXCXwiUzVt1wy+Rcxb/Dy0pPq/G+g/1we/3qO7IB9r6zx/o1/nT9YPvlvfKI+mBun/T2tc/VIv55iflZo9Q/kOPaOIfdusPKd9ai06fkRSjT91InaWq7H1R7wAAAAAA3M7ScCgA++OwUROO1GmvRmteriHDV6e9+c/oxe+UKze4Teux9MjHWm3riZ6ee69Gq0GNLYaMXHWjm3XEnjvOI8Jx1qnIOjNilqtFp09IGm3f1/BycetMkgqLVaa1qvNNV2Fh9MQW7dm+V/mPvGg9dm1IytfoXEOFjz+j/JfWqrp4paYXRmyly3bi17+1RCJ1HSxnzWidCA4DYMg87gkd6zvTzfa30HoSabdDcpUr6ZD/lIzC7l94FGqZMY/REI2eUKYvTyjTl3VVp3ev1Su/2a7dx8r05cy7lKUWNZ6+IuPeyGzU8y1nJI3WCOvR/3jbiPj8/Afa9O8fquOhWXrx2WLlhlZ5Wu/8Ybf+YFs+/JR/z3Uat778dfqgQ7q3uMDsU0nUWcRwG5KUdNl72pdu6t3V4y4DAAAAAACbjL4uQMJa9ujna/eqbN50hWKDDSfCOaVHtuqlNxpiLxtXoR5/Jl97127VkdBnR7R14UJtPdLNYr2ua7la9vy73mgo07TybiPAcdc3fV6Z9q5dqJ/vsWfhtmjPz1/SG3pG34i13txyfcNejtwRGq0GfVDfEiyUtu/tulii+9S1rgtVXCbtfeMNNeSPjsj2u/ljjZQYMVGP3iu1/Pd/q77DPqFD9ZsW6XuLNunDjngLS1frf6OXFi3Wb/z2T+9S9hDbC5hcD+mRLOkP7+yNyhk/od3vHJGGTFBhMt3gjF9HJE18xB6YlHTiA32Q6qT0jnpt/eVudWRO0BcesoKoN1NnKSp7QvUOAAAAAACSkrZDAexdu1CRMbt8PfPiSoXif4XTNa9sodYutObKf0YvzivTS2s/UH1LuRKNP+aWf0fzTtjWI6lsXjBD80Y06I2XFuqNGFPyn3lR3ylPvFwv6ud6aeHCYKk0b2U4qJxb9Ijy31irhXvNz4seydcbaxdqb9k8rYxV+MLpWrmyWFsXvqSFtsLlP/OiVnZTWbnl39AzH7yktVuLtXK6GaBduNZaR/4zmvdMvtaeiLt4l33qqa4Li8ukvXuV/0hROLCaomONVBihR6aX6Z21e/Uvi0/o0elf0oTMFh364L+159BVjX7mC5qYFX/puwonakLmbu1e+1Od/8KjemT0EF04sVe7/+tDZeY/o0ddkuTSF75Vprq1v9FPfnpCX/7cQ8q9dkS7/2u3DrUMUdm8x5XUcMP3FmpC5l598MufKmv6lzRhSIda/rBbv607oas3fAY8ow/+a6tO2JbvOPOhPjxyQdc0RGXzvqHiUMwy8TrLysqS9Ae9806hrhYVqihFZU+s3gEAAAAAQDIcRqqeI7YcO3ZM2dlkQQHxnD9/XuPGjUvJulLR34688R29tjdfX128MOEgdceJD/Sb3/xWfzh6QdeUqUHD8vXIM8/qy0XBFbRoz8qX9f/pq1q8sDwy+7jjiN7Z+Bu9d6RJF6xxQwvKZurZLxdFzBe9jSEFZXr6mS+oeERWD9vo+nnHiT16Y+Nv9eGZS7qWOUjD8h/Rl575gnL3vqRVe4v0zZ/M0sS7rOVGP6efPxP/mxWzvrp+njlomPKLyvS5Lz2uohj12HOdSerw67f/8i/a3XBJ1/K/qmULy3VXMmUP7XOMfUmw3gEAAAAA6E9SGWexq6qq6nEeAqvALZZugVUAAAAAAID+qi8Dq/1njFUAAAAAAAAASBMEVgEAAAAAAAAgSQRWAQAAAAAAACBJN/xO7O6keNhWAN2gvwEAAAAAANx6ZKwCAAAAAAAAQJIIrAIAAAAAAABAkgisAgAAAAAAAECSCKwCAAAAAAAAQJIIrAIAAAAAAABAkgisAgAAAAAAAECSCKwCAAAAAAAAQJIIrAIAAAAAAABAkjJTvcJBgwbpwoULqV4tcNsYNGhQStdFfwMAAAAAAHeqVMZZkpXywOqlS5c0btw4XeroSPWqgX7t+vXruudTn9KxY8dSts5Lly7pvpEjU7Y+AAAAAACA/uTkqVN9tm2GAgBuEYfD0ddFAAAAAAAAQIoQWAUAAAAAAACAJBFYBQAAAAAAAIAkEVgFAAAAAAAAgCQRWAUAAAAAAACAJBFYBQAAAAAAAIAkEVgFAAAAAAAAgCQRWAUAAAAAAACAJBFYBQAAAAAAAIAkEVgFAAAAAAAAgCQRWAUAAAAAAACAJBFYBQAAAAAAAIAkEVgFAAAAAAAAgCRl9nUBAAAAAAAAACCdVFVV9TgPGasAAAAAAAAAkCQyVm8jhmGotbVVly5dUntHh65cuaLO69d17do1XblyRYZhaMCAARowYIDuHjhQ9wwerHs+9SkNz8vr66IDAAAAAAAA/QqB1X7MMAxduXJFFy5c0Llz53Tx4kVdunRJhmHIMIyuCzgc6rx2TVevXtWlS5d0/tw5SVJrS4vuv/9+ZWVl3eI9AAAAAAAAAPonAqv9jGEYunT5si5cuKAzp0/rwoULkTM4HFKMoKrD4Qivw5rH4XDIMAwFAgFdvHhRY8eOldPpjJgXAAAAAAAAQFcEVvsJwzB0/vx5NTU1qa2tLfR5MAhqGEZEUNXhcMiQ5LAtH7FMVPD0ypUr8vl8am1r0/1jxmjQoEG9uj8AAAAAAABAf0ZgNc11dnaqra1NZ5ub1RIIRE6MCo46rM9CQwHEyTw1pHBWqxWMNWQGXJvPnlV7e7uG5+Vp6NChysrKUkYG7zgDAAAAAAAA7AisprGWlhadOn1a59raQlmmDtmyT62AqKxp9gzVLtMVzmINcTiUYX1m2IKrHe3tamhokMPh0NChQzUoK0tDs7OVnZ2tzEyaDAAAAAAAAECULA21t7fr448/Vmtra+izYJZpMDAaCpIahvljHxIgmvVZcFpGRkZEMDUoOOZqeDHDHHagrU2nTp7U4Hvu0V2ZmcrOzpbT6dSgQYMYjxUAAAAAAAB3JAKraaSzs1ONjY1qbm7W5cuXIydGBUy7BFBjBVS72U6s9cQMykqh4QLaP/lEknTu3DkdP35cAwcOVM6wYcodNkzZ2dkMGQAAAAAAAIA7BoHVNHH58mUd+ugjtX/ySXoGKGNkpl6+ckVnTp/W6VOnNHjwYOXn52vo0KFksQIAAAAAAOC2R2A1DbS1tenPf/6zLl++LIfDEZFRmha6y4Z1OORwONTe0aH6+noNHTpU48aNU1ZW1q0rHwAAAAAAAHCLpWFq5J3l5MmT+vOf/6yrV6/KYWWqOjIy+mXWZ0ZGhs6dO6f6+nodP348/tACAAAAAAAAQD9HxmofamhoUFNTk5n1aX2WlhmrPTCsl2cFA6lXrlxRY2Ojrly5IpfLpQEDBvRxCQEAAAAAAIDUImO1j/j9fjU1NZmZqYYhwzCUkZGhTsOQw+EIZa+mO8MwzLJa+xD8TA6Hzpw5o8OHD+vq1at9XEoAAAAAAAAgtfpH9O424/f7dfLkyfAH1mP/nZ2dcsgMTBr9JWvV4TDLao21GmIFitva2giuAgAAAAAA4LZDYPUWa2xs1MmTJ82s1ODj87ZMz343LmmwvDHK3mkFXM+fPy+/39//9g0AAAAAAACIg8DqLdTc3KwzZ85I6qdB1CQ5MjLkkDlubHNzs06fPt3XRQIAAAAAAABSgsDqLXLx4kUdt17odMewBY8dDoeamprU0dHRx4UCcEuceVs7/+VPMSY0a//O7dq2PerH65N8Xm3beUDNiW6j+YB2bPfKF/25z6tt27fL64v6LJl1A+nOaufbvJE9oPnATlv798m7faf2Rzf8uP0hPH/zgZ1d1t19cbZrW1R/9Hm3a8cBeh36uR6uZzffxuP00+D1MqKvmp8l0TUBAEAvy+zrAtwJOjs7dfToUV3q6Ai96OlOEHyxldHZKYfDocuXL+vYsWMqKiqKHI8VwG2lecf3VbtLyhk3Vjv/5l2N+4/5ckfNM3BUqZ4oyYv61K0no2fsTmu7Lnc3+dgBNbtLFL0V4LYxcKAGtp2ST26rjzXLH7D3CrcqpiXTqW5Wm/58oFnuLn0b6J8SuZ7d/EbOq11SVrzpl5tU7ytRxa3sygAAIGEEVm+BEydOqL293RxTtb+8lCoFHA6HZBjhsWQlnTt3ThcvXtSQIUP6uHQAekveEz/VtNFrtP1XhSr9jy8mHtj0ebXt2GCVTc2Xf2etOrJy1NrWoVGlUzW0frvq26z5ciboyQrJe8j8oN7rk7vLX5w5GuUM6MCB5hgB3Gbt31mrpmD8aeAolU0tkQ7s1N52p0Z1NJnTciaobPAx7TV/UdG0CrllZvLtDS6cM0FP8tcu+oxTzpyAzjVLypPU3KCAcjRsYLCz+OTdfkxZpVP1sA5oR22TLksalpNjW4etP+TkaFiszTSHl7X3hS5yRskZqNP+5ql6uEu3s68j+OWKtH9nrTqco9TeZJVtQqmyjtWG+mCwf/m84XNA7C9mgNS74etZzPaeF3n9GDjKvN7VmfM11R1Q89SuXwYOHDVKOuSVzx2j3/m82naoLfTrsAnTVOG2+v2oLDU1tUkaqFGl49RRe0itsvcfn7zbzc/MeWL0WwAA0COGAuhlFy5c0NmzZ8MZmndQpmaXcWStfT9x4kQflQjALXHmbe38VaFKv35EtTEfn5QuN9XahgKI8Ti/pFaN1JPTzIDQn9tyVDRtmp6cNkHD2o5pf7NbFRNyJOWoKE5gc2jJOA1uqu+67uZWDS2epieD67sckD/4nGVbQCqepidLR2lg2yEdULE5j9p0yifJ59XegFNl06bpyWmlGtVxiEcy0aeGDpYCDWYDbm4ISM6RMTLfmrW/rkkaVaonp03TSIUDMc0H6tSkUWabHikryGLnk7c2IGep2WfKRnWoPm6jz9bD47LUVN91enNrtkqmWf1uQo4uBxpCjze3BqSSadNUNmqgWg/VmX1wQo7Udko+mV9m1GtCqM8ObqqL8dg00AsSuJ7FEru9+1TfJI0qta4falK9L08PF4/SQA3UqOJ4T1jkq2hUh/4cY8gBn0Za/cLqP6eCfe+ymtrNaUU5l9VUe0ojrXnMsjRr/85D0oRgGbPMwO6N1BEAAHc4MlZ7kWEYOnnypC5fjnpY1eGQw5p+uwtmq2ZkZISGBmhvb1dnZ6cyMojrA7ele7+oqf9g/nfaX8aeJZGMs4GDrdy5vHw5B9aqfvt21edM0JPTppqfd40ARXGrYsIp7TjQLHe27eM8t9wRWasDw4GogU658iQpW4MVUFa+WcasgVKHpObzHdLlNu3d3hRe3ymf5CZrFX1jWL5TqjODlP6A5CweJgWiZjrXoMDlgXJa7dk9Mkf1x6Tg0AEDnflmQMc9UsMOHYtctvm82nVZrbXbtS30oX34gSjuChWd2qn9zW4NtX2c53ZHZvENHByaFtp+dpYUGGz1wcEaqHZJUmv7ZantkLZtPxRapr2hWcojvQ69LIHrWSyx27tbI3MOqb52u7YNHKWyqdPMdp9ANDOvpFjOnfXyqSjic7fbHZm1aktGHzbS7KHDBg+UNNLsr9lZ1vmhVR2XpdZD27Ut1K065KdbAQCQNAKrvejixYsKBKL/upH5UqdbX5w+EQwed1pDIBiGocuXL6u9vV2f+tSn+rJoAPqNPD08dZqCjy1u237IfNwxkUXdRXLurNN+ew6f9UfosAnT9KT1yGRSePwf6SQvX07Vye+TAnKqJE/yp3wj3Tz+H4O7yKkddQcU2e22q97KPHf7vNqWZLfj8X/0J/Hau7tiWuiLvb3bm8x2nZ/IGvP08Dhpm7dBo0KfWV8QapTKplVYw9kkU0oe/wcAIBVIGexFPPIe34ULF/q6CAD6i+YD2rHzgJrlVsW0Uo0amMzCeXq42KlAU1vkxwNHqcgtyXeq58RX+9qys6S2Y9ZjyKl6IzRwM/LkckqBYwFdzsqO/Sjx0Hw5B14ODRngO9VmW3Zg+LH8WP0hL1uDrZdSSeZj+ZFvKY9VpBKVOAPq2u2K5I7YfmKGDR6oy6FhPXzybuet6Eh/Xdu7T97tXvmsLwuLcrpbOgZ3hYrUFB4f3DJsXInyury4rifDlDXwcnjYDp837rA8AACge2Ss9pL29na1traa44reAY/8J6utrU333XdfXxcDQH+QV6IS507t3b7d/D1ngp50S2oerIFqivPyqsjl/5+cJtV3WL+7R2rYoUPm4/w5ozRqYJs6Eo2uuitUdn6n9gYfi86ZoCfJokMfy8t3Sk1NGjbOrdjPFZvjOO6ordW2psiXV+WVFGuUlT0X++VVblWUng8ta2avxhsL0rbFknEa1nRIwQQ698gc1R+ytj9qlAa2tSf8pUZeyVQVtW83hwORlb1K0jjSxOWmYN+QQlmgMdt7iSomnNI2qx1r4CiVVeRJatVgNcV9eZWdu2iU/lwb3Jj5xcjeQ9u17dBAjRqVIwXOq1nZ3awhKE8PT50QegokWG66FQAAyXMYKR7o89ixYxo3bpwudXT0PPNt7NChQ2pra7sjxlG9EdnZ2XrwwQf7uhi3VGdnpwbfc0+oj6TCsWPHdN/IkSlZFwAAAAAAQH9z8tSplMVZ7Jqamnqch6EAekFnZ6fa25Ma5OiO43A4+roIAAAAAAAAwA1jKIBecO7cOV2+nMw4RwAAAAAAAAD6EzJWe0FrqzlqmMPhIDMzjs7Ozr4uAgAAAAAAAHDDCKymWGdnpy5cvBj6nTFWY2tvb6duAAAAAAAA0G8RWE2x69evq4PxVRNCYBUAAAAAAAD9FYHVFAtlYjocBA67YYjAKgAAAAAAAPovXl6VYp+QrZoYw1BnZ6cGDBjQ1yW5w32kX/2vn+m9GFM+891/0df/ortlm7X7H36ovaV/r0UP/kmv/LBWZX//d3o0L2qu3f+gH2ySvhY97aPX9be/GaOf/N2jiloEt4HWtja1tbbq2rVrfV0UIG1lZmYqZ9gwDcvJuaHl6WdAz+hnQO+72X4GAP0ZgdUUu9TRYf7HyloVWZkxkbGaXnoOot6sY3p9x0d69Gu9uhGkida2NrW1tenugQM1cNCgvi4OkLYMw1BbW5skJf3HKP0MSAz9DOh9N9PPAKC/YyiAFLt+/Xro/44+LEfaszJWcYcYN07j3vuZfvVRXxcEt0Jba6vuvvtuORycBYHuOBwO3X333WprbU16WfoZkBj6GdD7bqaf4f9n735j27rze89/DiVLlv9SFpPIMdURp061d+y767bM3nUQUANcF5kMhAWcndsWUrDV7XUtpA8WHmUfODYwZQdw4gdrjffB3oFctVWBSDszO0ieCM0ENw9GROBgG3ave8eeqSZuqKkYm4lpi7IlWxL/nH1wDslDiZIomRRF6f0CDJs85/z4Iy3yp9+X39/3B6DWkbFaZmRhlo7XqgbEx5cs8bdKB2jdGa4n9Vq3dGVgRC8O9qjopfFxvXNxVJHs7UC/rvV0KF9yoFtto6NW2QJft94+I/1V9nxft6OkQGF5g8pn42KpVCpFZg9QIsMwNrTEmPcZUDreZ0DlbfR9BgC1jozVMspkMpqZmcndNiW+4V6BaZoF2b2ortBAn8725f+8Mx4v+2O0dJ5Rjy+k94q2Hdf40Kja+gd1bXBQ1y51yxd6X85TI6NRvTg4qGuD/QpERnVhSPqz7LmRUf1swm7n8oCmui/l2pkauKwKPB0AAAAAALDDkbFaRplMZlkWJlmZK+O12To2J6vTo84z3bp+cUjjx86rc+mx84P5m/ejikh6yXGGr/sVO9O1RW0+yXfymJWh6mlVW/ak+C1djwT02nl7OyxPp14LjOq9W3F1Lt1VCwAAAAAA4CkQWC2jVCqVqxtqGAaBwzVQY3UHsgOdV4bGdex04aGJkT5dya7f9/nk20j796OKKKQrfaHC+wP3JRFYBQAAAAAA5UNgtYwWFxcJpq7tNSMPAAAgAElEQVQDr9XO1NHTr0DfgH4WDuTvjI/rvZBPPdlarnZt13Vr8cqngF5bqY4rAAAAAABAmRBYLaNkMpn7NyHDtZGxWgM8rWpTRNezS+knwgpJCqx54Wo69Hp/QGcHQpKv23F/RFN2YunEh6OKyFdQCqC0/h7TS75RvTf+it7q9Ci7kdVU9yX7NqpvUmPBYYWX3u3t0rkzfrmr0SVg21nhfSbl32uTYwoOS73BLmksqGH1KtjVrknHvwGUIqHw0FWNRbO3veo6d0b+7ICWCGvo6g2dcN4HAAC2DQKrZeQMrIpszDWRsVoLOvStbp8ujF7U2VFJgW71+KSpp272FfX4QhrJ3s6WCBjoswK3/f0KhAZygdbSedR5vl9TfXZ/JSnQr2sEVbccf29Q+biNNSm9OiSCq0AZFb7PyisRHtLVGydy71kCstiZrC8xYl3nFDxjj16JsIauBnWj65zOEEkFAGDbI7BaCYaRD6w6/40CBFa3gg69Pji46hmezvO6VrDTVPaGteFUp33fW4OdSy9d4fql19o96RnUtR7HHbl+LT136e2lz8G6/fqqzwpbi1v+M72KBYf18aS/YoEgAGtr7woqWO1OADVicmxYYX+vgs4AqtuvM70xBYc/1qS/SwxpAABsbwRWK8CQoxQAwcMVUQoAQJ5brV7pRjwhtVsT1MmxoIZza5nzSysnx4L6SH4pHFbU26Vz35F+ejWmVn9Y4XA+S6/gen8+k87KrPPLHw7bS6WXLNsEdrClmadF30eTY7o6FpUU1dUh6U9P3LDPGVaQrFXsGJO6GZb8vUV+3tuPy69h3Zzsyg5p+avGghoO+5eV4ZCWZILb5Tr89tgmSd6CLNjCkh+5DHVHmQ+7VYWHrurGCfvayTEF84PrkjYBAMB6EVitAEKppZlfWKh2FwBsGW55WqVoLCHJmvgNx7p0LuhYZvzxpPz25DMalnqDQWvSmAhLCivWek7BoDU5TISHHNdbk8qhsGPyGI6p9VxQQTtQO/zTsI5ShgDbTHg4uKzO6nrKAxS+j6wgzlDrOZ3xd+lcV8xRCsCv3hilALDDJOKKyasTRQcOx5eFjuO5Ly6C9hcXaz6IY2ybHFNw+KcKHz0jvzuh8JBdgsDvtssPDCl87oz8zqBuu6TEbd2IenXiO25JkxobjqnrXND6MnFyjMxaAACeEoFVVM3C/Hy1uwBgq2rvUvBM9kZC8ZikVsdx//Elk0CvThzN7RSi2zei8p86Y89n3fKf8mvso9tK+P329adyGaruVq8Uq9DzAKro6WqsWu8j74nv2O+jdr3c5dXVG473EYCS3fhpUNHW9X754Nep/GAlb3awStzWjahfp7J1Xd1+nfKP6aPbCfn97Trul4ZvTqqrvV1KxBT1n5J1aru68oOrEssGVwAAsF4EVlE1iURC6XRadXV11e4KgKqzgqfeE87NP8ZkbbLslde7vrZi0WLZen4lytNZYAew3ketp8jjBopye9SqqLILLQotff9EFZVX3vBHCr9chtIziZiiCms4uCQn3W91pv3lLnmv3tRkV7t0Myz/8a5cv8JDVzVmDa7yrm9wBQAARRBYRdWkUinNzs7q4MGD1e4KgGpL3NYNxyR08uMxRZfVRS2VtQTTf6p4tt7aSy8BFKt7DMBpSWao0+RNheVXb7tkfaPnVdd3zujo7SFdLUfpGXervPLrVHCFJfzuozrhHdPNyeNS2K9cXHXyY41F/fn6q3Y9VgAAsHGuandgW2LDqrUZhiTpzp07SqfTVe4MgOpKKPzTMUW9XXrZOUOMxa35aCKsj5YWilyVW0dPeBX+KJzLUJ0cCyo4FCZjFSiZ9T6K3rhtv28m9fFYVN4TR6lFDNjau3rlDw9rKOwYXRJhDQ2H5e16eVnQ0+3/jro0pp/a57tbvVL4pv2Fn1V+oyTuozrhDeuj3ONOaiwYdPTDHgeHhxVb1o+Y4tbgqvD6BlcAAFAEGatlZBJQLZ1pSoahRCKhR48eye1mmgbsJMuW6fsL685ZyxjHdDU4Jnm71Nvl1fCNuBIlbq/h9p9RbyxoXW89gHrtjbAIrmKnKLZ5lfVeKG2jmmXvI3+vtVGOJPfRE/KOjelqMGa1d9wvDQ8rGOuyN7QCdoJ2dQXPKTx0VbnhRt785lDL2DW/s5tQ+U/JPzZsL+n3qqvLL90o5XHd8p/pVSzoeFzH+1Oy36OSo/64pPaX1eW9qrGrQY3Jq67eLnmHb4jEdAAANs4wyxwNjEQi8vl8mn/ypJzN1oRoNKqpqSnJMGSIQOtaDMOQaZr6+te/rueee67a3am4TCajPXv35t4j5RCJRHS4lU0HsLV89tln2rtvX7W7AdSMudlZvfDCC+u6hvcZsD68z4DK28j7DADK4W4sVrY4i9OdO3fWPIdSAJVgmiKkWjoC0AAAAAAAAKg1BFbLyLDrhkqizioAAAAAAACwjRFYLaOCwCpWlS0DIEn19ZT6BQAAAAAAQG0hsFpG2cAqAdb1aWhoqHYXAAAAAAAAgHUhsFpGBFRL56yrumvXrir2BEC51dfXUzsZKJFpmhtaucH7DCgd7zOg8jb6PgOAWkdgtUIIsq7BMCTDkOFyEVgFthm3263FxUUmo8AaTNPUwsKCDh48uO5reZ8BpeF9BlTe07zPAKDW8ZVSGWWDqaYkI38nG1kVYcgagJ999lm+2QS2mebmZpmSZhIJpVKpancH2LLq6+vldrt1qLl53dfyPgNKw/sMqLyneZ8BQK0jolVGuQChacqUrKAqisp+88+3msD2dKi5mV+ugQrjfQZUHu8zAACwGgKrZbR0E6ZsViaWy2b37tu3r8o9AQAAAAAAANaPGqtl1NDQkK+tSrbqqkzTlNvtXhaMBgAAAAAAAGoBgdUy2rVrl+rq6qwb2XIAWJHb7WaTLwAAAAAAANQkAqtl5HK5CmuGmiaBwxUYhqGDbne1uwEAAAAAAABsCIHVMtuzZ08umGq4eHmdcq+LYejAgQPa3dhY5R4BAAAAAAAAG0Pkr8yeefZZNe7eLVddnVUOgM2rrICqHVR12cHm1tZWsnkBAAAAAABQswisllljQ4NaWlpkZjLV7sqWYsjasMo0TTU1Nam5ubnaXQIAAAAAAAA2jMBqBXi9Xu3evZvNq5YwDEOmaaq9vZ1sVQAAAAAAANQ0AqsV4DIM/c7v/I4aGxoIINrBVMnKWPV4PIUbfAEAAAAAAAA1iMBqhezZs0eeZ57Z8TVWDeUzVffs2aPf+q3fqnaXAAAAAAAAgKdGYLWCnj98WLt37652N6rKtP9IUltbmxobG6vZHQAAAAAAAKAsCKxWUH19vZ5//vmC+wzDkHZKeQDDkExTMk0damnRoUOHqt0jAAAAAAAAoCwIrFaY2+3W7qamgvuyy+O3PbsMwp69e9X+ta9VuTMAAAAAAABA+RBYrbDGxkYdam6WlK81amqHBFZtrc89RwkAAAAAAAAAbCsEVjfBkSNHdODAAZmmKZfLJZmmTNPcEcHVAwcO6Jlnnql2NwAAAAAAAICyqq92B3aC+vp6/fZv/7Z+9c//rIX5+R0RUM06cOCAFUzGlnQ3Fqt2FwAAAAAAwA53uLW12l3YEAKrm2T37t1q/9rXFIlEtLi4WO3ubArDMOTxeKrdDayiVj+4AAAAAAAAqo1Uwk3U3NysJnsjq2y91e2sqakp93wBAAAAAACA7YTA6ib72te+JtM0lclkqt2VijAMI1fqYO++fVXuDQAAAAAAAFAZBFY3WVNTk/Ztp4Cjo15srnas/XfLoUPV6BEAAAAAAABQcQRWN5lhGDroduf+Xeucz8DM/jFNNTY2av/+/VXqFQAAAAAAAFBZBFaroNkOrG6HCqumaeaX/9v/lmlq//79qq9nbzQAAAAAAABsTwRWq2DPnj3WP7bJ5lW5Z2EHVSXpueeeq1p/AAAAAAAAgEojsFoFdXV1OtTSUu1ulI8dTK1zuWSapvbs3UsZAAAAAAAAAGxrBFarpLm5udpdKCvTNJXJZCRJzz377LaoHwsAAAAAAACshMBqlezfty/3b5cr/9+Qq1daI5x9Ne3M1UOHDlWrOwAAAAAAAMCmILBaJQ0NDVZNUtkBScOQDKM2N7RyBFc9Ho/13AAAAAAAAIBtjMBqldTV1eU2eDIlGZJVq9TO+qylrFXnJlwej6eKHQEAAAAAAAA2B4HVKjpk11k1lF9GX2uW9nvv3r1V6gkAAAAAAACweQisVtGBAwd08OBB60Y2Q9UwZJpmTQZaGxobVV9fX+1uAAAAAAAAABVHYLWKXC6Xnn32WSuIWoOB1KWee/bZgo24AAAAAAAAgO2KKFiVHThwQHv27MndNlRb9VWdfd21a1cVewIAAAAAAABsHgKrVdbQ0JAvB1CDnHm2BFYBAAAAAACwU1AQcwtwu926G4tJ2dqqNZSxqmx/TZMyAAByphMJJaanlUqlqt0VYMuqr6+Xu7lZzW53tbsCoAjGMmBtjGUAdjoCq1vAnj17VOdyKZ3JSKYpQ8ptYlUTaqWfKGJC7/YNKFTskK9bb5/vlKdsDzWiswPSm4M96ihXmxXpS1zjly/q+slLequzbM9+R5lOJJRIJNTQ2KjG3bur3R1gyzJNU4lEQpKYkJaF9fk9Esne9qnn0nmt+FFesXFprXHEGnvVP6jXqz4gYiWMZUBpGMsA7HQEVreA+vp6NTU1aW5uTqYKl9fXklqqDYtCASZ3KKPE9LQaGhv5TADWYBiGGhoalJieZjL61Kxg5VT3JV07bwcz4+N652KfrndnA5wENFE6xjKgNIxlAHY61m5vAS6XS3V1dflf3EyzdrJAHb9s1kyGLYCKSqVSTESBEhmGwTLjMpgYGVAo0F+YIerp1Fv9AUVGP9RE9bqGGsVYBpSOsQzATkbG6hZRV1+fC0xmf4mrtUDl/Px8tbuASrCXSvZ0T2lk1FpfGegf1IvhPl2xawhkM14nRvp0Rd3qmRq1l2IGVlxiGR+/rAt2e/myA9byyanT+Wyi+PhlXYie1rWeDrs7+cdVoD93/8ptliA+rncujioiSb6AAiW/OACA6pvQpyEp0F9ktOnwK6ABfTrximLv26VvBvqsrFX7lNj4ZV2xxw5ft3P5fmG5nPzqDnusagsoFAotG4uKd3FEZweygybjDAAAwHZBYHWLMDOZmgukSirIrH385EkVO4KnERroW1ZntbA8QEjXdUnXBj1W8NKelF7rsQOd74/rW+c77VNHNdU/qGvZQOtl7/IA58SILoy26c3B8+qwJ6gXRlp1radDx076NBKe0OsdHZLiuvVJRIHTVkfi45d1Zapbbw/mg7DvjNuT4II2rcfOtrm6uMaHRqXuS7pmt3N2QPKdfMoXFQCwOeIxTcmnl1qKHWxRm0+6HpNeP9+vKWcpgAnJOb5Zn/9DGj92Xp2euMYv26UFOj32F3CXNe6o2Rqa8urtwcESvsCb0LsDody4Gh+/rAsSwVUAAIBtgFIAW0QmkynIVK2VIKtziVT83j2l0+kq9gYbFegf1LXBwj+F9ecCes2eSXpa2yQF9KJ9vMXrK2zM161v2cc6XumWL/KJbsULT5kIh6SA385k9ajzdEAKhTUhyXPspHz2vxW/peuR7GNlg6zZIK11XeSTW4rbbfq6X8llx3a80p1vZzXxW7oe8emlY57sherxrX4JAGC7yI9vavEq9/Fvjz+5Y55OvRaI6LpjQPOdPFbaqoiJsEKOcdPTeZqgKgAAwDZBxuoWkEqllMlkZKo2ywAYhiFTUjqd1szMjA4dOlTtLqGa2lrzE01Pq9qWnRBXbErynSyaWiR5jukl36g+nehRh6KK5AKw9zUVKZZdG9B9u81I6KLOjjqP+RSLSx2rzXzvRxVRm17Ld1qtyzsNANiqPK1qU0RT96XlkU5r7Gg77ZF0v/Q270cVUUhX+pas5wjcl7TC+LWCuDXoOa6ysmin1tUKAAAAtiICq1vAnbt39ejRI0mSaRhyuVxSjZQGWNrHu3fvyu12W88BO9NUTHF1WHPbeExT0pLgqhW4jESLzoAleXLlAF5USAF/j32/NRENnF5hN+c2yXfyUuHGJaVo8cqnTxwBWCtIK+/6msF6JBQeuqqxqHXL23VOZ/xLd5G1zomdCqqrvfDI5FhQH7Xmr0mEh3Q125hD8XYBbD8dejEgXcmVkXGws0XfXKsqzFItXvkU0GtF64THi1ywMo816Ck/6lnBXgAAANQ+ol9VtLi4qN/85je688UXkiTD5ZIhKZNO10RQ1ckwDBmGoYcPH+rLL7+sdndQTY6l/xMfjiriO6ljS2KdHf780n8prvH3naUBsuUABnQl5FNbLsXHCriG3h/PTWknRvp09rJ1u8NfuPNzfPyyzvaNrF0KwHNML/kiGvnQPjN+S9eZ8FbU5NhVjalL54JBBYO9ah27qrFJ5xmFgdfCa4MaDhfe5/afUTAYzP/p9Uvy6xRBVWDH6OjpVyA0oHfGHUHP+LjeGSgsE1MyzzG95AvpvVx7E3q3r6+w/ZI751dAjrYmwsvqmgMAAKA2kbFaBYuLi7pz544ePHighYUFuVwumbI2sHLWLK0FBaULDEMyDE1OTsrlcum5556rcu9QqmKbV0kBvVk0U2cNgTZNXezT2VwbncvzUjt69Hb3ZV3o67Nu+7r1tnOTKc8xveSTIioMyno6z+vNaJ8u9GXX+zvaX9qmfOq5VEr/Peq0NzQ5G7LaDARYolk5k7oZ9qrrnF9W2LNdXcFg/nAirKGrY4r6/fJHwwXXjQWHFfb65feGFVul/bHhsPy9QbWveA6A7adDrw9e0vhlZ0kYn3ouDSq/kMHObB3o01T3Jb3Vulp72bHB0V6g39rIap0Zq1KHXr/UrXcu2m35AgpQyxsAAGBbMMwyp0ZGIhH5fD7Ns0P8Mul0WvcfPNAX0ajm5+fzQUlJdS5Xrs6qaihb1XC5JHuzLWdQ2DRNPffcczp8+LCampqq2MOtI5PJaM/evbn3SDlEIhEdbl11ZripJkb6dEX9utaz7nBs0bbe825gaT+q7rPPPtPeffuKH5wcU3BY6g12FQ98JiY1qXa1u61AqnqzpQAmNTnZrvZ2K5v1xoniy/wT4SFdvXFC585kA7fA1jc3O6sXXnih2t0A4LDqWAZgGcYyANV0NxYrW5zF6c6dO2ueQ8bqJkkkEvrXqSnNzc5Ksjd8sgOozn/XUlBVsrJsJcnlciljmsqGVg2XS19++aUSiYSef/55PffcczWXjYtqmtCnIZ9eukRQdVvytkrhIQXttf4FtVDd7Stkmrarfc0U1El9PBaVv/cMQVUAAAAAQMVRY3UTfPnll/r88881NzeXu88ZPjVlZTPWWl1VJ9M0c5mr2X+7XC4tLCwoEono9u3bSiaT1e4masHEiM72DWiq+4xIVt2momP6SN+x6qGe65KW1VjdoMmbCsuv49QAAAAAAABsAjJWKywWiykSsXbCcdXVKZNOWwecQdQaDqhmLQ0Km6YpU3YmayajeDyuZDKpo0ePqqGhoTqdRMV19Azq2tM3omuDPeXoDrYsx8ZSbr9O+cc0fHNSXWunpK4qEY9J/lPUVgUAAAAAbAoyVivENE3969RULqhqGEZu2fxOYUjK2JmrhmFoZmZGk5OTSmeDywB2HnervEXu9rY+7eL9hG7fiJahHQAAAAAASkNgtQIymYz+5fPP9UU0KsMw5HK5ZEoFNVV3gmxJgEwmI8MwZLhcun//vj7//POaLnsA4Cm4j+qEN6yPwgnrdiKsj8JenTj69IHVWLQc7QAAAAAAUBpKAZRZKpXSrz/7TDOJhJWlKhVkqhZsVLXNZQPIhmEok8lIhiHDMBSPx1W/a5d8T7nsF0Atcst/5pw0dFXBMesef29Q/qeOq8YVk9T6tN0DAAAAAKBEBFbLaHZ2Vv/y+ed6PDdnZamapgxJsoOp2UDrTmPYAVUzf4did++qvq5ObW1t1ewagKpwy38mKP+q57SrKxgs/Vq3X2eCq7cIAAAAAEA5EVgtg1QqpVgspq+++kqLi4uSrNqihpQLqOY4bm/3zNXs80tnMjJk1VyV/bdpGIpGo6qvr9fhw4er1UUAAAAAAABgQwisPoVMJqMHDx7oyy+/1MOHDwsPmmYuQzMbYCz4e4fUWZVU8FpIyj13w+XS3bt3ZRiGWltZwAsAAAAAAIDaQWB1A9LptKanp4sHVEu1zbNVV5XN2jVNJZNJ3blzR5IIrgIAAAAAAKBmEFhdh/n5ecXjcd2LxzX/5IlcLteO2oyqnJzZu4uLi4pMTmphYUFtbW1yuVxV7h0AAAAAAACwOgKra0gmk0okEvrqq69y2am5zZjs4CDB1Q2wM1Zz9WdNU3fv3tXjx4/1ta99TU1NTYW1aQHUjPr6+uX1pQEUZZqm6uv5dQzYahjLgNIxlgHYyfj0WyKTyWhhYUGPZmcVv3dPMzMzuWPZAKoziMovWxtjSDLl2NzLfh1nZmb0T//0Tzp48KAOHz6sffv2adeuXVXtK4D1cbvdSszMqKGhgc9IYBWmaWphYUHugwer3RUASzCWAaVhLAOw0xFYlZWV+vjxY83OziqRSBTUTV36i5RhGPmNmJYEWVG6bEA1++plX+Xs6z3z8GEuqH348GEdOnRITU1NBFmBGtDc3CxT0kwioVQqVe3uAFtWfX293G63DjU3V7srAJZgLANKw1gGYKfbkYHVdDqtx48fa25uTnNzc7p3796yLFRTygdODSOXYVnAsYwdG5MNqGYDrZlMJn/Mfn3v3r2ru3fvyjAMHT58WAcPHtSBAweoxQpsYYeam/kFGwBQ0xjLAADAWrZ9YNU0TaXTaT158kSPZmc1/+SJnjx5UpCVWuyaJXcsD6riqeVeZzuAuvR1LzhuB7nv3LmjO3fuyO126+DBgzp48KD27NnDEi0AAAAAAABsqm0XWM3uMv/o0SPNz89by/tnZmQ6MiGxxayV8bv0uGEokUgokUjIMAy1tLRo77598rS0qKGhoXL9BAAAAAAAAGw1H1jNFstOJBJ68OCB5ufntbCwUHiSYeQyGqmJug3Y5RmyWazxeFzxeFz/+pvfqKmpSV6vV4cOHSKLFQAAAAAAABVTc4HVdDqt+fl5PXnyRA8ePNDs7KwWFhasuqh20NTlchVfVp7dfZ7gau1yBkvt2re5+01T8/Pz+vWvf63Gxka1tLTo2WefVWNjI/VYAQAAAAAAUFZbOrBqmqZSqZTm5+f16NEjzc7O6sH0dOGyfjsb1ZRkuFySaSqTyRRsQJU7NdvuJj4HVIj9/2o6b9vBdcPlUjKZzNVj3b9/v5555hnt379fTU1NZLICAAAAAADgqW25wKppmnr8+LEePnyoR48e6f79+4UnOJf1WxdYf9vZi6ajnVzQNRuEI1O19hWpt5oLmGeDq5lM7mdCpqlHjx7p0aNHkqSWlhY1Nzfr4MGD1GMFAAAAAADAhm2ZwOrCwoLi8bgePXqk6enpwoPOJd8203FMjsCpM+y29BrDLgXARla1LxcwdwbWHdnL2WNLa+vev39f9+/fV1NTk5qbm3XgwAEdPHiQUgEAAAAAAABYly0RWJ2ZmdHkb36jx3Nz+TudtVCXBEyLKnJO0Tqr2BaW/V/a//9Lyz/kautm2T9XT5480ZMnT3Tnzh0dPHhQu3fvlsfj0YEDBzaj+wAAAAAAAKhxVQ+smqapL774Qo/n5grrojp2fi/zA5a3PWwtxf5/nfcVOT4zM6OHDx/qq3v3tGfPHv1WW5vcbncFOwkAAAAAAIBaV/X1zw8ePNDMzEw+q3CNIBhQbi6XK5/J+vixPv/8c/3617/WkydPqt01AAAAAAAAbFFVz1i9e/euDJfLWsqdDaRWIlMVWEEmk5FhGHK5XEqn01pcXFQikdD9+/f1/PPP69lnn1VTU1O1uwkAAAAAAIAtpKoZq0+ePNHc3Jy1i3uRTFXDWLr9FFAZpqR0Om392zSVTqdluFy6c+eOfvWrXykWi1GjFwAAAAAAADlVDazev3+/IFiV3dU9i0AWNoNhZ0gX/PwZhsxMRi6XS4uLi4pEIrp9+7ZSqVR1OwsAAAAAAIAtoWqBVdM09fDhw4LgaW5Xd9l1L4FNkA2oZn/+DMOQYf+dsUtUGIaheDyuX/3qV3r8+HGVewwAAAAAAIBqq1qN1UQiYW1a5eQIsmYymU3uEXaqpT9ry/KkHVnUs7OzmpyclM/no+4qsIrpREKJ6WmyvIFV1NfXy93crGa3u9pdAVAEYxlqVanjyy/+2y8Ktjf5t//9v80dm/jnCSWTi0WP/eK//aKgHecxANhpqhZYfcyO66gBztIULpdLmUxGMzMzikaj+vrXv666uroq9q4cJvRu34BCS+/2devt853yrHjZiM4OSG8O9qijXD0Z6dMV9etaT+ktrnbNRtrbdPFxvXNxVOq+pLc6na/2hN7te19tl86rc8X/hHU/mMYvX9T1k0sfq/ymEwklEgk1NDaqcffuij4WUMtM01QikZAkgqtPxRrL1D+o15d95G/eZ9/TiI9f1oXRSNFjgaLPq0RlGq8nRvp0ZfkvC+op6zi1tTCWoZaVOr6YZkYnfu/3ZUj6//7xHwuOZTIZfePYMTU0NCw7ZpoZ/d7v/75U5DoA2GmqEljNZDJ69PChdcP5FRmwxSyr82v/vMbjce3atUvt7e3V6ViZFU7arEnohctaPbhaAT5vyyY+2tYRGf1QE53lC1JXW2J6Wg2NjWxACKzBMAw1NDQoMT1NYBVrf6lZbYHCLyvj45d14eJlqZTganxc71z8RC/VUCCWsQy1bK3x5b/c/BtJkif9u0ouLkqS0ulM7n5Jak5+Q8lkUoZhLDvmSf+uFotc9wfH/7RizwkAtqqqFDJdXFzUtP0NGr+qYKvL/kJtmmbBJld3797Vo0ePqty7SvCo83y/ApFR/WxihVM6enStjNmqktTi9cLybCUAACAASURBVKmttXyzrY6ewa2drZrjk88X0pWRlV7s2pNKpZiIAiUyDINlxhXlUef5wS2drVpRFRivszyd5/VmIKKRD7fP+OXEWIZat9r4kkmZ8h45UlASLZPJ6PnnW3N/jPQu7dq1S6ZpLju29DrvkSPKpEiWArAzVSVjdX5+PpeluiwjENhK7CCqpNwmVk737t3T/v37q9GzCmtRm0+6HotLHR5NjPTpPQWkUEgRX7fePh3VhQHpzUtevbckA6VwCX5hqYF8ZqyVFTvVFlAoFLKzYM7r9ezDT4zo7ED2qo0tNVxaCqBgmWVBVtAKfbSza9oCUigUyR7MB2tX66O9xD9SYv9fOt0tDQzoXX+R5Z7LsnycS16zS1y71TY6aj0HX7fePiP9Vfbxl2VA3dK7fY5zHccKlno6nuuy//+tnFEFAAWWlgJYaVxaZZywl9MHAiGFQtnD+dICBZ+dSz4jVx571sd6jEB+Sf/EiM4OTKnn0nm1ftinK+pWz9SoRiKStPQ8uxTAxIjOvi8FFFIo4tOp/zGifznqKJEwMaKz73vX1ccWr0/6JKa4OuRZ+lrkxr8JvWuPSRFHhmu5XhsA65dKmUqZSWUyaf1jOJy7f2Ehmft3RosrHkunUwXHUmZSKQKrAHaoqgRWH27LLD9sS6apjDP4bxgyZH0zaxiGvvzqKz3//PPave1qb3nU2iZFovcle5oTCUlvDg7mJmrWacf0km9U12/F1WlPWD8NSYH+DlmT2QFNdV/SNWsGpXcuXta4I8gYmvLq7cHBJROpCb07MKWeS4PWeRMjOjs0rmNPM+GaGNGF0Ta9OXheHbImfhdGWnWtp2XlPlrPWiH169pgh30sG/xcrY/WBLKtf1BvddjHLo6odbWMoZZO/Vn3J7rw/ri+tYHnGRmN6rXBQb1uBwwuDHVbr6sd4P3ZRGcucBAZ/UQvXRrUNY9d8mGkVdd6OhQfv6wrU916e7BTHjsQ8c54fsJd8P8PADVplXHp/krjRPZTL6Qp7yVdG/TYwcohjR+zrst/dlrX/dX4Meuzc8WxZ4VP0sioLvSNFt5nBxw7egb1pvp0ZcSvaz3SuwMhBfqtMWhCkkKjmuof1LUOO7h5eYUAaSQk2edZgdRbinfafQ+H5Dt5aV1jkMf6ZUH3JXkmlr8WVz6cUGdPh16/1K0p55eE631tAJRVOpmRTFONvx1bciSfRFLvu7fysaNfFh4yDatNANiBNj2wmslk9OWXX659IrCFGIYh0zRlZjJWndVs5qpp6smTJ9swsFpEwF8kqObRsZM+jXxiT8ziMU35uvVnHZLit3Q9EtBr5+0pmqdTrwVG9d6tuDqtqKV8J4+tMIGzlhZ29nRYyxjPP13XJ8JWVmy2/x09g7omSfHxlft4TJJ86nnFvsrTqrZS+jgRVsjXrbdzD/aKenwX9elEjzpWmS96Os+o55OL9oR8fc/P1/2K/dysTOPc67qsz5ICp+3AtkedpwMaGQhroqdFsU8iCpw+b/9/2MfsCbd1XbH/fwCoIfFbuh7x6aUz+c/8twatz7iJD0PydV/KjxOvdMt3MayJng77voBey34r2OKVT1P5diP5L7A6egb1ln33RHitNpdYI2uzo6dfgb4BnQ3JWlXQUXjttzqcj/OJbsU7tXw4CejFXIf8CkTet87zTOjTkE8vXXqKnNGC8Tqu2JS0fBCyrPu1AVBW6aSp27fuVLsbALAtbHpgNZlMKpXMLyNg8yrUAmfJiuy/s/ckt2VtPGtC5Du59mZSns7TCoxaE7Njtz6RTp6xJoX3o4oopCt9S7YRDtyXtFq7HXp9sF/KTh6lZRtmrM8qz2W1Ph5brc2V+xiPTUmR0LKsI59dVmFl2UDnkMaPnS7heW1MwQZhLV75FJV0X1MRKTTQp8JXIqD7FesJAGyy+1FF1KbXln0UW+NEJHRRZws+un2KxbV6oK+jR9f6pbOOz8+AXapl1TY3FL/s0Le6fQqNtunNpWNiW2s+IFvsS7UV2nsxELG/TIxpyndS31pnv+LWAGuN6kvK4Ph8K15VgdcGwHocdb+kZ597Vul0uizt1dXV6asvvypLWwBQazY9sJrdPTAbUDWUD1ABtWhhfr7aXSi/+C1dj0htp0uZ3WQnZhPSJ8pnArV45VNArxVdAh9fs83XBwetmqsFS/DX+TwkFStrkLNaH+NLl0aV2MfWNsl3cmO14jp69GagT1c+DCuw3ms34n7UngBbma6B08Vf44ptS5IIa+hqTKeCXWovuG9M0extf6+CXdmjCYWHrmosWuxYQcMKD13VjRPndMZv74Q7OabgcNhxjldd587Iz0bswM7R4pVPnxQJ3lnjhO/kpeKbXK31DZO9QZRk1w0dGNGLgz2rt7kR8XH91ajsDQ/9hV84TuXrnCoe0yrJooVd9wcUef+WJuT4YrT0DunWJxGp7bS19P/DUUWW1Oe+UvS6NV5vbEmJ8JCu3jihc2f8WjZ0To4pOCz1OsdzbHGm3G7rf9I0TZmmKZfLJVOSaZc8k71iT5Jc2dV7pinD5cpdZyi/0e9XrEoFsEO5NvsBHz9+LClfoYXNq1Crsr9EzM3NVbkn5RbX+NCoIo5lhWvp8AcUGR3QSNvp/CZNnmN6yRfSe+PZIOqE3u3r0zvjawRV4+N6p++ycqd5WtUmn9rWTp5dtX8KhXMBwvj4ZZ29PK54JfrY4VcgMqqfTTjP7dO7JUYnO3r6FQiF8pmjnla1KaLrt+wHmwgvySpdn8joh/brENf4+yF7ib9V0iH0/ngu5D0x0me9Rk/xWKtaGkCVJE1q7OqYWnuDCgaDCgZ75Q8PayicsI6OXdVYa2/RY4VN/zQffM3eF49Zgdhgtm2CqsCO4zmml3yOz1P7M//diew49mHhONE3suYXS7nxJPsQrW2SzytrONhYmys8ksaHRqXuM3rrfL8CoYHCcSXyiXLDxIejivhO6lhJ341aY9aV0YjaWtcZVh0f0kjEUTJHsgO8kuLjem+Vwaq8rw2A9TJNac+ePdqzZ48aGhu1a9cuNe3Zo927d2vXrl1q3L3bOtbQoIZdu7Rnzx412seamprU1NSkXbt2qaGxMdcO03oAO9WmZ6xOT09LIksV28f09LT1ja1hrH3yFrVsCfh6l953+BVQSPI7r/Go83y/pvocS/0C/daGIauF6zydeqs/qrMX+2RvkSVf9yW9vtJ8L+RYjm+dbe2SXNC/Hr3dfVkX+vqyHdGb9uYaK/ZxtYjiqn20Nul452KfzjqPlfxyZpd6Ft6+MGr3MdCtHp+c1f3Wxdft1ad9dhaRr1tv2//Pns7zejPa5yhhkH+Nyl0OIBEe0tWxqPx+v6LOJFK1qysYLLh93C+FYwlJbrV3BRVc4VjepD4ek7zeJY8Zi8rbSiQV2M6WjWW+br193lnXZfm45Ou+ZG00qKXjhE89l1bZdDDb4rLPTus6azhYZ5vFNq+S5Ov+3/XSJ/+HRtSttzs9kjx6vT+gswOX1ZYd7wJtmsqNO/nP77V16MWAFAo5aq+uZNl4G9CbjhUfVp1U+zn4uvVmt09XPrEzae3NLkcu9mmqf1Cvr/e1AVBmZm4+nk6nlUwm1dDQoEwmo2QyKcPlUp3LpVQqJdM0tauhQel0WovJpOp37ZJMU6lkUnV1daqvr8+1CQA7kWGWOWU0EonI5/Np/smTZcfS6bT+4R/+IbcREPVVUbMMoyDr+vd+7/fU2Ni46iWZTEZ79u7NvUfKIRKJ6HBr69onApvos88+0959+1Y8npiclNrb5S5h6eDkWFDDKrbkf1Jj1sVyHpocC+rm8XNq/chZCsAqDRA7VXgusFXMzc7qhRdeqHY3UKOsJfcbr0UeH7+sC9HTT1HLfHtabSybHAvqo9Yl5WY+atW570g/LShxkx9/jt9c/zXLx6xsqZsutY6NKSxJ3i67DXsViLfLXq6/nnOLcZbf8crvl8KxfCmAybGgshV2/H6/wmFKAWxFK40v/3Tjhk787u9KkuYXFpRKpdTU1KRMOq2FxUU17GpQXX2dFhcWZJqmdjc1KZlMKplMWpv2mqYWFhdVV1eXmwP903/9r/ofTpzY1OcHAFl3Y7GyxVmc7txZe6O/TS0FkKuvaqvd/D7seHaNoaxEYvlyZADFudvbV5jELZEI66Ow5D9eOE2bHAsqGBxW2Null9uXnB9bcp91QLGoFB4O5koBFCshAAA7j1UnNeAnqLoe7cf9it64rexIMnkzLO+Jo3K7j+qEN6ybk/aBxG3diPp1vH1j16wkOhbT8WxZnOiYrv5U+k4wqOC5LnmjY/p4cmPnOiXCP9WYunQuGFQweEoKO2rsTI5pOOxXbzCoYPCcWmPh4o1gyzJNK+kjk8kolUwqnUprcWFByWRSmXRayeSiFu2AazptHcuel1xc1OJiUulUSqlUSpl0WmYmQ4k/ADvWpgZWn9hZrNlsVVOyslaBGpUtARCPV6wSJbBDWfVWo/7eZRk77V1WcLS3dUxXh8L2JDWh8E9v6MR3imTeJOKKSfJna7ee65LGrmpshckkAOwI8XG903dRI239G9wccgdrPy5/9IZuJyRpUjfDXp046pbk1tETXoXtKGni9g1F/cetLM6NXLMCb9fL9nG3Wr2yArSS5PZo6Tqm9Zybl9DtG9H8uWrXy135GjuTN8NSro9u+U/513rFsMWYppkLrGZMU6aZKbjf2qhq6W3rPNM0Zcq+nW2DwCqAHWxTa6x+6dwp0P7gNbIBVqCGZOupZgOrDx8+1OzsrPatsvwZQKmsZf5hf7ESAHntL3fJe/WGbif88ic+1ljrKQWLpcK6/ToT9BfcPuUf0/DNSXW1s2gRQG3r6BnUtY1c6OnUW4Od5e7ODtGu4/6oPrqdkP9oXDHvCb1sjz/uoyfkHbupya52KRZ1rLpY/zXZmuQWv3qDL1fk2Sx/nOOKRaXWU/lB1e3JhmETisck7wnHgOtulVexivQNlZJffecyXDKNjOrq6iRZ8xyXy6X6+jql0ylJUn19fS45qq6uTqZpKm0YBXMiANipNi2wapqmUqnU8vs3qwNAGeV+eTAMZTKZXNYqgVXgaVlB1VjXOQX9axQMSMQUVatOuaXJj8NSOKygczVi9KqCsZWDs2xmBQDYqPbjfkU/uq1J3ZBOfCe/WsJ9VCe8Y7o5eVwK+3W8a+PXuP1nFCxIBk2surfmRhV9HK90I56Q2q1eJuIxSa2S3PK0SlHn5pGJmKJCLclmokpSKpVUOp3R4uKiMpmM0um0JKtUQCqVkilpYWFB6XTaKhlgl/dLpVJ2ALbePp+ZPYCdadNKASwuLmp2bs664Vz+z7dbqFGGYwMrSZqenlYymaxaf4Dal1B4yMpUPVMkqDo5FlQwt34/ofBH+aWI2fIAQbveW5dX8nads4Kqk2MKBsc0mW9Iw7klmAAAbED7cfmjYxoei6rV4xxP7KX9w8MKe1sLy9Ns5JqqsPoTHfvYHjut0gBZ7cf9UvgjZcuVT96kxmqtcdZYTafTymTSSqXTVvA0nVE6k7FuZzLK5O63zks7zstfn6n2UwKAqtm0jNXZ2dl8ENVZBoDAKmqRc9mL/XM8Pz+v+/fvq7V15YpVAFaRuK0bUUnR4cLMU3vX4vauc+oauqpg0HH/KqUCctq7FOwdUzB3oVVvda2EWAAAVtau434pHF6+0ZT76Al5FZVyNUqf5prqcPvPqDcW1LA9IPv9fuVW+7d36VzXkK5eDWpMktfvl3fFlrAVOTNWXS6XMqapOpdLGUmGkZbLMFTnciltz3lyy//TablcdZJMGUZheTTm9QB2KsMs8ydgJBKRz+fTvL1RVe7+yUnF7t61H9WQ7NqUfACjFi2tJ5T9WW5padELL7yQO+6UyWS0Z+/e3HukHCKRiA4TyMUW89lnn2kvZTGAks3NzuqFF16odjcAOJQyliXCQ7oaO1Wk5MykxoIfqfXcmWVf4m3kGmCjVhpfwp+G9W/+zX8nyV7mn8mosbFRmUxGyWRS9fX1qqurU3JxUaakxoYGpVIppdJpNTQ0SKa0mFxUXV2ddVvSP//qn+V/kY3MAFTH3VisbHEWpzt37qx5zqaUAjBNU7OPHuWCTYbIVkVts3bDtFlf10qSHjx4YGVnAwAAYBuzlsf7l6aeStLkTYW9J7S84sxGrgHKzzQzypimMqaZKwGQTCaVSiaVSaeVSqWUTCZzy/6TyWTuvFQyqWQqmSsRkEmnZdplBQBgJ9qUUgCZTEazs7NyuVy5pdOUA0DNy/4Mywq0Gi6XzExGMzMz2r9/f3X7BgAAgMpIhDV0dUxRf6+CS2Kkk2NBDYe96jrXVbikfyPXABVimpLpDISapjWncczNDdkbTTvm79m5vGGaVhv2fczmAexkmxJYffjwoSTlvsVyfogTVEWty/4MZ/+enp5Wa2trbodMAAAAbCNuv84Eiy95bu8KKthVpmuACsrYcxeX4ZJpmFbt1ExGhssll8sll6tOLiMt0zCsBCmXS65MRi6XSzIllyttJUlJbEgNYEfblMjP9PT0ZjwMsCXMzs4qmUoRWAUAAACw5ZimqYZduyRJu+rrZZqmFTyV1JDZZZXwMwzV77LmMy7DkGmfZ7isaoK7GnblSvxl2wSAnajikR/TNDU3N1fphwG2lCePH6tp9+5qdwOoivrsL95FNnEDUMg0Tb6IA7YgxjLUurXGl1/84uYm9gYAtq+K/yY/Pz+vucePK/0wwJby+PFjHTp0qNrdAKrC7XYrMTOjhoYGJqTAKkzT1MLCgtwHD1a7KwCWYCxDLVtrfPl3/9O/2+QeAcD2VfHA6sOHDwsLYwM7wNzjx2Q5YMdqbm6WKWkmkVAqlap2d4Atq76+Xm63W4eam6vdFQBLMJahljG+AMDmqXhglTIA2IkePHigdDrN8k7sWIeam/llHgBQ0xjLAADAWlyVbDyTyWh+fr6SDwFsTfbyGwAAAAAAAGxPFQ2splIpPXz4sJIPAWxZi4uL1e4CAAAAAAAAKqSigdWFhQWZplnJhwC2LDJWAQAAAAAAtq+KBlYfP34sSWzgg53F/nmnvjAAAAAAAMD2VdHAara+Klmr2FHsn/d79+7xsw8AAAAAALBNVSywmmHzHuxwpmkqnU5XuxsAAAAAAACogIoFVpPJpB48eFCp5oEtLVv+IplMVrknAAAAAAAAqISKBVYXHRtXUWMVO1Uqlap2FwAAAAAAAFABFQus5soAEFTFDjY7O1vtLgAAAAAAAKACKhZYzQWUTFNs34MdxTByP/MPHz2qalcAAAAAAABQGRULrMZisfwNdkbHDjVHxioAAAAAAMC2VLHAqmma1FbFzmSauS8TFhy1hgEAAAAAALB9VCywCuxohpH7YoENrAAAAAAAALafigdWyVrFjuTIUp2fn69iRwAAAAAAAFAJ9ZVsnAXQgBVY3b9/f7W7AWyq6URCielpMraBVdTX18vd3Kxmt7vaXQFQBGMZsDbGMgA7XUUDq4ZEfUnsPHaWdvYnf+tnrMY1fvmiRiL5ewL9g3q9w3nOhN7tG1Aod9unnkvn1emxj4706UoooDcHe+S8LD5+WReip3Wtp6CxDV+zYRMjOjugZY+FyphOJJRIJNTQ2KjG3bur3R1gyzJNU4lEQpKYkD61tcYyaxyTfR/jFtbCWAaUhrEMwE5X0VIApmnmgkzAjpHdvMr+UiGZTFa5Q6uxJ6Jt/bo2OGj/6ZcG+vTuRPYcazI61X0pf86lk7p+8bLG4862Qnqv8I4SbOQabHWJ6Wk1NDRQCgZYg2EYamhoUGJ6utpdqXGljGXFMG5hZYxlQGkYywDsdGxeBVSA4di8amFhocq9Wc19TUWkgN+ZD9Ohb3X7FArbs9F4TFPy6aVjnvwpnk69Fojo+i3H5NLnk0aHtK755kauwZaXSqWYiAIlMgyDZcZPrYSxrBjGLayCsQwoHWMZgJ2sYoFVfhEBLDMzM8pkMtXuxgpa1ObTsomnp/N8fkmjp1VtWhJEldTRM6i3Oh3B1rbTei0Q0cjQuEqeb651zcSIzvaNKNe7+Lje6bMzZbP/Hh/R2b4+ne3r0zvjccXHLxfcdoo5jhVmMU3oXfv+wmNxjV/u07sj9mOMrJr6BACoihLGsmIYtwAAAPCUyFgFKsw0zS38Da5HnWe65QsNrDipkzr0en9AkdGLK0zuHGf29CsQGdXP1jGP28g1eRGNRP3Wsk+7j3+lM7o2OKi3u32KjH6Yn9wqpJHo6dy5oYFsKYO4xi87Sh1c6tbUQGGZg9CUV28PDpa3fh4AoExKGcuKY9wCAADA06hYYNU0TWs5dKUeANjCspu2ZTO3t25gVZKnU2/ZNemsSd3F5cHTjp5c3bo3A1JooE9n+5bWWJWyQdjQgCNbZ00buSbLp55X7Elji1c+R8kCT2vbyud2vKIen52FG7+l65GAXstm3xYpc+A7eUweAQC2rFLGsqIYtwAAALBx9ZVs3JQIrGLnMoyCDax218COsp7O87rWae9wPDCiF4vsRtzRM6hrPfbuyEPjOna+c8kJr6jHd1FXRvx621viA2/kmnVrU2tululRbv56P6qIQrrSFyo8PXBfUkulOgMAqJBSxrICjFsAAADYoIoGVmWaMqm1ip3IMGRmMrmM1fn5ee3fv7/KnSpiYkRn3/fq7fOdBZktzqyZ+PhlXYieXracsMXrk6aKNWotybx+8X39LFBqRzZyzdOIKzYlySs7Yyig14pOvNmdBAC2vBLGstUxbgEAAGBjyl4KgE2rAJth5EoCzM/PO+7eQu+RDr8CkVFdKNjcIq7x90NSwK8OSZ5jJ+ULDSypVzehn41GVl5q6OnUn3VLoVCk9L4Uu6bFK59C+tTuXvzWJ1pHi0uE9F72OUx8qJGIvfzSc0wv+RzH7A1BSq3PBwCoshLGsjUxbgEAAGADyp6xumfPnuV3OpZEAztRPB6Xx+PRnr17i79HqqZDrw9eUtvlizrbl7/X131J1xy1294abNW7fRd1djR/TqB/UG+tMlv1dJ5WYHRAoZVPWfsaT6deC4zqykCfQpJ83d0K6JN1tOgU0Esa0tm+SK7/1lP0qPN8v6aczy/Qbz9/JqkAsPWVMJaVgHELAAAA62WYZnkjnul0Wg8ePNCTJ0+UTqfL2TRQ0+rq6tTU1KSDBw+qoaGhLG1GIhEdbm0tS1tAuXz22Wfau29ftbsB1Iy52Vm98MIL1e4GAAfGMmB9GMsAVNPdWEw+n6/s7d65c2fNc8qesVpXV6dnnnmm3M0CAAAAAAAAwJZR9hqrAAAAAAAAALDdEVgFAAAAAAAAgHUisAoAAAAAAAAA60RgFQAAAAAAAADWicAqAAAAAAAAAKwTgVUAAAAAAAAAWCcCqwAAAAAAAACwTgRWAQAAAAAAAGCdCKwCAAAAAAAAwDoRWAUAAAAAAACAdSKwCgAoq/r6epmmWe1uADXBNE3V19dXuxsAlmAsA0rHWAZgJyOwCgAoK7fbrcXFRSakwBpM09TCwoIOHjxY7a4AWIKxDCgNYxmAnY6vlQAAZdXc3CxT0kwioVQqVe3uAFtWfX293G63DjU3V7srAJZgLANKw1gGYKcjsAoAKLtDzc38gg0AqGmMZQAAYC2UAgAAAAAAAACAdSKwCgAAAAAAAADrRGAVAAAAAAAAANaJwCoAAAAAAAAArFPZN6/KzMa1EPq/lP7N/yvz8XS5m8c2ZZpF7lt2jrnG8dKuNQvuX7s/pVxbeH/x8117D6nR9+/U/O//N9Xt9xR/YAAAAAAAANSEsgdWF37+fyo18VG5mwVqXmbugR7/4gMpnZLnf3m72t0BAAAAAADAUyh7KYBU5JNyNwlsK0/+5Xq1uwAAAAAAAICnVP4aq4tzZW8S2E7MBd4jAAAAAAAAtY7NqwAAAAAAAABgnQisAgAAAAAAAMA6EVgFAAAAAAAAgHWq38wHm0nW6f/5V7duPWzSw2TdZj40sCn21afVse+x/ufD97W/Pl3t7gAAAAAAAKBCNjWw+n//plmfPti7mQ8JbKrZVJ3+MbFfadPQ//pbX1a7OwAAAAAAAKiQTS0FcCuxezMfDqiaiUdN1e4CAAAAAAAAKmhTA6uPMyz/x87whJ91AAAAAACAbY3NqwAAAAAAAABgnTa1xiqAreVuLFbtLgAAAAAAgB3ucGtrtbuwIQRWgR2sVj+4AAAAAAAAqo1SAAAAAAAAAACwTlsoY/UN/eDHnTqy9O65X2r4T7+vv69Gl9bpzwd+pG9qXH/Y/8MlRzb3ueX7Mam/+Js/Ufvk3+k/fv+DMj8KAAAAAAAAsHNtuYzVL37+x/rDP8r++Tvd0jfUO/BGtbtVFkWf2998T98u4dpvf++v9ZMSzwUAAAAAAABQWVsusFroA/3lp19IR47qz6vdlbL7QH/5p+P6Yu839Adljhv/5/4/LpI1CwAAAAAAAKBctlApgBK9+j39be83tFeSNKdbw/9Jf/lB9v6DSnxxREeOWNmh39UV/eSb2QX4jnPXbOdrSnwhHTliHdUXzuX9r+ov/uZPdGxvtkNf6Od/9Kb+84aezKQSc51qf+ZVSVbH/nzgR8p1Ofu4b1xR77G9kp3hqj/9vv5+lX44SwEUeGOV1wMAAAAAAABAybZ4xuqr+osXj0hf3LYDl2/oB73fUCK7pP7nCR3rveLIZj0id+Lv9Id/9Mf67g/f0A++6datYce5/yG7lL6wneFbWtLOXh1R2Lpu+JeaO9KpH9hZpd/+3nd0LDGeX84/d0Qvfu/VDT6/D3QvIe11t9tt/7W+6f6lhrNtuzv1t997Vfrhmxq+NVdQk3X9/Vjt9QAAAAAAAACwHlsuY/XIN3+kn3zTccfcLzWczRZ946iOzP1Sw9nk0R9+pFsv/oleeEPSpCTNafJTZwrmXh37gzekD34o/fBN/WH2ujeO6oi+0M/t23///bD+4MedBe3c+i/2sp/exQAAIABJREFUwQ/uKdGbb/Hvv/+fHJtNtcu9V2Xyql5s36svPs1uZvWB/vLTU/rJiy/q21qeVrqxfqzwegAAAAAAAABYly0XWP3i53+s764Q8Pv2M25p7xH1/vhHcsQ6NffMq3ZA1OmH+u4fST/4cad+8uNOu3Fraf23n3FLc79Zfkkpliynn5vbSCNZr+oZtzQ3OalscHRZYFlSu4o8vXX3Y+XXAwAAAAAAAMD6bLnA6mr+/l5CvXO/yS2HL/Dqi0Wu+KG++0d24PDV7+lvezv1gzd+qO/eS6j32EG1r7sHVmmCuVt/p//4/Q+Urbe6/nbyfW7fKyXuWW0l5jqlT4sHlguX7G+0Hyu8HsRWAQAAAAAAgHXZ4jVWl/jhbX2x9xv6A7veqV79nv72xz/K1T8t8Or39Lc//mv9Rbbs6Af3lNCcEpN2OzpiLf2X9O3v+XVEX+izEgOM2ZqoeuOUY/Oo9XpVf/EfvqG9c7+UVXXgA306OacjL+brnv75wI/0k79ZuQ7quvqx2usBAAAA/P/t3W9M1Fm+7/t3/YOSP90g6GAPTFNuDHu3zt0eNpx96UyKY5wrk0jMOJmjUfqB3nHLA5945YmjTkJO2h6fQHxibnC773iTRo59d6YnHfqerXcbD2Ruk2zYxDmtvTeRK3RglFb+tYAi9ed3H/x+VVQVBRSKVAGfV2JC/db6rbV+1bTL+tZa3yUiIiIiy7KmVqzC/87/dn0Lvzs2t11++sH/aa64jD236b/9F44XN/LZsf/KZ8ci6v63eO1M8+B6vXVA1mKsvKf/ydpO/+d2/vuff8h/yklszeq8bf4xW/H/7//yK4qb/mtEqoM/898PW6tzu77lP+/8gGM3Gyk+XL/8cSz6foiIiIiIiIiIiMhy2AzDMFaywcnGygXLfvUv769kVyIprenH/x+x/3OF/m/70W+6VqSP/v5+thUUrEhbIiIiIiIiIiJrzZPhYTwez4q3+/jx4yXrrK1UACIiIiIiIiIiIiIpQIFVERERERERERERkWVSYFVERERERERERERkmRRYFREREREREREREVkmBVZFRERERERERERElsm5mp1l2AO8CDpWs0uRpNhkDyR7CCIiIhtEL5/WNdGBl/rmWkqjilo42dQBnqN8craK/OW23FJHI2e4Wlu6dOWQkXZ+e76TDy+epSpeh6Exhbzm2OTtm5qaYnpqikAwmOyhiKQsh91OZlYWWVlZyR6KiEhSrGpgdWfODF1jmavZpUhSlGa/TPYQRERENhAPHk8HXb21lEbEQHu7Oxa+ZZleK8g6vxFONg1Se7E5HHQdab/EuUuEg6vL6WdFxiRxTU1NMT09jdPlwmWzJXs4IinLMAymp6cBFFwVkQ1pVVMBHHl/nMq8Kd5xaTWfrE9ZzgB/kzPJwfdGkj0UERGRDaWoyENHd2/ElRGGBz14vZ7XbrO0tnlFg5Yjw4PgqWRnxPLU/KqDePs7eaB/OqSU6akpnE4nNgVVRRZls9lwOp1MT00leygiIkmxqitW33UFOPEXo6vZpawRhhHn2rw6xhLlid1rRF1fejyJ3Bt9fYFGU9oI7ZfO09I/d8Vz9CK/jruH8Q31tnCyifnbNUVERN5AUXklnqZuemtLzfll5AFfUckvCjvpGIyoGLMVPzzfjbTz2/NDFHk76OgA75lmKrrNFaGfFH5OYwdAEydDK0RH2vnt+RuEp07v0itH8wuKoL+TByNVEWkCSvmo+Sxgrl5NtJ95dcu7o+fXmJQEvS11Vn2UfiABgWBQK1VFEmSz2ZQyQ0Q2LB1eJbLh9fJp3Xlais5wtbnZ+nOGohvnOdnSu/TtIiIiqSBvJx96Ouiypq6RB51QuZO8qEq9fGptxb/a3MzVM176b9xibrbrYLDwIlebm/koIkaaX3WWei8RwdMR2q/doOiM1c7Fo3g6Pqd9qVWnpbXUe/tpOV/Hybo6Tta1EDnTLqef+XUX0dtC4+BRPrHm+fqiG/z9koMVERERkaWs6opVEUk9vS1NdHiO8knUh7JSPjrjpSNy5Y/Ia/D5fDx9+pTZ2Vl8fj8up5O0tDR+8IMf4HSunyloozynSGrLZ2elh6+GR6AUHnT2U3QwH4Yj68ytDgVraz5FEeUePtyZyDrOfKrONs+9HB2iH/gwgTvN9AIQOnSrsW6xw7Vev595+m/wT71VfFRqjuHXr9OGiIiIiETRpz2RDa2Xrg7wnonzYa60lqvN0XXNU5dN3jOh1TxmGoGvirzQ0WFtVYw+mTly+6HX643uJ2qLo4fa0CnKcbZkfqQI75ry/PlzvvvuO7Zs3crm9HTS09N59eoVr1694tGjRxQUFPDOO+/EuXOFTvhe6mTuFfLazxm7vTcs4v+Dt22V3iOR1ZJfUET/5w8Y2Qlf9Xv5RSkxgdXo1Dcez+vnX43eWu9h+S2V8lFzMx9Zf+f9ffvOuCl43rwfzDn9DJxsqoszj4uIiIjI61JgVWQjGxlmEA8f5i1ZkfZLTQwevcjVcB66S7RHBGP6O6C+uZlS60NrY0u5uTWxt4XGjlCAzCyDUHC1l0/Pm1scf12KGTQ730JBOJgW2pKpiM9a8/z5c0bHxviLkhICgQCvXr3i+fPnOJ1OMjMzKdmxg4GBAYAFgqtv/4TvlRD5nJHSrQDrO++8s+RzrloQVWQjKC3H2/85/3QL+r0HMTfTR+i9RUt/xJc2Vt7vZRtp5/cdsV8Gdi51E+2XzjN4MDagmUeRBwbj3vI6/SygtJarzbVWs5c419RChfKdr5CndLXeoY8S9h6pYGtUURetd/ogr4ID+0rIfOOuumi9w/x+Ehwje49QsbwbRUREZBHKsSoiUXpbQnnfzD+f9mIeANLv5Reh6E9+Fb/w9vNVxBHGnqPV1oezfAoidlX2dneAtzxcVnXQG1lIh+coPwt9qiutpjYiP17iWzIllfh8Pr777jvef/99Xrx4waNHjxgcHOTJkycMDg7y6NEjXrx4QXFxMd999x0+ny9uO2/jhO+VFPmci1nqOUVkJZVS4e2no6Mfb/lCIcNBhkcARmj//E2+rOln0DqTtfdWvNXnscxUBR1Nl6JzsfbeoqV/sfkuwX7yCvEQnWM2VHek/RInL7WHg8z5BUXgKWTJ71VlGfLIy+vj26fRV59+25ec4YiIiMiq0IpVkY0sv4Ci0Ac26/NcbO43wMrp1mHmgYvkHYVFP5aNMDwInsqIOnmFeBgyS4cHob+Dc3U3ou7yDI8s3qyktKdPn7Jl61YCgQB//vOfCcacEhsMBvnzn//M9u3b2bJ1K89GRnhv27Z57bzxCd/zLJTO4s2eMxGLPeeiFk2V0cmHR4touWE+kefoRf6Oa5y70R9+HX4fkvQeiSRDabkXOqAi3u9uaTW1nvO0nK+jBQ+1Z47iaerESsu6dLtNTZwcNFOR/MJ7g0Zra733zBm8HU3mfLrI/JVfdZarBS2cPF9HS/iql/rms+H+E+4nf/G6nqNH8dIZ7rd+qC5ivvVQe7F28XQqsmy5uXn0ffuUivDcMM3z8TxKSqBvfIU62VrBkSMr1JbIAr7++mtKS0tJS0uLuj47O0tvby8//vGPkzQyEZHUo8CqyIZWSoUXGj9v52eL5avMK8SDl1/E3TK42KnC5urV/qGIyK118AaEVsxUxs+VqcOK16xXs7NstvKMxgZVQ4LBIK9evSItLY3x8QU+bebt5EPPjXA6APOE7xPkEbkNdu6E76p8rADiLXqrYn9Xl05n8brPmYiFn7PfCvDMmQtmLpUqo5+WoYPm1t7eFk42nefvj5qpM0baL3HuRuh9SN57JLI6og+kis0Rnl91lqtV4VdUnW2mKuLuqubQqyp+3RxZYn3ZGNVu7Vy74S8iLc2hTue3E9NoVDtLlS/cTwJ1q6oiqsaUyYrLfX87eXe+5WnFVnOb/vQTHrGd3bmPogOrofQAlryKA+wryYTpPm5/MU5uSR99fVCy9wjvf9vKPUqgr4/RvAoO7B7ni4hUANN9t/miazTUUHS6gch+SkqITlojEt/XX3/N/fv3GRoaYu/eveHg6uzsLHfu3GFiYgJAwVUREYtSAYhscKW1Z/D23+BcS/SW6/ZLc6vWyN/Jh54Ofh/eu9jLp3V1/LZ96einuXLo8/C2x6gcmaXlePtv8E+hrkfa+W0o/YCsWX6/n/T09CW3vvt8Ptxu9yL1zG2zg8MjwIh5wndBbITPDKiEAn/mCd9xJJDOYrlCz5mIhZ/TQ+3FZq42z/0JrxBNIFVGbbVVmFeIJyJ1Rn5kPo4kvkciIhtK5ja2R6QDmH7yCLZvi8mr+pSuO+NUHDjCkSNHOLK3hNGub5jLINDHeO4BjhyZy4U62ge7jxzhSGyO1qddfNGVy94jZlt7c7v4outpRD99lOw1yw7kjqOkBJKI0tJScnJymJiY4M6dO8zOzkYFVXNycigt1XYWEZEQrVgV2fDMU4krWuo4WRdx2XOUT5pDK0nzqTp7hsG685wM7SL0njFXtS21tLS0lk+OXuKctSrP4/VGnGhcykcXj/Lb83WcDHd70QwsKZazZjmdTl69eoXL5Vq0nsvlYmZmZtF6K3bC96LpLF5vOWboORMJri71nPGsXKqM5L1HIiIbSybbtufx6Pk0bIUnj0bJ3Z0JzyPrbKXiyL7wq+nn40BuRHke27fFHHFV8n7cg6qefttHXsWBcNnWDyrI+8JaMfv0W/MwLasws2Q3JV133vgJZf1LS0tj79694UDqnTvm700oqBq5ilVERBRYFRHL0lsEzQDsR/Ouz99WGbV1kthtmEBtVGH8LZMLXZeU53a7efXqFZmZmdjt9rjpAOx2O+np6UxOTpK+2D/OV+qE70XTWbye0HMmGlhd9DnjWLFUGUl8j0RENprMd3IZvfeE6W3waLSE3VuJCaxO03f7C8K79/NeN6n8NM/HYbTvC1q7Iq/n8XwaMp+PQ972iBWumeTmwUqlepX1LTa4CiioKiKyAKUCEBGRFbV1yxaefvcdDoeDH/7wh9jt0VON3W7nhz/8IQ6Hg5Fnz9i66AFQK3TC9xuks1hI6DkTsfRzxrGiqTKS8x6JiGw4W9+nZPQR33zziNF4K02ffkPXaEl4+/6+3bnxWklAJu/kmvlZj1htmX/2UZJpBngZHWc6XH+a8dHXfSjZiELB1ZycHAVVRUQWoRWrIiKyopxOJwUFBQwMDFBcXMz27dt59eoVPp8Pl8tFeno6DoeD/v5+tm3bhtO5+FS0Mid8L5bOYmWecyGJPud8K5QqI4nvkYjIxrOV90tGudMHJXsX+kJtnOfTsDVzmr57ffCax0ptfb+E0Tvf8LQk8iCrXPNgq63vU8Id7vV9YB6M9fRbXr8n2ahCwdXQzyIiMp/NMAxjJRucbKx8wxYukFG/H0f49QC+xiPMvGGrq8F16Dbuoux51wP3K3lxa4U7q24lexfmexP58wp3s1ri/RbGXor9VZ1fnti9RtT1pceTyL3R1+PXj7znR7/pYiX09/ezraBgRdoSWWnPnz/nu+++Y8vWraSlpeF2u5mZmWFmZoaRZ8/Ytm0b2dnz/85cazbKc4qIbCSPHz/G7XYnWPspXa33yD1grhblaRetdzADnFgBz0fbObCvhMyoVAB5VOzdzqM7j9h+YB8l9HH7C+tnaw//065W7rCXI6GTrOK1HcorQB4VEfcy3cftL7owuyqhhD7YPXcolshKmpmZ4b333kv2MERkg3oyPLzwWRJv4PHjx0vWSa3AatkVsvaUweBlpj67CYSClaNvHjQsu0LWnh0E7u7jZc/rN+M+3omLL5n83cfzylyHbuPe8pCZK6cIn/1c3Ur2ruIEg6tmUJlE6iqwqsAqCqxK6vP5fIyMjDATsWI1LS2NH2zd+horOFPXRnlOEZGNYnmBVRFRYFVEkimZgdWU+rTn/usybGNfMmkFVQF8n/0DzlOncR46DBHX14xbR5h59zbukiu4bkUEXFeg3cmVXgUrIrLCXC4X27ZtS/Yw3rqN8pwiIiIiIiIyJ4UCqxewb4bA/diVoDd5eSU6oBq15X6mJ7xC1FxNOkBgc7GVSmAS/919vOy5QMaeMmyAc89tNmGuWnUf78S1OdRqqK710lo9a4so85fcturvJ/s4cVetxuP7fhR30WYcYAZW47T9sucwm05ZKRB2dZKBtWrVWvEaYoRW8y64SvUwm06dxhn6gn0s/upaEREREREREREReX32pauskrJt2JnEeLZEvepWKzVAJZONl/FThvv4hbnyzXkYdyuZbKzEN5aNs/IKLj7mxd0ejMjgaXUrroweZhoj6v51qB0zEBu8b5ZN3h/FuacVx2f78I2x/GDlszEM8rCVLdy2m5u8vPIlASJzsl4gY1ce/ruhugPYin7OYpuSXId+hfPFl2b9xsv4M/aTUZ34UEVERERERERERGRpKbRiNTHu94ph7EtrleZNXvb9nOxdO+eCjWMd4VWngelJXBkLNBS1lf4wtgzghfWyeicOBvDdml/3jTMtVe/EMdPDTLjtP+AvOY29Gpi3tf9jXjTOvXK9mweMxlaab7OXTWXwsmf+al8RERERERERERF5c6kTWO15QnBPGbYti1UyA6DGs4dv3l/MdnwjYj+96908mHlI4M17MW3ZjI1RjB5wHcoDdzHu+s6oIK3x7uE4N0Zv6zdmJpfsyvfZPjh0G/eeTrL3wLwUByIiIiIisiiH3Y5hGNhstmQPRSTlGYaBw546m2FFRFZT6gRW+Zjg2H5c710AorfZm7lTze33xovT2DJ3vHFv4YOyrC39Zh+meTlR37Sv94phpodAqO0tD8N5YaNdiH5Z/XOc7oG5PKpWXtWl+D7bF27bfbwTV+UVXD0reHCWiIiIiMg6lpmVxfT0NE6nU8FVkUUYhoHP5yMrMzPZQxERSYoUCqzCzJ96cO7ZT9ahh+YBTWDmQt08if+uGQCdeTyAy9r6P8NhNpXMpQZY9jb9jG24AF/ZFZybgTHr+q0HBHbtn9ueX3aFrD07CNzdh7HcPqpbcW2GwH0rsGm17arGTDVgrZwNhvOqxrJys/ZYz8rAot1FBqHBSofAEwVVRUREREQSlJWVBcD01BSBYDDJoxFJXQ67naysrPD/MyIiG01KBVbpOcVUzwUy6k+TXX/aujiAr3Ef4Z36t44w8+5t3PXWCtOZHmYSOUiqp4NAZRnOPZ1kbKnkxZ96cO4pM7fkz/TgG5zEtcUKtPIxL+5uI2tPZ3iFaOB+pbmdfssArl37yT61Lf6qU3dZzDb/Sfx3KyO24s9v2xi8bAVVrVW7uzrJevcyU5+Z+VedezrJ3jOJ/34Pxq4d1iFY8c387jK2U6fJrt8f8f4t46AtERERERFRsEhERESWZDMMY9mLMBcz2Vi5ks3JBhHvtzD2Uuyv6vzyxO41oq4vPZ5E7o2+Hr9+5D0/+k1X/I6Xqb+/n20FBSvSloiIiIiIiIjIWvNkeBiPx7Pi7T5+/HjJOsowLSIiIiIiIiIiIrJMCqyKiIiIiIiIiIiILJMCqyIiIiIiIiIiIiLLpMCqiIiIiIiIiIiIyDIpsCoiIiIiIiIiIiKyTAqsioiIiIiIiIiIiCzT6gZWbYrjysZgszuSPQQREREREREREXmLVjfS6cpQwEnWPYfDSdqmzGQPQ0RERERERERE3iLnqvbmf0kwPRuc6WBTgFUWZ1vidSoKBgP4Z2eYnZpI9lBEREREREREROQtWt3AajCA7aUCTjKfYcS5Nq+OsUR5YvcaUdeXHk8i90ZfX6BRERERERERERFZN5T0VERERERERERERGSZFFgVERERERERERERWSYFVkVERERERERERESWaXVzrIqIiIiIiKwB4xMTTIyP4/f7kz0UkWVxOp3k5OSQm5u7aL2v/8fX2GxzZ0f8+H/6cbis99978flm45Z9/T++jmonskxEZKNRYFVkQ+vl07omOrxnuFpbGnF9hPZL5xk82MxHpQveHId531eVF/l1Vf4Kj9XS28LJJqhvrqU08ue305u8pqmpKaampggGg8keikjKstvtZGVlkZWVleyhrHHWXBZ72XOUT85W8ZZmowTNjc1zNHpuHGm/xLkb/TH1PdRePItZbRlz6kg7vz3fyYfhe+VNjU9MMDExQVp6Oulud7KHI7IswWCQ8fFxgEWDq4YRZHfZ32ADev71X+e18cHOnaSlpc0rM4wgZX/zNxDnPhGRjUaBVRGBjs9pr369D2Mj7Zc411mZ9A+vqTIOsYKq09O4XC6w2ZI9HJHUZRhMTU8DKLi6ArxnIr8MNIOS5y6R0LzwtuaQkfbP6VgswBtTNtJ+iXPnWyhI4AtDzXtv18T4OGnp6dg0j8kaZLfbSUtPZ2JiIm5g9f+5/38AkB/4D/hmZwEIBILh6wC5vg/w+XzYbLZ5ZfmB/8BsnPv+l13/61t7JhGRVKUcqyKCxwMt19oZeeOW8qk62/z2VqvGKq3lqlarppypqSlcTqeCqiJLsdlwOZ1MTU0leyTrUD5VZ8/g7b/BP/UmeShFBQkHPvN3VuJhkOERWPU5VaL4/X4FVWVNs9vtC6axCPoNCn/4w6idRcFgkPfeKwj/sQVcuFwuDMOYVxZ7X+EPf0jQb7z1ZxIRSUVasSoiFB08SFFTE3/fvnPBD3C9LXU0hvdZWlsVR1usbYz91qqgnTyI2rYYvT1zbjWRtb2xyAsdHZgbIb1RW/rj9hc7tFAqgDPQGDmOg0Oc+7wwYhVPL5/WfU6RtkiuimAwqKCqSKJsNqXMeGvyKPLAV8MjUGrNBgnNZebcEVV3XsqcSPHnurmt/k2c7PAmlLZm5EEn/Z5K/i42FcDOB/z2/BBF3g46OsD7n710/F8RYz5hNfCghZM3OhIYs4hsZH6/gd/wEQwG+Nfu7vD1V6984Z+DzC5YFgj4o8r8hg+/AqsiskEpsCoiQCkfnfFysukWvVVxPvj1ttA4eJRPmiM+bN7qpaq2lk+ODkZsRYxc8zpC+6UmBo9e5GpVvhUEvRQV3OzvgPrmZkqtD4+NLeXmh8AF+1vgA2Jp7Dh68fZ/zoORKrOv3m46PJV8oqCqiMgGkk9BEfQPjQL5y5jLzKDoXF1zjvpte7xcp4vMdVVn+YQltuv33+Bc3Y2IC17qmxfa2t/BYOFFrjabpT9zRYx5pB3op2XoIFeba62cq018Wr7cXOkishEEfEEwDNL/YjimZO6Lcafn2cJlJd9FFxk2s00RkQ1IgVURMZXWUu+ts4KbefPKrp4NvRhheBAoWqK9kQd81e/hwxPWx8PSamo95/nqwQhVVeYlz9FqK4hrfvh9o/6iB0yFt5/fPxihqiqf3u4OPJUXlYNORGQjS3huGeFBZz/eg2eteSOfqoNeWj5/wEhVTNBz0bkugVknNv9qbwsn6y7F36WBhw93Ltamh9pqK4qaX7C8aVNENpSAz6DvweNkD0NEZF1QYFVEwkqrj+I538Sn5RejP5CNtPPb8zesLfsePJ4EGhsdop8ifvE60czX6S9GabmX/s8fMFK1k+FBDx9WK6wqIrKxmMFTT6X1ZWHCc8sog/3Q0VQX3t5v8mKtfY2o+gZzXTxxvoQUEVlpJTkfsvUHWwkEAivSnsPh4Ol3T1ekLRGRtUaBVRGZk1/F3x3t5Nznt/BGXO69dYP+iFxtvS11NC7VVl4hHjqJSG2XsNfqL1ZpuZkOoBe+IpSvTlLZdN9tvuiCigP7KMlclQ65/cUjtq9WfyKyukYe8FU/FB208qsmPLeYuVm9BxPYRv8Gc52sbRPd17jcNhR+XX6sgZriufKBtgaud8crG6Ct4Trh7JSFNZw+UU5OnPugkJrTJygPFcaxcD8xbZUfoyGycOEH49rlYX7aUMNc7egxF9ac5sRig5I1wCAnx/xvaBgGhmFgt9sxACMYNA9us9kwDDNvqt362TAMbHZ7+D4bhA95e/rdd/E6EhFZ91IosHqBjPr9OOIVzfQwc+UUvnhlG4T7eCeuzXOvA/creXEreeOR9Su/6gS1nedp6ScquMrgMCOUkj/Szu87iCmM19BOPvTcmNsO2XuLln4PtSfyISoX6wKW2988ZjqAxqZ+8J5RGoCUN82TR1BSAo+eTFOiSKeIvJER2q/doN9zlL+LDI4mNLfks7PSQ8vn7fws8iCrwaPzc6UuOte9huXOlZIcA21cbivgWMMJM/g40EbD9WsUhIKgA21c7y7nWEMNxQNtNFxvY1dDDcVM0H3tOsM1p2kozwEm6L52mctt+TTUFDPRfY3rwzWcbjADrRPd17h8uY38qCBn9Dji92PeGy7DDLJe614iIDrRzbXLbQxRHnkxeswT3Vy7fJm2/OggrqwthgEZGRkA+Px+goEAaenpBINB/D4fDqcTh8OBz+cDwyAtLQ1/IEDA78eVlmbe5/Nht9txOZ3hNkVENqIUCqyaFDCMdZhNp07jpIeZRiu4XHaFrD2dZPDm75X7eCcuvmTydx+/dhuuQ7dxb3m44YPf64eVS65pbgOkmSLAOmDDc5T6ox4aO60Ppzsr8dy4wbm6Ieqbq6PbOXuGwbrznLTO5fCeaY6TM26+RftbaNRR4zAP4Cot90JHB95yndyR8p5+QxfbOfD+OF/c+YanJRVsfdt9Zpaw70jJ2+5FNpivv/6avywtDX/wDPHNztLb28uuH/84SSNb/+Zt3Y9YnQrLmctqKa06S/1QXcTBUgsdKvX6cx0Q5/CqxO+PGvPFwgQ7lBVRXENDQ+TrXZTTzfAEkAMD97uh/JgZDC3+CTWFl7k/UENxcQ7lJxoiwpY5lOwuhHsjTFBMTvkJGiJimjkluynkHiMTUBwnHrpwPxP03RuisOaX4YBs8U9q4B/7mCifWx0bKbQCt7y8nKHuyJKYMeeUYA55gUHJGmEQioMGAgF8Ph9paWkEg0F8Ph82ux2H3Y7f78cwDFxpaQQCAWZ9PpzGP8ICAAAgAElEQVQuFxiGGYB1OHA6neE2RUQ2opQLrEqM6p/jdA/ga4wIWvac4lXJbdwlV3DdUjBT3kQpHzU3x7lca54qHJJfxa+bI5O9VXG1Kn5Z6dlmIl7xUXMzH83rIJ+qqHpQWtvM1UT6K63lanOcn+fdg7VF00uF4qop7+m3feRtP0Dm1nco4Q7fPq1gayiy+rSL1jtQUTFOV9coACV7j/D+t63c6SP8usKqb6YUMOuRV8GBfSVkhtq5ByX00TeaR8VPt/PonyNTATylq/UOVpNRbT7tmusL8ubSFVhjKynpo68v1OUB9mnF7Yb09ddfc//+ff48NMTevXvnVvXMznLnzh3GJyYwgB8ruLrCFpprYixjLgNrXqolAQv3n191dq6PZZRZNSLmyjhzXMyYo8sXmN9lFUwwMgyFu6ODjsMrHohcrJ8Fbhkaxor9zpf/U043FJMz0EZ3d7wKoW77uDdUyO5fKqi6lhmGgREMAhAMBjEMA38gQDAQIGgYBANB/LYAhlUWCATC9QKBABgGQcPAZhgErXYMLVkVkQ1qbQVWq1vJ3gX+wTycRdmAucI1+N7cNvnIFa+uQ7dxW/Wi0glUt5JdAgGKcbgn8d/dx0uukLWnDBvAzAABirE/u8zUZzeBmK34Y3MrPM0VnwMENhdbaQys9nqsumUR7YbKtrSSXTIWscLzAhn1XozI+yzu94ph7EtmYt4K32f7ogOq8frpCV3fQXAMHJuzo8bvOnTbeqb9ZB/HfKbqVrJ3zf1rzBicew9i0zUE7lfyglbrPS7DfeoKXDmFL6qNmPdDZBWNPOik33sQxVVT3VO+7ctj+4FMIJMPKvL44tunVGyNXLPaxyMOcORIphk4vdMKe49wpMIKet7r44N9JWQ+7eKLrlz2HtnHVsyyL7re4UgoQjraZ963FZju41G4/Wn6bt9hvOIAR0oyrfyrt+k7sI+S6S7ujFdw4IgZoH3a1cqdb55SEmqTPsZzzbGZgdb/l75tytu6Ef1laSlDQ0OMT0xw584d9u7dCxAOqubk5PCXpfobSWS9mej+Z7op51hEQLMgPxR4zCG/YKE7B/hjm7myNF6YcuCPbQwV1rBYDDN+P+bPQ21/ZKDcSgXwxzaGKFxw9WtO8VL7+s20BW1DQPkxTiiuuqYZBuGAqN/nIxAIMvvqFYZhEAwE8DFLIGCuWAWYffWKQCBAwB/ANzuLYUAgtJrV6cQWkY9VRGSjsSd7ALEcuzrJro/+kxG5u5hiHPwDk42VzAxO4tjVif1xJZONlfjGwFFyBRdAdSvuolF8jVbZizLcxy/MNeMuhr5KJhv38bLnMJsqy2DwMpONlUz2gcM9V9V16DaujB5mGiuZbLyMP2M/WYcOz1XYnIdxNzSGbJyV1hi4QMaeMoL3zbLJ+6M497TivvWAgHsHzjLr/uqdOGYe4p8XfDyMLQOM6YdLvGvR/cwMYvYTLs/GQYc5hrs9GJv3k1FtBWfHiAgUXyBjVx7+u6HxDmAr+rnVzmE2ndqPPfQe3e3Bvus2m54dYWZwMiJwHdvGaMT7IbJaRmi/VMe5G0XU1yqIkfKefktfye5wIDJz23by+r4l+mzZEnZbFTLfyQVKeN+Ka2bm5kU01UdexQfhNAJbP6iIaWvuvijTT3g0msf2baFBlLDviBUc3VrBkdCqV6Z5Ph5789zYyMwlL7ZYNgxXWho/3buXnJyccHA1Mqj604hVrCKyTgy0mVvojy2QB3VBZu7S7sIafhkn76mZI7WQml/G37q/lOKa09QUdnO9oYGGhgbuF9TwZgkjzJQADQ2nqRm+TkPbwBu1JsllWCtNg8EgQcPAMIJR182DqmJfm/UMw8DACK96DbWjwKqIbFQpt2J16RyrA/itFZS+70dxF40StOoHpidxmTm4cb9XjDF4ObzSc+ZPPTj37MQN1rWB8H2UeXG4Jwn0WSszb/0Bf8lpa2XmYZxbsgn0hVaX3uRl38/JLvHiwqo/1hFekRk5Bqp34mAAX6ifW0eYtH52j3XiLDkMPTfNsT77w+tv6Y/px/dZB676/dirgWcAk/j/ZOVQ7XlCcM9CDX3Mi4jjcV3v5gHWdtrY96jnFFPWM7vmpSjMxvnXF6Dn46hnFlk981MNSKqapu9eH4z20doXXXKv74Nlbqk3g56jfV/Q2hV5PY/n0yyes3V6nFFy2R2vu+k+bn/RZf1tmEeeIqeyiFBw9Z+tgCqgoKrIejXQRsP1bsqPzT/IaW7rv7lln6hVq9bqT2o4fWJ+4NTMdwo1ocOwmMuBairnWMNPlugnJjfqQBsNFPDTHPMgq+uh7f6F8cewsBzKf1pO2/X7DNQULzOYLKnDCAdC7TY7hi2Iw2F++rXZbNjtdpxOB4GAuWLV6XSa9W02HA6HmRLAZsNmM/dLKqgqIhtZygVWV4a50tO2+TTZ9acjrk9iK4tTfctmbIxixN2uvgOb21pJuyu6xBGvegTXu3kw85BAnLKZxwNWcBZsGZME/nQzTq2bGC9OY8vc8dr9LI91UJa11NWYmZwrWvQ9imQGZzPq95Ndv9+8NPZmh2OJyDo2/YRHoyXsPRJ9WNV0322+ePSE6ZLQStFEZPJOLuRtXyDH6fRit+aSxyMzABtz69Nvuhgt2RtOJ/C0q5U7CY9JNqLI4CqgoKrIejTQRsP1YWpONxC94DT+1v+5LftWULXgGA2x0VhCAdQCjjVEr4CNPdjKbHSxfmLaNROykgPk1DTQULPwoy0lsi1Zm4yI3Kh+v5UKYHaWYDBo5lDFTBXg9/sxgFcRqQBmZ2et+/xWANZp1VdwVUQ2ppRLBbAybmK8MPODTlqpAMw/C+T6fDaGQV78oCsPMWbMlbTRbR2Zl/c0lu/7UXBvjh+ADaUDqPbiIF4aANPM4wHYvDNiW7+lupXsenO7/6L9LEf4oCzzGaf6RufKFn2PYn3Mi9D7FJF6QEQk1vSTR4yWvD9vNWnmtu3kjT7iyWLB0Di2vl/CaNc34a3/0323aW3tikkrEEfmNrbnjfIo3OFTulpb6QrdOP7cjMtO93GvL34TIpFCwVUFVUXWoYlurl3vpvzYCeLs4qd4V7mZ3xRg4I+0DZUTOn5goM1aqRonqGqmFYCa04mlFVisn4nua3Pb9Se6+ce2Icp/+jppBSbovtbAte6J0CDNvLC7SxRYXcNCOVZDgdRgMIA/EDCDp4EggWDQfB0MEgxfN+sFIurN3R9M9iOJiCTNOl2xaq0I3fVz3NxkhtBBVqP44gVEezoIVJbhsLbmmwFGML9zu4n/2a9wl1zBdctMB+A+3mnmXL1yavFB3HpAYJe1Jf8W4YOkAnf38bLnY4Jjnbh2lcHYlwunAbDSErhOXSEQedjVrohUBzH9uA5551IDJBQIjWQFT3sOs6mkGBiI/x5ZB1lxvzLOIVqhZ8RKPTCJ8Wy54xCRjeCbrlFK9sbZpJ+5je15XXR985SS95fR4NYKDlTc5ovWVutCHhUHKhZPA2B2SMm+vYy3zqURyKs4wL6tQGYFeV908UVrF+RVsLcijzuPnjPN1mWsppWNSAFVkfVpou8eQ8DQ9Qa6I64X1pzmRHkOFNdwrLyB6w1mafmxBitQOsD9boA2Lje0RdxZzrGGGqxC2i43EFUaJ9UAsEg/kFP+S2quXaahYW5scdtYUg7lJ44x3HCZ8JDLj9EQL6Isa0bkilW73U7QMHDY7QQBmy2A3WbDYbcTsLb6h7f/BwLY7Q7AwGYjKhWA0gGIyEZlM1b4b8DJxsrXvDP6xPloA2ZAtLqV7F3MBUdjXrsO3ca95aF1iFIomJodGtnc6fSx7YAVECzDBjDWgz+jDMezy0xZ+VzdxztxbY4ZT+g6c1vdY8cQ1S4xOWSrW8neVZxAXtnY/uPkoo3qJ+JZYwOdEQHRF7fmxmAePtWBM5wKYBL//Yc4ds2/N/TfyBi03p9w35H/neb+5Raut4h4v4Wxl2J/VeeXJ3avEXV96fEkcm/09fj1I+/50W+6WAn9/f1sK1jwqFmRpHj8+DHp7nnr7EVkAa9mZnjvvfeSPQwRifDw4UMys7KSPQyRNzI9NcWOHfPTynV3dfNXf/WXgLXNPxgkPT2dYDCIz+fD6XTicDjwzc5iAOlpafj9fvyBAGlpaWDArG8Wh8Nhvgb+/d/+nfKK2HwVIiKr48nwMB6PZ8Xbffz48ZJ1UiiwmkrMXKO2vqUDnm+k7ApZezbjTyCtwHqnwOrrUWBVUpECqyLLo8CqSOpRYFXWg4UCq13/8i/85V/9FQAvX74kGAzicrkwrK39docDu91OwMqx6nI6CVhlLqcTAwj4/dgdDtLT0rDZbPzbv/07//Fv/+PqPqCIiCWZgdV1mmN1uS6QUX+bTaFt89U/x+l++9vXXSU7sI092PBBVREREREREVkdhgFGMIgRyo1qGObOR5stvEjEhrVIxDDAZoPQdn+bzSwz5lIABJUGQEQ2sHWbY3V5PsY3eBv3nk6y95hXAvcr4x90tSLMFbHmQVEfv61OREREREREROYJBUPtNjuGzTBzpwaD2Ox27HY7drsDuy2AYbNht9sx7HbswSB2ux0MsNsD2Gy2ueCriMgGpcCqxffZvoUPkFpxN3l5ZfGcoyIiIiIiIiIrzTAM0lwuwNzmbxiGGTwF0oIu81Aqmw2nywwX2G02DKuezW5uenWlubARfYCViMhGpMCqiIisKHMlg7VtTEQWZ32YFZHU4gwFkTSXyRoVDAZxOhf+uP/11/dXcTQiIuuXAqsiIrKisrKymJqexuV0KrgqshjDwOfzkZmZmeyRiEiMnJwcJr7/njTrYB6RtSQYDDL76hXvvvtu3PK//Z//dpVHJCKyfimwKiIiKyorKwsD8yTaYOhQBBGZx263k5mVRbZOHhdJObm5uRjA9xMT+P3+ZA9HZFmcTic5OTls3rw52UMREVn3VjewarODoQ/Zsv7Z7A6MYCDZwxBJmmwFi0REZI3bnJvL5tzcZA9DREREUtjqJvVyZWCzO1a1S5HV5nA4SdukbZ0iIiIiIiIiIuvZ6q5Y9b8kmJ4NznSwKcAqi4vNZrUWslsFgwH8szPMTk0keygiIiIiIiIiIvIWrW5gNRjA9lIBJ5nPMOJcm1fHWKI8sXuNqOtLjyeRe6OvL9CoiIiIiIiIiIisG6ubCkBERERERERERERkHVBgVURERERERERERGSZFFgVERERERERERERWSYFVkVERERERERERESWSYFVERERERERERERkWVSYFVERERERERERERkmRRYFREREREREREREVkmBVZFRERERERERERElkmBVREREREREREREZFlUmBVREREREREREREZJkUWBURERERERERERFZJgVWRURERERERERERJbJmewBzLlARv1+HLGXZ3qYuXIKXzKGtADXodu4tzxMuXGJiIiIiIiIiIjI6kihwKopcL+SF7dCrw6z6dRp3KeuwLoLYpqBZKKeV2R1PRkeTvYQRERERERERGSD21ZQkOwhvJaUC6xGu8nLKzvIqN+Pqxp8CkCKrKi1+heXiIiIiIiIiEiypXhgFeAhxgw43j0M3ASsrfhF2WZxRKoA9/FOXPTgzyjD6QYYwNd4hJlQU2VXyNpThg2ASfx39/GyJ3R9B8ExcGy22h37ksnffWzdaK6cNducJDAWPcKFxkN1K9m7IDBWjGOzWWwMXmbqM9h0ykp7sKuTDCp58SxybLErd0VERERERERERCSVrIHDq25ivABb5g7zZXUr7qJRfI2VTDZW4ntRhvv4hbnqm8uw9VllY8W4Tl3BBcAFMvaUEbxvlk3eH8W5pxV3+MZsHHSYZXd7MDbvJ6PaLHEd+hVOephprGSysQNCwddExkMx9unLVp8D2Ip+xaaym7y88iUBQgHUw2yqjBjb3R7suyLHJiIiIiIiIiIiIqlkDQRWo7nfK8YY/EN4FerMn3owNu+cC0LO9IRTBsz8qQfDvQNnGVC9E0dEGbf+gH+mGHt16MZJ/H+yVqj2PCEY7vEwzi3ZGM86rByvH+MbnEx8PAzg/8xcacuzMYxFns1RYgWBe04xFbnSVkRERERERERERFLKGkgFcBhbBhjPHoZ/tm0+TXb96Yg6k9jKMIOWL57MHXLV84TgHnOlq+vdPHAX467vjFoJarx7GJ4t1v8ObG4Ifn8zfMX3/SjuLXNjW2g8ibvJyyuYB3WFxheZUkBERERERERERERSSuoHVsu8OCICm8aL0xjPLjP12c15Vd1/DWRswwVmQLJsG3YgQCgY+jB+sLLMu8gA4uR4fTcPGMNMU7DweKief2lhN3l5JdTGBTLq95N+6DC+eO2KiIiIiIiIiIhIUqV4KgAz96gtcnv/4wFsRT8Przp1HbpNdn1EPtLQ1n/A/ddl2GYe4u8Bbj0g4C7DFQp2ll0hq74znEd1YTfxP5uM6NNMDRCy5HgScoGMqLGYwdzIVbIiIiIiIiIiIiKSOlJuxapjVyfZuyIujH3J5O8+nnt96wgz797GXd9pHUo1if+umY/UDTA2im1PJ9l7AAbwNZ4K50Z9cXcbWXvm2jcGL/PiFrDEtn3fZ/twHO/EZfUZGBuAjKXHs7iPCY7tx7Wrk6x3LzN1tydqbIx9yeStRRsQERERERERERGRJLEZhrHYeUrLNtlYuZLNLYv7eCcuYgKxsibE+y2MvRT7qzq/PLF7jajrS48nkXujr8evH3nPj37TFb/jZerv72dbQcGKtCUiIiIiIiIistY8GR7G4/GseLuPHz9esk6KpwIQERERERERERERST0KrIqIiIiIiIiIiIgsU8rlWH0TM7+rTCC3qYiIiIiIiIiIiMib0YpVERERERERERERkWVSYFVERERERERERERkmRRYFREREREREREREVmm1Q2s2hTHlY3BZnckewgiIiIiIiIiIvIWrW6k05WhgJOsew6Hk7RNmckehoiIiIiIiIiIvEXOVe3N/5JgejY408GmAKsszrbE61QUDAbwz84wOzWR7KGIJNX4xAQT4+P4/f5kD0UkZTmdTnJyc8nNyUn2UERERERE5DWsbmA1GMD2UgEnmc8w4lybV8dYojyxe42o60uPJ5F7o68v0GhK6uXTuiY6vGe4WlsacX2E9kvnGTzYzEel0NtSRyOxdWKbauFkE9Q317JIrYT7lLVrfGKCiYkJ0tLTSXe7kz0ckZRlGAYTE+a/ixRcfVPmHNLSP3fFe+YtzCcJz3UiIiIishEo6amIQMfntI9sgD5lVUyMj5OWlobNthbWmYskj81mIy0tjYnx8WQPZY2zgqpFZ7ja3Gz9OQNNdXzam+yxiYiIiMh6trorVkUkJXk80HKtnZ1nq8iPU15a28zVVe5T1i6/36+VqiIJstlsSpnxxkYZ7Afvwcg1pKX87KiHc929fFSqtaWyfJOTk4yMjDDz6tWSdV1OJz/4wQ/Izs5ehZGJiIhIKlFgVUQoOniQoqYm/r59J7+umh/mjE0F0NtSR2OHVThvSz+EVw9xlE8WCJwu1ef8bZ3e8NZLczxHqR28YZV7qW8up6uuiY6YuomNV0RE1q48ijzQEhNEza86O/eloLWFv/boIC03zInFe6aZiu65+SEydcBI+yXOWfXwLDSXzZ/rFppvelvq+D1e6Oigf8H2JJV89913+BL80sPn9zMyMqLAqoiIyAakVAAiApTy0Rkv/TdusdSuyZH2SzQOHuWT5mauNl+kdrCJ30bt6Tc/aH5VeZGri35wXLzPkfZrEds6L1Lr6eD3kf10dMKJubLGum4qrO2fXubqLj1eERFZ2/KpOnEUT0cTJ+vqOFlXt8Df8x18xQmuNjfzyVEPHU11dJWbqQPqvdDxeTsjAL0tnLtRRH1o3uAG51piZ6r5c91S801/B/yiuXmJuVFSxazPt2i53W5n69atbNq0CYCXMzOrMSwRERFJMQqsioiptJZ6bweN8z48RhrhQWc/nsqd1ofCfKrONkesOB3k99YHzfirUBPvM7/qbMTKUnObZxTvQcwu8ikoArzl1gpVc+VS5Hi9B6vmxnvQS3/nAxRaFRFZR/Kr+LWVX/WTox76b5znZF1sjlUvv7Dmpnxz4qDCmmbyCsMTB73dHRFzijlv0NEd8SVgvLkugfkm3KasCUscRpqbm0t6ejqbN29OqL6IiIisT0oFICJhpdVH8Zxv4tPyixTFrWEGOIsOLhQ07Qc85irUqsROTF6wz94WTjaF9lN68Hji3Lwkc7wdTXV0RF33MgpaMSQisg7lV53lapW1nb+phYrmxOYj0wjDg+CpzFukTry5bvH5RtaX7OxsMjIyAHj27FmSRyMiIiLJpMCqiMzJr+LvjnZy7vNbeONWMFeDfjU8AqXxwpJefnG2FlrqaGwpTyyXadw+R2j/vAPP0dBqIGvL5bIfyByv9+Bc3jxZuwbaGrjOMRpqipdx1wTd1y5zb/dpTpTnvLWxiUgS9bZw8vPCeXlLzVWpy2XugugfWuzrt3hz3eLzzVJpdiS12e12gsEgAOnp6eTkmPPJ2NgYs7OzyRyaiIiIJJlSAYhIlPyqE9TSQUfs1nuzlJ2Vnqitjb0tdZyM2cpfWnsGb0dTzBbM5fdpfrAFem9FHGK1HOZ4w3nzQuO91K5UACIi60VpOd7+2Dyo5hd0r7P9vrQ8cuv/wu1Ez3Wab9arzMxMtm3bRlpaGk6nk/x8M+D+4sULpqenkzw6ERERSTatWBWRGGZeuJamjvilVWepH6rjXN0N84LnKJ+cLYXe7ohapfzsqGcZWzBj+wy9buJkB+A9Y+ZiXXQF0QItx44XL/XNOjhERGT9KOWj5osUXTrPybq5q56jF7maSL7vec3V8snRS5yrqws1xCdxd2DEzHWLzDdKB7B2ZWdnY7fb2bJlC4FAALvdjs/nY3RU/1VFREQEbIaxspnWJxsrV7I52SDi/RbGXor9VZ1fnti9RtT1pceTyL3R1+PXj7znR7/pit/xMvX397OtoGBF2hJZKQ8fPiQzK2vhChPdXLvcxhBAYTnldDMcsVV/oK2B66E4ffnc1v+oVABWG9Sc5kRJH9cu32P36ROYTQzQ1nAdjjVQU6xUAJL6pqem2LFjR7KHISIRvvnmG2x2O3a7na1bt+JyuQAIBoM8efIknBogxAgG+eCDD5IxVBERkQ3vyfAwntc7mGVRjx8/XrKOVqyKiMgqmqD7H82AaEN5Dgy00XAdCndbpd3XuD5cw+mGcnKsAOm1gpig6ES3FUhtMAOpE0l5EBER2QCCwSBPnz4NB1efPXs2L6gqIiIiG5dyrIqIyOqZ6OPeUCG7S6xAafFPqCkMF9J3b4jC3SWYpcX8pKaQoXt9c7HT4X+OWZ0qIiLyFths4R9DwdWRkZGFD6uKqC8iIiIbRwoFVg+z6VQnWYcOr/E+wH28k+zjF95qHyIia9LEMEMUkB83KDrB8BAUxC80DQGFQ7T9ceAtDVBERATSrK3/IcFgkJcvXy5Yf5Pb/baHJCIiIikohQKra9kFMuo7yahO9jhERFJcTgGFDDMSd/t+DgWFMBy/0FT+U06cOEZ593XaFFsVEZG35Ac/+AHu9PSE6rqcTvLzdSymiIjIRrTBcqze5OWVm2+9l5nfVTLz1nsREVmDckrYXdjGvb4JystzYOCPtA2FcqzmULK7kLZ7fUyUmzlW/9g2RGHNL4lOpVpMzbFyGq63sauhhuKcfAoYimjzPt1AeZIeUURE1r7s7Gyys7OTPQwRERFJcSkbWHUf78RFD/6MMpxugAF8jQ+w1+/HQej1EWaWVfcwm06dxvHsMlOf3QTrtXnPJIExcGQ8ZObKKRzHO3EyAJuLsc30MHPlFL7qVrJ3FYfHaAxeZuoz2HTK6mdXJxlUEnyvExdfMvm7jwFwHbqNu8j6h1moLYDqVrJ3QWCsGMfmyDbffvBXRCQ5cij/ZQ33Ll+moQ0or6GmEO6FSstPcGy4gcsNbeaF8mPmIVexin9CTeFlrrftoqHGzMV6uS26zeFVeiIRERERERHZmFI2sArA5h1wt5LJHjMA6qoHX2MlL7hARv1+nIcOQygImVDd6OZdh36Fkx5mGk/hs+pFLjW1bTbbMC9dIGNXHv67lbzswQqK/hw3R3h5ZYd57/1KXtwC9/GITqpbcReN4mvcFw7suo9fwGcFXaEY+/RlJn9302rzV2wqu2n2ISKyHuWUc6IhtJ50gu5r0XlVi2saaKiZf1txTQMNc41QfqIhvCo1p/wEDVFLVMvj1hMRERERERFZKamdY3Wswwow3sR4AYw9sIKcDzFi99ovpy4Ah3FuycZ41mGuHuVjfIOTMW0+iIizfsyLxn3hgKfr3byEHsH9XnFEOzd52TcAm3cyl95+AH8oOPxsDCOhVkVE1qoB2hqu0R3a1z/wR9qGCilY5LwqERERERERkVSU2itW36od2NwQ/D7RbfeRaQPAmJlcvLp1jy0DjGcPX3eQIiLrTDE/qYHLlxuwNvtTfqyBeLv9RURERERERFLZBg6smitZHe8eBhIIrlb/HKd7Lq9rKD/q4m5ivDiNLXPHG49WRGS9mL9tX0RERERERGTtSe1UAG/VTfzPJrFt8eIC4AKuoqVO/szDVgZwmE0lxUvUNc08jtz6b90XlWJARERERERERERE1poNHFgF32f/gJ8y3PWdZNfvxIjNsRrp1h/wz2Tj3NNJdv2voK8HIxxo/ZjgGDh2dZJ16HDMfUeYGczDVd9Jdv1p87Cs8MFVIiLrj9PpxDCUMVokEYZh4HRu4A1EIiIiIiJrmM1Y4U+/k42VK9ncqnIduo07s4NJBT5XXbzfwthLsb+q88sTu9eIur70eBK5N/p6/PqR9/zoN13xO16m/v5+thUUrEhbIitlfHycie+/Jy0tDZvNluzhiKQswzB49eoVOe++y+bNm5M9HBERERGRNenJ8DAej2fF2338+Kd4lBUAAABGSURBVPGSdTb0Egn38U6c05eZ+uwmoVQAxqAOmhIReRO5ubkYwPcTE/j9/mQPRyRlOZ1OcnJy2Jybm+yhiIiIiIjIa/j/ATnyD39VoE+YAAAAAElFTkSuQmCC" height="600" width="800" />
Act: 11
Exp: 11]]>
  </system-out>
</testsuite> <!-- testcases.MyInfoTest -->
