<?xml version="1.0" encoding="UTF-8"?>
<!-- Generated by org.testng.reporters.JUnitReportReporter -->
<testsuite skipped="0" hostname="LAPTOP-JEI8AS0O" name="testcases.DashboardTest" tests="2" failures="0" timestamp="2022-08-13T15:10:03 EDT" time="0.994" errors="0">
  <testcase name="GetDashboardQuickLaunchItems_004" time="0.624" classname="testcases.DashboardTest"/>
  <system-out>
    <![CDATA[<img src="data:image/png;base64,iVBORw0KGgoAAAANSUhEUgAABVYAAAJcCAYAAAASBf/6AAAAAXNSR0IArs4c6QAAIABJREFUeJzs3XecVdW5//HP2nufMmd6Y2aYgQGGDtJsqBTBHjXW2GJQ1HhzzU3iDUluMInI9Sak2eIvN4nmBoMYuyhqIkZBBbs0EYYuDHXmTC+n7bJ+f5wzAwMDA4lSzPPOy4Q5e+211z6z/SNfnv0spbXWCCGEEEIIIYQQQgghhABg2rRp3Y4xjsA6hBBCCCGEEEIIIYQQ4gtFglUhhBBCCCGEEEIIIYQ4TBKsCiGEEEIIIYQQQgghxGGSYFUIIYQQQgghhBBCCCEOkwSrQgghhBBCCCGEEEIIcZgkWBVCCCGEEEIIIYQQQojDJMGqEEIIIYQQQgghhBBCHCYJVoUQQgghhBBCCCGEEOIwSbAqhBBCCCGEEEIIIYQQh0mCVSGEEEIIIYQQQgghhDhMEqwKIYQQQgghhBBCCCHEYZJgVQghhBBCCCGEEEIIIQ6TBKtCCCGEEEIIIYQQQghxmKyjvYDPSkOskaqWHWxp2sr21p3sbNtFfayBmBvD0x7o1EAFntacUXIKt46YiqEkWxZCCCGEEEIIIYQQQhye4zpYTbgJVtVWsnjH26yqXUNDvAGXZIiqUCilAFAKlFbJbFWB7dmc2GO0hKpCCCGEEEIIIYQQQoh/yHEbrFbWb+CJtU+zom4VaDBQKMPAwgSSVamu55IbyMFD02a3opTC8RxGFYxgdNGIo3wHQgghhBBCCCGEEEKI49VxGayuq9/IT975H2wvgWlYKKXRqSpVT3s4nkN+MJ8zS8eR8BK8veu9ZLWq1njA9YOvxjKOy1sXQgghhBBCCCGEEEIcA467dLE53swvProXx0tgGSY6maiilcb2HLJ8GVw14HIG5w1kyc53WbD1NTw0hlIk3ASTSicyMLfiaN+GEEIIIYQQQgghhBDiOHbcBasvbn6FXZEaQmaw4zPbc7CUxeX9LubLFV+iIdbA/ct/R1XLNizDSlWyanymnylDr+7ovSqEEEIIIYQQQgghhBD/iOMqWG2MNfHyllcJGH40oLXG1S5ji0/h2kFX0jurjFc+fY2HVz8CgM+w0IBSioQTZ8rg6ygIFRzVexBCCCGEEEIIIYQQQhz/jqtgdWPjZpoSzQQNP7Z2yAvkcsuwGzij9FTibpzfLn+I17YvwlQWBgYajVLgeA7lWb25qOL8o30LQgghhBBCCCGEEEKIL4DjKlhd37ABrT0c7XJm6Xi+NuQaCkP51Ebr+eVHD7C2YS2W8qEUe3qvao1G862R3yDkSzvatyCEEEIIIYQQQgghhPgCOG6CVU97fFy3BlOZfHPErZxdPhFDGVS31fCLj+5nQ+Mm/KYPrQGdPEcBESfGbSfcwuD8AUdz+UIIIYQQQgghhBBCiC+Q4yZYjTpR/IaPu8bewYlFIwEIR+q4672fs6N1J37DByT7qbanq1EnzuUVX+ZLFecexZULIYQQQgghhBBCCCG+aI6bYNVQBt8a9W8Upjafsl2bB5b/jm2tO5KbWSkNWndsaGUog2sGXMF1Q76CqcyjvHohhBBCCCGEEEIIIcQXyXETrKZZaaRZyR6pWmv+svYZPqxZSsBKI4aD0gq/6ac0vYRTeozmtJJTGJDT5yivWgghhBBCCCGEEEII8UV03ASre9vcVMWi6g84rWwCfdIK6JNeQo/0IgrTiygIFaCUcbSXKIQQQgghhBBCCCGE+AI7LoPVXhnF/HHiz1Gug9dWixVtQidstFsDroMO5qD8oaO9TCGEEEIIIYQQQgghxBfUsROsag8dbwU7CoEMlC8NDlB56mvajrf6Zbx1C3EathPTOrlplWGiTT9mXhlG2SisivGYJSegAplH+GaEEEIIIYQQQgghhBBfZEprrY/mAnRbGHvTYtxNi3FrN0MiCsEszNxemCVDMPuchlk4EKzAnnNiTXhNO9AtNXgNVbg7VuLursRrCUN7yAqAwijsj3/UpVhDL0T504/OTQohhBBCCCGEEEIIIY4b06ZN63bM0QtWPYfEJ/NJvPsIXuMOMIxkb1RloD0PhYfWoAwTs+dwfKMvwxpwFsoKdjmdbqvDDW/A2fAG9tpXIdoChoEGlNaYPYcRGP/vmL1PObL3KYQQQgghhBBCCCGEOK4cs8GqjjcTf+N+7BUvgGEm/wHwPNDunnHKQAFaaxRglp9IYMJtmCUjDjq/17idxKoXsD94DO3aKNNCuw4oRXDyd/CPvhqMY6cLghBCCCGEEEIIIYQQ4thxTAar2o4Qff57OJvfR1l+QCXDVA1G6TDMXidipOehXQfdtAMvvBG3en2yRYD2wPQRvPzX+PqN6/ZabngdsQU/xdu5BkwfaI12bQKnXk9g4rdBmZ//DQshhBBCCCGEEEIIIY4rx16wqj2if5+FvexZlC/VM9VzMNLzCZz1XcyKCfu/6u/aeE3bcTYsIrFiHrphB5gWaV95AKvPad1fMtZE7O8/x6l8DUwLDeAkCJ73X/hHXfWZ36IQQgghhBBCCCGEEOL4dijBqnEE1tHB/uQFnKXP7BWquqj0/GRIOujcrvunmj6MvL74T72J9Ov/hP/Ur6E9l+gLP0RHG7u9pgpmEzz/TqzBk8GxUYAyfcQX/By3bvNne4NCCCGEEEIIIYQQQoh/CUcsWPWadxFb9Buw/MkPNKA90i75OUbhoEOaQ6UXEpj0n4Su+DU60kDi4+cP7TxfGsFzf4QqGgCuC8oApYgvvBc857DvJR6PE4lG8TzvoOO01sRiMdoiEeLx+GFfpzuJRIK2SIRY7J+f27ZtIpEIkUiURCKB4zgHvL9DLXJ2XJdoNEokEiGRSPzTazwaPO1RHQkTdWL/8BwJ16YmUot3lPaJE0IIIYQQQgghhBCfvSO2g5O97AmINoGVqlZ1YvhOvwmzdNRhz2X1n0ToqgeJvfEg/jFXo3xp3Z6jglkEz72D6NypgAemH2fzOzi7V2P1HNlpbHV1De+9/z65uTm4nsf4M87Asiyam5t5dt48FixYQHNLKw/efz8VFf32u9aOnTtZvHgJb775Fp9u2UIsFiU/L4/hJ5zAhAnjGXf66QQCgYOut6GxkXfffY+MjAwaGxsZd8bp5OXlobVmxcqPeeWVV1j1ySc0NjYSCqVR0a+CiRMnMunMiaSldf99ALRFIixbvoJFCxeyfMUK2traQClMwyA3N4fCwh6kh0IEg0FCoRBNLc3U1oT51re+xdAhg7uc07YdVqxcwRtvvsl7771PfX09WmsyMzMZOmQIZ511FieffBK5OTldnr++YRMf7P6IDCudulgDo3uMZEzRwTcrA/hg9zI2NWwmYAaojddzQflZ9MoqY+nu5SwPr8LVDrn+HKJujDY7QnOiFReHkBWiKNSDQbkDGJo/iLR9qqZbE618a9H3ObloDNNO/A8MdXh/F6HR/N8nj7J4xzvcN/FnFKX3OKzzhRBCCCGEEEIIIcSx6YgEq7qtlsSql5IbSAFoDYF0/KP/8R6nVsVE0kJ5ybkO9ZziIZjlJ+JuXQamhVIK++P5+wWrn6xZzfe+9z00MHbsqUyaOJFdu3fzjdu+yepPVmEaJsow8O8Tjra2tvLInx/l//32/+Hz+Rg+fDi9e/ciEY+zbNkyli5dyhNPPMGECROYeddd9CwpPuBao9Eod/zoR0QiEUzT5MX5LxAMBvn5L3/J448/jkJh+Sy0p4knEqxcuZLnnnuOU8eO5eezfkZZaelBv4vVayqZMWMGH330EX369uWWm29mzJjRmIbJx6tWMXv2bN555x0yM7P4yle+guO41IZraWxqIh7vunpz3fr13Hv//bz+2muYpsW1117L2LFjyQiF2Lh5E/PmzePxJ55g8JDB3HXnnZx+2v49cuN2jMfWPY3PsNBa0y+n/KD30a6mLcyctY/jSz1jpxWfTC9gRfgTnt30AmlmGh4eXx14Fb0ye5Hw4mxq/JSF298i7sawlI8+mb2ZduK36JW157uridQS9+K8teMdLul3AQPzBhzSetrtaN7JS1v+hqVM4s7xWbUrhBBCCCGEEEIIIfZ3RIJVp7oS3VaP8qWqAV0ba9gFGJn/XPWeWXLC4Z1gWFgDJ+Nu/ajjZ3fz2+hYEyqY3TEsPZSOz+fDtm369+9PJBLlP775H6xcvpzc/DychE08ESc9FOo4JxKNcus3/p2lS5fy81mzGD9uHDm5OVimieO6VFfXcN/99zN//nwWLVpIc1MTj875M36/v8ulpofSKSwspKqqiqysLPw+P7d/93usX7eWWT/7GcOHDycvN4+6+joWLXqD3/7v/6K1x3vvvsu3vv0dHn9sLsFgFz1rgTWVa7n6mqtpaW7h6quvZsadPyE9Pb3j+KBBAznv3HP4wX9N5++v/5221jb+a+b3CAQCB2wPsHTZcm686SZaW5oZNGgwD/7mNwzoX9FxfNy4M7jummt4+pln+fGPf8wNN07lD7//HZMnTeo0j6s0AcOPaRhorTGV7+C/0xS/5cdv+jGViULhN5Pfq2VY+A0/Go8sXwYXV5xPcK+q1EsqLuRXS3/D1pYqNrd8yk8//DX3TfgZaakq6IZ4U7L1gYJ5G1/m+yd/+5CrVj3t8ejaJ1EoNNCcaDmk84QQQgghhBBCCCHEse+I9Fh1t36I2iuM0misfmcA6khcvhMjvy+6/brKwGutxWvZ3WlMQX4+jucCkJ6WzkN/fJjdNTX8afZsnn/uOZ555mnuumsmtr2nArGluYXmpmZefvFFLrv0EgoK8rFMEwDLNCntWcJP7/5vzjzzTEzT5KOPPmL+Sy8fcJ2WZZIWDKCUwjJNfvSTnxDw+3hx/gtcecUVDB40iB49ChkyeDC3/fs3uPeee9AagmlpLF++nNcXvtHlvNFolO99//vE43EKCgv54X/9oFOo2i4rK4uf/s/dZGdn85fHH+PhP/4x+f0ZBobR+bGpr6/ntm9+k3g0Sl5ePn/4/e87hart/H4/1117DV+68EI81+Ubt93Glq1bO43JtNJRSqE1eGhy/VkH/I72FjT8qcdJo5Qiw5cKvQ2FUgYKhTIsYm7nqtGyzJ5844Sb0NrDp/zsaNvJqto1Hcd3t+1OBrWGxTu732dz46eHtB6ANbVreXvX+/iNZMhbEw0f8rlCCCGEEEIIIYQQ4th2ZILVXWvA2FMcqwwLI6fnkbj0/pSJMveqgtTghTd1GtLU3IRlmgQCAea9MI9XXnmFZ55+islnTqS8d28GDRzIdddcTVFRUcc5aWlB7r331/TvIlBsFwgEuO3fv4Hjelg+i3nz5mHbdpdjLcvC9PlRSlHf0MDqNWuY9bOfkpmZ2eX48849h+uvv55oNEog4OfZZ5/GcfbfmOuT1WtYW1kJKL785S+Tl5d3wPXm5+dx1uSz8PsD/O53v2d3dfV+Y7TW/ObB3xIO1+B6Ht/59rcp793rgHMqpfj6LbdgWiau4/Db3/5vp82wHO0AChQYyiCuu/5+9hWy0pJdIZQCpbB1MhjPtNLR2sPVmoDhw2/sX6TdM6OYdF8GHh4GBltbqjqONcdb8PBAKzSaJ9c9h6cPvmkZgOM5PLr2SQyl2vNeGmKNh3QvQgghhBBCCCGEEOLYd0SCVd1WCx0VqzpZMRrsevOiz38xXjJ8IxnmKcPAq+9cNalJhnooRU04zPe/931Kig/cDxWSFZ4DB3Tff7O0tJTcnByUMti2bRuxeLzLcaZpkh4K4Xke8Xicb//Hf5CRkXHQua+68sqOc9dUrqUtEtlvzIcffpiqONWMHDlyv+P7GjRwIIZhEIvHWLZ8+X7Hd+3ezRNPPkEwmEZ6KMS5557T7Zx9+pRTXFyMz+fnlVcWUF/f0HHMNKw9D6WGoHnwTb7aRbwEPmWm2gcYhMzk6/65/mwc7WIohaUMuqqSdj03+UiQrJLNC+R2HKuJ1oJOVVkriw9qlrG5cUu36/lo93I+qV+DpUxQyfMbE82HdC9CCCGEEEIIIYQQ4th3RILVZClhe1ViKsGKNhxo9OdLGeDY7B2w6XjnANLn86PRuI5DaWkpp5x88md2+YDfT35+Plp7OI5D/CDBaloggOu6WKbJyBEjup07Lz+P3NxctAeRSButra37jfl0yxYsnwUoMjP2bwGwr4zMzI4NwnZs37nf8cWLl2DbNq7rctJJJ1JYUND9nOnpVPSrQGtNLB5jzZo9r96nmcHkk6I1Gt0RkHYnzQzi4aG1RqEIpHqstrkRLGViKIWn2ytiO6uJhGlJJL+rgOFjTI9RAMTdBLvadmMaJsloNPmfuWufwk1VxHYlakf5c+XjWMrCVMkKWaUU4UgYzaFvtiaEEEIIIYQQQgghjl1HJlhVZuefPRuv5ej0m9TRRvTer3J7HpidN0hq743quC7Dhg4ltNcmVf8sT2ui0UjHdSyr6/3DtE72ClVKEQgGyc8/8Cv7e687Py8vFf9BLLZ/aJufn4/rJgNIz+3+lfbGxgaUoZJ9Rv2dvyfP8/jgww8xTRPHcTj11LGYpnmAmfZap2UlA2CtcRyblr0CYF/qWdHQaROq7mT40jo2mVIkK18BmhOtWIaVOmZg7dMKoCXRyty1T6LROJ7DzUOnkJuWrKZ2PYfaaB0AF/Y5n6AZwFImH1YvZUN95/YRe3t354dsav6UATkVXFpxEY7nolDURutIuIfW2kAIIYQQQgghhBBCHNu6TvU+YyojH69xO6ojYFW4Wz/AN+DMI3H5TrzwxtQe7akaWsNg303eTdMEnewYkJ6ejmn+c/mz1prGpiY2btzEY395jJqaMIYyMEwDv6/rXe+VUjS1tOD3+zEMhXEIgaXnediOjWEkN2sKBPZ/jf6kE8fwh9//HtMy2bptW7dzbtywqaN36cCBAzsdSyQSbN68GcMwME2T1xcupLm5hfr6OjKzsgkEfAQDQTztEYvGicVjRKNRehQW8tHSpZimSVtbgtaWvSprU+/kq9R/Pb3heXqkFWAaFi1OK4YyCZpBDAyiXgzXswmZaeyKVKOU0SlcBTBS87X/xhNugqAZoDnewtr6DTxa+TiftmwlN5DNlMHXcU6fSR1LidhRmhLNuJ7Dl/qcg9/w8cTGZ7EMiz+unsMvxs1MVbPuEbWjzFn7OJYy+cqASwlZIZ7c8CymMmlONBO1ox3VtEIIIYQQQgghhBDi+HVEglWzxwC8bcuAZAilTAtn7avocf+GCmYfiSUkuTbu1g8gFYYlNxXyUDmdN1tSKhm9ag2G0X2gua+Ghka2bN3Cps2bWb9uPes3bqC+roFEIkbfPn3Jy8ujvq4Os5uK1faqVcMwaOvitf59ealz2u8hs4uerGPGjCEvL4+m5iZef+11bpjyNXwHWENzSwtvvvUGSilKSooZPnxYp+NtkQjhcDgZ5CpFbW2Ytxa/RSg9nfRQiEAgQDwexzIN/H4/juPiuA6bNm+mvLyc3r17obWmpGSf/rWpFrgGik9btlIdC2Ng4jf9+AwL1/NIaBu0h9YeaVYajfGmPefuN5dOVYyG+fE7/0O2L4PqaC31sXpGFozgrN6TOLXkREozSjqdGo7W4uDiNwNk+NO5oO85PLVxHqZhsrZhPR+HP2F0Uec+tS9tfoVdkWpGFZzASUWj2dy0BSO1qEa75ZA2vhJCCCGEEEIIIYQQx74jE6yWDMfWT+75QBl4LWHs9Yvwj7j0SCwBALdpB+7O1bD36+DaxSge0mlcsk9n6s/eoQdhO3bu5Kmnn+app56ioaGR/v37c8455zDl+q/Rq1cZpaWlxKJRrrv+a9TX12FZPiKRCH5/9xWMSu2/6dJ+YyBVaavw+/3E4jGyyeo0Ji83l5kzZ/Kd27/DR0s/4qWXXuaySy/Zby5Pax566GFq6+owDZM777xzv6DWZ1kkUj1iI5EIM35yJ+PGndFprYZhdAqJ24NfoOPPyc209pLaLAoUt4+6jX45fbq999XhSu5497/ZL1nVoFPhak4wD1CsrFuNpSws0+KagZczKL/rTccaYo04rk1+KA/DMCgI5HN2r4m8vv0tTGXypzVzubdgKL5UK4mGaANPbXwepeCGIddiGiaZvkxQCgXYboLmRAt5abldXk8IIYQQQgghhBBCHD+OTLDa8wTwBcFz97zqbQWJv3E/VsUZGOmFR2IZ2J+8CG4CrCDJxE1DMBtjn6DL87zk6+QqGTAeitVr1jD1ppuorq6hd3k5//d/f+SkMWP2ex2/ubmZtrY2AAKBAGrfUDFFKdWxadShMk0Tf2rDK5/Pd8Aw9ksXnE9Dw13cf/993PGjO2huaebcc84hNycHrTU14TB/+tNsHnnkEfLy8vjRj3/EWZMm7TePBqxUKwPLNIlEol32WG3vFdtxX4dE4WoXv9F1q4T9JatS9/tUJXu1emjSrBA/PPE7PLjyD6ypX4vjOvx6+YP84oyZXYadu9p246HJDWYTMJO/xysHXMqbO95Bo/m0eStv73iPM3uPB+C5jS/RlGji9KJTGZSXDGv9po+QGSTmxtHaoz7WQJ/s3od4T0IIIYQQQgghhBDiWHVENq8ysnti9DkV7e21I7thQrSF2IKfoY/Ahj5u4zbsj54A0097x008F7N0OEZ6553svb2rVA8h3GxubmHq1Juor2+gZ2lPHnv0Uc447bQue5w6toPjOHieJuD3dWyUtS+tNekZ6TiOs/+aDsAwTBTgui6WZRJK63rTLcMw+Nr1X+WBB36DUgY/+9nPuP5rU7j5619n6s238LUpN/Duu+/y3WnTeHH+fK68/PIuA9G0YJCyslJcNxmY79i5vds1dkfv86q8o50DjOzM0W7yD6p9nlQ1rE5WyRpAzIlQnNGD20f/O1n+ZCVvdaSae5f/FruLZ3B76y4MFNn+LIxUI97SzJ5c2Oc8bM/GUhaPrnuKuJugpi3M/E//is/wc/3gqzp6ryplkOnPSj5xCqojNYf3hQghhBBCCCGEEEKIY9IRqVhFmQROuprIhjf2+lCD5cfdsJj4678geNYPUqHnZ08nWom/+jO0E0eZe1VAahffkPM6eq62S4aYClCHVLH6+sLXqQnX4LN8XHnFlfTuVXbQ8Z7n4nkepmnt/xp8ilIKy/Lh2Dau309GF/1S9xVPxLEdG6XANEws68D9Yd//4ENm3n03U6fexDVXfQW/30e4rg6tNQV5+eTm5hAMBg96Pb/fz+jRY1i+bDkoxZrKdR2v/P+jbM9NVgunvnbHPbRgNeIm71uTDFLtVIhfEMzH9mx8pg8FRJ0YxelF/OTk7/P9t3+CpSxWhlfxyJq/cMsJUzqqXl3PZXekGo0mP5jfEawCXNDnbF7eugC0piZSw982/50dbTuJuTHO630WFbn9OsaGfEEyfZlUR2pw0bQkuu+VK4QQQgghhBBCCCGOfUekYhXALB2NVTYK9g3KLB/28nnEXvsFOhH5zK+r7SixV3+Ku+XDfUJVD0K5WP3G7XdOe3WoUuB5Bw9WtdYsXvI2gUAQlKKstPSg4xN2Asdx8fv9RGPRTj1H911DIpFItU7QhEJdV5/uzXUcbNvGMi00mniq/+m+wuFavjbla7i2zbe+eRu9epVRVFTE8KFDOWHYMEpKirsNVdt9+eKL0CoZsi5c+Do1NeFDOu9A2txo8g9KoVC0OIf2TDheAoWBAXjaI+rGgGQFrCb5fZrKxKeSf5cwKH8AXx92A3Evgd/w8fzml1my/b2O+aJOjJpIGIVBtj+z07V6ZpZwXq+zsLWL3/QxZ+0TvL7tTSxlcXG/CzoFyz7DR4Y/lOwZqzUN8cZ//MsRQgghhBBCCCGEEMeMIxasKtNP4Mxvdx0kWn7slfOJPv9dvNqNn9k1veZdxF6cjr3mNTA79+rUjo1/7A2oLnprOq6TqltMbU/fjUQikRqvaW5pPuhYn+Wjra0NpdQBq1UBHMehra0NyzLRGuobug/ktNap1/KTHQwSia5bLMx7/nls26GgsACf758rWh4yeDBnTz6LeDxOa2srj86de1jn19bWdnom/IaJpz0UkIxED63PbMgKptoGJPupJrzkvdfGGvEZJkol2wW0fw5wYb/zmFw2sSNcvW/5b9nU8CkA9bEGmhLNKANygjn7Xe/LFRcQNAKpThGahJdgUul4KnL6dhpnKIMsfxYajaEU1W1h3Pa2BUIIIYQQQgghhBDiuHXEglUAs3Qk/tNuADvWxUEf7paltM29mcRHj6Fb//FelDreiv3JC0T+cgvOxiWdK1VR4DkY+b3xj7ziABNoPJ0MwuKJxAGrSiH5yv6Y0aNIJBKYhsGbi97o6Iu6r3giwX333YfjOLiue9BWAI7jEIvHUCr5ans02n3lZiwWJxaL43kaw1BkZnbdPiAej2NZFpWVa5n/0kuEa2uJRCI4jkMkEiEajRKPxw94H3szDIMZM+4kKysL0zT54//9H08+/XS352mtefqZZ/ndHx7qVOEZdxKo1Ov8mv17rh5IQ6wJEwPQaA0+lWyD4OhEKppVJNwExl7XMpTBLcOmUJTWA609XO3y0w9/TWuijYSbIOElUFqRk+rHureSjGIm95qI7dkdm5x9ZeClnVoGtMsNZqPRKAyqozWH3N5ACCGEEEIIIYQQQhy7jkyP1Q6KwNibcLd+iLtzNcoKsKciUYNpgRMn/vq9JJY+gW/ExVj9J2HklKF8aQef2nPxmnbgbH0P5+P5uNXrAJWqVN0rGNUuaE3aRXej/OldTpWdnYPjOpiGiWN3v7HWBedfwL333Y/runy4dCm/+8NDfP3mmzq9Tr927Tpm/vd/M2zYMPr168fWrVuoqqqivqGBniUl+83puC52woZUyHig6tO9hdJDJOJxtNZ4nj5gIDx58iR+8+CDJBIJ7ph+B3n5+WRnZxPw+9GA3+cjEAwSCAQoKipi6JAhnH76afTt06fL+UqKi/njww/zjW/8G/X1DcyYMYPt23dw3TVXU7LPvSVsmzVrKvnT7D/x/PPP84ff/6HT8bgbx9MelmGitEerHe32vgEsw8TWDn6KACHVAAAgAElEQVSV/H03JpoppSdxNxWMq2Sw6u6zCVh2MIv/Oul2pi3+ET7DRzga5vcf/4nBuQPQWmMq84A9Y6/ofzF/r1pI3LU5qcdoemV13Vs3YAYwMFBKUR+rJ+JECVj7b2wmhBBCCCGEEEIIIY4fRzhYBeVPJ+3SXxF57CZ0c00yTO00QIHlR7fUEF/8EIm3Z2P06I9ZPBSjsAIjuwSsYLJXq2miW6px66twd63G210J8TZAgdHFrWmN9jyC50/HLDnhgGvctWsXruMQt2PYiURqo6kDbwRVUlLMr375S75z++1orXnggft5e8kSTh17Kj7Lx8erPmbZ8hVM+8//5Jqrr2LgMwP5rx/+kPq6Om75+q1MGD+eK664ggH9KzrmjEVjVFfv7uiT2tra0u1329DQQMJOYCdsGhsaiESipKXtH0gPHTKE++69l988+CDbtm0jHA5TXV2dbCMAmKZBMotUGEqhDINAIMC1117Dd779bUJdzDlm9CieevIpfvnrX/Haa6/z4G9+w5w//5nxEybQr29fQunpNDU28uFHH7Jq1Sf06dOHPz/yZyaM79zj1tMenvbQmGjAdrvuE7vfvceaUtWiKtlKIJUpGxg42iWgTOKeTUO8kaxA556pA/P6M3XIV5ld+Rh+08+Sne/x/u6P8Bt+PDysrp4loEd6Ief0nsTzm1/m2gFXdFmtCpBupZPcVksRdxPURuvJ7aK9gBBCCCGEEEIIIYQ4fih9sPfcP0du0w5iT96G27hjn1f1u+B5kNz+B0gGfiiFbq8+TFUkKmWkNnvqgtZozyEw8TYCp04FDrxz/YYNG3n2uXnkF+Tjug5Tb7iBQKD7CsOVH3/Mo3Pn8t5771NfV4dhmmRnZzF50llMvfEG+vVL9t90XZeXXv4rH3zwAYZhcNJJJzJh/Hhyc/f0e91dXc2cOY9SUFBITU0NF198IcOGDj3o9Tds3Mi851+gIL+AcG0tt9w8lfy8vC7HtrS2cu999/H4448zcuQoBg4aSElxCfl5eTQ2NlJdU82GdRtYvnIFjuNgmibRaITrrvsqM2fcecCg2XEcPv54FS/99a+8vWQJO3ftwnEcLNMkLRTijDNO58IvXcjpp43tckOuHa27qW6rxmf6cDyHolAPemYUd/vdb2r8lNZEK8owcF2Hvtl9yAlm82njVpoSzRiGgeu5DMkbSNDaf2OuuJtgWfUKQlYaPtNPuhUk4bm0OW30zSonO7B/OwCA5ngLm5q3MLJg2AGD1ZpImG0tO/CZPlzPpV92nwPOJ4QQQgghhBBCCCGOvmnTpnU75qgFqwBeYxWxl+/C3b4SLB+kemQejKZzJLrvz11fKFmJGZj0bfwnXgcHCMAOeE2tD/g6eFdja2vrCIdrSAuF6FFYSHp61y0Hjpb33n+f6Xf8iPy8fO66awYDB/TH7/fvN862bdZv3MjPf/4LPvjgfXw+P7FYjPkvvMDQIYO7vU5bW4SGxgaamppIS0ujID+frCwJFIUQQgghhBBCCCHEse2YD1YBdKyJ+Ht/wv7w8WTl6b6tAQ51HvYNWFP7yrsORmYPgl+agVV+6j+/4ONc5dp1XHTxxQwcOJAn/vIY2dnZ3Z7T3NzCjTfdxJo1a7DtBDNmzGDK9dcfgdUKIYQQQgghhBBCCHHkHUqwenilm58DFcwmeOZ/knbNbzF7jQLP6agwPax59v5BA64Nnod/9OWEvvpHCVWBeCLBnTPuxLYTTPvudw8pVAXIysrkuuuuxbZtTMOktrbuc16pEEIIIYQQQgghhBDHtiO+edWBWL1OxrxyOO6mN0isnIe7bWUyYFUmWqnuX8XXGnSq56phYA09F//oKzFLR3/+iz9ObNq0mVUfryIrK4u+ffsc1rm9e/XGNE0cx6G8d+/PaYVCCCGEEEIIIYQQQhwfjplgFUD50rAGX4DVfzLu7tU4Wz/A2fw2XnhzspJVJzewUp4LRnIH+ORmVQosP2aPgZh9TsEaOBkzv+LAG1n9i6qvrydh2/gDgUPajKsTBWiNZVkMGDjwoEM9z2PHzp3YiQTp6ekUFRUBEI8nCNeGcd1kRXJ2VhY5OTloramuriGRSKC1RqMxTZOeJSW0tLbi2DYFBQUANDQ24jpOx8/tEokEu3btwnVdcnPzyM3N6TjW1hYhHA4Dmry8vI4+r/X19TiOQ48ePQBobGzESc1dW1dHpC2Cpz0UipzcHLL36g/b1hahpqYGw1AUFRURDAZxHIfq6hoc1wGd7LfrD/gpKS7u+IuBeDxOuLaWHj164Pf5sG2b6poaiouKsG2HcG04+R1oTVpaGj0KCzv9pYLrulTX1KC1pqS4GMMwaGtrI1xbS15ubse9OY7Djp07KSku7uifG4vFqK2to2fPEgzDSK23muLi4o7NyFpaWmhpbaVnSUmn79d1Paqrq4nHYwSDQYpT95RIJNhdXY3WGjR42iMzI4Pc3Fx2V1djKNUxtqWlhfr6BvLz8wgEAlTX1OC5Llonn5mMjHQKCgqorq4mIyODjIwMAMLhMGlpabiuS31DA5ZloZTCsW2CwTSKi4sO+jwKIYQQQgghhBBCfB6OqWC1gxXALBuDWTYG/yk3oFtr8Bqq8Jp2oqONydDKjmH4Q6i0bFRub4y8coxQHliHGRj+C/H5fVimSSKRoLGxibLS0kM+t2pLFbFYjFFjRjNoQP8DjrNtm78teJUtWz4lNzeX+oYGRgw/gTMnTqChoZ6nn32W3Nxc8DSNTU186fzzqajox7z5L2CZJhkZmXieR1owyAXnn8fHKz/mo+XLufXmm8jIyODDDz+ipaWZKy6/vOOaiXic+S+9RHNrK6ZhUt9Qz+WXXEJ5eTm7d+9m3gvzsUwTy+ejpaWFyy65hF69ynj3/fepb2jga9ddB8CKFSuoravnyisu54033mTHrl3k5mTj2A7ReIwvf+lCevXuRW1tLU8/Nw+/zyIRT2D5fFx79VUAPPXss+RkZxMMBvA8j7ycXIrO7dERXNbU1PDMc/P46nXX0qOwkKamZp559jlu+Nr11NbWMv/llylKBb319fWMHDGC8ePGYRjJrh2xWIwX5r9Ia1srt0ydSm5uLm+/8y4rPl7JGaedxhmnnw7Ahg0bee6FF7jw/PMZNWokANXV1Tz1zLN86fzzGDZsGC0tLTz93HPccuONZGRmorXmbwsWsGVrFf92y80drSISiQR//dsrbNuxnZysbMJ1dQwfOoSzzzqLuvp6nnz6GXqmQl7P8+jXrx8nDB/GM88+h+u63HLTVLKysnjjzTepXLeec88+i7LSMp56+hny8vIIBPzYtkO/vn3Jycnhb68swOf3c+3VV2GaJq8tXMiQQYPw+/18tGwZbW1tJBI2uTk5FBcXUVx8ziE/x0IIIYQQQgghhBCflWMzWN2L8qWhcssxcsuP9lKOe0MHDyYnN4fq6hqWL1/O8GFDD+m8WDzOo489ijIUP5p+x0GrXVesWEFVVRVTrr+ezMxMqqurefyppxnQv4JgMA3taa649FIyMjJ4863FvLVkCSUlxTiOw5njxzN48ODkRBqUoQBNLBZj8ZK3ueD881CGQu2zTVltXR1bt21nylevo7CwkA8+/JCm5mZc1+WVV/9Ov759mXTmRAzDYNmyZbzw4ovcctNUfJav81xKpa4JCTvBqBEnMHHCBLTWvPDii7z7wfuUlpXyt1deYfDAAYwfN45EIsErC16ltq6OwoICtOdx4QXnU1hYmLwNrTtC0T2XUfh9vvZLdlSkep4mlJbGVVdeic/nY8OGDbz48l8ZOWIEOTl7KnB9Ph8+y8fOnbvIyspi586dBPwBPE+n5vFYtXo1JUVFLP94JcOHD0tWeZJsqfHawkVUVFR0hL3tHYobGhqoqQmTnZ3FuvUbOOXkkwBYvmIFu3bt4obU73TXzl188OGHxONxFGAaBldcflmn5yISiWCayarYuro60tLSqK4OEwj4k107UnvmffmiC5NBe4rnefj9PrZsq2LdunUMHToUT2s8TzNkyBAGDRrE22+/w/adO7jqiiswOu5BCCGEEEIIIYQQ4sg65oNV8dnJzMzk+9/7AdO+913uufdeTj75JAYPGnTQc6KxGHfedRdLly7lhz+c3hG2dUVrzfpNmxg9ck8Q2LNnT3qVlbJu/QZOGD4MZRg0NDQQi8UIh8NkZWZiWRYBn4+lK1ZStX178vX8wkJOPukkXE9T3rs3mzZvpqqqiszMTJobmztdNy8vjx6FBTz97HOU9+7FoIED6devHy0tLdTV1XH+ued0vA4/bNgw3nn/fWpqwhhGF6FcMu/Dsiyqa2pYs6YS13UJ14Q59ZSTaWlpYXdNDRecfz6WZWFZFpdfdikALc0tmKbJ4iVvk5GZgeM49Cnvw7ChQzqmV4aBRvPm4sUE/AEi0Qie1iilMAyFbdtUVlYSCATYvPlTevQoJBQK7fUdg8+yGNC/P7t276ZHj0JMy6K4uBjXdYBkpWtdXS3XXn01jz/1NLt376asrAxPe2Tn5OD3WSx5+21OOvFELNPs2Pnt41WrGDp4MBUV/Xj5lVcYPWoklmWx6pPVjBk9mqysLGKxGKH0EBMnTsCyLLTWeNrjtdcX4vP5iMXjnDlhPMFgENO0qOhXxrZt2wgGgwSCftJCQTzPTd2vwZtvLSYUCmHbNkOHDKFPn3IMw2RQ//688dZiSktLSQum4Tg2SqlkGJz6XysVTgshhBBCCCGEEEIcDRKs/ou5/LJLqK+v45e/+hWXXX4FP581iwkTxpOTnd2pl2dLayufrPqEe++7j+UrVnDXXXcx9YYbut1EzHUcLKvzY2UaJradSP2keelvr2AZBlnZ2R2hp+NpMtJD9CgoxHGSr3lDsrVAee9ejBg+jNdeX0hZWSmm2bkCNBgMcuXll7Nhw0bWb9jA8y++yIQzzqCiogKgU8WoUsmKV89zMQwI+PcK5zQYqbkNw6CpqZlP1qxhy5YtTBw/nhEjRlBTU9Mxz77aQ8bsrCzy8/NxXIfMjPQux4WCaaSnjunUpmtKKRzHZfOWrWzavJmS4mK+csUVHaFwcgzYjkPvXr1Yu34dqz5ZTc+SEuLxOO0JaeXatWSkp6O1Jj8vl6XLl1NWVoZCEfD5OOess3hm3jwy0tPx+/0YhoFt23yyejVjTzkFv99PpC3K7t276dWrF4l4HF8qxFy/fj1L3nkH23a45OKLCIXSUSjy83IJBALYto1lmmitcV2Xvn36sGHjRhK2Te+yXtQ31KeqVTWe1mRnZ5Gbk4tt26SlBYFkH9pTTjqJDZs28sZbi/E8r1MI3v7VJz/v/CwIIYQQQgghhBBCHCkSrP6LMU2Tf7v165x88snMfuQRfvzjnxBKDzF48GDy8/Lw0DQ3NfHpp1toaW5mwpkT+Z//uZtB3WxYBclgsLRnT9ZUrmPMmDH4fD5aW1up2r6d884+G8MwMJTBJRdfRH5eXkeoF4/HcR2H4cOG0T8VhrbTWhONRDlt7FhWV1ayctUqhg4a3GnM2nXrqNq2jXPPPpsRI07g3XffZdXqNQwfPhx/IMDGjZs6NqjaVrUNx3EoLCykJlzLzl27OuaJxmNoLxlyJhIJBg8ayOmnncbrCxdSuW4to0aNJDc3GSDu3LmT/Px8tNa88soCBg4cQFFREdrTnHLKyR2bSO1Lex5KGZx66ilkZWXR0NDA2vXrkqGs55GWlsaXL7qQbdu28fz8F6murqa8fE8bDA04rkN2TjaWafHRsmVc+uWL2bhhI5bPwrZt1lSuRSnFiy//Fcex2b59B5FIBJ/PRzQWpbBHIRPGjWPB3/9OeiiEZVns3r2baDTGmrXrqFy3nkDAz/IVK+jVqxcDBgxg3Yb1jBw5ghEjRlBcXMJfnnyCRMImFNKgFKeeemqnkLOlpQXHdcnNTYamK1et4tKLL6amNpxqBZD83Y495RRC6XvCZ9d1cT0PlGLCuHH8cfYj2I5D/359O30HQgghhBBCCCGEEEebBKv/osaMHsWY0feza/dutmzZyrZt22hsbCQtLUgwmEbv3r3o17dvR6/QQ3XSmDFs3LSZp55+hr59+lC5bh2F+fkMHNCf2ro6NMkK02Aw2HGO1slw7qOlS9m9uzr5SruGk046EcNQxGNxTNPk7MmTmT1nDvFEotM1S4qKeenlvxKJROlZUsyyFSsZOXIEoVCIsyedyUt//RstrS34LB/LVqxg/BlnkJ6eTt8+5by1ZAnzX3qJ7KwsVq9ew0UXfglIBquJeBylFOPOOIOHZ89m4cJFnH/+eZx3zjnMf+llwrW1NDY2sWnzZsaOPRWdeqX/zbcWk5OTg+s6pAXTGDNmdEfFp6c12vOIRmNkZWXhOE5HyOh5Hq7r4Louffr0YcQJJzDvhfncPPVGMjMz278sYtEYwUCA0p492bh5E/l5eayMRCgoLGTr1q1Eo1Fuvflm/AE/juPw50fnsvLjVZT27InjuHiuy7BhQ1m+ciV1dXXE43He++ADRo0ayZkTJqCUora2ljmPPcaExkZOP20sc+Y+xuNPPkVF335Uba9CKUVubg6e56G1x8KFiwgE/DiuS3FRET179iQejxMMBijq0YPd1dXk5efT1tqG53kkd6DTLHrzTbKysnFdh8yMDIYNG4b23FTLgXTOnDiBv76yIHVOkuu4OLZ9+A+9EEIIIYQQQgghxGfIvOuuu+462osQR09mRga9ysoYNmwoJ544hpEjRjBs6FDKSktJT9//NfbuBINBBvSvIBqLEa6ro1/fPpw5cSKBYBDX9bAsk95lZR1BYzvTMLEsi0Qijut62I5N7169CPj9ZOfkUFBQQCgUIj0UoqCggKJUBWr7NftXVFBXW0ddQz3Dhg7lxNGjMU2TwsJCykp7Uh2uJZ6Ic8ZpYznhhOEopUhPT6d3WRk14TDRWIxTTj6ZwYMGoZTC8zyKi4rIzc3FsizKevakvrGRstJSioqKKCkqZsfOnYRCIc4/9xwKCgo6glUU2HYC23YwDEVZaemejaK0xvL56N2rV8cr/kopynv3xrIsgsE0epWVYRgGPXuW4DgOoVCI7L0qYA3DoGdJCZmZWWRkZFBR0Q+NJj8vj3giTr++fSkt7YlhGFiWRU5OMrgsLCwgLS2NkpISfD4fPUtKCAaDFBcX0dzSwomjRxMKhTAMg1AohFKKzIwM8vLyGNC/Atu2qQmH6dGjB5MnTqSwsLBjEypXezi2TcJ2CKWlUVTUA9M06NunD1lZmeTkZNOnvBytNSXFxWRlZXdUuNp2AttxME2LstJSDNOkuKSYjPR08vPyMU2DstLSjipgrTXZ2dkUFxd325pCCCGEEEIIIY414XCYJUuWsGjRIhYsWMDatWupra0lOzv7H/r/4f+M5H4qP6R379707NnziF5bfDHccccd3H///Tz++ON88sknnHXWWUd7SZ+ZV199tdsxSrcnI0IIIYQQQgghhBDicxGJRHjsscdYvHhxx2f5+fnU1dV1/Dx+/Hi++tWvdtrE+PP00EMPsWTJEsaPH8/Xv/71I3JN8cXxne98h+XLl3f6bPTo0TzwwANHaUWfrWnTpnU7RoJVIYQQQgghhBDimFTJ7CmzqLrxHmZM7qpNW3fHDy68cCbTFo/nnhmTObyzwyycOY2tV81h6pDuR1fOnsIspjPnUAZ/QW3dupVZs2YRiUQYN24c5513Xqf9NLZu3cqCBQtYsmQJoVCI6dOndzr+WVu8eDHz5s2jtra247OCggIuu+wyxo8f/7ldV3yxDBmy59/pX/7yl/zgBz8AoLKy8mgt6TN1KMGqbKkthBBCCCGEEEIcyxb/L7P3yynCLJw5i0VHYz3isEQiEWbNmoXWmrvvvptbb72V8vJywuEwa9euJRwOU15ezq233sr06dPRWneEsJ+HuXPn8vDDD3cKVQFqa2t5+OGHee655z6X6+4RZuHMKfs808nPpsxcSHjvjytnM2XKbA4a04UXMnPKTBaGDzbo6KicPYUpU/b9p5v7+WwufGjXOdRxXXjnnXdoamqiqamJCRMmcPbZZzNhwgSampp45513/oEZj0+yeZUQQgghhBBCCHEM6z1+PFXvVcJe1WGEV7GYSUyqWETVXmMrZ09h1t5p66T2StFKZk95j/Ibq3jkkU1QcSM/2qcwMXluBTfeM4PJhSRDl70mmzR9DlOHJKtVH9kEzJqSrJY9YRUzp23lqukwq338pANXqB54jdBehbvosI8du+bOnUskEuHuu+/uqEKdO3dup/6NgwcP5vbbb2fIkCHcfvvtzJo1i7lz53Lrrbd+pmvZunVrt30jn3/+eU488cTPsWK2kJLe8Mh7lUzteKZr2bqpgoqKxawKT6a9ALvyvUUwaTrH/m/5IPZ5TitnT2HWzPJ/oFL82PLqq69y8cUXc8899wDgui733HMPO3fu5NVXX+X0008/yis8MqRiVQghhBBCCCGEOJaVnMD4qvc6VZWFVy2G8WPZO/qqnD2FWVU3cs+cOcyZM4c50yfBoll7VQYu4pGtVyWPzZhMXpfn7h2qwvT2ue65kapZM1kYLmTyjHu4sSIZtO5pQbCIWU+Vp659DzdWzWLK/mW23awxWYVbdeM9yWOpeWYuDNMeqjJ9ThfHjl3tG1WNGzeuy1B18ODBpKWlsXbtWh566CEg+Xr1uHHjWLJkCeHwZ3t/CxYsOKRxe/eB/TwMGTsJqnbtqU6tfI9Fk67iqt6b2NpRSBtmVxVMGntcx6r7GTJ2EmzaSm33Q495F110EbZtd/rns/7LgGOdVKwKIYQQQgghhBDHtEJOGF/FSx1Fq2FWLYbxtxXAXvnXkKlzmLP3aUPGMmmfZgFdhVS1C2cya9Ekps9pr6ALs/CpRUyaPmdPpWDhZG67cTHTXqpk8tSCLtZYwY23tZ9fyOSrJvHIrPeo3Kei9KBrrHyJRzZNYvqM9rC2kMkz5jAZCC/8XxZNms6cPQti8m03snjaS1ROnnrMVjQuW7YMgPPOO6/js/Hjx1NbW8tll11GeXk5S5cu5YEHHugY2z5+yZIlLFu2rNO5/6x9X/8/kKqqqu4H/TMKyqlIhYuFQHhXFRXlFzGkZBKzOipZk1Ws5e2PW3ghM6c9wiYA9qqs3k/nyuZkpXX7FDOZ9khyBipu7KgaTfYBvpEbqx75/+zdfXxU5Z338e88JCSBBJgkBEswQ0PQYHHX4ArIRIpFaW9r1e7W8NCl0O7a3kiRNS1bVApWW3tTcaEq3brtC5ZbwsPeW7W1L4u1UkgUsYBbKVAClCChPGWCEEhCMjPn/uPMcybJTAhkQj7v1yti5pxzneuc68x1zvnld65jZmNrshatHa/3guVM1qK1oeOsvXLi0TYLt/36BsYzDqwqvB7RYxd3NGZyZJZ423134u0n9Yx/JYVxjtl87733av/+/Tp16pQcDvPPNPX19Tp37pzuvffeDpf1eDxq9XjanZ5it8tu7x0hy95RSwAAAAAA+rDcMaX6KBBZPbNHlSrV3FxpT4x5I4I+kiZ3VPDhNXrmsKTJD4YFeup09LC05ZlZbcdwbbew63VdeCwmp0CFqtSJM9J1cdbxzImPpMJSxQrb1pkV0qz4K5QUjh49KkkRj9UXFBRowYIFksyM1kAWaXZ2dsQ84ct3lz//+c9xzXfFA6u5Y1RauEbv7Z+j4uLAHwpyJRWocIsZkC8+c0IfFZbq87mStF+ry9fo+kVrtcSMKmpW+WpdtzY6qB6W9Xxnrj8Y+6TeXr5Ed9atVvma67Vo7RIV+wOW5auvCz2mv6VSWr5Wa3PNac/MMjO25/gDn5ve/rwZcNwfXo4ZtIwoJ1r0cVs4W8uXBEO07dc31/yDwprrF2ntkmIFgqzBesRr/2p/lnhYEPn1/bozWN8tqtRyrV2b689UX6W3x7QXtDa99NJLmjBhgiorK3XmzBmVlZVJkt544w39+c9/1t/8zd/opZde6jB79dTJk+1Oy8/Pj3/7ehiBVQAAAAAAkl3uGJV+tEpvn1miMWYUqk1WWihYOdkf9PE/Pt+hUGbe6vHhmXLRmXMRa+ryZnStjsEK9YoxVcPV1dUpJydWqNh8c/rKlSvV2Nio7OzsYLA1IDs7O+4M0+52pV6cFWKOs1p54oxUXKejh6/X+FxJGqPSQjMgnxN+nO9/T1sKZ2t5oPmLP6/ZheVmYDZ8957Zo8rDhf4graTcO7Vk7Z2SpP2vh2eKxsiqnvygP5ho1k3Xj/fPm6OCQgXHMt7/3hYVzl6uUFVmq7DcHwyOtalRx+2Zt59U+ayjZubpmT2qPDxZDy4J1ffByWu0ac8Z3XlnrnLvXBKW4W3+wUNRYyN3qniO1i4Jrl0nPpJ0fUQF9WAgippToEK1H1Q/fvy4XnvtNd14443Kzs7WTTfdpPr6+uAwFpJ00003KTs7WyNHjtSqVat03333adiwYRHl2O12ZWVl6fz5823WkZWV1WuyVSUCqwAAAAAA9AK5GlMqrdqzXwpm94UHOM9oT+XhDoKh7SgsUI6K9fnZhSp/ZrXGr52jYn8gyQx6xZsZ95EiZq87qsO6Xg9GLN5xHXOvuz449mT0WnPMCumMinvVC39ycnLazRKtrKxUY2Ojhg8frscff1wZGRkR091ut4qLuy+QnGj269GjR6/gC6zMsUYPv1fnH191vOZICh3nZ3Td0cO6frx/cIoTH0mHt6h81pqIMgpPnFFEinPM404KBBQLS2MHueNnlnN4S7kiq1KoeL8uuXc+qMlrnjGDwjqqw9qiZ6JTsSf7vwURL5ArVGFhV6ocOYRCl8rw2759u8aPH6/c3Fx5vV595jOf0eHDh3XSn306dOhQFRYWyuv1qqioSIMGDdL27dv1D//wD23KGjRokBouXJDh8wU/s1itGjRoUNcr2AMIrAIAAAAA0AvkjimVyp/RmsLZWt5OAOejYHTHfMR4i+J7WD73zrmaXVmuZ814G8sAACAASURBVFaP19o5xf5svvBHgs3HkCtLl2vJnbFKOKw1wceLzTFaA1l90a+wareO/izE8EedQ+NImsGoVW+PCU7raEzJZFFQUKCqqqqYQcoHHnhAxcXFuvHGG9sEVWMNIXC54n1xVfj8V/RFRDkFKvzohPYXmOOrBuRed70Ov7dHJz6arPFzQp+psJ22Dv/7QtgQFJFBTjML9fDRWGH7RJjlFJbGNw5pp3IKVKjJerDNkAZS+PfIXJf/O5jgKva/vkaHw7Jmze9U1xw6dEhjx46Vxz8+akZGhsaMGaMxY8ZEzBeYPnjwYB06dChmWVarVQOzsvTxxx8HPxuYlSWr1drF2vWM3lVbAAAAAAD6qtwxKi2UCkvHxAgNmS9z0ppyzZo1S7Nmlevog8s1u1Da8l50aDNm4bpz7mwVbnlGq/dLKp6j5bOlNeWzguVVBoNJuRpTWqgtz8zSrNWBsgs1WZuC8665flGMwFNndczVnUsW6frg9Fnm2JBziiUVa87y8GVnJX1QVZJKSkokxQ5qbt68Wf/xH//R7rTw5S/X/v37VVVVldAygYDwFZM7RqU6qveOSqVjwlqxeLwmf1SpShWEklGLx2vy4TV6PXC4nXlbT86apdXRh3buGJUWHlblnkC0db9W++crHj9Z2vKeP9BvBi01eXzCLz4rHj9Zh9e8rlBVntSsWavb/AGhPWfe3qQtmqzxxYH6btGmtyPr++TboWixGQyW/+VuoXJyCgojtmdPZdjEaB+dMOPPZ97WpjbjFMfn7NmzslqtamlpSejHarXq7NmzMcvMysqSxR9ItVitysrK6lrlehAZqwAAAAAAJKVizVm7Nuz3XN25ZK3ubO/3sPEkg8KmR5Ylc/zGOyM+iFi+zfT2lj1zQpJU8PklWjsnxlbMWRsaJ7KTOga2OUYxsZdNcrm5uXK5XKqqqlJpaWnEo/3795shsegXRQWCoC6XS7m53RM2XrFiRZeWe+aZZ/Tv//7v3VKHtnJ13fVbtGbLZC2KaPAcFeiwPooYR9gMrD9ZPkuz/J8Uzl4uf4J0RJl3Llmko7NCj+oXzl5uvvBKc7R89pMqnzUrMMEftE9QcVQ5KtTs5bEyTv3avHQtfP629dXkReaLrCR/5rh/+cmLtGjyFj3jz7oNDClgDiNQqNmzJytWOqs5BuwacxiFwtlaNLtQz3RhWI2zZ8/KbrertbU1gaXM8VTPnj2rwYMHt5lm9T/6f7a+XoMGDep12aqSZDEMw+jpSgAAAAAAgF7qzNt6srxSpcs7fpN4X9XY2Kh/+Zd/kcVi0aJFi4KP9x89elS7du3S2LFjg58FXmhlGIb+7d/+rc0QAV318ssvtwngxuP666/Xl7/85W6pA3q33//+9zpw4IDGjRuX0HI7duzQDTfcoE9/+tPtznPy5EkNHTr0cqvY7crLyzudh4xVAAAAAACAKyQjI0OPPfaYfvCDH2jx4sUqLS3V3XffrYKCgogg65tvvqnKykqlp6frscce67agqqSYwdGjR4+qqakp+Ht6evoVfVkVereLFy/KZrPJ6/UmtJzNZtPFixc7nCcZg6rxImMVAAAAAADgCmtsbNTLL78cMdZpTk6O6urqgr+7XC59+ctf7tagans2b96sdevWBX+fOXOmpk6desXXi96purpay5cvlySlpaWpf//+yszMVP/+/ZWWliZJam5u1sWLF9XQ0KCLFy+qublZkpn5OWrUqB6re1fFk7FKYBUAAAAAAOAqOXPmjHbv3q2jR4+qrq5OOTk5KigoUElJSbeNqRqPxsZGvfTSS9q9e7dKSkr00EMPXZWALtBbEFgFAAAAAAAAgATFE1jtfa/bAgAAAAAAAIAeRmAVAAAAAAAAABJEYBUAAAAAAAAAEkRgFQAAAAAAAAASRGAVAAAAAAAAABJk7+kKAAAAJMq46NalbS/IU7NDRuPZzub2/2u50tW6BlhkHXid0u/7P7LmjuzpygAAAABJjYxVAADQ6zRvWaHWfb/pNKhqGIbMgCpB1fgY8p37qxpf+VZPVwQAAABIegRWAQBAr+M5sj2u+Qindo3RcKqnqwAAAAAkPfvFixd7ug4AAACJaYnz+sVCaLWruEYEAAAAOmY3H5EDAAAAQrhGBAAAADrGUAAAAAAAAAAAkCACqwAAAAAAAACQIAKrAAAAAAAAAJAgAqsAAAAAAAAAkCACqwAAAAAAAACQIAKrAAAAAAAAAJAgAqsAAAAAAAAAkCACqwAAAAAAAACQIAKrAAAAAAAAAJAgAqsAAAAAAAAAkCB7T1egXdUVmruiSs7pT2lhaXbH87ortWzxdk14aqE6m7Vbl70K3JXLtHh9TdsJzul6amGpzCpXq2LuCmnBKs0YFVgmXwtWzdCodstsf/qVV62Kua9qeJLu86vGXalli9crRuuaXAu0auqppD4+E2Mep1WxJrkWaNWMHjoaK+Zqhcz1uyuXafGx+3umLtUVmvvq8LDv9VWvgCrmrlBtu31uZ9M7KrpCZhcVb58TdqxE9HVJwn9+ast1mf1qkm93L5by4JtKG57ZdkL9r9Ww+uluWUfanO1KUXvlPaGM8nukP01Q4+ZuWV3CUh58U2m5B9X84sNq7YH1t3s9E9X/uyuXafH2CVfg+HerctliHbvfvFbq/bq3z05kv/foubJXa+86yKnp18R1HgAAfVOSBlbdqny1Si6XS1XrN6u69AoGALNLtXBV6ZUqvXvECDpVV8zV4mVq/wLYWatXl1Xqa9HTqyv8Nzb5V66+iE/EsdfeDd+o5D8+ExLr5sG80Vg2vAsBu24wasYqrbrqa01i23+uiryFUcehW5XLzJtB59WoQ/VOVSV7YDFG/dyVy7R4bkXXg6u9Ybt7szZB1DKlP7xAmXPUbcFVdKLN9Yx57ptbEfo8u3ShrqnT3pXWTX02+/1qaXsd5K5cpsWLK5TXYwkPAADgciRnYNW9T9trXLp/4a1S1QrtrJ6hUVFXGtUVcxVIGHK6XOFTzGzIBRO0fYU/G9A5XU8tzNPm4F+Jwy5qIjJW/ctOz9f69YG/J19uBtKVMWrqdDkXH5NbaucGfIIm5G/XPndpxMVb9U5/wDpm2mASicoIcy2IDDiGt79/BvOmLFZmnLtSyxYf0/3+zyKzZpI8SyD8+JR/OxZIKwIbH8xqDWS+Rh2vnezH5DBKU6c7tXj7PrlLAwEl82Y71ExRwaaobN9gZru7Ust+Lk3IX6/1VZJcC/TU8FejsnAiM7wDGatPDX/Vf1ys0Nxac33uirl6dfgCTdi+wl8X83jJ2xzW/0RkA0Vlo4QFEcwMnwmaXrs+uF3BZcPaafHcYz3a5+RPmKDandWK6HTd+7RdLrmcVaqVYmf6J5CVWl0xV68On6789euD+8oVkXFv7qDFc9f7P486Hnoww7kj2aX3y7X+VZ1yS6Oypc6Oh59rQnAf3HqnUzvfjt7u6P4q/PtdrYq5OzV8eq3Wr6+RnNP16ITteu7Y/VqgFQp1Eas09VRYGRH7Lmq/Kvx4juN82N73MFi/2NuePDaq6cUiZZTfo4ypT/szSc1gqz0tNJdxbIUubNpo/lLyogZMLpEl1jRJ0k3KKN8um/83b3SG6ifWK7PcH+pq3h2VPWpmtQaWjS47bc52pTjCygoLFKfN2S7rxd2yDi+RRQ3ybLlbTbvDy2uQtz7xPXTlZat04QIdm7tCFbeGHfP+PltR35PY34vo83isYy87dKyvmBuWxdlB3xJ9PhkzRtozMOI7cOWya+MXV58d0CbbPvSdjt7v7Z2vQvs+dK7MVkdtEkdf0lm92jt3Bja3o+OhF1wHZY+eIKeOBX8Pf5JGUuQ51x37iQnn9Ke0MG9z+9OS9kIXAIDeLykDq+5921Xjul+jNEpySSt2VmtG2AVjdcVcraidrqdWlSo7cFEspyYE56jR+lcn6KlVq5Ttv8BePNep6U+t0qps//Kbq1Ua88qqRuu3B5Y1y15RcWsS3hB2bvSt+fr5PrdKw250d1a5dOsCJXdgNRigWWVedLsrtWzxMlX6L5Qj2z8wf+Cm7Fa5FBmMDx1PYTcOqxaGlu1VWQJVWrFzgVatmuHfLys0t8rl31fm8fpq5dSwYF37+zF5mduxfcJTWrXQHwqtmKvFFXn+72G1KhavV/6CVVo4SubvcxerIm+VZmRLqllvLrvKH6KtjG+t2aUL9ZQiH290S6pZ/6omhPcdi+fKOd1ffnWF5q4IZNWHArarRoW2Y1ll2A1N1XodC0yvrtDcFT9X5eiFKh01Q6sWqIeHAvDLG60J2zer2uyBJZnfIU24X8O3+2/Ss0drgnO9tof1L9U7zaFb4v0e1azfHtyv7splWryiQreumqFRpQu1Ki98WAR/H5+/QKsWjlKsDLfk1PnxEL4PJOmrN0cOBxEatmVhqP+KyIit0vpjC7RqVSBYu938Y+SCVTK7iGVavGKuqlz+edyVWrb4VVVOXajS7Oj9Glif/5jMljo+H3bwPRwVx3chaTwtX/09sg8skyQzqNr4azW8aAYszSEEvqb0ko1moHJyiXzBYOkTyihfoIypG0PBU0e2jC0T1LDbv+yn1itt83Q1+yfbHFLr8glqlhkMTXv4RenFh9XqD6paj61Qw6aNwbIHPChd2LTRDKpm7Fbzcn8gdup6ZX4qPCAs2YY7gmUrujx/QDhYkaQySre6pFdDf5GIEP096fg8bmZq1k5/SqvCAqfLKp/SwoVPSRFPhsTRt0ScT8zjOnR94da+7TVy3b8w+ftsyX/OqdX0p1aFBTxXtH+N2975Kta5stNrqw76knjq1V5dsuV/EivUT0asu5dcB7n3bZemfy2+8+eoGeY1YGBZ/3ni/tJsSR1NAwAAV4rVMAwl188BbV5fI9fYIhmGoaK7p8lZ9aq21YWm76ySXPe55DAMGYZDrq9Ok1MKliGFTy/SWJck131yOczpRWNdUu1J1YXNH3tZh4rHOyPmvfo/khT9WZ22/Xy9alxjVRRWb0UvUzRW+dv3hup+YKeqXGNVFJy959q5/fXXadurVXI9Mj24bYbDpa9Ok9ZvPmC23/QX9eK3A21kbqcruP1me1ftPBAsb+/2wPF0QJvXS9O+Gr7sdD3iqtKr2+p6dH8YhiEjog1j7yvJqWl3F/n3S7HGOyXntLv9+8o8XmuO1cW1H5On3c3vvHN8sdkuBzZrvabpqy5HcJ6i6Y/I5e8H6ra9qirnNN1dFFi+SNNffFHTi0L7aHyxI6z8tt+hiO+LwqdHzasYfYdcui9Qt6KxcqlWJwP1cj0SrEegb9L6zToQKDu83kVj5VKNjtW1X8+eaB8ZDhWPr9XOA4HP67R3u8x9Gtxv/mMt2L8c0M6q6P0e/hPV50TtV0fxeDn9+7HNvjiwWetrXHpkelHEfo08L1ztn9htdaBihaqc41XsiPd4MOeNXa7/XBj2HXa4vqppzlB/JSl4rgwuH3aMmfs1us8IHHMOub79ol6cHlrenD++82FH38POt70bj9du4L3YIEv/IpkZrBMihgVoPXRQ7a/paTUuj8pIrd+mpt3hy2bLUhK2rj+FgqzNf9wtI61I9hIp5cE7ZGverUvBDNWn1finGlmG3680Sc2rJ6ghPLt18155o6tTvzcUN516k2yqkSdQ3u6HdelYQ1z7I9zV+N4YhiFHfuDcFT2for4nnZzH/f1FsI/2H+ffDvxublTcfUvk+STq+qJur7bXuDS2KNH90M3fgbj6bHM/vfjit4P9bvD6OOb5Twmcrzq/tpI6uLaOp17t1sW81gldBwXKm66ipL0OqtH6xXM1d27oZ/H6mrDj34i6Lgm1dZvy6rbp5+ulad8L28Z4pvHDDz/88MMPP3H/xCP5Mlard6nKOU3fC/zZNnu0xjs36L1AZpT7lGrl1PjwP75m53U6Yqgzvxf/tbZqpR6OzjB1TtP3pnf2t+1RGpv/WnA4gOpdVXKNnS5p1xWqaHdwq7ZGqlr5cNvB/V1Rc1b+SN/dUNNm8qixLmnlLlVPH6VR7n16r8al+0bJf+zUqOq7D2tDVNHOad27FVdTfl6sYzv+/Xh11WhDzP3/PX3bn1HhPlUr1VTpuw+3mUvTJLlra6T8+3ouQ8iZH3PdbnOHt/2u9uwO75Ls0eNV+6b/0VL3Pr2n8fpqtrQvah7nhlpzOBL3KdU6x+vuK9Ao7lO1knN85D6Po8+/4mo2xDhGXXrkRTPbtPpyj4dY5zplKy/hDc9XzC4iTPX6h7UyWE+nxsdTvQ6+h9fCdyHysftAQPJptR67Q2mf2q7MT6kLL75qkHEm7NfdJ+SbXCJLrmTrnyk1noh8qdSZehlyRJQQ/RKuNsHVwHwDs6XmgxHTW8+5lZabQHWTUSfn8Zj9RbtFJd63jBrrkl47JbdGKdtdqxrX2KR42iWePjvIXakffXdD6MWZl/u17K5rqy7Vy7zWyb+vN10HOTXte9+OzJitXq+HV76myru/nUAmbbXWf3eDNO17MZbpaBoAAOhu9ngjsFeHW5WvVUk1anvDWvOmql3TVGSE/9U2cpbIz6Kmt4k2R0ag21vWCP+r/OVuXhcYhiTXI3phWlHMiZF1MusdXueisfla+Wa1XNOkXVUujZ1myDjY3vJXV6w2DHA98oJib7Ihd+WzWrKxRpJLj7zwLRXpoDbMW6lguxWNlUsrtat6mhwn31ON676wzF6nyp78VswLzZ79LhhhGQrhH4cdn4o+VtsuE/1vR/uxZ0Tu/4Mb5mllVSi7yKybJGeZnvxWrEfiDYUO3xjbEOP73P53OHJfRy4TNWesviPW9A6+q+646tFzfU2IIcNRrHG1q7Wt7lsave89adwcM9NICvWljmKNc24Ifs8i5mm36Hb2W7v9sCF10Ad31Idcce0do+H17PLx0N65KWwd8ZyvwiYE+4qwZczvn39bXihVtrtSzy7ZEdf5MFSVdjvxOM9bXWfpfJa42Ppnyrho9izBgGqz/7H7khc1YHJoO1o33R3xKH5m+T0xxlntfqGAao1al9+tZv+j/ldad54r2utfJTMY7xzmUMT5Ldb3v5PzuDn0S3v9aOTx39H1Xexzrszri5rXtLfOpaG7quQaO62Hrx2kuPtsd6WeXbJRNTKvDb5V5O8DpM73e/i6jKi27PTayh2xrL9KofITqFfH587Yeyf5roNi9OtFd6nMuUTv7a2TK2wntn+OdKvy2ZWqcj2iF8Kun0wdTQMAAFeCtacrEMG9TztqnCp78gW98ELYz5NlcqpKuw5Kyh6qfNXoePhLGNwnIwfnR0jRWLmqdungwV3mMAA9XZ9OOTTMKdWedLcz3a19O2rkeuQFvfDCtHa2x/+43q5Kc96x/rliHTvXrM72Y3IomvakypxVWvlspQI1zR6aL9UcV3vN5DA3TMm2Zclar67J1uhx0o59B7VvhzRudKyUl2yNHuf0f8/am6cbahLreOgFff5lHw8x+yu3Tnbbhh/Urir/+TbmHzE61tH29a7vwhOyOiTfuY3+/2+QZ0vUY/exbJ6uhuUT1HysQZbcO5QS17oyZQnPGC25TlZ/Fqv3YoOUcV1kObkOf/C4TPbcTHn/NEENy6fHNUxq6zm3lOYIvghL8mexJqWD2lUl5Q+No36dnMc7O390Om+nfUuRxrpqtGNfpfnH6qS5qOq8z3bv26Ea1yN64YXYgcaur/ryrq0ur14dXev0juugcHF9ByS5K1drY41Lj8TYYR1NAwAAV0ZSBVbd+3aoxjlOba4Hs0t1n0uq2nVQUpHuKnOq6rVAIMatytUbVdOmNJiKNNZVpZUrq0IBxqSWrdL7XKrZuFqVwWthtyqfnadnQx+EXSj7/zIfVUrRWJdUtVEba5waFnyS0n/srNwQzHqUDmrDvHnacFDXmPj2Y8/LVumcMjlrNmpJoBGK7jKDreGNcnCD5s0z2y279D65ajbqt8HJHW+XefO8Q/v8k92Vr7V9LLA7tsRfr9Vh9XBXPqt5YUHj3iR79Dhp40ptVIw+OWweZ9XGDue5bG2OB3+f77ovqR9xvPzjoW1/Fbhhvq/bNjw8GHJQG5bEfy7t6HvYe74LZUp/+B7Z6n8dNk5qePDTfFlVKDP2CWWUb1fG1NDy9txMGWe2dRyEDWMb+aI/eFqm9AklsvjHZG3dtE3etBL1e7AstK5POWUcezUYSLUODEzz17ujFW1+VZ5mp+yB8kpeVL+wIQSSRyi7Lr44UCfncX9/8VrYsXdwwzzNi3WS72LfUjTWpZqNG5Puj9Xx9Nnhf/BwVz4bNgTI5eiGa6su1ytwrfPb0LrdlXp23rOqdPeW6yBJB3+rjTWhQL1jmFOq2hXcpoO/DeubD27Qko1S2ZMxkgs6mgYAAK6YJBoK4KDe3FgjZ9nsmI+TjiyZKP34NVVOKZfLVa75td/Uknnmo3cTy8rkrNkRGqBfinhUss3ji7EesWxv2eDkHhoKIKxuHc0VXu/oOo8smShVSSUj/dsV8Xh5TzBkqEYbl8xT5MOTTpUtLZdrZJmWli3X0rDpzrKlKnc5ZBiSa3aZdixdIn/za+L8pSr75VJt3FmtspH+S8mRJZqoKr3jHOd/6YX5scN/7KycF7pqnzj/eU0b2f5jZFdHO4/9hh+fCvt/I/YyEcdLh/uxZ47m6O+XJMnhUvn8Wn3zxyv17LClKndly1U+X7XfXKlQM03U/OenaaRhyNBIlS0t0/Kl8zQvOHm+nnc5FHriMGwdI8s0f+I39WP/fnCWzVeZ88eqDXxfwvoHR/E4OTeu1Lwqc33hj0MGyjX/iXq02jBkGIF6hY5NOcu0tNx8YUeoarGWlXnM1vxYS+btML8HVz1oGFUfR7HGOSWN879ULHQwhvZHm3naKzpyv7Xtk0Pzte2jHHKVL5WWL9W8QINPnK/ny0b23COOcfWhiR4Pbct1uMq1VMu1NLThmv98mf97EMf5qs0jtOF9xkiVzZ+ob66c5/9Dg1NlS+dr4tIfa8e+OrlcnZXfwffQcHS47T02FIDDfHQ/nHFshRoiXhh1kzIDY6iqQZ4tv5Z38j2yjSyTdkdPlznOatzDADTIc8ahtPLtSpPM4QaCY7Q+rcblUkb5AmWWLwjWLTDEQNP2OzRgcmia908r5Bm5QPZPPCEp1jivG9X0YlFYeTXyHGuQPcExVrt1KABJqgrv103OsqV63pUdXFf4cRZej8BvHZ/HHf7zR/SxN1KGIRWPc2rjynmqmjhfz08r6rhvie6XAvzXFyrpwT5IUqJ9tsM1W2U7lgavnTVxvpaW/VJLN+5UddnI4Gi+sfd75Lqiz5VFHbZJx31JdgL1in3u9F/rBBvRXLfLYchwJON1UPvXvyODfb+5TwL7c+L8+ZpY9UvJMFS90/ysTRkT52u+2p/2PBmsAABcMZazZ88mS2QVANCruFW1fI00uycCwejrbD//XE9X4Zrn/dobPV2FJHRQG+fvVsmPy8gKBAAAuMY99dRTnc6TRBmrAIBexb1fOzROX3FEZXQBuCZwjRjDwV165/YSPdhjT/0AAAAgmSTVGKsAgN7h4MZH9Mj3dmjcVyYm/OIjAOh93HrnuUf0yAvSvDJyVQEAAGCyuN1u/uAOAAB6lZTV93Q+Ey5L65xf93QVAAAAgB7z/e9/v9N5yFgFAAAAAAAAgAQxxioAAADa4BoRAAAA6BiBVQAAALTBNSIAAADQMQKrAAAAaINrRAAAAKBjjLEKAAAAAAAAAAkiYxUAAABtcI0IAAAAdIzAKgAAANrgGhEAAADoGEMBAAAAAAAAAECCyFgFAABAG1wjAgAAAB2znP+3O7hqBgAAvYu3padrcO2zpfZ0DQAAAIAes/TYrZ3OY5fFchWqAgAAgF6Fa0QAAACgQ3Z5LvV0HQAAAJBsuEYEAAAAOsTLqwAAAAAAAAAgQQRWAQAAAAAAACBBBFYBAAAAAAAAIEEEVgEAAAAAAAAgQQRWAQAAAAAAACBBBFYBAAAAAAAAIEEEVgEAAAAAAAAgQQRWAQAAAAAAACBBBFYBAAAAAAAAIEEEVgEAAAAAAAAgQQRWAQAAAAAAACBBBFYBAAAAAAAAIEEEVgEAAAAAAAAgQQRWAQAAAAAAACBBBFYBAAAAAAAAIEEEVgEAAAAAAAAgQQRWAQAAAAAAACBBBFYBAAAAAAAAIEF2w+jpKgAAAAAAAABA72InrgoAAAAAAAAAibEbpKwCAAAAAAAAQELIWAUAAAAAAACABDHGKgAAAAAAAAAkiIxVAAAAAAAAAEgQY6wCAAAAAAAAQILIWAUAAAAAAACABDHGKgAAAAAAAAAkiMAqAAAAAAAAACSIMVYBAAAAAAAAIEGMsQoAAAAAAAAACbL7iKwCAAAAAAAAQELsPoYCAAAAAAAAAICE8PIqAAAAAAAAAEgQY6wCAAAAAAAAQILsPgZZBQAAAAAAAICE8PIqAAAAAAAAAEgQQwEAAAAAAAAAQILsPt5eBQAAAAAAAAAJsduzhvR0HQAAAAAAAAAgeVzofBaLYZCyCgAAAAAAAAAB5eXlnc5jvQr1AAAAAAAAAIBrCoFVAAAAAAAAAEgQgVUAAAAAAAAASBCBVQAAAAAAAABIEIFVAAAAAAAAAEgQgVUAAAAAAAAASBCBVQAAAAAAAABIEIFVAAAAAAAAAEgQgVUAAAAAAAAASBCBVQAAAAAAAABIEIFVAAAAAAAAAEgQgVUAAAAAAAAASBCBVQAAAAAAAABIEIFVAAAAAAAAAEiQ/UoUeu7cOZ0/f14ej+dKFA8AAAAAAACgj7Pb7crKytLAgQN7Zv3dXeC5c+d04cIFZWZmym6/InFbAAAAAAAAAH2cx+PRhQsXJKlHgqvdHvk8f/68Bg4cSFAVAAAAAAAAwBWTmpoqq9Wqc+fOXRuBVY/HI5vNJsMwurtoAAAAAAAAAAiy2Ww9NhwpL68CAAAAAAAAgAQRWAUAAAAAAACABF2RgVAZMCOIXQAAIABJREFUBgAAAAAAAADAtYyMVQAAAAAAAABIEBmrAAAAAAAAAJAgMlYBAAAAAAAAIEEEVgEAAAAAAAAgQQwFAAAAAAAAAAAJImMVAAAAAAAAABKUlBmrBzd8Uz9+J8YEe6aGFY3TXX9/l8bmZVzWOtrnVtXypdqoMi0tdyn7sufraf56Dpuv56cV9XRlAAAAAAAAgGvCFQmsdo90OceVaFhYDZtO7df+g29pzdM79OE/f0dzbs7queoBAAAAAAAA6LOSOLCap3GfmyZXdCpo4z5tePonemf1f6joifK20wEAAAAAAADgCkvKoQAM/38Nw1CbotKLVfbPk7T7ua365ZYjmvj3Tv+ERtXu+IV+8cYe1dQ3ySPJnjlMN39uph505Ss4cEBjrao2rdMbHx5XgyfWPIF1tqqx+k1t3PiG9p/2yJ4+RDffOzvmfO69/0+r//MdHW2S0ofcrHtnPyhXfuRQBY21O/SLX/xSuw81yCO7MkeW6Atf/KLGRcwXzza4VbX8SW3K/4q+aX9DP9l6Wsq8TbMf/7JuzpDO7/tvrVn3jg41eGQfUqKZ//tefz0NXioGAAAAAAAAdJMkzljtgNOlKY6t+tWhGrnlVLakU799Tst+Va9ht31RM0scSm84rnd+/4Z2b3pOTelL9b/HZklyq+ony7SpfqQmffErKnZI9bvf0i82LVOt53E98em80DqO/1LP/SRPJV+cqW84PNr/q43auuk5Kev/aPbNKRHz/eRnWSr+wkx9I7NJu9/6hTYtO6jj31yqsiJzvsaDG/X9599R07Db9MWvlMjhOaStb/xe65btV803H1dZkRkyjW8b/Has00/yxqnsG59Ta326nBnS+V0/0dL/3C8Nm6SZM4ulQ1v1q+fXKPPKtwgAAAAAAADQp/TOwKoy5ciTtP+U6iVlq0YfvtOgzIn/W4+WFckMZ47W6JI8rfnXn2n3oVPS2CzJvV87jkq3fWO+/n60v6jRxUpvekKbPjwo96fzQi+h8jj0ucf/VXf5Y62ji9LV8K8/0+4PD2r2zaNDVfE49LnHnwjNN7ZIeU9/X7/65Q5NKXcpWzV642fvqKHgi1pS/ml/+aM1elyJfvn0Mr218X19+olPKy/ebQiut1gzv1mmscGE1xr996b9UsGDejzwMq3RozVm5Mt68t+PdufOBwAAAAAAAPq85BwKwAj9T+yi0pU5WAoOF6ACTVnyQ00JLBOYzf4JjRwm7W5sVIthKCUzUw67tPtXG1Sc+TmNyc9SitJV8k/LVRJc1r/0sIm6ZUjY+gNlnapXnWEoOzDfyCm6LXw+DdEtE4fpV6/s0P5zEzWxfpfeb5JumXK7HOF10zBNmjJSb1X8Xh+enKQpeXFuQ2BKQbEK0sPWe+qg9jRJY6bcFrGe9OIpmuJ4X78yGAoAAAAAAAAA6C69NGP1vE4fj/V5qxrdp3T89GmdPrhfH+7Zo0OnJalB5yVlp9yse2eO0dF17+o/f/SuZE+XwzlGU6ZM0S3FeYoYFdWeEmsFbQ1xKCvqo+xhBZI+0Kl6Sa2tapJD+Xlty8tyDJF0SO7zkoKjEHSyDe3V47xb9XJoYpv1ZMoxJL5NAQAAAAAAABCfXhpYrdep05IK8uXwf+Le/TO9sG6P6s03PsmRlaeCW27TmA+26oOwJbNL/klLSs6rdv8evf/7d7T70Pva9O/v6xcFD+qxRye2H7hMWLqy0iW1xr9EvNuQmBTZ07u8MAAAAAAAAIAYknIogGA5amcogJrder9JGlJSaD72fv59VfznHjXdMkvfnVEiRzBp85Te+mCrPpAR+Xi9MjXsxtv1wI236wG16tTWF/TMK7/S1iO36wGn/PNFL9P2c0OS6s+r0TAUHrusP35U0hANzjRkNKYoXfWqPdUiY0hkNun5+tOShinPYcg4F/82xKxfpkOOmOtx69RRSTd2X7sAAAAAAAAAfZ21pyuQsKb92vTzrWqy36jP3uJ/fv50jQ5JGnNbeEBS0vH39X596NfW/a/oe4sW65Wa8AJTlJUZ/TB/Av68NWIdajqkt946Lo0s0ch0Sc5bdFu69MFb76o+YsHj2vrWISnzRo10xL8N7cor1i2ZbdfTdGirtsazPAAAAAAAAIC4JfFQAKf1/m826XhYDZtO79GeQw3yKFO3z/uKSgLx0CEjdaP9Xb3/8x8p/cHP68bMJtV/sFWv7z6u1rDlU0aO0Y32rdr6wo90/rOTdNuwTDUcf1dbf7NH9oIvaZKzC9XMrNdbP/iRjj/wGd2Sclxbf7NVf24q0Jdm3OYfe9Wpz37tdu1+4RX94EfH9cBnbpHDc8icrz5Tt8+bomEJbEP7hmnKV27X+2HrSW94V6//ao8aurBZAAAAAAAAANqXlEMBmEs36ej77+po2Of2tMEquOUefebzU1TsCFtP5i2ataBR/7X2db1T8VNttadpcMFt+odvfV2Od7+nle8eUm3L7RqcUqgvLXpYg9e+om2/qdAH/rFMC29/SIseKNZgwzCHH/DXwogYCiD6c//vY6ZrQeEf9NP/qtD7zVJawS36x4dmqGRwaBiDtMIvadG3CvTKK6/rlbXvyyO7Mgtv1z8+9FmV5KWZ2xH3NrRXv8B6PqH/WmuuR2lDNOb+f9Qtf/i/+p1/fgAAAAAAAACXz2J0c7TtyJEjysq6jEfrAQAAAAAAACBO58+f14gRI7q1zPLy8k7n6X1jrAIAAAAAAABADyOwCgAAAAAAAAAJIrAKAAAAAAAAAAlKypdXAQAAAAAAAEAyI2MVAAAAAAAAABJEYBUAAAAAAAAAEkRgFQAAAAAAAAASRGAVAAAAAAAAABJEYBUAAAAAAAAAEkRgFQAAAAAAAAASRGAVAAAAAAAAABJEYBUAAAAAAAAAEmTv7gLT0tLU0NDQ3cUCAAAAAAAAQBtpaWk9st5uD6w2NzfruqFDu7tYAAAAAAAAAGjjxMmTPbJehgIAAAAAAAAAgAQRWAUAAAAAAACABBFYBQAAAAAAAIAEEVgFAAAAAAAAgAQRWAUAAAAAAACABBFYBQAAAAAAAIAEEVgFAAAAAAAAgAQRWAUAAAAAAACABBFYBQAAAAAAAIAEEVgFAAAAAAAAgAQRWAUAAAAAAACABBFYBQAAAAAAAIAEEVgFAAAAAAAAgAQRWAUAAAAAAACABBFYBQAAAAAAAIAEEVgFAAAAAAAAgATZe7oC3eeAXv76c9oW/tGIGfrBdyYpJ4FS6rb+UI9VHNGIGd/XokmdLRlY5x0q/+lM3dB54Xrm8Qod6UK9rp4EtwkAAAAAAADog66NwOqBdXrouW1tPz9Soce+XptQgDBn0nf00qRurR0AAAAAAACAa8w1EFit09ZX/EHVOx7VSzNvCH3+w8e17sg2LV93q//zGNmY/qBsIEM1VsZq4DPTCM38/ncUM5k1kJHa0Tydapt5e8ejP9WX/Zt1YN3XtXxb+Gf++QNZsGFZsTOHV2idv6DoDNy4tim4PYratwAAAAAAAEDf1vvHWK3bq3ePyHzsPyLwl6NJ33lUd0jStp060NXiIwKQknRE6x7/obbWRc95QC/7g5B3PNrVoGqdtv4wajgDSdueW5d4/Y+Egqrmrz8L1jm+bdqm5YGgqlkJvdzVnQgAAAAAAABcY5IuY7V11Z0JzZ/yma+Zwb/hQ2OMWXqD/u4Oadu2YzpZJ92QcLDzgH5TcUThGZ2BoOS7e+s0KThkwDH94ofbZMZ3vx/MLk1cjiZ956cKjUQQyLrtSv0DdQ6UcUTH3JJy4t2mUFZsYPoxfyUSbSMAAJBcUua+3dNVAAAAAHq9pAusJpW6kzomSSMm6CZ/UDNyDFa3/98jOuJP7Rw+tHteSRV45L/LgnXO0U0TRihYwbi36Q79nT9AnDN0uKTwDFcAAAAAAACgb0vawGrcmRR1WzVC0pFjJ1WnG5Tjz/J8d8L3teimvfpFJ8HJupPHLruukqQRIzTiyBFte2WrPvudSTGyZ+MRyC4doZnf/6lemhn4vaNF/IHSq4gsFwAAeieeOgEAAAC6T+8fYzXnJt0+QtKRCj227oCkHE36pxlSxeN6KDhG6HBFJpKaj9ZLddq7vYOoZc5QDZdZ9m8C44seWKeHvv51PbQufMDRO1T+ne/oi3dEzZuo4HixgWxSt461U71j5gaobu/2xHJJ494mAAAAAAAAAO1J2ozV+OVo0gN3aN1z26Rtz+mhGBmqI2ZMlflUe7aGj5B05IjWPf51reu07Bv02RkjtK3iiLY99/Wwl0qN0MypN0hRr5S6YeoMjdhW0XnW6pEKPfb1iuhK6gf/1MF0v+z8EZKO6EjF43oo9izduk0AAAAAAAAA2ur9GauSdMNMvfTTR3VHpzOa2awjgr/fofJHO14qZ9J39IMZIyI+u+NR86VPMWbWP88Y0fWs1cDyoRXppUfvkGS+WMqc5Z80M2KWeLY7ejUJbBMAAAAAAACANiyGYRjdWeCRI0d03dChXV4+MPZX943jeUAvf/05yf+GewAAgL6q+6+zAAAAgJ534uRJjRgxovMZE1BeXt7pPNfAUACduUFf/ulPe7oSAAAAAAAAAK4hfSCw2jHDMNTY2KjGxkb5DEP9+qXKarX1dLVi8vl8unTpkiwWi/pnZCgjI0MWi6Wnq9WtaI/kQnskF9ojudAeyYX2AAAAAHC19enAqmEYOnf+vAzDpyF5ubLbU2SOjGCoewdIuHzm/ZZFFovk8Xh09uzH+vjcOQ3MypLVem0MlUt7JBfaI7nQHsmF9kgutAcAAACAntCnA6tNTU0yDK9yc3NlGIY8Ho+6ecjZbmexWGS1WpWTk626OreamprUv3//nq5Wt6A9kgvtkVxoj+RCeyQX2gMAAABAT+jTgdWLFy8qd0iODMOQ1+uTz5fcN2EmQ4Zh3owNGjRQdWfc18yNGO2RXGiP5EJ7JBfaI7nQHgAAAAB6Qp8OrHp9PqWkpKi11SOv15f02S0BhmGOw2a32+XrJXWOB+2RXGiP5EJ7JBfaI7nQHgAAAAB6Qp8ezMtms8nnM2/AestNmKRgfQ3DkM2WnC/m6AraI7nQHsmF9kgutEdyoT0AAAAA9IQ+nbEaeANvb7sRk9Tr6hsP2iO50B7JhfZILrRHcqE9AAAAAPSEPp2xCgAAAAAAAABd0aczVqXIx/Aul9fr0cXz53TmRK0O/nGnPnh3i07/9bhaPF7ZU9N0XcFI3Vr6Gf1d6WQNdDi6pd7Xmu5sj6upN9Y5HleiPQKP64azWCzBn+5Ae3SO/ury0V8lF/orAAAAAFdbnw+sSobMN/N27abGMAx5W1t0ouag/qfqd9r3xw90+kydLjVekHw+Wa0W2a2S0dqko/v/RzUH9upPu/+gz5XN1CeLbpTd3rUmMOt7Ld6IJd4ely5dUktLi9LS0pSSktJmus/nU1NTkyRdsTcu0x6dlGIYkuGVLp2Rvf5tpbh/K/vFD2XxXpK3/yi1Dpqk1pzPyZfhlKyplx2woD3aWZr+qpvRXyUX+isAAAAAVxeBVUmBe7Cu3Iz5vF79Ze8H2lzxkj76y2Gda/LIY1jUPy1VrTLU0uyV3WaRzSrZrFYZ8uqP27fo9OlTmvXwv2jU6E8lvM7uypJJVp21h2EYunTpklpbW2UYhj744APt27dPEydOlNPpbDN/U1OTNm/erJSUFN1zzz3Bzy0Wi1JTU5Waenk3xn29PeIrxCPr+b1KrX1JqWd+LYvnfHCSvemvstdvl929RZeGf0Pe7EkybOldXhXt0T76q+5Hf5Vc6K8AAAAAXE19PrBqGJf3+ODHdaf0u//+v6o5VK1LXqsueS1KsdtkkZSemiKv16Imj1der08Wi6EUm2S3WnRk/4fatPpnmvuvT2hwdnYX6m3oMpNyklJn7eHz+XS6rlYHP3pPZ+pr5fF4VPdXr87We/WHD3+t/cfaDhvsaTV04pRHFov0RuVPgp+npKRqSPb1Khz+d8p1fOKy3sjcV9sjvkJ8sjTWKOWjNUo5+brkvSijzfDOrbLXvSd5pWb7YHkHjZUstEc0+qvkQn+VXOivAAAAAFxtfT6wGpL4XY3h82nvH6q07392y2JL0cUWQy1eqX+6TTa7TYbPUL9UmywWqcViVavXqxaPIcNmKK1fiv74/rva8uYb+sKXpiX4iK1Z12v7Riz2xtW5T2rH3v/Svtr/VlNrnWQ1ZPNdJ+vAXH3U9JGM1o9jFGWXLWOkJEN7Tx8IfmyxWNW/Lk9nG/5e4z71oLIH58lq7cr73Ppue8TFc1EpJ99UysnfSZeaZai9AIQhq/uPsmf+Vt7+RVLq4C6ukPaIuQT91RVEf5Vc6K8AAAAAXB19PLBqBH8CmS6JaLnUrD++V6mmVp+8Hp8utPiUarNqQHqKRhbkaN+hU/L5fObMFik1xSYZhnw+SRZDqXarfvv6LzVpylQ5cnISWLMlbEy2a+lurOP2aGlp0YEj7+qo+zeypLg1OMsqe4pk0WlJp/1zxboJNiQdjDndME7Lfen3OnH6Fg3KyuniY5l9sz3iZWltkO3UO9IFdwdBCr/WS7LWfSDLsHr5UgZ1aX20R2z0V92N/iq50F8BAAAAuPr6eGBVCrzowjB8CWeMnP+4Xqf/elyXvFKTxyerxdCAfjaNLMjV3ROLlJGWqqqdhyVDskjyeAx5DZ+8XkMWiyGvYdNHR4+q9qOaBB+vNWSWeC3ehLXfHvX19brQvE9p/U4od4hd/QdYZU+16HKGqDMMyfCc1Lnz5mO6XXu8tm+2R7ysniZZzh2V0Rpfdp3l3HGp9cJljJFIe8RCf3Ul0F8lF/orAAAAAFcXgdXLcPH8ObW2XJIsNqWnWDQsb7Bu/duRGlucpzxHhj5/503Kv26Qdu+tVe3Jj9XU1KoWj3RJXnm8ksfrk1VWHa6u1qf+tiSh7KO++NhgY2Oj+mc0KT/NIke2XWnpVlms5i1pVxmSDJ9XF2svXdbLTvpie8TLMCSjRTJa4wsCGa0WyXf560Qk+quri/6qd6K/AgAAAJCIPh9YNR8Z7NrLI9L6D5DPliq7VfpkoVMPfOk+jcrPlNFQK5+nWen2fpo0vljjx47SGXeDTpz6WKfd51VXf0HnLjTp2Knz2n+kTj6fL+Gb5Gv1ZRcdtYdhGBqQnq6B6dka5LDLntI967QoRbUnUy7rhSd9sT3iLsPaT0a/4dLHJ+KbP+UTMmzplxk4oj2i0V91P/qr5EJ/BQAAAOBq6/OBVSl0U5PojdGAgYPVr3+mUvqd0133fkG33fEZXao7rKZmt6wWq2SxqcWQbKkW5ecPUMH110k+r1qbGyXvJe37y2kt/Lc35fxkYbAe8QnkPF2bd2Idtccnsh/SiBHPdMNKfFJro4ymc/JeqFPL+R2yHntHvgE5smQNk5E6QBarXbLGk7XUd9sjruXt/eXJuU2WUweklosdz2yxyjvoZvlSBl9GoIL2iIX+6sqgv0ou9FcAAAAArqY+H1gNvxdK9MYotV+aRo0Zq8GZ/TT2tltlsfWTbGmypg6QYbVLFmtw+LRWw1Crxyuf15C3xVCKxZDX59Ow4cM1fMSILtyUXZs3YR21RyBDy+fzqampSefOnZPdbtfAgQN1/vx5tba2ymKxKDs7W/X19fL5fMrMzFT//v1VV1cnj8ejoUOHyrh0QS3H/iBr7Q5ZPM2y9ndoVF6WLIZb3pOH5Dnkljc1S8bQEhm5N0r9ssy27Ljm3b8zksDlfD8CfPb+av3k52WpPyZbze8kb0vsGS02+XJHq7Vgqnz9Bl5WBhjt0Rb9Vfejv0ou9FcAAAAArrY+H1iVfDIMX5ceb5WkW0s/rT96zslu8cpitcrab4BsaQPla7FFBCoMGZLXK3kuydd6SfL5VN/g0Renf1mDBju6+GjttXgz1n57hAcq/vrXv+q9995TVlaWxo0bpw8++EBut1spKSm666679M4776ixsVElJSW64YYb9P777+vs2bOa/sV71Lrvlzq//3fKLrhJVkeRLBaLLP0GyGLrJ9vAfKX6PPK4/6KWfZvUOmCYjFH/S3KMlKztf136YnvEy5Bk9B8mS3GZ1NIi6/FdUsuFsCiIRUrpJ5+jSJ7iL8njuFE+I7Bk19AesdFfdTf6q+RCfwUAAADg6iKwqst7cUS+85O6NLZUdWfOKDP7Otn6DZAtY2BohuDLfg0ZNo9582S1yWPYlTH0Rt3impzQS2Ai63xt3oh11B6BG1Cn0ymn0xn8fMqUKRHzfeELX4hYZurUqVJLg7x/XCvryT8p55M3S4ZPFl+rZLHK5/6LLOmDZVjtslgssqYOUGr+zVLNDrXu/JmMv/2KNKS43WBFX22PuMuw2NQ6ZIyMW78h+4DXZa3dLcuF05LPKyNjsIwhxfLc8Dl5rvtb+ezp3VRn2iMa/VX3o79KLvRXAAAAAK4mAqt+Xc0YsdtT5Cy+Wb4Lp+VpuiClpMmW7pAMyfC0SBaL/67JkM/bIrU0y2KxysjI0ydLblZaRkYXM1Wu7ZuwWO0RyP7yer26ePGi6urqlJqaKofDIbfbrdbWVtlsNg0ZMkR1dXVqbW1VZmamUlNTde7jejlO/FoZNb9WinOyjNYGec8ek6w2WVLSZfi80qULZtDCMOT7uFbWgZ9QytAb5Tvwtjx/2ihj/Hypf257Nb7yO6UHXXZGladZ1o+PynL2LzL658pbNEWy2CVZJF+rLL5Lsp76UPazf5E3K18+R5F8A/LieKS53Rp3va69AP1VcqG/Si70VwAAAACulj4fWA29QbjrN2Ip/dJltQ/VpdZGpVpbZUvLlGTI13IxlD5j+ORrNh9PtKQMkByjNGBg3mW81bl7MnOSTUftEQhU+Hw+NTY26vTp08rIyFD//v119uxZNTY2Ki0tTYMGDVJ9fb2ampokSRkZGWo+vlMpR/+f7OmZUuNRWTKuk23wMFl8zdKlFkkWGa0XJJ8kiyFLarrUelEWWz9ZM/Nk/egdeYf9nYyi/xXzBTF9sT3iK8An28c1SvnLW7LXvi/rhVNm8C5toIx+mZLFKkvLBamxXpbmc5LVLl/aIPkGj1DriElq/eRdMuxpXax34tVNdvRXyYX+KrnQXwEAAAC42gisht2EXU6Gi8+WqiavV1aPR6lpqbKlDZLVmmpmfcknX2uLDEOy2NNl9B8mX/+hMgcz7GqgwqdrMculs/YwDEPe5ib1u3BW+QMHyNZySfaWZuXl5am1tVV2u112u115eXnyeDxKT0+X3WbVQON/lJ52SdaBn5SMS7L4GmVYrTK8HslnkQyL2RQ+M1tPssjwXpIsdlnTBki+FlmqX5fP+WkpdUCMevXN9ghntVrbzGM7tUf9/rRRVm+zlHuDvPljZblYJ+tfd8taVy2LDBkWq4yBw+UtultGhkOW5nOynq1Rvz0bZHMfVvPNM2T0HxIs02KxyOfzdVJv2qMj9Ffdg/4qudBfAQAAALja+nxgtftY5LWm6dyFOg2yWJWWOVg+q03ytsjwtMhi+GS1p+iSZ4C8GdfJYkuTOaAhEmEYhnxery4dq9HHf6hSyjCnUgZn6/S5BjU1NSktLU2pqak6ffq0mpqalJOToyzbeQ1s2it7eoqMtFRZZJXPe06SVRbZZchqZn75fwyfmT5kGJIsNkmGLDa7LKf/JMv/b+9eg+S6Djux/7tnBoMZPEmAJPgEAdGCaUqUZUnQwyIAW5u17IDyarNgtgiWuB9sK+Wq8APJStFWyFTIoqxUQdwtb+IUtUqlqBJZG6K88obwxtp4ZRCSJQuiKMkyxcCSOOJD1JAESOI17+7Oh+6e6Xn0zNzBazDz+6lYGkz33D59T/e55/7vOeceO5Lale+7oPtgMaqUTub4WF+6ymvS07kxpXSmlGTsyuszctkf5uToi3lz9McZqR5Pb8cNueLD/zIbvv5/pvMnf52xbb+TYx++La8NfzeDlaPpLl+ZS7t2ZXXnNSl39KTU0Z1aaSC1jGVg7LWMVQazumNrOmqrLvTbvohpr84H7dXipL0CAADOFsFqzs4IsLpShk6fyM9eeDZX3viBXHLVO9JVSqpjQxl++7W8+eMfZGS0kt7Vm1NOzmjuX63WHKm01Ea5tK+P8am1pVJq5Y5UB09nbGgwlUo1IyMjGR0dTZJUKpWMjIxkbGwsY2Nj6Rh5OV3lgXR0VpKcTrVaqt+Ap9aZpCOlWjm1Wj00qqaUVKqpVdIYCFZOxoZSSlKujKT6xvOpbvq16aVehvXRaixD+dmp/5TXBr+V3o4r0lVeWx+pVRvLUOVYhsaOZrR2OrVaJeXSilzSfSjv/Y17ctmNv5v+K1bnB28+kreG/zG12mhKpc50lValp3NjVnZuTCn1kWUj1eMZrLyeq3p3Zduaf5Vyrbd9qZd5fcyP9urMaa8WF+0VAABwfi37YLXWvAP2GQQVtVr9dGislnR0lFI6+XKe/89H0nv1jbnkys0ZGTiZt1/6UbpHj2bV1dtyarSaFZ2VdJVLKZcXPgpsKa7JNlt99PT05OTJkxkbGkx6V6XrY/8sXZWxdKSadevWZeXKlenq6kq5XM66desyMjKSnp6edA8OpNxZTaljTVIaTkdGUk5XaqWO1GrlpFxOtVZKKuWUU0qtlFRLtcZIsI7Uxk6nlLHUyqWUBl5r+zlZbvXRqqPUk47SigyOvZHBsTdm3WalNpSjQ9/PM0cfzi3X/Jt865U7Mlg52vKaIxmujWR45K1k5MfT/r6z3JNyuuf8vi7n+phrG9qrs0N7tbhorwAAgPNt2QerrSNEFhJU1JIMVks5NlLOsZHk6qHRbL7qmvSuHUz/6y/mxVf70tndk/XrV+WKSy/PSDrzt/0n89pYKdeuKee69d25pKczHQUCi9LClzq8CLSvj0suuSSvvfZajp48nUvfcWM2lSb22YYpW9m4ceP4z11jHSmXx1Jef1NKV/x2qj//jykNvpFadThJUk1Xyo2bOVdr5aTstJPwAAAgAElEQVSjlHIt9em11VJKlZMplaspd5ZSmaFcy7U+mkqlUjpK3Vm/4oZcvvL9Ga2eymDljQxVjs265Up1OCPVE5NCipmVsrJjQ3o6L0tXaVXWdW1NudRVH981Q5mWe33M9dfaq7NJe7W4aK8AAIDzS7A6PrqlWjioGEvyxlhHfjrUkZ8PdWbL2s5srJbTWevJxquvytp3fDAnhkeScim9PZema+TNdJ5+PZs3XJJ//3cDeeHFV/OBq9dk1w3r856r1mRN9/yqo3nn46U5bbB9fZTL5Vx11VV57bXXxkd3dXRMv+P1NCPJ2nJncvK51DbfkbzzrpRO/SilgVeTymhK6Ujt2PdSG3wrtY5GYtEIK2rVSlI7laxIamPl1HrWzTDld3nWR1NHqZLukVfyyyPdubFjV053DOXVlYP50cB/yfGRvrZbrtZqSa2UanX2/XZJ9w25sWdnrqr0pjfdqQ0no6WfZ6jj6vrIvaklXub10Y726lzQXi0u2isAAOD8Eqxm8p2E52s4pfxopJxXqivydrWcgdSypaOUzkuvSe14JZWungx1XpLBV//XlCsvZmT1znSv+WB6Lr0pvV0b0pGf5MevH8+rb53KP/S/nd/5lcvyO798eTb0ds2jvFlQsHKxmK0+1qxZk2q1muPHj+f06dNz3m05SU5Va9lYW5nO0VdTfeF/S//q2zLYuSWdHVuzonM060efz8ra6fq0245yqimllnJ9hFFlMOkYTqm7lGpnVyqX/lKboGJ51kepVMqKyhtZ/eK/TtdbB1MaO5HeFZdl3WX/LKMb/nm+/dq+ttutlqup1ZLK6Oz77Z2X7M6Nx55L1xsHUh49mlrn+oxs+Fhqmz+TgbQLjpZnfbSjvTp3tFeLi/YKAAA4n5Z9sDqxJtv8/2YsyTNjHfnHdGblio4M1Gp5a7SWb75xOuVL1ua9l92c0sBQTr36l7lq+P/IylWnMzD4rRw//d682fvx1Nb+Zv7p1ktz+vhleeZnR/PToyfyxLNDGa1U89+8+8qsWzl7tSzl86+56qNcLmf9+vVZtWpVhoaGUqlU5jwh7UpvqieuSwaPpXTyH9Lx5rG8PXR9KunN+u7TWdf9cko5mZTLKdVKKXWU6jeFqY6mWh5MVia1znKq3delsn5bmzIvTfP5fnSNHk3nq19LrTJQv2P50LF0Dfx5rrvur/KNof+l7d+NNUaXjQ5VZi3DNSvfl86XPpuMHU815SQn0jn4n9N5zX+fWmltmzIvTYutvfrkuzblkp7Zw9XlXB/aq/NLewUAAJxvyz5YTSbf8GI+Xih15nvlzmzs6crbw7W8Vquk0lXK8UopT/78dH70ejUfrL2WrW99KevXllKq1LKy67WsLv2/OTX0bN469Zd5b/fv5vodH8sfDQ3nZ6+/nddPns5f/P0ruXz1ivyTGzamu7M8z3IvPfOpj66urnR1zT1arm59BsofS8fpI1lRPp3Lu/qzpuONVNORrlKyIqWUSuUk5SSlJLV0lCqplkdTXlFLqaOUWmc5p6/8jVS71rTd8cu2PirVVE+OJmmtj9PpLq/P2CwhxGipktQy63OSpLu0NrUTA6lN2v5IUq0mHe3XUly29THFuWyv1q3szH/9y5drr7RXi4b2CgAAOJ8Eqy13EJ5PUHGi1JFD1Y509nRlKKW8XB3LyVI1XeWk1F3KSFbk7aP9GT3xl7mi60epXvM/pjb8ajqO7U937dWs6H49a1d+LcdOfTvrVv/r/MYv/2oeOzmYyumRvHT07Xzl+6/k6rUrc/Om1SmV2t8gpr7O21I8EytWH/MxPDycN0femdrYb+fSoYO5ctXxrOocSX0sX6n+X60yvjtL9aX0Uu5IauVSauVahtbenMHLd6VWPzOe9hrLuT5qlY7UBlcltbGJ33WszGhlKCOD7ac+jzWm1s72nCQZHRtOdXhdSpWhiV+WulKrllMrz1yu5Vwfrc51e/UX3385Wy/t1V5prxYJ7RUAAHB+zT3MaJmYzzlxLclPUs7xFZ3p6ezILyrV9NfGcrJczclyLac6qukaO5lL33gu1534T+mtjKXc9/+k3HNzxrb+24yt+1QytDErhiu5fNVIVvV0p9rZmXR3JuVyqqNj+e5PXs/fPP96To3MPipmqTubo3d+/ON/zHe/98Os3vYvc/qq38/PTmzMUGVF6iFFUq/ZWkqN/1KqpVSupdRRDysqPVfl5JX/MpXuK+u3cF6GZquP0c4NGV3/66kOdKc6sCLVgZUZufqf5R9e+YuMDlXb/zdcTa1am/05Q9U8/9pfZ3TT77RsvzujG3ZltLxm2a5LuFjaq7/vO6q9ivZqsdFeAQAA58syH7E6cffgWq02541Fhkrl/KxUSrmrI6OlWo6mmpPl+uluZ6mWjupY1v/8Z7nyjUPZtPZYxrY9kNLwqyk/92/Suf6dqV758VRWvy/p/0JOVK/LP5x+V57q609qSa1aS6lazejoSJ5/9e28cXJTVnXNnHuXy+VMTHVcSidqxepjvvp/8Ys8++yzefmVV/LbH/+tdF36L/LqiT/P5jWvpaPUEgjVZ9WmVGpEF6WujHZemeOX/vMM9fxK6oOKppdpOddHqVTK0IoN6XjPp9O58trkxKsZueS6DN7wT/LdH/7xrOsRVrqqqVUz55qF33vpL7N1233pzap0vf3z1NZfm8q23Rkqr06tOn0E2HKuj1bD56G9GhutaK+0V4uE9goAADj/lnmw2jS/aZxvVZK3SqV0l8oZqtXyVrWa06mlXE46aknvsdez7oVn8s6xH6S3c23y4rdSuvpDqb7jv0veejblvv8rHd0rMzy8Ii+u+K/y+MsncmJwJLWx0VRHRlMdG0utUsorR0/mrVPDuf7SnplLexannS5OZ/f9lUrlDAyczquvvJI///M/zy0f/UgGun47q8vPZn35ldTGhlKpJtVafXRXR0dS7lqXoZ6bcmrNjgz1bEtK7ddHXM71UavVMlJJKuu2pXvHu/LWqRdy5OWv5vln78tbp16cdejY2Mp6CDI2PHsg9eobP8oTw/9zbrxud975a/9t1vVcl+Hh0VQqMwccy7k+Wh2vaq/OD+3V4qK9AgAAzh/BaibOpeY6uRmr1jIyVs1wpZKRUimnKrUM1mopJ+kcGsqaf/xRbuj/u2y5/Fg6r9+TdHWk+rNDKXetTO2Kd6W68brUfv4XeXV4Uw7l2hx+9URqA4OpnDyd2vBwUqmlVC2lo5aUZjk5rM/uXLonYvOtj/lav359RkdHMzIyktGx0Xz32R/kPe+5Od3dN2Tjiv6UR49neKyUkUo5IyPDqQydTs/KLVl5yftS7lo9uVAzUB/J2NhYyqNJ36t/m+88/1gGh9+ec7uV0fr2xkbnGulXTf/RIzl56mh6VlyanquvzNjYWNtnq4+6SrWakZr26lzTXi0u2isAAOB8WvbBaq02MWJkrhPjDaVKto2N5Punyzm6ojMDY9WMVGv1le/efDuX9v0wv1r9aTacei3lf/jr5IZfT23zx1IdfjO1oz9JeeTNnBxakR8Ovjt/faKS42+fSOXkYGqDQ8lYLeVyZzau6smOd16eK9eunGXUTanlzsdne49cWEXqY76uufbabNi4MT/r60vvqlV56aWXsm7duvT0/koGq7+Ut4+/nePHj9fDjOHuDA91Ze3aSt5ReyubrlyZjo6OOcqsPpKkVi1lZdcl6Sz1pFadO6io37BlxtnKM+osr0p35/rUqrOHJuqjbn1q57y9urR3pfZKe7VoaK8AAIDzbdkHq82RIvM5KV5ZSt5brmTt6GCeHe3IwGgt5Wo1x0ulVEfGUqvUMlbuTq1aSvnFZ1Pr/0lKV74z1Xd8KLn0poy98FfpO7oi3xjemJ+cHs3YQDVd1VLW9/Zm/brOXL12ZT6w+ZJ8aOvGXLp6RfsS15plPjt7YHGZf33M1/r16/OhD304/b/4RU6dOpXRkZEcO3Ysx44ezY/ffDM/e/HFvPXmmxkdHU21Ws2KFV254vIrsmrVqmy87LJ5BBXqI0kqlUquuPRd2bThV3Jq6I1Uq+1HaRXVUV6RqzbenA1r39l2Sm2T+qjrPg/t1XuvXZ+P3nCZ9kp7tUhorwAAgPNLsJqkyMnY6lLyrlRyTa2SWzqSn1VreaWSnFjZk7c3/VL+4z+8nKNjvfno6p/nurH+lPqeSe0XP07tsqtzotyd7x1/V06uvjwfuvay9HZ0ZN2KjlzesyJXrevOht6ubFi9Iiu7Our3JWk7tba0xG90cXbDinK5nHe/++aMjY7lbw5+LadOnspll12Wt99+O88++90MDw+nUqmmUhlLtVrN6dP1IUnljnI6OjrmLIf6qBsbG8uqFVfm/dv+VQaG3srP3/hearPuk/ntr3KpI9de/r782jv3pnfF5RkdnT0AUR8TznV7demqFelZob1KtFeLh/YKAAA4fwSrmZg2ON8T43KSS0vJpR3JdeVkpFbL2IrunP7Qr+WF9b357g++l7/7eV9uufT17Fr9ci4f/UVqr/00L3S+K8dX35Dffc87cskll6SjnHSWSuksl9LVUUqpvthaUpvj9K5x5+OlqXh9zEd3d3fe9/7355prr8nrr7+RLddfnxMnT6S/vz8//elPU6mMpVarpVQq5fLLr8h7fvVX844bfinlcmnOcqiPCaOjY9mw5qb80+3/U77/43+fV954Np0dK7N21ZVZ3XN5Vq5Yk1qtmrdOvpy3T76USmUs3V2rc8M1v5n1q69JqVTK4MiJnBp4LSdO92esOpzrN30wN2/dk94VV2dkZHTuEquPSbRX55L2anHRXgEAAOeXYHXcwk5sukpJV6mUlJO169bkig+8L++6cVt++Nzz+au/eyZ/+doV+Z0rj+X6VQN5+sSWXLb1+ly/aUPK5fJZLv9Sc/ZPNLu6unL11dfkqquuTqlUyrr16/Mv9tyW119/PceOvZFKpZrVq1fnyiuvzJo1axtTaktnvRwXp/nVR61Wy9hoLT0d12bHzf9DUh5OudyZjlJ3RkbGUqvV9+jKnhV56bXvpKd7XX73ln+d6zd9JMNDI0nqI7hWdHdkrDqcanU0tcrKjI3W5nHTmOVEe7W4aK8WF+0VAABwfiz7YLX1ZhfV6pmfCJVKpaxdsya//qHtufmmG/Pd7/0gX/3Bc1kxVMu2X3pHbvrldybJGb1WqVROc2TOUnO266P969T33cqVK3Pdddfluuuum/E589nH6mO6arWasbGkVOpIfd8MTnp8aGg0l615b8aGK7li7Qdy/O3Tkx4fHExjRGRnarW5R321Uh/zp706M9qrxUV7BQAAnG/LPlhNJk7GzrY1a9Zk146P5n3vfU9qtVpWrVo1541F5uNsTztdbM5VfZwr6mO2v23/d8PDwwv+27n+Tn0Up71aGO3V4qK9AgAAzqdlHazW16hLJpYKPDcnN6tXr570mmeuvr7h+BqHS8T5qo+zT30sLurjTGiv5sf3Y3FRHwAAwIWwrBfOq1Sq6ewsp6OjnHL54jmpKZVKKZdL6ewsn9Ppp+eb+lhc1Mfioj4WF/WxuKgPAADgQljWI1Y7yvWbfXR3d2V0tH6jimq1msU60KVUSsrlcrq6OtPd3ZWklI6OpVOF6mNxUR+Li/pYXNTH4qI+AACAC2FZ9+JXr16dEydOZ+3a3tRqtXR2jmZsrLJopxCWSqV0dJSzcuWK9PZ25+TJwazsXnmhi3XWqI/FRX0sLupjcVEfi4v6AAAALoRlHayuXLkywyMjOXFiMGvWrExPT3fLidhiOxmrr8HW2Vm/mczJk0NJOtLT03Nhi3UWqY/FRX0sLupjcVEfi4v6AAAALoRlHayWSqWsWb06IyMjeeut06lWK4t+bbZqtZqOckd6enrT09OTcnnpLJOrPhYX9bG4qI/FRX0sLuoDAAC4EJZ1sJokHR31USJGiiwO6mNxUR+Li/pYXNTH4qI+AACA883wCAAAAACAggSrAAAAAAAFLYFgtT/7b+tNT29vem7bn/6ztt3D2XfWt3k+tr34fXtfb3p6b8v+xfrm+/fntt7e9Ow73Obh29LT25s2Dy9uh/fVvysz/rcv375Qn8059vnS1djf5+S9L7wuL+rP+LnS+t2ZtGNa6rB3X75dcLP2dcsxfMpxoblvenp7c1uhA0brNqf/d9v+/gu23xf98Q8AACjk4g9W+7+e/QcaPx/Yn687WWGR6d9/2+IJTbbfm8GBgQwODOTgg0myO196YaDxu3vzwQtdvnPicPYt1osYhw/l/ubPDxwqHMpxgRx+ceLz1FqHnKEDefGl5s/9+fr4wb2oTdnzZKNde+Gx3JokDx4cb/ue3LPprJR2sVlUxxoAAFgmLvpgtf/r+/NUkocefDDJgew/a8nq9tw7MJDBJ/dkaZ6CsVCb9jyZwYGB3Lt97uf2778tW+5caDhwISy1z/3h7OvdtWiDr28feiDJ7jz04O4kD+TrQpGLQ8tFvP4XDyfZnVt3X9ASLRn3H2p+CV7KiweSW3efmx1bpB2/GFx8xxoAAFgaLvJgtTmi5cHccu+OPJTkqf1fnzIyrXWa5vSpmvVpeRP/TYz2mDqNdvLUwn379k2anjg+rXB/Y0rzmU6n7m/ZzrTpim3eU+NvWqdMTpvuOGkq+GKdjjhlGmfbabcX5r1P2+6Uuhqv98P7xk907991sUxzn/y5n/Fz3bsv327dl5M+5wuou0kvv2/y67Q8NOm7OvW7NWPd9mf/bY1Q9cCd2TL++3mU47w4nK8/kGT3ntxxx57cmtZQqaWct+3LvhmnSs/1eOumJrdXyZlOSZ6tnqdOw26tjyl1N3UJiFnbvcXh1gcfzK3jF/Eax6Dd2zOez9nXC/RgHnowEyO3GyOBt29v7tk3Gu+15ft6BkuITGrHx+tsf0vbcFv2H97ftj2a7XjSuoRBu2UM9t/V5vFZ66XNZ+GiPNYAAMDScHEHq81lAB7ckQ9me255MNOWA/j2vl25Pw/m4PiUwAeyq+VkZNcDyUMHBzI48EK+tDu5f9fMIUv//rvyqQMTz918+IEZi3T/i5vz5MBA+h7bnRy4M19eyPlN//7ctvXOPNWYutj32O7cv2tKWLT7sfRNfU+bbsme3clTd3658R6aJ/2P5Y7t9ffbs+uB3PrYC42p4Afyqa0XKlRqpz/7b9uaTx1oqbMHdjVOPBfje+/P/rvuzFPNMh18MDlwZ+7a359sv7f+OUjjc3MRD42a9LnOA9m1b3P6Wj7nd43XT7u6m+O72HRge+6Z4fFv7+vNrgeayxYczEMH7syWlu/xzHW7KXuePJiHkmT3Y+kbeDJ7Ns2zHOdDIzi6dc8t2dT4/M64HMCBw9n8p802aobP7VyPJ8n2O/Kl3a0XniZC3VsKD02eq55bHhs4mIdyIJ+6a3/6sym37JncLtZnHOzOl+7YPke7t4hs3pztSZ568aWMj6rcsyObm4/b1wu2efPuJIfzUn9zJPCDuWVH89HLsufeB9M6snt8xsqOs9O2PrU/uaPZjudAPrXrxXp7dLD+urvmbHOS9O/PXXceaHkseerOu6bs2wPJnhken/PY3+azsISONQAAcLG5qIPVqSdVH9zRbjmAB7Krtzf7XtqTJwemn3TUR3i81FiTbaZ1JltGxm5Pkk2NE7zpmmXZtLn+/4dfLH6mOvV9bbplT8sIqcbacU9uzpd7e9Oz9c48Nf6XjZPp5olnI3i+dc8t2ZSJacd7Gmf39f21yKYfTwrLMxGY7v96+hfze2+OiLzu3iW5ht+tm69LMvG5bu7X5r+TzFF3TbN/Fyf+th5e1deynBpMNS6iNELIhdXtHOU4DyaXe8rnt9X4+27znLkeT8tjzQtPraFu0YLPUc8fvHcggwN35KXbetMzZRmGelvWHJnbvPhRL//s7d5icsvE5685qrLx/aizrxfquvFyHG6Ud/NEYJ0k2+szUya9p/Hj8lmwfXO9jq7b3FiXtbHfm/9umE+b89SdW9Nz2/5svncgg42LOhMm/rYeJtfXlp21XubVvgIAAOfbRRysznBS1Tj5aT3R+OAdj42fEN2/a8q0u8bIoiTJA7tmmb5fH5U07STvHGuWtxkg1kdINacC7srhx16YuDFHw6Y9946feDZHKO2ZNEzqQD61tbHdXfVRtwsJf8+5Zn30bs2nDiQ58GJeXJTvvTVkn9j+UpuJuX1zgUhoxrqb47s4HwfuzJbGFNh69dVHtjUenHfdnnE5zorpoxibIfXk5QAmm+uCzWyPt4Y0U4OhBWlTz/Vp71vzqe0HG6MoWwuxJ/c0Q8kpFz+aZm73FpfmyMrP73sgMwV79vUCNS6oPLV/34zlnXRRZWrQeBbcOikgn0ubNqe535OWNqvY7IhZ66XNZwEAALgwLt5gtXlS1Rh51noSMmk5gE2NEWnj05hbp+XNcOfg8WnNra5LfVDJ+T2BqS870PLfvdtbRq0cbDMqsnniuS93tYxQmtB6F/hFfIfkljs4j9+xfrG+9+33jm/vYOOEut2SEsvCTHWXzPFdnIfmcgvj/7WOAitQt2dajrOheSf5lrC4Gc7MuBxAQ316dPuge9bHx0e43ZXPL3hqeosZ67kZGD+WvjajgJuj+z5/10wXP9q0e4tMMzh9qt0FN/t6gZpL+hzIU5n5czz5PZ29ZQCKa9/m1EcSN5dnSFJwuZFZ66Vd+woAAFwQF22w2pwy11zHbHBSUDJxY5HWm11s2vNkI/janus2Tbl5xaY9ebKRik0/mZs6xbY/+/fNvMbq2TB5CucMN0tKGlOkk29/uXU6fF1zSYSnDiQP3Ttxd/epSyWc2Q1VzpGpa03OdHOSRfXeJ9/s6YP31tfqbYYtk6bKL3Wz1t3s38XZTV0/eco+n7VuGxdFxp1JOc6e+ijG6QFKvSxTpvKPr5PZZurzXI+Pa05Rr4dWC5qanszvO9q4CNW/f9+k6elJxqdzP3XgQPLgvePh+LzavcWiuVRF2u1H+3qhNo9/Ydt8jlvf09lcBqCAWducSTcv2557Gxdt5zMadtZ6meOzsKyONQAAsIh0XugCLEwzQJg+Amd8JNH+r6d/z57sefKF5Lat2dXbDEJ350svNEZ47HkyfbktW3b1jp+Q3vrYC5lp0M6mPX+aL+0/kE/t6s392Z0vPfZgcuAMw9UDd2ZL752TfnXrYy/kyT17Ui/2rvQ8MLVce/Knj+3PU3c2/nb3g3lo9wO5//CL6c/2+sl7cx26qSed2+/N4MGkZ9fW9DRe9qGDU9d+O1/q0yg/1fqr3Y+l78kZ6mx8RNb28/veH5jY/00PHRzIHZN+sz33DhxMene11OWDOTiwZ3J5dvXWb7r15J6FBSwXhU2z1F1m/y7O4YP3DuRgerNr/DPzYA429+WsddsIuBqfmYcODuTeMyjH2dEYaThDKNQcjXf/ocMT7dDux7L5UG96drUp61yPtxhvH+c5Nf3+lrax7sEcHLh31nq+9+CDuX/XA43HHsxDDx7I/Q/Uw7/6KzZHlk8ZbbhptnZvsWm+h+Z+bL/0gn1dzPh+azvFf+I9nc1lAAqZrc3ZNP2xPHgwg/M50M5aL7O3r8vrWAMAAItHqVar1c7mBvv6+nLlpoV350f/7DeTJF1/+LWzVaRzo3FX4IcODiyKk1FgqTmcfb27ZglJ5np8Bs27jgtezj37+pz59r76OsuOvwtz0fSzAACggF/092fLli1ndZv33HPPnM+5aJcCON/qU/0mbnJTX8twdwrd6wLgAhpfQmWhU9OZN/v6XGk/4hsAAOB8E6zO0wfvrd+E4qk7t6antzdb7jxwAafRAxRRX1t2y50Hkt2P5U81XOeQfX3OHN6Xnt5duT/JQwfdtAkAALjwLAUAALBM6GcBALAUWQoAAAAAAOAiIVgFAAAAAChIsAoAAAAAUJBgFQAAAACgIMEqAAAAAEBBglUAAAAAgIIEqwAAAAAABQlWAQAAAAAKEqwCAAAAABQkWAUAAAAAKEiwCgAAAABQkGAVAAAAAKCgzgtdgHZG/+w3L3QRAAAAAABmZMQqAAAAAEBBi27Eatcffu1CFwEAAAAAYFZGrAIAAAAAFCRYBQAAAAAoSLAKAAAAAFCQYBUAAAAAoCDBKgAAAABAQYJVAAAAAICCBKsAAAAAAAUJVgEAAAAAChKsAgAAAAAUJFgFAAAAAChIsAoAAAAAUJBgFQAAAACgIMEqAAAAAEBBglUAAAAAgIIEqwAAAAAABQlWAQAAAAAKEqwCAAAAABQkWAUAAAAAKEiwCgAAAABQkGAVAAAAAKAgwSoAAAAAQEGCVQAAAACAggSrAAAAAAAFCVYBAAAAAAoSrAIAAAAAFCRYBQAAAAAoqPNCF+DMHcmXP/1IDrV5dMvtD+ePdm48N6/8+Kfz+UPJjrsfzR3bzslLnIH2+2VqeYu/jyP58qefyQce3Zv2T2++/o7c8+jebDv6dP7kM0+kb8vt+ex9O7PwGjmapz/3xeT37svOjcnRpz+XP36i75zW8zl7jeY+af674L45H+89menzMbkOOBNTvicXujjz1ij3GX+fgYtX+37GuT4uNY9/zePSue+PXWRt9dT+RauLsN0++vTn8u/ye+f0MwUAsFBGrC5Dhx75dP7k6aPj/96299F84dEioWr7IHvCttzx6KP5wlk9ATmapz/3mTzecqawced9+cKjj16Ene0j+fLUk56+J/LHn3s6R9v9yQUy+fMxvQ4AoFXfE5+Z1M8414r1Y5a5vifyx48fudClmLdmiA4AsFgtgRGrTbONImiGQVuy9/Zr8/gT9ViwPqIiLUFRyzZaRljuvfaJPN5IEucchXHk8fzBIxOx48TzZxrtMP13kzuQW7L34cmjApujMuZ+z22e0yhf3xNfzNM31bc9baTHlPcwMbqhNVQ9lM9/+lB23P1oPt7fGDm5Y0dy6FD6siV7H/5kXv7MzKM7nnv80zPuz8VgeEkAABQ+SURBVOkjTlpHxd2U58brqS+Pf+bT+ebtD+f388XpozanjtTYcXe+sLdZgol9vvf2l/N4c19Pek47z+XLn36i8f6bddPy2Rqvq5l+N8WRZ+rbGX/dRrn6vpXnju7Mzo0zfF4a9TL9MzhTuZrVPds+3ZmN8/icT2zj4Vz7lel1cPGF2hef+bcLLd+9SaOSplwQaf28z7Ota217dtx99zl6p8DFp00/45VjSSYfR6Y/f57H5Nbj+pbbc8+HJ5dg8rFuAdvccXc+e81XJo2CXZAp/Y/J7ej0C5Pjj890fG/2xab2E8Z34zz6LdNGpza2ceiZHNm7bXJ/d8YyTzn+7Lg9e19+Io/3TdThnP2MBeyX5rZaX7vvic/kD77V2GbbfioAwPm3zEas9o2HqknS98QX8yeTOnOH8vmpV/H7JoKG+j8/ky+3u9A/taPXeP4fPH4kybZ8YEf9Nb7T/PvxcO39M4SqjfJ+5vGMP33SiUmjvEVHOG7bm3t21Lf98rEZHj/6dP5kynuY7+iGvkOHGic9H85N7Xq3RfbnQsw0/e3QI/mDafvp0MTJVuM5c5Wj74knWkbqNutmY2768JYkffnmc41XOPpcvtmX2ffDhmuyZdLrNkf4Fp9eP3O5CppWL1/MeRxsxCzmaheOPv25lnahL49/8St5edIWZhhlfuiR6aPJZvkMTH6N5NAj8xm1DjDfvstsx+QpMzz6nsjn5zWCscA2Dz2Sf/et+bybWczQ/2jt4xx5fPpsj/F2dtv7syNJ37eeG98vR56p77Qd758hVG2U+YxHBc9R5hx5fPLx59ATxWesLGC/HHrkc+37IGfQTwUAOBcW3YjV0T/7zULP7/rD/73xU30E5WTTR3Y1r5LXO/p96cvt+eyjLVe/X+7P0Wxrueo9sY1mwHHomSO5Y9vUUQJH8/RXGp3gqVftD30lT//Wfdn5/vqIzpf7jybbNk7pNB/Nc9/qS2YYofgfnv6t/NHOY/nOoUy6Kl8vzxP5qyM7C42u2HBNPQhslmNGbUZC3PHo3cnUUbb94zt30gi5mc13f061MTvveziZMhL06NOTn3Xkq/XO+8RoiOZIiOn7aerabLPuj0nvr7nNQ/nOkb2546YPZ0v6xkfnHH3uW/UyfPim9qMnNt6Uj2xJ+vrqSzM0PgkLW7utTbnm3KWTNzJlBG4jeJ/0Bmaug6LfWSZMtF/tzN0u/FXjpHfSCJ/Wk9TGBZxp34knvpojO1s/b+0+A0emvcbUi0g+A7D8zN7/mggE59t3aXdMPvr0V+rHyGnHurnLOP9t1vtrZzLhvHnsn9YH/MrT+fh9O+vLFeydeH6zH1pvZ+sX3w8dmpi18p36lfd8YFsKtONT9D2RP/70E9N+veX236r33+Yo87FnWmd4bZx97dYF7pdGiWae4bPzvnw2U9aTb3b82vRTHY+Wp64//NqFLgIAy9iiC1bPrS35SGMIYTNcHA+/GiMIp3UWd3xyvKO3cecns+OJR3KoEb5OMj5K8fZ8fPyhbfn47Vty6IlGx3nb+7Mjh3LoW8/l6M6b0v9yMt5pzrG83JfMdILS98qx5Gh/fRTaDJ3kOQPBIpqB36FH8gfzXf6gYdYgsal1fzYDyZn254JMnIj88/HybszOT+7I4480A+3xgjT2e7KtEXjPXfRmaNwYpdrXDKeb+6w+tS6v9KX1szazjdl536PZNGkkz6F8/tMvt18+oHC5CmxkfHTtxDZYDObZLrS0O+PtVON5R+sNTX30/KSm4+VM+kq0+wzM8BrjbdnZe6PAEjIeos3Zdxn/i7bH5GOvNC7szHCsm6MUBbY50V9bqOY2Jy6WNvS9ktbrlO3WDG2W8ZvPHc3OTc0gtRGAztWOz/twPznAnL3MRxv91Jb+TMtF4fmaa7803/fjn/l0Hk8y50XmM+inAgCcC4s2WJ3/lcfmyMhzdKfWaSNY29i4KddmhmB2kpYRCUdSD2IbywDMXYb2Wtcxm49mJ/faTTP9TT3w29ky7WzSulbzfpU25rs/k4kTsnnbkGtnTMfPjvZhZfMk71C+c+T9qZ8NzbIMQIuJESzN/V1fUmDnzunPbZ5Yzb9cMyi8T+dmlMD0ETLF268FmKNdmFvjgs+GM9pIEp8BuJidefu1sP5Xve+yHNTDz3x1Yi3SLzw6wxIJLRffn772UOa+QJuMt+PtnjZ1PfXxPsZc222UeSHm3c9ohMLb9uYLj+5tCZwn1vCfeTbWHP1Ux6NlxQhlABaDRRusLhrjNxPKxNSxazdlY5LJpwTNUK91eltzCu2WXNsIL8avzD/SGC3x/m1T/r7dCcqRenB7pgv0H306/6F1ellb9TU/7xifcjexH85I6/5sTA+buj/Hp+o1H5+3jdl0bZK+5jTpxnS5xhIN9SB54Sdyfd96Lkd31qch1qdnT4TTzdG3hx55JMnco3ebJxAToyzajZZpjkaZeM0i5RrfyoL3KRfWPNuFlnZnvJ1q2Fj/UrQf0TPXyXPzotEsrwEwo2b70bbvMvfFpeYMo+bU8Y2ZWJ5koc7lNmcOBI/ky5P6Xs3RoK2aF98b65i2XKCdsx2fy8ad+aO7X5l289LZy5wcqTf+E2Hska+2XYKhXT9jrteYKOJ9+cLOjC81M/cyUeeonwoAUNASClZnXuOrvgbTmQzJ6muZntTY5Ptn6uhNTDmfNt2pZfr75Cm0reHmxKjHqe+j3hmd6HBPnk43y53nk7TbL83pZdPMcAOu+h9MHYFZ3+6W2x/O77d76Rm135/Nzvf0qW5ttrHj7nz2msmPbPut27Pl0BPTtzFpiYYFmjaVsaX+Jk2Pm3uUyfgyCNPe68Tf1gO16furSLnmv0+LmqiDOe9KzDzM9D2th6lztQvNQH683dmyZfKyJs02Z4bvxPwu0szwGgDzstC+y4Tx5U3arBe6EDNtc8uW+cxxb99Wbxu/wDq1D3h3y9qqbfqqDeN9mEy5QHvG7XgaNy89lM8f6svjX3w6N923s+Wi8Exl3jY+GGC2PsRc/YzZX2ND2/Vyp/a169vfkXvuTj4/r34qAMD5Ub7QBVj0ttyevTta//lw+yvu2/bmC3fvmPSrLbc/PCV4qp9kJJm2DMDGnffls7dvmfb3zdfbtvfR3DN589lxd/G7yO+4+9H2Ix5meA/Jjtxz3+R1yBZslv25cefvZW/LpnfcfXcml6QeXs9q48780cO3Z1IJd9ydL5yFZQy23H57S3m2ZO/DrSMIG8F4Mr/O/UzlnHSiuTE7f6/18R25Z1q9zF2uufdpUfOoA86qudqFjTvva2kXduSe+z6Zayc9e1vueHRqvbd+p+dXhnsmfW9vP8PPEbBcnHnfZVvueHjy8XDvmfRDZtjmltsfzu9/+Aw3OdNxfcvt+ezebfXXu3vH5N83nnvomZZRu42LtNMv0J55O54k2/Y2ttH3RP7d00fnKHOSbXsnHX+23H73pD5F/W3P0c+Y9TXqN8Wcus3Jx7hPTt7enP1UAIDzq1Sr1Wpnc4N9fX25ctOmBf99c62cC75mX3M9qjOdej+D5rpac02L4uIyfXo/y8XC1yg8UxN3x5521+Zz0HYBS8+Fa78uoPHZORPLrOibzUfzmHOO7msABS2a80YAFoVf9PfXZyGdRffcc8+cz1lCSwFcLCbuXD/7GqdcXJrrm87nZhNwtjTXFZ5+t+i51vkFWLY2XNNYMmXq1Hx9MwAAilm0wWq5fIFXKVi9NTs+8Ym8+5KtWV0un5U1EwZe/Eb++u/fyvpPfCJ3feTW3GghhqXh2A/zf3/zZ8m7P5E7934st1yuYjl/tu19OHtfnrJG3Y67jZoGFuSC97/Oh8t/I5/53Mb6sXvcJbn5Yx/N9cvg7S/c6mzZ8bv53Zs357Kz1DcGALjYLdpg9YLr3Zxbbt18ljf50Xzi7G6SxWDDu/OJW999oUvBsrUxO+97NDsvdDEALiaO3QvQm+s/ujvXX+hiAAAsIi42AwAAAAAUJFgFAAAAAChIsAoAAAAAUJBgFQAAAACgIMEqAAAAAEBBglUAAAAAgIIEqwAAAAAABQlWAQAAAAAKEqwCAAAAABQkWAUAAAAAKEiwCgAAAABQkGAVAAAAAKAgwSoAAAAAQEGCVQAAAACAggSrAAAAAAAFCVYBAAAAAAoSrAIAAAAAFCRYBQAAAAAoSLAKAAAAAFCQYBUAAAAAoCDBKgAAAABAQYJVAAAAAICCBKsAAAAAAAUJVgEAAAAAChKsAgAAAAAUJFgFAAAAAChIsAoAAAAAUJBgFQAAAACgIMEqAAAAAEBBglUAAAAAgIIEqwAAAAAABQlWAQAAAAAKEqwCAAAAABQkWAUAAAAAKEiwCgAAAABQkGAVAAAAAKAgwSoAAAAAQEGCVQAAAACAggSrAAAAAAAFCVYBAAAAAAoSrAIAAAAAFCRYBQAAAAAoSLAKAAAAAFCQYBUAAAAAoCDBKgAAAABAQYJVAAAAAICCBKsAAAAAAAUJVgEAAAAAChKsAgAAAAAUJFgFAAAAAChIsAoAAAAAUJBgFQAAAACgIMEqAAAAAEBBglUAAAAAgIIEqwAAAAAABQlWAQAAAAAKEqwCAAAAABQkWAUAAAAAKEiwCgAAAABQkGAVAAAAAKAgwSoAAAAAQEGCVQAAAACAggSrAAAAAAAFCVYBAAAAAAoSrAIAAAAAFCRYBQAAAAAoSLAKAAAAAFCQYBUAAAAAoCDBKgAAAABAQYJVAAAAAICCBKsAAAAAAAUJVgEAAAAAChKsAgAAAAAUJFgFAAAAAChIsAoAAAAAUJBgFQAAAACgIMEqAAAAAEBBglUAAAAAgIIEqwAAAAAABQlWAQAAAAAKEqwCAAAAABQkWAUAAAAAKEiwCgAAAABQkGAVAAAAAKAgwSoAAAAAQEGCVQAAAACAggSrAAAAAAAFCVYBAAAAAAoSrAIAAAAAFCRYBQAAAAAoSLAKAAAAAFCQYBUAAAAAoCDBKgAAAABAQYJVAAAAAICCBKsAAAAAAAUJVgEAAAAAChKsAgAAAAAUJFgFAAAAAChIsAoAAAAAUJBgFQAAAACgIMEqAAAAAEBBglUAAAAAgIIEqwAAAAAABQlWAQAAAAAKEqwCAAAAABQkWAUAAAAAKEiwCgAAAABQkGAVAAAAAKAgwSoAAAAAQEGdF7oAAAAAAACLyT333DPnc4xYBQAAAAAoSLAKAAAAAFCQYBUAAAAAoCDBKgAAAABAQYJVAAAAAICCBKsAAAAAAAUJVgEAAAAAChKsAgAAAAAUJFgFAAAAAChIsAoAAAAAUJBgFQAAAACgIMEqAAAAAEBBglUAAAAAgIIEqwAAAAAABQlWAQAAAAAKEqyybHzn8DfzncPfvNDFAABYNg4f/mYO638BAEuUYJVloTVQFa4CAJx7rX0u4SoAsBQJVlmyfvD9Z/KD7z/T9vG//cbf5G+/8TfnsUQAAEvbXP2vb3zjb/IN/S8AYIkQrLIktXbof/D9Z/KB7R8Z//cHtn9kUqAqXAUAOHOz9b+2b//IpEBVuAoALAWdF7oAcL60du4BADj3tut/AQBLmBGrLEnv+dX3z/hz069/9Ddm/BkAgIWZq//10ZY+10f1vwCAJcCIVZac/+/5HyaZuUPfqhmofu2/fDVJ8psf+61zWzAAgCXq+Xn2vz6q/wUALCFGrLKkPP/836fW+N/zz//9nM9vduqn/gwAwPzU+1y1RP8LAFhmBKsAAAAAAAUJVllSbrzx5hl/bqd1+pmpaAAAxel/AQDLlTVWWXKaHfoXfnokSbL1HdtmfN7rr/88iQ49AMCZ0v8CAJYjI1ZZkpqd+qk/NzU79VN/BgBgYfS/AIDlRrDKsvHKy3155eW+C10MAIBlQ/8LAFjKBKssSa3Tz7a+Y9ukDv0rL/fl8suvHv93688AACyM/hcAsNxYY5Ulq93aXk069AAAZ5f+FwCwnBixyrJwzbVbZvwZAIBzQ/8LAFjqjFhl2dChBwA4v/S/AIClzIhVAAAAAICCBKsAAAAAAAUJVgEAAAAAChKsAgAAAAAUJFgFAAAAAChIsAoAAAAAUJBgFQAAAACgIMEqAAAAAEBBglUAAAAAgIIEqwAAAAAABQlWAQAAAAAKEqwCAAAAABQkWAUAAAAAKEiwCgAAAABQkGAVAAAAAKAgwSoAAAAAQEGCVQAAAACAggSrAAAAAAAFCVYBAAAAAAoSrAIAAAAAFCRYBQAAAAAoSLAKAAAAAFCQYBUAAAAAoCDBKgAAAABAQYJVAAAAAICCBKsAAAAAAAUJVgEAAAAAChKsAgAAAAAUJFgFAAAAAChIsAoAAAAAUJBgFQAAAACgIMEqAAAAAEBBglUAAAAAgIIEqwAAAAAABQlWAQAAAAAKEqwCAAAAABQkWAUAAAAAKEiwCgAAAABQkGAVAAAAAKAgwSoAAAAAQEGCVQAAAACAggSrAAAAAAAFCVYBAAAAAAoSrAIAAAAAFCRYBQAAAAAoSLAKAAAAAFCQYBUAAAAAoCDBKgAAAABAQYJVAAAAAICCBKsAAAAAAAUJVgEAAAAAChKsAgAAAAAUJFgFAAAAAChIsAoAAAAAUJBgFQAAAACgIMEqAAAAAEBBglUAAAAAgIIEqwAAAAAABQlWAQAAAAAKEqwCAAAAABQkWAUAAAAAKEiwCgAAAABQkGAVAAAAAKAgwSoAAAAAQEGCVQAAAACAggSrAAAAAAAFCVYBAAAAAAoSrAIAAAAAFCRYBQAAAAAoSLAKAAAAAFCQYBUAAAAAoCDBKgAAAABAQYJVAAAAAICCBKsAAAAAAAUJVgEAAAAAChKsAgAAAAAUJFgFAAAAAChIsAoAAAAAUJBgFQAAAACgIMEqAAAAAEBBglUAAAAAgIIEqwAAAAAABQlWAQAAAAAKEqwCAAAAABQkWAUAAAAAKOj/B5N0oN2oaZi+AAAAAElFTkSuQmCC" height="600" width="800" />
<img src="data:image/png;base64,iVBORw0KGgoAAAANSUhEUgAABVYAAAJcCAYAAAASBf/6AAAAAXNSR0IArs4c6QAAIABJREFUeJzs3XecVdW5//HP2nufMmd6Y2aYgQGGDtJsqBTBHjXW2GJQ1HhzzU3iDUluMInI9Sak2eIvN4nmBoMYuyhqIkZBBbs0EYYuDHXmTC+n7bJ+f5wzAwMDA4lSzPPOy4Q5e+211z6z/SNfnv0spbXWCCGEEEIIIYQQQgghhABg2rRp3Y4xjsA6hBBCCCGEEEIIIYQQ4gtFglUhhBBCCCGEEEIIIYQ4TBKsCiGEEEIIIYQQQgghxGGSYFUIIYQQQgghhBBCCCEOkwSrQgghhBBCCCGEEEIIcZgkWBVCCCGEEEIIIYQQQojDJMGqEEIIIYQQQgghhBBCHCYJVoUQQgghhBBCCCGEEOIwSbAqhBBCCCGEEEIIIYQQh0mCVSGEEEIIIYQQQgghhDhMEqwKIYQQQgghhBBCCCHEYZJgVQghhBBCCCGEEEIIIQ6TBKtCCCGEEEIIIYQQQghxmKyjvYDPSkOskaqWHWxp2sr21p3sbNtFfayBmBvD0x7o1EAFntacUXIKt46YiqEkWxZCCCGEEEIIIYQQQhye4zpYTbgJVtVWsnjH26yqXUNDvAGXZIiqUCilAFAKlFbJbFWB7dmc2GO0hKpCCCGEEEIIIYQQQoh/yHEbrFbWb+CJtU+zom4VaDBQKMPAwgSSVamu55IbyMFD02a3opTC8RxGFYxgdNGIo3wHQgghhBBCCCGEEEKI49VxGayuq9/IT975H2wvgWlYKKXRqSpVT3s4nkN+MJ8zS8eR8BK8veu9ZLWq1njA9YOvxjKOy1sXQgghhBBCCCGEEEIcA467dLE53swvProXx0tgGSY6maiilcb2HLJ8GVw14HIG5w1kyc53WbD1NTw0hlIk3ASTSicyMLfiaN+GEEIIIYQQQgghhBDiOHbcBasvbn6FXZEaQmaw4zPbc7CUxeX9LubLFV+iIdbA/ct/R1XLNizDSlWyanymnylDr+7ovSqEEEIIIYQQQgghhBD/iOMqWG2MNfHyllcJGH40oLXG1S5ji0/h2kFX0jurjFc+fY2HVz8CgM+w0IBSioQTZ8rg6ygIFRzVexBCCCGEEEIIIYQQQhz/jqtgdWPjZpoSzQQNP7Z2yAvkcsuwGzij9FTibpzfLn+I17YvwlQWBgYajVLgeA7lWb25qOL8o30LQgghhBBCCCGEEEKIL4DjKlhd37ABrT0c7XJm6Xi+NuQaCkP51Ebr+eVHD7C2YS2W8qEUe3qvao1G862R3yDkSzvatyCEEEIIIYQQQgghhPgCOG6CVU97fFy3BlOZfHPErZxdPhFDGVS31fCLj+5nQ+Mm/KYPrQGdPEcBESfGbSfcwuD8AUdz+UIIIYQQQgghhBBCiC+Q4yZYjTpR/IaPu8bewYlFIwEIR+q4672fs6N1J37DByT7qbanq1EnzuUVX+ZLFecexZULIYQQQgghhBBCCCG+aI6bYNVQBt8a9W8Upjafsl2bB5b/jm2tO5KbWSkNWndsaGUog2sGXMF1Q76CqcyjvHohhBBCCCGEEEIIIcQXyXETrKZZaaRZyR6pWmv+svYZPqxZSsBKI4aD0gq/6ac0vYRTeozmtJJTGJDT5yivWgghhBBCCCGEEEII8UV03ASre9vcVMWi6g84rWwCfdIK6JNeQo/0IgrTiygIFaCUcbSXKIQQQgghhBBCCCGE+AI7LoPVXhnF/HHiz1Gug9dWixVtQidstFsDroMO5qD8oaO9TCGEEEIIIYQQQgghxBfUsROsag8dbwU7CoEMlC8NDlB56mvajrf6Zbx1C3EathPTOrlplWGiTT9mXhlG2SisivGYJSegAplH+GaEEEIIIYQQQgghhBBfZEprrY/mAnRbGHvTYtxNi3FrN0MiCsEszNxemCVDMPuchlk4EKzAnnNiTXhNO9AtNXgNVbg7VuLursRrCUN7yAqAwijsj3/UpVhDL0T504/OTQohhBBCCCGEEEIIIY4b06ZN63bM0QtWPYfEJ/NJvPsIXuMOMIxkb1RloD0PhYfWoAwTs+dwfKMvwxpwFsoKdjmdbqvDDW/A2fAG9tpXIdoChoEGlNaYPYcRGP/vmL1PObL3KYQQQgghhBBCCCGEOK4cs8GqjjcTf+N+7BUvgGEm/wHwPNDunnHKQAFaaxRglp9IYMJtmCUjDjq/17idxKoXsD94DO3aKNNCuw4oRXDyd/CPvhqMY6cLghBCCCGEEEIIIYQQ4thxTAar2o4Qff57OJvfR1l+QCXDVA1G6TDMXidipOehXQfdtAMvvBG3en2yRYD2wPQRvPzX+PqN6/ZabngdsQU/xdu5BkwfaI12bQKnXk9g4rdBmZ//DQshhBBCCCGEEEIIIY4rx16wqj2if5+FvexZlC/VM9VzMNLzCZz1XcyKCfu/6u/aeE3bcTYsIrFiHrphB5gWaV95AKvPad1fMtZE7O8/x6l8DUwLDeAkCJ73X/hHXfWZ36IQQgghhBBCCCGEEOL4dijBqnEE1tHB/uQFnKXP7BWquqj0/GRIOujcrvunmj6MvL74T72J9Ov/hP/Ur6E9l+gLP0RHG7u9pgpmEzz/TqzBk8GxUYAyfcQX/By3bvNne4NCCCGEEEIIIYQQQoh/CUcsWPWadxFb9Buw/MkPNKA90i75OUbhoEOaQ6UXEpj0n4Su+DU60kDi4+cP7TxfGsFzf4QqGgCuC8oApYgvvBc857DvJR6PE4lG8TzvoOO01sRiMdoiEeLx+GFfpzuJRIK2SIRY7J+f27ZtIpEIkUiURCKB4zgHvL9DLXJ2XJdoNEokEiGRSPzTazwaPO1RHQkTdWL/8BwJ16YmUot3lPaJE0IIIYQQQgghhBCfvSO2g5O97AmINoGVqlZ1YvhOvwmzdNRhz2X1n0ToqgeJvfEg/jFXo3xp3Z6jglkEz72D6NypgAemH2fzOzi7V2P1HNlpbHV1De+9/z65uTm4nsf4M87Asiyam5t5dt48FixYQHNLKw/efz8VFf32u9aOnTtZvHgJb775Fp9u2UIsFiU/L4/hJ5zAhAnjGXf66QQCgYOut6GxkXfffY+MjAwaGxsZd8bp5OXlobVmxcqPeeWVV1j1ySc0NjYSCqVR0a+CiRMnMunMiaSldf99ALRFIixbvoJFCxeyfMUK2traQClMwyA3N4fCwh6kh0IEg0FCoRBNLc3U1oT51re+xdAhg7uc07YdVqxcwRtvvsl7771PfX09WmsyMzMZOmQIZ511FieffBK5OTldnr++YRMf7P6IDCudulgDo3uMZEzRwTcrA/hg9zI2NWwmYAaojddzQflZ9MoqY+nu5SwPr8LVDrn+HKJujDY7QnOiFReHkBWiKNSDQbkDGJo/iLR9qqZbE618a9H3ObloDNNO/A8MdXh/F6HR/N8nj7J4xzvcN/FnFKX3OKzzhRBCCCGEEEIIIcSx6YgEq7qtlsSql5IbSAFoDYF0/KP/8R6nVsVE0kJ5ybkO9ZziIZjlJ+JuXQamhVIK++P5+wWrn6xZzfe+9z00MHbsqUyaOJFdu3fzjdu+yepPVmEaJsow8O8Tjra2tvLInx/l//32/+Hz+Rg+fDi9e/ciEY+zbNkyli5dyhNPPMGECROYeddd9CwpPuBao9Eod/zoR0QiEUzT5MX5LxAMBvn5L3/J448/jkJh+Sy0p4knEqxcuZLnnnuOU8eO5eezfkZZaelBv4vVayqZMWMGH330EX369uWWm29mzJjRmIbJx6tWMXv2bN555x0yM7P4yle+guO41IZraWxqIh7vunpz3fr13Hv//bz+2muYpsW1117L2LFjyQiF2Lh5E/PmzePxJ55g8JDB3HXnnZx+2v49cuN2jMfWPY3PsNBa0y+n/KD30a6mLcyctY/jSz1jpxWfTC9gRfgTnt30AmlmGh4eXx14Fb0ye5Hw4mxq/JSF298i7sawlI8+mb2ZduK36JW157uridQS9+K8teMdLul3AQPzBhzSetrtaN7JS1v+hqVM4s7xWbUrhBBCCCGEEEIIIfZ3RIJVp7oS3VaP8qWqAV0ba9gFGJn/XPWeWXLC4Z1gWFgDJ+Nu/ajjZ3fz2+hYEyqY3TEsPZSOz+fDtm369+9PJBLlP775H6xcvpzc/DychE08ESc9FOo4JxKNcus3/p2lS5fy81mzGD9uHDm5OVimieO6VFfXcN/99zN//nwWLVpIc1MTj875M36/v8ulpofSKSwspKqqiqysLPw+P7d/93usX7eWWT/7GcOHDycvN4+6+joWLXqD3/7v/6K1x3vvvsu3vv0dHn9sLsFgFz1rgTWVa7n6mqtpaW7h6quvZsadPyE9Pb3j+KBBAznv3HP4wX9N5++v/5221jb+a+b3CAQCB2wPsHTZcm686SZaW5oZNGgwD/7mNwzoX9FxfNy4M7jummt4+pln+fGPf8wNN07lD7//HZMnTeo0j6s0AcOPaRhorTGV7+C/0xS/5cdv+jGViULhN5Pfq2VY+A0/Go8sXwYXV5xPcK+q1EsqLuRXS3/D1pYqNrd8yk8//DX3TfgZaakq6IZ4U7L1gYJ5G1/m+yd/+5CrVj3t8ejaJ1EoNNCcaDmk84QQQgghhBBCCCHEse+I9Fh1t36I2iuM0misfmcA6khcvhMjvy+6/brKwGutxWvZ3WlMQX4+jucCkJ6WzkN/fJjdNTX8afZsnn/uOZ555mnuumsmtr2nArGluYXmpmZefvFFLrv0EgoK8rFMEwDLNCntWcJP7/5vzjzzTEzT5KOPPmL+Sy8fcJ2WZZIWDKCUwjJNfvSTnxDw+3hx/gtcecUVDB40iB49ChkyeDC3/fs3uPeee9AagmlpLF++nNcXvtHlvNFolO99//vE43EKCgv54X/9oFOo2i4rK4uf/s/dZGdn85fHH+PhP/4x+f0ZBobR+bGpr6/ntm9+k3g0Sl5ePn/4/e87hart/H4/1117DV+68EI81+Ubt93Glq1bO43JtNJRSqE1eGhy/VkH/I72FjT8qcdJo5Qiw5cKvQ2FUgYKhTIsYm7nqtGyzJ5844Sb0NrDp/zsaNvJqto1Hcd3t+1OBrWGxTu732dz46eHtB6ANbVreXvX+/iNZMhbEw0f8rlCCCGEEEIIIYQQ4th2ZILVXWvA2FMcqwwLI6fnkbj0/pSJMveqgtTghTd1GtLU3IRlmgQCAea9MI9XXnmFZ55+islnTqS8d28GDRzIdddcTVFRUcc5aWlB7r331/TvIlBsFwgEuO3fv4Hjelg+i3nz5mHbdpdjLcvC9PlRSlHf0MDqNWuY9bOfkpmZ2eX48849h+uvv55oNEog4OfZZ5/GcfbfmOuT1WtYW1kJKL785S+Tl5d3wPXm5+dx1uSz8PsD/O53v2d3dfV+Y7TW/ObB3xIO1+B6Ht/59rcp793rgHMqpfj6LbdgWiau4/Db3/5vp82wHO0AChQYyiCuu/5+9hWy0pJdIZQCpbB1MhjPtNLR2sPVmoDhw2/sX6TdM6OYdF8GHh4GBltbqjqONcdb8PBAKzSaJ9c9h6cPvmkZgOM5PLr2SQyl2vNeGmKNh3QvQgghhBBCCCGEEOLYd0SCVd1WCx0VqzpZMRrsevOiz38xXjJ8IxnmKcPAq+9cNalJhnooRU04zPe/931Kig/cDxWSFZ4DB3Tff7O0tJTcnByUMti2bRuxeLzLcaZpkh4K4Xke8Xicb//Hf5CRkXHQua+68sqOc9dUrqUtEtlvzIcffpiqONWMHDlyv+P7GjRwIIZhEIvHWLZ8+X7Hd+3ezRNPPkEwmEZ6KMS5557T7Zx9+pRTXFyMz+fnlVcWUF/f0HHMNKw9D6WGoHnwTb7aRbwEPmWm2gcYhMzk6/65/mwc7WIohaUMuqqSdj03+UiQrJLNC+R2HKuJ1oJOVVkriw9qlrG5cUu36/lo93I+qV+DpUxQyfMbE82HdC9CCCGEEEIIIYQQ4th3RILVZClhe1ViKsGKNhxo9OdLGeDY7B2w6XjnANLn86PRuI5DaWkpp5x88md2+YDfT35+Plp7OI5D/CDBaloggOu6WKbJyBEjup07Lz+P3NxctAeRSButra37jfl0yxYsnwUoMjP2bwGwr4zMzI4NwnZs37nf8cWLl2DbNq7rctJJJ1JYUND9nOnpVPSrQGtNLB5jzZo9r96nmcHkk6I1Gt0RkHYnzQzi4aG1RqEIpHqstrkRLGViKIWn2ytiO6uJhGlJJL+rgOFjTI9RAMTdBLvadmMaJsloNPmfuWufwk1VxHYlakf5c+XjWMrCVMkKWaUU4UgYzaFvtiaEEEIIIYQQQgghjl1HJlhVZuefPRuv5ej0m9TRRvTer3J7HpidN0hq743quC7Dhg4ltNcmVf8sT2ui0UjHdSyr6/3DtE72ClVKEQgGyc8/8Cv7e687Py8vFf9BLLZ/aJufn4/rJgNIz+3+lfbGxgaUoZJ9Rv2dvyfP8/jgww8xTRPHcTj11LGYpnmAmfZap2UlA2CtcRyblr0CYF/qWdHQaROq7mT40jo2mVIkK18BmhOtWIaVOmZg7dMKoCXRyty1T6LROJ7DzUOnkJuWrKZ2PYfaaB0AF/Y5n6AZwFImH1YvZUN95/YRe3t354dsav6UATkVXFpxEY7nolDURutIuIfW2kAIIYQQQgghhBBCHNu6TvU+YyojH69xO6ojYFW4Wz/AN+DMI3H5TrzwxtQe7akaWsNg303eTdMEnewYkJ6ejmn+c/mz1prGpiY2btzEY395jJqaMIYyMEwDv6/rXe+VUjS1tOD3+zEMhXEIgaXnediOjWEkN2sKBPZ/jf6kE8fwh9//HtMy2bptW7dzbtywqaN36cCBAzsdSyQSbN68GcMwME2T1xcupLm5hfr6OjKzsgkEfAQDQTztEYvGicVjRKNRehQW8tHSpZimSVtbgtaWvSprU+/kq9R/Pb3heXqkFWAaFi1OK4YyCZpBDAyiXgzXswmZaeyKVKOU0SlcBTBS87X/xhNugqAZoDnewtr6DTxa+TiftmwlN5DNlMHXcU6fSR1LidhRmhLNuJ7Dl/qcg9/w8cTGZ7EMiz+unsMvxs1MVbPuEbWjzFn7OJYy+cqASwlZIZ7c8CymMmlONBO1ox3VtEIIIYQQQgghhBDi+HVEglWzxwC8bcuAZAilTAtn7avocf+GCmYfiSUkuTbu1g8gFYYlNxXyUDmdN1tSKhm9ag2G0X2gua+Ghka2bN3Cps2bWb9uPes3bqC+roFEIkbfPn3Jy8ujvq4Os5uK1faqVcMwaOvitf59ealz2u8hs4uerGPGjCEvL4+m5iZef+11bpjyNXwHWENzSwtvvvUGSilKSooZPnxYp+NtkQjhcDgZ5CpFbW2Ytxa/RSg9nfRQiEAgQDwexzIN/H4/juPiuA6bNm+mvLyc3r17obWmpGSf/rWpFrgGik9btlIdC2Ng4jf9+AwL1/NIaBu0h9YeaVYajfGmPefuN5dOVYyG+fE7/0O2L4PqaC31sXpGFozgrN6TOLXkREozSjqdGo7W4uDiNwNk+NO5oO85PLVxHqZhsrZhPR+HP2F0Uec+tS9tfoVdkWpGFZzASUWj2dy0BSO1qEa75ZA2vhJCCCGEEEIIIYQQx74jE6yWDMfWT+75QBl4LWHs9Yvwj7j0SCwBALdpB+7O1bD36+DaxSge0mlcsk9n6s/eoQdhO3bu5Kmnn+app56ioaGR/v37c8455zDl+q/Rq1cZpaWlxKJRrrv+a9TX12FZPiKRCH5/9xWMSu2/6dJ+YyBVaavw+/3E4jGyyeo0Ji83l5kzZ/Kd27/DR0s/4qWXXuaySy/Zby5Pax566GFq6+owDZM777xzv6DWZ1kkUj1iI5EIM35yJ+PGndFprYZhdAqJ24NfoOPPyc209pLaLAoUt4+6jX45fbq999XhSu5497/ZL1nVoFPhak4wD1CsrFuNpSws0+KagZczKL/rTccaYo04rk1+KA/DMCgI5HN2r4m8vv0tTGXypzVzubdgKL5UK4mGaANPbXwepeCGIddiGiaZvkxQCgXYboLmRAt5abldXk8IIYQQQgghhBBCHD+OTLDa8wTwBcFz97zqbQWJv3E/VsUZGOmFR2IZ2J+8CG4CrCDJxE1DMBtjn6DL87zk6+QqGTAeitVr1jD1ppuorq6hd3k5//d/f+SkMWP2ex2/ubmZtrY2AAKBAGrfUDFFKdWxadShMk0Tf2rDK5/Pd8Aw9ksXnE9Dw13cf/993PGjO2huaebcc84hNycHrTU14TB/+tNsHnnkEfLy8vjRj3/EWZMm7TePBqxUKwPLNIlEol32WG3vFdtxX4dE4WoXv9F1q4T9JatS9/tUJXu1emjSrBA/PPE7PLjyD6ypX4vjOvx6+YP84oyZXYadu9p246HJDWYTMJO/xysHXMqbO95Bo/m0eStv73iPM3uPB+C5jS/RlGji9KJTGZSXDGv9po+QGSTmxtHaoz7WQJ/s3od4T0IIIYQQQgghhBDiWHVENq8ysnti9DkV7e21I7thQrSF2IKfoY/Ahj5u4zbsj54A0097x008F7N0OEZ6553svb2rVA8h3GxubmHq1Juor2+gZ2lPHnv0Uc447bQue5w6toPjOHieJuD3dWyUtS+tNekZ6TiOs/+aDsAwTBTgui6WZRJK63rTLcMw+Nr1X+WBB36DUgY/+9nPuP5rU7j5619n6s238LUpN/Duu+/y3WnTeHH+fK68/PIuA9G0YJCyslJcNxmY79i5vds1dkfv86q8o50DjOzM0W7yD6p9nlQ1rE5WyRpAzIlQnNGD20f/O1n+ZCVvdaSae5f/FruLZ3B76y4MFNn+LIxUI97SzJ5c2Oc8bM/GUhaPrnuKuJugpi3M/E//is/wc/3gqzp6ryplkOnPSj5xCqojNYf3hQghhBBCCCGEEEKIY9IRqVhFmQROuprIhjf2+lCD5cfdsJj4678geNYPUqHnZ08nWom/+jO0E0eZe1VAahffkPM6eq62S4aYClCHVLH6+sLXqQnX4LN8XHnFlfTuVXbQ8Z7n4nkepmnt/xp8ilIKy/Lh2Dau309GF/1S9xVPxLEdG6XANEws68D9Yd//4ENm3n03U6fexDVXfQW/30e4rg6tNQV5+eTm5hAMBg96Pb/fz+jRY1i+bDkoxZrKdR2v/P+jbM9NVgunvnbHPbRgNeIm71uTDFLtVIhfEMzH9mx8pg8FRJ0YxelF/OTk7/P9t3+CpSxWhlfxyJq/cMsJUzqqXl3PZXekGo0mP5jfEawCXNDnbF7eugC0piZSw982/50dbTuJuTHO630WFbn9OsaGfEEyfZlUR2pw0bQkuu+VK4QQQgghhBBCCCGOfUekYhXALB2NVTYK9g3KLB/28nnEXvsFOhH5zK+r7SixV3+Ku+XDfUJVD0K5WP3G7XdOe3WoUuB5Bw9WtdYsXvI2gUAQlKKstPSg4xN2Asdx8fv9RGPRTj1H911DIpFItU7QhEJdV5/uzXUcbNvGMi00mniq/+m+wuFavjbla7i2zbe+eRu9epVRVFTE8KFDOWHYMEpKirsNVdt9+eKL0CoZsi5c+Do1NeFDOu9A2txo8g9KoVC0OIf2TDheAoWBAXjaI+rGgGQFrCb5fZrKxKeSf5cwKH8AXx92A3Evgd/w8fzml1my/b2O+aJOjJpIGIVBtj+z07V6ZpZwXq+zsLWL3/QxZ+0TvL7tTSxlcXG/CzoFyz7DR4Y/lOwZqzUN8cZ//MsRQgghhBBCCCGEEMeMIxasKtNP4Mxvdx0kWn7slfOJPv9dvNqNn9k1veZdxF6cjr3mNTA79+rUjo1/7A2oLnprOq6TqltMbU/fjUQikRqvaW5pPuhYn+Wjra0NpdQBq1UBHMehra0NyzLRGuobug/ktNap1/KTHQwSia5bLMx7/nls26GgsACf758rWh4yeDBnTz6LeDxOa2srj86de1jn19bWdnom/IaJpz0UkIxED63PbMgKptoGJPupJrzkvdfGGvEZJkol2wW0fw5wYb/zmFw2sSNcvW/5b9nU8CkA9bEGmhLNKANygjn7Xe/LFRcQNAKpThGahJdgUul4KnL6dhpnKIMsfxYajaEU1W1h3Pa2BUIIIYQQQgghhBDiuHXEglUAs3Qk/tNuADvWxUEf7paltM29mcRHj6Fb//FelDreiv3JC0T+cgvOxiWdK1VR4DkY+b3xj7ziABNoPJ0MwuKJxAGrSiH5yv6Y0aNIJBKYhsGbi97o6Iu6r3giwX333YfjOLiue9BWAI7jEIvHUCr5ans02n3lZiwWJxaL43kaw1BkZnbdPiAej2NZFpWVa5n/0kuEa2uJRCI4jkMkEiEajRKPxw94H3szDIMZM+4kKysL0zT54//9H08+/XS352mtefqZZ/ndHx7qVOEZdxKo1Ov8mv17rh5IQ6wJEwPQaA0+lWyD4OhEKppVJNwExl7XMpTBLcOmUJTWA609XO3y0w9/TWuijYSbIOElUFqRk+rHureSjGIm95qI7dkdm5x9ZeClnVoGtMsNZqPRKAyqozWH3N5ACCGEEEIIIYQQQhy7jkyP1Q6KwNibcLd+iLtzNcoKsKciUYNpgRMn/vq9JJY+gW/ExVj9J2HklKF8aQef2nPxmnbgbH0P5+P5uNXrAJWqVN0rGNUuaE3aRXej/OldTpWdnYPjOpiGiWN3v7HWBedfwL333Y/runy4dCm/+8NDfP3mmzq9Tr927Tpm/vd/M2zYMPr168fWrVuoqqqivqGBniUl+83puC52woZUyHig6tO9hdJDJOJxtNZ4nj5gIDx58iR+8+CDJBIJ7ph+B3n5+WRnZxPw+9GA3+cjEAwSCAQoKipi6JAhnH76afTt06fL+UqKi/njww/zjW/8G/X1DcyYMYPt23dw3TVXU7LPvSVsmzVrKvnT7D/x/PPP84ff/6HT8bgbx9MelmGitEerHe32vgEsw8TWDn6KACHVAAAgAElEQVSV/H03JpoppSdxNxWMq2Sw6u6zCVh2MIv/Oul2pi3+ET7DRzga5vcf/4nBuQPQWmMq84A9Y6/ofzF/r1pI3LU5qcdoemV13Vs3YAYwMFBKUR+rJ+JECVj7b2wmhBBCCCGEEEIIIY4fRzhYBeVPJ+3SXxF57CZ0c00yTO00QIHlR7fUEF/8EIm3Z2P06I9ZPBSjsAIjuwSsYLJXq2miW6px66twd63G210J8TZAgdHFrWmN9jyC50/HLDnhgGvctWsXruMQt2PYiURqo6kDbwRVUlLMr375S75z++1orXnggft5e8kSTh17Kj7Lx8erPmbZ8hVM+8//5Jqrr2LgMwP5rx/+kPq6Om75+q1MGD+eK664ggH9KzrmjEVjVFfv7uiT2tra0u1329DQQMJOYCdsGhsaiESipKXtH0gPHTKE++69l988+CDbtm0jHA5TXV2dbCMAmKZBMotUGEqhDINAIMC1117Dd779bUJdzDlm9CieevIpfvnrX/Haa6/z4G9+w5w//5nxEybQr29fQunpNDU28uFHH7Jq1Sf06dOHPz/yZyaM79zj1tMenvbQmGjAdrvuE7vfvceaUtWiKtlKIJUpGxg42iWgTOKeTUO8kaxA556pA/P6M3XIV5ld+Rh+08+Sne/x/u6P8Bt+PDysrp4loEd6Ief0nsTzm1/m2gFXdFmtCpBupZPcVksRdxPURuvJ7aK9gBBCCCGEEEIIIYQ4fih9sPfcP0du0w5iT96G27hjn1f1u+B5kNz+B0gGfiiFbq8+TFUkKmWkNnvqgtZozyEw8TYCp04FDrxz/YYNG3n2uXnkF+Tjug5Tb7iBQKD7CsOVH3/Mo3Pn8t5771NfV4dhmmRnZzF50llMvfEG+vVL9t90XZeXXv4rH3zwAYZhcNJJJzJh/Hhyc/f0e91dXc2cOY9SUFBITU0NF198IcOGDj3o9Tds3Mi851+gIL+AcG0tt9w8lfy8vC7HtrS2cu999/H4448zcuQoBg4aSElxCfl5eTQ2NlJdU82GdRtYvnIFjuNgmibRaITrrvsqM2fcecCg2XEcPv54FS/99a+8vWQJO3ftwnEcLNMkLRTijDNO58IvXcjpp43tckOuHa27qW6rxmf6cDyHolAPemYUd/vdb2r8lNZEK8owcF2Hvtl9yAlm82njVpoSzRiGgeu5DMkbSNDaf2OuuJtgWfUKQlYaPtNPuhUk4bm0OW30zSonO7B/OwCA5ngLm5q3MLJg2AGD1ZpImG0tO/CZPlzPpV92nwPOJ4QQQgghhBBCCCGOvmnTpnU75qgFqwBeYxWxl+/C3b4SLB+kemQejKZzJLrvz11fKFmJGZj0bfwnXgcHCMAOeE2tD/g6eFdja2vrCIdrSAuF6FFYSHp61y0Hjpb33n+f6Xf8iPy8fO66awYDB/TH7/fvN862bdZv3MjPf/4LPvjgfXw+P7FYjPkvvMDQIYO7vU5bW4SGxgaamppIS0ujID+frCwJFIUQQgghhBBCCCHEse2YD1YBdKyJ+Ht/wv7w8WTl6b6tAQ51HvYNWFP7yrsORmYPgl+agVV+6j+/4ONc5dp1XHTxxQwcOJAn/vIY2dnZ3Z7T3NzCjTfdxJo1a7DtBDNmzGDK9dcfgdUKIYQQQgghhBBCCHHkHUqwenilm58DFcwmeOZ/knbNbzF7jQLP6agwPax59v5BA64Nnod/9OWEvvpHCVWBeCLBnTPuxLYTTPvudw8pVAXIysrkuuuuxbZtTMOktrbuc16pEEIIIYQQQgghhBDHtiO+edWBWL1OxrxyOO6mN0isnIe7bWUyYFUmWqnuX8XXGnSq56phYA09F//oKzFLR3/+iz9ObNq0mVUfryIrK4u+ffsc1rm9e/XGNE0cx6G8d+/PaYVCCCGEEEIIIYQQQhwfjplgFUD50rAGX4DVfzLu7tU4Wz/A2fw2XnhzspJVJzewUp4LRnIH+ORmVQosP2aPgZh9TsEaOBkzv+LAG1n9i6qvrydh2/gDgUPajKsTBWiNZVkMGDjwoEM9z2PHzp3YiQTp6ekUFRUBEI8nCNeGcd1kRXJ2VhY5OTloramuriGRSKC1RqMxTZOeJSW0tLbi2DYFBQUANDQ24jpOx8/tEokEu3btwnVdcnPzyM3N6TjW1hYhHA4Dmry8vI4+r/X19TiOQ48ePQBobGzESc1dW1dHpC2Cpz0UipzcHLL36g/b1hahpqYGw1AUFRURDAZxHIfq6hoc1wGd7LfrD/gpKS7u+IuBeDxOuLaWHj164Pf5sG2b6poaiouKsG2HcG04+R1oTVpaGj0KCzv9pYLrulTX1KC1pqS4GMMwaGtrI1xbS15ubse9OY7Djp07KSku7uifG4vFqK2to2fPEgzDSK23muLi4o7NyFpaWmhpbaVnSUmn79d1Paqrq4nHYwSDQYpT95RIJNhdXY3WGjR42iMzI4Pc3Fx2V1djKNUxtqWlhfr6BvLz8wgEAlTX1OC5Llonn5mMjHQKCgqorq4mIyODjIwMAMLhMGlpabiuS31DA5ZloZTCsW2CwTSKi4sO+jwKIYQQQgghhBBCfB6OqWC1gxXALBuDWTYG/yk3oFtr8Bqq8Jp2oqONydDKjmH4Q6i0bFRub4y8coxQHliHGRj+C/H5fVimSSKRoLGxibLS0kM+t2pLFbFYjFFjRjNoQP8DjrNtm78teJUtWz4lNzeX+oYGRgw/gTMnTqChoZ6nn32W3Nxc8DSNTU186fzzqajox7z5L2CZJhkZmXieR1owyAXnn8fHKz/mo+XLufXmm8jIyODDDz+ipaWZKy6/vOOaiXic+S+9RHNrK6ZhUt9Qz+WXXEJ5eTm7d+9m3gvzsUwTy+ejpaWFyy65hF69ynj3/fepb2jga9ddB8CKFSuoravnyisu54033mTHrl3k5mTj2A7ReIwvf+lCevXuRW1tLU8/Nw+/zyIRT2D5fFx79VUAPPXss+RkZxMMBvA8j7ycXIrO7dERXNbU1PDMc/P46nXX0qOwkKamZp559jlu+Nr11NbWMv/llylKBb319fWMHDGC8ePGYRjJrh2xWIwX5r9Ia1srt0ydSm5uLm+/8y4rPl7JGaedxhmnnw7Ahg0bee6FF7jw/PMZNWokANXV1Tz1zLN86fzzGDZsGC0tLTz93HPccuONZGRmorXmbwsWsGVrFf92y80drSISiQR//dsrbNuxnZysbMJ1dQwfOoSzzzqLuvp6nnz6GXqmQl7P8+jXrx8nDB/GM88+h+u63HLTVLKysnjjzTepXLeec88+i7LSMp56+hny8vIIBPzYtkO/vn3Jycnhb68swOf3c+3VV2GaJq8tXMiQQYPw+/18tGwZbW1tJBI2uTk5FBcXUVx8ziE/x0IIIYQQQgghhBCflWMzWN2L8qWhcssxcsuP9lKOe0MHDyYnN4fq6hqWL1/O8GFDD+m8WDzOo489ijIUP5p+x0GrXVesWEFVVRVTrr+ezMxMqqurefyppxnQv4JgMA3taa649FIyMjJ4863FvLVkCSUlxTiOw5njxzN48ODkRBqUoQBNLBZj8ZK3ueD881CGQu2zTVltXR1bt21nylevo7CwkA8+/JCm5mZc1+WVV/9Ov759mXTmRAzDYNmyZbzw4ovcctNUfJav81xKpa4JCTvBqBEnMHHCBLTWvPDii7z7wfuUlpXyt1deYfDAAYwfN45EIsErC16ltq6OwoICtOdx4QXnU1hYmLwNrTtC0T2XUfh9vvZLdlSkep4mlJbGVVdeic/nY8OGDbz48l8ZOWIEOTl7KnB9Ph8+y8fOnbvIyspi586dBPwBPE+n5vFYtXo1JUVFLP94JcOHD0tWeZJsqfHawkVUVFR0hL3tHYobGhqoqQmTnZ3FuvUbOOXkkwBYvmIFu3bt4obU73TXzl188OGHxONxFGAaBldcflmn5yISiWCayarYuro60tLSqK4OEwj4k107UnvmffmiC5NBe4rnefj9PrZsq2LdunUMHToUT2s8TzNkyBAGDRrE22+/w/adO7jqiiswOu5BCCGEEEIIIYQQ4sg65oNV8dnJzMzk+9/7AdO+913uufdeTj75JAYPGnTQc6KxGHfedRdLly7lhz+c3hG2dUVrzfpNmxg9ck8Q2LNnT3qVlbJu/QZOGD4MZRg0NDQQi8UIh8NkZWZiWRYBn4+lK1ZStX178vX8wkJOPukkXE9T3rs3mzZvpqqqiszMTJobmztdNy8vjx6FBTz97HOU9+7FoIED6devHy0tLdTV1XH+ued0vA4/bNgw3nn/fWpqwhhGF6FcMu/Dsiyqa2pYs6YS13UJ14Q59ZSTaWlpYXdNDRecfz6WZWFZFpdfdikALc0tmKbJ4iVvk5GZgeM49Cnvw7ChQzqmV4aBRvPm4sUE/AEi0Qie1iilMAyFbdtUVlYSCATYvPlTevQoJBQK7fUdg8+yGNC/P7t276ZHj0JMy6K4uBjXdYBkpWtdXS3XXn01jz/1NLt376asrAxPe2Tn5OD3WSx5+21OOvFELNPs2Pnt41WrGDp4MBUV/Xj5lVcYPWoklmWx6pPVjBk9mqysLGKxGKH0EBMnTsCyLLTWeNrjtdcX4vP5iMXjnDlhPMFgENO0qOhXxrZt2wgGgwSCftJCQTzPTd2vwZtvLSYUCmHbNkOHDKFPn3IMw2RQ//688dZiSktLSQum4Tg2SqlkGJz6XysVTgshhBBCCCGEEEIcDRKs/ou5/LJLqK+v45e/+hWXXX4FP581iwkTxpOTnd2pl2dLayufrPqEe++7j+UrVnDXXXcx9YYbut1EzHUcLKvzY2UaJradSP2keelvr2AZBlnZ2R2hp+NpMtJD9CgoxHGSr3lDsrVAee9ejBg+jNdeX0hZWSmm2bkCNBgMcuXll7Nhw0bWb9jA8y++yIQzzqCiogKgU8WoUsmKV89zMQwI+PcK5zQYqbkNw6CpqZlP1qxhy5YtTBw/nhEjRlBTU9Mxz77aQ8bsrCzy8/NxXIfMjPQux4WCaaSnjunUpmtKKRzHZfOWrWzavJmS4mK+csUVHaFwcgzYjkPvXr1Yu34dqz5ZTc+SEuLxOO0JaeXatWSkp6O1Jj8vl6XLl1NWVoZCEfD5OOess3hm3jwy0tPx+/0YhoFt23yyejVjTzkFv99PpC3K7t276dWrF4l4HF8qxFy/fj1L3nkH23a45OKLCIXSUSjy83IJBALYto1lmmitcV2Xvn36sGHjRhK2Te+yXtQ31KeqVTWe1mRnZ5Gbk4tt26SlBYFkH9pTTjqJDZs28sZbi/E8r1MI3v7VJz/v/CwIIYQQQgghhBBCHCkSrP6LMU2Tf7v165x88snMfuQRfvzjnxBKDzF48GDy8/Lw0DQ3NfHpp1toaW5mwpkT+Z//uZtB3WxYBclgsLRnT9ZUrmPMmDH4fD5aW1up2r6d884+G8MwMJTBJRdfRH5eXkeoF4/HcR2H4cOG0T8VhrbTWhONRDlt7FhWV1ayctUqhg4a3GnM2nXrqNq2jXPPPpsRI07g3XffZdXqNQwfPhx/IMDGjZs6NqjaVrUNx3EoLCykJlzLzl27OuaJxmNoLxlyJhIJBg8ayOmnncbrCxdSuW4to0aNJDc3GSDu3LmT/Px8tNa88soCBg4cQFFREdrTnHLKyR2bSO1Lex5KGZx66ilkZWXR0NDA2vXrkqGs55GWlsaXL7qQbdu28fz8F6murqa8fE8bDA04rkN2TjaWafHRsmVc+uWL2bhhI5bPwrZt1lSuRSnFiy//Fcex2b59B5FIBJ/PRzQWpbBHIRPGjWPB3/9OeiiEZVns3r2baDTGmrXrqFy3nkDAz/IVK+jVqxcDBgxg3Yb1jBw5ghEjRlBcXMJfnnyCRMImFNKgFKeeemqnkLOlpQXHdcnNTYamK1et4tKLL6amNpxqBZD83Y495RRC6XvCZ9d1cT0PlGLCuHH8cfYj2I5D/359O30HQgghhBBCCCGEEEebBKv/osaMHsWY0feza/dutmzZyrZt22hsbCQtLUgwmEbv3r3o17dvR6/QQ3XSmDFs3LSZp55+hr59+lC5bh2F+fkMHNCf2ro6NMkK02Aw2HGO1slw7qOlS9m9uzr5SruGk046EcNQxGNxTNPk7MmTmT1nDvFEotM1S4qKeenlvxKJROlZUsyyFSsZOXIEoVCIsyedyUt//RstrS34LB/LVqxg/BlnkJ6eTt8+5by1ZAnzX3qJ7KwsVq9ew0UXfglIBquJeBylFOPOOIOHZ89m4cJFnH/+eZx3zjnMf+llwrW1NDY2sWnzZsaOPRWdeqX/zbcWk5OTg+s6pAXTGDNmdEfFp6c12vOIRmNkZWXhOE5HyOh5Hq7r4Louffr0YcQJJzDvhfncPPVGMjMz278sYtEYwUCA0p492bh5E/l5eayMRCgoLGTr1q1Eo1Fuvflm/AE/juPw50fnsvLjVZT27InjuHiuy7BhQ1m+ciV1dXXE43He++ADRo0ayZkTJqCUora2ljmPPcaExkZOP20sc+Y+xuNPPkVF335Uba9CKUVubg6e56G1x8KFiwgE/DiuS3FRET179iQejxMMBijq0YPd1dXk5efT1tqG53kkd6DTLHrzTbKysnFdh8yMDIYNG4b23FTLgXTOnDiBv76yIHVOkuu4OLZ9+A+9EEIIIYQQQgghxGfIvOuuu+462osQR09mRga9ysoYNmwoJ544hpEjRjBs6FDKSktJT9//NfbuBINBBvSvIBqLEa6ro1/fPpw5cSKBYBDX9bAsk95lZR1BYzvTMLEsi0Qijut62I5N7169CPj9ZOfkUFBQQCgUIj0UoqCggKJUBWr7NftXVFBXW0ddQz3Dhg7lxNGjMU2TwsJCykp7Uh2uJZ6Ic8ZpYznhhOEopUhPT6d3WRk14TDRWIxTTj6ZwYMGoZTC8zyKi4rIzc3FsizKevakvrGRstJSioqKKCkqZsfOnYRCIc4/9xwKCgo6glUU2HYC23YwDEVZaemejaK0xvL56N2rV8cr/kopynv3xrIsgsE0epWVYRgGPXuW4DgOoVCI7L0qYA3DoGdJCZmZWWRkZFBR0Q+NJj8vj3giTr++fSkt7YlhGFiWRU5OMrgsLCwgLS2NkpISfD4fPUtKCAaDFBcX0dzSwomjRxMKhTAMg1AohFKKzIwM8vLyGNC/Atu2qQmH6dGjB5MnTqSwsLBjEypXezi2TcJ2CKWlUVTUA9M06NunD1lZmeTkZNOnvBytNSXFxWRlZXdUuNp2AttxME2LstJSDNOkuKSYjPR08vPyMU2DstLSjipgrTXZ2dkUFxd325pCCCGEEEIIIY414XCYJUuWsGjRIhYsWMDatWupra0lOzv7H/r/4f+M5H4qP6R379707NnziF5bfDHccccd3H///Tz++ON88sknnHXWWUd7SZ+ZV199tdsxSrcnI0IIIYQQQgghhBDicxGJRHjsscdYvHhxx2f5+fnU1dV1/Dx+/Hi++tWvdtrE+PP00EMPsWTJEsaPH8/Xv/71I3JN8cXxne98h+XLl3f6bPTo0TzwwANHaUWfrWnTpnU7RoJVIYQQQgghhBDimFTJ7CmzqLrxHmZM7qpNW3fHDy68cCbTFo/nnhmTObyzwyycOY2tV81h6pDuR1fOnsIspjPnUAZ/QW3dupVZs2YRiUQYN24c5513Xqf9NLZu3cqCBQtYsmQJoVCI6dOndzr+WVu8eDHz5s2jtra247OCggIuu+wyxo8f/7ldV3yxDBmy59/pX/7yl/zgBz8AoLKy8mgt6TN1KMGqbKkthBBCCCGEEEIcyxb/L7P3yynCLJw5i0VHYz3isEQiEWbNmoXWmrvvvptbb72V8vJywuEwa9euJRwOU15ezq233sr06dPRWneEsJ+HuXPn8vDDD3cKVQFqa2t5+OGHee655z6X6+4RZuHMKfs808nPpsxcSHjvjytnM2XKbA4a04UXMnPKTBaGDzbo6KicPYUpU/b9p5v7+WwufGjXOdRxXXjnnXdoamqiqamJCRMmcPbZZzNhwgSampp45513/oEZj0+yeZUQQgghhBBCCHEM6z1+PFXvVcJe1WGEV7GYSUyqWETVXmMrZ09h1t5p66T2StFKZk95j/Ibq3jkkU1QcSM/2qcwMXluBTfeM4PJhSRDl70mmzR9DlOHJKtVH9kEzJqSrJY9YRUzp23lqukwq338pANXqB54jdBehbvosI8du+bOnUskEuHuu+/uqEKdO3dup/6NgwcP5vbbb2fIkCHcfvvtzJo1i7lz53Lrrbd+pmvZunVrt30jn3/+eU488cTPsWK2kJLe8Mh7lUzteKZr2bqpgoqKxawKT6a9ALvyvUUwaTrH/m/5IPZ5TitnT2HWzPJ/oFL82PLqq69y8cUXc8899wDgui733HMPO3fu5NVXX+X0008/yis8MqRiVQghhBBCCCGEOJaVnMD4qvc6VZWFVy2G8WPZO/qqnD2FWVU3cs+cOcyZM4c50yfBoll7VQYu4pGtVyWPzZhMXpfn7h2qwvT2ue65kapZM1kYLmTyjHu4sSIZtO5pQbCIWU+Vp659DzdWzWLK/mW23awxWYVbdeM9yWOpeWYuDNMeqjJ9ThfHjl3tG1WNGzeuy1B18ODBpKWlsXbtWh566CEg+Xr1uHHjWLJkCeHwZ3t/CxYsOKRxe/eB/TwMGTsJqnbtqU6tfI9Fk67iqt6b2NpRSBtmVxVMGntcx6r7GTJ2EmzaSm33Q495F110EbZtd/rns/7LgGOdVKwKIYQQQgghhBDHtEJOGF/FSx1Fq2FWLYbxtxXAXvnXkKlzmLP3aUPGMmmfZgFdhVS1C2cya9Ekps9pr6ALs/CpRUyaPmdPpWDhZG67cTHTXqpk8tSCLtZYwY23tZ9fyOSrJvHIrPeo3Kei9KBrrHyJRzZNYvqM9rC2kMkz5jAZCC/8XxZNms6cPQti8m03snjaS1ROnnrMVjQuW7YMgPPOO6/js/Hjx1NbW8tll11GeXk5S5cu5YEHHugY2z5+yZIlLFu2rNO5/6x9X/8/kKqqqu4H/TMKyqlIhYuFQHhXFRXlFzGkZBKzOipZk1Ws5e2PW3ghM6c9wiYA9qqs3k/nyuZkpXX7FDOZ9khyBipu7KgaTfYBvpEbqx75/+zdfXxU5Z338e88JCSBBJgkBEswQ0PQYHHX4ArIRIpFaW9r1e7W8NCl0O7a3kiRNS1bVApWW3tTcaEq3brtC5ZbwsPeW7W1L4u1UkgUsYBbKVAClCChPGWCEEhCMjPn/uPMcybJTAhkQj7v1yti5pxzneuc68x1zvnld65jZmNrshatHa/3guVM1qK1oeOsvXLi0TYLt/36BsYzDqwqvB7RYxd3NGZyZJZ423134u0n9Yx/JYVxjtl87733av/+/Tp16pQcDvPPNPX19Tp37pzuvffeDpf1eDxq9XjanZ5it8tu7x0hy95RSwAAAAAA+rDcMaX6KBBZPbNHlSrV3FxpT4x5I4I+kiZ3VPDhNXrmsKTJD4YFeup09LC05ZlZbcdwbbew63VdeCwmp0CFqtSJM9J1cdbxzImPpMJSxQrb1pkV0qz4K5QUjh49KkkRj9UXFBRowYIFksyM1kAWaXZ2dsQ84ct3lz//+c9xzXfFA6u5Y1RauEbv7Z+j4uLAHwpyJRWocIsZkC8+c0IfFZbq87mStF+ry9fo+kVrtcSMKmpW+WpdtzY6qB6W9Xxnrj8Y+6TeXr5Ed9atVvma67Vo7RIV+wOW5auvCz2mv6VSWr5Wa3PNac/MMjO25/gDn5ve/rwZcNwfXo4ZtIwoJ1r0cVs4W8uXBEO07dc31/yDwprrF2ntkmIFgqzBesRr/2p/lnhYEPn1/bozWN8tqtRyrV2b689UX6W3x7QXtDa99NJLmjBhgiorK3XmzBmVlZVJkt544w39+c9/1t/8zd/opZde6jB79dTJk+1Oy8/Pj3/7ehiBVQAAAAAAkl3uGJV+tEpvn1miMWYUqk1WWihYOdkf9PE/Pt+hUGbe6vHhmXLRmXMRa+ryZnStjsEK9YoxVcPV1dUpJydWqNh8c/rKlSvV2Nio7OzsYLA1IDs7O+4M0+52pV6cFWKOs1p54oxUXKejh6/X+FxJGqPSQjMgnxN+nO9/T1sKZ2t5oPmLP6/ZheVmYDZ8957Zo8rDhf4graTcO7Vk7Z2SpP2vh2eKxsiqnvygP5ho1k3Xj/fPm6OCQgXHMt7/3hYVzl6uUFVmq7DcHwyOtalRx+2Zt59U+ayjZubpmT2qPDxZDy4J1ffByWu0ac8Z3XlnrnLvXBKW4W3+wUNRYyN3qniO1i4Jrl0nPpJ0fUQF9WAgippToEK1H1Q/fvy4XnvtNd14443Kzs7WTTfdpPr6+uAwFpJ00003KTs7WyNHjtSqVat03333adiwYRHl2O12ZWVl6fz5823WkZWV1WuyVSUCqwAAAAAA9AK5GlMqrdqzXwpm94UHOM9oT+XhDoKh7SgsUI6K9fnZhSp/ZrXGr52jYn8gyQx6xZsZ95EiZq87qsO6Xg9GLN5xHXOvuz449mT0WnPMCumMinvVC39ycnLazRKtrKxUY2Ojhg8frscff1wZGRkR091ut4qLuy+QnGj269GjR6/gC6zMsUYPv1fnH191vOZICh3nZ3Td0cO6frx/cIoTH0mHt6h81pqIMgpPnFFEinPM404KBBQLS2MHueNnlnN4S7kiq1KoeL8uuXc+qMlrnjGDwjqqw9qiZ6JTsSf7vwURL5ArVGFhV6ocOYRCl8rw2759u8aPH6/c3Fx5vV595jOf0eHDh3XSn306dOhQFRYWyuv1qqioSIMGDdL27dv1D//wD23KGjRokBouXJDh8wU/s1itGjRoUNcr2AMIrAIAAAAA0AvkjimVyp/RmsLZWt5OAOejYHTHfMR4i+J7WD73zrmaXVmuZ814G8sAACAASURBVFaP19o5xf5svvBHgs3HkCtLl2vJnbFKOKw1wceLzTFaA1l90a+wareO/izE8EedQ+NImsGoVW+PCU7raEzJZFFQUKCqqqqYQcoHHnhAxcXFuvHGG9sEVWMNIXC54n1xVfj8V/RFRDkFKvzohPYXmOOrBuRed70Ov7dHJz6arPFzQp+psJ22Dv/7QtgQFJFBTjML9fDRWGH7RJjlFJbGNw5pp3IKVKjJerDNkAZS+PfIXJf/O5jgKva/vkaHw7Jmze9U1xw6dEhjx46Vxz8+akZGhsaMGaMxY8ZEzBeYPnjwYB06dChmWVarVQOzsvTxxx8HPxuYlSWr1drF2vWM3lVbAAAAAAD6qtwxKi2UCkvHxAgNmS9z0ppyzZo1S7Nmlevog8s1u1Da8l50aDNm4bpz7mwVbnlGq/dLKp6j5bOlNeWzguVVBoNJuRpTWqgtz8zSrNWBsgs1WZuC8665flGMwFNndczVnUsW6frg9Fnm2JBziiUVa87y8GVnJX1QVZJKSkokxQ5qbt68Wf/xH//R7rTw5S/X/v37VVVVldAygYDwFZM7RqU6qveOSqVjwlqxeLwmf1SpShWEklGLx2vy4TV6PXC4nXlbT86apdXRh3buGJUWHlblnkC0db9W++crHj9Z2vKeP9BvBi01eXzCLz4rHj9Zh9e8rlBVntSsWavb/AGhPWfe3qQtmqzxxYH6btGmtyPr++TboWixGQyW/+VuoXJyCgojtmdPZdjEaB+dMOPPZ97WpjbjFMfn7NmzslqtamlpSejHarXq7NmzMcvMysqSxR9ItVitysrK6lrlehAZqwAAAAAAJKVizVm7Nuz3XN25ZK3ubO/3sPEkg8KmR5Ylc/zGOyM+iFi+zfT2lj1zQpJU8PklWjsnxlbMWRsaJ7KTOga2OUYxsZdNcrm5uXK5XKqqqlJpaWnEo/3795shsegXRQWCoC6XS7m53RM2XrFiRZeWe+aZZ/Tv//7v3VKHtnJ13fVbtGbLZC2KaPAcFeiwPooYR9gMrD9ZPkuz/J8Uzl4uf4J0RJl3Llmko7NCj+oXzl5uvvBKc7R89pMqnzUrMMEftE9QcVQ5KtTs5bEyTv3avHQtfP629dXkReaLrCR/5rh/+cmLtGjyFj3jz7oNDClgDiNQqNmzJytWOqs5BuwacxiFwtlaNLtQz3RhWI2zZ8/KbrertbU1gaXM8VTPnj2rwYMHt5lm9T/6f7a+XoMGDep12aqSZDEMw+jpSgAAAAAAgF7qzNt6srxSpcs7fpN4X9XY2Kh/+Zd/kcVi0aJFi4KP9x89elS7du3S2LFjg58FXmhlGIb+7d/+rc0QAV318ssvtwngxuP666/Xl7/85W6pA3q33//+9zpw4IDGjRuX0HI7duzQDTfcoE9/+tPtznPy5EkNHTr0cqvY7crLyzudh4xVAAAAAACAKyQjI0OPPfaYfvCDH2jx4sUqLS3V3XffrYKCgogg65tvvqnKykqlp6frscce67agqqSYwdGjR4+qqakp+Ht6evoVfVkVereLFy/KZrPJ6/UmtJzNZtPFixc7nCcZg6rxImMVAAAAAADgCmtsbNTLL78cMdZpTk6O6urqgr+7XC59+ctf7tagans2b96sdevWBX+fOXOmpk6desXXi96purpay5cvlySlpaWpf//+yszMVP/+/ZWWliZJam5u1sWLF9XQ0KCLFy+qublZkpn5OWrUqB6re1fFk7FKYBUAAAAAAOAqOXPmjHbv3q2jR4+qrq5OOTk5KigoUElJSbeNqRqPxsZGvfTSS9q9e7dKSkr00EMPXZWALtBbEFgFAAAAAAAAgATFE1jtfa/bAgAAAAAAAIAeRmAVAAAAAAAAABJEYBUAAAAAAAAAEkRgFQAAAAAAAAASRGAVAAAAAAAAABJk7+kKAAAAJMq46NalbS/IU7NDRuPZzub2/2u50tW6BlhkHXid0u/7P7LmjuzpygAAAABJjYxVAADQ6zRvWaHWfb/pNKhqGIbMgCpB1fgY8p37qxpf+VZPVwQAAABIegRWAQBAr+M5sj2u+Qindo3RcKqnqwAAAAAkPfvFixd7ug4AAACJaYnz+sVCaLWruEYEAAAAOmY3H5EDAAAAQrhGBAAAADrGUAAAAAAAAAAAkCACqwAAAAAAAACQIAKrAAAAAAAAAJAgAqsAAAAAAAAAkCACqwAAAAAAAACQIAKrAAAAAAAAAJAgAqsAAAAAAAAAkCACqwAAAAAAAACQIAKrAAAAAAAAAJAgAqsAAAAAAAAAkCB7T1egXdUVmruiSs7pT2lhaXbH87ortWzxdk14aqE6m7Vbl70K3JXLtHh9TdsJzul6amGpzCpXq2LuCmnBKs0YFVgmXwtWzdCodstsf/qVV62Kua9qeJLu86vGXalli9crRuuaXAu0auqppD4+E2Mep1WxJrkWaNWMHjoaK+Zqhcz1uyuXafGx+3umLtUVmvvq8LDv9VWvgCrmrlBtu31uZ9M7KrpCZhcVb58TdqxE9HVJwn9+ast1mf1qkm93L5by4JtKG57ZdkL9r9Ww+uluWUfanO1KUXvlPaGM8nukP01Q4+ZuWV3CUh58U2m5B9X84sNq7YH1t3s9E9X/uyuXafH2CVfg+HerctliHbvfvFbq/bq3z05kv/foubJXa+86yKnp18R1HgAAfVOSBlbdqny1Si6XS1XrN6u69AoGALNLtXBV6ZUqvXvECDpVV8zV4mVq/wLYWatXl1Xqa9HTqyv8Nzb5V66+iE/EsdfeDd+o5D8+ExLr5sG80Vg2vAsBu24wasYqrbrqa01i23+uiryFUcehW5XLzJtB59WoQ/VOVSV7YDFG/dyVy7R4bkXXg6u9Ybt7szZB1DKlP7xAmXPUbcFVdKLN9Yx57ptbEfo8u3ShrqnT3pXWTX02+/1qaXsd5K5cpsWLK5TXYwkPAADgciRnYNW9T9trXLp/4a1S1QrtrJ6hUVFXGtUVcxVIGHK6XOFTzGzIBRO0fYU/G9A5XU8tzNPm4F+Jwy5qIjJW/ctOz9f69YG/J19uBtKVMWrqdDkXH5NbaucGfIIm5G/XPndpxMVb9U5/wDpm2mASicoIcy2IDDiGt79/BvOmLFZmnLtSyxYf0/3+zyKzZpI8SyD8+JR/OxZIKwIbH8xqDWS+Rh2vnezH5DBKU6c7tXj7PrlLAwEl82Y71ExRwaaobN9gZru7Ust+Lk3IX6/1VZJcC/TU8FejsnAiM7wDGatPDX/Vf1ys0Nxac33uirl6dfgCTdi+wl8X83jJ2xzW/0RkA0Vlo4QFEcwMnwmaXrs+uF3BZcPaafHcYz3a5+RPmKDandWK6HTd+7RdLrmcVaqVYmf6J5CVWl0xV68On6789euD+8oVkXFv7qDFc9f7P486Hnoww7kj2aX3y7X+VZ1yS6Oypc6Oh59rQnAf3HqnUzvfjt7u6P4q/PtdrYq5OzV8eq3Wr6+RnNP16ITteu7Y/VqgFQp1Eas09VRYGRH7Lmq/Kvx4juN82N73MFi/2NuePDaq6cUiZZTfo4ypT/szSc1gqz0tNJdxbIUubNpo/lLyogZMLpEl1jRJ0k3KKN8um/83b3SG6ifWK7PcH+pq3h2VPWpmtQaWjS47bc52pTjCygoLFKfN2S7rxd2yDi+RRQ3ybLlbTbvDy2uQtz7xPXTlZat04QIdm7tCFbeGHfP+PltR35PY34vo83isYy87dKyvmBuWxdlB3xJ9PhkzRtozMOI7cOWya+MXV58d0CbbPvSdjt7v7Z2vQvs+dK7MVkdtEkdf0lm92jt3Bja3o+OhF1wHZY+eIKeOBX8Pf5JGUuQ51x37iQnn9Ke0MG9z+9OS9kIXAIDeLykDq+5921Xjul+jNEpySSt2VmtG2AVjdcVcraidrqdWlSo7cFEspyYE56jR+lcn6KlVq5Ttv8BePNep6U+t0qps//Kbq1Ua88qqRuu3B5Y1y15RcWsS3hB2bvSt+fr5PrdKw250d1a5dOsCJXdgNRigWWVedLsrtWzxMlX6L5Qj2z8wf+Cm7Fa5FBmMDx1PYTcOqxaGlu1VWQJVWrFzgVatmuHfLys0t8rl31fm8fpq5dSwYF37+zF5mduxfcJTWrXQHwqtmKvFFXn+72G1KhavV/6CVVo4SubvcxerIm+VZmRLqllvLrvKH6KtjG+t2aUL9ZQiH290S6pZ/6omhPcdi+fKOd1ffnWF5q4IZNWHArarRoW2Y1ll2A1N1XodC0yvrtDcFT9X5eiFKh01Q6sWqIeHAvDLG60J2zer2uyBJZnfIU24X8O3+2/Ss0drgnO9tof1L9U7zaFb4v0e1azfHtyv7splWryiQreumqFRpQu1Ki98WAR/H5+/QKsWjlKsDLfk1PnxEL4PJOmrN0cOBxEatmVhqP+KyIit0vpjC7RqVSBYu938Y+SCVTK7iGVavGKuqlz+edyVWrb4VVVOXajS7Oj9Glif/5jMljo+H3bwPRwVx3chaTwtX/09sg8skyQzqNr4azW8aAYszSEEvqb0ko1moHJyiXzBYOkTyihfoIypG0PBU0e2jC0T1LDbv+yn1itt83Q1+yfbHFLr8glqlhkMTXv4RenFh9XqD6paj61Qw6aNwbIHPChd2LTRDKpm7Fbzcn8gdup6ZX4qPCAs2YY7gmUrujx/QDhYkaQySre6pFdDf5GIEP096fg8bmZq1k5/SqvCAqfLKp/SwoVPSRFPhsTRt0ScT8zjOnR94da+7TVy3b8w+ftsyX/OqdX0p1aFBTxXtH+N2975Kta5stNrqw76knjq1V5dsuV/EivUT0asu5dcB7n3bZemfy2+8+eoGeY1YGBZ/3ni/tJsSR1NAwAAV4rVMAwl188BbV5fI9fYIhmGoaK7p8lZ9aq21YWm76ySXPe55DAMGYZDrq9Ok1MKliGFTy/SWJck131yOczpRWNdUu1J1YXNH3tZh4rHOyPmvfo/khT9WZ22/Xy9alxjVRRWb0UvUzRW+dv3hup+YKeqXGNVFJy959q5/fXXadurVXI9Mj24bYbDpa9Ok9ZvPmC23/QX9eK3A21kbqcruP1me1ftPBAsb+/2wPF0QJvXS9O+Gr7sdD3iqtKr2+p6dH8YhiEjog1j7yvJqWl3F/n3S7HGOyXntLv9+8o8XmuO1cW1H5On3c3vvHN8sdkuBzZrvabpqy5HcJ6i6Y/I5e8H6ra9qirnNN1dFFi+SNNffFHTi0L7aHyxI6z8tt+hiO+LwqdHzasYfYdcui9Qt6KxcqlWJwP1cj0SrEegb9L6zToQKDu83kVj5VKNjtW1X8+eaB8ZDhWPr9XOA4HP67R3u8x9Gtxv/mMt2L8c0M6q6P0e/hPV50TtV0fxeDn9+7HNvjiwWetrXHpkelHEfo08L1ztn9htdaBihaqc41XsiPd4MOeNXa7/XBj2HXa4vqppzlB/JSl4rgwuH3aMmfs1us8IHHMOub79ol6cHlrenD++82FH38POt70bj9du4L3YIEv/IpkZrBMihgVoPXRQ7a/paTUuj8pIrd+mpt3hy2bLUhK2rj+FgqzNf9wtI61I9hIp5cE7ZGverUvBDNWn1finGlmG3680Sc2rJ6ghPLt18155o6tTvzcUN516k2yqkSdQ3u6HdelYQ1z7I9zV+N4YhiFHfuDcFT2for4nnZzH/f1FsI/2H+ffDvxublTcfUvk+STq+qJur7bXuDS2KNH90M3fgbj6bHM/vfjit4P9bvD6OOb5Twmcrzq/tpI6uLaOp17t1sW81gldBwXKm66ipL0OqtH6xXM1d27oZ/H6mrDj34i6Lgm1dZvy6rbp5+ulad8L28Z4pvHDDz/88MMPP3H/xCP5Mlard6nKOU3fC/zZNnu0xjs36L1AZpT7lGrl1PjwP75m53U6Yqgzvxf/tbZqpR6OzjB1TtP3pnf2t+1RGpv/WnA4gOpdVXKNnS5p1xWqaHdwq7ZGqlr5cNvB/V1Rc1b+SN/dUNNm8qixLmnlLlVPH6VR7n16r8al+0bJf+zUqOq7D2tDVNHOad27FVdTfl6sYzv+/Xh11WhDzP3/PX3bn1HhPlUr1VTpuw+3mUvTJLlra6T8+3ouQ8iZH3PdbnOHt/2u9uwO75Ls0eNV+6b/0VL3Pr2n8fpqtrQvah7nhlpzOBL3KdU6x+vuK9Ao7lO1knN85D6Po8+/4mo2xDhGXXrkRTPbtPpyj4dY5zplKy/hDc9XzC4iTPX6h7UyWE+nxsdTvQ6+h9fCdyHysftAQPJptR67Q2mf2q7MT6kLL75qkHEm7NfdJ+SbXCJLrmTrnyk1noh8qdSZehlyRJQQ/RKuNsHVwHwDs6XmgxHTW8+5lZabQHWTUSfn8Zj9RbtFJd63jBrrkl47JbdGKdtdqxrX2KR42iWePjvIXakffXdD6MWZl/u17K5rqy7Vy7zWyb+vN10HOTXte9+OzJitXq+HV76myru/nUAmbbXWf3eDNO17MZbpaBoAAOhu9ngjsFeHW5WvVUk1anvDWvOmql3TVGSE/9U2cpbIz6Kmt4k2R0ag21vWCP+r/OVuXhcYhiTXI3phWlHMiZF1MusdXueisfla+Wa1XNOkXVUujZ1myDjY3vJXV6w2DHA98oJib7Ihd+WzWrKxRpJLj7zwLRXpoDbMW6lguxWNlUsrtat6mhwn31ON676wzF6nyp78VswLzZ79LhhhGQrhH4cdn4o+VtsuE/1vR/uxZ0Tu/4Mb5mllVSi7yKybJGeZnvxWrEfiDYUO3xjbEOP73P53OHJfRy4TNWesviPW9A6+q+646tFzfU2IIcNRrHG1q7Wt7lsave89adwcM9NICvWljmKNc24Ifs8i5mm36Hb2W7v9sCF10Ad31Idcce0do+H17PLx0N65KWwd8ZyvwiYE+4qwZczvn39bXihVtrtSzy7ZEdf5MFSVdjvxOM9bXWfpfJa42Ppnyrho9izBgGqz/7H7khc1YHJoO1o33R3xKH5m+T0xxlntfqGAao1al9+tZv+j/ldad54r2utfJTMY7xzmUMT5Ldb3v5PzuDn0S3v9aOTx39H1Xexzrszri5rXtLfOpaG7quQaO62Hrx2kuPtsd6WeXbJRNTKvDb5V5O8DpM73e/i6jKi27PTayh2xrL9KofITqFfH587Yeyf5roNi9OtFd6nMuUTv7a2TK2wntn+OdKvy2ZWqcj2iF8Kun0wdTQMAAFeCtacrEMG9TztqnCp78gW98ELYz5NlcqpKuw5Kyh6qfNXoePhLGNwnIwfnR0jRWLmqdungwV3mMAA9XZ9OOTTMKdWedLcz3a19O2rkeuQFvfDCtHa2x/+43q5Kc96x/rliHTvXrM72Y3IomvakypxVWvlspQI1zR6aL9UcV3vN5DA3TMm2Zclar67J1uhx0o59B7VvhzRudKyUl2yNHuf0f8/am6cbahLreOgFff5lHw8x+yu3Tnbbhh/Urir/+TbmHzE61tH29a7vwhOyOiTfuY3+/2+QZ0vUY/exbJ6uhuUT1HysQZbcO5QS17oyZQnPGC25TlZ/Fqv3YoOUcV1kObkOf/C4TPbcTHn/NEENy6fHNUxq6zm3lOYIvghL8mexJqWD2lUl5Q+No36dnMc7O390Om+nfUuRxrpqtGNfpfnH6qS5qOq8z3bv26Ea1yN64YXYgcaur/ryrq0ur14dXev0juugcHF9ByS5K1drY41Lj8TYYR1NAwAAV0ZSBVbd+3aoxjlOba4Hs0t1n0uq2nVQUpHuKnOq6rVAIMatytUbVdOmNJiKNNZVpZUrq0IBxqSWrdL7XKrZuFqVwWthtyqfnadnQx+EXSj7/zIfVUrRWJdUtVEba5waFnyS0n/srNwQzHqUDmrDvHnacFDXmPj2Y8/LVumcMjlrNmpJoBGK7jKDreGNcnCD5s0z2y279D65ajbqt8HJHW+XefO8Q/v8k92Vr7V9LLA7tsRfr9Vh9XBXPqt5YUHj3iR79Dhp40ptVIw+OWweZ9XGDue5bG2OB3+f77ovqR9xvPzjoW1/Fbhhvq/bNjw8GHJQG5bEfy7t6HvYe74LZUp/+B7Z6n8dNk5qePDTfFlVKDP2CWWUb1fG1NDy9txMGWe2dRyEDWMb+aI/eFqm9AklsvjHZG3dtE3etBL1e7AstK5POWUcezUYSLUODEzz17ujFW1+VZ5mp+yB8kpeVL+wIQSSRyi7Lr44UCfncX9/8VrYsXdwwzzNi3WS72LfUjTWpZqNG5Puj9Xx9Nnhf/BwVz4bNgTI5eiGa6su1ytwrfPb0LrdlXp23rOqdPeW6yBJB3+rjTWhQL1jmFOq2hXcpoO/DeubD27Qko1S2ZMxkgs6mgYAAK6YJBoK4KDe3FgjZ9nsmI+TjiyZKP34NVVOKZfLVa75td/Uknnmo3cTy8rkrNkRGqBfinhUss3ji7EesWxv2eDkHhoKIKxuHc0VXu/oOo8smShVSSUj/dsV8Xh5TzBkqEYbl8xT5MOTTpUtLZdrZJmWli3X0rDpzrKlKnc5ZBiSa3aZdixdIn/za+L8pSr75VJt3FmtspH+S8mRJZqoKr3jHOd/6YX5scN/7KycF7pqnzj/eU0b2f5jZFdHO4/9hh+fCvt/I/YyEcdLh/uxZ47m6O+XJMnhUvn8Wn3zxyv17LClKndly1U+X7XfXKlQM03U/OenaaRhyNBIlS0t0/Kl8zQvOHm+nnc5FHriMGwdI8s0f+I39WP/fnCWzVeZ88eqDXxfwvoHR/E4OTeu1Lwqc33hj0MGyjX/iXq02jBkGIF6hY5NOcu0tNx8YUeoarGWlXnM1vxYS+btML8HVz1oGFUfR7HGOSWN879ULHQwhvZHm3naKzpyv7Xtk0Pzte2jHHKVL5WWL9W8QINPnK/ny0b23COOcfWhiR4Pbct1uMq1VMu1NLThmv98mf97EMf5qs0jtOF9xkiVzZ+ob66c5/9Dg1NlS+dr4tIfa8e+OrlcnZXfwffQcHS47T02FIDDfHQ/nHFshRoiXhh1kzIDY6iqQZ4tv5Z38j2yjSyTdkdPlznOatzDADTIc8ahtPLtSpPM4QaCY7Q+rcblUkb5AmWWLwjWLTDEQNP2OzRgcmia908r5Bm5QPZPPCEp1jivG9X0YlFYeTXyHGuQPcExVrt1KABJqgrv103OsqV63pUdXFf4cRZej8BvHZ/HHf7zR/SxN1KGIRWPc2rjynmqmjhfz08r6rhvie6XAvzXFyrpwT5IUqJ9tsM1W2U7lgavnTVxvpaW/VJLN+5UddnI4Gi+sfd75Lqiz5VFHbZJx31JdgL1in3u9F/rBBvRXLfLYchwJON1UPvXvyODfb+5TwL7c+L8+ZpY9UvJMFS90/ysTRkT52u+2p/2PBmsAABcMZazZ88mS2QVANCruFW1fI00uycCwejrbD//XE9X4Zrn/dobPV2FJHRQG+fvVsmPy8gKBAAAuMY99dRTnc6TRBmrAIBexb1fOzROX3FEZXQBuCZwjRjDwV165/YSPdhjT/0AAAAgmSTVGKsAgN7h4MZH9Mj3dmjcVyYm/OIjAOh93HrnuUf0yAvSvDJyVQEAAGCyuN1u/uAOAAB6lZTV93Q+Ey5L65xf93QVAAAAgB7z/e9/v9N5yFgFAAAAAAAAgAQxxioAAADa4BoRAAAA6BiBVQAAALTBNSIAAADQMQKrAAAAaINrRAAAAKBjjLEKAAAAAAAAAAkiYxUAAABtcI0IAAAAdIzAKgAAANrgGhEAAADoGEMBAAAAAAAAAECCyFgFAABAG1wjAgAAAB2znP+3O7hqBgAAvYu3padrcO2zpfZ0DQAAAIAes/TYrZ3OY5fFchWqAgAAgF6Fa0QAAACgQ3Z5LvV0HQAAAJBsuEYEAAAAOsTLqwAAAAAAAAAgQQRWAQAAAAAAACBBBFYBAAAAAAAAIEEEVgEAAAAAAAAgQQRWAQAAAAAAACBBBFYBAAAAAAAAIEEEVgEAAAAAAAAgQQRWAQAAAAAAACBBBFYBAAAAAAAAIEEEVgEAAAAAAAAgQQRWAQAAAAAAACBBBFYBAAAAAAAAIEEEVgEAAAAAAAAgQQRWAQAAAAAAACBBBFYBAAAAAAAAIEEEVgEAAAAAAAAgQQRWAQAAAAAAACBBBFYBAAAAAAAAIEF2w+jpKgAAAAAAAABA72InrgoAAAAAAAAAibEbpKwCAAAAAAAAQELIWAUAAAAAAACABDHGKgAAAAAAAAAkiIxVAAAAAAAAAEgQY6wCAAAAAAAAQILIWAUAAAAAAACABDHGKgAAAAAAAAAkiMAqAAAAAAAAACSIMVYBAAAAAAAAIEGMsQoAAAAAAAAACbL7iKwCAAAAAAAAQELsPoYCAAAAAAAAAICE8PIqAAAAAAAAAEgQY6wCAAAAAAAAQILsPgZZBQAAAAAAAICE8PIqAAAAAAAAAEgQQwEAAAAAAAAAQILsPt5eBQAAAAAAAAAJsduzhvR0HQAAAAAAAAAgeVzofBaLYZCyCgAAAAAAAAAB5eXlnc5jvQr1AAAAAAAAAIBrCoFVAAAAAAAAAEgQgVUAAAAAAAAASBCBVQAAAAAAAABIEIFVAAAAAAAAAEgQgVUAAAAAAAAASBCBVQAAAAAAAABIEIFVAAAAAAAAAEgQgVUAAAAAAAAASBCBVQAAAAAAAABIEIFVAAAAAAAAAEgQgVUAAAAAAAAASBCBVQAAAAAAAABIEIFVAAAAAAAAAEiQ/UoUeu7cOZ0/f14ej+dKFA8AAAAAAACgj7Pb7crKytLAgQN7Zv3dXeC5c+d04cIFZWZmym6/InFbAAAAAAAAAH2cx+PRhQsXJKlHgqvdHvk8f/68Bg4cSFAVAAAAAAAAwBWTmpoqq9Wqc+fOXRuBVY/HI5vNJsMwurtoAAAAAAAAAAiy2Ww9NhwpL68CAAAAAAAAgAQRWAUAAAAAAACABF2RgVAZMCOIXQAAIABJREFUBgAAAAAAAADAtYyMVQAAAAAAAABIEBmrAAAAAAAAAJAgMlYBAAAAAAAAIEEEVgEAAAAAAAAgQQwFAAAAAAAAAAAJImMVAAAAAAAAABKUlBmrBzd8Uz9+J8YEe6aGFY3TXX9/l8bmZVzWOtrnVtXypdqoMi0tdyn7sufraf56Dpuv56cV9XRlAAAAAAAAgGvCFQmsdo90OceVaFhYDZtO7df+g29pzdM79OE/f0dzbs7queoBAAAAAAAA6LOSOLCap3GfmyZXdCpo4z5tePonemf1f6joifK20wEAAAAAAADgCkvKoQAM/38Nw1CbotKLVfbPk7T7ua365ZYjmvj3Tv+ERtXu+IV+8cYe1dQ3ySPJnjlMN39uph505Ss4cEBjrao2rdMbHx5XgyfWPIF1tqqx+k1t3PiG9p/2yJ4+RDffOzvmfO69/0+r//MdHW2S0ofcrHtnPyhXfuRQBY21O/SLX/xSuw81yCO7MkeW6Atf/KLGRcwXzza4VbX8SW3K/4q+aX9DP9l6Wsq8TbMf/7JuzpDO7/tvrVn3jg41eGQfUqKZ//tefz0NXioGAAAAAAAAdJMkzljtgNOlKY6t+tWhGrnlVLakU799Tst+Va9ht31RM0scSm84rnd+/4Z2b3pOTelL9b/HZklyq+ony7SpfqQmffErKnZI9bvf0i82LVOt53E98em80DqO/1LP/SRPJV+cqW84PNr/q43auuk5Kev/aPbNKRHz/eRnWSr+wkx9I7NJu9/6hTYtO6jj31yqsiJzvsaDG/X9599R07Db9MWvlMjhOaStb/xe65btV803H1dZkRkyjW8b/Has00/yxqnsG59Ta326nBnS+V0/0dL/3C8Nm6SZM4ulQ1v1q+fXKPPKtwgAAAAAAADQp/TOwKoy5ciTtP+U6iVlq0YfvtOgzIn/W4+WFckMZ47W6JI8rfnXn2n3oVPS2CzJvV87jkq3fWO+/n60v6jRxUpvekKbPjwo96fzQi+h8jj0ucf/VXf5Y62ji9LV8K8/0+4PD2r2zaNDVfE49LnHnwjNN7ZIeU9/X7/65Q5NKXcpWzV642fvqKHgi1pS/ml/+aM1elyJfvn0Mr218X19+olPKy/ebQiut1gzv1mmscGE1xr996b9UsGDejzwMq3RozVm5Mt68t+PdufOBwAAAAAAAPq85BwKwAj9T+yi0pU5WAoOF6ACTVnyQ00JLBOYzf4JjRwm7W5sVIthKCUzUw67tPtXG1Sc+TmNyc9SitJV8k/LVRJc1r/0sIm6ZUjY+gNlnapXnWEoOzDfyCm6LXw+DdEtE4fpV6/s0P5zEzWxfpfeb5JumXK7HOF10zBNmjJSb1X8Xh+enKQpeXFuQ2BKQbEK0sPWe+qg9jRJY6bcFrGe9OIpmuJ4X78yGAoAAAAAAAAA6C69NGP1vE4fj/V5qxrdp3T89GmdPrhfH+7Zo0OnJalB5yVlp9yse2eO0dF17+o/f/SuZE+XwzlGU6ZM0S3FeYoYFdWeEmsFbQ1xKCvqo+xhBZI+0Kl6Sa2tapJD+Xlty8tyDJF0SO7zkoKjEHSyDe3V47xb9XJoYpv1ZMoxJL5NAQAAAAAAABCfXhpYrdep05IK8uXwf+Le/TO9sG6P6s03PsmRlaeCW27TmA+26oOwJbNL/klLSs6rdv8evf/7d7T70Pva9O/v6xcFD+qxRye2H7hMWLqy0iW1xr9EvNuQmBTZ07u8MAAAAAAAAIAYknIogGA5amcogJrder9JGlJSaD72fv59VfznHjXdMkvfnVEiRzBp85Te+mCrPpAR+Xi9MjXsxtv1wI236wG16tTWF/TMK7/S1iO36wGn/PNFL9P2c0OS6s+r0TAUHrusP35U0hANzjRkNKYoXfWqPdUiY0hkNun5+tOShinPYcg4F/82xKxfpkOOmOtx69RRSTd2X7sAAAAAAAAAfZ21pyuQsKb92vTzrWqy36jP3uJ/fv50jQ5JGnNbeEBS0vH39X596NfW/a/oe4sW65Wa8AJTlJUZ/TB/Av68NWIdajqkt946Lo0s0ch0Sc5bdFu69MFb76o+YsHj2vrWISnzRo10xL8N7cor1i2ZbdfTdGirtsazPAAAAAAAAIC4JfFQAKf1/m826XhYDZtO79GeQw3yKFO3z/uKSgLx0CEjdaP9Xb3/8x8p/cHP68bMJtV/sFWv7z6u1rDlU0aO0Y32rdr6wo90/rOTdNuwTDUcf1dbf7NH9oIvaZKzC9XMrNdbP/iRjj/wGd2Sclxbf7NVf24q0Jdm3OYfe9Wpz37tdu1+4RX94EfH9cBnbpHDc8icrz5Tt8+bomEJbEP7hmnKV27X+2HrSW94V6//ao8aurBZAAAAAAAAANqXlEMBmEs36ej77+po2Of2tMEquOUefebzU1TsCFtP5i2ataBR/7X2db1T8VNttadpcMFt+odvfV2Od7+nle8eUm3L7RqcUqgvLXpYg9e+om2/qdAH/rFMC29/SIseKNZgwzCHH/DXwogYCiD6c//vY6ZrQeEf9NP/qtD7zVJawS36x4dmqGRwaBiDtMIvadG3CvTKK6/rlbXvyyO7Mgtv1z8+9FmV5KWZ2xH3NrRXv8B6PqH/WmuuR2lDNOb+f9Qtf/i/+p1/fgAAAAAAAACXz2J0c7TtyJEjysq6jEfrAQAAAAAAACBO58+f14gRI7q1zPLy8k7n6X1jrAIAAAAAAABADyOwCgAAAAAAAAAJIrAKAAAAAAAAAAlKypdXAQAAAAAAAEAyI2MVAAAAAAAAABJEYBUAAAAAAAAAEkRgFQAAAAAAAAASRGAVAAAAAAAAABJEYBUAAAAAAAAAEkRgFQAAAAAAAAASRGAVAAAAAAAAABJEYBUAAAAAAAAAEmTv7gLT0tLU0NDQ3cUCAAAAAAAAQBtpaWk9st5uD6w2NzfruqFDu7tYAAAAAAAAAGjjxMmTPbJehgIAAAAAAAAAgAQRWAUAAAAAAACABBFYBQAAAAAAAIAEEVgFAAAAAAAAgAQRWAUAAAAAAACABBFYBQAAAAAAAIAEEVgFAAAAAAAAgAQRWAUAAAAAAACABBFYBQAAAAAAAIAEEVgFAAAAAAAAgAQRWAUAAAAAAACABBFYBQAAAAAAAIAEEVgFAAAAAAAAgAQRWAUAAAAAAACABBFYBQAAAAAAAIAEEVgFAAAAAAAAgATZe7oC3eeAXv76c9oW/tGIGfrBdyYpJ4FS6rb+UI9VHNGIGd/XokmdLRlY5x0q/+lM3dB54Xrm8Qod6UK9rp4EtwkAAAAAAADog66NwOqBdXrouW1tPz9Soce+XptQgDBn0nf00qRurR0AAAAAAACAa8w1EFit09ZX/EHVOx7VSzNvCH3+w8e17sg2LV93q//zGNmY/qBsIEM1VsZq4DPTCM38/ncUM5k1kJHa0Tydapt5e8ejP9WX/Zt1YN3XtXxb+Gf++QNZsGFZsTOHV2idv6DoDNy4tim4PYratwAAAAAAAEDf1vvHWK3bq3ePyHzsPyLwl6NJ33lUd0jStp060NXiIwKQknRE6x7/obbWRc95QC/7g5B3PNrVoGqdtv4wajgDSdueW5d4/Y+Egqrmrz8L1jm+bdqm5YGgqlkJvdzVnQgAAAAAAABcY5IuY7V11Z0JzZ/yma+Zwb/hQ2OMWXqD/u4Oadu2YzpZJ92QcLDzgH5TcUThGZ2BoOS7e+s0KThkwDH94ofbZMZ3vx/MLk1cjiZ956cKjUQQyLrtSv0DdQ6UcUTH3JJy4t2mUFZsYPoxfyUSbSMAAJBcUua+3dNVAAAAAHq9pAusJpW6kzomSSMm6CZ/UDNyDFa3/98jOuJP7Rw+tHteSRV45L/LgnXO0U0TRihYwbi36Q79nT9AnDN0uKTwDFcAAAAAAACgb0vawGrcmRR1WzVC0pFjJ1WnG5Tjz/J8d8L3teimvfpFJ8HJupPHLruukqQRIzTiyBFte2WrPvudSTGyZ+MRyC4doZnf/6lemhn4vaNF/IHSq4gsFwAAeieeOgEAAAC6T+8fYzXnJt0+QtKRCj227oCkHE36pxlSxeN6KDhG6HBFJpKaj9ZLddq7vYOoZc5QDZdZ9m8C44seWKeHvv51PbQufMDRO1T+ne/oi3dEzZuo4HixgWxSt461U71j5gaobu/2xHJJ494mAAAAAAAAAO1J2ozV+OVo0gN3aN1z26Rtz+mhGBmqI2ZMlflUe7aGj5B05IjWPf51reu07Bv02RkjtK3iiLY99/Wwl0qN0MypN0hRr5S6YeoMjdhW0XnW6pEKPfb1iuhK6gf/1MF0v+z8EZKO6EjF43oo9izduk0AAAAAAAAA2ur9GauSdMNMvfTTR3VHpzOa2awjgr/fofJHO14qZ9J39IMZIyI+u+NR86VPMWbWP88Y0fWs1cDyoRXppUfvkGS+WMqc5Z80M2KWeLY7ejUJbBMAAAAAAACANiyGYRjdWeCRI0d03dChXV4+MPZX943jeUAvf/05yf+GewAAgL6q+6+zAAAAgJ534uRJjRgxovMZE1BeXt7pPNfAUACduUFf/ulPe7oSAAAAAAAAAK4hfSCw2jHDMNTY2KjGxkb5DEP9+qXKarX1dLVi8vl8unTpkiwWi/pnZCgjI0MWi6Wnq9WtaI/kQnskF9ojudAeyYX2AAAAAHC19enAqmEYOnf+vAzDpyF5ubLbU2SOjGCoewdIuHzm/ZZFFovk8Xh09uzH+vjcOQ3MypLVem0MlUt7JBfaI7nQHsmF9kgutAcAAACAntCnA6tNTU0yDK9yc3NlGIY8Ho+6ecjZbmexWGS1WpWTk626OreamprUv3//nq5Wt6A9kgvtkVxoj+RCeyQX2gMAAABAT+jTgdWLFy8qd0iODMOQ1+uTz5fcN2EmQ4Zh3owNGjRQdWfc18yNGO2RXGiP5EJ7JBfaI7nQHgAAAAB6Qp8OrHp9PqWkpKi11SOv15f02S0BhmGOw2a32+XrJXWOB+2RXGiP5EJ7JBfaI7nQHgAAAAB6Qp8ezMtms8nnM2/AestNmKRgfQ3DkM2WnC/m6AraI7nQHsmF9kgutEdyoT0AAAAA9IQ+nbEaeANvb7sRk9Tr6hsP2iO50B7JhfZILrRHcqE9AAAAAPSEPp2xCgAAAAAAAABd0aczVqXIx/Aul9fr0cXz53TmRK0O/nGnPnh3i07/9bhaPF7ZU9N0XcFI3Vr6Gf1d6WQNdDi6pd7Xmu5sj6upN9Y5HleiPQKP64azWCzBn+5Ae3SO/ury0V8lF/orAAAAAFdbnw+sSobMN/N27abGMAx5W1t0ouag/qfqd9r3xw90+kydLjVekHw+Wa0W2a2S0dqko/v/RzUH9upPu/+gz5XN1CeLbpTd3rUmMOt7Ld6IJd4ely5dUktLi9LS0pSSktJmus/nU1NTkyRdsTcu0x6dlGIYkuGVLp2Rvf5tpbh/K/vFD2XxXpK3/yi1Dpqk1pzPyZfhlKyplx2woD3aWZr+qpvRXyUX+isAAAAAVxeBVUmBe7Cu3Iz5vF79Ze8H2lzxkj76y2Gda/LIY1jUPy1VrTLU0uyV3WaRzSrZrFYZ8uqP27fo9OlTmvXwv2jU6E8lvM7uypJJVp21h2EYunTpklpbW2UYhj744APt27dPEydOlNPpbDN/U1OTNm/erJSUFN1zzz3Bzy0Wi1JTU5Waenk3xn29PeIrxCPr+b1KrX1JqWd+LYvnfHCSvemvstdvl929RZeGf0Pe7EkybOldXhXt0T76q+5Hf5Vc6K8AAAAAXE19PrBqGJf3+ODHdaf0u//+v6o5VK1LXqsueS1KsdtkkZSemiKv16Imj1der08Wi6EUm2S3WnRk/4fatPpnmvuvT2hwdnYX6m3oMpNyklJn7eHz+XS6rlYHP3pPZ+pr5fF4VPdXr87We/WHD3+t/cfaDhvsaTV04pRHFov0RuVPgp+npKRqSPb1Khz+d8p1fOKy3sjcV9sjvkJ8sjTWKOWjNUo5+brkvSijzfDOrbLXvSd5pWb7YHkHjZUstEc0+qvkQn+VXOivAAAAAFxtfT6wGpL4XY3h82nvH6q07392y2JL0cUWQy1eqX+6TTa7TYbPUL9UmywWqcViVavXqxaPIcNmKK1fiv74/rva8uYb+sKXpiX4iK1Z12v7Riz2xtW5T2rH3v/Svtr/VlNrnWQ1ZPNdJ+vAXH3U9JGM1o9jFGWXLWOkJEN7Tx8IfmyxWNW/Lk9nG/5e4z71oLIH58lq7cr73Ppue8TFc1EpJ99UysnfSZeaZai9AIQhq/uPsmf+Vt7+RVLq4C6ukPaIuQT91RVEf5Vc6K8AAAAAXB19PLBqBH8CmS6JaLnUrD++V6mmVp+8Hp8utPiUarNqQHqKRhbkaN+hU/L5fObMFik1xSYZhnw+SRZDqXarfvv6LzVpylQ5cnISWLMlbEy2a+lurOP2aGlp0YEj7+qo+zeypLg1OMsqe4pk0WlJp/1zxboJNiQdjDndME7Lfen3OnH6Fg3KyuniY5l9sz3iZWltkO3UO9IFdwdBCr/WS7LWfSDLsHr5UgZ1aX20R2z0V92N/iq50F8BAAAAuPr6eGBVCrzowjB8CWeMnP+4Xqf/elyXvFKTxyerxdCAfjaNLMjV3ROLlJGWqqqdhyVDskjyeAx5DZ+8XkMWiyGvYdNHR4+q9qOaBB+vNWSWeC3ehLXfHvX19brQvE9p/U4od4hd/QdYZU+16HKGqDMMyfCc1Lnz5mO6XXu8tm+2R7ysniZZzh2V0Rpfdp3l3HGp9cJljJFIe8RCf3Ul0F8lF/orAAAAAFcXgdXLcPH8ObW2XJIsNqWnWDQsb7Bu/duRGlucpzxHhj5/503Kv26Qdu+tVe3Jj9XU1KoWj3RJXnm8ksfrk1VWHa6u1qf+tiSh7KO++NhgY2Oj+mc0KT/NIke2XWnpVlms5i1pVxmSDJ9XF2svXdbLTvpie8TLMCSjRTJa4wsCGa0WyXf560Qk+quri/6qd6K/AgAAAJCIPh9YNR8Z7NrLI9L6D5DPliq7VfpkoVMPfOk+jcrPlNFQK5+nWen2fpo0vljjx47SGXeDTpz6WKfd51VXf0HnLjTp2Knz2n+kTj6fL+Gb5Gv1ZRcdtYdhGBqQnq6B6dka5LDLntI967QoRbUnUy7rhSd9sT3iLsPaT0a/4dLHJ+KbP+UTMmzplxk4oj2i0V91P/qr5EJ/BQAAAOBq6/OBVSl0U5PojdGAgYPVr3+mUvqd0133fkG33fEZXao7rKZmt6wWq2SxqcWQbKkW5ecPUMH110k+r1qbGyXvJe37y2kt/Lc35fxkYbAe8QnkPF2bd2Idtccnsh/SiBHPdMNKfFJro4ymc/JeqFPL+R2yHntHvgE5smQNk5E6QBarXbLGk7XUd9sjruXt/eXJuU2WUweklosdz2yxyjvoZvlSBl9GoIL2iIX+6sqgv0ou9FcAAAAArqY+H1gNvxdK9MYotV+aRo0Zq8GZ/TT2tltlsfWTbGmypg6QYbVLFmtw+LRWw1Crxyuf15C3xVCKxZDX59Ow4cM1fMSILtyUXZs3YR21RyBDy+fzqampSefOnZPdbtfAgQN1/vx5tba2ymKxKDs7W/X19fL5fMrMzFT//v1VV1cnj8ejoUOHyrh0QS3H/iBr7Q5ZPM2y9ndoVF6WLIZb3pOH5Dnkljc1S8bQEhm5N0r9ssy27Ljm3b8zksDlfD8CfPb+av3k52WpPyZbze8kb0vsGS02+XJHq7Vgqnz9Bl5WBhjt0Rb9Vfejv0ou9FcAAAAArrY+H1iVfDIMX5ceb5WkW0s/rT96zslu8cpitcrab4BsaQPla7FFBCoMGZLXK3kuydd6SfL5VN/g0Renf1mDBju6+GjttXgz1n57hAcq/vrXv+q9995TVlaWxo0bpw8++EBut1spKSm666679M4776ixsVElJSW64YYb9P777+vs2bOa/sV71Lrvlzq//3fKLrhJVkeRLBaLLP0GyGLrJ9vAfKX6PPK4/6KWfZvUOmCYjFH/S3KMlKztf136YnvEy5Bk9B8mS3GZ1NIi6/FdUsuFsCiIRUrpJ5+jSJ7iL8njuFE+I7Bk19AesdFfdTf6q+RCfwUAAADg6iKwqst7cUS+85O6NLZUdWfOKDP7Otn6DZAtY2BohuDLfg0ZNo9582S1yWPYlTH0Rt3impzQS2Ai63xt3oh11B6BG1Cn0ymn0xn8fMqUKRHzfeELX4hYZurUqVJLg7x/XCvryT8p55M3S4ZPFl+rZLHK5/6LLOmDZVjtslgssqYOUGr+zVLNDrXu/JmMv/2KNKS43WBFX22PuMuw2NQ6ZIyMW78h+4DXZa3dLcuF05LPKyNjsIwhxfLc8Dl5rvtb+ezp3VRn2iMa/VX3o79KLvRXAAAAAK4mAqt+Xc0YsdtT5Cy+Wb4Lp+VpuiClpMmW7pAMyfC0SBaL/67JkM/bIrU0y2KxysjI0ydLblZaRkYXM1Wu7ZuwWO0RyP7yer26ePGi6urqlJqaKofDIbfbrdbWVtlsNg0ZMkR1dXVqbW1VZmamUlNTde7jejlO/FoZNb9WinOyjNYGec8ek6w2WVLSZfi80qULZtDCMOT7uFbWgZ9QytAb5Tvwtjx/2ihj/Hypf257Nb7yO6UHXXZGladZ1o+PynL2LzL658pbNEWy2CVZJF+rLL5Lsp76UPazf5E3K18+R5F8A/LieKS53Rp3va69AP1VcqG/Si70VwAAAACulj4fWA29QbjrN2Ip/dJltQ/VpdZGpVpbZUvLlGTI13IxlD5j+ORrNh9PtKQMkByjNGBg3mW81bl7MnOSTUftEQhU+Hw+NTY26vTp08rIyFD//v119uxZNTY2Ki0tTYMGDVJ9fb2ampokSRkZGWo+vlMpR/+f7OmZUuNRWTKuk23wMFl8zdKlFkkWGa0XJJ8kiyFLarrUelEWWz9ZM/Nk/egdeYf9nYyi/xXzBTF9sT3iK8An28c1SvnLW7LXvi/rhVNm8C5toIx+mZLFKkvLBamxXpbmc5LVLl/aIPkGj1DriElq/eRdMuxpXax34tVNdvRXyYX+KrnQXwEAAAC42gisht2EXU6Gi8+WqiavV1aPR6lpqbKlDZLVmmpmfcknX2uLDEOy2NNl9B8mX/+hMgcz7GqgwqdrMculs/YwDEPe5ib1u3BW+QMHyNZySfaWZuXl5am1tVV2u112u115eXnyeDxKT0+X3WbVQON/lJ52SdaBn5SMS7L4GmVYrTK8HslnkQyL2RQ+M1tPssjwXpIsdlnTBki+FlmqX5fP+WkpdUCMevXN9ghntVrbzGM7tUf9/rRRVm+zlHuDvPljZblYJ+tfd8taVy2LDBkWq4yBw+UtultGhkOW5nOynq1Rvz0bZHMfVvPNM2T0HxIs02KxyOfzdVJv2qMj9Ffdg/4qudBfAQAAALja+nxgtftY5LWm6dyFOg2yWJWWOVg+q03ytsjwtMhi+GS1p+iSZ4C8GdfJYkuTOaAhEmEYhnxery4dq9HHf6hSyjCnUgZn6/S5BjU1NSktLU2pqak6ffq0mpqalJOToyzbeQ1s2it7eoqMtFRZZJXPe06SVRbZZchqZn75fwyfmT5kGJIsNkmGLDa7LKf/JMv/Z+/eo6M60zvff3dddONqIWEBRrIsurHsttudNhh5wk1k0p02TtLBkAnYMsxK4oE5pz0LeZ1lzNhcvLB7zkFknEnMuKdngYXNScCkkxgnnTmxwDCNMLjdbrtBTRssIy4WSIiL0LUu+/yxd92kuupakn6ftVi2qna9+93vW/XW3k8977uvncGc9u1hbYN05DNauemtx+2YQLYrDwMXBuCddjfd+eto9ZynxfM53f6b5DhncWfZv2PK0V24zv4r3tnf41rZCq50/ZwOXzOZjmnkuhcx3nUXDmc2hjMT02jHxEu79wpeXwfjnffgNMcN92GPYBqvhoLGq/Sk8UpERERERAaKAqsMTAaYxaCz7RZffvEx00rncMf0EtwG+L2ddN24Qsvnv6Tb4yNnfBEO6NfcP9MMZCqNtiyX2P0RnFprGJgOJ/6ONrydHfh8frq7u/F4PAD4fD66u7vxer14vV6c3RdwO9pxunxAG36/Yd2Ax3QBTgzTgWlaQSM/Bvj8mD7sRDAHeDsxAIevG39THf6C3+pd6zHYH+G8dPLl7X/iSkctOc47cTsmWplappdO3zU6vc14zDZM04fDyOCOzCN8a3El+aV/QOOd4/llyw6ud/0G0/RgGC7cxjiyXXlkufIwsDLLuv036fBdZXrOImZPWI3DzIld6zHeH8nReNV/Gq/Si8YrEREREREZWmM+sGoG7oDdj0CFaVqXQ14TnE4Do/UCdf/rDDkzSrljWhHd7a3caDhNpqeZcTNmc9vjJ8Plw+0wcDj6ngU2Gtdki9cf2dnZtLa24u3sgJxxuJf8IW6fFyd+Jk2aRFZWFm63G4fDwaRJk+ju7iY7O5vMjnYcLj+GcwIYXTjpxoEb03Bimg5wOPCbBvgcODAwDfAbpp0J5sT0tmHgxXQYGO1XYr5Pxlp/hHMa2TiNDDq8TXR4m+KW6TM7ae78hI+atzH/rv9K7cUn6fA1h+2zmy6zm67u69D9ea/XuxzZOMhM+Hkdy/2RqAyNVwND41V60XglIiIiIiJDbcwHVsMzRPoSqDCBDr/BtW4H17phRqeHoul3kTOxg8ar5zl/uR5XZjaTJ4/jztypdOPiZ42tXPEazJzgoHByJndku3CmELAw+r7U4QgQuz/uuOMOrly5QnNrG7klpRQYoTab0qOUvLy84P+7vU4cDi+Oyfdj3Pl7+C/9A0ZHE6a/CwA/bhz2zZz9pgOcBg4Ta3qt38DwtWI4/DhcBr4o9Rqr/RFgGAZOI5PJGbOYmvUwHv9tOnxNdPquxS3Z5++i238rIkgRnUGWcwrZrnzcxjgmue+StGyTAAAgAElEQVTBYbit/K4odRrr/ZHo1RqvBpLGq/Si8UpERERERIaWAqvB7BZ/yoEKL9DkdXKu08mlThfFE13k+R24zGzyZkxnYskj3OrqBodBTnYu7u4WXG1XKZpyB39zvJ0vzl9mzowJLJo1mW9On8CEzOS6I3Dn49E5bTB2fzgcDqZPn86VK1eC2V1OZ+87XvfSDRMdLmg9hVn0JHz9Bxi3T2O0XwafBwMn5rVfYHZcx3TaEQs7WGH6fWDehgwwvQ7M7ElRpvyOzf4IcBo+Mrsvcm93JqXORbQ5O7mc1cHp9ve52V0fs2S/aYJp4PfHb7c7MmdRmr2Q6b4ccsjE7AKPcYlO5wwrc69njcd4f8Si8WowaLxKLxqvRERERERkaCmwSuSdhJPVhcHpbgcX/Rnc8Dtox6TYaeDKvQvzpg+fO5tO1x10XP4rHL7zdI9fSOaER8jOvZ8c9xScnOXzqze5fP02v2q8wffuy+d7905lSo47ifrSp8DKSBGvPyZMmIDf7+fmzZu0tbUlvNsywG2/SZ6ZhctzGf8Xf03j+BV0uIpxOe8hw+VhsqeOLLPNmnbrdODHwMRhZRj5OsDZhZFp4He58eV+LUagYmz2h2EYZPiaGH/+L3BfP4zhvUVORj6T8v8Qz5Q/4sMr22OW63f4MU3weeK329fvWErptVO4mw7i8DRjuibTPWUJZtFG2okVOBqb/RGLxqvBo/EqvWi8EhERERGRoTTmA6uhNdmSf40X+Mjr5De4yMpw0m6aXPeYHGtqw3HHRL6V/yBGeye3L7/H9K7/Sda4Nto7arnZ9i1acr6LObGc370nl7ab+Xz0ZTPnmm+x9+NOPD4/yx6YxqSs+N0ymq+/EvWHw+Fg8uTJjBs3js7OTnw+X8ILUjc5+G8VQsc1jNZf4Wy5xo3Ou/GRw+TMNiZlXsCgFRwODNPAcBrWTWH8HvyODsgC0+XAn1mIb/LsGHUenZL5fLg9zbgu12D62q07lndew91+gMLCn/K/O/9LzNd57ewyT6cvbh3uyvo2roZXwHsTPw7gFq6O/4Xrrv8T05gYo86jU7qNV9//RgF3ZMcPro7l/tB4NbQ0XomIiIiIyFAb84FViLzhRTK+MFz8wuEiL9vNjS6TK6YPn9vgps9g36U2Tl/184h5hXuuVzN5ooHhM8lyX2G88f9xu/Njrt9+j29l/gF3L1jChs4uvrx6g6utbfz9pxeZOj6D35mVR6bLkWS9R59k+sPtduN2J86Ws0ym3bEEZ9sZMhxtTHU3MsHZhB8nbgMyMDAMB+AADMDEafjwOzw4MkwMp4HpctA2bTF+94SYDT9m+8Pnx9/qAcL7o41Mx2S8cYIQHsMHJnG3Acg0JmLeaseMKL8b/H5wxl5Lccz2Rw+DOV5NynLx2L1TNV5pvEobGq9ERERERGQoKbAadgfhZAIVtwwnR/xOXNluOjG44PfSavhxO8DINOgmgxvNjXhuvced7tP47/rPmF2XcV7bT6Z5mYzMq0zMquHa7Q+ZNP4vWHzvQ7zZ2oGvrZuG5hv85JOLzJiYxYMF4zGM2DeIsdZ5G41XYqn1RzK6urpo6f46pvf3yO08zLRxNxnn6sbK5TOsf6Yv2JyGtZQeDieYDgPTYdI58UE6pi7CtK6Me+1jLPeH6XNidowD0xt6zJmFx9dJd0fsqc9ee2ptvG0APN4u/F2TMHydoQcNN6bfgemIXq+x3B/hBnu8+vtPLnBPbo7GK41XaULjlYiIiIiIDK3EaUZjRDLXxCZwFgc3M1xku5x85fPTaHppdfhpdZjcdvpxe1vJbTpF4a1/IsfnxVH/zziyH8R7z3/DO6kCOvPI6PIxdVw347Iz8btckOkChwO/x8vPz17lUN1VbnfHz4oZ7QYye+fzz3/Dz3/xGeNn/zvapv8ZX97Ko9OXgRWkAKtnTQz7H4aJ4TAxnFawwpc9ndZp/w5f5jTrFs5jULz+8Lim4Jn8b/C3Z+Jvz8DfnkX3jD/kVxf/Hk+nP/a/Lj+m34y/Taefuiv/iqfge2HlZ+KZsgiPY8KYXZcwXcarT+ubNV6h8SrdaLwSEREREZGhMsYzVkN3DzZNM+GNRToNB18aBg63E49h0oyfVod1uesyTJx+L5Mvfcm0piMUTLyGd/ZLGF2XcZz6r7gmfx3/tO/iG/9taPwRt/yF/KrtG7xb3wgmmH4Tw+/H4+mm7vINmloLGOeOHvd2OByEpjqOpgu11PojWY1ffcXHH3/MhYsX+b3vfgd37hNcvnWAoglXcBphASFrVi2GYYcuDDce1zRu5v4Rndn3YSUV9a7TWO4PwzDozJiC85vP4MqaCbcu031HIR2zfoeff/ZC3PUIfW4/pp+Eaxb+ouE97pn9PDmMw33jEubkmfhmL6XTMR7T3zsDbCz3R7iuIRivvB6fxiuNV2lC45WIiIiIiAy9MR5YDUhuGud1H1w3DDINB52myXW/nzZMHA5wmpBz7SqTvviIr3t/SY5rIpyvxZgxD3/Jf4DrH+Oo/1ucmVl0dWVwPuPf8vaFW9zq6Mb0evB3e/B7vZg+g4vNrVy/3cXdudnRazuA007T08Aen2E4aG9v4/LFixw4cID5v/0o7e7fY7zjYyY7LmJ6O/H5wW9a2V1OJzjck+jMvp/bExbQmT0bjNjrI47l/jBNk24f+CbNJnPBN7h++wvOXPgX6j5+nuu3z8dNHfNmWUEQb1f8gNTlptPs7dpCaeFSvv5bf8yk7EK6ujz4fNEDHGO5P8Ld9Gu8Ghoar9KLxisRERERERk6CqwSupZKdHHj9Zt0e/10+Xx0Gwa3fSYdpokDcHV2MuE3p5nVeJziqddw3b0c3E78Xx7B4c7CvPMb+PMKMS/9PZe7CjjCTE5cvoXZ3oGvtQ2zqwt8JobfwGmCEefi0JrdOXovxJLtj2RNnjwZj8dDd3c3Hq+Hn3/8S775zQfJzJxFXkYjDs9NurwG3T4H3d1d+DrbyM4qJuuOb+Nwj4+sVBTqD/B6vTg8UH/5Z5yse5OOrhsJy/V5rPK8nkSZfn4am8/QeruZ7IxcsmdMw+v1xtxa/WHx+f10mxqvBpvGq/Si8UpERERERIbSmA+smmYoYyTRhfEUw8dsbzeftDloznDR7vXT7Tetle9abpBb/xkP+c8x5fYVHL/6V5j1bzCLluDvasFsPouju4XWzgw+63iAf73l4+aNW/haOzA7OsFr4nC4yBuXzYKvT2XaxKw4WTdG2J2PB7pFhlcq/ZGsu2bOZEpeHl/W15MzbhwNDQ1MmjSJ7Jz76PB/jRs3b3Dz5k0rmNGVSVenm4kTfZSY1ymYloXT6UxQZ/UHgOk3yHLfgcvIxvQnDlRYN2yJOls5KpdjHJmuyZj++EET9YdlMuagj1e5OVkarzRepQ2NVyIiIiIiMtTGfGA1kCmSzEVxlgHfcviY6OngY4+Tdo+Jw+/npmHg7/Zi+ky8jkxMv4Hj/MeYjWcxpn0df8k8yL0f7xc/pb45g//dlcfZNg/edj9uv8HknBwmT3IxY2IWc4ruYN49eeSOz4hdYzNQ54FpgfSSfH8ka/LkycybV0bjV19x+/ZtPN3dXLt2jWvNzXze0sKX589zvaUFj8eD3+8nI8PNnVPvZNy4ceTl5ycRqFB/APh8Pu7M/QYFU+7jdmcTfn/sLK1UOR0ZTM97kCkTvx5zSm2A+sOSOQTj1bdmTua3Z+VrvNJ4lSY0XomIiIiIyNBSYBVI5WJsvAHfwMddpo/5TvjSb3LRB7eysrlR8DX+4VcXaPbm8NvjL1HobcSo/wjzq88x82dwy5HJL25+g9bxU5k3M58cp5NJGU6mZmcwfVImU3LcTBmfQZbbad2XJObUWmOU3+hiYIMVDoeDBx54EK/Hy6HDNdxuvU1+fj43btzg449/TldXFz6fH5/Pi9/vp63NSklyOB04nc6E9VB/WLxeL+MypvHw7NW0d17nUtMvMOO2SXLt5TCczJz6bX7r66vIyZiKxxM/AKL+CBns8Sp3XAbZGRqvQONV+tB4JSIiIiIiQ0eBVULTBpO9MHYAuQbkOqHQAd2miTcjk7Z5v8UXk3P4+S9/wfFL9czPvcqi8ReY6vkK88o5vnB9g5vjZ/EH3yzhjjvuwOkAl2Hgchi4nQaGtdgamAku7+w7H49OqfdHMjIzM/n2ww9z18y7uHq1ieK77+ZW6y0aGxs5d+4cPp8X0zQxDIOpU+/kmw89RMmsr+FwGAnrof4I8Xi8TJlwP787dxOffP43XGz6GJczi4njpjE+eypZGRMwTT/XWy9wo7UBn89Lpns8s+4qZ/L4uzAMg47uW9xuv8Kttka8/i7uLniEB+9ZTk7GDLq7PYlrrP6IoPFqMGm8Si8ar0REREREZGgpsBrUtwsbtwFuwwAHTJw0gTvnfJtvlM7ms1N1/PT4R7x35U6+N+0ad49r54NbxeTfczd3F0zB4XAMcP1Hm4G/0HS73cyYcRfTp8/AMAwmTZ7ME8tXcPXqVa5da8Ln8zN+/HimTZvGhAkT7Sm1xoDXY2RKrj9M08TrMcl2zmTBg/8XOLpwOFw4jUy6u72YptWiWdkZNFw5SXbmJP5g/l9wd8GjdHV2A1YGV0amE6+/C7/fg+nLwusxk7hpzFii8Sq9aLxKLxqvRERERERkaIz5wGr4zS78/v5fCBmGwcQJE/g38+by4P2l/PwXv+RffnmKjE6T2V8r4f57vw7Qr30ZhoNAZs5oM9D9EXs/VttlZWVRWFhIYWFh1G2SaWP1R29+vx+vFwzDidU2HRHPd3Z6yJ/wLbxdPu6cOIebN9oinu/owM6IdGGaibO+wqk/kqfxqn80XqUXjVciIiIiIjLUxnxgFUIXYwNtwoQJLFrw23z7W9/ENE3GjRuX8MYiyRjoaafpZrD6Y7CoP+K9Nvbrurq6+vzaRK9Tf6RO41XfaLxKLxqvRERERERkKI3pwKq1Rh2ElgocnIub8ePHR+yz/6z1DYNrHI4SQ9UfA0/9kV7UH/2h8So5+nykF/WHiIiIiIgMhzG9cJ7P58flcuB0OnA4Rs5FjWEYOBwGLpdjUKefDjX1R3pRf6QX9Ud6UX+kF/WHiIiIiIgMhzGdsep0WDf7yMx04/FYN6rw+/2ka6KLYYDD4cDtdpGZ6QYMnM7R04Xqj/Si/kgv6o/0ov5IL+oPEREREREZDmP6LH78+PHcutXGxIk5mKaJy+XB6/Wl7RRCwzBwOh1kZWWQk5NJa2sHWZlZw12tAaP+SC/qj/Si/kgv6o/0ov4QEREREZHhMKYDq1lZWXR1d3PrVgcTJmSRnZ0ZdiGWbhdj1hpsLpd1M5nW1k7ASXZ29vBWawCpP9KL+iO9qD/Si/ojvag/RERERERkOIzpwKphGEwYP57u7m6uX2/D7/el/dpsfr8fp8NJdnYO2dnZOByjZ5lc9Ud6UX+kF/VHelF/pBf1h4iIiIiIDIcxHVgFcDqtLBFliqQH9Ud6UX+kF/VHelF/pBf1h4iIiIiIDDWlR4iIiIiIiIiIiIikSIFVERERERERERERkRSNgsBqI/tX5JCdk0P2iv00Dli5J9g+4GUORdnp78PtOWTnrGB/uh58435W5OSQvf1EjKdXkJ2TQ4yn09uJ7dZnJeq/7Xw4XO/NBG0+etntPSjH3ve+HNHv8cES/tmJaJiwPszZzocpFqu2DvsO7/G9EGib7JwcVqT0hRFeZu9/K/Y3Dlu7p/33n4iIiIiIpGTkB1Ybj7L/oP3/B/dzVBcrkmYa969In6DJ3OfoaG+no72dw1sBllL9Rbv92HM8Mtz1GxQn2J6uP2KcOMKLgf9/6UjKQTkZJifOh95P4X0o/XSQ8w2B/2/kaPDLPVUFLN9nj2tfvMnjAFsPB8e+fcsLBqS26SatvmtERERERMaIER9YbTy6n3eBl7duBQ6yf8Aiq3N5rr2djn3LGZ2XYNJXBcv30dHeznNzE2/buH8FxU/3NTgwHEbb+/4E23MWpW3g68MjLwFLeXnrUuAljiooMjKE/YjXeP4EsJTHlw5rjUaNF48EPgQNnD8Ijy8dnIZNZRwfCUbed42IiIiIyOgwwgOrgYyWrcx/bgEvA+/uP9ojMy18mmbvqZrWtLzQv1C2R89ptJFTC7dv3x4xPTE4rXC/PaW5v9OpG8PK6TVdMcYx2a8JnzLZa7pjxFTwdJ2O2GMaZ8xpt8Nz7L3K7dFXwX4/sT14ofviopEyzT3yfR/1fZ2znQ/D2zLifd6HvovY/fbI/YQ9FfFZ7fnZitq3jexfYQdVDz5NcfDxJOoxJE5w9CVg6XKefHI5jxMeVAqr54rtbI86VTrR8+FFRY5X0N8pyfH6uec07PD+6NF3PZeAiDvupYfHt27l8eCPePZ30NK5BONzaus+2srLWwllbtuZwHPnBlq2yT7WsM9rP5YQiRjHg322P2xsWMH+E/tjjkfxvk/ClzCItYzB/h/EeD5uv8R4L4zI7xoRERERkdFhZAdWA8sAbF3AI8xl/lZ6LQfw4fZFvMhWDgenBL7EorCLkUUvwcuH2+lo/4LqpfDiouhBlsb9P6DiYGjbohMvRa3Si+eL2NfeTv2bS+Hg07zVl+ubxv2suOdp3rWnLta/uZQXF/UIFi19k/qex1Qwn+VL4d2n37KPIXDR/yZPzrWON3vRSzz+5hf2VPCDVNwzXEGlWBrZv+IeKg6G9dlLi+wLz3Q89kb2/+Bp3g3U6fBWOPg0P9jfCHOfs94H2O+bEZwaFfG+5iUWbS+iPux9/oNg/8TquwSfxYCDc6mM8vyH23NY9FJg2YLDvHzwaYrDPsfR+7aA5fsO8zLA0jepb9/H8oIk6zEU7MDR48vnU2C/f6MuB3DwBEV/GRijorxvEz0PMPdJqpeG//AUCurOTzk1OVE/hz3XfpiXOUjFD/bTSAHzl0eOi9aMg6VUPzk3wbiXRoqKmAu8e76BYFbl8gUUBZ5XW/dZUdFS4AQNjYFM4K3MXxB4Np/lz20lPLM7OGNlwcCMre/uhycD4zgHqVh03hqPDlv7XZRwzAEa9/ODpw+GPQfvPv2DHm17EJZHeT7hd3+M98Io+q4RERERERlpRnRgtedF1SMLYi0H8BKLcnLY3rCcfe29LzqsDI8Ge022aOtMhmXGzgUosC/wegvUpaDI+u+J86lfqfY8roL5y8MypOy14/YV8VZODtn3PM27wVfaF9OBC0878Pz48vkUEJp2vNy+urfaK82mH0cEywkFTPcfpTGdjz2QEVn43Khcw+/xokIg9L4OtGvgbyBB3wXE/yyGXmsFr6y1LHsGpuwfUewgZN/6NkE9hkBkvXu8f8MFjzvGNomeJ+y5wA9P4UHdVCueoJ8fea6djvYnaViRQ3aPZRissSyQmRv48cOqf/xxL53MD73/AlmV9ufDorbuq8JgPU7Y9S0KBawB5lozUyKOKfi9PADmFll9VFhkr8tqt3vgb1syY867T99D9or9FD3XTof9o05I6LVWMNlaWzZuvyQ1voqIiIiIyFAbwYHVKBdV9sVP+IXGI0++GbwgenFRj2l3dmYRAC8tijN938pK6nWRN8gC9Q0EEK0MqcBUwEWcePOL0I05bAXLnwteeAYylJZHpEkdpOIeu9xFVtZtX4K/gy7QHzn3UHEQOHie82l57OFB9lD5o20m5tyiFEJCUfsuwWcxGQefptieAmt1n5XZZj+ZdN/2ux4DoncWYyBIHbkcQKREP9jEez48SNMzMNQnMfrZmvZ+DxVzD9tZlOGVWE5lICjZ48ePgOjjXnoJZFZWbX+JaIE9tXUf2T+ovLt/e9T6Rvyo0jPQOAAejwiQJxJjzAm0O4SNWanNjojbLzHeCyIiIiIiMjxGbmA1cFFlZ56FX4RELAdQYGekBacxh0/Li3Ln4OC05nCFWEklQ3sBYy07EPbvublhWSuHY2RFBi48t/ODsAylkPC7wKfxHZLD7uAcvGN9uh773OeC5R22L6hjLSkxJkTrO0jwWUxCYLmF4L/wLLAU+ra/9RgIgTvJhwWLA8GZqMsB2Kzp0bED3XGfD2a4/YCqPk9NDxO1nwMB4zepj5EFHMjuq/pBtB8/Yox7aSYQOH031g9uaus+Cizpc5B3if4+jjymgVsGIHWxxxwrkziwPAOQ4nIjcfsl1vgqIiIiIiLDYsQGVgNT5gLrmHVEBEpCNxYJv9lFwfJ9duBrLoUFPW5eUbCcfXZUrPfFXM8pto3s3x59jdWBEDmFM8rNksCeIg0fvhU+Hd4SWBLh3YPw8nOhu7v3XCqhfzdUGSQ915qMdnOStDr2yJs9PfKctVZvINgSMVV+tIvbd/E/i/H1XD+5R5vH7Vv7R5Gg/tRj4FhZjL0DKFZdekzlD66TGWPqc6LngwJT1K2gVZ+mpkNyn1H7R6jG/dsjpqcDwenc7x48CFufCwbHkxr30kVgqQpitaPauq+Kgh/YGO/j8GMayGUAUhB3zIm4edlcnrN/tE0mGzZuvyR4L4yp7xoRERERkTTiGu4K9E0ggNA7AyeYSbT/KI3Ll7N83xew4h4W5QQCoUup/sLO8Fi+j3pWULwoJ3hB+vibXxAtaadg+V9Svf8gFYtyeJGlVL+5FQ72M7h68GmKc56OeOjxN79g3/LlWNVeRPZLPeu1nL98cz/vPm2/dulWXl76Ei+eOE8jc62L98A6dD0vOuc+R8dhyF50D9n2bl8+3HPtt6FiTaOsCH9o6ZvU74vSZ8GMrLlDe+wvhdo/4OXD7TwZ8chcnms/DDmLwvpyK4fbl0fWZ1GOddOtfcv7FmAZEQri9B3xP4sJPPJcO4fJYVHwPbOVw4G2jNu3doDLfs+8fLid5/pRj4FhZxpGCQoFsvFePHIiNA4tfZOiIzlkL4pR10TPhwmOj0lOTX8xbGy0bOVw+3Nx+/m5w1t5cdFL9nNbeXnrQV58yQr+WXsMZJb3yDYsiDfupZvAMQTaMfbSC2rr1ATbLeYU/9AxDeQyACmJN+YU9H6OrYfpSOaLNm6/xB9fx9Z3jYiIiIhI+jBM0zQHssD6+nqmFfT9dN7zejkA7nU1A1WlwWHfFfjlw+1pcTEqIqPNCbbnLIoTJEn0fBSBu44r8DL41NaD5sPt1jrL+v7tmxFzniUiIiIikoKvGhspLi4e0DIrKysTbjNilwIYatZUv9BNbqy1DJeS0r0uRESGUXAJlb5OTZekqa0HS+yMbxERERERkaGmwGqSHnnOugnFu0/fQ3ZODsVPHxzGafQiIqmw1pYtfvogLH2Tv9TANYjU1oPmxHaycxbxIvDyYd20SUREREREhp+WAhAREREZI3SeJSIiIiKjkZYCEBERERERERERERkhFFgVERERERERERERSZECqyIiIiIiIiIiIiIpUmBVREREREREREREJEUKrIqIiIiIiIiIiIikSIFVERERERERERERkRQpsCoiIiIiIiIiIiKSIgVWRURERERERERERFKkwKqIiIiIiIiIiIhIihRYFREREREREREREUmRAqsiIiIiIiIiIiIiKVJgVURERERERERERCRFruGuQCye18uHuwoiIiIiIiIiIiIiUSljVURERERERERERCRFaZex6l5XM9xVEBEREREREREREYlLGasiIiIiIiIiIiIiKVJgVURERERERERERCRFCqyKiIiIiIiIiIiIpEiBVREREREREREREZEUKbAqIiIiIiIiIiIikiIFVkVERERERERERERSpMCqiIiIiIiIiIiISIoUWBURERERERERERFJkQKrIiIiIiIiIiIiIilSYFVEREREREREREQkRQqsioiIiIiIiIiIiKRIgVURERERERERERGRFCmwKiIiIiIiIiIiIpIiBVZFREREREREREREUqTAqoiIiIiIiIiIiEiKFFgVERERERERERERSZECqyIiIiIiIiIiIiIpUmBVREREREREREREJEUKrIqIiIiIiIiIiIikSIFVERERERERERERkRQpsCoiIiIiIiIiIiKSIgVWRURERERERERERFKkwKqIiIiIiIiIiIhIihRYFREREREREREREUmRAqsiIiIiIiIiIiIiKVJgVURERERERERERCRFruGuQP+d4a1ndnAkxrPFK7exYWHe4Oz57WeoOgIL1r/Bk7MHZRf9ELtdetY39eM4w1vPfMScN1YRe/PA/hdQ+cYqZjd/wKsb91JfvJJXnl9I33ukmQ9++GP40+dZmAfNH/yQF/bWD2o/D9o+Am0S+DvFthmKY4do74/IPpD+6PE5Ge7qJM2ud78/zyIycsU+zxjs76XA91/ge2nwz8dG2Fjd8/wi3Agct5s/+CH/gz8d1PeUiIiISF8pY3UMOrLjGV79oDn49+xVb/CjN1IJqsYOZIfM5sk33uBHA3oB0swHP9zI22FXCnkLn+dHb7wxAk+2z/BWz4ue+r288MMPaI71kmES+f7o3QciIiLh6vdujDjPGGypnceMcfV7eeHtM8Ndi6QFgugiIiIi6WoUZKwGxMsiCASDilm1ciZv77XCglZGBWGBorAywjIsV83cy9t2JDFhFsaZt/nzHaGwY2j7aNkOvR+LPIEsZtW2yKzAQFZG4mOOsY1dv/q9P+aD+62ye2V69DiGUHZDeFD1CFXPHGHB+jf4bqOdOblgARw5Qj3FrNr2fS5sjJ7dcertZ6K2Z++Mk/CsuPs5Feynet7e+AzHVm7jz/hx76zNnpkaC9bzo1WBGoTafNXKC7wdaOuIbWI5xVvP7LWPP9A3Ye+tYF9Fe6yHMx9Z5QT3a9ervpZTzQtZmBfl/WL3S+/3YLR6Bbo7XpsuJC+J93mojG3M/EnvPhh5Qe2RJ/lxIeyzF5GV1OMHkfD3e5JjXfjYs2D9+kE6UhEZeWKcZ1y8BkR+j/TePsnv5PDv9eKVVJZF1iDyu64PZS5Yzyt3/SQiC7ZPepx/RI6jvX+YDD4f7ZQP/MEAACAASURBVPs9cC7W8zwh2IxJnLf0yk61yzjyEWdWzY48341a5x7fPwtWsurCXt6uD/VhwvOMPrRLoKzwfdfv3cif19plxjxPFRERERl6YyxjtT4YVAWo3/tjXo04mTtCVc9f8etDgQbrz428FeuH/p4nevb2f/72GWA2cxZY+zgZeH0wuPZwlKCqXd+NbxPcPOLCxK5vqhmOs1dRucAq+8K1KM83f8CrPY4h2eyG+iNH7IueMu6PdXabSnv2RbTpb0d28Oe92ulI6GLL3iZRPer37g3L1A30TR73lxUD9Rw7Ze+h+RTH6onfDlPuojhiv4EM39Sn10evV4p69cuPGcJkI4kj0bjQ/MEPw8aFet7+8U+4EFFClCzzIzt6Z5PFeQ9E7gOO7Egma11EJNlzl3jfyT1meNTvpSqpDMYUyjyyg/9Rm8zRxBHl/CP8HOfM271newTH2dkPswCorz0VbJczH1mNtuDhKEFVu879zgpOUGfOvB35/XNkb+ozVvrQLkd2/DD2OUg/zlNFREREBkPaZax6Xi9PaXv3up32/1kZlJF6Z3YFfiW3TvTrqWclr7wR9uv3hUaamR32q3eojECA48hHZ3hyds8sgWY++Il9EtzzV/sjP+GD7zzPwoetjM4Ljc0wO6/HSXMzp2rrIUqG4t998B02LLzGySNE/Cpv1WcvPz2zMKXsiil3WYHAQD2iipEJ8eQb66Fnlm1jsHEjMuSiS7Y9e8pj4fPboEcmaPMHkVud+Rfr5D2UDRHIhOjdTj3XZovbHhHHFyjzCCfPrOLJ+8sopj6YndN8qtaqQ9n9sbMn8u7n0WKor7eWZrDfCX1buy1GvRI2aWQhPTJw7cB7xAFE74NUP7MSEhq/Ykk8LvzUvuiNyPAJv0i1f8Dp9ZnY+y+cWRj+fov1HjjTax89f0TSe0Bk7Il//hUKCCZ77hLrO7n5g59Y35G9vusS1zH5Mq3ztf5MOA989/c6B/zJB3z3+YXWcgWrQtsHzkOtcdb68f3IkdCslZPWL+/MmU0K43gP9Xt54Zm9vR4uXvkd6/wtQZ2vfRQ+wysv/tqtfWwXu0bRZ/gsfJ5X6LGefODEL8Z5qr6Pxib3uprhroKIiIxhaRdYHVzFPGqnEAaCi8Hgl51B2OtkccH3gyd6eQu/z4K9OzhiB18jBLMUV/Ld4FOz+e7KYo7stU+cZz/MAo5wpPYUzQvvp/ECBE+aucaFeoh2gVJ/8Ro0N1pZaFFOkhMGBFMRCPgd2cGfJ7v8gS1uIDEgvD0DAclo7dknoQuRPwrWN4+F31/A2zsCAe1gRex2h9l2wDtx1QNBYztLtT4QnA60mTW1jov1hL/Xostj4fNvUBCRyXOEqmcuxF4+IOV6pVBIMLs2VIakgyTHhbBxJzhO2ds1WwONlT0fMXRcIOIjEes9EGUfwbFs4A5UREaRYBAt4blL8BUxv5OvXbR/2InyXZegFimUGTpf66tAmaEfS231Fwn/nTLWmqGBOh471czCgkAg1Q6AJhrHk/66jwxgxq9zs32eGnY+E/ajcLIStUvguN/e+AxvAwl/ZO7HeaqIiIjIYEjbwGryvzwGMiMH6U6tvTJYY8grYCZRArMRwjISzmAFYu1lABLXIbbwdcySETjJnVkQ7TVWwG9h2LSziHWtkt5LDMm2J4QuyJI2hZlRo+MDI3awMnCRd4STZx7GuhqKswxAmFAGS6C9rSUFFi7svW3gwir5ekWRcpsmpiyB3hkyqY9ffZBgXEjM/sFnSr8KAfQeEBnJ+j9+9e38yzp3GQus4Cf/ElqL9EdvRFkiIezH9w9mHiHxD7QQHMdjbdZzPfXgOUaicu0690XS5xl2UHj2Kn70xqqwgHNoDf/os7ESnKfq+2hMUYayiIikg7QNrKaN4M2ECE0dm1lAHhB5SRAI6oVPbwtMoS1mph28CP4yv8POlnh4do/Xx7pAOWMFbvu7QH/zB/xd+PSymKw1P58MTrkLtUO/hLenPT2sZ3sGp+oFnk9aHgUzgfrANGl7upy9RIMVSO77hVx97SmaF1rTEK3p2aHgdCD79siOHUDi7N3ABUQoyyJWtkwgGyW0z1TqFSylz20qwyvJcSFs3AmOU7Y860MRO6Mn0cVz4EejOPsQEYkqMH7EPHdJ/ONSYIZRYOp4HqHlSfpqMMuMHhA8w1sR516BbNBwgR/f7XVMw36gTTiOJ5K3kA3rL/a6eWn8OsMZa/APBWPP/EvMJRhinWck2keois/zo4UEl5pJvEzUIJ2nioiIiKRoFAVWo6/xZa3B1J+UrPqw6Ul2kQ9HO9ELTTnvNd0pbPp75BTa8OBmKOux53FYJ6OhE+7I6XRx7jwPxGqXwPSyXqLcgMt6Qc8MTKvc4pXb+LNYu44qdnsGTr57T3WLUcaC9bxyV+Qzs7+zkuIje3uXEbFEQx/1msoY1n8R0+MSZ5kEl0Hodayh11oBtd7tlUq9km/TVIX6IOFdiSUJ0T6nVjA10bgQCMgHx53i4shlTQJjTpTPRHI/0kTZh4hIUvp67hISXN4kxnqhfRGtzOLiZOa4xx6rZwd/YO15Drg+bG3VGOeqtuA5DD1+oO33OI5989IjVB2p5+0ff8D9zy8M+1E4Wp1nB5MB4p1DJDrPiL+PKTHXy+15rm2Vv4DK9VCV1HmqiIiIyNBwDHcF0l7xSlYtCP9zW+xf3Gev4kfrF0Q8VLxyW4/Ak3WRAfRaBiBv4fO8srK41+sD+5u96g0qI4tnwfrU7yK/YP0bsTMeohwDLKDy+ch1yPosTnvmLfxTVoUVvWD9eiJrYgWv48pbyIZtK4mo4YL1/GgAljEoXrkyrD7FrNoWnkFoB8YhuZP7aPWMuNDMY+Gfhj+/gMpe/ZK4XonbNFVJ9IEMqETjQt7C58PGhQVUPv99ZkZsPZsn3+jZ7+Gf6eTqUBnxuV3Zz/eRiIwV/T93mc2T2yK/D1f15zwkSpnFK7fxZ2X9LDLa93rxSl5ZNdva3/oFkY/b2x75KCxr1/6RtvcPtP0fxwFmr7LLqN/L//igOUGdgdmrIr5/ileujzinsA47wXlG3H1YN8XsWWbkd9z3I8tLeJ4qIiIiMrQM0zTNgSywvr6eaQUFfX59YK2cYV+zL7AeVX+n3kcRWFcr0bQoGVl6T++XsaLvaxT2V+ju2L3u2jwIY5eIjD7DN34No+DsnNAyKzo3S0bgO2eQ7msgkqK0uW4UEZG08FVjozULaQBVVlYm3GYULQUwUoTuXB9/jVMZWQLrmyZzswmRgRJYV7j33aITrfMrIjJmTbnLXjKl59R8nZuJiIiISGoUWB1CoTuewoL1+qV/1Ahbl7Z45Z/qxgnCqdOnB6Sc+++7L+E2s1dtY9WFHmvULVivrGkR6ZPW27eHuwqDL+vb/B9r66ncWRv2YCHLNv4B02/fpnXYKpbu2un0AXhoVztJGsga7gqIiIigpQBERPqt51Ta3yz6q6SCovGcOn2632WIiCTSc/zqrPjHYaqJiEhqsqp/H9B1o4iIWLQUgIjIKNP+0ff69Lqch/9pgGsiIiIiIiIiIgPNMdwVEBERERERERERERlpFFgVERERERERERERSZECqyIiIiIiIiIiIiIpUmBVRCRdNdWwuaKCzTVNPR7bRV3C1yXYps9V2sJTuwaj5Pjl1+3q0Q4J1bGrooKngv8StUcT72+poP+HFl5OHbsqtvB+KtUWERERERGREUM3rxIRSXPndh+krnwNpcm+oPk85wapLvnlm9gzSGXH1sTlBqAo+VfU7XqVmsUb2LOm1P67gle2FLFjUzn5g1NJWz5LNlVb/9v0FeeBwkHdn4iIiIiIiAwXBVZFRNJaCatXwyu76oJBwnBNNVtYv9sKo5asrmJzeTO7Xj0EwCu75vV4TRPvb6lkdyDqWrLaDjTWsaviVWrsh8s3VLOm1A5GHrIftIOUTTVbWH9+BXvWlIaeL1lMOYdgRTVrSuvYVbEPFkPNoXNW/as2sSQfK5O2crcd9F3MC9V2sLhuF0+9eggooXxx7xZoqnndqvO513n/gU0syQ+vb1g5Ycd5uQFK5ucFHyldU20HhK02ODq/is3l+da+9xWxY9MD1obHA3UJtEPs7T/dUklD4WJqDvXevmFFFYX7rGM993oND26axsEobSwiIiIiIiIjl5YCEBFJdw8sZXXDvt5Tyut2sX53IS9UV7OnegNFuyvZVVfKmg2LgcW80DNy19TM9HXV7LG3Lz93lE+boKlmn5XdWV3Nng2LqdlXQ1NTDX97aHGw7PJDPfZft4tXAs+vK+J8RIrsOc4XrWNPdTUvLD7H7oN1QB27Ko8yv8ra/47VDbyyy3781UOUb6hmT/U6Cht659rml69jdQmUrF7Hkvwm3t/yKudXV4XK2VJDZNPks2TdathdaS0D0Ov52GoaitgRaIdXEy+nUMM8ux4lVrv1qEMJJaxeVw7R2jjJOomIiIiIiEh6UsaqjAiGYWAYBhgGHp8fr9eP129imiYYBg6HA7fTQYbbRabbSWe3ly6Pj45uDx1dHjq6vNyVP5Hxzht4Wk6AMweHaxyGMwfDmQXOLAxHJhgZ+L2tuHJmYvq6wPTjMx2AE9O09uc3TTDN4W4SGVPyWbJuPpsP1rFkaejRpq8aYPEKO1uzlHmL4W+/aoJpsYoppTQia7WE1UD+A/Mp2f0qTx2yMin3bAJoYn7Jbl6pOGRlq1ZvsvZpF1V33Hq8FCD/AeaXQEPYroqmWRPu84pK4Dz2tPhz1FRWsDu41XHq5kENi3nBKogH59vbx9RMw7kS5q+zyrfqfp5miJzin1/O5upyq667KlhfsdvOus3rVWK4kvkPWOWUzqOcfVxOEP0sKbLKy58Wf8J/9DYWERERERGRkUyBVUlLhmHgM8Hjh+xMN9dudeAwDNo6u2nrsoKlnd124LTbGwyedtp/R7NiwX3kZDTSdnZHEjVw4MwqwBH8dxeunEIcWdNwZ+Zj+joxjQxMHJhk4vf7rSCvyGDJL+ePqWDXZ6v7XoY95b58QzV7AlP27bI3V5fbz1dYgc7qNSzZVM0Se5mAQEBwafw9JBBl2n7drn6VmIzSNdXsWVrD5srj1K3p3xH0WYw21moAMrKc5Z3KndSWraXqiVlhj7dw7LVtXH6sioiHkynxnUp21kZ5otc+hpp1TCfnbOTZR3OHsR6RWo69xrYDsGzjs/S7Wi3HeG3bSeZsfJZHCfv/eOW2xNsuPdtMREREZDApsCppwes36fSaOJ0OJuRkcvN2Jw1Nt7jUfItLza3c7uwe4hr58XVextd5OcbzDpzjv4ZrQinuyd8iY+L9GO6J+D0d+I1M/H7w+/1DWmNJPzkP/9OAlle6ZgPHK17lHNZCpPnTCmH3cerWlFJKHccPQdGGBLdmKlnN0lKg7jg1wGqsdVr/mnVsLl/DnqoiNleet9ZDfR3+46Zy1lRXUbilMiIjtXTeYnjV3nfTZxw9l+DeUvnTKGI3f1uzlM3l+dZarUfns2PTPMp5leN1aygtbeLTo+cS3O0pj8KScxz9rIkl5fk0fXaUcyXzicxDtYLB51fb66IGj72IPPKhEM6dt3Jc644fslvBcu7oZzSVl5Nfd5waCnkhP/72yYraxiIjVe17HCsfgMBeQM8gassxXtu2k3ceSj1QO7q18OuTUFYGJ3/dwqMKXoqIiIgMOwVWZViYGHR4/DgdDiaNz+JS8y0uNrda/712C4833YOSfny3z+C7fYaur/4eAMM5DueEUlwT7iXjjjm4cmaC4cZvuvD5DUwFWseUU6dPD0KppSxdXUJNYC596Rp2rN7C+ooKwL55VSnQVEQJu3vfvKp0HuXnXrWnxa9mdckhGpphSfk65m+p5Cm73PIN1ZTmw3+cv8XaFqxp9KXQ9FVo3y8srrCWCihZTHlJ4rqvqVrN5srAfhbzQnU5+cCaDYvtLM4SyhdHKyif6YVwbrd986pNG2io6F1O7H0FtltDPpA/bzG8amfhLo68W1ZJ4Xn+uqKCc4F2AIizfVz50yjiHLtfr2HHpihtnHxJImmlsBAO7DnGvc8+yqCE9nIf5bGyA+z85CxPzFJkNehsDQeYw8aHLrNtZw1nH32CfrVO7qM8W/Wo9f8tA1FBERERkbHHMAd4/nJ9fT3TCgr6/HrP69aaeO51NQm2lJHE6XTS6bUCqRluFxeabnGx+SYXm1u5fK11SOqwYsF9TMv4kluf/qch2R+AM6eYjLz5ZOQvwZlVgNfnxW+68Pt8Q1YHGXyBcStgzI1fTTVsrjzK/KpNLEmQMCsi6aXn+NVZ8Y9xtraWAmDtWti5k0vLAlO+ey8FYE1Zt/PcC5exMUYQ9uw7leyk97T/no/HLa/lGK9tO2Bn1RdGTJOPWGogLDP27DuVvEcZ1NbSECgvvJzCMsqo5VJgWvvZd6gMFlQYZyq+1RYHgin+ZaytsgKgCfcZt1z79dM38uyjLXY/2O199h2sPwOB1h5T8iPqDoWBfou3FEBEvcLaLvCaZTM4cKA2srwoSwHEan+RgZBV/fvAGDzvEhGRqL5qbKS4uHhAy6ysrEy4jTJWZdA4nU48Pujy+WluaaXh6k0uXWul6Wb7cFdtyPja6+loqKejoRrDPRl3bhmZd36HrEnfxOdpxW9m4lOQVUYie73WgJLVVQqqiowZs3hibRmVsbImz77DtgMzWFv1LLPsYNu2d6YmH1RrOcZ7tVC2dlaU8qxgXai8s7yz7QAz1lbxbCDIuO0dplY9Qe6x19h5aRkbqx4l1w4KvzY9FPRrqIW1VVWhYOSeA7BsI1XBYCQUzsHax85LLNtYZQUdz75DZYyM3ZZjezgwYy1Vz84iEGh871h5jH3GrnvvljrLJ7WFzNmYC+RSvqyQbYGM3lkPUcZOPjn7BLNmAS2/5mRDIXOeyo1e94TZrlZbBOvVcozXttnLP1hHwYGTc9hYVWUHhrfxztTeyza0RLS/1RavHdP6qyIiIjK6KLAqA8rhcOA1DbIz3Zy93MJn9Vepv3JjuKuVFkzPDbqv/DPdV/4ZAPcdj5CRv4is/CX4vF34TLfWZR0lBmoZgPvvu29AyhkUpWvYU71muGshIsNl1hOsLatk5zsPUfVEZKDs7Ce1ULbWDtzl8uhjZRzY+Qlnn5gVPZhXu5PKHjewKly2MRioO/tJLYXLNgZfO6t8GYXb7PLOfkItZawNPvkEVVUALRw72UDhnKfs4OcsKxh58te0PGpPfy97KFSfiGAkMKucZYW1nAzWqIEDNWd59IlZ1j6ejd4suY8+S1XwrxYuNwBzwjYI3+fZT6gtXMbG0IGxrHBbKEAa7uwn1JY9RpVdvdx751B4INCms3iojNDSCS2XaSh7jGdzreN+IqyyLVcvATOiVz50FDz6bOgoaLlMr8N4zA4qRyzbEP4+aOHXJxsoe+xZu/3t98F7VvsrtCoiIiKjhQKr0m+GYeDHgcvtoulGG7/8opHTDc3DXa2057n+IZ7rH9L2m/9CRt5ismb+Ce7su/D5HXjTfo1ZSaS/QdHBWaNVRGTgWAHOnbzz0EamBx9t4eolKJyTQuisrOeU/xk8FsxqtMprqN1G5YHwFxVytQVyrZ1FCdRZQc0ZjyVZj5bLNDCD0Oa5TA3GH2fxRNVaqAwLAMea1t5jyYDCODfja7EOjG2RB0bh1RboEaQ89l4tNNT2CkAHsmHDg818UkvZQ0+EXhu2NEFhvApFHEbYFP7Cwh73FCxkelj1cqcXQq97fVrtX7uzksgql9ECCqyKiIjIqKHAqvSZw+HAZxo03Wrni8abnGq4SkeXd7irNSJ1Nx+iu/kQjqxpZE1fRua0xzB9Prx+l7JYR7CfNjj69LrvFqrPRWQEyH2Up5adZNt7NZSFHmTqDGi43LfwWe6jz7L2ciU7X5tur6NqlVc4J8YUcmtnUYJ1uUwvhJO9gpSxdjydQk4S2twK6IYixrN4oqqKJ8CeGr+Tdx7qOf3dCoD2WnM01i6tA4u5/myo2F9zsqEsbA1V++FjrwUzcHNz72VO4QE+OfsQ1JYRjKuereFA+GvtJQ7iajnGe7Vh673a66rG3PxyQ5RHrfYve6z3EgEiIiIio0nfrvplTHM4neB003y7m4Mnz7LvaB0ffX5ZQdUB4O/8ivYv/orrP/s92j7/Lzi6v8DtaMPpHO6aiYiI9Jb76FMso5basNjarIfKoPYTzgLBbMvwKfAJzHpiLWUNB9hzrCVYXsOBGrs8K6BYWfmO9feshyijlk9CT/Ja5Wsca8nl3jmFNJz8tX3D+7PUHGigcM690YOYufcyp9Ca7m+V82tONvQsM7DtVGb0yNoMZwWVsYOa8Q70IcoaDlATUfdK3jkbuVnLr0/SEKX9cu+dQ2HDSX7dAmAdb+3OnVxaVt5j20tcbYFgXySlgdBhhN3Eyn4u1E72ergP9aqdVZ/3jhFotrPvVFL5WuhvERERkdFAGauSPMOJ0+Wk/soNak9fpPnW2LkJ1XDwXDuK59pRDPcd5Nz9p2ROXYLP48PrN4a7aiIiIrbAGqphAbtZT7Bx2WtsC9xFtXAZG1NKW7TXQz0QuClSj/IoZNnGQPbmLJ7YuIzXtlUSeLZsrX2jJjv7NTjVvmytdWOqWMfx7FouB6f7l1FWBpcAch/l2bWXqdxWSWDSfuGyjTzRq6hAW9hllK1lbVktO2Nm7/aue/jashYrIBy8kVfE7qws1cDar7n3zqEQmHNv2L7sdVsPbKvkAIUsW7uMwp12Zm6Mlgium2pP4y9bu5ay2p2EDqOQZdM/odJOfe1d50AxPdqfMtZWaX1VERERGV0M0zTNgSywvr6eaQUFfX695/VyANzragaqStJPHhPGZ2fx8blGPqy7SEf3yMxMXbHgPqZlfMmtT//TcFelTwzXRHKKnyFj6u/g83rx+hRgTReBcSvgN4v+ivvvu69fSwGcOn06vW9eJSKjQs/xq7PiH4epJiIiqcmq/n1A140iImL5qrGR4uLiAS2zMvjDfmxaCkBi8mOQlZ3Nh2e+YsffHefwL78csUHV0cD03qLt8/+HGx8+ga/lEJmZTlxaImBsaKphc0UFu+ribbKFp+JtEKGOXRVbeL+p7+Wltj97r7sq2FzTlNT+RURERERERNKdlgKQ3gwHhtPJmYZmDn1Sz4CmNEu/md5W2j7fTvsXO8kufobMO7+L1+vBpwzWUavps6OweDHnj9dBaekAlFjKmupNcbfIL9/EnjjPN58/l+I+m7jcABQlt38RERERERGRdKfAqgQZDgc+HFy+1sr7n9Rzu6N7uKskcZi+NtrP7qC9/r8z7p5nyJiyGI/PzQCv7iHDrolPj8L8dUvh9dd5v2kTS/Ltp+p28dSrh4ASyhcHtq9jV8U+ClcXsnu39dzqqhU0VL5KDVCyuorN5c3WNlWbePCzLaw/X0j5oUPUACzewJ41pTTVbGH9+RXsWQO7KqzXApRvqGYNu3jlEMCr7JpXReG+ShoKF1NzqIHVVZtY0hyoV+g1S796nd3ngHOv8/4DK2iotPa/JL+J97dUWs9RYr3efswq81BovwMRUxYREREREREZIFoKQADwGU5utHv4u5/V8Q+1ZxRUHUl87bR9/he0flaJy2zG5dRyDaNK02ccLVzBkvx8HpwPRz8LzJ+vY9erhyjfUM2e6nUUNoRnkJ5j9/l57Kmu5oXF59hdeZx51dXsWF3CuaOf0WsG/iGYV13NnqrVlBzaFzFFv6lmHzWLN7Cnupo9GxZTs6+GptI1vLAYWLwhGOysYR57qq2gbx3WvvfY+6w5Xkd++TpWl0DJ6nWhwDBQt6uS3YWB8gvZXbmLwAIDNXY5O1aXWPsdyHYVERERERER6ScFVsc4PwYOVwY//egcb9V8xpXrbcNdJekjX9vn3PzoKboadpGVnYVT66+OCk2fHaVonhW9zH9gPgQCo3XHqWEx1lP5PDi/JOJ15fZr8opKYPE8SoH8aYXRd1JSRB5A/jRrpn6Y/AfmU3LoVZ6qqGAXa9izqZz8qEXkBf+/tLTUyqatqGD97nhLBljLAwTqSuk8ymngclNkmTHrLSIiIiIiIjKMtBTAWGUY+HFwrvEG/+vnqa6VKOms66uf0PXVPzC+9CUyJn8bj9el5QFGrDoO7j5HDRWE7ndbwqdN5SwZqirkl7O5utxedqCCGhbzQvWaOC+wp/azmh3V1VCzhfXnh6qyIiIiIiIiIkNHgdWxyOHExOAfjv2ayy23h7s2Mij83K7bjGvCfYwv3YTPyMTnzxjuSo053y3096+AuuPUlKxmR1iWaFPNFtYfrGPJmnmU8yrH69ZQWtrEp0fPwSAkdjbVbOGvWcfm8jXsqSpic2VyUdLyFeXk08T7ceuVz/RC2H28jjWlpXYWbiEv5MPlATsCERERERERkcGhwOoYYhgGfsNJ3YVmDv3yy+GujgwBb+tpbpz4Y7Jm/DFZM1fR7dVHfqicOn2632XUHT9EyfyqiKn3+Q/Mp2T3cerWrGHNhsV2FmkJ5YtLYpbTH/nl65i/pZKndlt/l2+ophRoKiqB3fbNqyJfwYPzS9ht12v16sVw9CuaKGV6IZzbbd28KqB0TRWrt1TyVAUEbl5VSpMCqyIiIiIiIpL2DHOA5wjX19czraCgz6/3vF4OgHtdTYItJRWGAzx+Jz/5WR1Xb7YPd3WGxYoF9zEt40tuffqfhrsqw8I57mtM/OZreD0+fKYWYB1IgXErQOOXiIwUPcevzop/HKaaiIikJqv69wGdd4mIiOWrxkaKi4sHtMzKysqE2+jmVWOB/zatV06Snekas0FVsW5udf3Y96D9M9yOruGujoiIiIiIiIjIiKZ5waOZ6cdhdHH25H+j8ew/8a3HfsST5Q/wVs1nw10zGUatp14gs+Axcu75j3R7DN3YahAMxDIAAPffd9+AlCMiIiIiIiIiA0+B1VHK720ne/wdtJv1RAAAIABJREFUnPi7f0/b9XMA/OK9P2fh6p/xYPGdfFp/ZZhrKMOpq/E9uluOM+mbf4XfOQGvT8nrA62/QdGBCs6KiIiIiIiIyOBQYHUU8nRewTA9HPqf3+n1XO2+P+TfrvxnBVYFs/saN07+CdnF/4GM/N/F488a7iqNOr9avrxPr/vG/v0DXBMRkeRMGD9+uKsgIpIUz3BXQEREBK2xOup4Oxu53fQpJ/7uT6I+393exIVT+/gPj317iGsm6aqj/r/T2fA/yXDp9FREREREREREJFkKrI4ipqeFS3X7qTuyNe52n9f+3zi8N/jOwyVDVDNJd12N73H79H8mM8MY7qqIiIiIiIiIiIwICqyOBqaPDLeD0x+8xKXT+5J6Se3ffI9vFE1l0rjMQa6cjBTeW59x4+RKsrJcGIqvioiIiIiIiIjEpcDqSGd2Y5jtHH3rd7h55ZcpvfT0B5tZ/W+/OUgVk5HI9Fyn5X//Lm5u4HSYw10dsdXtquCpisC/XdTZjzfVbOGpXXVAHbsqtvB+Ux8Kb6phc1iZkU9tCdtvBZtr+rKDHup28dSWGgagJBEREREREZFhpcDqCObrvk779Tp+9v9+D5+3I+XXN35+kNamU/zJom8MQu1kJLtxciW01+F0dA93Vca4Jt7fUsErbGBPdbX1bwO80isQWsqa6k0sye/DLprPcy7qrmv4692wusreb9Vq2F3JrmgR2FSUrmHPpnL6UlURERERERGRdOIa7gpI35i+Vm43f8apQxv7Vc4vDv57Fq2p5f7CfE41KIdMQlp/9RzjS1/GkXMvfmPccFdnbGr6jKPnFvPCptLQY6Vr2FFVR2TKZx27KvZRWGUFV+t2VfDKIeuZktVVbC7Pp6lmC+vPF1J+6BA1AIs3sGcN7HrV2vCVXfPYsyZsP83nOUchfxyIgOaXs7m6PFS1mi2s322HZBdvsF5bt4un9kE5h6jJ/w4lx7v54+o1lAa2PzqfHSvOs35fETs2lZNft4un7P0HyyB6/WmqYXPlbjsIXMLqqj4GkkVEREREREQGiDJWRyCf5ybXL9X2O6ga8OGBFXx3zqwBKUtGl9t1L+L//9m78/io6nv/4+9zZjLZFyBBgpCIY9GgoOJCUKNksK6gVi3VWtLEahe01yXt7Q3tvcBthdvegu2t0kX7SzrpJl5tq9Z6a0naRm1U3ECJWwpEJMAQ1qyz/v6YhH3JMjNnJnk9H488HubMOd/veyLM45EPn/M5O+tlN31WRxmRPOsa1OwsVO5hx/PyipR3jKKip27JQR2uVSqsWXlgREC9VNzbfeqsX6XVniJVVJVKKtXCg4uqklRUoYWl9VraOwbgkE7VpupwkdTtVq17ucpblh14vblFBQvcql1whUqc9WrsPb5jU7Nc8w7uVG1S9bJ6uaoOXeNY+ZueqZHKl6vW7daKcqnmmaG2zgIAAAAAMDR0rCaYgHen2tve0bsN347Yml17P9LH7/1BX7z6Kv3sT69HbF0MD50bVirNsMmWe7kCwSSr44woefkFA75mx6ZmqX6Z5tcfOOZc59E0Seor0ublq7AfaxVVuFVbod5u0TLN7+0UndbaIjXX6/6ymgMnNzapoliSCjQ+T5LyNK3EqYZWj1S0Q431pSqukA4MiG3VJpXqM0Xhc2cvckuSmhqPnn9xcamal1Vqfk04Q+2B5lkAAAAAACxBYTWB+Lq3y7vvI71TtzDia7/X8G1dfFuJXOecoro3N0Z8fSS2zn/+SOmmTfYxLvkDfGzETG6hnM2btEM6ZCZpU3WZHitcrruOcdn+2+cP4qkbQo7eMQBN1WV6rK9Ie9Ct+weCNR562dQSaeU6efI3qa60WBX93O5o+aUK1borwiMFKstU4ywPjxMY5FsCAAAAAGCoqJAkCG9nqwLeXXrrz/dGbY8Xf3WFXHesUeO7m9XZ7Y/aPkhMHR/+QOlGkmyjLqFztZ/OevzxoS2QN1UlzppD5582VWtpfakWuvOkoxRLcwudaq55Rk2uChWpSdVly6Qqt+YMcOvwDNUCLeydkdqnMD9PeSqQalZp9ZxFmp3n0eollWooWa7F+UfJr5V6eFWzXPMOK6vm5atQNWpsqlBR0YE17jpG/uLGMjUWu1XhWqTa/PAsVwAAAAAArERhNQH4uttkhHr0xh+/FPW93n1xme648uv6nz+8GvW9kHg6PvhvpU+2yZ5dLH/IYXWcuPbO+vURWCVPsxctl5ZUan5Z37HS/cXOoz1uLs+1SAs3lWlpWfheemf5ci0ukjytx9git1BO1Rzx8KrD1zl4LalCK8p7O0elcPeqK+/Abf4H559XoJplBb23/B+sSBXLy3tHDEhylmuFK095Onp+FVWpsaz3XDlVvryCblUAAAAAgKWMUCgUiuSCGzZsUP64cYO+3rcyPDgvacFQ7lsdPgKBLpnBDv1j1aditud51/9Se0L5erwhEoWh+DHv0inKd2zU3rXR6/odKTJO/6bM7Avlp3NV0oHPrT58fgFIFHx+AUhU/N4IADhY69atmjRpUkTXrKysPOE5dKzGs1BASTbphd/GrqgqSa/94XO6rKJRk08erfc/3hnTvZEY2t97QBlFi2TLvFCBoGF1nLgTmW5V6cwpUyKyDgAAAAAAiDwKq3HM4bDrrzWzLNn7tafKNOeGX2nFk40nPhkjUnvTEuVc+JiCRpYi3Pg+LAy1KBqp4iwAAAAAAIgOCqtxKiUlRXU/v8Cy/dvb3tfWf/6f7rhqlh597g3LciC+7X7lMxpdUq/uri6ro8SleX/4zKCuW3X9YxFOAgAAAAAAIs20OgCOIrhP9TWXWJ1CTfXfUorZo0unFlodBXFsz2sVciQFrI4BAAAAAAAQUxRW44xp+PRh4wqFAj1WR5Ekvfir2bpg8ng57PxRwdEFOjeqs/lHSrL5rI4CAAAAAAAQM1TL4ohpBLRz8wvavuEvVkc5xAeND+pL155vdQzEMe/2P8vreV42g+IqAAAAAAAYGZixGicMw1Ao2KX1f/0Pq6Mc4aO3f6Vxk6/Tpy4+Q7978V2r4yBOdf3zIWVmnCYzdbKCTAaIDE+dFlfWqPmww87y5VrsyhvgYk2qLlulguWLNHugl8bF+gAAAAAAxBcKq3HCZvr0yu9vtzrGMb365Gc06/aXNWlcjjZs3W11HMSpfWvvVeY5j0hJE6RQyOo4w4RT5REpVhapwr0oEoEsWh8AAAAAgPhCYTUeBPbqwzWPqLu91eokx/XGH7+oG+Y8ogeffNnqKIhjnR/8lzKn/UBen83qKMNcuENUpVJdfbMOKcA2VWv+snpJTrlKpTrNU22F9neUTlu3RPdvKpCrvl51klRapdqKovCq1WVaWh/e4eDO2KMd99QdWGdT+VdUWPPnE6zv0eollappllRaKld9Cx2uAAAAAICExYxVi4UC3drX1qQt7/3e6igntGfbW/JsqNftV5xjdRTEsUBHs3pafy+byTyAyGhWTWWZ5pcd+KpuOvDapsIFqnW7tbC0WTXPNElqUvWyermq3Kp1L1BBy+GDBHrVS8Vut2qXl8tZv0qrPZKnbomWqkq1brdq3VUqrFl53OMHr7PYldOP9VeqRuVa4XartljhoisAAAAAAAmKjlWLOZKTte75r1kdo9/eqfuGLpn/V100ZYJeWr/Z6jiIU10bf66c3FkKGrkKMRJgiI4/CqAwP/xCbqFT2iSpqVF1KtXCIknK07SS3uNHLFuoXEnKy1dh76Edm5ql+mWaX3/Qaes8Gn+M49MOXueE63u0tqFZzpIFypOkomK51NKvnwAAAAAAAPGIwqqFTHXr9We+anWMAXuhdpZcd6yhsIrj2vPWvyjngl+rx2t1EgzE0R6M1VR99OMeWk4BAAAAACMYhVWLGKEebW56TPva3rU6yqA0r1mpu+beqYefXmN1FMSpkG+XOjf8WMkTb5c/6LA6jiVWXf9Y7DctKpZLy9TYVKGionCXqAr6d2luoVPNNc+oyVWhIjWpumyZVOXWnGMdH1CwcPdsTcM6eVwu5TU1qk5S+cDfIQAAAAAAcYHCqgVM01T33lZtfONRq6MM2qY3/59OOu1a3XDRGfr9S4lZHEb09bQ+peQ8l8yUyQoGrU4TW++sXx+hlcIzVmsOPuQs14pF+cc4v0gVVaWav6xMdXLKVers9055rkVauKlMS8vqe7dZrsVFkoqOftwzwOft5bkWqLyhUveX1YQfXjWwywEAAAAAiCtGKMIDEDds2KD8ceMGfb1vZfhX7aQFw/ce05TUVNU9eoGkxJ89WfqFV7Tq7+u1ecc+q6Oc0LxLpyjfsVF7195rdZQRZ3RJvbq7uqyOETV9n1t94ufzy6PVSyrVUHLkbfyWa6rW/GXSQneFiqzOAoxg8fv5BQDHNxJ+bwQA9F/r1q2aNGlSRNesrKw84Tl0rMaYaQT09uoqDYeiqiS9+aev6tNXP6QHn2y0Ogri2L71i5V26lflC6VZHWUECN+qv/9XDGe5VsRJUdVTt0T31zTv/95V5aaoCgAAAABIWBRWY8gwDAW8u7V9w/NWR4mYXVteVttHL6j8k+ep5vm3rI6DOOVr+5tCBfNlJmUoOAJmAkRqDMCZU6YM4qoiVbjdqohIgsjKcy1SLff/AwAAAACGCQqrMWQaPr3z9/+0OkbErfvzfSop+7sunDxer7y/xeo4iFMd7/+XMs76voIaGQ+yGlxR9IDIzWgFAAAAAADRQGE1RgxTat/5nnZvfd3qKFHx4i8v16zbX6KwimMKdHyowJ41smXNVCBoWB0nJn5+zeDmyn7h2dQIJwEAAAAAAJFmWh1gpDDl1bsNS62OETXBoFcb36zWXXPPtzoK4lj7e9+V3ZFsdQwAAAAAAIAho7AaC4FO7dj0N3XtbbE6SVT9c83DCnRv15wZk62OgngV8qlr46Oymz6rkwAAAAAAAAwJhdUYcKRm6P1/fN/qGDHx8qrrNfnkURo3Kt3qKIhT3Zt/K9MMyjBGxjgAAAAAAAAwPDFjNdqCndr01pMK+DqtThIz6/7yr7pl9vf0g9+9bHUUxKmO9/5LqZ/4N/lDjAU4Lk+dFlfWqPmww66q5SpYVamWeW5VFFmSDAAAAACAEY/CapQ5UjK14fWfWh0jpnZs+qt2t67R/NlTVbt6ndVxEId8u15WckeTzPTpCgaDVseJc06VL1+k2XmHHV7ktiQNAAAAAAAIo7AaTaEuvf+Pn1idwhJv/WmBLv18g851jtMbzVutjoM41P3x/yrjjCnyBh1WR0lAHq1e0tuxqmrNXyW5VK+6ZknOcq1Y5FKepKbqMi2t77umVAvdFSpq6t/5rqq+btgmVZctU52kYxZ5AQAAAAAYgZixGiWGYcgI+bXl3SetjmKZlx6bK9c5k6yOgTjl3/26Qr69zFo9oWbVVJZpflnvV3XTUU5pUcECt2rdVXI11+iZJklqkordqnW7VeternJnvRqbjnN+U7WW1pdqodut2uXl2rSsWk3yaPWSZVJV7zpVBapZWSdP7N48AAAAAABxi47VaAl16b0X/8vqFJbyd+/WR2//Vl++9kb95I+vWR0Hcahz4yNKO+1r8gWSrI4Sx47WJXp4abNA4/MkKVcFTqlFklSkoqLDulCPc76ntUUqnaciScpzabFbkprU2CzVLSvr7VgN51nrcdG1CgAAAAAY8SisRoFpmjJk0+7ta62OYrkPGr+vmae4dNX5Tj235vBH8GCk87U1yDjtHhmGQ6FQyOo4w0vvg69Uvly1boVHBwxqIW7/BwAAAADgaCisRoG/y6b2bWm69HN/UcfujXqn/ltqb3vX6liW+cdvr1HpF17VK+99rJ37uq2OgzjTtfHnSjnlS/IFht+s1S88m2pxglJ9xpUneerU0CwVHufMvPwCqaZRTRVFKvLUaXFlg0qWL1CBs1k1zzRpdkWR1FSt+csUntUas/cAAAAAAEB8orAaBUkpdj3+5Z2SpKsW5+uC62vl7dqh9176rnZs+qvF6ayx/q//rrLL/1M/+N3LVkdBnOnZ9ielnXqXFLA6SWS9s369tQHypqrEWaOlZfWSs1zlpVJDq0fKP8b5RRVaUb5E95eVSZKc5cs1Oy9PWlSllrJlml8v9XWvUlQFAAAAAEAyQhG+/3bDhg3KHzdu0Nf7VoanACYtqDvBmfEp5LOr6Vm//vHTrkOOX3pvms681qFAoEPNax7SlqYnLEponXOvfVTdyU79uv5tS/afd+kU5Ts2au/aey3ZH8eWcvKn5Tj5c/IHE3PWat/nVp9E/fwCMPLw+QUgUSX6740AgMhq3bpVkyZF9gHqlZWVJzzHjOiOkBGyaf3TPUcc//sPOvXjT+7WG7+2yXnev+qyz7+gSdO/ZEFC67zxxzs0NitZZ53CsEYcqvvjx2WKMREAAAAAACBxMAoggkIBU7s/CmrPluAxz3nV3a1X3d06c26yiu+oUOHZFdr6wdN694UHYpjUOi//70268pan9fbGw59qjpHO2/YP2XOvkH8YjASI1BiAM6dMicg6AAAAAAAg8iisRlD3Tpve/kP/uu7eebpH7zzdo1MuStJl98xV6Rdu0I6Wv2nd81+Lckprdbe3anPTk/riNdfqZ8++bnUcxJGerX9UUu5lkpKtjhIRQy2KWj6jFQAAAAAAHBeF1QjKyrfp/b94B3TNxpd82viST2NOM3Xlty6W64412rP1Db3x3FcV9A/PW6Pff3GpLiq8TJefO0l/eWOD1XEQJwIdH8gIdskwUhTh0c+WeelXJYO67qLbGiKcBAAAAAAARBozViPE32lq/R+PnK3aX20fBvXr8n36+fU71dV2pmaVv6ALb3xMadmRHbwbL1769ZU6+9Rxykx1WB0FcaR7y+9lM3xWxwAAAAAAADghCqsRYpoOvfPM4Aurfbr3Sk/c3a6HS3fK8+4EFd+8Shd95hmNGj8jAinjS1PDd1RxxTlWx0Ac6dn2nGxJFNsBAAAAAED8o7AaAYZhqGt3QG3NkX3qzrPf7NDDrl3a8OIonXPlQ7rktr8o/xNzI7qHlVrf+706dr6nz1x6ptVRECdC/r3y710v0+SjCQAAAAAAxDeqFxEQ6LJr7ZND71Y9lrrvdmjl5bu07nfJmjzz33XZ5xtUeHZF1PaLpdefKlP+6FSdMXGM1VEQJ7pbfy+b0WV1jPjgqdPisiVa7Tn8WLWaLAvVl6FM8w/7qrY0FAAAAAAAsUVhNQJSc+xDmq/aX42PdOknV+7WSz8NauKUL2tWRaM+MfNrUd832l793W265oJPWB0DccK34++yJWVYHQMn5FT5crdq3eGvFeVO1a2qk+fEFwIAAAAAMCzYrQ6Q6AzDpg/qeqQYPsR87RM9WvtEj06blaSSr96kCbfP0/YNz+ud+m/GLkQEde7+p7Z++KzuuGq2Hn3uDavjIA50ffy47GNvUiAQ2fEaw42nbonubyjRikUu5alJ1WWrVLB8kaatW6L7N5WovKVGNc2SSqu0onCV7g9/o4XuChXJo9VLKsOvS5KzPLxOU7Xmr5Jcqldd80HHT5Alb2qJnDWbtENSnqSm6jItre9berkWu/LCna6VNQpv6VT58kWanSdJTaouW6Y66aB84WOqcquiqPe9bpqn2gqpumyVVCrV1RdooXuOtux/HwetechefWsemkulVaqtKIrA/wkAAAAAwEhEx+oQ+dpNrft9tyV7f/hXn6pv2qcn72lXcrJLrjvW6JyrV1qSZaia/rZIKWa3Ss8+xeooiAP+PWtlKvpd4ImhWTWVB91yv79YeAL1DdICt2qXl8tZv0wPa4Fq3VVyqV6NTZI8OzR+QV/HaZVczQ1a29du2tyiggV9x2v0TD9u8fesa1Czs1C5ChdBl6pq/9qFNSu12iM1PVMjlS/v7XCVap5pkuTR6iXLtGn/8RYtXXKiztdmbSpcoFp3hXLrVqpG5Vrhdqu2qkA1K+vkUZOqKxtUstx9YM3qJslTp8fqS7Ww7z3Xrzp0zAIAAAAAAANAx+oQpY+xaes71nbVbX3br1/N36f0PEPXfPtcue5Yo3073tXa57+mno6tlmYbiBd/dblcd6zRP5o2q9vrtzoOLOTb9apsSenyBSiuHtrZqd5OzE39uKxE0/IkKV+FcqpganiBAqfUIkl5RYd1rTpVvv/iAo3Pk6TcA+cfIVzwrTkkZ7iztWlTs1S/TPPrD5ztXOfR4uJSNS+r1Pya8HuqdUlSk1qanSpZEM53oPM1/7hvrzA/fP6OTc1yliwId9QWVah2UfhntEnNqjskX6OaKuaoxFmjpWX14W5V96IT/RQBAAAAADgmCqtDYJqmdnwYjOkYgOPp8IT0+Jf3SZKu++9JuvjWZ9S1d7PW/22x9mx70+J0/fP+S/+tO6+6Tz966lWro8BKoYD8Hc0ykwoUDAatTjM8NVVr/rJ6uarcqi0KjxEYmAMF376RBNMOmhew//b/Q1So1l0RPr+yTDXOcq1YdPwC6uAduP3/YEWL3JrdO2Zgfr3k6h01AAAAAADAQFFYHYJAj6lNjV6rYxzVU1/vkNShT34zT9PnPCJv10590Lhc2//5Z6ujHdfm9Y8p//RP6aZLivTECzxifCTzeerlmFCmRK6rXnRbQ1TXz8svkJp755o2NapOOqjrtB+c5ZpTJGkw1x6cw7VICzeV6f7qfNVWFCm30KnmmmfU5Dp0VmpxY5kai92qcC1SbX54lmu4K7ZZDes8mu3K6x0pUKLc3m7ZhlaPVCStbWiWCo7cO7fQqeaGdfK4eufDLpMWuotVqBo9VjdHi115B2bRLpAeXindtcilCvdyFSypPEY3LgAAAAAAJ0ZhdQj83aY2v+GzOsZxPf9Ah55/oEMXL0jX1Bu+rTMuXqh/vvFTbX77N1ZHO6ZXf3eLZt3eKGf+KDW37rI6Dizi3fmykid8VpLN6iiD8s769dHfpKhYLi3rvbW9VK6BXtu8TPeX1Uil5Sp31qtlxxCiVFTJVbZM81Wl2opwoXVpWXgWgLN8uRYXSSqqUmNZmeaHj6p8eYXyJM1eVKWWskrNr5HCnabhkQLTSpyqqQmPDnCVOo+67/6ibln4pn9XlVtFkoqWl2tx5ZFr3lWyZP+5Kq1SLd2qAAAAAIBBMkKhUERvZN+wYYPyx40b9PW+leHSQNKCukhFiprk5BT9+JO7FEqgjrrpn03WeZ9Llj0pqI/W/0bNr/zI6khHlZl3ps6/rkYrnmyM2JrzLp2ifMdG7V17b8TWRHSNuugZ9Xjj/xl7fZ9bfRLh8wsAJD6/ACSuRPq9EQAQfa1bt2rSpEkRXbOysvKE58R/xSJOGSFT294NJFRRVZJe/3WPHrlmr+r+26uxBZ9V6e0vq+jSxVbHOsI+zzva9s/n9YWrzrU6Cizk2/WabLbE7FgFAAAAAADDG6MABql7t6HNr8X3GIDjee/PXr33Z68mTLer9OtXyvWFa7Xjoxe19s/x0825vn6hLv5cnS45q0AvvM0kxJHI66lXatZ5CiTYvwFFagzAmVOmRGQdAAAAAAAQeRRWB8m02fTxG91Wxxiyza/7VXvrPuVMNHXl4gvlumON9m5/W2/++V75u3dbHU8v/tIl1x1r9NL6loR+iBEGx7uzUWmndkrKsDrKgA21KBqTGa0AAAAAAGDQKKwOUuZYmz5+y291jIjZ/VFQj32hXaZduv77k3Xp5/6izt0b9Xb9t9Te9q6l2T585Ue6a85X9KOnXrU0BywQ7JYMmwzDUITHQcfEw8++Oajr7rrmnAgnAQAAAAAAkZZY99fGCdM05fkg8ear9kfQL/3u3nY9XLpTrW+N0wXX1+qiW55VbuEsyzK1rP2FvO2bdcNFZ1iWAdYJdDTLMPmoAgAAAAAA8YVqxSAEvDZtesVrdYyoe25xp1bO3qUPVmfprNLv6dL59RpfdJMlWV554madOi5bhWOzLdkf1vHveUumYXUKAAAAAACAQ1FYHYSQ39DHbyTug6sG6u8/6NSPP7lbr//aJud5/6rLPv+CTpn+xZjneOOPX9FNlxTFfF9Yy7fvPRmhxJ9nDAAAAAAAhhcKq4OQmm3q4zeHz3zV/nrV3a2fXb1HDT8K6ORP3K5ZFY06/ZKFMdt/99bXtKOlQRVXMH9yKJKnPq3RJU8rc3zvgcm/0OiS+vDXzAeVLEm6SZkzDz8mpZ9Xr+zJsc0b6PhApj0ltpvGk6ZqzS8rO/BV3XSiC1RdtkSrPUPeWNV9ey6p09GX6zunWoek8tRpcb+yHrxU9ZHrHIenbknv+h6tXlKmgWwFAAAAAEAkUFgdIMMw9PEb/mE5X7W/3nm6R49et1d/+o8uZY+eo9IvvKqzZn8vJnuve/5+ZSYHNeOMCTHZb9gZ/6BSczIOOvANZZ9UIHU+p50NzylgP0epU2+Sxl8im71FPQ3PKWA/TY7x4WuTHG+q+/3YRg759igU9ErGSJwH0KTqZfVyVblV63ar1l0lV/0yLa4bctX0hDx1q7SpfLlq3W4tLKjRM8csXDrldNar8aDXPesa1BzlfDs29e2Qp9mL3KqgmR0AAAAAEGN2qwMkGsM0FQgk3tPJo2HjSz5tfMmnMaeZuuJbl8h1xxrtbn1db/7pbgWD0ZtB2+C+TK471ujldzdHbY/h6SZlFp4j+dsP+pv/Xe1p+G74P8c/qOOVLtPzz1GorVQ9UU55NIGODTJTJisYGmF/9zyt2iSnSnL7DhSpwu0+8HpTteYvq9//ravqyAJjU3WZlvae4ixfrsWuvHBHaWVNb/HTqfLlizQ779Dr8vIL1LxqnTyufDXWl6q44tgxS0pK1dDqkYryJHm0tkFylTpVd9ycHq1eUqmWglLV1beo/CsFB9523RLdX6PeXE2qLlvWu1Zv1h3Vve9pmaqLl6tgVaVa5rk1p3WJ7t9UIFd9ffj80irVVhQp3NVaqZpmSaWlctW3qOAo7xkAAAAAgIGgY3XTCrhZAAAgAElEQVSADBnas3kEt6seRduHQf2mvF0/v36nunedpVm3v6QLb/yt0rInRW3PDa8/ogVzz4/a+sNR8tRyJelNdbXtPMqr31C28xxp90Pave4JacsLCvgLlFxylWydL2ifrOlW7ePf+5bMkfgEqzyX7iqXairDt+Qf3qnapOLeTla3VpQ7Vdd4aFupp26Jlqpqf7drYc1KrfZITc/USL3dqCvKpZqjtaMWVWhhQY3uL2tUsbtCx20IzS+UGtaFxwV41qlBJSou7F/OOhWr1r1Is3P6Tq7W/Q0lWuFepNl5Hq1eskzq69itKlDNyjp5iiq0sFRSadWRnar1UrHbrdrl5XLWr9Jqj+SpW6kalWuF263aYh0o+AIAAAAAMAR0rA6Qt0Pa2xqwOkZc6t4rPXFXuyTp2qUTVXzzKnW1b9W7Dd/Rri0vR3SvDa//VHnOq3Rd8el6qvG9iK49LI1/UKk5kq/5PvVk/ELpR5zwXe1p+FCZM+/W6JmXqOMf92nfP57Y/2r6efUKtZVKU5/W6JwMSS3qafi8OmIU37/nHTlO6paUFKMd40eea5FqXVJ4nmml5tcc6EwtKio6tBu09NBrd2xqluqXaf6BZlE513m0uLhUzcsqNb8m3AEaXv9g4S5RVS1XeUulHqubo7u0UvdvmtfbAXqY3Kkq0Uqt9bg0bV2DVLJAuWrY//LxcjoLcw9aqF5LlzlVvrxC4WbSHWppluqWlR1UDHVqrcel8ToGZ6FyJSkvX+HarkdrG5rlLFkQXrOoWC61HOtqAAAAAAD6jcLqAAV9hvZto2P1RP64sENSh1zfGK1zrnpIPu8effjyD7T1g2citscrj39Ks25/RePHZGpL276IrTscJY85TaYyZDrrNbr3WJLzaWVqrvZt6TvrCQW9d0tpo2WXDtzy3ztbtev9byilRPI1PyQV3q2kqTdJ6544fKuoCPZslWGM9Ab78BiAOXVLdH9jkyqKcsO3t/d2Yqpuie7fdORV+2//P0SFat0V4VvuK8tU4yzXikUu9Z3VN191cVGetKhKLWWVul+Sq+pYfat5mlYiPbyuSWqQShbkSev6XvP0K2dYqRZWSUtX1mna/jxHH1XAs6oAAAAAAFajsDpAhmmo3UNhtb/qvtuhuu92qPjOVJ1z879r8sx/1aa3qrXpreqIrL/2+fv0mU8+qAd/F9mO2OGmZ93cA4XSyb/Q6JNGy9c8V/v0oHJK+kYASKZDUuf6QzpRD8xW/YZSYh9dkhTs8ci0J0t+v0UJBueua84Z2gJN1Zq/rOWIwuLBXZ6ueS7lyaPVDc1SwaGX5xY61VzzjJpcFSra34XqVnFjmRqL3apwLVJtfrXmrzr0ugPzVV3KU5HmlDtVVyMV5OqY8qaWSCtXqaG5QJ85yuzS4+U8RFGFFhaU6eG6qVrsylWBs1k1zzRpdkVf16u00H2cga9HJtO0EqdqGnrfT1Oj6iSVD2AFAAAAAACOhsLqACWlmGqnY3XAGh/pUuMjXZp2U7JmVHxJp07/kj5+93/1/j++P6R1d370onZ+/IrKLp8m91/WRijtCLLlPu3O+IVGn3S3RpdI8r+pjte+e+D1/d2qkvRdde++ROnOuyW1qCdG3aqSFAp0SMd9tFb8eWf9+qEvUlShFeW9XaV9x0qrVFsRrlxOK3GqZlmZ6uRUeXmp1NAqj/L3X57nWqSFm8q0tCx8C76zfLkWF0kqqlJjWZnmh48edOv9gX0XFpTp/rKaA3sub9XiymqNP9a81bypKlGNakrnKfy4qP0vHCPnsau0RXPKpcqVWj11kWYvqlJLWd84g3D3apEkT6FTqul9eNUJfox5rgUqb6gMv5/SUh0x+QAAAAAAgEEwQqHIPmZ7w4YNyh83btDX+1aGf+VNWhCfjxdJdqRq5eVHe/gPBuK0WUkq+ZdUpWab2r7hz3qn/ltDWu/SzzfohaZteu2D1mOeM+/SKcp3bNTetfcOaS9YI2fGE/IF0xThj6yI6Pvc6hOvn1/QIV2vx30gFzBC8PkFIFHF+++NAIDYat26VZMmRfYh6pWVlSc8h47VATAMQx076VaNhA//6tOHf/Vp3Fl2XV7lkuuONdr58ct68093DWq9F351pWaV//24hVUktqC3TUZSelwWVhHfPHVLdH9N8/7vXVVuiqoAAAAAgCGjsDoAhmFo39aA1TGGla1v+/XL29qVnmfomm+fI9cda7RvR5PWPv919XRs7fc6QX+nWtbWasGcW7TymTVRTAyrhHq2y3AUWh0DCSjPtUi13P8PAAAAABiA/nSsjvTHbA9IKGRo71Y6VqOhwxPS41/u0MOlO7V706m6+NZnVPzp3yn7pP4//OfDV36okHeHrr7gE1FMCqsEuj6SYSTWnFUAAAAAADB8UVgdgKDP1D4Kq1H31NfCBdbNa8Zq+pxHdMln/09jT72iX9c2PjZXRRPHKC87LcopEWuB7m2S/FbHAAAAAAAAkERhdUBCwZD2baOwGivPf6dDK127tP6P6Soq+bYunf9XTTjr1hNe93bdv+m20qkxSIhYCno9MiisAgAAAACAOEFhdQCMkKF925ixGmsvruzUT67Yo1fdhiadc69mlb8k5wVfPeb5ng2rtWfbm7rNRXF1OAn27JCCPqtjAAAAAAAASKKwOiD+HmlvKx2rVnn91z362dV7VPd9r0465TaV3v6yii5ddNRz33z2i8rNTNK0SSfFOCWiJyTDdFgdAgAAAAAAQBKF1QFJzrBJPDvHcu/9n1c/v2Gvnvp6hzKyr5LrC69q2hUPHnFe46ob9Mnpp1qQEFER9Es8vAoAAAAAAMQJCqsDEAqGZPITixubX/fLfcs+/erze2QEZsh1xxqdN7da9pQcSZK306OP3nlcX7rmPIuTIhJCIZ8M/mUDAAAAAADECcqEAxAKSoaNwk682f1RUL+9vV0/vXKn2lsn69LP/UUzbn5cGWPO0Af/+K5swT10rg4HIb8M/mUDAAAAAADECbvVARIJHavxze+Vfn9fh6QOXbU4XxfcUCtvp0fvvbhM065Yoda2fVZHxBCEgj6FQlanAAAAAAAACKOwOgDBoGTYrE6B/nhucaekTs26P1tnXf19BfzdGjcmU4E9VifDoIX8MgxTUsDqJAAAAAAAABRWByJEYTWuONKk7AmmsvJtyjzJVEaeTWmjDaWOMpSaYyo505Aj1VAoZMiwJcuQZMuYbHVsDFbQx8OrAAAAAABA3KCwOgDBoGSaFHaiwZ4mZY83lT3+QJE0fYyhlGxDaaPCRdKkNFN2R7i43ff/IRgMKRQKyRvwqcffrXZvu3Z7d2lj927t2rlLbZ1t8nR4tLV9q5ZfuVyGLdXid4rBCoX8Yiw0AAAAAACIFxRWB8AwJIO6zgnZHb2dpONtyhpnKj3PVPpoU6k5htJG25ScISWlGbI5DJk2yex9IFgoFFIgEJQ/6Fe3v0edvk7t8e5SS9dO7dq1S21bwkXS7R3btWXfFu317u13pusmX6dQKChv0FTG2Q+p/a27o/X2ES1BrwI9HknZVicBAAAAAACgsDpQ5ggbBWDapVETw0XSzHGm0nNNpY8xlTrKUFqOLXy7fZohW7Jksxv7C88HiqQB9fh71Onr0G7vbn3UvVO79uzSrq27tL1ju7Z1bNOWfVu0pye6w09vOON6BXt8+rg7SafmnBnVvRAdhj1DpmO01MOMVQAAAAAAYD0KqwNgGEZCd6ya9r6ZpKYyx9mUmWcqbYyptFGGUrNNJWcZSk43j14kDQYVCATU4/eq07dPe7y79XF3m3bv3a22bW3ydHq0rX2bWttbtat7l7Vv9DCmTOWm5cnf3i5fwK62rqAy6VpNOIY9Qwr5JTGOAwAAAAAAWI/C6gAYZhyNAjClnJNNZY8PF0kzxvZ2kuaEH9yUkmUoKd1QUrIhW9KhRdJgMCR/INxJ2uVv196ePWrtadOu9l1q84Rvt9/WsU1b27eqravN2vcZAXfPuFud27YqJTtHPZ0hNbT4dcPpdK0mGsOWoVAwID62AAAAAABAPKBCMQCGEdw/DzTSsk82lX2yqazeImn46fa9hdJsmxxphuwpkmk39o8jCIWkYDAofyAgr9+rLn+H9nr3antPm3Z27FTbjjbt6Nyh7R3b1dreKk+nJyrZ490lEy7Rtkf+nybeeef+u8jpWk08hj1DUsjqGAAAAAAAAJIorA6Macjox4zVrL5O0pNsyhhrKD3XVNooU6nZhlKyTDnSDdlTwp2khxdJA8Ggenxedfs7tc+7Tx95d2hn507tbNspT6dH29vDRdLtnduj+16HialjpyrZ5pDn2WdV8KUvy+sPV1YbWnx0rSYYw56hEHVVAAAAAAAQJyisDoBhhjTtxmRNmZO8v0ianHFQkdRUePzjwZ2kAZ+6fJ1q97Vrc88O7ereqbZd4U7SbZ3b1LqvVds6tln91oatsmnztfftdZIkw2aq23/gwUd0rSYWw56hkOJlFgcAAAAAABjpKKwOgOHwK2dKQG0dbdrq26UdXR7t/HjnIbfbt7a3Wh0TB/nEmMlq+vZ9+7/v8Qf3/zddq4nFtGdI6kfLOAAAAAAAQAxQWB0Aw5Se+/BZ1a6ttToK+uHGM25UoLtLXc3NMh0OSZI3eOg5dK0mDsOeKRl2SX6rowAAAAAAAHBf7UAYMjUxa6LVMdBPcybP0c7V9ZKkpFGjFDrKgM6GFp8cWXStJgLTMYpHVwEAAAAAgLhBYXUAQsGgJmZTWE0EKfYU5abl6qOf/ERSuLB6LG1dQWWc/VCsomGQTEfuUYvjAAAAAAAAVqCwOgChUEhj08daHQP9sOD8Beps3bL/e3t2to71SHm6VhODLX2SQsHgiU8EAAAAAACIAQqrA9Tj79Ho1NFWx8AJXDRhpratenz/90k5Oceqq0qiazUR0LEKAAAAAADiCYXVAWr3tmt85nirY+A4po+bLrtpV9vzz+8/Zs/KUvA4RTm6VuOb4chVKOi1OgYAAAAAAMB+FFYHyBfwUViNc/OnzdfeN9885Jg9K0uB4PG7HelajV+21AkKBf1WxwAAAAAAANiPwuoA2WXTyZknWx0Dx3HqqFO1+dGfH3LMlp6uwAnGc9K1Gr9sqRMU5OMKAAAAAADEESoVA5SVnE1hNY7NmzJPvs4Odbe0HHLcnp6uoIwTXk/XanyypRVKclgdAwAAAAAAYD8KqwNkl00F2QVWx8AxXPuJa7Xz+b8ccdxMS5M3dOLCKl2r8cmWftpxZ+QCAAAAAADEGoXVAQqFQjop4ySrY+AoMhwZGpU6SpsfffSI12zp6fL3o7Aq0bUaj2ypJysUPMEsBwAAAAAAgBiisDoInb5OjU0fa3UMHOYr539FnZs/OuprtrQ0+U7w8Ko+dK3Gn1AooBAdqwAAAAAAII5QWB0Er9+r8ZnjrY6BwxSfPENbH1t11NeM5GT5Av1fi67V+GHLLJJhy7A6BgAAAAAAwCEorA6CKZMHWMWZC8dfKFOmdtbXH/V10+EYUGGVrtX4kZR9tkIGD64CAAAAAADxhcLqIKTaUzUxa6LVMXCQ26bdpr2vvX7M102HQ97AwG4lb+sKKmPaj4YaDUOUNGqGAoxXBQAAAAAAcYbC6iCEgiGdNvo0q2PgIJNyTtFHjzxyzNcNm009AyysNrT45Mg+a6jRMET2zNMVDAyg3RgAAAAAACAGKKwOQigYVGF2oTIczH2MB58967Pytu+Tt7X1mOcYNpu8/oE//IiuVWuZKeNlWB0CAAAAAADgKCisDlKHt0MXjL/A6hiQdPVpV6vtuT8f9xzDNNUziKZHulatZc86S37GAAAAAAAAgDhEYXWQ0mypmjlhptUxRrzRKaOVnZKtj2tqTnhu1yArdHStWscxulihkM3qGAAAAAAAAEegsDpYQem88edZnWLE+9J5X1JHy6YTn2gY6vYPbg+6Vq1jz56qYJCWVQAAAAAAEH8orA7Brq5dmjp2qtUxRrQLTr5AW3/9m+OeY8/JGfI+dK1awJauUDCkUGjgs3EBAAAAAACijcLqEIQCIV148oVWxxixLpp4kYxgSLteeOG45zlGj5aGWJujazX2knNnSbYsq2MAAAAAAAAcFYXVIch2ZGnGyTOsjjFi3Xrmrdq7Zs0Jz0vKyVEwNPTbyelaja3k/GsVYAoAAAAAAACIUxRWhyIkOWwOjc8cb3WSEakwp1CbVv74hOfZs7OlCNxOTtdqDBlJsmdMZr4qAAAAAACIWxRWh6irp1MXjL/A6hgjTtm0MvXs3S3/zp0nPNeena1ghMZ00rUaG468yxT0e62OAQAAAAAAcEwUVododPJoFU8otjrGiHOl8wq1/fFP/TrXnpmpYIQegETXamykjJsjf8hmdQwAAAAAAIBjorA6RIYMTR4zWQ6bw+ooI8ZJ6ScpMzlLW371q36db8/MVCTvKKdrNfrs2WcrGAhYHQMAAAAAAOCYKKxGwO7O3YwDiKE7p9+p9o3/7Pf59vR0+SM0CkCiazXaknIvVdDfZXUMAAAAAACA46KwGgFZSZmaOWGm1TFGjOn509Va279uVUky09PlDxkRzUDXavSkjLtWgSBjAAAAAAAAQHyjsBoBoWBIMybMsDrGiDCrcJaMYFB7Xn6539eYaWnyhSL7R52u1egxUwsVYAwAAAAAAACIcxRWI6TD26Gz8ii0Rdunz/y09jS+MqBrbKlp8gcjOAugV1tXUJnTfhjxdUey5PzrJXuO1TEAAAAAAABOiMJqhGSY6So/p9zqGIeZqwdufEpPXXPPgUMzVuqpW57q/Vqpew4+75an9NSND2hu76n3XPOUVsZZI+7ErIna9PDDA7rGnpYqXwQfXtWnocWnpOxpkV94BEud+Fn5IzkQFwAAAAAAIEoorEZIMBjUSeknyTnKaXWUXnP1wI13aqrj4GP3aOWkCdLe1brut49onXeCZl9zjzS5WJMcm7X6t6u12TFJxZMlTX5AM1LW6U/9v+M+6m4/53Z1796pwL59A7rOSE6WL0p3lu+kazVi7FlnSbZ0hUIUVgEAAAAAQPyjsBpBDiXp02d+2uoYOlBUbVe7d3Ar3HPaVO3++Jt6OrLBhuTyUy/Xjqf/OODrzKQkeQPRKdb9na7ViEmdeJsCwSSrYwAAAAAAAPQLhdUIMkKGpo6dqry0PKujSNqs1b/9jTYccuyHWvDb1dqcNVtP3XKnpnav1nXP/lB6v1EbvBM0+5bZmrD3ZX1T8detOjFzotKT0rX1sccGfK1ht6snSoVVia7VSDDsGbLnTOehVQAAAAAAIGHYrQ4w3HR5u3TzlJv14zU/tjDF0/rmk09LmqsHDjl+j1beMls52x/RdXXSAzfeqaeuka579oe95/eedc1T2v3xdZLr13pqbIbCRdoFsrJ0eMd5d6j9n82Dutaw2aLWsSqFu1ZvOJ2u1aFIOflmBaL4/wgAAAAAACDS6FiNsCxbplynuJRiT7E6ypEmj1WOpN0dT0t6Wtu7JWWdrnsOOaevW/UeXT1WWvd6eBbrDNfcoy4ZK9PGTlOru3ZwF5umevyRzXM4ulaHJmX8zfL7o/CEMQAAAAAAgCihsBoFm/du1k1FN1kd40jvb9duSTnpcyXN1dgUSd5d+udBp8TrbNWQ36+9r702uAUMQz1RvsOcWauDlzSmREEeWAUAAAAAABIMhdUoyE8ZpxvPuNHqGEfxQy3YsFkZY+8Mz1h1bNbqJw8qok4+eLbqD/Wn7dLU6eHzXq6zrtR6c9HN2vPiS4O+3jAMdcegG3JXV1CZ034Q9X2Gm5STb5afh1YBAAAAAIAEw4zVKDANU1v2btHcyXP19PtW9n4+fcjsVEnSywt03bEeSvX+N/XZ9w+6uu6zcdG5Oj5zvF5/+F8Gda2ZliZJisVd5n9r8emG08+O/kbDSNKoGTJTCxUIMAYAAAAAAAAkFjpWoyQvJU/zpsyzOkbC++L0L6p7Z5uC3d2Dut4xapRCMbzNnK7VgUk/7R75g8lWxwAAAAAAABgwCqtRYspQj79HlxVeZnWUhOY6pVQ7/vDUoK9PysmJYJoT+1uLT0nZdK32R1LuZQrZMmJa+AYAAAAAAIgUCqtRlG3P0q1n3Wp1jIR1as6pSk1K1dYnnhj0Gkkx7liV6Frtr3TnV+UPMFsVAAAAAAAkJgqrURQKhZRqT9W54861OkpCun367Wp///0Tn3gctqwshYKxLazStXpiySddpZCS6FYFAAAAAAAJi8JqlKWbabrSeaXVMRLSWXlnacsv3ENaIyk7WzGuq0qia/VE0k69Sz66VQEAAAAAQAKjsBplwWBQp485XZefernVURLK1c6rFfB6tW/t2iGtY8/IUMCCrki6Vo8tOf8GBayodgMAAAAAAEQQhdUYSDfStOD8BXLYHFZHSRg3Fn1KexpeGPI6towMBUNGBBINHF2rR5c87jr5A3arYwAAAAAAAAwJhdUY6ezu0L9d8m9Wx0gYJ2WM08b/+Z8hr2NLT5cvGIFAg0DX6pHST7tXSsq1OgYAAAAAAMCQUViNEYfhUH56vi6eeLHVUeLegvMXqGvHdik49IqoLS1NPos6ViW6Vg9mS3cqKXeW/EG6VQEAAAAAQOKjsBpDo+w5+vpFX7c6RtybVXiZPL/7Q0TWsqWlKWBhYZWu1QMyp/ynfIFkq2MAAAAAAABEBIXVGDINU617tui+4vusjhK3Jo+ZLIctWdv/EJnCqpmaKp/FD0qia1VKmfAZBc1MhSx4kBgAAAAAAEA0UFiNsTHJY/SJ0Z/Q9HHTrY4SlyrOqdC+pvURW8+WkiJfIGLLDcpI71o17FlKLazggVUAAAAAAGBYobBqgRxbtr5x8TesjhGXisacoS01v4jYeobDIW/A+i7Jkdy1mjnl2/JZ9QQxAAAAAACAKKGwagG7ade+nn1acP4Cq6PElbmT5yrg7VFHU1PE1jTs9rgorI7UrlVH7iwZqadE4jlkAAAAAAAAcYXCqkWybJk6f/z5KsotsjpK3Ljh9Bu0669/j+ia4cJqRJcctJHYtZpaWCFfIMnqGAAAAAAAABFHYdVCGWa6FpYstDpG3MhLz1PLQw9FdE3DNNUTBx2r0sjrWs06+yEFzDFWxwAAAAAAAIgKCqtWCklmyNQd595hdRLL/cuMf1Hntq0RX9cwTfX4I77soI2UrtXUwgrJMV7BEB8xAAAAAABgeKLqYbGkkF2uSS4VZhdaHcVSl0y4RJ4nnoz8woahrkD8DPgcCV2r9qxpSs6/Xv5QitVRAAAAAAAAoobCahywB2z63ie/Z3UMy0wdO1XJNoc8zz4b2YXN8B9vbxx1rErDv2s16+wfyut3WB0DAAAAAAAgqiisxouAtPKalVansMT8aZ/T3nfejvi6jjFjpFB8zFc92HDuWs2e/oi8PV1WxwAAAAAAAIg6CqtxwghKmbYM/ful/251lJibPOZ0bX705xFfN2nUqIivGSm7uoLKnPqg1TEiKm3SVxSw5SkYP5MXAAAAAAAAoobCahxJNpN1Smahys8utzpKzHzqjE8p0N2trubmiK9tz86Ox4ZVSb1dqznnWB0jYpJyzpNj7BUKhhgBAAAAAAAARgYKq3Em056p4pOLdfmky62OEhNzJ8/VztV1UVk7KTtboXitrGr4dK0ajjHKPPM78gaSrY4CAAAAAAAQMxRW49DopFG6ecrNOjPvTKujRJXDdCg3LVcf/eQnUVnfnp2tQBzflz5culZHzfhfdffEbwEbAAAAAAAgGiisxqlR9hxVXVKlMaljrI4SNXdfeLc6W7dEbX17ZqaCcV7vS/Su1VEzn1J3d7fVMQAAAAAAAGKOwmqcMmTI8EuPzn3U6ihRM3PCTG3/3yeitr4tI0OBOC+sJnLXas75bnkDdsXtIFsAAAAAAIAoorAax5LMJHV0teuRuY9YHSXipo+briTTrh3/939R28OekaFgyIja+pGSiF2rmdMelN/MVSh+Jy0AAAAAAABEFYXVOOcwHUo1UvSd0u9YHSWiPjftc9r35ltR3cOWliZfAhRWE61rNeP0b0oppymOx9cCAAAAAABEHYXVBOAwHJqYMVF3X3i31VEixjnKqY8eje6YAzNBCqtS4nStpp9eJTN7hgJBm9VRAAAAAAAALEVhNUGkmim6MP9CVZxdYXWUIZs3ZZ78nR3qbmmJ6j629HT54/3pVb0SoWs19ZQvysg4W/6g3eooAAAAAAAAlqOwmkBSlKyLJlyksrPLrI4yJNd+4lq1Pf+XqO9jJifLF4j6NhETz12r6afdr6Sx1yhoZFkdBQAAAAAAIC5QWE0w2fYsXTHpCt07416rowxKRlKGRqWO0uYojwGQJNPhkC+B5oDGa9dqxhn/IduYUvmDDqujAAAAAAAAxA0KqwnIEUrS9LHnaqlrqdVRBuwrF3xFnZs/islepsMhbyAxRgH0ibeu1cyzvidlXSB/gJmqAAAAAAAAB6OwmqBSzBRNTJ+gR+dGv/MzkopPnqGtqx6PyV6G3a6eBCusxlPXatbZD0upRQryoCoAAAAAAIAjUFhNYMlmshxy6Ml5T2pUyiir45zQheMvlClTO+vqYrKfYbOpx59YhVUpPrpWs8+rVjBlkgIhiqoAAAAAAABHQ2E1waWYyerobNdD1zykM8acYXWc4/rs1M9q7+tvxGw/wzTVk0APr+pjadeqLVVZ5z6qgO0kBRPwZwcAAAAAABArFFaHgWRbsgyfdN/M+3RZ4WVWxzmmU0dN0kc/+1lM90zEjlXJmq7VpJzzNXrm0wrYT1YwgR76BQAAAAAAYAUKq8OE3bRrlC1Ht555q24961ar4xzh1rNulbd9n7ytrbHb1DDU7UvMwmqsu1ZTCyuUccZidXd7FQol5s8MAAAAAAAgliisDjOjk0ZpduFsfW3m16yOcohrTrtGbc/9OWb72bOyJEmJ3HgZq67VzKnL5Rh3k3r8fBwAAIkoq7UAAAU/SURBVAAAAAD0F5WUYSjLnqlpedP04JXWPgCpz6iUUcpOydbHNTUx2zNpVPw/zOtEot21atjSlTPjSSntTPkCfBQAAAAAAAAMBNWUYSrFSNb4lHz94Iof6KyxZ1ma5cvnfVkdLZtiuqc9J0ehYTAoNFpdq/bsczVq5u/kC6YqEEj8nxMAAAAAAECsUVgdxgwZGp82Xl+f+XXdV3yfZTkuOPl8bf3Nb2O6Z1JOjobDqNBodK1mnPEtpZ/+7+ru9jNPFQAAAAAAYJAorA53oZBSlaLpeefqyXlPauaEmTHd/qKJF8kISrsaGmK6b1J2toLDpGgYqa7VpOxzNeqiZ2VkXyxfMCUCyQAAAAAAAEYuCqsjRLKZLH+PTxVnV+hbJd+Sw+aIyb63nHmL9q55LSZ7HcyelaVQcHgUViPRtZpx+jeVXvRt9XilQGB4/FwAAAAAAACsRGF1hMmxZ2tS1iT95qbf6ArnFVHf75ScU9Ty4x9HfZ/D2TIyFJAR832jZVf34LpW7dlnh7tUcy6R189fdwAAAAAAgEih0jICZdoz5O/x6YbJN+h7l39Puam5Udln/rT58u7dI19bW1TWPx57eroCw6RjVZIaNg28azXj9G8qY8oDdKkCAAAAAABEAYXVEcqQoVzHGI1Pzdf/XP0/mnfmvIjvcaXzSu149k8RX7c/bOnp8oWGT8dqUP3vWnWM/aSyplfLyLlYXh9/xQEAAAAAAKKBqssI5zAdsgdsmuO8Vo/OfVSTciZFZN2T0k9SVnKWtvzylxFZb6DMtDT5h9kf7xN1rdqzz1HO+bVKPWWB/OZJCgRiGA4AAAAAAGCEGV6VJwxaipGibFuWHnA9oM+f/Xml2lOHtN6d0+9U+8YNEUo3cPb0dPmDlm0fFcfqWjVTJyhz6gqln/4f8hm58gWTrQkIAAAAAAAwglBYxX6hUEj2gE3XnHqNfnnjL3XvjHuVn5E/qLWm509Xa6013aqSZKamyjcM54oe0rVqJit98jeUdc5KhVLPkC+YolBo+L1nAAAAAACAeGS3OgDijxGUAj1+FY8v1oyTZ+jdtnf12NuP6d22d/t1/WWFl8kIhrTn5ZejnPTYDIdDvmHWsSod6FrNPv+Xsv3/9u6ftakoDuP4c87JTaJpDUlIVGgMtrVWBOkoOFRoKRSlU+jSLXvn9pV06Eu4Tk6lL6AgnTp1crI4iMQ/Acn9l3sdBJcSLSq5pH4/87mcZznLw++cW76tOBoqijnGAAAAAAAAk0Yjg7FsaiQZLdceau/ZnvrDvvxzX6fvT3/53fbjbX19k1+pKkm2WFQUXq/pzWrJaL7mVC1ZJXFdcRCLIwwAAAAAAJAPngLAb7nMqWJu6m75jnorPR2+PNTG/MbY9e1bbb07OJhgwsus5ylKrkexOjdrtdop6umcp2Y5VRQMlfJjKgAAAAAAgFxRrOLKPOupXqhpxlS0tbQlv+ur+6grZ9zPNb2VnoIvn5QMBjkmlYxzCqf4jdWik5YbTi8Wi1pqOJUVycSBbJrkHQ0AAAAAAADiHjH+QMEW1Co1pTjT5sKmdp7s6PjtsfxzX+vz6+q/ep13RMlahaPpG+ts3Phx3b9VcfoWJkqiQMW8QwEAAAAAAOASilX8lVk3oziI9Ly9qrX7ayoYpw8XF3nHkoxROEXDnZ2q1YN6QVaZlCYahZHKeYcCAAAAAADAWBSr+CdsZpXFqUZWure7q4X9fQ3OzvTx6EifT04mnscYoyBJJ77vVXlWalWsmhWrTtVpGKVyaagsm97nCwAAAAAAAP4n3wGbPHqNg7XBvgAAAABJRU5ErkJggg==" height="600" width="800" />
Exp: [Assign Leave, Leave List, Timesheets, Apply Leave, My Leave, My Timesheet]
Act: [Assign Leave, Leave List, Timesheets, Apply Leave, My Leave, My Timesheet]]]>
  </system-out>
  <testcase name="GetDashboardQuickLaunchItemsCount_006" time="0.370" classname="testcases.DashboardTest"/>
  <system-out>
    <![CDATA[<img src="data:image/png;base64,iVBORw0KGgoAAAANSUhEUgAABVYAAAJcCAYAAAASBf/6AAAAAXNSR0IArs4c6QAAIABJREFUeJzs3XecVdW5//HP2nufMmd6Y2aYgQGGDtJsqBTBHjXW2GJQ1HhzzU3iDUluMInI9Sak2eIvN4nmBoMYuyhqIkZBBbs0EYYuDHXmTC+n7bJ+f5wzAwMDA4lSzPPOy4Q5e+211z6z/SNfnv0spbXWCCGEEEIIIYQQQgghhABg2rRp3Y4xjsA6hBBCCCGEEEIIIYQQ4gtFglUhhBBCCCGEEEIIIYQ4TBKsCiGEEEIIIYQQQgghxGGSYFUIIYQQQgghhBBCCCEOkwSrQgghhBBCCCGEEEIIcZgkWBVCCCGEEEIIIYQQQojDJMGqEEIIIYQQQgghhBBCHCYJVoUQQgghhBBCCCGEEOIwSbAqhBBCCCGEEEIIIYQQh0mCVSGEEEIIIYQQQgghhDhMEqwKIYQQQgghhBBCCCHEYZJgVQghhBBCCCGEEEIIIQ6TBKtCCCGEEEIIIYQQQghxmKyjvYDPSkOskaqWHWxp2sr21p3sbNtFfayBmBvD0x7o1EAFntacUXIKt46YiqEkWxZCCCGEEEIIIYQQQhye4zpYTbgJVtVWsnjH26yqXUNDvAGXZIiqUCilAFAKlFbJbFWB7dmc2GO0hKpCCCGEEEIIIYQQQoh/yHEbrFbWb+CJtU+zom4VaDBQKMPAwgSSVamu55IbyMFD02a3opTC8RxGFYxgdNGIo3wHQgghhBBCCCGEEEKI49VxGayuq9/IT975H2wvgWlYKKXRqSpVT3s4nkN+MJ8zS8eR8BK8veu9ZLWq1njA9YOvxjKOy1sXQgghhBBCCCGEEEIcA467dLE53swvProXx0tgGSY6maiilcb2HLJ8GVw14HIG5w1kyc53WbD1NTw0hlIk3ASTSicyMLfiaN+GEEIIIYQQQgghhBDiOHbcBasvbn6FXZEaQmaw4zPbc7CUxeX9LubLFV+iIdbA/ct/R1XLNizDSlWyanymnylDr+7ovSqEEEIIIYQQQgghhBD/iOMqWG2MNfHyllcJGH40oLXG1S5ji0/h2kFX0jurjFc+fY2HVz8CgM+w0IBSioQTZ8rg6ygIFRzVexBCCCGEEEIIIYQQQhz/jqtgdWPjZpoSzQQNP7Z2yAvkcsuwGzij9FTibpzfLn+I17YvwlQWBgYajVLgeA7lWb25qOL8o30LQgghhBBCCCGEEEKIL4DjKlhd37ABrT0c7XJm6Xi+NuQaCkP51Ebr+eVHD7C2YS2W8qEUe3qvao1G862R3yDkSzvatyCEEEIIIYQQQgghhPgCOG6CVU97fFy3BlOZfHPErZxdPhFDGVS31fCLj+5nQ+Mm/KYPrQGdPEcBESfGbSfcwuD8AUdz+UIIIYQQQgghhBBCiC+Q4yZYjTpR/IaPu8bewYlFIwEIR+q4672fs6N1J37DByT7qbanq1EnzuUVX+ZLFecexZULIYQQQgghhBBCCCG+aI6bYNVQBt8a9W8Upjafsl2bB5b/jm2tO5KbWSkNWndsaGUog2sGXMF1Q76CqcyjvHohhBBCCCGEEEIIIcQXyXETrKZZaaRZyR6pWmv+svYZPqxZSsBKI4aD0gq/6ac0vYRTeozmtJJTGJDT5yivWgghhBBCCCGEEEII8UV03ASre9vcVMWi6g84rWwCfdIK6JNeQo/0IgrTiygIFaCUcbSXKIQQQgghhBBCCCGE+AI7LoPVXhnF/HHiz1Gug9dWixVtQidstFsDroMO5qD8oaO9TCGEEEIIIYQQQgghxBfUsROsag8dbwU7CoEMlC8NDlB56mvajrf6Zbx1C3EathPTOrlplWGiTT9mXhlG2SisivGYJSegAplH+GaEEEIIIYQQQgghhBBfZEprrY/mAnRbGHvTYtxNi3FrN0MiCsEszNxemCVDMPuchlk4EKzAnnNiTXhNO9AtNXgNVbg7VuLursRrCUN7yAqAwijsj3/UpVhDL0T504/OTQohhBBCCCGEEEIIIY4b06ZN63bM0QtWPYfEJ/NJvPsIXuMOMIxkb1RloD0PhYfWoAwTs+dwfKMvwxpwFsoKdjmdbqvDDW/A2fAG9tpXIdoChoEGlNaYPYcRGP/vmL1PObL3KYQQQgghhBBCCCGEOK4cs8GqjjcTf+N+7BUvgGEm/wHwPNDunnHKQAFaaxRglp9IYMJtmCUjDjq/17idxKoXsD94DO3aKNNCuw4oRXDyd/CPvhqMY6cLghBCCCGEEEIIIYQQ4thxTAar2o4Qff57OJvfR1l+QCXDVA1G6TDMXidipOehXQfdtAMvvBG3en2yRYD2wPQRvPzX+PqN6/ZabngdsQU/xdu5BkwfaI12bQKnXk9g4rdBmZ//DQshhBBCCCGEEEIIIY4rx16wqj2if5+FvexZlC/VM9VzMNLzCZz1XcyKCfu/6u/aeE3bcTYsIrFiHrphB5gWaV95AKvPad1fMtZE7O8/x6l8DUwLDeAkCJ73X/hHXfWZ36IQQgghhBBCCCGEEOL4dijBqnEE1tHB/uQFnKXP7BWquqj0/GRIOujcrvunmj6MvL74T72J9Ov/hP/Ur6E9l+gLP0RHG7u9pgpmEzz/TqzBk8GxUYAyfcQX/By3bvNne4NCCCGEEEIIIYQQQoh/CUcsWPWadxFb9Buw/MkPNKA90i75OUbhoEOaQ6UXEpj0n4Su+DU60kDi4+cP7TxfGsFzf4QqGgCuC8oApYgvvBc857DvJR6PE4lG8TzvoOO01sRiMdoiEeLx+GFfpzuJRIK2SIRY7J+f27ZtIpEIkUiURCKB4zgHvL9DLXJ2XJdoNEokEiGRSPzTazwaPO1RHQkTdWL/8BwJ16YmUot3lPaJE0IIIYQQQgghhBCfvSO2g5O97AmINoGVqlZ1YvhOvwmzdNRhz2X1n0ToqgeJvfEg/jFXo3xp3Z6jglkEz72D6NypgAemH2fzOzi7V2P1HNlpbHV1De+9/z65uTm4nsf4M87Asiyam5t5dt48FixYQHNLKw/efz8VFf32u9aOnTtZvHgJb775Fp9u2UIsFiU/L4/hJ5zAhAnjGXf66QQCgYOut6GxkXfffY+MjAwaGxsZd8bp5OXlobVmxcqPeeWVV1j1ySc0NjYSCqVR0a+CiRMnMunMiaSldf99ALRFIixbvoJFCxeyfMUK2traQClMwyA3N4fCwh6kh0IEg0FCoRBNLc3U1oT51re+xdAhg7uc07YdVqxcwRtvvsl7771PfX09WmsyMzMZOmQIZ511FieffBK5OTldnr++YRMf7P6IDCudulgDo3uMZEzRwTcrA/hg9zI2NWwmYAaojddzQflZ9MoqY+nu5SwPr8LVDrn+HKJujDY7QnOiFReHkBWiKNSDQbkDGJo/iLR9qqZbE618a9H3ObloDNNO/A8MdXh/F6HR/N8nj7J4xzvcN/FnFKX3OKzzhRBCCCGEEEIIIcSx6YgEq7qtlsSql5IbSAFoDYF0/KP/8R6nVsVE0kJ5ybkO9ZziIZjlJ+JuXQamhVIK++P5+wWrn6xZzfe+9z00MHbsqUyaOJFdu3fzjdu+yepPVmEaJsow8O8Tjra2tvLInx/l//32/+Hz+Rg+fDi9e/ciEY+zbNkyli5dyhNPPMGECROYeddd9CwpPuBao9Eod/zoR0QiEUzT5MX5LxAMBvn5L3/J448/jkJh+Sy0p4knEqxcuZLnnnuOU8eO5eezfkZZaelBv4vVayqZMWMGH330EX369uWWm29mzJjRmIbJx6tWMXv2bN555x0yM7P4yle+guO41IZraWxqIh7vunpz3fr13Hv//bz+2muYpsW1117L2LFjyQiF2Lh5E/PmzePxJ55g8JDB3HXnnZx+2v49cuN2jMfWPY3PsNBa0y+n/KD30a6mLcyctY/jSz1jpxWfTC9gRfgTnt30AmlmGh4eXx14Fb0ye5Hw4mxq/JSF298i7sawlI8+mb2ZduK36JW157uridQS9+K8teMdLul3AQPzBhzSetrtaN7JS1v+hqVM4s7xWbUrhBBCCCGEEEIIIfZ3RIJVp7oS3VaP8qWqAV0ba9gFGJn/XPWeWXLC4Z1gWFgDJ+Nu/ajjZ3fz2+hYEyqY3TEsPZSOz+fDtm369+9PJBLlP775H6xcvpzc/DychE08ESc9FOo4JxKNcus3/p2lS5fy81mzGD9uHDm5OVimieO6VFfXcN/99zN//nwWLVpIc1MTj875M36/v8ulpofSKSwspKqqiqysLPw+P7d/93usX7eWWT/7GcOHDycvN4+6+joWLXqD3/7v/6K1x3vvvsu3vv0dHn9sLsFgFz1rgTWVa7n6mqtpaW7h6quvZsadPyE9Pb3j+KBBAznv3HP4wX9N5++v/5221jb+a+b3CAQCB2wPsHTZcm686SZaW5oZNGgwD/7mNwzoX9FxfNy4M7jummt4+pln+fGPf8wNN07lD7//HZMnTeo0j6s0AcOPaRhorTGV7+C/0xS/5cdv+jGViULhN5Pfq2VY+A0/Go8sXwYXV5xPcK+q1EsqLuRXS3/D1pYqNrd8yk8//DX3TfgZaakq6IZ4U7L1gYJ5G1/m+yd/+5CrVj3t8ejaJ1EoNNCcaDmk84QQQgghhBBCCCHEse+I9Fh1t36I2iuM0misfmcA6khcvhMjvy+6/brKwGutxWvZ3WlMQX4+jucCkJ6WzkN/fJjdNTX8afZsnn/uOZ555mnuumsmtr2nArGluYXmpmZefvFFLrv0EgoK8rFMEwDLNCntWcJP7/5vzjzzTEzT5KOPPmL+Sy8fcJ2WZZIWDKCUwjJNfvSTnxDw+3hx/gtcecUVDB40iB49ChkyeDC3/fs3uPeee9AagmlpLF++nNcXvtHlvNFolO99//vE43EKCgv54X/9oFOo2i4rK4uf/s/dZGdn85fHH+PhP/4x+f0ZBobR+bGpr6/ntm9+k3g0Sl5ePn/4/e87hart/H4/1117DV+68EI81+Ubt93Glq1bO43JtNJRSqE1eGhy/VkH/I72FjT8qcdJo5Qiw5cKvQ2FUgYKhTIsYm7nqtGyzJ5844Sb0NrDp/zsaNvJqto1Hcd3t+1OBrWGxTu732dz46eHtB6ANbVreXvX+/iNZMhbEw0f8rlCCCGEEEIIIYQQ4th2ZILVXWvA2FMcqwwLI6fnkbj0/pSJMveqgtTghTd1GtLU3IRlmgQCAea9MI9XXnmFZ55+islnTqS8d28GDRzIdddcTVFRUcc5aWlB7r331/TvIlBsFwgEuO3fv4Hjelg+i3nz5mHbdpdjLcvC9PlRSlHf0MDqNWuY9bOfkpmZ2eX48849h+uvv55oNEog4OfZZ5/GcfbfmOuT1WtYW1kJKL785S+Tl5d3wPXm5+dx1uSz8PsD/O53v2d3dfV+Y7TW/ObB3xIO1+B6Ht/59rcp793rgHMqpfj6LbdgWiau4/Db3/5vp82wHO0AChQYyiCuu/5+9hWy0pJdIZQCpbB1MhjPtNLR2sPVmoDhw2/sX6TdM6OYdF8GHh4GBltbqjqONcdb8PBAKzSaJ9c9h6cPvmkZgOM5PLr2SQyl2vNeGmKNh3QvQgghhBBCCCGEEOLYd0SCVd1WCx0VqzpZMRrsevOiz38xXjJ8IxnmKcPAq+9cNalJhnooRU04zPe/931Kig/cDxWSFZ4DB3Tff7O0tJTcnByUMti2bRuxeLzLcaZpkh4K4Xke8Xicb//Hf5CRkXHQua+68sqOc9dUrqUtEtlvzIcffpiqONWMHDlyv+P7GjRwIIZhEIvHWLZ8+X7Hd+3ezRNPPkEwmEZ6KMS5557T7Zx9+pRTXFyMz+fnlVcWUF/f0HHMNKw9D6WGoHnwTb7aRbwEPmWm2gcYhMzk6/65/mwc7WIohaUMuqqSdj03+UiQrJLNC+R2HKuJ1oJOVVkriw9qlrG5cUu36/lo93I+qV+DpUxQyfMbE82HdC9CCCGEEEIIIYQQ4th3RILVZClhe1ViKsGKNhxo9OdLGeDY7B2w6XjnANLn86PRuI5DaWkpp5x88md2+YDfT35+Plp7OI5D/CDBaloggOu6WKbJyBEjup07Lz+P3NxctAeRSButra37jfl0yxYsnwUoMjP2bwGwr4zMzI4NwnZs37nf8cWLl2DbNq7rctJJJ1JYUND9nOnpVPSrQGtNLB5jzZo9r96nmcHkk6I1Gt0RkHYnzQzi4aG1RqEIpHqstrkRLGViKIWn2ytiO6uJhGlJJL+rgOFjTI9RAMTdBLvadmMaJsloNPmfuWufwk1VxHYlakf5c+XjWMrCVMkKWaUU4UgYzaFvtiaEEEIIIYQQQgghjl1HJlhVZuefPRuv5ej0m9TRRvTer3J7HpidN0hq743quC7Dhg4ltNcmVf8sT2ui0UjHdSyr6/3DtE72ClVKEQgGyc8/8Cv7e687Py8vFf9BLLZ/aJufn4/rJgNIz+3+lfbGxgaUoZJ9Rv2dvyfP8/jgww8xTRPHcTj11LGYpnmAmfZap2UlA2CtcRyblr0CYF/qWdHQaROq7mT40jo2mVIkK18BmhOtWIaVOmZg7dMKoCXRyty1T6LROJ7DzUOnkJuWrKZ2PYfaaB0AF/Y5n6AZwFImH1YvZUN95/YRe3t354dsav6UATkVXFpxEY7nolDURutIuIfW2kAIIYQQQgghhBBCHNu6TvU+YyojH69xO6ojYFW4Wz/AN+DMI3H5TrzwxtQe7akaWsNg303eTdMEnewYkJ6ejmn+c/mz1prGpiY2btzEY395jJqaMIYyMEwDv6/rXe+VUjS1tOD3+zEMhXEIgaXnediOjWEkN2sKBPZ/jf6kE8fwh9//HtMy2bptW7dzbtywqaN36cCBAzsdSyQSbN68GcMwME2T1xcupLm5hfr6OjKzsgkEfAQDQTztEYvGicVjRKNRehQW8tHSpZimSVtbgtaWvSprU+/kq9R/Pb3heXqkFWAaFi1OK4YyCZpBDAyiXgzXswmZaeyKVKOU0SlcBTBS87X/xhNugqAZoDnewtr6DTxa+TiftmwlN5DNlMHXcU6fSR1LidhRmhLNuJ7Dl/qcg9/w8cTGZ7EMiz+unsMvxs1MVbPuEbWjzFn7OJYy+cqASwlZIZ7c8CymMmlONBO1ox3VtEIIIYQQQgghhBDi+HVEglWzxwC8bcuAZAilTAtn7avocf+GCmYfiSUkuTbu1g8gFYYlNxXyUDmdN1tSKhm9ag2G0X2gua+Ghka2bN3Cps2bWb9uPes3bqC+roFEIkbfPn3Jy8ujvq4Os5uK1faqVcMwaOvitf59ealz2u8hs4uerGPGjCEvL4+m5iZef+11bpjyNXwHWENzSwtvvvUGSilKSooZPnxYp+NtkQjhcDgZ5CpFbW2Ytxa/RSg9nfRQiEAgQDwexzIN/H4/juPiuA6bNm+mvLyc3r17obWmpGSf/rWpFrgGik9btlIdC2Ng4jf9+AwL1/NIaBu0h9YeaVYajfGmPefuN5dOVYyG+fE7/0O2L4PqaC31sXpGFozgrN6TOLXkREozSjqdGo7W4uDiNwNk+NO5oO85PLVxHqZhsrZhPR+HP2F0Uec+tS9tfoVdkWpGFZzASUWj2dy0BSO1qEa75ZA2vhJCCCGEEEIIIYQQx74jE6yWDMfWT+75QBl4LWHs9Yvwj7j0SCwBALdpB+7O1bD36+DaxSge0mlcsk9n6s/eoQdhO3bu5Kmnn+app56ioaGR/v37c8455zDl+q/Rq1cZpaWlxKJRrrv+a9TX12FZPiKRCH5/9xWMSu2/6dJ+YyBVaavw+/3E4jGyyeo0Ji83l5kzZ/Kd27/DR0s/4qWXXuaySy/Zby5Pax566GFq6+owDZM777xzv6DWZ1kkUj1iI5EIM35yJ+PGndFprYZhdAqJ24NfoOPPyc209pLaLAoUt4+6jX45fbq999XhSu5497/ZL1nVoFPhak4wD1CsrFuNpSws0+KagZczKL/rTccaYo04rk1+KA/DMCgI5HN2r4m8vv0tTGXypzVzubdgKL5UK4mGaANPbXwepeCGIddiGiaZvkxQCgXYboLmRAt5abldXk8IIYQQQgghhBBCHD+OTLDa8wTwBcFz97zqbQWJv3E/VsUZGOmFR2IZ2J+8CG4CrCDJxE1DMBtjn6DL87zk6+QqGTAeitVr1jD1ppuorq6hd3k5//d/f+SkMWP2ex2/ubmZtrY2AAKBAGrfUDFFKdWxadShMk0Tf2rDK5/Pd8Aw9ksXnE9Dw13cf/993PGjO2huaebcc84hNycHrTU14TB/+tNsHnnkEfLy8vjRj3/EWZMm7TePBqxUKwPLNIlEol32WG3vFdtxX4dE4WoXv9F1q4T9JatS9/tUJXu1emjSrBA/PPE7PLjyD6ypX4vjOvx6+YP84oyZXYadu9p246HJDWYTMJO/xysHXMqbO95Bo/m0eStv73iPM3uPB+C5jS/RlGji9KJTGZSXDGv9po+QGSTmxtHaoz7WQJ/s3od4T0IIIYQQQgghhBDiWHVENq8ysnti9DkV7e21I7thQrSF2IKfoY/Ahj5u4zbsj54A0097x008F7N0OEZ6553svb2rVA8h3GxubmHq1Juor2+gZ2lPHnv0Uc447bQue5w6toPjOHieJuD3dWyUtS+tNekZ6TiOs/+aDsAwTBTgui6WZRJK63rTLcMw+Nr1X+WBB36DUgY/+9nPuP5rU7j5619n6s238LUpN/Duu+/y3WnTeHH+fK68/PIuA9G0YJCyslJcNxmY79i5vds1dkfv86q8o50DjOzM0W7yD6p9nlQ1rE5WyRpAzIlQnNGD20f/O1n+ZCVvdaSae5f/FruLZ3B76y4MFNn+LIxUI97SzJ5c2Oc8bM/GUhaPrnuKuJugpi3M/E//is/wc/3gqzp6ryplkOnPSj5xCqojNYf3hQghhBBCCCGEEEKIY9IRqVhFmQROuprIhjf2+lCD5cfdsJj4678geNYPUqHnZ08nWom/+jO0E0eZe1VAahffkPM6eq62S4aYClCHVLH6+sLXqQnX4LN8XHnFlfTuVXbQ8Z7n4nkepmnt/xp8ilIKy/Lh2Dau309GF/1S9xVPxLEdG6XANEws68D9Yd//4ENm3n03U6fexDVXfQW/30e4rg6tNQV5+eTm5hAMBg96Pb/fz+jRY1i+bDkoxZrKdR2v/P+jbM9NVgunvnbHPbRgNeIm71uTDFLtVIhfEMzH9mx8pg8FRJ0YxelF/OTk7/P9t3+CpSxWhlfxyJq/cMsJUzqqXl3PZXekGo0mP5jfEawCXNDnbF7eugC0piZSw982/50dbTuJuTHO630WFbn9OsaGfEEyfZlUR2pw0bQkuu+VK4QQQgghhBBCCCGOfUekYhXALB2NVTYK9g3KLB/28nnEXvsFOhH5zK+r7SixV3+Ku+XDfUJVD0K5WP3G7XdOe3WoUuB5Bw9WtdYsXvI2gUAQlKKstPSg4xN2Asdx8fv9RGPRTj1H911DIpFItU7QhEJdV5/uzXUcbNvGMi00mniq/+m+wuFavjbla7i2zbe+eRu9epVRVFTE8KFDOWHYMEpKirsNVdt9+eKL0CoZsi5c+Do1NeFDOu9A2txo8g9KoVC0OIf2TDheAoWBAXjaI+rGgGQFrCb5fZrKxKeSf5cwKH8AXx92A3Evgd/w8fzml1my/b2O+aJOjJpIGIVBtj+z07V6ZpZwXq+zsLWL3/QxZ+0TvL7tTSxlcXG/CzoFyz7DR4Y/lOwZqzUN8cZ//MsRQgghhBBCCCGEEMeMIxasKtNP4Mxvdx0kWn7slfOJPv9dvNqNn9k1veZdxF6cjr3mNTA79+rUjo1/7A2oLnprOq6TqltMbU/fjUQikRqvaW5pPuhYn+Wjra0NpdQBq1UBHMehra0NyzLRGuobug/ktNap1/KTHQwSia5bLMx7/nls26GgsACf758rWh4yeDBnTz6LeDxOa2srj86de1jn19bWdnom/IaJpz0UkIxED63PbMgKptoGJPupJrzkvdfGGvEZJkol2wW0fw5wYb/zmFw2sSNcvW/5b9nU8CkA9bEGmhLNKANygjn7Xe/LFRcQNAKpThGahJdgUul4KnL6dhpnKIMsfxYajaEU1W1h3Pa2BUIIIYQQQgghhBDiuHXEglUAs3Qk/tNuADvWxUEf7paltM29mcRHj6Fb//FelDreiv3JC0T+cgvOxiWdK1VR4DkY+b3xj7ziABNoPJ0MwuKJxAGrSiH5yv6Y0aNIJBKYhsGbi97o6Iu6r3giwX333YfjOLiue9BWAI7jEIvHUCr5ans02n3lZiwWJxaL43kaw1BkZnbdPiAej2NZFpWVa5n/0kuEa2uJRCI4jkMkEiEajRKPxw94H3szDIMZM+4kKysL0zT54//9H08+/XS352mtefqZZ/ndHx7qVOEZdxKo1Ov8mv17rh5IQ6wJEwPQaA0+lWyD4OhEKppVJNwExl7XMpTBLcOmUJTWA609XO3y0w9/TWuijYSbIOElUFqRk+rHureSjGIm95qI7dkdm5x9ZeClnVoGtMsNZqPRKAyqozWH3N5ACCGEEEIIIYQQQhy7jkyP1Q6KwNibcLd+iLtzNcoKsKciUYNpgRMn/vq9JJY+gW/ExVj9J2HklKF8aQef2nPxmnbgbH0P5+P5uNXrAJWqVN0rGNUuaE3aRXej/OldTpWdnYPjOpiGiWN3v7HWBedfwL333Y/runy4dCm/+8NDfP3mmzq9Tr927Tpm/vd/M2zYMPr168fWrVuoqqqivqGBniUl+83puC52woZUyHig6tO9hdJDJOJxtNZ4nj5gIDx58iR+8+CDJBIJ7ph+B3n5+WRnZxPw+9GA3+cjEAwSCAQoKipi6JAhnH76afTt06fL+UqKi/njww/zjW/8G/X1DcyYMYPt23dw3TVXU7LPvSVsmzVrKvnT7D/x/PPP84ff/6HT8bgbx9MelmGitEerHe32vgEsw8TWDn6KACHVAAAgAElEQVSV/H03JpoppSdxNxWMq2Sw6u6zCVh2MIv/Oul2pi3+ET7DRzga5vcf/4nBuQPQWmMq84A9Y6/ofzF/r1pI3LU5qcdoemV13Vs3YAYwMFBKUR+rJ+JECVj7b2wmhBBCCCGEEEIIIY4fRzhYBeVPJ+3SXxF57CZ0c00yTO00QIHlR7fUEF/8EIm3Z2P06I9ZPBSjsAIjuwSsYLJXq2miW6px66twd63G210J8TZAgdHFrWmN9jyC50/HLDnhgGvctWsXruMQt2PYiURqo6kDbwRVUlLMr375S75z++1orXnggft5e8kSTh17Kj7Lx8erPmbZ8hVM+8//5Jqrr2LgMwP5rx/+kPq6Om75+q1MGD+eK664ggH9KzrmjEVjVFfv7uiT2tra0u1329DQQMJOYCdsGhsaiESipKXtH0gPHTKE++69l988+CDbtm0jHA5TXV2dbCMAmKZBMotUGEqhDINAIMC1117Dd779bUJdzDlm9CieevIpfvnrX/Haa6/z4G9+w5w//5nxEybQr29fQunpNDU28uFHH7Jq1Sf06dOHPz/yZyaM79zj1tMenvbQmGjAdrvuE7vfvceaUtWiKtlKIJUpGxg42iWgTOKeTUO8kaxA556pA/P6M3XIV5ld+Rh+08+Sne/x/u6P8Bt+PDysrp4loEd6Ief0nsTzm1/m2gFXdFmtCpBupZPcVksRdxPURuvJ7aK9gBBCCCGEEEIIIYQ4fih9sPfcP0du0w5iT96G27hjn1f1u+B5kNz+B0gGfiiFbq8+TFUkKmWkNnvqgtZozyEw8TYCp04FDrxz/YYNG3n2uXnkF+Tjug5Tb7iBQKD7CsOVH3/Mo3Pn8t5771NfV4dhmmRnZzF50llMvfEG+vVL9t90XZeXXv4rH3zwAYZhcNJJJzJh/Hhyc/f0e91dXc2cOY9SUFBITU0NF198IcOGDj3o9Tds3Mi851+gIL+AcG0tt9w8lfy8vC7HtrS2cu999/H4448zcuQoBg4aSElxCfl5eTQ2NlJdU82GdRtYvnIFjuNgmibRaITrrvsqM2fcecCg2XEcPv54FS/99a+8vWQJO3ftwnEcLNMkLRTijDNO58IvXcjpp43tckOuHa27qW6rxmf6cDyHolAPemYUd/vdb2r8lNZEK8owcF2Hvtl9yAlm82njVpoSzRiGgeu5DMkbSNDaf2OuuJtgWfUKQlYaPtNPuhUk4bm0OW30zSonO7B/OwCA5ngLm5q3MLJg2AGD1ZpImG0tO/CZPlzPpV92nwPOJ4QQQgghhBBCCCGOvmnTpnU75qgFqwBeYxWxl+/C3b4SLB+kemQejKZzJLrvz11fKFmJGZj0bfwnXgcHCMAOeE2tD/g6eFdja2vrCIdrSAuF6FFYSHp61y0Hjpb33n+f6Xf8iPy8fO66awYDB/TH7/fvN862bdZv3MjPf/4LPvjgfXw+P7FYjPkvvMDQIYO7vU5bW4SGxgaamppIS0ujID+frCwJFIUQQgghhBBCCCHEse2YD1YBdKyJ+Ht/wv7w8WTl6b6tAQ51HvYNWFP7yrsORmYPgl+agVV+6j+/4ONc5dp1XHTxxQwcOJAn/vIY2dnZ3Z7T3NzCjTfdxJo1a7DtBDNmzGDK9dcfgdUKIYQQQgghhBBCCHHkHUqwenilm58DFcwmeOZ/knbNbzF7jQLP6agwPax59v5BA64Nnod/9OWEvvpHCVWBeCLBnTPuxLYTTPvudw8pVAXIysrkuuuuxbZtTMOktrbuc16pEEIIIYQQQgghhBDHtiO+edWBWL1OxrxyOO6mN0isnIe7bWUyYFUmWqnuX8XXGnSq56phYA09F//oKzFLR3/+iz9ObNq0mVUfryIrK4u+ffsc1rm9e/XGNE0cx6G8d+/PaYVCCCGEEEIIIYQQQhwfjplgFUD50rAGX4DVfzLu7tU4Wz/A2fw2XnhzspJVJzewUp4LRnIH+ORmVQosP2aPgZh9TsEaOBkzv+LAG1n9i6qvrydh2/gDgUPajKsTBWiNZVkMGDjwoEM9z2PHzp3YiQTp6ekUFRUBEI8nCNeGcd1kRXJ2VhY5OTloramuriGRSKC1RqMxTZOeJSW0tLbi2DYFBQUANDQ24jpOx8/tEokEu3btwnVdcnPzyM3N6TjW1hYhHA4Dmry8vI4+r/X19TiOQ48ePQBobGzESc1dW1dHpC2Cpz0UipzcHLL36g/b1hahpqYGw1AUFRURDAZxHIfq6hoc1wGd7LfrD/gpKS7u+IuBeDxOuLaWHj164Pf5sG2b6poaiouKsG2HcG04+R1oTVpaGj0KCzv9pYLrulTX1KC1pqS4GMMwaGtrI1xbS15ubse9OY7Djp07KSku7uifG4vFqK2to2fPEgzDSK23muLi4o7NyFpaWmhpbaVnSUmn79d1Paqrq4nHYwSDQYpT95RIJNhdXY3WGjR42iMzI4Pc3Fx2V1djKNUxtqWlhfr6BvLz8wgEAlTX1OC5Llonn5mMjHQKCgqorq4mIyODjIwMAMLhMGlpabiuS31DA5ZloZTCsW2CwTSKi4sO+jwKIYQQQgghhBBCfB6OqWC1gxXALBuDWTYG/yk3oFtr8Bqq8Jp2oqONydDKjmH4Q6i0bFRub4y8coxQHliHGRj+C/H5fVimSSKRoLGxibLS0kM+t2pLFbFYjFFjRjNoQP8DjrNtm78teJUtWz4lNzeX+oYGRgw/gTMnTqChoZ6nn32W3Nxc8DSNTU186fzzqajox7z5L2CZJhkZmXieR1owyAXnn8fHKz/mo+XLufXmm8jIyODDDz+ipaWZKy6/vOOaiXic+S+9RHNrK6ZhUt9Qz+WXXEJ5eTm7d+9m3gvzsUwTy+ejpaWFyy65hF69ynj3/fepb2jga9ddB8CKFSuoravnyisu54033mTHrl3k5mTj2A7ReIwvf+lCevXuRW1tLU8/Nw+/zyIRT2D5fFx79VUAPPXss+RkZxMMBvA8j7ycXIrO7dERXNbU1PDMc/P46nXX0qOwkKamZp559jlu+Nr11NbWMv/llylKBb319fWMHDGC8ePGYRjJrh2xWIwX5r9Ia1srt0ydSm5uLm+/8y4rPl7JGaedxhmnnw7Ahg0bee6FF7jw/PMZNWokANXV1Tz1zLN86fzzGDZsGC0tLTz93HPccuONZGRmorXmbwsWsGVrFf92y80drSISiQR//dsrbNuxnZysbMJ1dQwfOoSzzzqLuvp6nnz6GXqmQl7P8+jXrx8nDB/GM88+h+u63HLTVLKysnjjzTepXLeec88+i7LSMp56+hny8vIIBPzYtkO/vn3Jycnhb68swOf3c+3VV2GaJq8tXMiQQYPw+/18tGwZbW1tJBI2uTk5FBcXUVx8ziE/x0IIIYQQQgghhBCflWMzWN2L8qWhcssxcsuP9lKOe0MHDyYnN4fq6hqWL1/O8GFDD+m8WDzOo489ijIUP5p+x0GrXVesWEFVVRVTrr+ezMxMqqurefyppxnQv4JgMA3taa649FIyMjJ4863FvLVkCSUlxTiOw5njxzN48ODkRBqUoQBNLBZj8ZK3ueD881CGQu2zTVltXR1bt21nylevo7CwkA8+/JCm5mZc1+WVV/9Ov759mXTmRAzDYNmyZbzw4ovcctNUfJav81xKpa4JCTvBqBEnMHHCBLTWvPDii7z7wfuUlpXyt1deYfDAAYwfN45EIsErC16ltq6OwoICtOdx4QXnU1hYmLwNrTtC0T2XUfh9vvZLdlSkep4mlJbGVVdeic/nY8OGDbz48l8ZOWIEOTl7KnB9Ph8+y8fOnbvIyspi586dBPwBPE+n5vFYtXo1JUVFLP94JcOHD0tWeZJsqfHawkVUVFR0hL3tHYobGhqoqQmTnZ3FuvUbOOXkkwBYvmIFu3bt4obU73TXzl188OGHxONxFGAaBldcflmn5yISiWCayarYuro60tLSqK4OEwj4k107UnvmffmiC5NBe4rnefj9PrZsq2LdunUMHToUT2s8TzNkyBAGDRrE22+/w/adO7jqiiswOu5BCCGEEEIIIYQQ4sg65oNV8dnJzMzk+9/7AdO+913uufdeTj75JAYPGnTQc6KxGHfedRdLly7lhz+c3hG2dUVrzfpNmxg9ck8Q2LNnT3qVlbJu/QZOGD4MZRg0NDQQi8UIh8NkZWZiWRYBn4+lK1ZStX178vX8wkJOPukkXE9T3rs3mzZvpqqqiszMTJobmztdNy8vjx6FBTz97HOU9+7FoIED6devHy0tLdTV1XH+ued0vA4/bNgw3nn/fWpqwhhGF6FcMu/Dsiyqa2pYs6YS13UJ14Q59ZSTaWlpYXdNDRecfz6WZWFZFpdfdikALc0tmKbJ4iVvk5GZgeM49Cnvw7ChQzqmV4aBRvPm4sUE/AEi0Qie1iilMAyFbdtUVlYSCATYvPlTevQoJBQK7fUdg8+yGNC/P7t276ZHj0JMy6K4uBjXdYBkpWtdXS3XXn01jz/1NLt376asrAxPe2Tn5OD3WSx5+21OOvFELNPs2Pnt41WrGDp4MBUV/Xj5lVcYPWoklmWx6pPVjBk9mqysLGKxGKH0EBMnTsCyLLTWeNrjtdcX4vP5iMXjnDlhPMFgENO0qOhXxrZt2wgGgwSCftJCQTzPTd2vwZtvLSYUCmHbNkOHDKFPn3IMw2RQ//688dZiSktLSQum4Tg2SqlkGJz6XysVTgshhBBCCCGEEEIcDRKs/ou5/LJLqK+v45e/+hWXXX4FP581iwkTxpOTnd2pl2dLayufrPqEe++7j+UrVnDXXXcx9YYbut1EzHUcLKvzY2UaJradSP2keelvr2AZBlnZ2R2hp+NpMtJD9CgoxHGSr3lDsrVAee9ejBg+jNdeX0hZWSmm2bkCNBgMcuXll7Nhw0bWb9jA8y++yIQzzqCiogKgU8WoUsmKV89zMQwI+PcK5zQYqbkNw6CpqZlP1qxhy5YtTBw/nhEjRlBTU9Mxz77aQ8bsrCzy8/NxXIfMjPQux4WCaaSnjunUpmtKKRzHZfOWrWzavJmS4mK+csUVHaFwcgzYjkPvXr1Yu34dqz5ZTc+SEuLxOO0JaeXatWSkp6O1Jj8vl6XLl1NWVoZCEfD5OOess3hm3jwy0tPx+/0YhoFt23yyejVjTzkFv99PpC3K7t276dWrF4l4HF8qxFy/fj1L3nkH23a45OKLCIXSUSjy83IJBALYto1lmmitcV2Xvn36sGHjRhK2Te+yXtQ31KeqVTWe1mRnZ5Gbk4tt26SlBYFkH9pTTjqJDZs28sZbi/E8r1MI3v7VJz/v/CwIIYQQQgghhBBCHCkSrP6LMU2Tf7v165x88snMfuQRfvzjnxBKDzF48GDy8/Lw0DQ3NfHpp1toaW5mwpkT+Z//uZtB3WxYBclgsLRnT9ZUrmPMmDH4fD5aW1up2r6d884+G8MwMJTBJRdfRH5eXkeoF4/HcR2H4cOG0T8VhrbTWhONRDlt7FhWV1ayctUqhg4a3GnM2nXrqNq2jXPPPpsRI07g3XffZdXqNQwfPhx/IMDGjZs6NqjaVrUNx3EoLCykJlzLzl27OuaJxmNoLxlyJhIJBg8ayOmnncbrCxdSuW4to0aNJDc3GSDu3LmT/Px8tNa88soCBg4cQFFREdrTnHLKyR2bSO1Lex5KGZx66ilkZWXR0NDA2vXrkqGs55GWlsaXL7qQbdu28fz8F6murqa8fE8bDA04rkN2TjaWafHRsmVc+uWL2bhhI5bPwrZt1lSuRSnFiy//Fcex2b59B5FIBJ/PRzQWpbBHIRPGjWPB3/9OeiiEZVns3r2baDTGmrXrqFy3nkDAz/IVK+jVqxcDBgxg3Yb1jBw5ghEjRlBcXMJfnnyCRMImFNKgFKeeemqnkLOlpQXHdcnNTYamK1et4tKLL6amNpxqBZD83Y495RRC6XvCZ9d1cT0PlGLCuHH8cfYj2I5D/359O30HQgghhBBCCCGEEEebBKv/osaMHsWY0feza/dutmzZyrZt22hsbCQtLUgwmEbv3r3o17dvR6/QQ3XSmDFs3LSZp55+hr59+lC5bh2F+fkMHNCf2ro6NMkK02Aw2HGO1slw7qOlS9m9uzr5SruGk046EcNQxGNxTNPk7MmTmT1nDvFEotM1S4qKeenlvxKJROlZUsyyFSsZOXIEoVCIsyedyUt//RstrS34LB/LVqxg/BlnkJ6eTt8+5by1ZAnzX3qJ7KwsVq9ew0UXfglIBquJeBylFOPOOIOHZ89m4cJFnH/+eZx3zjnMf+llwrW1NDY2sWnzZsaOPRWdeqX/zbcWk5OTg+s6pAXTGDNmdEfFp6c12vOIRmNkZWXhOE5HyOh5Hq7r4Louffr0YcQJJzDvhfncPPVGMjMz278sYtEYwUCA0p492bh5E/l5eayMRCgoLGTr1q1Eo1Fuvflm/AE/juPw50fnsvLjVZT27InjuHiuy7BhQ1m+ciV1dXXE43He++ADRo0ayZkTJqCUora2ljmPPcaExkZOP20sc+Y+xuNPPkVF335Uba9CKUVubg6e56G1x8KFiwgE/DiuS3FRET179iQejxMMBijq0YPd1dXk5efT1tqG53kkd6DTLHrzTbKysnFdh8yMDIYNG4b23FTLgXTOnDiBv76yIHVOkuu4OLZ9+A+9EEIIIYQQQgghxGfIvOuuu+462osQR09mRga9ysoYNmwoJ544hpEjRjBs6FDKSktJT9//NfbuBINBBvSvIBqLEa6ro1/fPpw5cSKBYBDX9bAsk95lZR1BYzvTMLEsi0Qijut62I5N7169CPj9ZOfkUFBQQCgUIj0UoqCggKJUBWr7NftXVFBXW0ddQz3Dhg7lxNGjMU2TwsJCykp7Uh2uJZ6Ic8ZpYznhhOEopUhPT6d3WRk14TDRWIxTTj6ZwYMGoZTC8zyKi4rIzc3FsizKevakvrGRstJSioqKKCkqZsfOnYRCIc4/9xwKCgo6glUU2HYC23YwDEVZaemejaK0xvL56N2rV8cr/kopynv3xrIsgsE0epWVYRgGPXuW4DgOoVCI7L0qYA3DoGdJCZmZWWRkZFBR0Q+NJj8vj3giTr++fSkt7YlhGFiWRU5OMrgsLCwgLS2NkpISfD4fPUtKCAaDFBcX0dzSwomjRxMKhTAMg1AohFKKzIwM8vLyGNC/Atu2qQmH6dGjB5MnTqSwsLBjEypXezi2TcJ2CKWlUVTUA9M06NunD1lZmeTkZNOnvBytNSXFxWRlZXdUuNp2AttxME2LstJSDNOkuKSYjPR08vPyMU2DstLSjipgrTXZ2dkUFxd325pCCCGEEEIIIY414XCYJUuWsGjRIhYsWMDatWupra0lOzv7H/r/4f+M5H4qP6R379707NnziF5bfDHccccd3H///Tz++ON88sknnHXWWUd7SZ+ZV199tdsxSrcnI0IIIYQQQgghhBDicxGJRHjsscdYvHhxx2f5+fnU1dV1/Dx+/Hi++tWvdtrE+PP00EMPsWTJEsaPH8/Xv/71I3JN8cXxne98h+XLl3f6bPTo0TzwwANHaUWfrWnTpnU7RoJVIYQQQgghhBDimFTJ7CmzqLrxHmZM7qpNW3fHDy68cCbTFo/nnhmTObyzwyycOY2tV81h6pDuR1fOnsIspjPnUAZ/QW3dupVZs2YRiUQYN24c5513Xqf9NLZu3cqCBQtYsmQJoVCI6dOndzr+WVu8eDHz5s2jtra247OCggIuu+wyxo8f/7ldV3yxDBmy59/pX/7yl/zgBz8AoLKy8mgt6TN1KMGqbKkthBBCCCGEEEIcyxb/L7P3yynCLJw5i0VHYz3isEQiEWbNmoXWmrvvvptbb72V8vJywuEwa9euJRwOU15ezq233sr06dPRWneEsJ+HuXPn8vDDD3cKVQFqa2t5+OGHee655z6X6+4RZuHMKfs808nPpsxcSHjvjytnM2XKbA4a04UXMnPKTBaGDzbo6KicPYUpU/b9p5v7+WwufGjXOdRxXXjnnXdoamqiqamJCRMmcPbZZzNhwgSampp45513/oEZj0+yeZUQQgghhBBCCHEM6z1+PFXvVcJe1WGEV7GYSUyqWETVXmMrZ09h1t5p66T2StFKZk95j/Ibq3jkkU1QcSM/2qcwMXluBTfeM4PJhSRDl70mmzR9DlOHJKtVH9kEzJqSrJY9YRUzp23lqukwq338pANXqB54jdBehbvosI8du+bOnUskEuHuu+/uqEKdO3dup/6NgwcP5vbbb2fIkCHcfvvtzJo1i7lz53Lrrbd+pmvZunVrt30jn3/+eU488cTPsWK2kJLe8Mh7lUzteKZr2bqpgoqKxawKT6a9ALvyvUUwaTrH/m/5IPZ5TitnT2HWzPJ/oFL82PLqq69y8cUXc8899wDgui733HMPO3fu5NVXX+X0008/yis8MqRiVQghhBBCCCGEOJaVnMD4qvc6VZWFVy2G8WPZO/qqnD2FWVU3cs+cOcyZM4c50yfBoll7VQYu4pGtVyWPzZhMXpfn7h2qwvT2ue65kapZM1kYLmTyjHu4sSIZtO5pQbCIWU+Vp659DzdWzWLK/mW23awxWYVbdeM9yWOpeWYuDNMeqjJ9ThfHjl3tG1WNGzeuy1B18ODBpKWlsXbtWh566CEg+Xr1uHHjWLJkCeHwZ3t/CxYsOKRxe/eB/TwMGTsJqnbtqU6tfI9Fk67iqt6b2NpRSBtmVxVMGntcx6r7GTJ2EmzaSm33Q495F110EbZtd/rns/7LgGOdVKwKIYQQQgghhBDHtEJOGF/FSx1Fq2FWLYbxtxXAXvnXkKlzmLP3aUPGMmmfZgFdhVS1C2cya9Ekps9pr6ALs/CpRUyaPmdPpWDhZG67cTHTXqpk8tSCLtZYwY23tZ9fyOSrJvHIrPeo3Kei9KBrrHyJRzZNYvqM9rC2kMkz5jAZCC/8XxZNms6cPQti8m03snjaS1ROnnrMVjQuW7YMgPPOO6/js/Hjx1NbW8tll11GeXk5S5cu5YEHHugY2z5+yZIlLFu2rNO5/6x9X/8/kKqqqu4H/TMKyqlIhYuFQHhXFRXlFzGkZBKzOipZk1Ws5e2PW3ghM6c9wiYA9qqs3k/nyuZkpXX7FDOZ9khyBipu7KgaTfYBvpEbqx75/+zdfXxU5Z338e88JCSBBJgkBEswQ0PQYHHX4ArIRIpFaW9r1e7W8NCl0O7a3kiRNS1bVApWW3tTcaEq3brtC5ZbwsPeW7W1L4u1UkgUsYBbKVAClCChPGWCEEhCMjPn/uPMcybJTAhkQj7v1yti5pxzneuc68x1zvnld65jZmNrshatHa/3guVM1qK1oeOsvXLi0TYLt/36BsYzDqwqvB7RYxd3NGZyZJZ423134u0n9Yx/JYVxjtl87733av/+/Tp16pQcDvPPNPX19Tp37pzuvffeDpf1eDxq9XjanZ5it8tu7x0hy95RSwAAAAAA+rDcMaX6KBBZPbNHlSrV3FxpT4x5I4I+kiZ3VPDhNXrmsKTJD4YFeup09LC05ZlZbcdwbbew63VdeCwmp0CFqtSJM9J1cdbxzImPpMJSxQrb1pkV0qz4K5QUjh49KkkRj9UXFBRowYIFksyM1kAWaXZ2dsQ84ct3lz//+c9xzXfFA6u5Y1RauEbv7Z+j4uLAHwpyJRWocIsZkC8+c0IfFZbq87mStF+ry9fo+kVrtcSMKmpW+WpdtzY6qB6W9Xxnrj8Y+6TeXr5Ed9atVvma67Vo7RIV+wOW5auvCz2mv6VSWr5Wa3PNac/MMjO25/gDn5ve/rwZcNwfXo4ZtIwoJ1r0cVs4W8uXBEO07dc31/yDwprrF2ntkmIFgqzBesRr/2p/lnhYEPn1/bozWN8tqtRyrV2b689UX6W3x7QXtDa99NJLmjBhgiorK3XmzBmVlZVJkt544w39+c9/1t/8zd/opZde6jB79dTJk+1Oy8/Pj3/7ehiBVQAAAAAAkl3uGJV+tEpvn1miMWYUqk1WWihYOdkf9PE/Pt+hUGbe6vHhmXLRmXMRa+ryZnStjsEK9YoxVcPV1dUpJydWqNh8c/rKlSvV2Nio7OzsYLA1IDs7O+4M0+52pV6cFWKOs1p54oxUXKejh6/X+FxJGqPSQjMgnxN+nO9/T1sKZ2t5oPmLP6/ZheVmYDZ8957Zo8rDhf4graTcO7Vk7Z2SpP2vh2eKxsiqnvygP5ho1k3Xj/fPm6OCQgXHMt7/3hYVzl6uUFVmq7DcHwyOtalRx+2Zt59U+ayjZubpmT2qPDxZDy4J1ffByWu0ac8Z3XlnrnLvXBKW4W3+wUNRYyN3qniO1i4Jrl0nPpJ0fUQF9WAgippToEK1H1Q/fvy4XnvtNd14443Kzs7WTTfdpPr6+uAwFpJ00003KTs7WyNHjtSqVat03333adiwYRHl2O12ZWVl6fz5823WkZWV1WuyVSUCqwAAAAAA9AK5GlMqrdqzXwpm94UHOM9oT+XhDoKh7SgsUI6K9fnZhSp/ZrXGr52jYn8gyQx6xZsZ95EiZq87qsO6Xg9GLN5xHXOvuz449mT0WnPMCumMinvVC39ycnLazRKtrKxUY2Ojhg8frscff1wZGRkR091ut4qLuy+QnGj269GjR6/gC6zMsUYPv1fnH191vOZICh3nZ3Td0cO6frx/cIoTH0mHt6h81pqIMgpPnFFEinPM404KBBQLS2MHueNnlnN4S7kiq1KoeL8uuXc+qMlrnjGDwjqqw9qiZ6JTsSf7vwURL5ArVGFhV6ocOYRCl8rw2759u8aPH6/c3Fx5vV595jOf0eHDh3XSn306dOhQFRYWyuv1qqioSIMGDdL27dv1D//wD23KGjRokBouXJDh8wU/s1itGjRoUNcr2AMIrAIAAAAA0AvkjimVyp/RmsLZWt5OAOejYHTHfMR4i+J7WD73zrmaXVmuZ814G8sAACAASURBVFaP19o5xf5svvBHgs3HkCtLl2vJnbFKOKw1wceLzTFaA1l90a+wareO/izE8EedQ+NImsGoVW+PCU7raEzJZFFQUKCqqqqYQcoHHnhAxcXFuvHGG9sEVWMNIXC54n1xVfj8V/RFRDkFKvzohPYXmOOrBuRed70Ov7dHJz6arPFzQp+psJ22Dv/7QtgQFJFBTjML9fDRWGH7RJjlFJbGNw5pp3IKVKjJerDNkAZS+PfIXJf/O5jgKva/vkaHw7Jmze9U1xw6dEhjx46Vxz8+akZGhsaMGaMxY8ZEzBeYPnjwYB06dChmWVarVQOzsvTxxx8HPxuYlSWr1drF2vWM3lVbAAAAAAD6qtwxKi2UCkvHxAgNmS9z0ppyzZo1S7Nmlevog8s1u1Da8l50aDNm4bpz7mwVbnlGq/dLKp6j5bOlNeWzguVVBoNJuRpTWqgtz8zSrNWBsgs1WZuC8665flGMwFNndczVnUsW6frg9Fnm2JBziiUVa87y8GVnJX1QVZJKSkokxQ5qbt68Wf/xH//R7rTw5S/X/v37VVVVldAygYDwFZM7RqU6qveOSqVjwlqxeLwmf1SpShWEklGLx2vy4TV6PXC4nXlbT86apdXRh3buGJUWHlblnkC0db9W++crHj9Z2vKeP9BvBi01eXzCLz4rHj9Zh9e8rlBVntSsWavb/AGhPWfe3qQtmqzxxYH6btGmtyPr++TboWixGQyW/+VuoXJyCgojtmdPZdjEaB+dMOPPZ97WpjbjFMfn7NmzslqtamlpSejHarXq7NmzMcvMysqSxR9ItVitysrK6lrlehAZqwAAAAAAJKVizVm7Nuz3XN25ZK3ubO/3sPEkg8KmR5Ylc/zGOyM+iFi+zfT2lj1zQpJU8PklWjsnxlbMWRsaJ7KTOga2OUYxsZdNcrm5uXK5XKqqqlJpaWnEo/3795shsegXRQWCoC6XS7m53RM2XrFiRZeWe+aZZ/Tv//7v3VKHtnJ13fVbtGbLZC2KaPAcFeiwPooYR9gMrD9ZPkuz/J8Uzl4uf4J0RJl3Llmko7NCj+oXzl5uvvBKc7R89pMqnzUrMMEftE9QcVQ5KtTs5bEyTv3avHQtfP629dXkReaLrCR/5rh/+cmLtGjyFj3jz7oNDClgDiNQqNmzJytWOqs5BuwacxiFwtlaNLtQz3RhWI2zZ8/KbrertbU1gaXM8VTPnj2rwYMHt5lm9T/6f7a+XoMGDep12aqSZDEMw+jpSgAAAAAAgF7qzNt6srxSpcs7fpN4X9XY2Kh/+Zd/kcVi0aJFi4KP9x89elS7du3S2LFjg58FXmhlGIb+7d/+rc0QAV318ssvtwngxuP666/Xl7/85W6pA3q33//+9zpw4IDGjRuX0HI7duzQDTfcoE9/+tPtznPy5EkNHTr0cqvY7crLyzudh4xVAAAAAACAKyQjI0OPPfaYfvCDH2jx4sUqLS3V3XffrYKCgogg65tvvqnKykqlp6frscce67agqqSYwdGjR4+qqakp+Ht6evoVfVkVereLFy/KZrPJ6/UmtJzNZtPFixc7nCcZg6rxImMVAAAAAADgCmtsbNTLL78cMdZpTk6O6urqgr+7XC59+ctf7tagans2b96sdevWBX+fOXOmpk6desXXi96purpay5cvlySlpaWpf//+yszMVP/+/ZWWliZJam5u1sWLF9XQ0KCLFy+qublZkpn5OWrUqB6re1fFk7FKYBUAAAAAAOAqOXPmjHbv3q2jR4+qrq5OOTk5KigoUElJSbeNqRqPxsZGvfTSS9q9e7dKSkr00EMPXZWALtBbEFgFAAAAAAAAgATFE1jtfa/bAgAAAAAAAIAeRmAVAAAAAAAAABJEYBUAAAAAAAAAEkRgFQAAAAAAAAASRGAVAAAAAAAAABJk7+kKAAAAJMq46NalbS/IU7NDRuPZzub2/2u50tW6BlhkHXid0u/7P7LmjuzpygAAAABJjYxVAADQ6zRvWaHWfb/pNKhqGIbMgCpB1fgY8p37qxpf+VZPVwQAAABIegRWAQBAr+M5sj2u+Qindo3RcKqnqwAAAAAkPfvFixd7ug4AAACJaYnz+sVCaLWruEYEAAAAOmY3H5EDAAAAQrhGBAAAADrGUAAAAAAAAAAAkCACqwAAAAAAAACQIAKrAAAAAAAAAJAgAqsAAAAAAAAAkCACqwAAAAAAAACQIAKrAAAAAAAAAJAgAqsAAAAAAAAAkCACqwAAAAAAAACQIAKrAAAAAAAAAJAgAqsAAAAAAAAAkCB7T1egXdUVmruiSs7pT2lhaXbH87ortWzxdk14aqE6m7Vbl70K3JXLtHh9TdsJzul6amGpzCpXq2LuCmnBKs0YFVgmXwtWzdCodstsf/qVV62Kua9qeJLu86vGXalli9crRuuaXAu0auqppD4+E2Mep1WxJrkWaNWMHjoaK+Zqhcz1uyuXafGx+3umLtUVmvvq8LDv9VWvgCrmrlBtu31uZ9M7KrpCZhcVb58TdqxE9HVJwn9+ast1mf1qkm93L5by4JtKG57ZdkL9r9Ww+uluWUfanO1KUXvlPaGM8nukP01Q4+ZuWV3CUh58U2m5B9X84sNq7YH1t3s9E9X/uyuXafH2CVfg+HerctliHbvfvFbq/bq3z05kv/foubJXa+86yKnp18R1HgAAfVOSBlbdqny1Si6XS1XrN6u69AoGALNLtXBV6ZUqvXvECDpVV8zV4mVq/wLYWatXl1Xqa9HTqyv8Nzb5V66+iE/EsdfeDd+o5D8+ExLr5sG80Vg2vAsBu24wasYqrbrqa01i23+uiryFUcehW5XLzJtB59WoQ/VOVSV7YDFG/dyVy7R4bkXXg6u9Ybt7szZB1DKlP7xAmXPUbcFVdKLN9Yx57ptbEfo8u3ShrqnT3pXWTX02+/1qaXsd5K5cpsWLK5TXYwkPAADgciRnYNW9T9trXLp/4a1S1QrtrJ6hUVFXGtUVcxVIGHK6XOFTzGzIBRO0fYU/G9A5XU8tzNPm4F+Jwy5qIjJW/ctOz9f69YG/J19uBtKVMWrqdDkXH5NbaucGfIIm5G/XPndpxMVb9U5/wDpm2mASicoIcy2IDDiGt79/BvOmLFZmnLtSyxYf0/3+zyKzZpI8SyD8+JR/OxZIKwIbH8xqDWS+Rh2vnezH5DBKU6c7tXj7PrlLAwEl82Y71ExRwaaobN9gZru7Ust+Lk3IX6/1VZJcC/TU8FejsnAiM7wDGatPDX/Vf1ys0Nxac33uirl6dfgCTdi+wl8X83jJ2xzW/0RkA0Vlo4QFEcwMnwmaXrs+uF3BZcPaafHcYz3a5+RPmKDandWK6HTd+7RdLrmcVaqVYmf6J5CVWl0xV68On6789euD+8oVkXFv7qDFc9f7P486Hnoww7kj2aX3y7X+VZ1yS6Oypc6Oh59rQnAf3HqnUzvfjt7u6P4q/PtdrYq5OzV8eq3Wr6+RnNP16ITteu7Y/VqgFQp1Eas09VRYGRH7Lmq/Kvx4juN82N73MFi/2NuePDaq6cUiZZTfo4ypT/szSc1gqz0tNJdxbIUubNpo/lLyogZMLpEl1jRJ0k3KKN8um/83b3SG6ifWK7PcH+pq3h2VPWpmtQaWjS47bc52pTjCygoLFKfN2S7rxd2yDi+RRQ3ybLlbTbvDy2uQtz7xPXTlZat04QIdm7tCFbeGHfP+PltR35PY34vo83isYy87dKyvmBuWxdlB3xJ9PhkzRtozMOI7cOWya+MXV58d0CbbPvSdjt7v7Z2vQvs+dK7MVkdtEkdf0lm92jt3Bja3o+OhF1wHZY+eIKeOBX8Pf5JGUuQ51x37iQnn9Ke0MG9z+9OS9kIXAIDeLykDq+5921Xjul+jNEpySSt2VmtG2AVjdcVcraidrqdWlSo7cFEspyYE56jR+lcn6KlVq5Ttv8BePNep6U+t0qps//Kbq1Ua88qqRuu3B5Y1y15RcWsS3hB2bvSt+fr5PrdKw250d1a5dOsCJXdgNRigWWVedLsrtWzxMlX6L5Qj2z8wf+Cm7Fa5FBmMDx1PYTcOqxaGlu1VWQJVWrFzgVatmuHfLys0t8rl31fm8fpq5dSwYF37+zF5mduxfcJTWrXQHwqtmKvFFXn+72G1KhavV/6CVVo4SubvcxerIm+VZmRLqllvLrvKH6KtjG+t2aUL9ZQiH290S6pZ/6omhPcdi+fKOd1ffnWF5q4IZNWHArarRoW2Y1ll2A1N1XodC0yvrtDcFT9X5eiFKh01Q6sWqIeHAvDLG60J2zer2uyBJZnfIU24X8O3+2/Ss0drgnO9tof1L9U7zaFb4v0e1azfHtyv7splWryiQreumqFRpQu1Ki98WAR/H5+/QKsWjlKsDLfk1PnxEL4PJOmrN0cOBxEatmVhqP+KyIit0vpjC7RqVSBYu938Y+SCVTK7iGVavGKuqlz+edyVWrb4VVVOXajS7Oj9Glif/5jMljo+H3bwPRwVx3chaTwtX/09sg8skyQzqNr4azW8aAYszSEEvqb0ko1moHJyiXzBYOkTyihfoIypG0PBU0e2jC0T1LDbv+yn1itt83Q1+yfbHFLr8glqlhkMTXv4RenFh9XqD6paj61Qw6aNwbIHPChd2LTRDKpm7Fbzcn8gdup6ZX4qPCAs2YY7gmUrujx/QDhYkaQySre6pFdDf5GIEP096fg8bmZq1k5/SqvCAqfLKp/SwoVPSRFPhsTRt0ScT8zjOnR94da+7TVy3b8w+ftsyX/OqdX0p1aFBTxXtH+N2975Kta5stNrqw76knjq1V5dsuV/EivUT0asu5dcB7n3bZemfy2+8+eoGeY1YGBZ/3ni/tJsSR1NAwAAV4rVMAwl188BbV5fI9fYIhmGoaK7p8lZ9aq21YWm76ySXPe55DAMGYZDrq9Ok1MKliGFTy/SWJck131yOczpRWNdUu1J1YXNH3tZh4rHOyPmvfo/khT9WZ22/Xy9alxjVRRWb0UvUzRW+dv3hup+YKeqXGNVFJy959q5/fXXadurVXI9Mj24bYbDpa9Ok9ZvPmC23/QX9eK3A21kbqcruP1me1ftPBAsb+/2wPF0QJvXS9O+Gr7sdD3iqtKr2+p6dH8YhiEjog1j7yvJqWl3F/n3S7HGOyXntLv9+8o8XmuO1cW1H5On3c3vvHN8sdkuBzZrvabpqy5HcJ6i6Y/I5e8H6ra9qirnNN1dFFi+SNNffFHTi0L7aHyxI6z8tt+hiO+LwqdHzasYfYdcui9Qt6KxcqlWJwP1cj0SrEegb9L6zToQKDu83kVj5VKNjtW1X8+eaB8ZDhWPr9XOA4HP67R3u8x9Gtxv/mMt2L8c0M6q6P0e/hPV50TtV0fxeDn9+7HNvjiwWetrXHpkelHEfo08L1ztn9htdaBihaqc41XsiPd4MOeNXa7/XBj2HXa4vqppzlB/JSl4rgwuH3aMmfs1us8IHHMOub79ol6cHlrenD++82FH38POt70bj9du4L3YIEv/IpkZrBMihgVoPXRQ7a/paTUuj8pIrd+mpt3hy2bLUhK2rj+FgqzNf9wtI61I9hIp5cE7ZGverUvBDNWn1finGlmG3680Sc2rJ6ghPLt18155o6tTvzcUN516k2yqkSdQ3u6HdelYQ1z7I9zV+N4YhiFHfuDcFT2for4nnZzH/f1FsI/2H+ffDvxublTcfUvk+STq+qJur7bXuDS2KNH90M3fgbj6bHM/vfjit4P9bvD6OOb5Twmcrzq/tpI6uLaOp17t1sW81gldBwXKm66ipL0OqtH6xXM1d27oZ/H6mrDj34i6Lgm1dZvy6rbp5+ulad8L28Z4pvHDDz/88MMPP3H/xCP5Mlard6nKOU3fC/zZNnu0xjs36L1AZpT7lGrl1PjwP75m53U6Yqgzvxf/tbZqpR6OzjB1TtP3pnf2t+1RGpv/WnA4gOpdVXKNnS5p1xWqaHdwq7ZGqlr5cNvB/V1Rc1b+SN/dUNNm8qixLmnlLlVPH6VR7n16r8al+0bJf+zUqOq7D2tDVNHOad27FVdTfl6sYzv+/Xh11WhDzP3/PX3bn1HhPlUr1VTpuw+3mUvTJLlra6T8+3ouQ8iZH3PdbnOHt/2u9uwO75Ls0eNV+6b/0VL3Pr2n8fpqtrQvah7nhlpzOBL3KdU6x+vuK9Ao7lO1knN85D6Po8+/4mo2xDhGXXrkRTPbtPpyj4dY5zplKy/hDc9XzC4iTPX6h7UyWE+nxsdTvQ6+h9fCdyHysftAQPJptR67Q2mf2q7MT6kLL75qkHEm7NfdJ+SbXCJLrmTrnyk1noh8qdSZehlyRJQQ/RKuNsHVwHwDs6XmgxHTW8+5lZabQHWTUSfn8Zj9RbtFJd63jBrrkl47JbdGKdtdqxrX2KR42iWePjvIXakffXdD6MWZl/u17K5rqy7Vy7zWyb+vN10HOTXte9+OzJitXq+HV76myru/nUAmbbXWf3eDNO17MZbpaBoAAOhu9ngjsFeHW5WvVUk1anvDWvOmql3TVGSE/9U2cpbIz6Kmt4k2R0ag21vWCP+r/OVuXhcYhiTXI3phWlHMiZF1MusdXueisfla+Wa1XNOkXVUujZ1myDjY3vJXV6w2DHA98oJib7Ihd+WzWrKxRpJLj7zwLRXpoDbMW6lguxWNlUsrtat6mhwn31ON676wzF6nyp78VswLzZ79LhhhGQrhH4cdn4o+VtsuE/1vR/uxZ0Tu/4Mb5mllVSi7yKybJGeZnvxWrEfiDYUO3xjbEOP73P53OHJfRy4TNWesviPW9A6+q+646tFzfU2IIcNRrHG1q7Wt7lsave89adwcM9NICvWljmKNc24Ifs8i5mm36Hb2W7v9sCF10Ad31Idcce0do+H17PLx0N65KWwd8ZyvwiYE+4qwZczvn39bXihVtrtSzy7ZEdf5MFSVdjvxOM9bXWfpfJa42Ppnyrho9izBgGqz/7H7khc1YHJoO1o33R3xKH5m+T0xxlntfqGAao1al9+tZv+j/ldad54r2utfJTMY7xzmUMT5Ldb3v5PzuDn0S3v9aOTx39H1Xexzrszri5rXtLfOpaG7quQaO62Hrx2kuPtsd6WeXbJRNTKvDb5V5O8DpM73e/i6jKi27PTayh2xrL9KofITqFfH587Yeyf5roNi9OtFd6nMuUTv7a2TK2wntn+OdKvy2ZWqcj2iF8Kun0wdTQMAAFeCtacrEMG9TztqnCp78gW98ELYz5NlcqpKuw5Kyh6qfNXoePhLGNwnIwfnR0jRWLmqdungwV3mMAA9XZ9OOTTMKdWedLcz3a19O2rkeuQFvfDCtHa2x/+43q5Kc96x/rliHTvXrM72Y3IomvakypxVWvlspQI1zR6aL9UcV3vN5DA3TMm2Zclar67J1uhx0o59B7VvhzRudKyUl2yNHuf0f8/am6cbahLreOgFff5lHw8x+yu3Tnbbhh/Urir/+TbmHzE61tH29a7vwhOyOiTfuY3+/2+QZ0vUY/exbJ6uhuUT1HysQZbcO5QS17oyZQnPGC25TlZ/Fqv3YoOUcV1kObkOf/C4TPbcTHn/NEENy6fHNUxq6zm3lOYIvghL8mexJqWD2lUl5Q+No36dnMc7O390Om+nfUuRxrpqtGNfpfnH6qS5qOq8z3bv26Ea1yN64YXYgcaur/ryrq0ur14dXev0juugcHF9ByS5K1drY41Lj8TYYR1NAwAAV0ZSBVbd+3aoxjlOba4Hs0t1n0uq2nVQUpHuKnOq6rVAIMatytUbVdOmNJiKNNZVpZUrq0IBxqSWrdL7XKrZuFqVwWthtyqfnadnQx+EXSj7/zIfVUrRWJdUtVEba5waFnyS0n/srNwQzHqUDmrDvHnacFDXmPj2Y8/LVumcMjlrNmpJoBGK7jKDreGNcnCD5s0z2y279D65ajbqt8HJHW+XefO8Q/v8k92Vr7V9LLA7tsRfr9Vh9XBXPqt5YUHj3iR79Dhp40ptVIw+OWweZ9XGDue5bG2OB3+f77ovqR9xvPzjoW1/Fbhhvq/bNjw8GHJQG5bEfy7t6HvYe74LZUp/+B7Z6n8dNk5qePDTfFlVKDP2CWWUb1fG1NDy9txMGWe2dRyEDWMb+aI/eFqm9AklsvjHZG3dtE3etBL1e7AstK5POWUcezUYSLUODEzz17ujFW1+VZ5mp+yB8kpeVL+wIQSSRyi7Lr44UCfncX9/8VrYsXdwwzzNi3WS72LfUjTWpZqNG5Puj9Xx9Nnhf/BwVz4bNgTI5eiGa6su1ytwrfPb0LrdlXp23rOqdPeW6yBJB3+rjTWhQL1jmFOq2hXcpoO/DeubD27Qko1S2ZMxkgs6mgYAAK6YJBoK4KDe3FgjZ9nsmI+TjiyZKP34NVVOKZfLVa75td/Uknnmo3cTy8rkrNkRGqBfinhUss3ji7EesWxv2eDkHhoKIKxuHc0VXu/oOo8smShVSSUj/dsV8Xh5TzBkqEYbl8xT5MOTTpUtLZdrZJmWli3X0rDpzrKlKnc5ZBiSa3aZdixdIn/za+L8pSr75VJt3FmtspH+S8mRJZqoKr3jHOd/6YX5scN/7KycF7pqnzj/eU0b2f5jZFdHO4/9hh+fCvt/I/YyEcdLh/uxZ47m6O+XJMnhUvn8Wn3zxyv17LClKndly1U+X7XfXKlQM03U/OenaaRhyNBIlS0t0/Kl8zQvOHm+nnc5FHriMGwdI8s0f+I39WP/fnCWzVeZ88eqDXxfwvoHR/E4OTeu1Lwqc33hj0MGyjX/iXq02jBkGIF6hY5NOcu0tNx8YUeoarGWlXnM1vxYS+btML8HVz1oGFUfR7HGOSWN879ULHQwhvZHm3naKzpyv7Xtk0Pzte2jHHKVL5WWL9W8QINPnK/ny0b23COOcfWhiR4Pbct1uMq1VMu1NLThmv98mf97EMf5qs0jtOF9xkiVzZ+ob66c5/9Dg1NlS+dr4tIfa8e+OrlcnZXfwffQcHS47T02FIDDfHQ/nHFshRoiXhh1kzIDY6iqQZ4tv5Z38j2yjSyTdkdPlznOatzDADTIc8ahtPLtSpPM4QaCY7Q+rcblUkb5AmWWLwjWLTDEQNP2OzRgcmia908r5Bm5QPZPPCEp1jivG9X0YlFYeTXyHGuQPcExVrt1KABJqgrv103OsqV63pUdXFf4cRZej8BvHZ/HHf7zR/SxN1KGIRWPc2rjynmqmjhfz08r6rhvie6XAvzXFyrpwT5IUqJ9tsM1W2U7lgavnTVxvpaW/VJLN+5UddnI4Gi+sfd75Lqiz5VFHbZJx31JdgL1in3u9F/rBBvRXLfLYchwJON1UPvXvyODfb+5TwL7c+L8+ZpY9UvJMFS90/ysTRkT52u+2p/2PBmsAABcMZazZ88mS2QVANCruFW1fI00uycCwejrbD//XE9X4Zrn/dobPV2FJHRQG+fvVsmPy8gKBAAAuMY99dRTnc6TRBmrAIBexb1fOzROX3FEZXQBuCZwjRjDwV165/YSPdhjT/0AAAAgmSTVGKsAgN7h4MZH9Mj3dmjcVyYm/OIjAOh93HrnuUf0yAvSvDJyVQEAAGCyuN1u/uAOAAB6lZTV93Q+Ey5L65xf93QVAAAAgB7z/e9/v9N5yFgFAAAAAAAAgAQxxioAAADa4BoRAAAA6BiBVQAAALTBNSIAAADQMQKrAAAAaINrRAAAAKBjjLEKAAAAAAAAAAkiYxUAAABtcI0IAAAAdIzAKgAAANrgGhEAAADoGEMBAAAAAAAAAECCyFgFAABAG1wjAgAAAB2znP+3O7hqBgAAvYu3padrcO2zpfZ0DQAAAIAes/TYrZ3OY5fFchWqAgAAgF6Fa0QAAACgQ3Z5LvV0HQAAAJBsuEYEAAAAOsTLqwAAAAAAAAAgQQRWAQAAAAAAACBBBFYBAAAAAAAAIEEEVgEAAAAAAAAgQQRWAQAAAAAAACBBBFYBAAAAAAAAIEEEVgEAAAAAAAAgQQRWAQAAAAAAACBBBFYBAAAAAAAAIEEEVgEAAAAAAAAgQQRWAQAAAAAAACBBBFYBAAAAAAAAIEEEVgEAAAAAAAAgQQRWAQAAAAAAACBBBFYBAAAAAAAAIEEEVgEAAAAAAAAgQQRWAQAAAAAAACBBBFYBAAAAAAAAIEF2w+jpKgAAAAAAAABA72InrgoAAAAAAAAAibEbpKwCAAAAAAAAQELIWAUAAAAAAACABDHGKgAAAAAAAAAkiIxVAAAAAAAAAEgQY6wCAAAAAAAAQILIWAUAAAAAAACABDHGKgAAAAAAAAAkiMAqAAAAAAAAACSIMVYBAAAAAAAAIEGMsQoAAAAAAAAACbL7iKwCAAAAAAAAQELsPoYCAAAAAAAAAICE8PIqAAAAAAAAAEgQY6wCAAAAAAAAQILsPgZZBQAAAAAAAICE8PIqAAAAAAAAAEgQQwEAAAAAAAAAQILsPt5eBQAAAAAAAAAJsduzhvR0HQAAAAAAAAAgeVzofBaLYZCyCgAAAAAAAAAB5eXlnc5jvQr1AAAAAAAAAIBrCoFVAAAAAAAAAEgQgVUAAAAAAAAASBCBVQAAAAAAAABIEIFVAAAAAAAAAEgQgVUAAAAAAAAASBCBVQAAAAAAAABIEIFVAAAAAAAAAEgQgVUAAAAAAAAASBCBVQAAAAAAAABIEIFVAAAAAAAAAEgQgVUAAAAAAAAASBCBVQAAAAAAAABIEIFVAAAAAAAAAEiQ/UoUeu7cOZ0/f14ej+dKFA8AAAAAAACgj7Pb7crKytLAgQN7Zv3dXeC5c+d04cIFZWZmym6/InFbAAAAAAAAAH2cx+PRhQsXJKlHgqvdHvk8f/68Bg4cSFAVAAAAAAAAwBWTmpoqq9Wqc+fOXRuBVY/HI5vNJsMwurtoAAAAAAAAAAiy2Ww9NhwpL68CAAAAAAAAgAQRWAUAAAAAAACABF2RgVAZMCOIXQAAIABJREFUBgAAAAAAAADAtYyMVQAAAAAAAABIEBmrAAAAAAAAAJAgMlYBAAAAAAAAIEEEVgEAAAAAAAAgQQwFAAAAAAAAAAAJImMVAAAAAAAAABKUlBmrBzd8Uz9+J8YEe6aGFY3TXX9/l8bmZVzWOtrnVtXypdqoMi0tdyn7sufraf56Dpuv56cV9XRlAAAAAAAAgGvCFQmsdo90OceVaFhYDZtO7df+g29pzdM79OE/f0dzbs7queoBAAAAAAAA6LOSOLCap3GfmyZXdCpo4z5tePonemf1f6joifK20wEAAAAAAADgCkvKoQAM/38Nw1CbotKLVfbPk7T7ua365ZYjmvj3Tv+ERtXu+IV+8cYe1dQ3ySPJnjlMN39uph505Ss4cEBjrao2rdMbHx5XgyfWPIF1tqqx+k1t3PiG9p/2yJ4+RDffOzvmfO69/0+r//MdHW2S0ofcrHtnPyhXfuRQBY21O/SLX/xSuw81yCO7MkeW6Atf/KLGRcwXzza4VbX8SW3K/4q+aX9DP9l6Wsq8TbMf/7JuzpDO7/tvrVn3jg41eGQfUqKZ//tefz0NXioGAAAAAAAAdJMkzljtgNOlKY6t+tWhGrnlVLakU799Tst+Va9ht31RM0scSm84rnd+/4Z2b3pOTelL9b/HZklyq+ony7SpfqQmffErKnZI9bvf0i82LVOt53E98em80DqO/1LP/SRPJV+cqW84PNr/q43auuk5Kev/aPbNKRHz/eRnWSr+wkx9I7NJu9/6hTYtO6jj31yqsiJzvsaDG/X9599R07Db9MWvlMjhOaStb/xe65btV803H1dZkRkyjW8b/Has00/yxqnsG59Ta326nBnS+V0/0dL/3C8Nm6SZM4ulQ1v1q+fXKPPKtwgAAAAAAADQp/TOwKoy5ciTtP+U6iVlq0YfvtOgzIn/W4+WFckMZ47W6JI8rfnXn2n3oVPS2CzJvV87jkq3fWO+/n60v6jRxUpvekKbPjwo96fzQi+h8jj0ucf/VXf5Y62ji9LV8K8/0+4PD2r2zaNDVfE49LnHnwjNN7ZIeU9/X7/65Q5NKXcpWzV642fvqKHgi1pS/ml/+aM1elyJfvn0Mr218X19+olPKy/ebQiut1gzv1mmscGE1xr996b9UsGDejzwMq3RozVm5Mt68t+PdufOBwAAAAAAAPq85BwKwAj9T+yi0pU5WAoOF6ACTVnyQ00JLBOYzf4JjRwm7W5sVIthKCUzUw67tPtXG1Sc+TmNyc9SitJV8k/LVRJc1r/0sIm6ZUjY+gNlnapXnWEoOzDfyCm6LXw+DdEtE4fpV6/s0P5zEzWxfpfeb5JumXK7HOF10zBNmjJSb1X8Xh+enKQpeXFuQ2BKQbEK0sPWe+qg9jRJY6bcFrGe9OIpmuJ4X78yGAoAAAAAAAAA6C69NGP1vE4fj/V5qxrdp3T89GmdPrhfH+7Zo0OnJalB5yVlp9yse2eO0dF17+o/f/SuZE+XwzlGU6ZM0S3FeYoYFdWeEmsFbQ1xKCvqo+xhBZI+0Kl6Sa2tapJD+Xlty8tyDJF0SO7zkoKjEHSyDe3V47xb9XJoYpv1ZMoxJL5NAQAAAAAAABCfXhpYrdep05IK8uXwf+Le/TO9sG6P6s03PsmRlaeCW27TmA+26oOwJbNL/klLSs6rdv8evf/7d7T70Pva9O/v6xcFD+qxRye2H7hMWLqy0iW1xr9EvNuQmBTZ07u8MAAAAAAAAIAYknIogGA5amcogJrder9JGlJSaD72fv59VfznHjXdMkvfnVEiRzBp85Te+mCrPpAR+Xi9MjXsxtv1wI236wG16tTWF/TMK7/S1iO36wGn/PNFL9P2c0OS6s+r0TAUHrusP35U0hANzjRkNKYoXfWqPdUiY0hkNun5+tOShinPYcg4F/82xKxfpkOOmOtx69RRSTd2X7sAAAAAAAAAfZ21pyuQsKb92vTzrWqy36jP3uJ/fv50jQ5JGnNbeEBS0vH39X596NfW/a/oe4sW65Wa8AJTlJUZ/TB/Av68NWIdajqkt946Lo0s0ch0Sc5bdFu69MFb76o+YsHj2vrWISnzRo10xL8N7cor1i2ZbdfTdGirtsazPAAAAAAAAIC4JfFQAKf1/m826XhYDZtO79GeQw3yKFO3z/uKSgLx0CEjdaP9Xb3/8x8p/cHP68bMJtV/sFWv7z6u1rDlU0aO0Y32rdr6wo90/rOTdNuwTDUcf1dbf7NH9oIvaZKzC9XMrNdbP/iRjj/wGd2Sclxbf7NVf24q0Jdm3OYfe9Wpz37tdu1+4RX94EfH9cBnbpHDc8icrz5Tt8+bomEJbEP7hmnKV27X+2HrSW94V6//ao8aurBZAAAAAAAAANqXlEMBmEs36ej77+po2Of2tMEquOUefebzU1TsCFtP5i2ataBR/7X2db1T8VNttadpcMFt+odvfV2Od7+nle8eUm3L7RqcUqgvLXpYg9e+om2/qdAH/rFMC29/SIseKNZgwzCHH/DXwogYCiD6c//vY6ZrQeEf9NP/qtD7zVJawS36x4dmqGRwaBiDtMIvadG3CvTKK6/rlbXvyyO7Mgtv1z8+9FmV5KWZ2xH3NrRXv8B6PqH/WmuuR2lDNOb+f9Qtf/i/+p1/fgAAAAAAAACXz2J0c7TtyJEjysq6jEfrAQAAAAAAACBO58+f14gRI7q1zPLy8k7n6X1jrAIAAAAAAABADyOwCgAAAAAAAAAJIrAKAAAAAAAAAAlKypdXAQAAAAAAAEAyI2MVAAAAAAAAABJEYBUAAAAAAAAAEkRgFQAAAAAAAAASRGAVAAAAAAAAABJEYBUAAAAAAAAAEkRgFQAAAAAAAAASRGAVAAAAAAAAABJEYBUAAAAAAAAAEmTv7gLT0tLU0NDQ3cUCAAAAAAAAQBtpaWk9st5uD6w2NzfruqFDu7tYAAAAAAAAAGjjxMmTPbJehgIAAAAAAAAAgAQRWAUAAAAAAACABBFYBQAAAAAAAIAEEVgFAAAAAAAAgAQRWAUAAAAAAACABBFYBQAAAAAAAIAEEVgFAAAAAAAAgAQRWAUAAAAAAACABBFYBQAAAAAAAIAEEVgFAAAAAAAAgAQRWAUAAAAAAACABBFYBQAAAAAAAIAEEVgFAAAAAAAAgAQRWAUAAAAAAACABBFYBQAAAAAAAIAEEVgFAAAAAAAAgATZe7oC3eeAXv76c9oW/tGIGfrBdyYpJ4FS6rb+UI9VHNGIGd/XokmdLRlY5x0q/+lM3dB54Xrm8Qod6UK9rp4EtwkAAAAAAADog66NwOqBdXrouW1tPz9Soce+XptQgDBn0nf00qRurR0AAAAAAACAa8w1EFit09ZX/EHVOx7VSzNvCH3+w8e17sg2LV93q//zGNmY/qBsIEM1VsZq4DPTCM38/ncUM5k1kJHa0Tydapt5e8ejP9WX/Zt1YN3XtXxb+Gf++QNZsGFZsTOHV2idv6DoDNy4tim4PYratwAAAAAAAEDf1vvHWK3bq3ePyHzsPyLwl6NJ33lUd0jStp060NXiIwKQknRE6x7/obbWRc95QC/7g5B3PNrVoGqdtv4wajgDSdueW5d4/Y+Egqrmrz8L1jm+bdqm5YGgqlkJvdzVnQgAAAAAAABcY5IuY7V11Z0JzZ/yma+Zwb/hQ2OMWXqD/u4Oadu2YzpZJ92QcLDzgH5TcUThGZ2BoOS7e+s0KThkwDH94ofbZMZ3vx/MLk1cjiZ956cKjUQQyLrtSv0DdQ6UcUTH3JJy4t2mUFZsYPoxfyUSbSMAAJBcUua+3dNVAAAAAHq9pAusJpW6kzomSSMm6CZ/UDNyDFa3/98jOuJP7Rw+tHteSRV45L/LgnXO0U0TRihYwbi36Q79nT9AnDN0uKTwDFcAAAAAAACgb0vawGrcmRR1WzVC0pFjJ1WnG5Tjz/J8d8L3teimvfpFJ8HJupPHLruukqQRIzTiyBFte2WrPvudSTGyZ+MRyC4doZnf/6lemhn4vaNF/IHSq4gsFwAAeieeOgEAAAC6T+8fYzXnJt0+QtKRCj227oCkHE36pxlSxeN6KDhG6HBFJpKaj9ZLddq7vYOoZc5QDZdZ9m8C44seWKeHvv51PbQufMDRO1T+ne/oi3dEzZuo4HixgWxSt461U71j5gaobu/2xHJJ494mAAAAAAAAAO1J2ozV+OVo0gN3aN1z26Rtz+mhGBmqI2ZMlflUe7aGj5B05IjWPf51reu07Bv02RkjtK3iiLY99/Wwl0qN0MypN0hRr5S6YeoMjdhW0XnW6pEKPfb1iuhK6gf/1MF0v+z8EZKO6EjF43oo9izduk0AAAAAAAAA2ur9GauSdMNMvfTTR3VHpzOa2awjgr/fofJHO14qZ9J39IMZIyI+u+NR86VPMWbWP88Y0fWs1cDyoRXppUfvkGS+WMqc5Z80M2KWeLY7ejUJbBMAAAAAAACANiyGYRjdWeCRI0d03dChXV4+MPZX943jeUAvf/05yf+GewAAgL6q+6+zAAAAgJ534uRJjRgxovMZE1BeXt7pPNfAUACduUFf/ulPe7oSAAAAAAAAAK4hfSCw2jHDMNTY2KjGxkb5DEP9+qXKarX1dLVi8vl8unTpkiwWi/pnZCgjI0MWi6Wnq9WtaI/kQnskF9ojudAeyYX2AAAAAHC19enAqmEYOnf+vAzDpyF5ubLbU2SOjGCoewdIuHzm/ZZFFovk8Xh09uzH+vjcOQ3MypLVem0MlUt7JBfaI7nQHsmF9kgutAcAAACAntCnA6tNTU0yDK9yc3NlGIY8Ho+6ecjZbmexWGS1WpWTk626OreamprUv3//nq5Wt6A9kgvtkVxoj+RCeyQX2gMAAABAT+jTgdWLFy8qd0iODMOQ1+uTz5fcN2EmQ4Zh3owNGjRQdWfc18yNGO2RXGiP5EJ7JBfaI7nQHgAAAAB6Qp8OrHp9PqWkpKi11SOv15f02S0BhmGOw2a32+XrJXWOB+2RXGiP5EJ7JBfaI7nQHgAAAAB6Qp8ezMtms8nnM2/AestNmKRgfQ3DkM2WnC/m6AraI7nQHsmF9kgutEdyoT0AAAAA9IQ+nbEaeANvb7sRk9Tr6hsP2iO50B7JhfZILrRHcqE9AAAAAPSEPp2xCgAAAAAAAABd0aczVqXIx/Aul9fr0cXz53TmRK0O/nGnPnh3i07/9bhaPF7ZU9N0XcFI3Vr6Gf1d6WQNdDi6pd7Xmu5sj6upN9Y5HleiPQKP64azWCzBn+5Ae3SO/ury0V8lF/orAAAAAFdbnw+sSobMN/N27abGMAx5W1t0ouag/qfqd9r3xw90+kydLjVekHw+Wa0W2a2S0dqko/v/RzUH9upPu/+gz5XN1CeLbpTd3rUmMOt7Ld6IJd4ely5dUktLi9LS0pSSktJmus/nU1NTkyRdsTcu0x6dlGIYkuGVLp2Rvf5tpbh/K/vFD2XxXpK3/yi1Dpqk1pzPyZfhlKyplx2woD3aWZr+qpvRXyUX+isAAAAAVxeBVUmBe7Cu3Iz5vF79Ze8H2lzxkj76y2Gda/LIY1jUPy1VrTLU0uyV3WaRzSrZrFYZ8uqP27fo9OlTmvXwv2jU6E8lvM7uypJJVp21h2EYunTpklpbW2UYhj744APt27dPEydOlNPpbDN/U1OTNm/erJSUFN1zzz3Bzy0Wi1JTU5Waenk3xn29PeIrxCPr+b1KrX1JqWd+LYvnfHCSvemvstdvl929RZeGf0Pe7EkybOldXhXt0T76q+5Hf5Vc6K8AAAAAXE19PrBqGJf3+ODHdaf0u//+v6o5VK1LXqsueS1KsdtkkZSemiKv16Imj1der08Wi6EUm2S3WnRk/4fatPpnmvuvT2hwdnYX6m3oMpNyklJn7eHz+XS6rlYHP3pPZ+pr5fF4VPdXr87We/WHD3+t/cfaDhvsaTV04pRHFov0RuVPgp+npKRqSPb1Khz+d8p1fOKy3sjcV9sjvkJ8sjTWKOWjNUo5+brkvSijzfDOrbLXvSd5pWb7YHkHjZUstEc0+qvkQn+VXOivAAAAAFxtfT6wGpL4XY3h82nvH6q07392y2JL0cUWQy1eqX+6TTa7TYbPUL9UmywWqcViVavXqxaPIcNmKK1fiv74/rva8uYb+sKXpiX4iK1Z12v7Riz2xtW5T2rH3v/Svtr/VlNrnWQ1ZPNdJ+vAXH3U9JGM1o9jFGWXLWOkJEN7Tx8IfmyxWNW/Lk9nG/5e4z71oLIH58lq7cr73Ppue8TFc1EpJ99UysnfSZeaZai9AIQhq/uPsmf+Vt7+RVLq4C6ukPaIuQT91RVEf5Vc6K8AAAAAXB19PLBqBH8CmS6JaLnUrD++V6mmVp+8Hp8utPiUarNqQHqKRhbkaN+hU/L5fObMFik1xSYZhnw+SRZDqXarfvv6LzVpylQ5cnISWLMlbEy2a+lurOP2aGlp0YEj7+qo+zeypLg1OMsqe4pk0WlJp/1zxboJNiQdjDndME7Lfen3OnH6Fg3KyuniY5l9sz3iZWltkO3UO9IFdwdBCr/WS7LWfSDLsHr5UgZ1aX20R2z0V92N/iq50F8BAAAAuPr6eGBVCrzowjB8CWeMnP+4Xqf/elyXvFKTxyerxdCAfjaNLMjV3ROLlJGWqqqdhyVDskjyeAx5DZ+8XkMWiyGvYdNHR4+q9qOaBB+vNWSWeC3ehLXfHvX19brQvE9p/U4od4hd/QdYZU+16HKGqDMMyfCc1Lnz5mO6XXu8tm+2R7ysniZZzh2V0Rpfdp3l3HGp9cJljJFIe8RCf3Ul0F8lF/orAAAAAFcXgdXLcPH8ObW2XJIsNqWnWDQsb7Bu/duRGlucpzxHhj5/503Kv26Qdu+tVe3Jj9XU1KoWj3RJXnm8ksfrk1VWHa6u1qf+tiSh7KO++NhgY2Oj+mc0KT/NIke2XWnpVlms5i1pVxmSDJ9XF2svXdbLTvpie8TLMCSjRTJa4wsCGa0WyXf560Qk+quri/6qd6K/AgAAAJCIPh9YNR8Z7NrLI9L6D5DPliq7VfpkoVMPfOk+jcrPlNFQK5+nWen2fpo0vljjx47SGXeDTpz6WKfd51VXf0HnLjTp2Knz2n+kTj6fL+Gb5Gv1ZRcdtYdhGBqQnq6B6dka5LDLntI967QoRbUnUy7rhSd9sT3iLsPaT0a/4dLHJ+KbP+UTMmzplxk4oj2i0V91P/qr5EJ/BQAAAOBq6/OBVSl0U5PojdGAgYPVr3+mUvqd0133fkG33fEZXao7rKZmt6wWq2SxqcWQbKkW5ecPUMH110k+r1qbGyXvJe37y2kt/Lc35fxkYbAe8QnkPF2bd2Idtccnsh/SiBHPdMNKfFJro4ymc/JeqFPL+R2yHntHvgE5smQNk5E6QBarXbLGk7XUd9sjruXt/eXJuU2WUweklosdz2yxyjvoZvlSBl9GoIL2iIX+6sqgv0ou9FcAAAAArqY+H1gNvxdK9MYotV+aRo0Zq8GZ/TT2tltlsfWTbGmypg6QYbVLFmtw+LRWw1Crxyuf15C3xVCKxZDX59Ow4cM1fMSILtyUXZs3YR21RyBDy+fzqampSefOnZPdbtfAgQN1/vx5tba2ymKxKDs7W/X19fL5fMrMzFT//v1VV1cnj8ejoUOHyrh0QS3H/iBr7Q5ZPM2y9ndoVF6WLIZb3pOH5Dnkljc1S8bQEhm5N0r9ssy27Ljm3b8zksDlfD8CfPb+av3k52WpPyZbze8kb0vsGS02+XJHq7Vgqnz9Bl5WBhjt0Rb9Vfejv0ou9FcAAAAArrY+H1iVfDIMX5ceb5WkW0s/rT96zslu8cpitcrab4BsaQPla7FFBCoMGZLXK3kuydd6SfL5VN/g0Renf1mDBju6+GjttXgz1n57hAcq/vrXv+q9995TVlaWxo0bpw8++EBut1spKSm666679M4776ixsVElJSW64YYb9P777+vs2bOa/sV71Lrvlzq//3fKLrhJVkeRLBaLLP0GyGLrJ9vAfKX6PPK4/6KWfZvUOmCYjFH/S3KMlKztf136YnvEy5Bk9B8mS3GZ1NIi6/FdUsuFsCiIRUrpJ5+jSJ7iL8njuFE+I7Bk19AesdFfdTf6q+RCfwUAAADg6iKwqst7cUS+85O6NLZUdWfOKDP7Otn6DZAtY2BohuDLfg0ZNo9582S1yWPYlTH0Rt3impzQS2Ai63xt3oh11B6BG1Cn0ymn0xn8fMqUKRHzfeELX4hYZurUqVJLg7x/XCvryT8p55M3S4ZPFl+rZLHK5/6LLOmDZVjtslgssqYOUGr+zVLNDrXu/JmMv/2KNKS43WBFX22PuMuw2NQ6ZIyMW78h+4DXZa3dLcuF05LPKyNjsIwhxfLc8Dl5rvtb+ezp3VRn2iMa/VX3o79KLvRXAAAAAK4mAqt+Xc0YsdtT5Cy+Wb4Lp+VpuiClpMmW7pAMyfC0SBaL/67JkM/bIrU0y2KxysjI0ydLblZaRkYXM1Wu7ZuwWO0RyP7yer26ePGi6urqlJqaKofDIbfbrdbWVtlsNg0ZMkR1dXVqbW1VZmamUlNTde7jejlO/FoZNb9WinOyjNYGec8ek6w2WVLSZfi80qULZtDCMOT7uFbWgZ9QytAb5Tvwtjx/2ihj/Hypf257Nb7yO6UHXXZGladZ1o+PynL2LzL658pbNEWy2CVZJF+rLL5Lsp76UPazf5E3K18+R5F8A/LieKS53Rp3va69AP1VcqG/Si70VwAAAACulj4fWA29QbjrN2Ip/dJltQ/VpdZGpVpbZUvLlGTI13IxlD5j+ORrNh9PtKQMkByjNGBg3mW81bl7MnOSTUftEQhU+Hw+NTY26vTp08rIyFD//v119uxZNTY2Ki0tTYMGDVJ9fb2ampokSRkZGWo+vlMpR/+f7OmZUuNRWTKuk23wMFl8zdKlFkkWGa0XJJ8kiyFLarrUelEWWz9ZM/Nk/egdeYf9nYyi/xXzBTF9sT3iK8An28c1SvnLW7LXvi/rhVNm8C5toIx+mZLFKkvLBamxXpbmc5LVLl/aIPkGj1DriElq/eRdMuxpXax34tVNdvRXyYX+KrnQXwEAAAC42gisht2EXU6Gi8+WqiavV1aPR6lpqbKlDZLVmmpmfcknX2uLDEOy2NNl9B8mX/+hMgcz7GqgwqdrMculs/YwDEPe5ib1u3BW+QMHyNZySfaWZuXl5am1tVV2u112u115eXnyeDxKT0+X3WbVQON/lJ52SdaBn5SMS7L4GmVYrTK8HslnkQyL2RQ+M1tPssjwXpIsdlnTBki+FlmqX5fP+WkpdUCMevXN9ghntVrbzGM7tUf9/rRRVm+zlHuDvPljZblYJ+tfd8taVy2LDBkWq4yBw+UtultGhkOW5nOynq1Rvz0bZHMfVvPNM2T0HxIs02KxyOfzdVJv2qMj9Ffdg/4qudBfAQAAALja+nxgtftY5LWm6dyFOg2yWJWWOVg+q03ytsjwtMhi+GS1p+iSZ4C8GdfJYkuTOaAhEmEYhnxery4dq9HHf6hSyjCnUgZn6/S5BjU1NSktLU2pqak6ffq0mpqalJOToyzbeQ1s2it7eoqMtFRZZJXPe06SVRbZZchqZn75fwyfmT5kGJIsNkmGLDa7LKf/JMv/Z+/eo6M60zvff3dddONqIWEBRrIsurHsttudNhh5wk1k0p02TtLBkAnYMsxK4oE5pz0LeZ1lzNhcvLB7zkFknEnMuKdngYXNScCkkxgnnTmxwDCNMLjdbrtBTRssIy4WSIiL0LUu+/yxd92kuupakn6ftVi2qna9+93vW/XW3k8977uvncGc9u1hbYN05DNauemtx+2YQLYrDwMXBuCddjfd+eto9ZynxfM53f6b5DhncWfZv2PK0V24zv4r3tnf41rZCq50/ZwOXzOZjmnkuhcx3nUXDmc2hjMT02jHxEu79wpeXwfjnffgNMcN92GPYBqvhoLGq/Sk8UpERERERAaKAqsMTAaYxaCz7RZffvEx00rncMf0EtwG+L2ddN24Qsvnv6Tb4yNnfBEO6NfcP9MMZCqNtiyX2P0RnFprGJgOJ/6ONrydHfh8frq7u/F4PAD4fD66u7vxer14vV6c3RdwO9pxunxAG36/Yd2Ax3QBTgzTgWlaQSM/Bvj8mD7sRDAHeDsxAIevG39THf6C3+pd6zHYH+G8dPLl7X/iSkctOc47cTsmWplappdO3zU6vc14zDZM04fDyOCOzCN8a3El+aV/QOOd4/llyw6ud/0G0/RgGC7cxjiyXXlkufIwsDLLuv036fBdZXrOImZPWI3DzIld6zHeH8nReNV/Gq/Si8YrEREREREZWmM+sGoG7oDdj0CFaVqXQ14TnE4Do/UCdf/rDDkzSrljWhHd7a3caDhNpqeZcTNmc9vjJ8Plw+0wcDj6ngU2Gtdki9cf2dnZtLa24u3sgJxxuJf8IW6fFyd+Jk2aRFZWFm63G4fDwaRJk+ju7iY7O5vMjnYcLj+GcwIYXTjpxoEb03Bimg5wOPCbBvgcODAwDfAbpp0J5sT0tmHgxXQYGO1XYr5Pxlp/hHMa2TiNDDq8TXR4m+KW6TM7ae78hI+atzH/rv9K7cUn6fA1h+2zmy6zm67u69D9ea/XuxzZOMhM+Hkdy/2RqAyNVwND41V60XglIiIiIiJDbcwHVsMzRPoSqDCBDr/BtW4H17phRqeHoul3kTOxg8ar5zl/uR5XZjaTJ4/jztypdOPiZ42tXPEazJzgoHByJndku3CmELAw+r7U4QgQuz/uuOMOrly5QnNrG7klpRQYoTab0qOUvLy84P+7vU4cDi+Oyfdj3Pl7+C/9A0ZHE6a/CwA/bhz2zZz9pgOcBg4Ta3qt38DwtWI4/DhcBr4o9Rqr/RFgGAZOI5PJGbOYmvUwHv9tOnxNdPquxS3Z5++i238rIkgRnUGWcwrZrnzcxjgmue+StGyTAAAgAElEQVTBYbit/K4odRrr/ZHo1RqvBpLGq/Si8UpERERERIaWAqvB7BZ/yoEKL9DkdXKu08mlThfFE13k+R24zGzyZkxnYskj3OrqBodBTnYu7u4WXG1XKZpyB39zvJ0vzl9mzowJLJo1mW9On8CEzOS6I3Dn49E5bTB2fzgcDqZPn86VK1eC2V1OZ+87XvfSDRMdLmg9hVn0JHz9Bxi3T2O0XwafBwMn5rVfYHZcx3TaEQs7WGH6fWDehgwwvQ7M7ElRpvyOzf4IcBo+Mrsvcm93JqXORbQ5O7mc1cHp9ve52V0fs2S/aYJp4PfHb7c7MmdRmr2Q6b4ccsjE7AKPcYlO5wwrc69njcd4f8Si8WowaLxKLxqvRERERERkaCmwSuSdhJPVhcHpbgcX/Rnc8Dtox6TYaeDKvQvzpg+fO5tO1x10XP4rHL7zdI9fSOaER8jOvZ8c9xScnOXzqze5fP02v2q8wffuy+d7905lSo47ifrSp8DKSBGvPyZMmIDf7+fmzZu0tbUlvNsywG2/SZ6ZhctzGf8Xf03j+BV0uIpxOe8hw+VhsqeOLLPNmnbrdODHwMRhZRj5OsDZhZFp4He58eV+LUagYmz2h2EYZPiaGH/+L3BfP4zhvUVORj6T8v8Qz5Q/4sMr22OW63f4MU3weeK329fvWErptVO4mw7i8DRjuibTPWUJZtFG2okVOBqb/RGLxqvBo/EqvWi8EhERERGRoTTmA6uhNdmSf40X+Mjr5De4yMpw0m6aXPeYHGtqw3HHRL6V/yBGeye3L7/H9K7/Sda4Nto7arnZ9i1acr6LObGc370nl7ab+Xz0ZTPnmm+x9+NOPD4/yx6YxqSs+N0ymq+/EvWHw+Fg8uTJjBs3js7OTnw+X8ILUjc5+G8VQsc1jNZf4Wy5xo3Ou/GRw+TMNiZlXsCgFRwODNPAcBrWTWH8HvyODsgC0+XAn1mIb/LsGHUenZL5fLg9zbgu12D62q07lndew91+gMLCn/K/O/9LzNd57ewyT6cvbh3uyvo2roZXwHsTPw7gFq6O/4Xrrv8T05gYo86jU7qNV9//RgF3ZMcPro7l/tB4NbQ0XomIiIiIyFAb84FViLzhRTK+MFz8wuEiL9vNjS6TK6YPn9vgps9g36U2Tl/184h5hXuuVzN5ooHhM8lyX2G88f9xu/Njrt9+j29l/gF3L1jChs4uvrx6g6utbfz9pxeZOj6D35mVR6bLkWS9R59k+sPtduN2J86Ws0ym3bEEZ9sZMhxtTHU3MsHZhB8nbgMyMDAMB+AADMDEafjwOzw4MkwMp4HpctA2bTF+94SYDT9m+8Pnx9/qAcL7o41Mx2S8cYIQHsMHJnG3Acg0JmLeaseMKL8b/H5wxl5Lccz2Rw+DOV5NynLx2L1TNV5pvEobGq9ERERERGQoKbAadgfhZAIVtwwnR/xOXNluOjG44PfSavhxO8DINOgmgxvNjXhuvced7tP47/rPmF2XcV7bT6Z5mYzMq0zMquHa7Q+ZNP4vWHzvQ7zZ2oGvrZuG5hv85JOLzJiYxYMF4zGM2DeIsdZ5G41XYqn1RzK6urpo6f46pvf3yO08zLRxNxnn6sbK5TOsf6Yv2JyGtZQeDieYDgPTYdI58UE6pi7CtK6Me+1jLPeH6XNidowD0xt6zJmFx9dJd0fsqc9ee2ptvG0APN4u/F2TMHydoQcNN6bfgemIXq+x3B/hBnu8+vtPLnBPbo7GK41XaULjlYiIiIiIDK3EaUZjRDLXxCZwFgc3M1xku5x85fPTaHppdfhpdZjcdvpxe1vJbTpF4a1/IsfnxVH/zziyH8R7z3/DO6kCOvPI6PIxdVw347Iz8btckOkChwO/x8vPz17lUN1VbnfHz4oZ7QYye+fzz3/Dz3/xGeNn/zvapv8ZX97Ko9OXgRWkAKtnTQz7H4aJ4TAxnFawwpc9ndZp/w5f5jTrFs5jULz+8Lim4Jn8b/C3Z+Jvz8DfnkX3jD/kVxf/Hk+nP/a/Lj+m34y/Taefuiv/iqfge2HlZ+KZsgiPY8KYXZcwXcarT+ubNV6h8SrdaLwSEREREZGhMsYzVkN3DzZNM+GNRToNB18aBg63E49h0oyfVod1uesyTJx+L5Mvfcm0piMUTLyGd/ZLGF2XcZz6r7gmfx3/tO/iG/9taPwRt/yF/KrtG7xb3wgmmH4Tw+/H4+mm7vINmloLGOeOHvd2OByEpjqOpgu11PojWY1ffcXHH3/MhYsX+b3vfgd37hNcvnWAoglXcBphASFrVi2GYYcuDDce1zRu5v4Rndn3YSUV9a7TWO4PwzDozJiC85vP4MqaCbcu031HIR2zfoeff/ZC3PUIfW4/pp+Eaxb+ouE97pn9PDmMw33jEubkmfhmL6XTMR7T3zsDbCz3R7iuIRivvB6fxiuNV2lC45WIiIiIiAy9MR5YDUhuGud1H1w3DDINB52myXW/nzZMHA5wmpBz7SqTvviIr3t/SY5rIpyvxZgxD3/Jf4DrH+Oo/1ucmVl0dWVwPuPf8vaFW9zq6Mb0evB3e/B7vZg+g4vNrVy/3cXdudnRazuA007T08Aen2E4aG9v4/LFixw4cID5v/0o7e7fY7zjYyY7LmJ6O/H5wW9a2V1OJzjck+jMvp/bExbQmT0bjNjrI47l/jBNk24f+CbNJnPBN7h++wvOXPgX6j5+nuu3z8dNHfNmWUEQb1f8gNTlptPs7dpCaeFSvv5bf8yk7EK6ujz4fNEDHGO5P8Ld9Gu8Ghoar9KLxisRERERERk6CqwSupZKdHHj9Zt0e/10+Xx0Gwa3fSYdpokDcHV2MuE3p5nVeJziqddw3b0c3E78Xx7B4c7CvPMb+PMKMS/9PZe7CjjCTE5cvoXZ3oGvtQ2zqwt8JobfwGmCEefi0JrdOXovxJLtj2RNnjwZj8dDd3c3Hq+Hn3/8S775zQfJzJxFXkYjDs9NurwG3T4H3d1d+DrbyM4qJuuOb+Nwj4+sVBTqD/B6vTg8UH/5Z5yse5OOrhsJy/V5rPK8nkSZfn4am8/QeruZ7IxcsmdMw+v1xtxa/WHx+f10mxqvBpvGq/Si8UpERERERIbSmA+smmYoYyTRhfEUw8dsbzeftDloznDR7vXT7Tetle9abpBb/xkP+c8x5fYVHL/6V5j1bzCLluDvasFsPouju4XWzgw+63iAf73l4+aNW/haOzA7OsFr4nC4yBuXzYKvT2XaxKw4WTdG2J2PB7pFhlcq/ZGsu2bOZEpeHl/W15MzbhwNDQ1MmjSJ7Jz76PB/jRs3b3Dz5k0rmNGVSVenm4kTfZSY1ymYloXT6UxQZ/UHgOk3yHLfgcvIxvQnDlRYN2yJOls5KpdjHJmuyZj++EET9YdlMuagj1e5OVkarzRepQ2NVyIiIiIiMtTGfGA1kCmSzEVxlgHfcviY6OngY4+Tdo+Jw+/npmHg7/Zi+ky8jkxMv4Hj/MeYjWcxpn0df8k8yL0f7xc/pb45g//dlcfZNg/edj9uv8HknBwmT3IxY2IWc4ruYN49eeSOz4hdYzNQ54FpgfSSfH8ka/LkycybV0bjV19x+/ZtPN3dXLt2jWvNzXze0sKX589zvaUFj8eD3+8nI8PNnVPvZNy4ceTl5ycRqFB/APh8Pu7M/QYFU+7jdmcTfn/sLK1UOR0ZTM97kCkTvx5zSm2A+sOSOQTj1bdmTua3Z+VrvNJ4lSY0XomIiIiIyNBSYBVI5WJsvAHfwMddpo/5TvjSb3LRB7eysrlR8DX+4VcXaPbm8NvjL1HobcSo/wjzq88x82dwy5HJL25+g9bxU5k3M58cp5NJGU6mZmcwfVImU3LcTBmfQZbbad2XJObUWmOU3+hiYIMVDoeDBx54EK/Hy6HDNdxuvU1+fj43btzg449/TldXFz6fH5/Pi9/vp63NSklyOB04nc6E9VB/WLxeL+MypvHw7NW0d17nUtMvMOO2SXLt5TCczJz6bX7r66vIyZiKxxM/AKL+CBns8Sp3XAbZGRqvQONV+tB4JSIiIiIiQ0eBVULTBpO9MHYAuQbkOqHQAd2miTcjk7Z5v8UXk3P4+S9/wfFL9czPvcqi8ReY6vkK88o5vnB9g5vjZ/EH3yzhjjvuwOkAl2Hgchi4nQaGtdgamAku7+w7H49OqfdHMjIzM/n2ww9z18y7uHq1ieK77+ZW6y0aGxs5d+4cPp8X0zQxDIOpU+/kmw89RMmsr+FwGAnrof4I8Xi8TJlwP787dxOffP43XGz6GJczi4njpjE+eypZGRMwTT/XWy9wo7UBn89Lpns8s+4qZ/L4uzAMg47uW9xuv8Kttka8/i7uLniEB+9ZTk7GDLq7PYlrrP6IoPFqMGm8Si8ar0REREREZGgpsBrUtwsbtwFuwwAHTJw0gTvnfJtvlM7ms1N1/PT4R7x35U6+N+0ad49r54NbxeTfczd3F0zB4XAMcP1Hm4G/0HS73cyYcRfTp8/AMAwmTZ7ME8tXcPXqVa5da8Ln8zN+/HimTZvGhAkT7Sm1xoDXY2RKrj9M08TrMcl2zmTBg/8XOLpwOFw4jUy6u72YptWiWdkZNFw5SXbmJP5g/l9wd8GjdHV2A1YGV0amE6+/C7/fg+nLwusxk7hpzFii8Sq9aLxKLxqvRERERERkaIz5wGr4zS78/v5fCBmGwcQJE/g38+by4P2l/PwXv+RffnmKjE6T2V8r4f57vw7Qr30ZhoNAZs5oM9D9EXs/VttlZWVRWFhIYWFh1G2SaWP1R29+vx+vFwzDidU2HRHPd3Z6yJ/wLbxdPu6cOIebN9oinu/owM6IdGGaibO+wqk/kqfxqn80XqUXjVciIiIiIjLUxnxgFUIXYwNtwoQJLFrw23z7W9/ENE3GjRuX8MYiyRjoaafpZrD6Y7CoP+K9Nvbrurq6+vzaRK9Tf6RO41XfaLxKLxqvRERERERkKI3pwKq1Rh2ElgocnIub8ePHR+yz/6z1DYNrHI4SQ9UfA0/9kV7UH/2h8So5+nykF/WHiIiIiIgMhzG9cJ7P58flcuB0OnA4Rs5FjWEYOBwGLpdjUKefDjX1R3pRf6QX9Ud6UX+kF/WHiIiIiIgMhzGdsep0WDf7yMx04/FYN6rw+/2ka6KLYYDD4cDtdpGZ6QYMnM7R04Xqj/Si/kgv6o/0ov5IL+oPEREREREZDmP6LH78+PHcutXGxIk5mKaJy+XB6/Wl7RRCwzBwOh1kZWWQk5NJa2sHWZlZw12tAaP+SC/qj/Si/kgv6o/0ov4QEREREZHhMKYDq1lZWXR1d3PrVgcTJmSRnZ0ZdiGWbhdj1hpsLpd1M5nW1k7ASXZ29vBWawCpP9KL+iO9qD/Si/ojvag/RERERERkOIzpwKphGEwYP57u7m6uX2/D7/el/dpsfr8fp8NJdnYO2dnZOByjZ5lc9Ud6UX+kF/VHelF/pBf1h4iIiIiIDIcxHVgFcDqtLBFliqQH9Ud6UX+kF/VHelF/pBf1h4iIiIiIDDWlR4iIiIiIiIiIiIikSIFVERERERERERERkRSNgsBqI/tX5JCdk0P2iv00Dli5J9g+4GUORdnp78PtOWTnrGB/uh58435W5OSQvf1EjKdXkJ2TQ4yn09uJ7dZnJeq/7Xw4XO/NBG0+etntPSjH3ve+HNHv8cES/tmJaJiwPszZzocpFqu2DvsO7/G9EGib7JwcVqT0hRFeZu9/K/Y3Dlu7p/33n4iIiIiIpGTkB1Ybj7L/oP3/B/dzVBcrkmYa969In6DJ3OfoaG+no72dw1sBllL9Rbv92HM8Mtz1GxQn2J6uP2KcOMKLgf9/6UjKQTkZJifOh95P4X0o/XSQ8w2B/2/kaPDLPVUFLN9nj2tfvMnjAFsPB8e+fcsLBqS26SatvmtERERERMaIER9YbTy6n3eBl7duBQ6yf8Aiq3N5rr2djn3LGZ2XYNJXBcv30dHeznNzE2/buH8FxU/3NTgwHEbb+/4E23MWpW3g68MjLwFLeXnrUuAljiooMjKE/YjXeP4EsJTHlw5rjUaNF48EPgQNnD8Ijy8dnIZNZRwfCUbed42IiIiIyOgwwgOrgYyWrcx/bgEvA+/uP9ojMy18mmbvqZrWtLzQv1C2R89ptJFTC7dv3x4xPTE4rXC/PaW5v9OpG8PK6TVdMcYx2a8JnzLZa7pjxFTwdJ2O2GMaZ8xpt8Nz7L3K7dFXwX4/sT14ofviopEyzT3yfR/1fZ2znQ/D2zLifd6HvovY/fbI/YQ9FfFZ7fnZitq3jexfYQdVDz5NcfDxJOoxJE5w9CVg6XKefHI5jxMeVAqr54rtbI86VTrR8+FFRY5X0N8pyfH6uec07PD+6NF3PZeAiDvupYfHt27l8eCPePZ30NK5BONzaus+2srLWwllbtuZwHPnBlq2yT7WsM9rP5YQiRjHg322P2xsWMH+E/tjjkfxvk/ClzCItYzB/h/EeD5uv8R4L4zI7xoRERERkdFhZAdWA8sAbF3AI8xl/lZ6LQfw4fZFvMhWDgenBL7EorCLkUUvwcuH2+lo/4LqpfDiouhBlsb9P6DiYGjbohMvRa3Si+eL2NfeTv2bS+Hg07zVl+ubxv2suOdp3rWnLta/uZQXF/UIFi19k/qex1Qwn+VL4d2n37KPIXDR/yZPzrWON3vRSzz+5hf2VPCDVNwzXEGlWBrZv+IeKg6G9dlLi+wLz3Q89kb2/+Bp3g3U6fBWOPg0P9jfCHOfs94H2O+bEZwaFfG+5iUWbS+iPux9/oNg/8TquwSfxYCDc6mM8vyH23NY9FJg2YLDvHzwaYrDPsfR+7aA5fsO8zLA0jepb9/H8oIk6zEU7MDR48vnU2C/f6MuB3DwBEV/GRijorxvEz0PMPdJqpeG//AUCurOTzk1OVE/hz3XfpiXOUjFD/bTSAHzl0eOi9aMg6VUPzk3wbiXRoqKmAu8e76BYFbl8gUUBZ5XW/dZUdFS4AQNjYFM4K3MXxB4Np/lz20lPLM7OGNlwcCMre/uhycD4zgHqVh03hqPDlv7XZRwzAEa9/ODpw+GPQfvPv2DHm17EJZHeT7hd3+M98Io+q4RERERERlpRnRgtedF1SMLYi0H8BKLcnLY3rCcfe29LzqsDI8Ge022aOtMhmXGzgUosC/wegvUpaDI+u+J86lfqfY8roL5y8MypOy14/YV8VZODtn3PM27wVfaF9OBC0878Pz48vkUEJp2vNy+urfaK82mH0cEywkFTPcfpTGdjz2QEVn43Khcw+/xokIg9L4OtGvgbyBB3wXE/yyGXmsFr6y1LHsGpuwfUewgZN/6NkE9hkBkvXu8f8MFjzvGNomeJ+y5wA9P4UHdVCueoJ8fea6djvYnaViRQ3aPZRissSyQmRv48cOqf/xxL53MD73/AlmV9ufDorbuq8JgPU7Y9S0KBawB5lozUyKOKfi9PADmFll9VFhkr8tqt3vgb1syY867T99D9or9FD3XTof9o05I6LVWMNlaWzZuvyQ1voqIiIiIyFAbwYHVKBdV9sVP+IXGI0++GbwgenFRj2l3dmYRAC8tijN938pK6nWRN8gC9Q0EEK0MqcBUwEWcePOL0I05bAXLnwteeAYylJZHpEkdpOIeu9xFVtZtX4K/gy7QHzn3UHEQOHie82l57OFB9lD5o20m5tyiFEJCUfsuwWcxGQefptieAmt1n5XZZj+ZdN/2ux4DoncWYyBIHbkcQKREP9jEez48SNMzMNQnMfrZmvZ+DxVzD9tZlOGVWE5lICjZ48ePgOjjXnoJZFZWbX+JaIE9tXUf2T+ovLt/e9T6Rvyo0jPQOAAejwiQJxJjzAm0O4SNWanNjojbLzHeCyIiIiIiMjxGbmA1cFFlZ56FX4RELAdQYGekBacxh0/Li3Ln4OC05nCFWEklQ3sBYy07EPbvublhWSuHY2RFBi48t/ODsAylkPC7wKfxHZLD7uAcvGN9uh773OeC5R22L6hjLSkxJkTrO0jwWUxCYLmF4L/wLLAU+ra/9RgIgTvJhwWLA8GZqMsB2Kzp0bED3XGfD2a4/YCqPk9NDxO1nwMB4zepj5EFHMjuq/pBtB8/Yox7aSYQOH031g9uaus+Cizpc5B3if4+jjymgVsGIHWxxxwrkziwPAOQ4nIjcfsl1vgqIiIiIiLDYsQGVgNT5gLrmHVEBEpCNxYJv9lFwfJ9duBrLoUFPW5eUbCcfXZUrPfFXM8pto3s3x59jdWBEDmFM8rNksCeIg0fvhU+Hd4SWBLh3YPw8nOhu7v3XCqhfzdUGSQ915qMdnOStDr2yJs9PfKctVZvINgSMVV+tIvbd/E/i/H1XD+5R5vH7Vv7R5Gg/tRj4FhZjL0DKFZdekzlD66TGWPqc6LngwJT1K2gVZ+mpkNyn1H7R6jG/dsjpqcDwenc7x48CFufCwbHkxr30kVgqQpitaPauq+Kgh/YGO/j8GMayGUAUhB3zIm4edlcnrN/tE0mGzZuvyR4L4yp7xoRERERkTTiGu4K9E0ggNA7AyeYSbT/KI3Ll7N83xew4h4W5QQCoUup/sLO8Fi+j3pWULwoJ3hB+vibXxAtaadg+V9Svf8gFYtyeJGlVL+5FQ72M7h68GmKc56OeOjxN79g3/LlWNVeRPZLPeu1nL98cz/vPm2/dulWXl76Ei+eOE8jc62L98A6dD0vOuc+R8dhyF50D9n2bl8+3HPtt6FiTaOsCH9o6ZvU74vSZ8GMrLlDe+wvhdo/4OXD7TwZ8chcnms/DDmLwvpyK4fbl0fWZ1GOddOtfcv7FmAZEQri9B3xP4sJPPJcO4fJYVHwPbOVw4G2jNu3doDLfs+8fLid5/pRj4FhZxpGCQoFsvFePHIiNA4tfZOiIzlkL4pR10TPhwmOj0lOTX8xbGy0bOVw+3Nx+/m5w1t5cdFL9nNbeXnrQV58yQr+WXsMZJb3yDYsiDfupZvAMQTaMfbSC2rr1ATbLeYU/9AxDeQyACmJN+YU9H6OrYfpSOaLNm6/xB9fx9Z3jYiIiIhI+jBM0zQHssD6+nqmFfT9dN7zejkA7nU1A1WlwWHfFfjlw+1pcTEqIqPNCbbnLIoTJEn0fBSBu44r8DL41NaD5sPt1jrL+v7tmxFzniUiIiIikoKvGhspLi4e0DIrKysTbjNilwIYatZUv9BNbqy1DJeS0r0uRESGUXAJlb5OTZekqa0HS+yMbxERERERkaGmwGqSHnnOugnFu0/fQ3ZODsVPHxzGafQiIqmw1pYtfvogLH2Tv9TANYjU1oPmxHaycxbxIvDyYd20SUREREREhp+WAhAREREZI3SeJSIiIiKjkZYCEBERERERERERERkhFFgVERERERERERERSZECqyIiIiIiIiIiIiIpUmBVREREREREREREJEUKrIqIiIiIiIiIiIikSIFVERERERERERERkRQpsCoiIiIiIiIiIiKSIgVWRURERERERERERFKkwKqIiIiIiIiIiIhIihRYFREREREREREREUmRAqsiIiIiIiIiIiIiKVJgVURERERERERERCRFruGuQCye18uHuwoiIiIiIiIiIiIiUSljVURERERERERERCRFaZex6l5XM9xVEBEREREREREREYlLGasiIiIiIiIiIiIiKVJgVURERERERERERCRFCqyKiIiIiIiIiIiIpEiBVREREREREREREZEUKbAqIiIiIiIiIiIikiIFVkVERERERERERERSpMCqiIiIiIiIiIiISIoUWBURERERERERERFJkQKrIiIiIiIiIiIiIilSYFVEREREREREREQkRQqsioiIiIiIiIiIiKRIgVURERERERERERGRFCmwKiIiIiIiIiIiIpIiBVZFREREREREREREUqTAqoiIiIiIiIiIiEiKFFgVERERERERERERSZECqyIiIiIiIiIiIiIpUmBVREREREREREREJEUKrIqIiIiIiIiIiIikSIFVERERERERERERkRQpsCoiIiIiIiIiIiKSIgVWRURERERERERERFKkwKqIiIiIiIiIiIhIihRYFREREREREREREUmRAqsiIiIiIiIiIiIiKVJgVURERERERERERCRFruGuQP+d4a1ndnAkxrPFK7exYWHe4Oz57WeoOgIL1r/Bk7MHZRf9ELtdetY39eM4w1vPfMScN1YRe/PA/hdQ+cYqZjd/wKsb91JfvJJXnl9I33ukmQ9++GP40+dZmAfNH/yQF/bWD2o/D9o+Am0S+DvFthmKY4do74/IPpD+6PE5Ge7qJM2ud78/zyIycsU+zxjs76XA91/ge2nwz8dG2Fjd8/wi3Agct5s/+CH/gz8d1PeUiIiISF8pY3UMOrLjGV79oDn49+xVb/CjN1IJqsYOZIfM5sk33uBHA3oB0swHP9zI22FXCnkLn+dHb7wxAk+2z/BWz4ue+r288MMPaI71kmES+f7o3QciIiLh6vdujDjPGGypnceMcfV7eeHtM8Ndi6QFgugiIiIi6WoUZKwGxMsiCASDilm1ciZv77XCglZGBWGBorAywjIsV83cy9t2JDFhFsaZt/nzHaGwY2j7aNkOvR+LPIEsZtW2yKzAQFZG4mOOsY1dv/q9P+aD+62ye2V69DiGUHZDeFD1CFXPHGHB+jf4bqOdOblgARw5Qj3FrNr2fS5sjJ7dcertZ6K2Z++Mk/CsuPs5Feynet7e+AzHVm7jz/hx76zNnpkaC9bzo1WBGoTafNXKC7wdaOuIbWI5xVvP7LWPP9A3Ye+tYF9Fe6yHMx9Z5QT3a9ervpZTzQtZmBfl/WL3S+/3YLR6Bbo7XpsuJC+J93mojG3M/EnvPhh5Qe2RJ/lxIeyzF5GV1OMHkfD3e5JjXfjYs2D9+kE6UhEZeWKcZ1y8BkR+j/TePsnv5PDv9eKVVJZF1iDyu64PZS5Yzyt3/SQiC7ZPepx/RI6jvX+YDD4f7ZQP/MEAACAASURBVPs9cC7W8zwh2IxJnLf0yk61yzjyEWdWzY48341a5x7fPwtWsurCXt6uD/VhwvOMPrRLoKzwfdfv3cif19plxjxPFRERERl6YyxjtT4YVAWo3/tjXo04mTtCVc9f8etDgQbrz428FeuH/p4nevb2f/72GWA2cxZY+zgZeH0wuPZwlKCqXd+NbxPcPOLCxK5vqhmOs1dRucAq+8K1KM83f8CrPY4h2eyG+iNH7IueMu6PdXabSnv2RbTpb0d28Oe92ulI6GLL3iZRPer37g3L1A30TR73lxUD9Rw7Ze+h+RTH6onfDlPuojhiv4EM39Sn10evV4p69cuPGcJkI4kj0bjQ/MEPw8aFet7+8U+4EFFClCzzIzt6Z5PFeQ9E7gOO7Egma11EJNlzl3jfyT1meNTvpSqpDMYUyjyyg/9Rm8zRxBHl/CP8HOfM271newTH2dkPswCorz0VbJczH1mNtuDhKEFVu879zgpOUGfOvB35/XNkb+ozVvrQLkd2/DD2OUg/zlNFREREBkPaZax6Xi9PaXv3up32/1kZlJF6Z3YFfiW3TvTrqWclr7wR9uv3hUaamR32q3eojECA48hHZ3hyds8sgWY++Il9EtzzV/sjP+GD7zzPwoetjM4Ljc0wO6/HSXMzp2rrIUqG4t998B02LLzGySNE/Cpv1WcvPz2zMKXsiil3WYHAQD2iipEJ8eQb66Fnlm1jsHEjMuSiS7Y9e8pj4fPboEcmaPMHkVud+Rfr5D2UDRHIhOjdTj3XZovbHhHHFyjzCCfPrOLJ+8sopj6YndN8qtaqQ9n9sbMn8u7n0WKor7eWZrDfCX1buy1GvRI2aWQhPTJw7cB7xAFE74NUP7MSEhq/Ykk8LvzUvuiNyPAJv0i1f8Dp9ZnY+y+cWRj+fov1HjjTax89f0TSe0Bk7Il//hUKCCZ77hLrO7n5g59Y35G9vusS1zH5Mq3ztf5MOA989/c6B/zJB3z3+YXWcgWrQtsHzkOtcdb68f3IkdCslZPWL+/MmU0K43gP9Xt54Zm9vR4uXvkd6/wtQZ2vfRQ+wysv/tqtfWwXu0bRZ/gsfJ5X6LGefODEL8Z5qr6Pxib3uprhroKIiIxhaRdYHVzFPGqnEAaCi8Hgl51B2OtkccH3gyd6eQu/z4K9OzhiB18jBLMUV/Ld4FOz+e7KYo7stU+cZz/MAo5wpPYUzQvvp/ECBE+aucaFeoh2gVJ/8Ro0N1pZaFFOkhMGBFMRCPgd2cGfJ7v8gS1uIDEgvD0DAclo7dknoQuRPwrWN4+F31/A2zsCAe1gRex2h9l2wDtx1QNBYztLtT4QnA60mTW1jov1hL/Xostj4fNvUBCRyXOEqmcuxF4+IOV6pVBIMLs2VIakgyTHhbBxJzhO2ds1WwONlT0fMXRcIOIjEes9EGUfwbFs4A5UREaRYBAt4blL8BUxv5OvXbR/2InyXZegFimUGTpf66tAmaEfS231Fwn/nTLWmqGBOh471czCgkAg1Q6AJhrHk/66jwxgxq9zs32eGnY+E/ajcLIStUvguN/e+AxvAwl/ZO7HeaqIiIjIYEjbwGryvzwGMiMH6U6tvTJYY8grYCZRArMRwjISzmAFYu1lABLXIbbwdcySETjJnVkQ7TVWwG9h2LSziHWtkt5LDMm2J4QuyJI2hZlRo+MDI3awMnCRd4STZx7GuhqKswxAmFAGS6C9rSUFFi7svW3gwir5ekWRcpsmpiyB3hkyqY9ffZBgXEjM/sFnSr8KAfQeEBnJ+j9+9e38yzp3GQus4Cf/ElqL9EdvRFkiIezH9w9mHiHxD7QQHMdjbdZzPfXgOUaicu0690XS5xl2UHj2Kn70xqqwgHNoDf/os7ESnKfq+2hMUYayiIikg7QNrKaN4M2ECE0dm1lAHhB5SRAI6oVPbwtMoS1mph28CP4yv8POlnh4do/Xx7pAOWMFbvu7QH/zB/xd+PSymKw1P58MTrkLtUO/hLenPT2sZ3sGp+oFnk9aHgUzgfrANGl7upy9RIMVSO77hVx97SmaF1rTEK3p2aHgdCD79siOHUDi7N3ABUQoyyJWtkwgGyW0z1TqFSylz20qwyvJcSFs3AmOU7Y860MRO6Mn0cVz4EejOPsQEYkqMH7EPHdJ/ONSYIZRYOp4HqHlSfpqMMuMHhA8w1sR516BbNBwgR/f7XVMw36gTTiOJ5K3kA3rL/a6eWn8OsMZa/APBWPP/EvMJRhinWck2keois/zo4UEl5pJvEzUIJ2nioiIiKRoFAVWo6/xZa3B1J+UrPqw6Ul2kQ9HO9ELTTnvNd0pbPp75BTa8OBmKOux53FYJ6OhE+7I6XRx7jwPxGqXwPSyXqLcgMt6Qc8MTKvc4pXb+LNYu44qdnsGTr57T3WLUcaC9bxyV+Qzs7+zkuIje3uXEbFEQx/1msoY1n8R0+MSZ5kEl0Hodayh11oBtd7tlUq9km/TVIX6IOFdiSUJ0T6nVjA10bgQCMgHx53i4shlTQJjTpTPRHI/0kTZh4hIUvp67hISXN4kxnqhfRGtzOLiZOa4xx6rZwd/YO15Drg+bG3VGOeqtuA5DD1+oO33OI5989IjVB2p5+0ff8D9zy8M+1E4Wp1nB5MB4p1DJDrPiL+PKTHXy+15rm2Vv4DK9VCV1HmqiIiIyNBwDHcF0l7xSlYtCP9zW+xf3Gev4kfrF0Q8VLxyW4/Ak3WRAfRaBiBv4fO8srK41+sD+5u96g0qI4tnwfrU7yK/YP0bsTMeohwDLKDy+ch1yPosTnvmLfxTVoUVvWD9eiJrYgWv48pbyIZtK4mo4YL1/GgAljEoXrkyrD7FrNoWnkFoB8YhuZP7aPWMuNDMY+Gfhj+/gMpe/ZK4XonbNFVJ9IEMqETjQt7C58PGhQVUPv99ZkZsPZsn3+jZ7+Gf6eTqUBnxuV3Zz/eRiIwV/T93mc2T2yK/D1f15zwkSpnFK7fxZ2X9LDLa93rxSl5ZNdva3/oFkY/b2x75KCxr1/6RtvcPtP0fxwFmr7LLqN/L//igOUGdgdmrIr5/ileujzinsA47wXlG3H1YN8XsWWbkd9z3I8tLeJ4qIiIiMrQM0zTNgSywvr6eaQUFfX59YK2cYV+zL7AeVX+n3kcRWFcr0bQoGVl6T++XsaLvaxT2V+ju2L3u2jwIY5eIjD7DN34No+DsnNAyKzo3S0bgO2eQ7msgkqK0uW4UEZG08FVjozULaQBVVlYm3GYULQUwUoTuXB9/jVMZWQLrmyZzswmRgRJYV7j33aITrfMrIjJmTbnLXjKl59R8nZuJiIiISGoUWB1CoTuewoL1+qV/1Ahbl7Z45Z/qxgnCqdOnB6Sc+++7L+E2s1dtY9WFHmvULVivrGkR6ZPW27eHuwqDL+vb/B9r66ncWRv2YCHLNv4B02/fpnXYKpbu2un0AXhoVztJGsga7gqIiIigpQBERPqt51Ta3yz6q6SCovGcOn2632WIiCTSc/zqrPjHYaqJiEhqsqp/H9B1o4iIWLQUgIjIKNP+0ff69Lqch/9pgGsiIiIiIiIiIgPNMdwVEBERERERERERERlpFFgVERERERERERERSZECqyIiIiIiIiIiIiIpUmBVRCRdNdWwuaKCzTVNPR7bRV3C1yXYps9V2sJTuwaj5Pjl1+3q0Q4J1bGrooKngv8StUcT72+poP+HFl5OHbsqtvB+KtUWERERERGREUM3rxIRSXPndh+krnwNpcm+oPk85wapLvnlm9gzSGXH1sTlBqAo+VfU7XqVmsUb2LOm1P67gle2FLFjUzn5g1NJWz5LNlVb/9v0FeeBwkHdn4iIiIiIiAwXBVZFRNJaCatXwyu76oJBwnBNNVtYv9sKo5asrmJzeTO7Xj0EwCu75vV4TRPvb6lkdyDqWrLaDjTWsaviVWrsh8s3VLOm1A5GHrIftIOUTTVbWH9+BXvWlIaeL1lMOYdgRTVrSuvYVbEPFkPNoXNW/as2sSQfK5O2crcd9F3MC9V2sLhuF0+9eggooXxx7xZoqnndqvO513n/gU0syQ+vb1g5Ycd5uQFK5ucFHyldU20HhK02ODq/is3l+da+9xWxY9MD1obHA3UJtEPs7T/dUklD4WJqDvXevmFFFYX7rGM993oND26axsEobSwiIiIiIiIjl5YCEBFJdw8sZXXDvt5Tyut2sX53IS9UV7OnegNFuyvZVVfKmg2LgcW80DNy19TM9HXV7LG3Lz93lE+boKlmn5XdWV3Nng2LqdlXQ1NTDX97aHGw7PJDPfZft4tXAs+vK+J8RIrsOc4XrWNPdTUvLD7H7oN1QB27Ko8yv8ra/47VDbyyy3781UOUb6hmT/U6Cht659rml69jdQmUrF7Hkvwm3t/yKudXV4XK2VJDZNPks2TdathdaS0D0Ov52GoaitgRaIdXEy+nUMM8ux4lVrv1qEMJJaxeVw7R2jjJOomIiIiIiEh6UsaqjAiGYWAYBhgGHp8fr9eP129imiYYBg6HA7fTQYbbRabbSWe3ly6Pj45uDx1dHjq6vNyVP5Hxzht4Wk6AMweHaxyGMwfDmQXOLAxHJhgZ+L2tuHJmYvq6wPTjMx2AE9O09uc3TTDN4W4SGVPyWbJuPpsP1rFkaejRpq8aYPEKO1uzlHmL4W+/aoJpsYoppTQia7WE1UD+A/Mp2f0qTx2yMin3bAJoYn7Jbl6pOGRlq1ZvsvZpF1V33Hq8FCD/AeaXQEPYroqmWRPu84pK4Dz2tPhz1FRWsDu41XHq5kENi3nBKogH59vbx9RMw7kS5q+zyrfqfp5miJzin1/O5upyq667KlhfsdvOus3rVWK4kvkPWOWUzqOcfVxOEP0sKbLKy58Wf8J/9DYWERERERGRkUyBVUlLhmHgM8Hjh+xMN9dudeAwDNo6u2nrsoKlnd124LTbGwyedtp/R7NiwX3kZDTSdnZHEjVw4MwqwBH8dxeunEIcWdNwZ+Zj+joxjQxMHJhk4vf7rSCvyGDJL+ePqWDXZ6v7XoY95b58QzV7AlP27bI3V5fbz1dYgc7qNSzZVM0Se5mAQEBwafw9JBBl2n7drn6VmIzSNdXsWVrD5srj1K3p3xH0WYw21moAMrKc5Z3KndSWraXqiVlhj7dw7LVtXH6sioiHkynxnUp21kZ5otc+hpp1TCfnbOTZR3OHsR6RWo69xrYDsGzjs/S7Wi3HeG3bSeZsfJZHCfv/eOW2xNsuPdtMREREZDApsCppwes36fSaOJ0OJuRkcvN2Jw1Nt7jUfItLza3c7uwe4hr58XVextd5OcbzDpzjv4ZrQinuyd8iY+L9GO6J+D0d+I1M/H7w+/1DWmNJPzkP/9OAlle6ZgPHK17lHNZCpPnTCmH3cerWlFJKHccPQdGGBLdmKlnN0lKg7jg1wGqsdVr/mnVsLl/DnqoiNleet9ZDfR3+46Zy1lRXUbilMiIjtXTeYnjV3nfTZxw9l+DeUvnTKGI3f1uzlM3l+dZarUfns2PTPMp5leN1aygtbeLTo+cS3O0pj8KScxz9rIkl5fk0fXaUcyXzicxDtYLB51fb66IGj72IPPKhEM6dt3Jc644fslvBcu7oZzSVl5Nfd5waCnkhP/72yYraxiIjVe17HCsfgMBeQM8gassxXtu2k3ceSj1QO7q18OuTUFYGJ3/dwqMKXoqIiIgMOwVWZViYGHR4/DgdDiaNz+JS8y0uNrda/712C4833YOSfny3z+C7fYaur/4eAMM5DueEUlwT7iXjjjm4cmaC4cZvuvD5DUwFWseUU6dPD0KppSxdXUJNYC596Rp2rN7C+ooKwL55VSnQVEQJu3vfvKp0HuXnXrWnxa9mdckhGpphSfk65m+p5Cm73PIN1ZTmw3+cv8XaFqxp9KXQ9FVo3y8srrCWCihZTHlJ4rqvqVrN5srAfhbzQnU5+cCaDYvtLM4SyhdHKyif6YVwbrd986pNG2io6F1O7H0FtltDPpA/bzG8amfhLo68W1ZJ4Xn+uqKCc4F2AIizfVz50yjiHLtfr2HHpihtnHxJImmlsBAO7DnGvc8+yqCE9nIf5bGyA+z85CxPzFJkNehsDQeYw8aHLrNtZw1nH32CfrVO7qM8W/Wo9f8tA1FBERERkbHHMAd4/nJ9fT3TCgr6/HrP69aaeO51NQm2lJHE6XTS6bUCqRluFxeabnGx+SYXm1u5fK11SOqwYsF9TMv4kluf/qch2R+AM6eYjLz5ZOQvwZlVgNfnxW+68Pt8Q1YHGXyBcStgzI1fTTVsrjzK/KpNLEmQMCsi6aXn+NVZ8Y9xtraWAmDtWti5k0vLAlO+ey8FYE1Zt/PcC5exMUYQ9uw7leyk97T/no/HLa/lGK9tO2Bn1RdGTJOPWGogLDP27DuVvEcZ1NbSECgvvJzCMsqo5VJgWvvZd6gMFlQYZyq+1RYHgin+ZaytsgKgCfcZt1z79dM38uyjLXY/2O199h2sPwOB1h5T8iPqDoWBfou3FEBEvcLaLvCaZTM4cKA2srwoSwHEan+RgZBV/fvAGDzvEhGRqL5qbKS4uHhAy6ysrEy4jTJWZdA4nU48Pujy+WluaaXh6k0uXWul6Wb7cFdtyPja6+loqKejoRrDPRl3bhmZd36HrEnfxOdpxW9m4lOQVUYie73WgJLVVQqqiowZs3hibRmVsbImz77DtgMzWFv1LLPsYNu2d6YmH1RrOcZ7tVC2dlaU8qxgXai8s7yz7QAz1lbxbCDIuO0dplY9Qe6x19h5aRkbqx4l1w4KvzY9FPRrqIW1VVWhYOSeA7BsI1XBYCQUzsHax85LLNtYZQUdz75DZYyM3ZZjezgwYy1Vz84iEGh871h5jH3GrnvvljrLJ7WFzNmYC+RSvqyQbYGM3lkPUcZOPjn7BLNmAS2/5mRDIXOeyo1e94TZrlZbBOvVcozXttnLP1hHwYGTc9hYVWUHhrfxztTeyza0RLS/1RavHdP6qyIiIjK6KLAqA8rhcOA1DbIz3Zy93MJn9Vepv3JjuKuVFkzPDbqv/DPdV/4ZAPcdj5CRv4is/CX4vF34TLfWZR0lBmoZgPvvu29AyhkUpWvYU71muGshIsNl1hOsLatk5zsPUfVEZKDs7Ce1ULbWDtzl8uhjZRzY+Qlnn5gVPZhXu5PKHjewKly2MRioO/tJLYXLNgZfO6t8GYXb7PLOfkItZawNPvkEVVUALRw72UDhnKfs4OcsKxh58te0PGpPfy97KFSfiGAkMKucZYW1nAzWqIEDNWd59IlZ1j6ejd4suY8+S1XwrxYuNwBzwjYI3+fZT6gtXMbG0IGxrHBbKEAa7uwn1JY9RpVdvdx751B4INCms3iojNDSCS2XaSh7jGdzreN+IqyyLVcvATOiVz50FDz6bOgoaLlMr8N4zA4qRyzbEP4+aOHXJxsoe+xZu/3t98F7VvsrtCoiIiKjhQKr0m+GYeDHgcvtoulGG7/8opHTDc3DXa2057n+IZ7rH9L2m/9CRt5ismb+Ce7su/D5HXjTfo1ZSaS/QdHBWaNVRGTgWAHOnbzz0EamBx9t4eolKJyTQuisrOeU/xk8FsxqtMprqN1G5YHwFxVytQVyrZ1FCdRZQc0ZjyVZj5bLNDCD0Oa5TA3GH2fxRNVaqAwLAMea1t5jyYDCODfja7EOjG2RB0bh1RboEaQ89l4tNNT2CkAHsmHDg818UkvZQ0+EXhu2NEFhvApFHEbYFP7Cwh73FCxkelj1cqcXQq97fVrtX7uzksgql9ECCqyKiIjIqKHAqvSZw+HAZxo03Wrni8abnGq4SkeXd7irNSJ1Nx+iu/kQjqxpZE1fRua0xzB9Prx+l7JYR7CfNjj69LrvFqrPRWQEyH2Up5adZNt7NZSFHmTqDGi43LfwWe6jz7L2ciU7X5tur6NqlVc4J8YUcmtnUYJ1uUwvhJO9gpSxdjydQk4S2twK6IYixrN4oqqKJ8CeGr+Tdx7qOf3dCoD2WnM01i6tA4u5/myo2F9zsqEsbA1V++FjrwUzcHNz72VO4QE+OfsQ1JYRjKuereFA+GvtJQ7iajnGe7Vh673a66rG3PxyQ5RHrfYve6z3EgEiIiIio0nfrvplTHM4neB003y7m4Mnz7LvaB0ffX5ZQdUB4O/8ivYv/orrP/s92j7/Lzi6v8DtaMPpHO6aiYiI9Jb76FMso5basNjarIfKoPYTzgLBbMvwKfAJzHpiLWUNB9hzrCVYXsOBGrs8K6BYWfmO9feshyijlk9CT/Ja5Wsca8nl3jmFNJz8tX3D+7PUHGigcM690YOYufcyp9Ca7m+V82tONvQsM7DtVGb0yNoMZwWVsYOa8Q70IcoaDlATUfdK3jkbuVnLr0/SEKX9cu+dQ2HDSX7dAmAdb+3OnVxaVt5j20tcbYFgXySlgdBhhN3Eyn4u1E72ergP9aqdVZ/3jhFotrPvVFL5WuhvERERkdFAGauSPMOJ0+Wk/soNak9fpPnW2LkJ1XDwXDuK59pRDPcd5Nz9p2ROXYLP48PrN4a7aiIiIrbAGqphAbtZT7Bx2WtsC9xFtXAZG1NKW7TXQz0QuClSj/IoZNnGQPbmLJ7YuIzXtlUSeLZsrX2jJjv7NTjVvmytdWOqWMfx7FouB6f7l1FWBpcAch/l2bWXqdxWSWDSfuGyjTzRq6hAW9hllK1lbVktO2Nm7/aue/jashYrIBy8kVfE7qws1cDar7n3zqEQmHNv2L7sdVsPbKvkAIUsW7uMwp12Zm6Mlgium2pP4y9bu5ay2p2EDqOQZdM/odJOfe1d50AxPdqfMtZWaX1VERERGV0M0zTNgSywvr6eaQUFfX695/VyANzragaqStJPHhPGZ2fx8blGPqy7SEf3yMxMXbHgPqZlfMmtT//TcFelTwzXRHKKnyFj6u/g83rx+hRgTReBcSvgN4v+ivvvu69fSwGcOn06vW9eJSKjQs/xq7PiH4epJiIiqcmq/n1A140iImL5qrGR4uLiAS2zMvjDfmxaCkBi8mOQlZ3Nh2e+YsffHefwL78csUHV0cD03qLt8/+HGx8+ga/lEJmZTlxaImBsaKphc0UFu+ribbKFp+JtEKGOXRVbeL+p7+Wltj97r7sq2FzTlNT+RURERERERNKdlgKQ3gwHhtPJmYZmDn1Sz4CmNEu/md5W2j7fTvsXO8kufobMO7+L1+vBpwzWUavps6OweDHnj9dBaekAlFjKmupNcbfIL9/EnjjPN58/l+I+m7jcABQlt38RERERERGRdKfAqgQZDgc+HFy+1sr7n9Rzu6N7uKskcZi+NtrP7qC9/r8z7p5nyJiyGI/PzQCv7iHDrolPj8L8dUvh9dd5v2kTS/Ltp+p28dSrh4ASyhcHtq9jV8U+ClcXsnu39dzqqhU0VL5KDVCyuorN5c3WNlWbePCzLaw/X0j5oUPUACzewJ41pTTVbGH9+RXsWQO7KqzXApRvqGYNu3jlEMCr7JpXReG+ShoKF1NzqIHVVZtY0hyoV+g1S796nd3ngHOv8/4DK2iotPa/JL+J97dUWs9RYr3efswq81BovwMRUxYREREREREZIFoKQADwGU5utHv4u5/V8Q+1ZxRUHUl87bR9/he0flaJy2zG5dRyDaNK02ccLVzBkvx8HpwPRz8LzJ+vY9erhyjfUM2e6nUUNoRnkJ5j9/l57Kmu5oXF59hdeZx51dXsWF3CuaOf0WsG/iGYV13NnqrVlBzaFzFFv6lmHzWLN7Cnupo9GxZTs6+GptI1vLAYWLwhGOysYR57qq2gbx3WvvfY+6w5Xkd++TpWl0DJ6nWhwDBQt6uS3YWB8gvZXbmLwAIDNXY5O1aXWPsdyHYVERERERER6ScFVsc4PwYOVwY//egcb9V8xpXrbcNdJekjX9vn3PzoKboadpGVnYVT66+OCk2fHaVonhW9zH9gPgQCo3XHqWEx1lP5PDi/JOJ15fZr8opKYPE8SoH8aYXRd1JSRB5A/jRrpn6Y/AfmU3LoVZ6qqGAXa9izqZz8qEXkBf+/tLTUyqatqGD97nhLBljLAwTqSuk8ymngclNkmTHrLSIiIiIiIjKMtBTAWGUY+HFwrvEG/+vnqa6VKOms66uf0PXVPzC+9CUyJn8bj9el5QFGrDoO7j5HDRWE7ndbwqdN5SwZqirkl7O5utxedqCCGhbzQvWaOC+wp/azmh3V1VCzhfXnh6qyIiIiIiIiIkNHgdWxyOHExOAfjv2ayy23h7s2Mij83K7bjGvCfYwv3YTPyMTnzxjuSo053y3096+AuuPUlKxmR1iWaFPNFtYfrGPJmnmU8yrH69ZQWtrEp0fPwSAkdjbVbOGvWcfm8jXsqSpic2VyUdLyFeXk08T7ceuVz/RC2H28jjWlpXYWbiEv5MPlATsCERERERERkcGhwOoYYhgGfsNJ3YVmDv3yy+GujgwBb+tpbpz4Y7Jm/DFZM1fR7dVHfqicOn2632XUHT9EyfyqiKn3+Q/Mp2T3cerWrGHNhsV2FmkJ5YtLYpbTH/nl65i/pZKndlt/l2+ophRoKiqB3fbNqyJfwYPzS9ht12v16sVw9CuaKGV6IZzbbd28KqB0TRWrt1TyVAUEbl5VSpMCqyIiIiIiIpL2DHOA5wjX19czraCgz6/3vF4OgHtdTYItJRWGAzx+Jz/5WR1Xb7YPd3WGxYoF9zEt40tuffqfhrsqw8I57mtM/OZreD0+fKYWYB1IgXErQOOXiIwUPcevzop/HKaaiIikJqv69wGdd4mIiOWrxkaKi4sHtMzKysqE2+jmVWOB/zatV06Snekas0FVsW5udf3Y96D9M9yOruGujoiIiIiIiIjIiKZ5waOZ6cdhdHH25H+j8ew/8a3HfsST5Q/wVs1nw10zGUatp14gs+Axcu75j3R7DN3YahAMxDIAAPffd9+AlCMiIiIiIiIiA0+B1VHK720ne/wdtJv1RAAAIABJREFUnPi7f0/b9XMA/OK9P2fh6p/xYPGdfFp/ZZhrKMOpq/E9uluOM+mbf4XfOQGvT8nrA62/QdGBCs6KiIiIiIiIyOBQYHUU8nRewTA9HPqf3+n1XO2+P+TfrvxnBVYFs/saN07+CdnF/4GM/N/F488a7iqNOr9avrxPr/vG/v0DXBMRkeRMGD9+uKsgIpIUz3BXQEREBK2xOup4Oxu53fQpJ/7uT6I+393exIVT+/gPj317iGsm6aqj/r/T2fA/yXDp9FREREREREREJFkKrI4ipqeFS3X7qTuyNe52n9f+3zi8N/jOwyVDVDNJd12N73H79H8mM8MY7qqIiIiIiIiIiIwICqyOBqaPDLeD0x+8xKXT+5J6Se3ffI9vFE1l0rjMQa6cjBTeW59x4+RKsrJcGIqvioiIiIiIiIjEpcDqSGd2Y5jtHH3rd7h55ZcpvfT0B5tZ/W+/OUgVk5HI9Fyn5X//Lm5u4HSYw10dsdXtquCpisC/XdTZjzfVbOGpXXVAHbsqtvB+Ux8Kb6phc1iZkU9tCdtvBZtr+rKDHup28dSWGgagJBEREREREZFhpcDqCObrvk779Tp+9v9+D5+3I+XXN35+kNamU/zJom8MQu1kJLtxciW01+F0dA93Vca4Jt7fUsErbGBPdbX1bwO80isQWsqa6k0sye/DLprPcy7qrmv4692wusreb9Vq2F3JrmgR2FSUrmHPpnL6UlURERERERGRdOIa7gpI35i+Vm43f8apQxv7Vc4vDv57Fq2p5f7CfE41KIdMQlp/9RzjS1/GkXMvfmPccFdnbGr6jKPnFvPCptLQY6Vr2FFVR2TKZx27KvZRWGUFV+t2VfDKIeuZktVVbC7Pp6lmC+vPF1J+6BA1AIs3sGcN7HrV2vCVXfPYsyZsP83nOUchfxyIgOaXs7m6PFS1mi2s322HZBdvsF5bt4un9kE5h6jJ/w4lx7v54+o1lAa2PzqfHSvOs35fETs2lZNft4un7P0HyyB6/WmqYXPlbjsIXMLqqj4GkkVEREREREQGiDJWRyCf5ybXL9X2O6ga8OGBFXx3zqwBKUtGl9t1L+L//9m78/io6nv/4+9zZjLZFyBBgpCIY9GgoOJCUKNksK6gVi3VWtLEahe01yXt7Q3tvcBthdvegu2t0kX7SzrpJl5tq9Z6a0naRm1U3ECJWwpEJMAQ1qyz/v6YhH3JMjNnJnk9H488HubMOd/veyLM45EPn/M5O+tlN31WRxmRPOsa1OwsVO5hx/PyipR3jKKip27JQR2uVSqsWXlgREC9VNzbfeqsX6XVniJVVJVKKtXCg4uqklRUoYWl9VraOwbgkE7VpupwkdTtVq17ucpblh14vblFBQvcql1whUqc9WrsPb5jU7Nc8w7uVG1S9bJ6uaoOXeNY+ZueqZHKl6vW7daKcqnmmaG2zgIAAAAAMDR0rCaYgHen2tve0bsN347Yml17P9LH7/1BX7z6Kv3sT69HbF0MD50bVirNsMmWe7kCwSSr44woefkFA75mx6ZmqX6Z5tcfOOZc59E0Seor0ublq7AfaxVVuFVbod5u0TLN7+0UndbaIjXX6/6ymgMnNzapoliSCjQ+T5LyNK3EqYZWj1S0Q431pSqukA4MiG3VJpXqM0Xhc2cvckuSmhqPnn9xcamal1Vqfk04Q+2B5lkAAAAAACxBYTWB+Lq3y7vvI71TtzDia7/X8G1dfFuJXOecoro3N0Z8fSS2zn/+SOmmTfYxLvkDfGzETG6hnM2btEM6ZCZpU3WZHitcrruOcdn+2+cP4qkbQo7eMQBN1WV6rK9Ie9Ct+weCNR562dQSaeU6efI3qa60WBX93O5o+aUK1borwiMFKstU4ywPjxMY5FsCAAAAAGCoqJAkCG9nqwLeXXrrz/dGbY8Xf3WFXHesUeO7m9XZ7Y/aPkhMHR/+QOlGkmyjLqFztZ/OevzxoS2QN1UlzppD5582VWtpfakWuvOkoxRLcwudaq55Rk2uChWpSdVly6Qqt+YMcOvwDNUCLeydkdqnMD9PeSqQalZp9ZxFmp3n0eollWooWa7F+UfJr5V6eFWzXPMOK6vm5atQNWpsqlBR0YE17jpG/uLGMjUWu1XhWqTa/PAsVwAAAAAArERhNQH4uttkhHr0xh+/FPW93n1xme648uv6nz+8GvW9kHg6PvhvpU+2yZ5dLH/IYXWcuPbO+vURWCVPsxctl5ZUan5Z37HS/cXOoz1uLs+1SAs3lWlpWfheemf5ci0ukjytx9git1BO1Rzx8KrD1zl4LalCK8p7O0elcPeqK+/Abf4H559XoJplBb23/B+sSBXLy3tHDEhylmuFK095Onp+FVWpsaz3XDlVvryCblUAAAAAgKWMUCgUiuSCGzZsUP64cYO+3rcyPDgvacFQ7lsdPgKBLpnBDv1j1aditud51/9Se0L5erwhEoWh+DHv0inKd2zU3rXR6/odKTJO/6bM7Avlp3NV0oHPrT58fgFIFHx+AUhU/N4IADhY69atmjRpUkTXrKysPOE5dKzGs1BASTbphd/GrqgqSa/94XO6rKJRk08erfc/3hnTvZEY2t97QBlFi2TLvFCBoGF1nLgTmW5V6cwpUyKyDgAAAAAAiDwKq3HM4bDrrzWzLNn7tafKNOeGX2nFk40nPhkjUnvTEuVc+JiCRpYi3Pg+LAy1KBqp4iwAAAAAAIgOCqtxKiUlRXU/v8Cy/dvb3tfWf/6f7rhqlh597g3LciC+7X7lMxpdUq/uri6ro8SleX/4zKCuW3X9YxFOAgAAAAAAIs20OgCOIrhP9TWXWJ1CTfXfUorZo0unFlodBXFsz2sVciQFrI4BAAAAAAAQUxRW44xp+PRh4wqFAj1WR5Ekvfir2bpg8ng57PxRwdEFOjeqs/lHSrL5rI4CAAAAAAAQM1TL4ohpBLRz8wvavuEvVkc5xAeND+pL155vdQzEMe/2P8vreV42g+IqAAAAAAAYGZixGicMw1Ao2KX1f/0Pq6Mc4aO3f6Vxk6/Tpy4+Q7978V2r4yBOdf3zIWVmnCYzdbKCTAaIDE+dFlfWqPmww87y5VrsyhvgYk2qLlulguWLNHugl8bF+gAAAAAAxBcKq3HCZvr0yu9vtzrGMb365Gc06/aXNWlcjjZs3W11HMSpfWvvVeY5j0hJE6RQyOo4w4RT5REpVhapwr0oEoEsWh8AAAAAgPhCYTUeBPbqwzWPqLu91eokx/XGH7+oG+Y8ogeffNnqKIhjnR/8lzKn/UBen83qKMNcuENUpVJdfbMOKcA2VWv+snpJTrlKpTrNU22F9neUTlu3RPdvKpCrvl51klRapdqKovCq1WVaWh/e4eDO2KMd99QdWGdT+VdUWPPnE6zv0eollappllRaKld9Cx2uAAAAAICExYxVi4UC3drX1qQt7/3e6igntGfbW/JsqNftV5xjdRTEsUBHs3pafy+byTyAyGhWTWWZ5pcd+KpuOvDapsIFqnW7tbC0WTXPNElqUvWyermq3Kp1L1BBy+GDBHrVS8Vut2qXl8tZv0qrPZKnbomWqkq1brdq3VUqrFl53OMHr7PYldOP9VeqRuVa4XartljhoisAAAAAAAmKjlWLOZKTte75r1kdo9/eqfuGLpn/V100ZYJeWr/Z6jiIU10bf66c3FkKGrkKMRJgiI4/CqAwP/xCbqFT2iSpqVF1KtXCIknK07SS3uNHLFuoXEnKy1dh76Edm5ql+mWaX3/Qaes8Gn+M49MOXueE63u0tqFZzpIFypOkomK51NKvnwAAAAAAAPGIwqqFTHXr9We+anWMAXuhdpZcd6yhsIrj2vPWvyjngl+rx2t1EgzE0R6M1VR99OMeWk4BAAAAACMYhVWLGKEebW56TPva3rU6yqA0r1mpu+beqYefXmN1FMSpkG+XOjf8WMkTb5c/6LA6jiVWXf9Y7DctKpZLy9TYVKGionCXqAr6d2luoVPNNc+oyVWhIjWpumyZVOXWnGMdH1CwcPdsTcM6eVwu5TU1qk5S+cDfIQAAAAAAcYHCqgVM01T33lZtfONRq6MM2qY3/59OOu1a3XDRGfr9S4lZHEb09bQ+peQ8l8yUyQoGrU4TW++sXx+hlcIzVmsOPuQs14pF+cc4v0gVVaWav6xMdXLKVers9055rkVauKlMS8vqe7dZrsVFkoqOftwzwOft5bkWqLyhUveX1YQfXjWwywEAAAAAiCtGKMIDEDds2KD8ceMGfb1vZfhX7aQFw/ce05TUVNU9eoGkxJ89WfqFV7Tq7+u1ecc+q6Oc0LxLpyjfsVF7195rdZQRZ3RJvbq7uqyOETV9n1t94ufzy6PVSyrVUHLkbfyWa6rW/GXSQneFiqzOAoxg8fv5BQDHNxJ+bwQA9F/r1q2aNGlSRNesrKw84Tl0rMaYaQT09uoqDYeiqiS9+aev6tNXP6QHn2y0Ogri2L71i5V26lflC6VZHWUECN+qv/9XDGe5VsRJUdVTt0T31zTv/95V5aaoCgAAAABIWBRWY8gwDAW8u7V9w/NWR4mYXVteVttHL6j8k+ep5vm3rI6DOOVr+5tCBfNlJmUoOAJmAkRqDMCZU6YM4qoiVbjdqohIgsjKcy1SLff/AwAAAACGCQqrMWQaPr3z9/+0OkbErfvzfSop+7sunDxer7y/xeo4iFMd7/+XMs76voIaGQ+yGlxR9IDIzWgFAAAAAADRQGE1RgxTat/5nnZvfd3qKFHx4i8v16zbX6KwimMKdHyowJ41smXNVCBoWB0nJn5+zeDmyn7h2dQIJwEAAAAAAJFmWh1gpDDl1bsNS62OETXBoFcb36zWXXPPtzoK4lj7e9+V3ZFsdQwAAAAAAIAho7AaC4FO7dj0N3XtbbE6SVT9c83DCnRv15wZk62OgngV8qlr46Oymz6rkwAAAAAAAAwJhdUYcKRm6P1/fN/qGDHx8qrrNfnkURo3Kt3qKIhT3Zt/K9MMyjBGxjgAAAAAAAAwPDFjNdqCndr01pMK+DqtThIz6/7yr7pl9vf0g9+9bHUUxKmO9/5LqZ/4N/lDjAU4Lk+dFlfWqPmww66q5SpYVamWeW5VFFmSDAAAAACAEY/CapQ5UjK14fWfWh0jpnZs+qt2t67R/NlTVbt6ndVxEId8u15WckeTzPTpCgaDVseJc06VL1+k2XmHHV7ktiQNAAAAAAAIo7AaTaEuvf+Pn1idwhJv/WmBLv18g851jtMbzVutjoM41P3x/yrjjCnyBh1WR0lAHq1e0tuxqmrNXyW5VK+6ZknOcq1Y5FKepKbqMi2t77umVAvdFSpq6t/5rqq+btgmVZctU52kYxZ5AQAAAAAYgZixGiWGYcgI+bXl3SetjmKZlx6bK9c5k6yOgTjl3/26Qr69zFo9oWbVVJZpflnvV3XTUU5pUcECt2rdVXI11+iZJklqkordqnW7VeternJnvRqbjnN+U7WW1pdqodut2uXl2rSsWk3yaPWSZVJV7zpVBapZWSdP7N48AAAAAABxi47VaAl16b0X/8vqFJbyd+/WR2//Vl++9kb95I+vWR0Hcahz4yNKO+1r8gWSrI4Sx47WJXp4abNA4/MkKVcFTqlFklSkoqLDulCPc76ntUUqnaciScpzabFbkprU2CzVLSvr7VgN51nrcdG1CgAAAAAY8SisRoFpmjJk0+7ta62OYrkPGr+vmae4dNX5Tj235vBH8GCk87U1yDjtHhmGQ6FQyOo4w0vvg69Uvly1boVHBwxqIW7/BwAAAADgaCisRoG/y6b2bWm69HN/UcfujXqn/ltqb3vX6liW+cdvr1HpF17VK+99rJ37uq2OgzjTtfHnSjnlS/IFht+s1S88m2pxglJ9xpUneerU0CwVHufMvPwCqaZRTRVFKvLUaXFlg0qWL1CBs1k1zzRpdkWR1FSt+csUntUas/cAAAAAAEB8orAaBUkpdj3+5Z2SpKsW5+uC62vl7dqh9176rnZs+qvF6ayx/q//rrLL/1M/+N3LVkdBnOnZ9ielnXqXFLA6SWS9s369tQHypqrEWaOlZfWSs1zlpVJDq0fKP8b5RRVaUb5E95eVSZKc5cs1Oy9PWlSllrJlml8v9XWvUlQFAAAAAEAyQhG+/3bDhg3KHzdu0Nf7VoanACYtqDvBmfEp5LOr6Vm//vHTrkOOX3pvms681qFAoEPNax7SlqYnLEponXOvfVTdyU79uv5tS/afd+kU5Ts2au/aey3ZH8eWcvKn5Tj5c/IHE3PWat/nVp9E/fwCMPLw+QUgUSX6740AgMhq3bpVkyZF9gHqlZWVJzzHjOiOkBGyaf3TPUcc//sPOvXjT+7WG7+2yXnev+qyz7+gSdO/ZEFC67zxxzs0NitZZ53CsEYcqvvjx2WKMREAAAAAACBxMAoggkIBU7s/CmrPluAxz3nV3a1X3d06c26yiu+oUOHZFdr6wdN694UHYpjUOi//70268pan9fbGw59qjpHO2/YP2XOvkH8YjASI1BiAM6dMicg6AAAAAAAg8iisRlD3Tpve/kP/uu7eebpH7zzdo1MuStJl98xV6Rdu0I6Wv2nd81+Lckprdbe3anPTk/riNdfqZ8++bnUcxJGerX9UUu5lkpKtjhIRQy2KWj6jFQAAAAAAHBeF1QjKyrfp/b94B3TNxpd82viST2NOM3Xlty6W64412rP1Db3x3FcV9A/PW6Pff3GpLiq8TJefO0l/eWOD1XEQJwIdH8gIdskwUhTh0c+WeelXJYO67qLbGiKcBAAAAAAARBozViPE32lq/R+PnK3aX20fBvXr8n36+fU71dV2pmaVv6ALb3xMadmRHbwbL1769ZU6+9Rxykx1WB0FcaR7y+9lM3xWxwAAAAAAADghCqsRYpoOvfPM4Aurfbr3Sk/c3a6HS3fK8+4EFd+8Shd95hmNGj8jAinjS1PDd1RxxTlWx0Ac6dn2nGxJFNsBAAAAAED8o7AaAYZhqGt3QG3NkX3qzrPf7NDDrl3a8OIonXPlQ7rktr8o/xNzI7qHlVrf+706dr6nz1x6ptVRECdC/r3y710v0+SjCQAAAAAAxDeqFxEQ6LJr7ZND71Y9lrrvdmjl5bu07nfJmjzz33XZ5xtUeHZF1PaLpdefKlP+6FSdMXGM1VEQJ7pbfy+b0WV1jPjgqdPisiVa7Tn8WLWaLAvVl6FM8w/7qrY0FAAAAAAAsUVhNQJSc+xDmq/aX42PdOknV+7WSz8NauKUL2tWRaM+MfNrUd832l793W265oJPWB0DccK34++yJWVYHQMn5FT5crdq3eGvFeVO1a2qk+fEFwIAAAAAMCzYrQ6Q6AzDpg/qeqQYPsR87RM9WvtEj06blaSSr96kCbfP0/YNz+ud+m/GLkQEde7+p7Z++KzuuGq2Hn3uDavjIA50ffy47GNvUiAQ2fEaw42nbonubyjRikUu5alJ1WWrVLB8kaatW6L7N5WovKVGNc2SSqu0onCV7g9/o4XuChXJo9VLKsOvS5KzPLxOU7Xmr5Jcqldd80HHT5Alb2qJnDWbtENSnqSm6jItre9berkWu/LCna6VNQpv6VT58kWanSdJTaouW6Y66aB84WOqcquiqPe9bpqn2gqpumyVVCrV1RdooXuOtux/HwetechefWsemkulVaqtKIrA/wkAAAAAwEhEx+oQ+dpNrft9tyV7f/hXn6pv2qcn72lXcrJLrjvW6JyrV1qSZaia/rZIKWa3Ss8+xeooiAP+PWtlKvpd4ImhWTWVB91yv79YeAL1DdICt2qXl8tZv0wPa4Fq3VVyqV6NTZI8OzR+QV/HaZVczQ1a29du2tyiggV9x2v0TD9u8fesa1Czs1C5ChdBl6pq/9qFNSu12iM1PVMjlS/v7XCVap5pkuTR6iXLtGn/8RYtXXKiztdmbSpcoFp3hXLrVqpG5Vrhdqu2qkA1K+vkUZOqKxtUstx9YM3qJslTp8fqS7Ww7z3Xrzp0zAIAAAAAAANAx+oQpY+xaes71nbVbX3br1/N36f0PEPXfPtcue5Yo3073tXa57+mno6tlmYbiBd/dblcd6zRP5o2q9vrtzoOLOTb9apsSenyBSiuHtrZqd5OzE39uKxE0/IkKV+FcqpganiBAqfUIkl5RYd1rTpVvv/iAo3Pk6TcA+cfIVzwrTkkZ7iztWlTs1S/TPPrD5ztXOfR4uJSNS+r1Pya8HuqdUlSk1qanSpZEM53oPM1/7hvrzA/fP6OTc1yliwId9QWVah2UfhntEnNqjskX6OaKuaoxFmjpWX14W5V96IT/RQBAAAAADgmCqtDYJqmdnwYjOkYgOPp8IT0+Jf3SZKu++9JuvjWZ9S1d7PW/22x9mx70+J0/fP+S/+tO6+6Tz966lWro8BKoYD8Hc0ykwoUDAatTjM8NVVr/rJ6uarcqi0KjxEYmAMF376RBNMOmhew//b/Q1So1l0RPr+yTDXOcq1YdPwC6uAduP3/YEWL3JrdO2Zgfr3k6h01AAAAAADAQFFYHYJAj6lNjV6rYxzVU1/vkNShT34zT9PnPCJv10590Lhc2//5Z6ujHdfm9Y8p//RP6aZLivTECzxifCTzeerlmFCmRK6rXnRbQ1TXz8svkJp755o2NapOOqjrtB+c5ZpTJGkw1x6cw7VICzeV6f7qfNVWFCm30KnmmmfU5Dp0VmpxY5kai92qcC1SbX54lmu4K7ZZDes8mu3K6x0pUKLc3m7ZhlaPVCStbWiWCo7cO7fQqeaGdfK4eufDLpMWuotVqBo9VjdHi115B2bRLpAeXindtcilCvdyFSypPEY3LgAAAAAAJ0ZhdQj83aY2v+GzOsZxPf9Ah55/oEMXL0jX1Bu+rTMuXqh/vvFTbX77N1ZHO6ZXf3eLZt3eKGf+KDW37rI6Dizi3fmykid8VpLN6iiD8s769dHfpKhYLi3rvbW9VK6BXtu8TPeX1Uil5Sp31qtlxxCiVFTJVbZM81Wl2opwoXVpWXgWgLN8uRYXSSqqUmNZmeaHj6p8eYXyJM1eVKWWskrNr5HCnabhkQLTSpyqqQmPDnCVOo+67/6ibln4pn9XlVtFkoqWl2tx5ZFr3lWyZP+5Kq1SLd2qAAAAAIBBMkKhUERvZN+wYYPyx40b9PW+leHSQNKCukhFiprk5BT9+JO7FEqgjrrpn03WeZ9Llj0pqI/W/0bNr/zI6khHlZl3ps6/rkYrnmyM2JrzLp2ifMdG7V17b8TWRHSNuugZ9Xjj/xl7fZ9bfRLh8wsAJD6/ACSuRPq9EQAQfa1bt2rSpEkRXbOysvKE58R/xSJOGSFT294NJFRRVZJe/3WPHrlmr+r+26uxBZ9V6e0vq+jSxVbHOsI+zzva9s/n9YWrzrU6Cizk2/WabLbE7FgFAAAAAADDG6MABql7t6HNr8X3GIDjee/PXr33Z68mTLer9OtXyvWFa7Xjoxe19s/x0825vn6hLv5cnS45q0AvvM0kxJHI66lXatZ5CiTYvwFFagzAmVOmRGQdAAAAAAAQeRRWB8m02fTxG91Wxxiyza/7VXvrPuVMNHXl4gvlumON9m5/W2/++V75u3dbHU8v/tIl1x1r9NL6loR+iBEGx7uzUWmndkrKsDrKgA21KBqTGa0AAAAAAGDQKKwOUuZYmz5+y291jIjZ/VFQj32hXaZduv77k3Xp5/6izt0b9Xb9t9Te9q6l2T585Ue6a85X9KOnXrU0BywQ7JYMmwzDUITHQcfEw8++Oajr7rrmnAgnAQAAAAAAkZZY99fGCdM05fkg8ear9kfQL/3u3nY9XLpTrW+N0wXX1+qiW55VbuEsyzK1rP2FvO2bdcNFZ1iWAdYJdDTLMPmoAgAAAAAA8YVqxSAEvDZtesVrdYyoe25xp1bO3qUPVmfprNLv6dL59RpfdJMlWV554madOi5bhWOzLdkf1vHveUumYXUKAAAAAACAQ1FYHYSQ39DHbyTug6sG6u8/6NSPP7lbr//aJud5/6rLPv+CTpn+xZjneOOPX9FNlxTFfF9Yy7fvPRmhxJ9nDAAAAAAAhhcKq4OQmm3q4zeHz3zV/nrV3a2fXb1HDT8K6ORP3K5ZFY06/ZKFMdt/99bXtKOlQRVXMH9yKJKnPq3RJU8rc3zvgcm/0OiS+vDXzAeVLEm6SZkzDz8mpZ9Xr+zJsc0b6PhApj0ltpvGk6ZqzS8rO/BV3XSiC1RdtkSrPUPeWNV9ey6p09GX6zunWoek8tRpcb+yHrxU9ZHrHIenbknv+h6tXlKmgWwFAAAAAEAkUFgdIMMw9PEb/mE5X7W/3nm6R49et1d/+o8uZY+eo9IvvKqzZn8vJnuve/5+ZSYHNeOMCTHZb9gZ/6BSczIOOvANZZ9UIHU+p50NzylgP0epU2+Sxl8im71FPQ3PKWA/TY7x4WuTHG+q+/3YRg759igU9ErGSJwH0KTqZfVyVblV63ar1l0lV/0yLa4bctX0hDx1q7SpfLlq3W4tLKjRM8csXDrldNar8aDXPesa1BzlfDs29e2Qp9mL3KqgmR0AAAAAEGN2qwMkGsM0FQgk3tPJo2HjSz5tfMmnMaeZuuJbl8h1xxrtbn1db/7pbgWD0ZtB2+C+TK471ujldzdHbY/h6SZlFp4j+dsP+pv/Xe1p+G74P8c/qOOVLtPzz1GorVQ9UU55NIGODTJTJisYGmF/9zyt2iSnSnL7DhSpwu0+8HpTteYvq9//ravqyAJjU3WZlvae4ixfrsWuvHBHaWVNb/HTqfLlizQ779Dr8vIL1LxqnTyufDXWl6q44tgxS0pK1dDqkYryJHm0tkFylTpVd9ycHq1eUqmWglLV1beo/CsFB9523RLdX6PeXE2qLlvWu1Zv1h3Vve9pmaqLl6tgVaVa5rk1p3WJ7t9UIFd9ffj80irVVhQp3NVaqZpmSaWlctW3qOAo7xkAAAAAgIGgY3XTCrhZAAAgAElEQVSADBnas3kEt6seRduHQf2mvF0/v36nunedpVm3v6QLb/yt0rInRW3PDa8/ogVzz4/a+sNR8tRyJelNdbXtPMqr31C28xxp90Pave4JacsLCvgLlFxylWydL2ifrOlW7ePf+5bMkfgEqzyX7iqXairDt+Qf3qnapOLeTla3VpQ7Vdd4aFupp26Jlqpqf7drYc1KrfZITc/USL3dqCvKpZqjtaMWVWhhQY3uL2tUsbtCx20IzS+UGtaFxwV41qlBJSou7F/OOhWr1r1Is3P6Tq7W/Q0lWuFepNl5Hq1eskzq69itKlDNyjp5iiq0sFRSadWRnar1UrHbrdrl5XLWr9Jqj+SpW6kalWuF263aYh0o+AIAAAAAMAR0rA6Qt0Pa2xqwOkZc6t4rPXFXuyTp2qUTVXzzKnW1b9W7Dd/Rri0vR3SvDa//VHnOq3Rd8el6qvG9iK49LI1/UKk5kq/5PvVk/ELpR5zwXe1p+FCZM+/W6JmXqOMf92nfP57Y/2r6efUKtZVKU5/W6JwMSS3qafi8OmIU37/nHTlO6paUFKMd40eea5FqXVJ4nmml5tcc6EwtKio6tBu09NBrd2xqluqXaf6BZlE513m0uLhUzcsqNb8m3AEaXv9g4S5RVS1XeUulHqubo7u0UvdvmtfbAXqY3Kkq0Uqt9bg0bV2DVLJAuWrY//LxcjoLcw9aqF5LlzlVvrxC4WbSHWppluqWlR1UDHVqrcel8ToGZ6FyJSkvX+HarkdrG5rlLFkQXrOoWC61HOtqAAAAAAD6jcLqAAV9hvZto2P1RP64sENSh1zfGK1zrnpIPu8effjyD7T1g2citscrj39Ks25/RePHZGpL276IrTscJY85TaYyZDrrNbr3WJLzaWVqrvZt6TvrCQW9d0tpo2WXDtzy3ztbtev9byilRPI1PyQV3q2kqTdJ6544fKuoCPZslWGM9Ab78BiAOXVLdH9jkyqKcsO3t/d2Yqpuie7fdORV+2//P0SFat0V4VvuK8tU4yzXikUu9Z3VN191cVGetKhKLWWVul+Sq+pYfat5mlYiPbyuSWqQShbkSev6XvP0K2dYqRZWSUtX1mna/jxHH1XAs6oAAAAAAFajsDpAhmmo3UNhtb/qvtuhuu92qPjOVJ1z879r8sx/1aa3qrXpreqIrL/2+fv0mU8+qAd/F9mO2OGmZ93cA4XSyb/Q6JNGy9c8V/v0oHJK+kYASKZDUuf6QzpRD8xW/YZSYh9dkhTs8ci0J0t+v0UJBueua84Z2gJN1Zq/rOWIwuLBXZ6ueS7lyaPVDc1SwaGX5xY61VzzjJpcFSra34XqVnFjmRqL3apwLVJtfrXmrzr0ugPzVV3KU5HmlDtVVyMV5OqY8qaWSCtXqaG5QJ85yuzS4+U8RFGFFhaU6eG6qVrsylWBs1k1zzRpdkVf16u00H2cga9HJtO0EqdqGnrfT1Oj6iSVD2AFAAAAAACOhsLqACWlmGqnY3XAGh/pUuMjXZp2U7JmVHxJp07/kj5+93/1/j++P6R1d370onZ+/IrKLp8m91/WRijtCLLlPu3O+IVGn3S3RpdI8r+pjte+e+D1/d2qkvRdde++ROnOuyW1qCdG3aqSFAp0SMd9tFb8eWf9+qEvUlShFeW9XaV9x0qrVFsRrlxOK3GqZlmZ6uRUeXmp1NAqj/L3X57nWqSFm8q0tCx8C76zfLkWF0kqqlJjWZnmh48edOv9gX0XFpTp/rKaA3sub9XiymqNP9a81bypKlGNakrnKfy4qP0vHCPnsau0RXPKpcqVWj11kWYvqlJLWd84g3D3apEkT6FTqul9eNUJfox5rgUqb6gMv5/SUh0x+QAAAAAAgEEwQqHIPmZ7w4YNyh83btDX+1aGf+VNWhCfjxdJdqRq5eVHe/gPBuK0WUkq+ZdUpWab2r7hz3qn/ltDWu/SzzfohaZteu2D1mOeM+/SKcp3bNTetfcOaS9YI2fGE/IF0xThj6yI6Pvc6hOvn1/QIV2vx30gFzBC8PkFIFHF+++NAIDYat26VZMmRfYh6pWVlSc8h47VATAMQx076VaNhA//6tOHf/Vp3Fl2XV7lkuuONdr58ct68093DWq9F351pWaV//24hVUktqC3TUZSelwWVhHfPHVLdH9N8/7vXVVuiqoAAAAAgCGjsDoAhmFo39aA1TGGla1v+/XL29qVnmfomm+fI9cda7RvR5PWPv919XRs7fc6QX+nWtbWasGcW7TymTVRTAyrhHq2y3AUWh0DCSjPtUi13P8PAAAAABiA/nSsjvTHbA9IKGRo71Y6VqOhwxPS41/u0MOlO7V706m6+NZnVPzp3yn7pP4//OfDV36okHeHrr7gE1FMCqsEuj6SYSTWnFUAAAAAADB8UVgdgKDP1D4Kq1H31NfCBdbNa8Zq+pxHdMln/09jT72iX9c2PjZXRRPHKC87LcopEWuB7m2S/FbHAAAAAAAAkERhdUBCwZD2baOwGivPf6dDK127tP6P6Soq+bYunf9XTTjr1hNe93bdv+m20qkxSIhYCno9MiisAgAAAACAOEFhdQCMkKF925ixGmsvruzUT67Yo1fdhiadc69mlb8k5wVfPeb5ng2rtWfbm7rNRXF1OAn27JCCPqtjAAAAAAAASKKwOiD+HmlvKx2rVnn91z362dV7VPd9r0465TaV3v6yii5ddNRz33z2i8rNTNK0SSfFOCWiJyTDdFgdAgAAAAAAQBKF1QFJzrBJPDvHcu/9n1c/v2Gvnvp6hzKyr5LrC69q2hUPHnFe46ob9Mnpp1qQEFER9Es8vAoAAAAAAMQJCqsDEAqGZPITixubX/fLfcs+/erze2QEZsh1xxqdN7da9pQcSZK306OP3nlcX7rmPIuTIhJCIZ8M/mUDAAAAAADECcqEAxAKSoaNwk682f1RUL+9vV0/vXKn2lsn69LP/UUzbn5cGWPO0Af/+K5swT10rg4HIb8M/mUDAAAAAADECbvVARIJHavxze+Vfn9fh6QOXbU4XxfcUCtvp0fvvbhM065Yoda2fVZHxBCEgj6FQlanAAAAAAAACKOwOgDBoGTYrE6B/nhucaekTs26P1tnXf19BfzdGjcmU4E9VifDoIX8MgxTUsDqJAAAAAAAABRWByJEYTWuONKk7AmmsvJtyjzJVEaeTWmjDaWOMpSaYyo505Aj1VAoZMiwJcuQZMuYbHVsDFbQx8OrAAAAAABA3KCwOgDBoGSaFHaiwZ4mZY83lT3+QJE0fYyhlGxDaaPCRdKkNFN2R7i43ff/IRgMKRQKyRvwqcffrXZvu3Z7d2lj927t2rlLbZ1t8nR4tLV9q5ZfuVyGLdXid4rBCoX8Yiw0AAAAAACIFxRWB8AwJIO6zgnZHb2dpONtyhpnKj3PVPpoU6k5htJG25ScISWlGbI5DJk2yex9IFgoFFIgEJQ/6Fe3v0edvk7t8e5SS9dO7dq1S21bwkXS7R3btWXfFu317u13pusmX6dQKChv0FTG2Q+p/a27o/X2ES1BrwI9HknZVicBAAAAAACgsDpQ5ggbBWDapVETw0XSzHGm0nNNpY8xlTrKUFqOLXy7fZohW7Jksxv7C88HiqQB9fh71Onr0G7vbn3UvVO79uzSrq27tL1ju7Z1bNOWfVu0pye6w09vOON6BXt8+rg7SafmnBnVvRAdhj1DpmO01MOMVQAAAAAAYD0KqwNgGEZCd6ya9r6ZpKYyx9mUmWcqbYyptFGGUrNNJWcZSk43j14kDQYVCATU4/eq07dPe7y79XF3m3bv3a22bW3ydHq0rX2bWttbtat7l7Vv9DCmTOWm5cnf3i5fwK62rqAy6VpNOIY9Qwr5JTGOAwAAAAAAWI/C6gAYZhyNAjClnJNNZY8PF0kzxvZ2kuaEH9yUkmUoKd1QUrIhW9KhRdJgMCR/INxJ2uVv196ePWrtadOu9l1q84Rvt9/WsU1b27eqravN2vcZAXfPuFud27YqJTtHPZ0hNbT4dcPpdK0mGsOWoVAwID62AAAAAABAPKBCMQCGEdw/DzTSsk82lX2yqazeImn46fa9hdJsmxxphuwpkmk39o8jCIWkYDAofyAgr9+rLn+H9nr3antPm3Z27FTbjjbt6Nyh7R3b1dreKk+nJyrZ490lEy7Rtkf+nybeeef+u8jpWk08hj1DUsjqGAAAAAAAAJIorA6Macjox4zVrL5O0pNsyhhrKD3XVNooU6nZhlKyTDnSDdlTwp2khxdJA8Ggenxedfs7tc+7Tx95d2hn507tbNspT6dH29vDRdLtnduj+16HialjpyrZ5pDn2WdV8KUvy+sPV1YbWnx0rSYYw56hEHVVAAAAAAAQJyisDoBhhjTtxmRNmZO8v0ianHFQkdRUePzjwZ2kAZ+6fJ1q97Vrc88O7ereqbZd4U7SbZ3b1LqvVds6tln91oatsmnztfftdZIkw2aq23/gwUd0rSYWw56hkOJlFgcAAAAAABjpKKwOgOHwK2dKQG0dbdrq26UdXR7t/HjnIbfbt7a3Wh0TB/nEmMlq+vZ9+7/v8Qf3/zddq4nFtGdI6kfLOAAAAAAAQAxQWB0Aw5Se+/BZ1a6ttToK+uHGM25UoLtLXc3NMh0OSZI3eOg5dK0mDsOeKRl2SX6rowAAAAAAAHBf7UAYMjUxa6LVMdBPcybP0c7V9ZKkpFGjFDrKgM6GFp8cWXStJgLTMYpHVwEAAAAAgLhBYXUAQsGgJmZTWE0EKfYU5abl6qOf/ERSuLB6LG1dQWWc/VCsomGQTEfuUYvjAAAAAAAAVqCwOgChUEhj08daHQP9sOD8Beps3bL/e3t2to71SHm6VhODLX2SQsHgiU8EAAAAAACIAQqrA9Tj79Ho1NFWx8AJXDRhpratenz/90k5Oceqq0qiazUR0LEKAAAAAADiCYXVAWr3tmt85nirY+A4po+bLrtpV9vzz+8/Zs/KUvA4RTm6VuOb4chVKOi1OgYAAAAAAMB+FFYHyBfwUViNc/OnzdfeN9885Jg9K0uB4PG7HelajV+21AkKBf1WxwAAAAAAANiPwuoA2WXTyZknWx0Dx3HqqFO1+dGfH3LMlp6uwAnGc9K1Gr9sqRMU5OMKAAAAAADEESoVA5SVnE1hNY7NmzJPvs4Odbe0HHLcnp6uoIwTXk/XanyypRVKclgdAwAAAAAAYD8KqwNkl00F2QVWx8AxXPuJa7Xz+b8ccdxMS5M3dOLCKl2r8cmWftpxZ+QCAAAAAADEGoXVAQqFQjop4ySrY+AoMhwZGpU6SpsfffSI12zp6fL3o7Aq0bUaj2ypJysUPMEsBwAAAAAAgBiisDoInb5OjU0fa3UMHOYr539FnZs/OuprtrQ0+U7w8Ko+dK3Gn1AooBAdqwAAAAAAII5QWB0Er9+r8ZnjrY6BwxSfPENbH1t11NeM5GT5Av1fi67V+GHLLJJhy7A6BgAAAAAAwCEorA6CKZMHWMWZC8dfKFOmdtbXH/V10+EYUGGVrtX4kZR9tkIGD64CAAAAAADxhcLqIKTaUzUxa6LVMXCQ26bdpr2vvX7M102HQ97AwG4lb+sKKmPaj4YaDUOUNGqGAoxXBQAAAAAAcYbC6iCEgiGdNvo0q2PgIJNyTtFHjzxyzNcNm009AyysNrT45Mg+a6jRMET2zNMVDAyg3RgAAAAAACAGKKwOQigYVGF2oTIczH2MB58967Pytu+Tt7X1mOcYNpu8/oE//IiuVWuZKeNlWB0CAAAAAADgKCisDlKHt0MXjL/A6hiQdPVpV6vtuT8f9xzDNNUziKZHulatZc86S37GAAAAAAAAgDhEYXWQ0mypmjlhptUxRrzRKaOVnZKtj2tqTnhu1yArdHStWscxulihkM3qGAAAAAAAAEegsDpYQem88edZnWLE+9J5X1JHy6YTn2gY6vYPbg+6Vq1jz56qYJCWVQAAAAAAEH8orA7Brq5dmjp2qtUxRrQLTr5AW3/9m+OeY8/JGfI+dK1awJauUDCkUGjgs3EBAAAAAACijcLqEIQCIV148oVWxxixLpp4kYxgSLteeOG45zlGj5aGWJujazX2knNnSbYsq2MAAAAAAAAcFYXVIch2ZGnGyTOsjjFi3Xrmrdq7Zs0Jz0vKyVEwNPTbyelaja3k/GsVYAoAAAAAAACIUxRWhyIkOWwOjc8cb3WSEakwp1CbVv74hOfZs7OlCNxOTtdqDBlJsmdMZr4qAAAAAACIWxRWh6irp1MXjL/A6hgjTtm0MvXs3S3/zp0nPNeena1ghMZ00rUaG468yxT0e62OAQAAAAAAcEwUVododPJoFU8otjrGiHOl8wq1/fFP/TrXnpmpYIQegETXamykjJsjf8hmdQwAAAAAAIBjorA6RIYMTR4zWQ6bw+ooI8ZJ6ScpMzlLW371q36db8/MVCTvKKdrNfrs2WcrGAhYHQMAAAAAAOCYKKxGwO7O3YwDiKE7p9+p9o3/7Pf59vR0+SM0CkCiazXaknIvVdDfZXUMAAAAAACA46KwGgFZSZmaOWGm1TFGjOn509Va279uVUky09PlDxkRzUDXavSkjLtWgSBjAAAAAAAAQHyjsBoBoWBIMybMsDrGiDCrcJaMYFB7Xn6539eYaWnyhSL7R52u1egxUwsVYAwAAAAAAACIcxRWI6TD26Gz8ii0Rdunz/y09jS+MqBrbKlp8gcjOAugV1tXUJnTfhjxdUey5PzrJXuO1TEAAAAAAABOiMJqhGSY6So/p9zqGIeZqwdufEpPXXPPgUMzVuqpW57q/Vqpew4+75an9NSND2hu76n3XPOUVsZZI+7ErIna9PDDA7rGnpYqXwQfXtWnocWnpOxpkV94BEud+Fn5IzkQFwAAAAAAIEoorEZIMBjUSeknyTnKaXWUXnP1wI13aqrj4GP3aOWkCdLe1brut49onXeCZl9zjzS5WJMcm7X6t6u12TFJxZMlTX5AM1LW6U/9v+M+6m4/53Z1796pwL59A7rOSE6WL0p3lu+kazVi7FlnSbZ0hUIUVgEAAAAAQPyjsBpBDiXp02d+2uoYOlBUbVe7d3Ar3HPaVO3++Jt6OrLBhuTyUy/Xjqf/OODrzKQkeQPRKdb9na7ViEmdeJsCwSSrYwAAAAAAAPQLhdUIMkKGpo6dqry0PKujSNqs1b/9jTYccuyHWvDb1dqcNVtP3XKnpnav1nXP/lB6v1EbvBM0+5bZmrD3ZX1T8detOjFzotKT0rX1sccGfK1ht6snSoVVia7VSDDsGbLnTOehVQAAAAAAIGHYrQ4w3HR5u3TzlJv14zU/tjDF0/rmk09LmqsHDjl+j1beMls52x/RdXXSAzfeqaeuka579oe95/eedc1T2v3xdZLr13pqbIbCRdoFsrJ0eMd5d6j9n82Dutaw2aLWsSqFu1ZvOJ2u1aFIOflmBaL4/wgAAAAAACDS6FiNsCxbplynuJRiT7E6ypEmj1WOpN0dT0t6Wtu7JWWdrnsOOaevW/UeXT1WWvd6eBbrDNfcoy4ZK9PGTlOru3ZwF5umevyRzXM4ulaHJmX8zfL7o/CEMQAAAAAAgCihsBoFm/du1k1FN1kd40jvb9duSTnpcyXN1dgUSd5d+udBp8TrbNWQ36+9r702uAUMQz1RvsOcWauDlzSmREEeWAUAAAAAABIMhdUoyE8ZpxvPuNHqGEfxQy3YsFkZY+8Mz1h1bNbqJw8qok4+eLbqD/Wn7dLU6eHzXq6zrtR6c9HN2vPiS4O+3jAMdcegG3JXV1CZ034Q9X2Gm5STb5afh1YBAAAAAIAEw4zVKDANU1v2btHcyXP19PtW9n4+fcjsVEnSywt03bEeSvX+N/XZ9w+6uu6zcdG5Oj5zvF5/+F8Gda2ZliZJisVd5n9r8emG08+O/kbDSNKoGTJTCxUIMAYAAAAAAAAkFjpWoyQvJU/zpsyzOkbC++L0L6p7Z5uC3d2Dut4xapRCMbzNnK7VgUk/7R75g8lWxwAAAAAAABgwCqtRYspQj79HlxVeZnWUhOY6pVQ7/vDUoK9PysmJYJoT+1uLT0nZdK32R1LuZQrZMmJa+AYAAAAAAIgUCqtRlG3P0q1n3Wp1jIR1as6pSk1K1dYnnhj0Gkkx7liV6Frtr3TnV+UPMFsVAAAAAAAkJgqrURQKhZRqT9W54861OkpCun367Wp///0Tn3gctqwshYKxLazStXpiySddpZCS6FYFAAAAAAAJi8JqlKWbabrSeaXVMRLSWXlnacsv3ENaIyk7WzGuq0qia/VE0k69Sz66VQEAAAAAQAKjsBplwWBQp485XZefernVURLK1c6rFfB6tW/t2iGtY8/IUMCCrki6Vo8tOf8GBayodgMAAAAAAEQQhdUYSDfStOD8BXLYHFZHSRg3Fn1KexpeGPI6towMBUNGBBINHF2rR5c87jr5A3arYwAAAAAAAAwJhdUY6ezu0L9d8m9Wx0gYJ2WM08b/+Z8hr2NLT5cvGIFAg0DX6pHST7tXSsq1OgYAAAAAAMCQUViNEYfhUH56vi6eeLHVUeLegvMXqGvHdik49IqoLS1NPos6ViW6Vg9mS3cqKXeW/EG6VQEAAAAAQOKjsBpDo+w5+vpFX7c6RtybVXiZPL/7Q0TWsqWlKWBhYZWu1QMyp/ynfIFkq2MAAAAAAABEBIXVGDINU617tui+4vusjhK3Jo+ZLIctWdv/EJnCqpmaKp/FD0qia1VKmfAZBc1MhSx4kBgAAAAAAEA0UFiNsTHJY/SJ0Z/Q9HHTrY4SlyrOqdC+pvURW8+WkiJfIGLLDcpI71o17FlKLazggVUAAAAAAGBYobBqgRxbtr5x8TesjhGXisacoS01v4jYeobDIW/A+i7Jkdy1mjnl2/JZ9QQxAAAAAACAKKGwagG7ade+nn1acP4Cq6PElbmT5yrg7VFHU1PE1jTs9rgorI7UrlVH7iwZqadE4jlkAAAAAAAAcYXCqkWybJk6f/z5KsotsjpK3Ljh9Bu0669/j+ia4cJqRJcctJHYtZpaWCFfIMnqGAAAAAAAABFHYdVCGWa6FpYstDpG3MhLz1PLQw9FdE3DNNUTBx2r0sjrWs06+yEFzDFWxwAAAAAAAIgKCqtWCklmyNQd595hdRLL/cuMf1Hntq0RX9cwTfX4I77soI2UrtXUwgrJMV7BEB8xAAAAAABgeKLqYbGkkF2uSS4VZhdaHcVSl0y4RJ4nnoz8woahrkD8DPgcCV2r9qxpSs6/Xv5QitVRAAAAAAAAoobCahywB2z63ie/Z3UMy0wdO1XJNoc8zz4b2YXN8B9vbxx1rErDv2s16+wfyut3WB0DAAAAAAAgqiisxouAtPKalVansMT8aZ/T3nfejvi6jjFjpFB8zFc92HDuWs2e/oi8PV1WxwAAAAAAAIg6CqtxwghKmbYM/ful/251lJibPOZ0bX705xFfN2nUqIivGSm7uoLKnPqg1TEiKm3SVxSw5SkYP5MXAAAAAAAAoobCahxJNpN1Smahys8utzpKzHzqjE8p0N2trubmiK9tz86Ox4ZVSb1dqznnWB0jYpJyzpNj7BUKhhgBAAAAAAAARgYKq3Em056p4pOLdfmky62OEhNzJ8/VztV1UVk7KTtboXitrGr4dK0ajjHKPPM78gaSrY4CAAAAAAAQMxRW49DopFG6ecrNOjPvTKujRJXDdCg3LVcf/eQnUVnfnp2tQBzflz5culZHzfhfdffEbwEbAAAAAAAgGiisxqlR9hxVXVKlMaljrI4SNXdfeLc6W7dEbX17ZqaCcV7vS/Su1VEzn1J3d7fVMQAAAAAAAGKOwmqcMmTI8EuPzn3U6ihRM3PCTG3/3yeitr4tI0OBOC+sJnLXas75bnkDdsXtIFsAAAAAAIAoorAax5LMJHV0teuRuY9YHSXipo+briTTrh3/939R28OekaFgyIja+pGSiF2rmdMelN/MVSh+Jy0AAAAAAABEFYXVOOcwHUo1UvSd0u9YHSWiPjftc9r35ltR3cOWliZfAhRWE61rNeP0b0oppymOx9cCAAAAAABEHYXVBOAwHJqYMVF3X3i31VEixjnKqY8eje6YAzNBCqtS4nStpp9eJTN7hgJBm9VRAAAAAAAALEVhNUGkmim6MP9CVZxdYXWUIZs3ZZ78nR3qbmmJ6j629HT54/3pVb0SoWs19ZQvysg4W/6g3eooAAAAAAAAlqOwmkBSlKyLJlyksrPLrI4yJNd+4lq1Pf+XqO9jJifLF4j6NhETz12r6afdr6Sx1yhoZFkdBQAAAAAAIC5QWE0w2fYsXTHpCt07416rowxKRlKGRqWO0uYojwGQJNPhkC+B5oDGa9dqxhn/IduYUvmDDqujAAAAAAAAxA0KqwnIEUrS9LHnaqlrqdVRBuwrF3xFnZs/islepsMhbyAxRgH0ibeu1cyzvidlXSB/gJmqAAAAAAAAB6OwmqBSzBRNTJ+gR+dGv/MzkopPnqGtqx6PyV6G3a6eBCusxlPXatbZD0upRQryoCoAAAAAAIAjUFhNYMlmshxy6Ml5T2pUyiir45zQheMvlClTO+vqYrKfYbOpx59YhVUpPrpWs8+rVjBlkgIhiqoAAAAAAABHQ2E1waWYyerobNdD1zykM8acYXWc4/rs1M9q7+tvxGw/wzTVk0APr+pjadeqLVVZ5z6qgO0kBRPwZwcAAAAAABArFFaHgWRbsgyfdN/M+3RZ4WVWxzmmU0dN0kc/+1lM90zEjlXJmq7VpJzzNXrm0wrYT1YwgR76BQAAAAAAYAUKq8OE3bRrlC1Ht555q24961ar4xzh1rNulbd9n7ytrbHb1DDU7UvMwmqsu1ZTCyuUccZidXd7FQol5s8MAAAAAAAgliisDjOjk0ZpduFsfW3m16yOcohrTrtGbc/9OWb72bOyJEmJ3HgZq67VzKnL5Rh3k3r8fBwAAIkoq7UAAAU/SURBVAAAAAD0F5WUYSjLnqlpedP04JXWPgCpz6iUUcpOydbHNTUx2zNpVPw/zOtEot21atjSlTPjSSntTPkCfBQAAAAAAAAMBNWUYSrFSNb4lHz94Iof6KyxZ1ma5cvnfVkdLZtiuqc9J0ehYTAoNFpdq/bsczVq5u/kC6YqEEj8nxMAAAAAAECsUVgdxgwZGp82Xl+f+XXdV3yfZTkuOPl8bf3Nb2O6Z1JOjobDqNBodK1mnPEtpZ/+7+ru9jNPFQAAAAAAYJAorA53oZBSlaLpeefqyXlPauaEmTHd/qKJF8kISrsaGmK6b1J2toLDpGgYqa7VpOxzNeqiZ2VkXyxfMCUCyQAAAAAAAEYuCqsjRLKZLH+PTxVnV+hbJd+Sw+aIyb63nHmL9q55LSZ7HcyelaVQcHgUViPRtZpx+jeVXvRt9XilQGB4/FwAAAAAAACsRGF1hMmxZ2tS1iT95qbf6ArnFVHf75ScU9Ty4x9HfZ/D2TIyFJAR832jZVf34LpW7dlnh7tUcy6R189fdwAAAAAAgEih0jICZdoz5O/x6YbJN+h7l39Puam5Udln/rT58u7dI19bW1TWPx57eroCw6RjVZIaNg28azXj9G8qY8oDdKkCAAAAAABEAYXVEcqQoVzHGI1Pzdf/XP0/mnfmvIjvcaXzSu149k8RX7c/bOnp8oWGT8dqUP3vWnWM/aSyplfLyLlYXh9/xQEAAAAAAKKBqssI5zAdsgdsmuO8Vo/OfVSTciZFZN2T0k9SVnKWtvzylxFZb6DMtDT5h9kf7xN1rdqzz1HO+bVKPWWB/OZJCgRiGA4AAAAAAGCEGV6VJwxaipGibFuWHnA9oM+f/Xml2lOHtN6d0+9U+8YNEUo3cPb0dPmDlm0fFcfqWjVTJyhz6gqln/4f8hm58gWTrQkIAAAAAAAwglBYxX6hUEj2gE3XnHqNfnnjL3XvjHuVn5E/qLWm509Xa6013aqSZKamyjcM54oe0rVqJit98jeUdc5KhVLPkC+YolBo+L1nAAAAAACAeGS3OgDijxGUAj1+FY8v1oyTZ+jdtnf12NuP6d22d/t1/WWFl8kIhrTn5ZejnPTYDIdDvmHWsSod6FrNPv+Xsv3/9u6ftakoDuP4c87JTaJpDUlIVGgMtrVWBOkoOFRoKRSlU+jSLXvn9pV06Eu4Tk6lL6AgnTp1crI4iMQ/Acn9l3sdBJcSLSq5pH4/87mcZznLw++cW76tOBoqijnGAAAAAAAAk0Yjg7FsaiQZLdceau/ZnvrDvvxzX6fvT3/53fbjbX19k1+pKkm2WFQUXq/pzWrJaL7mVC1ZJXFdcRCLIwwAAAAAAJAPngLAb7nMqWJu6m75jnorPR2+PNTG/MbY9e1bbb07OJhgwsus5ylKrkexOjdrtdop6umcp2Y5VRQMlfJjKgAAAAAAgFxRrOLKPOupXqhpxlS0tbQlv+ur+6grZ9zPNb2VnoIvn5QMBjkmlYxzCqf4jdWik5YbTi8Wi1pqOJUVycSBbJrkHQ0AAAAAAADiHjH+QMEW1Co1pTjT5sKmdp7s6PjtsfxzX+vz6+q/ep13RMlahaPpG+ts3Phx3b9VcfoWJkqiQMW8QwEAAAAAAOASilX8lVk3oziI9Ly9qrX7ayoYpw8XF3nHkoxROEXDnZ2q1YN6QVaZlCYahZHKeYcCAAAAAADAWBSr+CdsZpXFqUZWure7q4X9fQ3OzvTx6EifT04mnscYoyBJJ77vVXlWalWsmhWrTtVpGKVyaagsm97nCwAAAAAAAP4n3wGbPHqNg7XBvgAAAABJRU5ErkJggg==" height="600" width="800" />
<img src="data:image/png;base64,iVBORw0KGgoAAAANSUhEUgAABVYAAAJcCAYAAAASBf/6AAAAAXNSR0IArs4c6QAAIABJREFUeJzs3XecVdW5//HP2nufMmd6Y2aYgQGGDtJsqBTBHjXW2GJQ1HhzzU3iDUluMInI9Sak2eIvN4nmBoMYuyhqIkZBBbs0EYYuDHXmTC+n7bJ+f5wzAwMDA4lSzPPOy4Q5e+211z6z/SNfnv0spbXWCCGEEEIIIYQQQgghhABg2rRp3Y4xjsA6hBBCCCGEEEIIIYQQ4gtFglUhhBBCCCGEEEIIIYQ4TBKsCiGEEEIIIYQQQgghxGGSYFUIIYQQQgghhBBCCCEOkwSrQgghhBBCCCGEEEIIcZgkWBVCCCGEEEIIIYQQQojDJMGqEEIIIYQQQgghhBBCHCYJVoUQQgghhBBCCCGEEOIwSbAqhBBCCCGEEEIIIYQQh0mCVSGEEEIIIYQQQgghhDhMEqwKIYQQQgghhBBCCCHEYZJgVQghhBBCCCGEEEIIIQ6TBKtCCCGEEEIIIYQQQghxmKyjvYDPSkOskaqWHWxp2sr21p3sbNtFfayBmBvD0x7o1EAFntacUXIKt46YiqEkWxZCCCGEEEIIIYQQQhye4zpYTbgJVtVWsnjH26yqXUNDvAGXZIiqUCilAFAKlFbJbFWB7dmc2GO0hKpCCCGEEEIIIYQQQoh/yHEbrFbWb+CJtU+zom4VaDBQKMPAwgSSVamu55IbyMFD02a3opTC8RxGFYxgdNGIo3wHQgghhBBCCCGEEEKI49VxGayuq9/IT975H2wvgWlYKKXRqSpVT3s4nkN+MJ8zS8eR8BK8veu9ZLWq1njA9YOvxjKOy1sXQgghhBBCCCGEEEIcA467dLE53swvProXx0tgGSY6maiilcb2HLJ8GVw14HIG5w1kyc53WbD1NTw0hlIk3ASTSicyMLfiaN+GEEIIIYQQQgghhBDiOHbcBasvbn6FXZEaQmaw4zPbc7CUxeX9LubLFV+iIdbA/ct/R1XLNizDSlWyanymnylDr+7ovSqEEEIIIYQQQgghhBD/iOMqWG2MNfHyllcJGH40oLXG1S5ji0/h2kFX0jurjFc+fY2HVz8CgM+w0IBSioQTZ8rg6ygIFRzVexBCCCGEEEIIIYQQQhz/jqtgdWPjZpoSzQQNP7Z2yAvkcsuwGzij9FTibpzfLn+I17YvwlQWBgYajVLgeA7lWb25qOL8o30LQgghhBBCCCGEEEKIL4DjKlhd37ABrT0c7XJm6Xi+NuQaCkP51Ebr+eVHD7C2YS2W8qEUe3qvao1G862R3yDkSzvatyCEEEIIIYQQQgghhPgCOG6CVU97fFy3BlOZfHPErZxdPhFDGVS31fCLj+5nQ+Mm/KYPrQGdPEcBESfGbSfcwuD8AUdz+UIIIYQQQgghhBBCiC+Q4yZYjTpR/IaPu8bewYlFIwEIR+q4672fs6N1J37DByT7qbanq1EnzuUVX+ZLFecexZULIYQQQgghhBBCCCG+aI6bYNVQBt8a9W8Upjafsl2bB5b/jm2tO5KbWSkNWndsaGUog2sGXMF1Q76CqcyjvHohhBBCCCGEEEIIIcQXyXETrKZZaaRZyR6pWmv+svYZPqxZSsBKI4aD0gq/6ac0vYRTeozmtJJTGJDT5yivWgghhBBCCCGEEEII8UV03ASre9vcVMWi6g84rWwCfdIK6JNeQo/0IgrTiygIFaCUcbSXKIQQQgghhBBCCCGE+AI7LoPVXhnF/HHiz1Gug9dWixVtQidstFsDroMO5qD8oaO9TCGEEEIIIYQQQgghxBfUsROsag8dbwU7CoEMlC8NDlB56mvajrf6Zbx1C3EathPTOrlplWGiTT9mXhlG2SisivGYJSegAplH+GaEEEIIIYQQQgghhBBfZEprrY/mAnRbGHvTYtxNi3FrN0MiCsEszNxemCVDMPuchlk4EKzAnnNiTXhNO9AtNXgNVbg7VuLursRrCUN7yAqAwijsj3/UpVhDL0T504/OTQohhBBCCCGEEEIIIY4b06ZN63bM0QtWPYfEJ/NJvPsIXuMOMIxkb1RloD0PhYfWoAwTs+dwfKMvwxpwFsoKdjmdbqvDDW/A2fAG9tpXIdoChoEGlNaYPYcRGP/vmL1PObL3KYQQQgghhBBCCCGEOK4cs8GqjjcTf+N+7BUvgGEm/wHwPNDunnHKQAFaaxRglp9IYMJtmCUjDjq/17idxKoXsD94DO3aKNNCuw4oRXDyd/CPvhqMY6cLghBCCCGEEEIIIYQQ4thxTAar2o4Qff57OJvfR1l+QCXDVA1G6TDMXidipOehXQfdtAMvvBG3en2yRYD2wPQRvPzX+PqN6/ZabngdsQU/xdu5BkwfaI12bQKnXk9g4rdBmZ//DQshhBBCCCGEEEIIIY4rx16wqj2if5+FvexZlC/VM9VzMNLzCZz1XcyKCfu/6u/aeE3bcTYsIrFiHrphB5gWaV95AKvPad1fMtZE7O8/x6l8DUwLDeAkCJ73X/hHXfWZ36IQQgghhBBCCCGEEOL4dijBqnEE1tHB/uQFnKXP7BWquqj0/GRIOujcrvunmj6MvL74T72J9Ov/hP/Ur6E9l+gLP0RHG7u9pgpmEzz/TqzBk8GxUYAyfcQX/By3bvNne4NCCCGEEEIIIYQQQoh/CUcsWPWadxFb9Buw/MkPNKA90i75OUbhoEOaQ6UXEpj0n4Su+DU60kDi4+cP7TxfGsFzf4QqGgCuC8oApYgvvBc857DvJR6PE4lG8TzvoOO01sRiMdoiEeLx+GFfpzuJRIK2SIRY7J+f27ZtIpEIkUiURCKB4zgHvL9DLXJ2XJdoNEokEiGRSPzTazwaPO1RHQkTdWL/8BwJ16YmUot3lPaJE0IIIYQQQgghhBCfvSO2g5O97AmINoGVqlZ1YvhOvwmzdNRhz2X1n0ToqgeJvfEg/jFXo3xp3Z6jglkEz72D6NypgAemH2fzOzi7V2P1HNlpbHV1De+9/z65uTm4nsf4M87Asiyam5t5dt48FixYQHNLKw/efz8VFf32u9aOnTtZvHgJb775Fp9u2UIsFiU/L4/hJ5zAhAnjGXf66QQCgYOut6GxkXfffY+MjAwaGxsZd8bp5OXlobVmxcqPeeWVV1j1ySc0NjYSCqVR0a+CiRMnMunMiaSldf99ALRFIixbvoJFCxeyfMUK2traQClMwyA3N4fCwh6kh0IEg0FCoRBNLc3U1oT51re+xdAhg7uc07YdVqxcwRtvvsl7771PfX09WmsyMzMZOmQIZ511FieffBK5OTldnr++YRMf7P6IDCudulgDo3uMZEzRwTcrA/hg9zI2NWwmYAaojddzQflZ9MoqY+nu5SwPr8LVDrn+HKJujDY7QnOiFReHkBWiKNSDQbkDGJo/iLR9qqZbE618a9H3ObloDNNO/A8MdXh/F6HR/N8nj7J4xzvcN/FnFKX3OKzzhRBCCCGEEEIIIcSx6YgEq7qtlsSql5IbSAFoDYF0/KP/8R6nVsVE0kJ5ybkO9ZziIZjlJ+JuXQamhVIK++P5+wWrn6xZzfe+9z00MHbsqUyaOJFdu3fzjdu+yepPVmEaJsow8O8Tjra2tvLInx/l//32/+Hz+Rg+fDi9e/ciEY+zbNkyli5dyhNPPMGECROYeddd9CwpPuBao9Eod/zoR0QiEUzT5MX5LxAMBvn5L3/J448/jkJh+Sy0p4knEqxcuZLnnnuOU8eO5eezfkZZaelBv4vVayqZMWMGH330EX369uWWm29mzJjRmIbJx6tWMXv2bN555x0yM7P4yle+guO41IZraWxqIh7vunpz3fr13Hv//bz+2muYpsW1117L2LFjyQiF2Lh5E/PmzePxJ55g8JDB3HXnnZx+2v49cuN2jMfWPY3PsNBa0y+n/KD30a6mLcyctY/jSz1jpxWfTC9gRfgTnt30AmlmGh4eXx14Fb0ye5Hw4mxq/JSF298i7sawlI8+mb2ZduK36JW157uridQS9+K8teMdLul3AQPzBhzSetrtaN7JS1v+hqVM4s7xWbUrhBBCCCGEEEIIIfZ3RIJVp7oS3VaP8qWqAV0ba9gFGJn/XPWeWXLC4Z1gWFgDJ+Nu/ajjZ3fz2+hYEyqY3TEsPZSOz+fDtm369+9PJBLlP775H6xcvpzc/DychE08ESc9FOo4JxKNcus3/p2lS5fy81mzGD9uHDm5OVimieO6VFfXcN/99zN//nwWLVpIc1MTj875M36/v8ulpofSKSwspKqqiqysLPw+P7d/93usX7eWWT/7GcOHDycvN4+6+joWLXqD3/7v/6K1x3vvvsu3vv0dHn9sLsFgFz1rgTWVa7n6mqtpaW7h6quvZsadPyE9Pb3j+KBBAznv3HP4wX9N5++v/5221jb+a+b3CAQCB2wPsHTZcm686SZaW5oZNGgwD/7mNwzoX9FxfNy4M7jummt4+pln+fGPf8wNN07lD7//HZMnTeo0j6s0AcOPaRhorTGV7+C/0xS/5cdv+jGViULhN5Pfq2VY+A0/Go8sXwYXV5xPcK+q1EsqLuRXS3/D1pYqNrd8yk8//DX3TfgZaakq6IZ4U7L1gYJ5G1/m+yd/+5CrVj3t8ejaJ1EoNNCcaDmk84QQQgghhBBCCCHEse+I9Fh1t36I2iuM0misfmcA6khcvhMjvy+6/brKwGutxWvZ3WlMQX4+jucCkJ6WzkN/fJjdNTX8afZsnn/uOZ555mnuumsmtr2nArGluYXmpmZefvFFLrv0EgoK8rFMEwDLNCntWcJP7/5vzjzzTEzT5KOPPmL+Sy8fcJ2WZZIWDKCUwjJNfvSTnxDw+3hx/gtcecUVDB40iB49ChkyeDC3/fs3uPeee9AagmlpLF++nNcXvtHlvNFolO99//vE43EKCgv54X/9oFOo2i4rK4uf/s/dZGdn85fHH+PhP/4x+f0ZBobR+bGpr6/ntm9+k3g0Sl5ePn/4/e87hart/H4/1117DV+68EI81+Ubt93Glq1bO43JtNJRSqE1eGhy/VkH/I72FjT8qcdJo5Qiw5cKvQ2FUgYKhTIsYm7nqtGyzJ5844Sb0NrDp/zsaNvJqto1Hcd3t+1OBrWGxTu732dz46eHtB6ANbVreXvX+/iNZMhbEw0f8rlCCCGEEEIIIYQQ4th2ZILVXWvA2FMcqwwLI6fnkbj0/pSJMveqgtTghTd1GtLU3IRlmgQCAea9MI9XXnmFZ55+islnTqS8d28GDRzIdddcTVFRUcc5aWlB7r331/TvIlBsFwgEuO3fv4Hjelg+i3nz5mHbdpdjLcvC9PlRSlHf0MDqNWuY9bOfkpmZ2eX48849h+uvv55oNEog4OfZZ5/GcfbfmOuT1WtYW1kJKL785S+Tl5d3wPXm5+dx1uSz8PsD/O53v2d3dfV+Y7TW/ObB3xIO1+B6Ht/59rcp793rgHMqpfj6LbdgWiau4/Db3/5vp82wHO0AChQYyiCuu/5+9hWy0pJdIZQCpbB1MhjPtNLR2sPVmoDhw2/sX6TdM6OYdF8GHh4GBltbqjqONcdb8PBAKzSaJ9c9h6cPvmkZgOM5PLr2SQyl2vNeGmKNh3QvQgghhBBCCCGEEOLYd0SCVd1WCx0VqzpZMRrsevOiz38xXjJ8IxnmKcPAq+9cNalJhnooRU04zPe/931Kig/cDxWSFZ4DB3Tff7O0tJTcnByUMti2bRuxeLzLcaZpkh4K4Xke8Xicb//Hf5CRkXHQua+68sqOc9dUrqUtEtlvzIcffpiqONWMHDlyv+P7GjRwIIZhEIvHWLZ8+X7Hd+3ezRNPPkEwmEZ6KMS5557T7Zx9+pRTXFyMz+fnlVcWUF/f0HHMNKw9D6WGoHnwTb7aRbwEPmWm2gcYhMzk6/65/mwc7WIohaUMuqqSdj03+UiQrJLNC+R2HKuJ1oJOVVkriw9qlrG5cUu36/lo93I+qV+DpUxQyfMbE82HdC9CCCGEEEIIIYQQ4th3RILVZClhe1ViKsGKNhxo9OdLGeDY7B2w6XjnANLn86PRuI5DaWkpp5x88md2+YDfT35+Plp7OI5D/CDBaloggOu6WKbJyBEjup07Lz+P3NxctAeRSButra37jfl0yxYsnwUoMjP2bwGwr4zMzI4NwnZs37nf8cWLl2DbNq7rctJJJ1JYUND9nOnpVPSrQGtNLB5jzZo9r96nmcHkk6I1Gt0RkHYnzQzi4aG1RqEIpHqstrkRLGViKIWn2ytiO6uJhGlJJL+rgOFjTI9RAMTdBLvadmMaJsloNPmfuWufwk1VxHYlakf5c+XjWMrCVMkKWaUU4UgYzaFvtiaEEEIIIYQQQgghjl1HJlhVZuefPRuv5ej0m9TRRvTer3J7HpidN0hq743quC7Dhg4ltNcmVf8sT2ui0UjHdSyr6/3DtE72ClVKEQgGyc8/8Cv7e687Py8vFf9BLLZ/aJufn4/rJgNIz+3+lfbGxgaUoZJ9Rv2dvyfP8/jgww8xTRPHcTj11LGYpnmAmfZap2UlA2CtcRyblr0CYF/qWdHQaROq7mT40jo2mVIkK18BmhOtWIaVOmZg7dMKoCXRyty1T6LROJ7DzUOnkJuWrKZ2PYfaaB0AF/Y5n6AZwFImH1YvZUN95/YRe3t354dsav6UATkVXFpxEY7nolDURutIuIfW2kAIIYQQQgghhBBCHNu6TvU+YyojH69xO6ojYFW4Wz/AN+DMI3H5TrzwxtQe7akaWsNg303eTdMEnewYkJ6ejmn+c/mz1prGpiY2btzEY395jJqaMIYyMEwDv6/rXe+VUjS1tOD3+zEMhXEIgaXnediOjWEkN2sKBPZ/jf6kE8fwh9//HtMy2bptW7dzbtywqaN36cCBAzsdSyQSbN68GcMwME2T1xcupLm5hfr6OjKzsgkEfAQDQTztEYvGicVjRKNRehQW8tHSpZimSVtbgtaWvSprU+/kq9R/Pb3heXqkFWAaFi1OK4YyCZpBDAyiXgzXswmZaeyKVKOU0SlcBTBS87X/xhNugqAZoDnewtr6DTxa+TiftmwlN5DNlMHXcU6fSR1LidhRmhLNuJ7Dl/qcg9/w8cTGZ7EMiz+unsMvxs1MVbPuEbWjzFn7OJYy+cqASwlZIZ7c8CymMmlONBO1ox3VtEIIIYQQQgghhBDi+HVEglWzxwC8bcuAZAilTAtn7avocf+GCmYfiSUkuTbu1g8gFYYlNxXyUDmdN1tSKhm9ag2G0X2gua+Ghka2bN3Cps2bWb9uPes3bqC+roFEIkbfPn3Jy8ujvq4Os5uK1faqVcMwaOvitf59ealz2u8hs4uerGPGjCEvL4+m5iZef+11bpjyNXwHWENzSwtvvvUGSilKSooZPnxYp+NtkQjhcDgZ5CpFbW2Ytxa/RSg9nfRQiEAgQDwexzIN/H4/juPiuA6bNm+mvLyc3r17obWmpGSf/rWpFrgGik9btlIdC2Ng4jf9+AwL1/NIaBu0h9YeaVYajfGmPefuN5dOVYyG+fE7/0O2L4PqaC31sXpGFozgrN6TOLXkREozSjqdGo7W4uDiNwNk+NO5oO85PLVxHqZhsrZhPR+HP2F0Uec+tS9tfoVdkWpGFZzASUWj2dy0BSO1qEa75ZA2vhJCCCGEEEIIIYQQx74jE6yWDMfWT+75QBl4LWHs9Yvwj7j0SCwBALdpB+7O1bD36+DaxSge0mlcsk9n6s/eoQdhO3bu5Kmnn+app56ioaGR/v37c8455zDl+q/Rq1cZpaWlxKJRrrv+a9TX12FZPiKRCH5/9xWMSu2/6dJ+YyBVaavw+/3E4jGyyeo0Ji83l5kzZ/Kd27/DR0s/4qWXXuaySy/Zby5Pax566GFq6+owDZM777xzv6DWZ1kkUj1iI5EIM35yJ+PGndFprYZhdAqJ24NfoOPPyc209pLaLAoUt4+6jX45fbq999XhSu5497/ZL1nVoFPhak4wD1CsrFuNpSws0+KagZczKL/rTccaYo04rk1+KA/DMCgI5HN2r4m8vv0tTGXypzVzubdgKL5UK4mGaANPbXwepeCGIddiGiaZvkxQCgXYboLmRAt5abldXk8IIYQQQgghhBBCHD+OTLDa8wTwBcFz97zqbQWJv3E/VsUZGOmFR2IZ2J+8CG4CrCDJxE1DMBtjn6DL87zk6+QqGTAeitVr1jD1ppuorq6hd3k5//d/f+SkMWP2ex2/ubmZtrY2AAKBAGrfUDFFKdWxadShMk0Tf2rDK5/Pd8Aw9ksXnE9Dw13cf/993PGjO2huaebcc84hNycHrTU14TB/+tNsHnnkEfLy8vjRj3/EWZMm7TePBqxUKwPLNIlEol32WG3vFdtxX4dE4WoXv9F1q4T9JatS9/tUJXu1emjSrBA/PPE7PLjyD6ypX4vjOvx6+YP84oyZXYadu9p246HJDWYTMJO/xysHXMqbO95Bo/m0eStv73iPM3uPB+C5jS/RlGji9KJTGZSXDGv9po+QGSTmxtHaoz7WQJ/s3od4T0IIIYQQQgghhBDiWHVENq8ysnti9DkV7e21I7thQrSF2IKfoY/Ahj5u4zbsj54A0097x008F7N0OEZ6553svb2rVA8h3GxubmHq1Juor2+gZ2lPHnv0Uc447bQue5w6toPjOHieJuD3dWyUtS+tNekZ6TiOs/+aDsAwTBTgui6WZRJK63rTLcMw+Nr1X+WBB36DUgY/+9nPuP5rU7j5619n6s238LUpN/Duu+/y3WnTeHH+fK68/PIuA9G0YJCyslJcNxmY79i5vds1dkfv86q8o50DjOzM0W7yD6p9nlQ1rE5WyRpAzIlQnNGD20f/O1n+ZCVvdaSae5f/FruLZ3B76y4MFNn+LIxUI97SzJ5c2Oc8bM/GUhaPrnuKuJugpi3M/E//is/wc/3gqzp6ryplkOnPSj5xCqojNYf3hQghhBBCCCGEEEKIY9IRqVhFmQROuprIhjf2+lCD5cfdsJj4678geNYPUqHnZ08nWom/+jO0E0eZe1VAahffkPM6eq62S4aYClCHVLH6+sLXqQnX4LN8XHnFlfTuVXbQ8Z7n4nkepmnt/xp8ilIKy/Lh2Dau309GF/1S9xVPxLEdG6XANEws68D9Yd//4ENm3n03U6fexDVXfQW/30e4rg6tNQV5+eTm5hAMBg96Pb/fz+jRY1i+bDkoxZrKdR2v/P+jbM9NVgunvnbHPbRgNeIm71uTDFLtVIhfEMzH9mx8pg8FRJ0YxelF/OTk7/P9t3+CpSxWhlfxyJq/cMsJUzqqXl3PZXekGo0mP5jfEawCXNDnbF7eugC0piZSw982/50dbTuJuTHO630WFbn9OsaGfEEyfZlUR2pw0bQkuu+VK4QQQgghhBBCCCGOfUekYhXALB2NVTYK9g3KLB/28nnEXvsFOhH5zK+r7SixV3+Ku+XDfUJVD0K5WP3G7XdOe3WoUuB5Bw9WtdYsXvI2gUAQlKKstPSg4xN2Asdx8fv9RGPRTj1H911DIpFItU7QhEJdV5/uzXUcbNvGMi00mniq/+m+wuFavjbla7i2zbe+eRu9epVRVFTE8KFDOWHYMEpKirsNVdt9+eKL0CoZsi5c+Do1NeFDOu9A2txo8g9KoVC0OIf2TDheAoWBAXjaI+rGgGQFrCb5fZrKxKeSf5cwKH8AXx92A3Evgd/w8fzml1my/b2O+aJOjJpIGIVBtj+z07V6ZpZwXq+zsLWL3/QxZ+0TvL7tTSxlcXG/CzoFyz7DR4Y/lOwZqzUN8cZ//MsRQgghhBBCCCGEEMeMIxasKtNP4Mxvdx0kWn7slfOJPv9dvNqNn9k1veZdxF6cjr3mNTA79+rUjo1/7A2oLnprOq6TqltMbU/fjUQikRqvaW5pPuhYn+Wjra0NpdQBq1UBHMehra0NyzLRGuobug/ktNap1/KTHQwSia5bLMx7/nls26GgsACf758rWh4yeDBnTz6LeDxOa2srj86de1jn19bWdnom/IaJpz0UkIxED63PbMgKptoGJPupJrzkvdfGGvEZJkol2wW0fw5wYb/zmFw2sSNcvW/5b9nU8CkA9bEGmhLNKANygjn7Xe/LFRcQNAKpThGahJdgUul4KnL6dhpnKIMsfxYajaEU1W1h3Pa2BUIIIYQQQgghhBDiuHXEglUAs3Qk/tNuADvWxUEf7paltM29mcRHj6Fb//FelDreiv3JC0T+cgvOxiWdK1VR4DkY+b3xj7ziABNoPJ0MwuKJxAGrSiH5yv6Y0aNIJBKYhsGbi97o6Iu6r3giwX333YfjOLiue9BWAI7jEIvHUCr5ans02n3lZiwWJxaL43kaw1BkZnbdPiAej2NZFpWVa5n/0kuEa2uJRCI4jkMkEiEajRKPxw94H3szDIMZM+4kKysL0zT54//9H08+/XS352mtefqZZ/ndHx7qVOEZdxKo1Ov8mv17rh5IQ6wJEwPQaA0+lWyD4OhEKppVJNwExl7XMpTBLcOmUJTWA609XO3y0w9/TWuijYSbIOElUFqRk+rHureSjGIm95qI7dkdm5x9ZeClnVoGtMsNZqPRKAyqozWH3N5ACCGEEEIIIYQQQhy7jkyP1Q6KwNibcLd+iLtzNcoKsKciUYNpgRMn/vq9JJY+gW/ExVj9J2HklKF8aQef2nPxmnbgbH0P5+P5uNXrAJWqVN0rGNUuaE3aRXej/OldTpWdnYPjOpiGiWN3v7HWBedfwL333Y/runy4dCm/+8NDfP3mmzq9Tr927Tpm/vd/M2zYMPr168fWrVuoqqqivqGBniUl+83puC52woZUyHig6tO9hdJDJOJxtNZ4nj5gIDx58iR+8+CDJBIJ7ph+B3n5+WRnZxPw+9GA3+cjEAwSCAQoKipi6JAhnH76afTt06fL+UqKi/njww/zjW/8G/X1DcyYMYPt23dw3TVXU7LPvSVsmzVrKvnT7D/x/PPP84ff/6HT8bgbx9MelmGitEerHe32vgEsw8TWDn6KACHVAAAgAElEQVSV/H03JpoppSdxNxWMq2Sw6u6zCVh2MIv/Oul2pi3+ET7DRzga5vcf/4nBuQPQWmMq84A9Y6/ofzF/r1pI3LU5qcdoemV13Vs3YAYwMFBKUR+rJ+JECVj7b2wmhBBCCCGEEEIIIY4fRzhYBeVPJ+3SXxF57CZ0c00yTO00QIHlR7fUEF/8EIm3Z2P06I9ZPBSjsAIjuwSsYLJXq2miW6px66twd63G210J8TZAgdHFrWmN9jyC50/HLDnhgGvctWsXruMQt2PYiURqo6kDbwRVUlLMr375S75z++1orXnggft5e8kSTh17Kj7Lx8erPmbZ8hVM+8//5Jqrr2LgMwP5rx/+kPq6Om75+q1MGD+eK664ggH9KzrmjEVjVFfv7uiT2tra0u1329DQQMJOYCdsGhsaiESipKXtH0gPHTKE++69l988+CDbtm0jHA5TXV2dbCMAmKZBMotUGEqhDINAIMC1117Dd779bUJdzDlm9CieevIpfvnrX/Haa6/z4G9+w5w//5nxEybQr29fQunpNDU28uFHH7Jq1Sf06dOHPz/yZyaM79zj1tMenvbQmGjAdrvuE7vfvceaUtWiKtlKIJUpGxg42iWgTOKeTUO8kaxA556pA/P6M3XIV5ld+Rh+08+Sne/x/u6P8Bt+PDysrp4loEd6Ief0nsTzm1/m2gFXdFmtCpBupZPcVksRdxPURuvJ7aK9gBBCCCGEEEIIIYQ4fih9sPfcP0du0w5iT96G27hjn1f1u+B5kNz+B0gGfiiFbq8+TFUkKmWkNnvqgtZozyEw8TYCp04FDrxz/YYNG3n2uXnkF+Tjug5Tb7iBQKD7CsOVH3/Mo3Pn8t5771NfV4dhmmRnZzF50llMvfEG+vVL9t90XZeXXv4rH3zwAYZhcNJJJzJh/Hhyc/f0e91dXc2cOY9SUFBITU0NF198IcOGDj3o9Tds3Mi851+gIL+AcG0tt9w8lfy8vC7HtrS2cu999/H4448zcuQoBg4aSElxCfl5eTQ2NlJdU82GdRtYvnIFjuNgmibRaITrrvsqM2fcecCg2XEcPv54FS/99a+8vWQJO3ftwnEcLNMkLRTijDNO58IvXcjpp43tckOuHa27qW6rxmf6cDyHolAPemYUd/vdb2r8lNZEK8owcF2Hvtl9yAlm82njVpoSzRiGgeu5DMkbSNDaf2OuuJtgWfUKQlYaPtNPuhUk4bm0OW30zSonO7B/OwCA5ngLm5q3MLJg2AGD1ZpImG0tO/CZPlzPpV92nwPOJ4QQQgghhBBCCCGOvmnTpnU75qgFqwBeYxWxl+/C3b4SLB+kemQejKZzJLrvz11fKFmJGZj0bfwnXgcHCMAOeE2tD/g6eFdja2vrCIdrSAuF6FFYSHp61y0Hjpb33n+f6Xf8iPy8fO66awYDB/TH7/fvN862bdZv3MjPf/4LPvjgfXw+P7FYjPkvvMDQIYO7vU5bW4SGxgaamppIS0ujID+frCwJFIUQQgghhBBCCCHEse2YD1YBdKyJ+Ht/wv7w8WTl6b6tAQ51HvYNWFP7yrsORmYPgl+agVV+6j+/4ONc5dp1XHTxxQwcOJAn/vIY2dnZ3Z7T3NzCjTfdxJo1a7DtBDNmzGDK9dcfgdUKIYQQQgghhBBCCHHkHUqwenilm58DFcwmeOZ/knbNbzF7jQLP6agwPax59v5BA64Nnod/9OWEvvpHCVWBeCLBnTPuxLYTTPvudw8pVAXIysrkuuuuxbZtTMOktrbuc16pEEIIIYQQQgghhBDHtiO+edWBWL1OxrxyOO6mN0isnIe7bWUyYFUmWqnuX8XXGnSq56phYA09F//oKzFLR3/+iz9ObNq0mVUfryIrK4u+ffsc1rm9e/XGNE0cx6G8d+/PaYVCCCGEEEIIIYQQQhwfjplgFUD50rAGX4DVfzLu7tU4Wz/A2fw2XnhzspJVJzewUp4LRnIH+ORmVQosP2aPgZh9TsEaOBkzv+LAG1n9i6qvrydh2/gDgUPajKsTBWiNZVkMGDjwoEM9z2PHzp3YiQTp6ekUFRUBEI8nCNeGcd1kRXJ2VhY5OTloramuriGRSKC1RqMxTZOeJSW0tLbi2DYFBQUANDQ24jpOx8/tEokEu3btwnVdcnPzyM3N6TjW1hYhHA4Dmry8vI4+r/X19TiOQ48ePQBobGzESc1dW1dHpC2Cpz0UipzcHLL36g/b1hahpqYGw1AUFRURDAZxHIfq6hoc1wGd7LfrD/gpKS7u+IuBeDxOuLaWHj164Pf5sG2b6poaiouKsG2HcG04+R1oTVpaGj0KCzv9pYLrulTX1KC1pqS4GMMwaGtrI1xbS15ubse9OY7Djp07KSku7uifG4vFqK2to2fPEgzDSK23muLi4o7NyFpaWmhpbaVnSUmn79d1Paqrq4nHYwSDQYpT95RIJNhdXY3WGjR42iMzI4Pc3Fx2V1djKNUxtqWlhfr6BvLz8wgEAlTX1OC5Llonn5mMjHQKCgqorq4mIyODjIwMAMLhMGlpabiuS31DA5ZloZTCsW2CwTSKi4sO+jwKIYQQQgghhBBCfB6OqWC1gxXALBuDWTYG/yk3oFtr8Bqq8Jp2oqONydDKjmH4Q6i0bFRub4y8coxQHliHGRj+C/H5fVimSSKRoLGxibLS0kM+t2pLFbFYjFFjRjNoQP8DjrNtm78teJUtWz4lNzeX+oYGRgw/gTMnTqChoZ6nn32W3Nxc8DSNTU186fzzqajox7z5L2CZJhkZmXieR1owyAXnn8fHKz/mo+XLufXmm8jIyODDDz+ipaWZKy6/vOOaiXic+S+9RHNrK6ZhUt9Qz+WXXEJ5eTm7d+9m3gvzsUwTy+ejpaWFyy65hF69ynj3/fepb2jga9ddB8CKFSuoravnyisu54033mTHrl3k5mTj2A7ReIwvf+lCevXuRW1tLU8/Nw+/zyIRT2D5fFx79VUAPPXss+RkZxMMBvA8j7ycXIrO7dERXNbU1PDMc/P46nXX0qOwkKamZp559jlu+Nr11NbWMv/llylKBb319fWMHDGC8ePGYRjJrh2xWIwX5r9Ia1srt0ydSm5uLm+/8y4rPl7JGaedxhmnnw7Ahg0bee6FF7jw/PMZNWokANXV1Tz1zLN86fzzGDZsGC0tLTz93HPccuONZGRmorXmbwsWsGVrFf92y80drSISiQR//dsrbNuxnZysbMJ1dQwfOoSzzzqLuvp6nnz6GXqmQl7P8+jXrx8nDB/GM88+h+u63HLTVLKysnjjzTepXLeec88+i7LSMp56+hny8vIIBPzYtkO/vn3Jycnhb68swOf3c+3VV2GaJq8tXMiQQYPw+/18tGwZbW1tJBI2uTk5FBcXUVx8ziE/x0IIIYQQQgghhBCflWMzWN2L8qWhcssxcsuP9lKOe0MHDyYnN4fq6hqWL1/O8GFDD+m8WDzOo489ijIUP5p+x0GrXVesWEFVVRVTrr+ezMxMqqurefyppxnQv4JgMA3taa649FIyMjJ4863FvLVkCSUlxTiOw5njxzN48ODkRBqUoQBNLBZj8ZK3ueD881CGQu2zTVltXR1bt21nylevo7CwkA8+/JCm5mZc1+WVV/9Ov759mXTmRAzDYNmyZbzw4ovcctNUfJav81xKpa4JCTvBqBEnMHHCBLTWvPDii7z7wfuUlpXyt1deYfDAAYwfN45EIsErC16ltq6OwoICtOdx4QXnU1hYmLwNrTtC0T2XUfh9vvZLdlSkep4mlJbGVVdeic/nY8OGDbz48l8ZOWIEOTl7KnB9Ph8+y8fOnbvIyspi586dBPwBPE+n5vFYtXo1JUVFLP94JcOHD0tWeZJsqfHawkVUVFR0hL3tHYobGhqoqQmTnZ3FuvUbOOXkkwBYvmIFu3bt4obU73TXzl188OGHxONxFGAaBldcflmn5yISiWCayarYuro60tLSqK4OEwj4k107UnvmffmiC5NBe4rnefj9PrZsq2LdunUMHToUT2s8TzNkyBAGDRrE22+/w/adO7jqiiswOu5BCCGEEEIIIYQQ4sg65oNV8dnJzMzk+9/7AdO+913uufdeTj75JAYPGnTQc6KxGHfedRdLly7lhz+c3hG2dUVrzfpNmxg9ck8Q2LNnT3qVlbJu/QZOGD4MZRg0NDQQi8UIh8NkZWZiWRYBn4+lK1ZStX178vX8wkJOPukkXE9T3rs3mzZvpqqqiszMTJobmztdNy8vjx6FBTz97HOU9+7FoIED6devHy0tLdTV1XH+ued0vA4/bNgw3nn/fWpqwhhGF6FcMu/Dsiyqa2pYs6YS13UJ14Q59ZSTaWlpYXdNDRecfz6WZWFZFpdfdikALc0tmKbJ4iVvk5GZgeM49Cnvw7ChQzqmV4aBRvPm4sUE/AEi0Qie1iilMAyFbdtUVlYSCATYvPlTevQoJBQK7fUdg8+yGNC/P7t276ZHj0JMy6K4uBjXdYBkpWtdXS3XXn01jz/1NLt376asrAxPe2Tn5OD3WSx5+21OOvFELNPs2Pnt41WrGDp4MBUV/Xj5lVcYPWoklmWx6pPVjBk9mqysLGKxGKH0EBMnTsCyLLTWeNrjtdcX4vP5iMXjnDlhPMFgENO0qOhXxrZt2wgGgwSCftJCQTzPTd2vwZtvLSYUCmHbNkOHDKFPn3IMw2RQ//688dZiSktLSQum4Tg2SqlkGJz6XysVTgshhBBCCCGEEEIcDRKs/ou5/LJLqK+v45e/+hWXXX4FP581iwkTxpOTnd2pl2dLayufrPqEe++7j+UrVnDXXXcx9YYbut1EzHUcLKvzY2UaJradSP2keelvr2AZBlnZ2R2hp+NpMtJD9CgoxHGSr3lDsrVAee9ejBg+jNdeX0hZWSmm2bkCNBgMcuXll7Nhw0bWb9jA8y++yIQzzqCiogKgU8WoUsmKV89zMQwI+PcK5zQYqbkNw6CpqZlP1qxhy5YtTBw/nhEjRlBTU9Mxz77aQ8bsrCzy8/NxXIfMjPQux4WCaaSnjunUpmtKKRzHZfOWrWzavJmS4mK+csUVHaFwcgzYjkPvXr1Yu34dqz5ZTc+SEuLxOO0JaeXatWSkp6O1Jj8vl6XLl1NWVoZCEfD5OOess3hm3jwy0tPx+/0YhoFt23yyejVjTzkFv99PpC3K7t276dWrF4l4HF8qxFy/fj1L3nkH23a45OKLCIXSUSjy83IJBALYto1lmmitcV2Xvn36sGHjRhK2Te+yXtQ31KeqVTWe1mRnZ5Gbk4tt26SlBYFkH9pTTjqJDZs28sZbi/E8r1MI3v7VJz/v/CwIIYQQQgghhBBCHCkSrP6LMU2Tf7v165x88snMfuQRfvzjnxBKDzF48GDy8/Lw0DQ3NfHpp1toaW5mwpkT+Z//uZtB3WxYBclgsLRnT9ZUrmPMmDH4fD5aW1up2r6d884+G8MwMJTBJRdfRH5eXkeoF4/HcR2H4cOG0T8VhrbTWhONRDlt7FhWV1ayctUqhg4a3GnM2nXrqNq2jXPPPpsRI07g3XffZdXqNQwfPhx/IMDGjZs6NqjaVrUNx3EoLCykJlzLzl27OuaJxmNoLxlyJhIJBg8ayOmnncbrCxdSuW4to0aNJDc3GSDu3LmT/Px8tNa88soCBg4cQFFREdrTnHLKyR2bSO1Lex5KGZx66ilkZWXR0NDA2vXrkqGs55GWlsaXL7qQbdu28fz8F6murqa8fE8bDA04rkN2TjaWafHRsmVc+uWL2bhhI5bPwrZt1lSuRSnFiy//Fcex2b59B5FIBJ/PRzQWpbBHIRPGjWPB3/9OeiiEZVns3r2baDTGmrXrqFy3nkDAz/IVK+jVqxcDBgxg3Yb1jBw5ghEjRlBcXMJfnnyCRMImFNKgFKeeemqnkLOlpQXHdcnNTYamK1et4tKLL6amNpxqBZD83Y495RRC6XvCZ9d1cT0PlGLCuHH8cfYj2I5D/359O30HQgghhBBCCCGEEEebBKv/osaMHsWY0feza/dutmzZyrZt22hsbCQtLUgwmEbv3r3o17dvR6/QQ3XSmDFs3LSZp55+hr59+lC5bh2F+fkMHNCf2ro6NMkK02Aw2HGO1slw7qOlS9m9uzr5SruGk046EcNQxGNxTNPk7MmTmT1nDvFEotM1S4qKeenlvxKJROlZUsyyFSsZOXIEoVCIsyedyUt//RstrS34LB/LVqxg/BlnkJ6eTt8+5by1ZAnzX3qJ7KwsVq9ew0UXfglIBquJeBylFOPOOIOHZ89m4cJFnH/+eZx3zjnMf+llwrW1NDY2sWnzZsaOPRWdeqX/zbcWk5OTg+s6pAXTGDNmdEfFp6c12vOIRmNkZWXhOE5HyOh5Hq7r4Louffr0YcQJJzDvhfncPPVGMjMz278sYtEYwUCA0p492bh5E/l5eayMRCgoLGTr1q1Eo1Fuvflm/AE/juPw50fnsvLjVZT27InjuHiuy7BhQ1m+ciV1dXXE43He++ADRo0ayZkTJqCUora2ljmPPcaExkZOP20sc+Y+xuNPPkVF335Uba9CKUVubg6e56G1x8KFiwgE/DiuS3FRET179iQejxMMBijq0YPd1dXk5efT1tqG53kkd6DTLHrzTbKysnFdh8yMDIYNG4b23FTLgXTOnDiBv76yIHVOkuu4OLZ9+A+9EEIIIYQQQgghxGfIvOuuu+462osQR09mRga9ysoYNmwoJ544hpEjRjBs6FDKSktJT9//NfbuBINBBvSvIBqLEa6ro1/fPpw5cSKBYBDX9bAsk95lZR1BYzvTMLEsi0Qijut62I5N7169CPj9ZOfkUFBQQCgUIj0UoqCggKJUBWr7NftXVFBXW0ddQz3Dhg7lxNGjMU2TwsJCykp7Uh2uJZ6Ic8ZpYznhhOEopUhPT6d3WRk14TDRWIxTTj6ZwYMGoZTC8zyKi4rIzc3FsizKevakvrGRstJSioqKKCkqZsfOnYRCIc4/9xwKCgo6glUU2HYC23YwDEVZaemejaK0xvL56N2rV8cr/kopynv3xrIsgsE0epWVYRgGPXuW4DgOoVCI7L0qYA3DoGdJCZmZWWRkZFBR0Q+NJj8vj3giTr++fSkt7YlhGFiWRU5OMrgsLCwgLS2NkpISfD4fPUtKCAaDFBcX0dzSwomjRxMKhTAMg1AohFKKzIwM8vLyGNC/Atu2qQmH6dGjB5MnTqSwsLBjEypXezi2TcJ2CKWlUVTUA9M06NunD1lZmeTkZNOnvBytNSXFxWRlZXdUuNp2AttxME2LstJSDNOkuKSYjPR08vPyMU2DstLSjipgrTXZ2dkUFxd325pCCCGEEEIIIY414XCYJUuWsGjRIhYsWMDatWupra0lOzv7H/r/4f+M5H4qP6R379707NnziF5bfDHccccd3H///Tz++ON88sknnHXWWUd7SZ+ZV199tdsxSrcnI0IIIYQQQgghhBDicxGJRHjsscdYvHhxx2f5+fnU1dV1/Dx+/Hi++tWvdtrE+PP00EMPsWTJEsaPH8/Xv/71I3JN8cXxne98h+XLl3f6bPTo0TzwwANHaUWfrWnTpnU7RoJVIYQQQgghhBDimFTJ7CmzqLrxHmZM7qpNW3fHDy68cCbTFo/nnhmTObyzwyycOY2tV81h6pDuR1fOnsIspjPnUAZ/QW3dupVZs2YRiUQYN24c5513Xqf9NLZu3cqCBQtYsmQJoVCI6dOndzr+WVu8eDHz5s2jtra247OCggIuu+wyxo8f/7ldV3yxDBmy59/pX/7yl/zgBz8AoLKy8mgt6TN1KMGqbKkthBBCCCGEEEIcyxb/L7P3yynCLJw5i0VHYz3isEQiEWbNmoXWmrvvvptbb72V8vJywuEwa9euJRwOU15ezq233sr06dPRWneEsJ+HuXPn8vDDD3cKVQFqa2t5+OGHee655z6X6+4RZuHMKfs808nPpsxcSHjvjytnM2XKbA4a04UXMnPKTBaGDzbo6KicPYUpU/b9p5v7+WwufGjXOdRxXXjnnXdoamqiqamJCRMmcPbZZzNhwgSampp45513/oEZj0+yeZUQQgghhBBCCHEM6z1+PFXvVcJe1WGEV7GYSUyqWETVXmMrZ09h1t5p66T2StFKZk95j/Ibq3jkkU1QcSM/2qcwMXluBTfeM4PJhSRDl70mmzR9DlOHJKtVH9kEzJqSrJY9YRUzp23lqukwq338pANXqB54jdBehbvosI8du+bOnUskEuHuu+/uqEKdO3dup/6NgwcP5vbbb2fIkCHcfvvtzJo1i7lz53Lrrbd+pmvZunVrt30jn3/+eU488cTPsWK2kJLe8Mh7lUzteKZr2bqpgoqKxawKT6a9ALvyvUUwaTrH/m/5IPZ5TitnT2HWzPJ/oFL82PLqq69y8cUXc8899wDgui733HMPO3fu5NVXX+X0008/yis8MqRiVQghhBBCCCGEOJaVnMD4qvc6VZWFVy2G8WPZO/qqnD2FWVU3cs+cOcyZM4c50yfBoll7VQYu4pGtVyWPzZhMXpfn7h2qwvT2ue65kapZM1kYLmTyjHu4sSIZtO5pQbCIWU+Vp659DzdWzWLK/mW23awxWYVbdeM9yWOpeWYuDNMeqjJ9ThfHjl3tG1WNGzeuy1B18ODBpKWlsXbtWh566CEg+Xr1uHHjWLJkCeHwZ3t/CxYsOKRxe/eB/TwMGTsJqnbtqU6tfI9Fk67iqt6b2NpRSBtmVxVMGntcx6r7GTJ2EmzaSm33Q495F110EbZtd/rns/7LgGOdVKwKIYQQQgghhBDHtEJOGF/FSx1Fq2FWLYbxtxXAXvnXkKlzmLP3aUPGMmmfZgFdhVS1C2cya9Ekps9pr6ALs/CpRUyaPmdPpWDhZG67cTHTXqpk8tSCLtZYwY23tZ9fyOSrJvHIrPeo3Kei9KBrrHyJRzZNYvqM9rC2kMkz5jAZCC/8XxZNms6cPQti8m03snjaS1ROnnrMVjQuW7YMgPPOO6/js/Hjx1NbW8tll11GeXk5S5cu5YEHHugY2z5+yZIlLFu2rNO5/6x9X/8/kKqqqu4H/TMKyqlIhYuFQHhXFRXlFzGkZBKzOipZk1Ws5e2PW3ghM6c9wiYA9qqs3k/nyuZkpXX7FDOZ9khyBipu7KgaTfYBvpEbqx75/+zdfXxU5Z338e88JCSBBJgkBEswQ0PQYHHX4ArIRIpFaW9r1e7W8NCl0O7a3kiRNS1bVApWW3tTcaEq3brtC5ZbwsPeW7W1L4u1UkgUsYBbKVAClCChPGWCEEhCMjPn/uPMcybJTAhkQj7v1yti5pxzneuc68x1zvnld65jZmNrshatHa/3guVM1qK1oeOsvXLi0TYLt/36BsYzDqwqvB7RYxd3NGZyZJZ423134u0n9Yx/JYVxjtl87733av/+/Tp16pQcDvPPNPX19Tp37pzuvffeDpf1eDxq9XjanZ5it8tu7x0hy95RSwAAAAAA+rDcMaX6KBBZPbNHlSrV3FxpT4x5I4I+kiZ3VPDhNXrmsKTJD4YFeup09LC05ZlZbcdwbbew63VdeCwmp0CFqtSJM9J1cdbxzImPpMJSxQrb1pkV0qz4K5QUjh49KkkRj9UXFBRowYIFksyM1kAWaXZ2dsQ84ct3lz//+c9xzXfFA6u5Y1RauEbv7Z+j4uLAHwpyJRWocIsZkC8+c0IfFZbq87mStF+ry9fo+kVrtcSMKmpW+WpdtzY6qB6W9Xxnrj8Y+6TeXr5Ed9atVvma67Vo7RIV+wOW5auvCz2mv6VSWr5Wa3PNac/MMjO25/gDn5ve/rwZcNwfXo4ZtIwoJ1r0cVs4W8uXBEO07dc31/yDwprrF2ntkmIFgqzBesRr/2p/lnhYEPn1/bozWN8tqtRyrV2b689UX6W3x7QXtDa99NJLmjBhgiorK3XmzBmVlZVJkt544w39+c9/1t/8zd/opZde6jB79dTJk+1Oy8/Pj3/7ehiBVQAAAAAAkl3uGJV+tEpvn1miMWYUqk1WWihYOdkf9PE/Pt+hUGbe6vHhmXLRmXMRa+ryZnStjsEK9YoxVcPV1dUpJydWqNh8c/rKlSvV2Nio7OzsYLA1IDs7O+4M0+52pV6cFWKOs1p54oxUXKejh6/X+FxJGqPSQjMgnxN+nO9/T1sKZ2t5oPmLP6/ZheVmYDZ8957Zo8rDhf4graTcO7Vk7Z2SpP2vh2eKxsiqnvygP5ho1k3Xj/fPm6OCQgXHMt7/3hYVzl6uUFVmq7DcHwyOtalRx+2Zt59U+ayjZubpmT2qPDxZDy4J1ffByWu0ac8Z3XlnrnLvXBKW4W3+wUNRYyN3qniO1i4Jrl0nPpJ0fUQF9WAgippToEK1H1Q/fvy4XnvtNd14443Kzs7WTTfdpPr6+uAwFpJ00003KTs7WyNHjtSqVat03333adiwYRHl2O12ZWVl6fz5823WkZWV1WuyVSUCqwAAAAAA9AK5GlMqrdqzXwpm94UHOM9oT+XhDoKh7SgsUI6K9fnZhSp/ZrXGr52jYn8gyQx6xZsZ95EiZq87qsO6Xg9GLN5xHXOvuz449mT0WnPMCumMinvVC39ycnLazRKtrKxUY2Ojhg8frscff1wZGRkR091ut4qLuy+QnGj269GjR6/gC6zMsUYPv1fnH191vOZICh3nZ3Td0cO6frx/cIoTH0mHt6h81pqIMgpPnFFEinPM404KBBQLS2MHueNnlnN4S7kiq1KoeL8uuXc+qMlrnjGDwjqqw9qiZ6JTsSf7vwURL5ArVGFhV6ocOYRCl8rw2759u8aPH6/c3Fx5vV595jOf0eHDh3XSn306dOhQFRYWyuv1qqioSIMGDdL27dv1D//wD23KGjRokBouXJDh8wU/s1itGjRoUNcr2AMIrAIAAAAA0AvkjimVyp/RmsLZWt5OAOejYHTHfMR4i+J7WD73zrmaXVmuZ814G8sAACAASURBVFaP19o5xf5svvBHgs3HkCtLl2vJnbFKOKw1wceLzTFaA1l90a+wareO/izE8EedQ+NImsGoVW+PCU7raEzJZFFQUKCqqqqYQcoHHnhAxcXFuvHGG9sEVWMNIXC54n1xVfj8V/RFRDkFKvzohPYXmOOrBuRed70Ov7dHJz6arPFzQp+psJ22Dv/7QtgQFJFBTjML9fDRWGH7RJjlFJbGNw5pp3IKVKjJerDNkAZS+PfIXJf/O5jgKva/vkaHw7Jmze9U1xw6dEhjx46Vxz8+akZGhsaMGaMxY8ZEzBeYPnjwYB06dChmWVarVQOzsvTxxx8HPxuYlSWr1drF2vWM3lVbAAAAAAD6qtwxKi2UCkvHxAgNmS9z0ppyzZo1S7Nmlevog8s1u1Da8l50aDNm4bpz7mwVbnlGq/dLKp6j5bOlNeWzguVVBoNJuRpTWqgtz8zSrNWBsgs1WZuC8665flGMwFNndczVnUsW6frg9Fnm2JBziiUVa87y8GVnJX1QVZJKSkokxQ5qbt68Wf/xH//R7rTw5S/X/v37VVVVldAygYDwFZM7RqU6qveOSqVjwlqxeLwmf1SpShWEklGLx2vy4TV6PXC4nXlbT86apdXRh3buGJUWHlblnkC0db9W++crHj9Z2vKeP9BvBi01eXzCLz4rHj9Zh9e8rlBVntSsWavb/AGhPWfe3qQtmqzxxYH6btGmtyPr++TboWixGQyW/+VuoXJyCgojtmdPZdjEaB+dMOPPZ97WpjbjFMfn7NmzslqtamlpSejHarXq7NmzMcvMysqSxR9ItVitysrK6lrlehAZqwAAAAAAJKVizVm7Nuz3XN25ZK3ubO/3sPEkg8KmR5Ylc/zGOyM+iFi+zfT2lj1zQpJU8PklWjsnxlbMWRsaJ7KTOga2OUYxsZdNcrm5uXK5XKqqqlJpaWnEo/3795shsegXRQWCoC6XS7m53RM2XrFiRZeWe+aZZ/Tv//7v3VKHtnJ13fVbtGbLZC2KaPAcFeiwPooYR9gMrD9ZPkuz/J8Uzl4uf4J0RJl3Llmko7NCj+oXzl5uvvBKc7R89pMqnzUrMMEftE9QcVQ5KtTs5bEyTv3avHQtfP629dXkReaLrCR/5rh/+cmLtGjyFj3jz7oNDClgDiNQqNmzJytWOqs5BuwacxiFwtlaNLtQz3RhWI2zZ8/KbrertbU1gaXM8VTPnj2rwYMHt5lm9T/6f7a+XoMGDep12aqSZDEMw+jpSgAAAAAAgF7qzNt6srxSpcs7fpN4X9XY2Kh/+Zd/kcVi0aJFi4KP9x89elS7du3S2LFjg58FXmhlGIb+7d/+rc0QAV318ssvtwngxuP666/Xl7/85W6pA3q33//+9zpw4IDGjRuX0HI7duzQDTfcoE9/+tPtznPy5EkNHTr0cqvY7crLyzudh4xVAAAAAACAKyQjI0OPPfaYfvCDH2jx4sUqLS3V3XffrYKCgogg65tvvqnKykqlp6frscce67agqqSYwdGjR4+qqakp+Ht6evoVfVkVereLFy/KZrPJ6/UmtJzNZtPFixc7nCcZg6rxImMVAAAAAADgCmtsbNTLL78cMdZpTk6O6urqgr+7XC59+ctf7tagans2b96sdevWBX+fOXOmpk6desXXi96purpay5cvlySlpaWpf//+yszMVP/+/ZWWliZJam5u1sWLF9XQ0KCLFy+qublZkpn5OWrUqB6re1fFk7FKYBUAAAAAAOAqOXPmjHbv3q2jR4+qrq5OOTk5KigoUElJSbeNqRqPxsZGvfTSS9q9e7dKSkr00EMPXZWALtBbEFgFAAAAAAAAgATFE1jtfa/bAgAAAAAAAIAeRmAVAAAAAAAAABJEYBUAAAAAAAAAEkRgFQAAAAAAAAASRGAVAAAAAAAAABJk7+kKAAAAJMq46NalbS/IU7NDRuPZzub2/2u50tW6BlhkHXid0u/7P7LmjuzpygAAAABJjYxVAADQ6zRvWaHWfb/pNKhqGIbMgCpB1fgY8p37qxpf+VZPVwQAAABIegRWAQBAr+M5sj2u+Qindo3RcKqnqwAAAAAkPfvFixd7ug4AAACJaYnz+sVCaLWruEYEAAAAOmY3H5EDAAAAQrhGBAAAADrGUAAAAAAAAAAAkCACqwAAAAAAAACQIAKrAAAAAAAAAJAgAqsAAAAAAAAAkCACqwAAAAAAAACQIAKrAAAAAAAAAJAgAqsAAAAAAAAAkCACqwAAAAAAAACQIAKrAAAAAAAAAJAgAqsAAAAAAAAAkCB7T1egXdUVmruiSs7pT2lhaXbH87ortWzxdk14aqE6m7Vbl70K3JXLtHh9TdsJzul6amGpzCpXq2LuCmnBKs0YFVgmXwtWzdCodstsf/qVV62Kua9qeJLu86vGXalli9crRuuaXAu0auqppD4+E2Mep1WxJrkWaNWMHjoaK+Zqhcz1uyuXafGx+3umLtUVmvvq8LDv9VWvgCrmrlBtu31uZ9M7KrpCZhcVb58TdqxE9HVJwn9+ast1mf1qkm93L5by4JtKG57ZdkL9r9Ww+uluWUfanO1KUXvlPaGM8nukP01Q4+ZuWV3CUh58U2m5B9X84sNq7YH1t3s9E9X/uyuXafH2CVfg+HerctliHbvfvFbq/bq3z05kv/foubJXa+86yKnp18R1HgAAfVOSBlbdqny1Si6XS1XrN6u69AoGALNLtXBV6ZUqvXvECDpVV8zV4mVq/wLYWatXl1Xqa9HTqyv8Nzb5V66+iE/EsdfeDd+o5D8+ExLr5sG80Vg2vAsBu24wasYqrbrqa01i23+uiryFUcehW5XLzJtB59WoQ/VOVSV7YDFG/dyVy7R4bkXXg6u9Ybt7szZB1DKlP7xAmXPUbcFVdKLN9Yx57ptbEfo8u3ShrqnT3pXWTX02+/1qaXsd5K5cpsWLK5TXYwkPAADgciRnYNW9T9trXLp/4a1S1QrtrJ6hUVFXGtUVcxVIGHK6XOFTzGzIBRO0fYU/G9A5XU8tzNPm4F+Jwy5qIjJW/ctOz9f69YG/J19uBtKVMWrqdDkXH5NbaucGfIIm5G/XPndpxMVb9U5/wDpm2mASicoIcy2IDDiGt79/BvOmLFZmnLtSyxYf0/3+zyKzZpI8SyD8+JR/OxZIKwIbH8xqDWS+Rh2vnezH5DBKU6c7tXj7PrlLAwEl82Y71ExRwaaobN9gZru7Ust+Lk3IX6/1VZJcC/TU8FejsnAiM7wDGatPDX/Vf1ys0Nxac33uirl6dfgCTdi+wl8X83jJ2xzW/0RkA0Vlo4QFEcwMnwmaXrs+uF3BZcPaafHcYz3a5+RPmKDandWK6HTd+7RdLrmcVaqVYmf6J5CVWl0xV68On6789euD+8oVkXFv7qDFc9f7P486Hnoww7kj2aX3y7X+VZ1yS6Oypc6Oh59rQnAf3HqnUzvfjt7u6P4q/PtdrYq5OzV8eq3Wr6+RnNP16ITteu7Y/VqgFQp1Eas09VRYGRH7Lmq/Kvx4juN82N73MFi/2NuePDaq6cUiZZTfo4ypT/szSc1gqz0tNJdxbIUubNpo/lLyogZMLpEl1jRJ0k3KKN8um/83b3SG6ifWK7PcH+pq3h2VPWpmtQaWjS47bc52pTjCygoLFKfN2S7rxd2yDi+RRQ3ybLlbTbvDy2uQtz7xPXTlZat04QIdm7tCFbeGHfP+PltR35PY34vo83isYy87dKyvmBuWxdlB3xJ9PhkzRtozMOI7cOWya+MXV58d0CbbPvSdjt7v7Z2vQvs+dK7MVkdtEkdf0lm92jt3Bja3o+OhF1wHZY+eIKeOBX8Pf5JGUuQ51x37iQnn9Ke0MG9z+9OS9kIXAIDeLykDq+5921Xjul+jNEpySSt2VmtG2AVjdcVcraidrqdWlSo7cFEspyYE56jR+lcn6KlVq5Ttv8BePNep6U+t0qps//Kbq1Ua88qqRuu3B5Y1y15RcWsS3hB2bvSt+fr5PrdKw250d1a5dOsCJXdgNRigWWVedLsrtWzxMlX6L5Qj2z8wf+Cm7Fa5FBmMDx1PYTcOqxaGlu1VWQJVWrFzgVatmuHfLys0t8rl31fm8fpq5dSwYF37+zF5mduxfcJTWrXQHwqtmKvFFXn+72G1KhavV/6CVVo4SubvcxerIm+VZmRLqllvLrvKH6KtjG+t2aUL9ZQiH290S6pZ/6omhPcdi+fKOd1ffnWF5q4IZNWHArarRoW2Y1ll2A1N1XodC0yvrtDcFT9X5eiFKh01Q6sWqIeHAvDLG60J2zer2uyBJZnfIU24X8O3+2/Ss0drgnO9tof1L9U7zaFb4v0e1azfHtyv7splWryiQreumqFRpQu1Ki98WAR/H5+/QKsWjlKsDLfk1PnxEL4PJOmrN0cOBxEatmVhqP+KyIit0vpjC7RqVSBYu938Y+SCVTK7iGVavGKuqlz+edyVWrb4VVVOXajS7Oj9Glif/5jMljo+H3bwPRwVx3chaTwtX/09sg8skyQzqNr4azW8aAYszSEEvqb0ko1moHJyiXzBYOkTyihfoIypG0PBU0e2jC0T1LDbv+yn1itt83Q1+yfbHFLr8glqlhkMTXv4RenFh9XqD6paj61Qw6aNwbIHPChd2LTRDKpm7Fbzcn8gdup6ZX4qPCAs2YY7gmUrujx/QDhYkaQySre6pFdDf5GIEP096fg8bmZq1k5/SqvCAqfLKp/SwoVPSRFPhsTRt0ScT8zjOnR94da+7TVy3b8w+ftsyX/OqdX0p1aFBTxXtH+N2975Kta5stNrqw76knjq1V5dsuV/EivUT0asu5dcB7n3bZemfy2+8+eoGeY1YGBZ/3ni/tJsSR1NAwAAV4rVMAwl188BbV5fI9fYIhmGoaK7p8lZ9aq21YWm76ySXPe55DAMGYZDrq9Ok1MKliGFTy/SWJck131yOczpRWNdUu1J1YXNH3tZh4rHOyPmvfo/khT9WZ22/Xy9alxjVRRWb0UvUzRW+dv3hup+YKeqXGNVFJy959q5/fXXadurVXI9Mj24bYbDpa9Ok9ZvPmC23/QX9eK3A21kbqcruP1me1ftPBAsb+/2wPF0QJvXS9O+Gr7sdD3iqtKr2+p6dH8YhiEjog1j7yvJqWl3F/n3S7HGOyXntLv9+8o8XmuO1cW1H5On3c3vvHN8sdkuBzZrvabpqy5HcJ6i6Y/I5e8H6ra9qirnNN1dFFi+SNNffFHTi0L7aHyxI6z8tt+hiO+LwqdHzasYfYdcui9Qt6KxcqlWJwP1cj0SrEegb9L6zToQKDu83kVj5VKNjtW1X8+eaB8ZDhWPr9XOA4HP67R3u8x9Gtxv/mMt2L8c0M6q6P0e/hPV50TtV0fxeDn9+7HNvjiwWetrXHpkelHEfo08L1ztn9htdaBihaqc41XsiPd4MOeNXa7/XBj2HXa4vqppzlB/JSl4rgwuH3aMmfs1us8IHHMOub79ol6cHlrenD++82FH38POt70bj9du4L3YIEv/IpkZrBMihgVoPXRQ7a/paTUuj8pIrd+mpt3hy2bLUhK2rj+FgqzNf9wtI61I9hIp5cE7ZGverUvBDNWn1finGlmG3680Sc2rJ6ghPLt18155o6tTvzcUN516k2yqkSdQ3u6HdelYQ1z7I9zV+N4YhiFHfuDcFT2for4nnZzH/f1FsI/2H+ffDvxublTcfUvk+STq+qJur7bXuDS2KNH90M3fgbj6bHM/vfjit4P9bvD6OOb5Twmcrzq/tpI6uLaOp17t1sW81gldBwXKm66ipL0OqtH6xXM1d27oZ/H6mrDj34i6Lgm1dZvy6rbp5+ulad8L28Z4pvHDDz/88MMPP3H/xCP5Mlard6nKOU3fC/zZNnu0xjs36L1AZpT7lGrl1PjwP75m53U6Yqgzvxf/tbZqpR6OzjB1TtP3pnf2t+1RGpv/WnA4gOpdVXKNnS5p1xWqaHdwq7ZGqlr5cNvB/V1Rc1b+SN/dUNNm8qixLmnlLlVPH6VR7n16r8al+0bJf+zUqOq7D2tDVNHOad27FVdTfl6sYzv+/Xh11WhDzP3/PX3bn1HhPlUr1VTpuw+3mUvTJLlra6T8+3ouQ8iZH3PdbnOHt/2u9uwO75Ls0eNV+6b/0VL3Pr2n8fpqtrQvah7nhlpzOBL3KdU6x+vuK9Ao7lO1knN85D6Po8+/4mo2xDhGXXrkRTPbtPpyj4dY5zplKy/hDc9XzC4iTPX6h7UyWE+nxsdTvQ6+h9fCdyHysftAQPJptR67Q2mf2q7MT6kLL75qkHEm7NfdJ+SbXCJLrmTrnyk1noh8qdSZehlyRJQQ/RKuNsHVwHwDs6XmgxHTW8+5lZabQHWTUSfn8Zj9RbtFJd63jBrrkl47JbdGKdtdqxrX2KR42iWePjvIXakffXdD6MWZl/u17K5rqy7Vy7zWyb+vN10HOTXte9+OzJitXq+HV76myru/nUAmbbXWf3eDNO17MZbpaBoAAOhu9ngjsFeHW5WvVUk1anvDWvOmql3TVGSE/9U2cpbIz6Kmt4k2R0ag21vWCP+r/OVuXhcYhiTXI3phWlHMiZF1MusdXueisfla+Wa1XNOkXVUujZ1myDjY3vJXV6w2DHA98oJib7Ihd+WzWrKxRpJLj7zwLRXpoDbMW6lguxWNlUsrtat6mhwn31ON676wzF6nyp78VswLzZ79LhhhGQrhH4cdn4o+VtsuE/1vR/uxZ0Tu/4Mb5mllVSi7yKybJGeZnvxWrEfiDYUO3xjbEOP73P53OHJfRy4TNWesviPW9A6+q+646tFzfU2IIcNRrHG1q7Wt7lsave89adwcM9NICvWljmKNc24Ifs8i5mm36Hb2W7v9sCF10Ad31Idcce0do+H17PLx0N65KWwd8ZyvwiYE+4qwZczvn39bXihVtrtSzy7ZEdf5MFSVdjvxOM9bXWfpfJa42Ppnyrho9izBgGqz/7H7khc1YHJoO1o33R3xKH5m+T0xxlntfqGAao1al9+tZv+j/ldad54r2utfJTMY7xzmUMT5Ldb3v5PzuDn0S3v9aOTx39H1Xexzrszri5rXtLfOpaG7quQaO62Hrx2kuPtsd6WeXbJRNTKvDb5V5O8DpM73e/i6jKi27PTayh2xrL9KofITqFfH587Yeyf5roNi9OtFd6nMuUTv7a2TK2wntn+OdKvy2ZWqcj2iF8Kun0wdTQMAAFeCtacrEMG9TztqnCp78gW98ELYz5NlcqpKuw5Kyh6qfNXoePhLGNwnIwfnR0jRWLmqdungwV3mMAA9XZ9OOTTMKdWedLcz3a19O2rkeuQFvfDCtHa2x/+43q5Kc96x/rliHTvXrM72Y3IomvakypxVWvlspQI1zR6aL9UcV3vN5DA3TMm2Zclar67J1uhx0o59B7VvhzRudKyUl2yNHuf0f8/am6cbahLreOgFff5lHw8x+yu3Tnbbhh/Urir/+TbmHzE61tH29a7vwhOyOiTfuY3+/2+QZ0vUY/exbJ6uhuUT1HysQZbcO5QS17oyZQnPGC25TlZ/Fqv3YoOUcV1kObkOf/C4TPbcTHn/NEENy6fHNUxq6zm3lOYIvghL8mexJqWD2lUl5Q+No36dnMc7O390Om+nfUuRxrpqtGNfpfnH6qS5qOq8z3bv26Ea1yN64YXYgcaur/ryrq0ur14dXev0juugcHF9ByS5K1drY41Lj8TYYR1NAwAAV0ZSBVbd+3aoxjlOba4Hs0t1n0uq2nVQUpHuKnOq6rVAIMatytUbVdOmNJiKNNZVpZUrq0IBxqSWrdL7XKrZuFqVwWthtyqfnadnQx+EXSj7/zIfVUrRWJdUtVEba5waFnyS0n/srNwQzHqUDmrDvHnacFDXmPj2Y8/LVumcMjlrNmpJoBGK7jKDreGNcnCD5s0z2y279D65ajbqt8HJHW+XefO8Q/v8k92Vr7V9LLA7tsRfr9Vh9XBXPqt5YUHj3iR79Dhp40ptVIw+OWweZ9XGDue5bG2OB3+f77ovqR9xvPzjoW1/Fbhhvq/bNjw8GHJQG5bEfy7t6HvYe74LZUp/+B7Z6n8dNk5qePDTfFlVKDP2CWWUb1fG1NDy9txMGWe2dRyEDWMb+aI/eFqm9AklsvjHZG3dtE3etBL1e7AstK5POWUcezUYSLUODEzz17ujFW1+VZ5mp+yB8kpeVL+wIQSSRyi7Lr44UCfncX9/8VrYsXdwwzzNi3WS72LfUjTWpZqNG5Puj9Xx9Nnhf/BwVz4bNgTI5eiGa6su1ytwrfPb0LrdlXp23rOqdPeW6yBJB3+rjTWhQL1jmFOq2hXcpoO/DeubD27Qko1S2ZMxkgs6mgYAAK6YJBoK4KDe3FgjZ9nsmI+TjiyZKP34NVVOKZfLVa75td/Uknnmo3cTy8rkrNkRGqBfinhUss3ji7EesWxv2eDkHhoKIKxuHc0VXu/oOo8smShVSSUj/dsV8Xh5TzBkqEYbl8xT5MOTTpUtLZdrZJmWli3X0rDpzrKlKnc5ZBiSa3aZdixdIn/za+L8pSr75VJt3FmtspH+S8mRJZqoKr3jHOd/6YX5scN/7KycF7pqnzj/eU0b2f5jZFdHO4/9hh+fCvt/I/YyEcdLh/uxZ47m6O+XJMnhUvn8Wn3zxyv17LClKndly1U+X7XfXKlQM03U/OenaaRhyNBIlS0t0/Kl8zQvOHm+nnc5FHriMGwdI8s0f+I39WP/fnCWzVeZ88eqDXxfwvoHR/E4OTeu1Lwqc33hj0MGyjX/iXq02jBkGIF6hY5NOcu0tNx8YUeoarGWlXnM1vxYS+btML8HVz1oGFUfR7HGOSWN879ULHQwhvZHm3naKzpyv7Xtk0Pzte2jHHKVL5WWL9W8QINPnK/ny0b23COOcfWhiR4Pbct1uMq1VMu1NLThmv98mf97EMf5qs0jtOF9xkiVzZ+ob66c5/9Dg1NlS+dr4tIfa8e+OrlcnZXfwffQcHS47T02FIDDfHQ/nHFshRoiXhh1kzIDY6iqQZ4tv5Z38j2yjSyTdkdPlznOatzDADTIc8ahtPLtSpPM4QaCY7Q+rcblUkb5AmWWLwjWLTDEQNP2OzRgcmia908r5Bm5QPZPPCEp1jivG9X0YlFYeTXyHGuQPcExVrt1KABJqgrv103OsqV63pUdXFf4cRZej8BvHZ/HHf7zR/SxN1KGIRWPc2rjynmqmjhfz08r6rhvie6XAvzXFyrpwT5IUqJ9tsM1W2U7lgavnTVxvpaW/VJLN+5UddnI4Gi+sfd75Lqiz5VFHbZJx31JdgL1in3u9F/rBBvRXLfLYchwJON1UPvXvyODfb+5TwL7c+L8+ZpY9UvJMFS90/ysTRkT52u+2p/2PBmsAABcMZazZ88mS2QVANCruFW1fI00uycCwejrbD//XE9X4Zrn/dobPV2FJHRQG+fvVsmPy8gKBAAAuMY99dRTnc6TRBmrAIBexb1fOzROX3FEZXQBuCZwjRjDwV165/YSPdhjT/0AAAAgmSTVGKsAgN7h4MZH9Mj3dmjcVyYm/OIjAOh93HrnuUf0yAvSvDJyVQEAAGCyuN1u/uAOAAB6lZTV93Q+Ey5L65xf93QVAAAAgB7z/e9/v9N5yFgFAAAAAAAAgAQxxioAAADa4BoRAAAA6BiBVQAAALTBNSIAAADQMQKrAAAAaINrRAAAAKBjjLEKAAAAAAAAAAkiYxUAAABtcI0IAAAAdIzAKgAAANrgGhEAAADoGEMBAAAAAAAAAECCyFgFAABAG1wjAgAAAB2znP+3O7hqBgAAvYu3padrcO2zpfZ0DQAAAIAes/TYrZ3OY5fFchWqAgAAgF6Fa0QAAACgQ3Z5LvV0HQAAAJBsuEYEAAAAOsTLqwAAAAAAAAAgQQRWAQAAAAAAACBBBFYBAAAAAAAAIEEEVgEAAAAAAAAgQQRWAQAAAAAAACBBBFYBAAAAAAAAIEEEVgEAAAAAAAAgQQRWAQAAAAAAACBBBFYBAAAAAAAAIEEEVgEAAAAAAAAgQQRWAQAAAAAAACBBBFYBAAAAAAAAIEEEVgEAAAAAAAAgQQRWAQAAAAAAACBBBFYBAAAAAAAAIEEEVgEAAAAAAAAgQQRWAQAAAAAAACBBBFYBAAAAAAAAIEF2w+jpKgAAAAAAAABA72InrgoAAAAAAAAAibEbpKwCAAAAAAAAQELIWAUAAAAAAACABDHGKgAAAAAAAAAkiIxVAAAAAAAAAEgQY6wCAAAAAAAAQILIWAUAAAAAAACABDHGKgAAAAAAAAAkiMAqAAAAAAAAACSIMVYBAAAAAAAAIEGMsQoAAAAAAAAACbL7iKwCAAAAAAAAQELsPoYCAAAAAAAAAICE8PIqAAAAAAAAAEgQY6wCAAAAAAAAQILsPgZZBQAAAAAAAICE8PIqAAAAAAAAAEgQQwEAAAAAAAAAQILsPt5eBQAAAAAAAAAJsduzhvR0HQAAAAAAAAAgeVzofBaLYZCyCgAAAAAAAAAB5eXlnc5jvQr1AAAAAAAAAIBrCoFVAAAAAAAAAEgQgVUAAAAAAAAASBCBVQAAAAAAAABIEIFVAAAAAAAAAEgQgVUAAAAAAAAASBCBVQAAAAAAAABIEIFVAAAAAAAAAEgQgVUAAAAAAAAASBCBVQAAAAAAAABIEIFVAAAAAAAAAEgQgVUAAAAAAAAASBCBVQAAAAAAAABIEIFVAAAAAAAAAEiQ/UoUeu7cOZ0/f14ej+dKFA8AAAAAAACgj7Pb7crKytLAgQN7Zv3dXeC5c+d04cIFZWZmym6/InFbAAAAAAAAAH2cx+PRhQsXJKlHgqvdHvk8f/68Bg4cSFAVAAAAAAAAwBWTmpoqq9Wqc+fOXRuBVY/HI5vNJsMwurtoAAAAAAAAAAiy2Ww9NhwpL68CAAAAAAAAgAQRWAUAAAAAAACABF2RgVAZMCOIXQAAIABJREFUBgAAAAAAAADAtYyMVQAAAAAAAABIEBmrAAAAAAAAAJAgMlYBAAAAAAAAIEEEVgEAAAAAAAAgQQwFAAAAAAAAAAAJImMVAAAAAAAAABKUlBmrBzd8Uz9+J8YEe6aGFY3TXX9/l8bmZVzWOtrnVtXypdqoMi0tdyn7sufraf56Dpuv56cV9XRlAAAAAAAAgGvCFQmsdo90OceVaFhYDZtO7df+g29pzdM79OE/f0dzbs7queoBAAAAAAAA6LOSOLCap3GfmyZXdCpo4z5tePonemf1f6joifK20wEAAAAAAADgCkvKoQAM/38Nw1CbotKLVfbPk7T7ua365ZYjmvj3Tv+ERtXu+IV+8cYe1dQ3ySPJnjlMN39uph505Ss4cEBjrao2rdMbHx5XgyfWPIF1tqqx+k1t3PiG9p/2yJ4+RDffOzvmfO69/0+r//MdHW2S0ofcrHtnPyhXfuRQBY21O/SLX/xSuw81yCO7MkeW6Atf/KLGRcwXzza4VbX8SW3K/4q+aX9DP9l6Wsq8TbMf/7JuzpDO7/tvrVn3jg41eGQfUqKZ//tefz0NXioGAAAAAAAAdJMkzljtgNOlKY6t+tWhGrnlVLakU799Tst+Va9ht31RM0scSm84rnd+/4Z2b3pOTelL9b/HZklyq+ony7SpfqQmffErKnZI9bvf0i82LVOt53E98em80DqO/1LP/SRPJV+cqW84PNr/q43auuk5Kev/aPbNKRHz/eRnWSr+wkx9I7NJu9/6hTYtO6jj31yqsiJzvsaDG/X9599R07Db9MWvlMjhOaStb/xe65btV803H1dZkRkyjW8b/Has00/yxqnsG59Ta326nBnS+V0/0dL/3C8Nm6SZM4ulQ1v1q+fXKPPKtwgAAAAAAADQp/TOwKoy5ciTtP+U6iVlq0YfvtOgzIn/W4+WFckMZ47W6JI8rfnXn2n3oVPS2CzJvV87jkq3fWO+/n60v6jRxUpvekKbPjwo96fzQi+h8jj0ucf/VXf5Y62ji9LV8K8/0+4PD2r2zaNDVfE49LnHnwjNN7ZIeU9/X7/65Q5NKXcpWzV642fvqKHgi1pS/ml/+aM1elyJfvn0Mr218X19+olPKy/ebQiut1gzv1mmscGE1xr996b9UsGDejzwMq3RozVm5Mt68t+PdufOBwAAAAAAAPq85BwKwAj9T+yi0pU5WAoOF6ACTVnyQ00JLBOYzf4JjRwm7W5sVIthKCUzUw67tPtXG1Sc+TmNyc9SitJV8k/LVRJc1r/0sIm6ZUjY+gNlnapXnWEoOzDfyCm6LXw+DdEtE4fpV6/s0P5zEzWxfpfeb5JumXK7HOF10zBNmjJSb1X8Xh+enKQpeXFuQ2BKQbEK0sPWe+qg9jRJY6bcFrGe9OIpmuJ4X78yGAoAAAAAAAAA6C69NGP1vE4fj/V5qxrdp3T89GmdPrhfH+7Zo0OnJalB5yVlp9yse2eO0dF17+o/f/SuZE+XwzlGU6ZM0S3FeYoYFdWeEmsFbQ1xKCvqo+xhBZI+0Kl6Sa2tapJD+Xlty8tyDJF0SO7zkoKjEHSyDe3V47xb9XJoYpv1ZMoxJL5NAQAAAAAAABCfXhpYrdep05IK8uXwf+Le/TO9sG6P6s03PsmRlaeCW27TmA+26oOwJbNL/klLSs6rdv8evf/7d7T70Pva9O/v6xcFD+qxRye2H7hMWLqy0iW1xr9EvNuQmBTZ07u8MAAAAAAAAIAYknIogGA5amcogJrder9JGlJSaD72fv59VfznHjXdMkvfnVEiRzBp85Te+mCrPpAR+Xi9MjXsxtv1wI236wG16tTWF/TMK7/S1iO36wGn/PNFL9P2c0OS6s+r0TAUHrusP35U0hANzjRkNKYoXfWqPdUiY0hkNun5+tOShinPYcg4F/82xKxfpkOOmOtx69RRSTd2X7sAAAAAAAAAfZ21pyuQsKb92vTzrWqy36jP3uJ/fv50jQ5JGnNbeEBS0vH39X596NfW/a/oe4sW65Wa8AJTlJUZ/TB/Av68NWIdajqkt946Lo0s0ch0Sc5bdFu69MFb76o+YsHj2vrWISnzRo10xL8N7cor1i2ZbdfTdGirtsazPAAAAAAAAIC4JfFQAKf1/m826XhYDZtO79GeQw3yKFO3z/uKSgLx0CEjdaP9Xb3/8x8p/cHP68bMJtV/sFWv7z6u1rDlU0aO0Y32rdr6wo90/rOTdNuwTDUcf1dbf7NH9oIvaZKzC9XMrNdbP/iRjj/wGd2Sclxbf7NVf24q0Jdm3OYfe9Wpz37tdu1+4RX94EfH9cBnbpHDc8icrz5Tt8+bomEJbEP7hmnKV27X+2HrSW94V6//ao8aurBZAAAAAAAAANqXlEMBmEs36ej77+po2Of2tMEquOUefebzU1TsCFtP5i2ataBR/7X2db1T8VNttadpcMFt+odvfV2Od7+nle8eUm3L7RqcUqgvLXpYg9e+om2/qdAH/rFMC29/SIseKNZgwzCHH/DXwogYCiD6c//vY6ZrQeEf9NP/qtD7zVJawS36x4dmqGRwaBiDtMIvadG3CvTKK6/rlbXvyyO7Mgtv1z8+9FmV5KWZ2xH3NrRXv8B6PqH/WmuuR2lDNOb+f9Qtf/i/+p1/fgAAAAAAAACXz2J0c7TtyJEjysq6jEfrAQAAAAAAACBO58+f14gRI7q1zPLy8k7n6X1jrAIAAAAAAABADyOwCgAAAAAAAAAJIrAKAAAAAAAAAAlKypdXAQAAAAAAAEAyI2MVAAAAAAAAABJEYBUAAAAAAAAAEkRgFQAAAAAAAAASRGAVAAAAAAAAABJEYBUAAAAAAAAAEkRgFQAAAAAAAAASRGAVAAAAAAAAABJEYBUAAAAAAAAAEmTv7gLT0tLU0NDQ3cUCAAAAAAAAQBtpaWk9st5uD6w2NzfruqFDu7tYAAAAAAAAAGjjxMmTPbJehgIAAAAAAAAAgAQRWAUAAAAAAACABBFYBQAAAAAAAIAEEVgFAAAAAAAAgAQRWAUAAAAAAACABBFYBQAAAAAAAIAEEVgFAAAAAAAAgAQRWAUAAAAAAACABBFYBQAAAAAAAIAEEVgFAAAAAAAAgAQRWAUAAAAAAACABBFYBQAAAAAAAIAEEVgFAAAAAAAAgAQRWAUAAAAAAACABBFYBQAAAAAAAIAEEVgFAAAAAAAAgATZe7oC3eeAXv76c9oW/tGIGfrBdyYpJ4FS6rb+UI9VHNGIGd/XokmdLRlY5x0q/+lM3dB54Xrm8Qod6UK9rp4EtwkAAAAAAADog66NwOqBdXrouW1tPz9Soce+XptQgDBn0nf00qRurR0AAAAAAACAa8w1EFit09ZX/EHVOx7VSzNvCH3+w8e17sg2LV93q//zGNmY/qBsIEM1VsZq4DPTCM38/ncUM5k1kJHa0Tydapt5e8ejP9WX/Zt1YN3XtXxb+Gf++QNZsGFZsTOHV2idv6DoDNy4tim4PYratwAAAAAAAEDf1vvHWK3bq3ePyHzsPyLwl6NJ33lUd0jStp060NXiIwKQknRE6x7/obbWRc95QC/7g5B3PNrVoGqdtv4wajgDSdueW5d4/Y+Egqrmrz8L1jm+bdqm5YGgqlkJvdzVnQgAAAAAAABcY5IuY7V11Z0JzZ/yma+Zwb/hQ2OMWXqD/u4Oadu2YzpZJ92QcLDzgH5TcUThGZ2BoOS7e+s0KThkwDH94ofbZMZ3vx/MLk1cjiZ956cKjUQQyLrtSv0DdQ6UcUTH3JJy4t2mUFZsYPoxfyUSbSMAAJBcUua+3dNVAAAAAHq9pAusJpW6kzomSSMm6CZ/UDNyDFa3/98jOuJP7Rw+tHteSRV45L/LgnXO0U0TRihYwbi36Q79nT9AnDN0uKTwDFcAAAAAAACgb0vawGrcmRR1WzVC0pFjJ1WnG5Tjz/J8d8L3teimvfpFJ8HJupPHLruukqQRIzTiyBFte2WrPvudSTGyZ+MRyC4doZnf/6lemhn4vaNF/IHSq4gsFwAAeieeOgEAAAC6T+8fYzXnJt0+QtKRCj227oCkHE36pxlSxeN6KDhG6HBFJpKaj9ZLddq7vYOoZc5QDZdZ9m8C44seWKeHvv51PbQufMDRO1T+ne/oi3dEzZuo4HixgWxSt461U71j5gaobu/2xHJJ494mAAAAAAAAAO1J2ozV+OVo0gN3aN1z26Rtz+mhGBmqI2ZMlflUe7aGj5B05IjWPf51reu07Bv02RkjtK3iiLY99/Wwl0qN0MypN0hRr5S6YeoMjdhW0XnW6pEKPfb1iuhK6gf/1MF0v+z8EZKO6EjF43oo9izduk0AAAAAAAAA2ur9GauSdMNMvfTTR3VHpzOa2awjgr/fofJHO14qZ9J39IMZIyI+u+NR86VPMWbWP88Y0fWs1cDyoRXppUfvkGS+WMqc5Z80M2KWeLY7ejUJbBMAAAAAAACANiyGYRjdWeCRI0d03dChXV4+MPZX943jeUAvf/05yf+GewAAgL6q+6+zAAAAgJ534uRJjRgxovMZE1BeXt7pPNfAUACduUFf/ulPe7oSAAAAAAAAAK4hfSCw2jHDMNTY2KjGxkb5DEP9+qXKarX1dLVi8vl8unTpkiwWi/pnZCgjI0MWi6Wnq9WtaI/kQnskF9ojudAeyYX2AAAAAHC19enAqmEYOnf+vAzDpyF5ubLbU2SOjGCoewdIuHzm/ZZFFovk8Xh09uzH+vjcOQ3MypLVem0MlUt7JBfaI7nQHsmF9kgutAcAAACAntCnA6tNTU0yDK9yc3NlGIY8Ho+6ecjZbmexWGS1WpWTk626OreamprUv3//nq5Wt6A9kgvtkVxoj+RCeyQX2gMAAABAT+jTgdWLFy8qd0iODMOQ1+uTz5fcN2EmQ4Zh3owNGjRQdWfc18yNGO2RXGiP5EJ7JBfaI7nQHgAAAAB6Qp8OrHp9PqWkpKi11SOv15f02S0BhmGOw2a32+XrJXWOB+2RXGiP5EJ7JBfaI7nQHgAAAAB6Qp8ezMtms8nnM2/AestNmKRgfQ3DkM2WnC/m6AraI7nQHsmF9kgutEdyoT0AAAAA9IQ+nbEaeANvb7sRk9Tr6hsP2iO50B7JhfZILrRHcqE9AAAAAPSEPp2xCgAAAAAAAABd0aczVqXIx/Aul9fr0cXz53TmRK0O/nGnPnh3i07/9bhaPF7ZU9N0XcFI3Vr6Gf1d6WQNdDi6pd7Xmu5sj6upN9Y5HleiPQKP64azWCzBn+5Ae3SO/ury0V8lF/orAAAAAFdbnw+sSobMN/N27abGMAx5W1t0ouag/qfqd9r3xw90+kydLjVekHw+Wa0W2a2S0dqko/v/RzUH9upPu/+gz5XN1CeLbpTd3rUmMOt7Ld6IJd4ely5dUktLi9LS0pSSktJmus/nU1NTkyRdsTcu0x6dlGIYkuGVLp2Rvf5tpbh/K/vFD2XxXpK3/yi1Dpqk1pzPyZfhlKyplx2woD3aWZr+qpvRXyUX+isAAAAAVxeBVUmBe7Cu3Iz5vF79Ze8H2lzxkj76y2Gda/LIY1jUPy1VrTLU0uyV3WaRzSrZrFYZ8uqP27fo9OlTmvXwv2jU6E8lvM7uypJJVp21h2EYunTpklpbW2UYhj744APt27dPEydOlNPpbDN/U1OTNm/erJSUFN1zzz3Bzy0Wi1JTU5Waenk3xn29PeIrxCPr+b1KrX1JqWd+LYvnfHCSvemvstdvl929RZeGf0Pe7EkybOldXhXt0T76q+5Hf5Vc6K8AAAAAXE19PrBqGJf3+ODHdaf0u//+v6o5VK1LXqsueS1KsdtkkZSemiKv16Imj1der08Wi6EUm2S3WnRk/4fatPpnmvuvT2hwdnYX6m3oMpNyklJn7eHz+XS6rlYHP3pPZ+pr5fF4VPdXr87We/WHD3+t/cfaDhvsaTV04pRHFov0RuVPgp+npKRqSPb1Khz+d8p1fOKy3sjcV9sjvkJ8sjTWKOWjNUo5+brkvSijzfDOrbLXvSd5pWb7YHkHjZUstEc0+qvkQn+VXOivAAAAAFxtfT6wGpL4XY3h82nvH6q07392y2JL0cUWQy1eqX+6TTa7TYbPUL9UmywWqcViVavXqxaPIcNmKK1fiv74/rva8uYb+sKXpiX4iK1Z12v7Riz2xtW5T2rH3v/Svtr/VlNrnWQ1ZPNdJ+vAXH3U9JGM1o9jFGWXLWOkJEN7Tx8IfmyxWNW/Lk9nG/5e4z71oLIH58lq7cr73Ppue8TFc1EpJ99UysnfSZeaZai9AIQhq/uPsmf+Vt7+RVLq4C6ukPaIuQT91RVEf5Vc6K8AAAAAXB19PLBqBH8CmS6JaLnUrD++V6mmVp+8Hp8utPiUarNqQHqKRhbkaN+hU/L5fObMFik1xSYZhnw+SRZDqXarfvv6LzVpylQ5cnISWLMlbEy2a+lurOP2aGlp0YEj7+qo+zeypLg1OMsqe4pk0WlJp/1zxboJNiQdjDndME7Lfen3OnH6Fg3KyuniY5l9sz3iZWltkO3UO9IFdwdBCr/WS7LWfSDLsHr5UgZ1aX20R2z0V92N/iq50F8BAAAAuPr6eGBVCrzowjB8CWeMnP+4Xqf/elyXvFKTxyerxdCAfjaNLMjV3ROLlJGWqqqdhyVDskjyeAx5DZ+8XkMWiyGvYdNHR4+q9qOaBB+vNWSWeC3ehLXfHvX19brQvE9p/U4od4hd/QdYZU+16HKGqDMMyfCc1Lnz5mO6XXu8tm+2R7ysniZZzh2V0Rpfdp3l3HGp9cJljJFIe8RCf3Ul0F8lF/orAAAAAFcXgdXLcPH8ObW2XJIsNqWnWDQsb7Bu/duRGlucpzxHhj5/503Kv26Qdu+tVe3Jj9XU1KoWj3RJXnm8ksfrk1VWHa6u1qf+tiSh7KO++NhgY2Oj+mc0KT/NIke2XWnpVlms5i1pVxmSDJ9XF2svXdbLTvpie8TLMCSjRTJa4wsCGa0WyXf560Qk+quri/6qd6K/AgAAAJCIPh9YNR8Z7NrLI9L6D5DPliq7VfpkoVMPfOk+jcrPlNFQK5+nWen2fpo0vljjx47SGXeDTpz6WKfd51VXf0HnLjTp2Knz2n+kTj6fL+Gb5Gv1ZRcdtYdhGBqQnq6B6dka5LDLntI967QoRbUnUy7rhSd9sT3iLsPaT0a/4dLHJ+KbP+UTMmzplxk4oj2i0V91P/qr5EJ/BQAAAOBq6/OBVSl0U5PojdGAgYPVr3+mUvqd0133fkG33fEZXao7rKZmt6wWq2SxqcWQbKkW5ecPUMH110k+r1qbGyXvJe37y2kt/Lc35fxkYbAe8QnkPF2bd2Idtccnsh/SiBHPdMNKfFJro4ymc/JeqFPL+R2yHntHvgE5smQNk5E6QBarXbLGk7XUd9sjruXt/eXJuU2WUweklosdz2yxyjvoZvlSBl9GoIL2iIX+6sqgv0ou9FcAAAAArqY+H1gNvxdK9MYotV+aRo0Zq8GZ/TT2tltlsfWTbGmypg6QYbVLFmtw+LRWw1Crxyuf15C3xVCKxZDX59Ow4cM1fMSILtyUXZs3YR21RyBDy+fzqampSefOnZPdbtfAgQN1/vx5tba2ymKxKDs7W/X19fL5fMrMzFT//v1VV1cnj8ejoUOHyrh0QS3H/iBr7Q5ZPM2y9ndoVF6WLIZb3pOH5Dnkljc1S8bQEhm5N0r9ssy27Ljm3b8zksDlfD8CfPb+av3k52WpPyZbze8kb0vsGS02+XJHq7Vgqnz9Bl5WBhjt0Rb9Vfejv0ou9FcAAAAArrY+H1iVfDIMX5ceb5WkW0s/rT96zslu8cpitcrab4BsaQPla7FFBCoMGZLXK3kuydd6SfL5VN/g0Renf1mDBju6+GjttXgz1n57hAcq/vrXv+q9995TVlaWxo0bpw8++EBut1spKSm666679M4776ixsVElJSW64YYb9P777+vs2bOa/sV71Lrvlzq//3fKLrhJVkeRLBaLLP0GyGLrJ9vAfKX6PPK4/6KWfZvUOmCYjFH/S3KMlKztf136YnvEy5Bk9B8mS3GZ1NIi6/FdUsuFsCiIRUrpJ5+jSJ7iL8njuFE+I7Bk19AesdFfdTf6q+RCfwUAAADg6iKwqst7cUS+85O6NLZUdWfOKDP7Otn6DZAtY2BohuDLfg0ZNo9582S1yWPYlTH0Rt3impzQS2Ai63xt3oh11B6BG1Cn0ymn0xn8fMqUKRHzfeELX4hYZurUqVJLg7x/XCvryT8p55M3S4ZPFl+rZLHK5/6LLOmDZVjtslgssqYOUGr+zVLNDrXu/JmMv/2KNKS43WBFX22PuMuw2NQ6ZIyMW78h+4DXZa3dLcuF05LPKyNjsIwhxfLc8Dl5rvtb+ezp3VRn2iMa/VX3o79KLvRXAAAAAK4mAqt+Xc0YsdtT5Cy+Wb4Lp+VpuiClpMmW7pAMyfC0SBaL/67JkM/bIrU0y2KxysjI0ydLblZaRkYXM1Wu7ZuwWO0RyP7yer26ePGi6urqlJqaKofDIbfbrdbWVtlsNg0ZMkR1dXVqbW1VZmamUlNTde7jejlO/FoZNb9WinOyjNYGec8ek6w2WVLSZfi80qULZtDCMOT7uFbWgZ9QytAb5Tvwtjx/2ihj/Hypf257Nb7yO6UHXXZGladZ1o+PynL2LzL658pbNEWy2CVZJF+rLL5Lsp76UPazf5E3K18+R5F8A/LieKS53Rp3va69AP1VcqG/Si70VwAAAACulj4fWA29QbjrN2Ip/dJltQ/VpdZGpVpbZUvLlGTI13IxlD5j+ORrNh9PtKQMkByjNGBg3mW81bl7MnOSTUftEQhU+Hw+NTY26vTp08rIyFD//v119uxZNTY2Ki0tTYMGDVJ9fb2ampokSRkZGWo+vlMpR/+f7OmZUuNRWTKuk23wMFl8zdKlFkkWGa0XJJ8kiyFLarrUelEWWz9ZM/Nk/egdeYf9nYyi/xXzBTF9sT3iK8An28c1SvnLW7LXvi/rhVNm8C5toIx+mZLFKkvLBamxXpbmc5LVLl/aIPkGj1DriElq/eRdMuxpXax34tVNdvRXyYX+KrnQXwEAAAC42gisht2EXU6Gi8+WqiavV1aPR6lpqbKlDZLVmmpmfcknX2uLDEOy2NNl9B8mX/+hMgcz7GqgwqdrMculs/YwDEPe5ib1u3BW+QMHyNZySfaWZuXl5am1tVV2u112u115eXnyeDxKT0+X3WbVQON/lJ52SdaBn5SMS7L4GmVYrTK8HslnkQyL2RQ+M1tPssjwXpIsdlnTBki+FlmqX5fP+WkpdUCMevXN9ghntVrbzGM7tUf9/rRRVm+zlHuDvPljZblYJ+tfd8taVy2LDBkWq4yBw+UtultGhkOW5nOynq1Rvz0bZHMfVvPNM2T0HxIs02KxyOfzdVJv2qMj9Ffdg/4qudBfAQAAALja+nxgtftY5LWm6dyFOg2yWJWWOVg+q03ytsjwtMhi+GS1p+iSZ4C8GdfJYkuTOaAhEmEYhnxery4dq9HHf6hSyjCnUgZn6/S5BjU1NSktLU2pqak6ffq0mpqalJOToyzbeQ1s2it7eoqMtFRZZJXPe06SVRbZZchqZn75fwyfmT5kGJIsNkmGLDa7LKf/JMv/Z+/eo6M60zvff3dddONqIWEBRrIsurHsttudNhh5wk1k0p02TtLBkAnYMsxK4oE5pz0LeZ1lzNhcvLB7zkFknEnMuKdngYXNScCkkxgnnTmxwDCNMLjdbrtBTRssIy4WSIiL0LUu+/yxd92kuupakn6ftVi2qna9+93vW/XW3k8977uvncGc9u1hbYN05DNauemtx+2YQLYrDwMXBuCddjfd+eto9ZynxfM53f6b5DhncWfZv2PK0V24zv4r3tnf41rZCq50/ZwOXzOZjmnkuhcx3nUXDmc2hjMT02jHxEu79wpeXwfjnffgNMcN92GPYBqvhoLGq/Sk8UpERERERAaKAqsMTAaYxaCz7RZffvEx00rncMf0EtwG+L2ddN24Qsvnv6Tb4yNnfBEO6NfcP9MMZCqNtiyX2P0RnFprGJgOJ/6ONrydHfh8frq7u/F4PAD4fD66u7vxer14vV6c3RdwO9pxunxAG36/Yd2Ax3QBTgzTgWlaQSM/Bvj8mD7sRDAHeDsxAIevG39THf6C3+pd6zHYH+G8dPLl7X/iSkctOc47cTsmWplappdO3zU6vc14zDZM04fDyOCOzCN8a3El+aV/QOOd4/llyw6ud/0G0/RgGC7cxjiyXXlkufIwsDLLuv036fBdZXrOImZPWI3DzIld6zHeH8nReNV/Gq/Si8YrEREREREZWmM+sGoG7oDdj0CFaVqXQ14TnE4Do/UCdf/rDDkzSrljWhHd7a3caDhNpqeZcTNmc9vjJ8Plw+0wcDj6ngU2Gtdki9cf2dnZtLa24u3sgJxxuJf8IW6fFyd+Jk2aRFZWFm63G4fDwaRJk+ju7iY7O5vMjnYcLj+GcwIYXTjpxoEb03Bimg5wOPCbBvgcODAwDfAbpp0J5sT0tmHgxXQYGO1XYr5Pxlp/hHMa2TiNDDq8TXR4m+KW6TM7ae78hI+atzH/rv9K7cUn6fA1h+2zmy6zm67u69D9ea/XuxzZOMhM+Hkdy/2RqAyNVwND41V60XglIiIiIiJDbcwHVsMzRPoSqDCBDr/BtW4H17phRqeHoul3kTOxg8ar5zl/uR5XZjaTJ4/jztypdOPiZ42tXPEazJzgoHByJndku3CmELAw+r7U4QgQuz/uuOMOrly5QnNrG7klpRQYoTab0qOUvLy84P+7vU4cDi+Oyfdj3Pl7+C/9A0ZHE6a/CwA/bhz2zZz9pgOcBg4Ta3qt38DwtWI4/DhcBr4o9Rqr/RFgGAZOI5PJGbOYmvUwHv9tOnxNdPquxS3Z5++i238rIkgRnUGWcwrZrnzcxjgmue+StGyTAAAgAElEQVTBYbit/K4odRrr/ZHo1RqvBpLGq/Si8UpERERERIaWAqvB7BZ/yoEKL9DkdXKu08mlThfFE13k+R24zGzyZkxnYskj3OrqBodBTnYu7u4WXG1XKZpyB39zvJ0vzl9mzowJLJo1mW9On8CEzOS6I3Dn49E5bTB2fzgcDqZPn86VK1eC2V1OZ+87XvfSDRMdLmg9hVn0JHz9Bxi3T2O0XwafBwMn5rVfYHZcx3TaEQs7WGH6fWDehgwwvQ7M7ElRpvyOzf4IcBo+Mrsvcm93JqXORbQ5O7mc1cHp9ve52V0fs2S/aYJp4PfHb7c7MmdRmr2Q6b4ccsjE7AKPcYlO5wwrc69njcd4f8Si8WowaLxKLxqvRERERERkaCmwSuSdhJPVhcHpbgcX/Rnc8Dtox6TYaeDKvQvzpg+fO5tO1x10XP4rHL7zdI9fSOaER8jOvZ8c9xScnOXzqze5fP02v2q8wffuy+d7905lSo47ifrSp8DKSBGvPyZMmIDf7+fmzZu0tbUlvNsywG2/SZ6ZhctzGf8Xf03j+BV0uIpxOe8hw+VhsqeOLLPNmnbrdODHwMRhZRj5OsDZhZFp4He58eV+LUagYmz2h2EYZPiaGH/+L3BfP4zhvUVORj6T8v8Qz5Q/4sMr22OW63f4MU3weeK329fvWErptVO4mw7i8DRjuibTPWUJZtFG2okVOBqb/RGLxqvBo/EqvWi8EhERERGRoTTmA6uhNdmSf40X+Mjr5De4yMpw0m6aXPeYHGtqw3HHRL6V/yBGeye3L7/H9K7/Sda4Nto7arnZ9i1acr6LObGc370nl7ab+Xz0ZTPnmm+x9+NOPD4/yx6YxqSs+N0ymq+/EvWHw+Fg8uTJjBs3js7OTnw+X8ILUjc5+G8VQsc1jNZf4Wy5xo3Ou/GRw+TMNiZlXsCgFRwODNPAcBrWTWH8HvyODsgC0+XAn1mIb/LsGHUenZL5fLg9zbgu12D62q07lndew91+gMLCn/K/O/9LzNd57ewyT6cvbh3uyvo2roZXwHsTPw7gFq6O/4Xrrv8T05gYo86jU7qNV9//RgF3ZMcPro7l/tB4NbQ0XomIiIiIyFAb84FViLzhRTK+MFz8wuEiL9vNjS6TK6YPn9vgps9g36U2Tl/184h5hXuuVzN5ooHhM8lyX2G88f9xu/Njrt9+j29l/gF3L1jChs4uvrx6g6utbfz9pxeZOj6D35mVR6bLkWS9R59k+sPtduN2J86Ws0ym3bEEZ9sZMhxtTHU3MsHZhB8nbgMyMDAMB+AADMDEafjwOzw4MkwMp4HpctA2bTF+94SYDT9m+8Pnx9/qAcL7o41Mx2S8cYIQHsMHJnG3Acg0JmLeaseMKL8b/H5wxl5Lccz2Rw+DOV5NynLx2L1TNV5pvEobGq9ERERERGQoKbAadgfhZAIVtwwnR/xOXNluOjG44PfSavhxO8DINOgmgxvNjXhuvced7tP47/rPmF2XcV7bT6Z5mYzMq0zMquHa7Q+ZNP4vWHzvQ7zZ2oGvrZuG5hv85JOLzJiYxYMF4zGM2DeIsdZ5G41XYqn1RzK6urpo6f46pvf3yO08zLRxNxnn6sbK5TOsf6Yv2JyGtZQeDieYDgPTYdI58UE6pi7CtK6Me+1jLPeH6XNidowD0xt6zJmFx9dJd0fsqc9ee2ptvG0APN4u/F2TMHydoQcNN6bfgemIXq+x3B/hBnu8+vtPLnBPbo7GK41XaULjlYiIiIiIDK3EaUZjRDLXxCZwFgc3M1xku5x85fPTaHppdfhpdZjcdvpxe1vJbTpF4a1/IsfnxVH/zziyH8R7z3/DO6kCOvPI6PIxdVw347Iz8btckOkChwO/x8vPz17lUN1VbnfHz4oZ7QYye+fzz3/Dz3/xGeNn/zvapv8ZX97Ko9OXgRWkAKtnTQz7H4aJ4TAxnFawwpc9ndZp/w5f5jTrFs5jULz+8Lim4Jn8b/C3Z+Jvz8DfnkX3jD/kVxf/Hk+nP/a/Lj+m34y/Taefuiv/iqfge2HlZ+KZsgiPY8KYXZcwXcarT+ubNV6h8SrdaLwSEREREZGhMsYzVkN3DzZNM+GNRToNB18aBg63E49h0oyfVod1uesyTJx+L5Mvfcm0piMUTLyGd/ZLGF2XcZz6r7gmfx3/tO/iG/9taPwRt/yF/KrtG7xb3wgmmH4Tw+/H4+mm7vINmloLGOeOHvd2OByEpjqOpgu11PojWY1ffcXHH3/MhYsX+b3vfgd37hNcvnWAoglXcBphASFrVi2GYYcuDDce1zRu5v4Rndn3YSUV9a7TWO4PwzDozJiC85vP4MqaCbcu031HIR2zfoeff/ZC3PUIfW4/pp+Eaxb+ouE97pn9PDmMw33jEubkmfhmL6XTMR7T3zsDbCz3R7iuIRivvB6fxiuNV2lC45WIiIiIiAy9MR5YDUhuGud1H1w3DDINB52myXW/nzZMHA5wmpBz7SqTvviIr3t/SY5rIpyvxZgxD3/Jf4DrH+Oo/1ucmVl0dWVwPuPf8vaFW9zq6Mb0evB3e/B7vZg+g4vNrVy/3cXdudnRazuA007T08Aen2E4aG9v4/LFixw4cID5v/0o7e7fY7zjYyY7LmJ6O/H5wW9a2V1OJzjck+jMvp/bExbQmT0bjNjrI47l/jBNk24f+CbNJnPBN7h++wvOXPgX6j5+nuu3z8dNHfNmWUEQb1f8gNTlptPs7dpCaeFSvv5bf8yk7EK6ujz4fNEDHGO5P8Ld9Gu8Ghoar9KLxisRERERERk6CqwSupZKdHHj9Zt0e/10+Xx0Gwa3fSYdpokDcHV2MuE3p5nVeJziqddw3b0c3E78Xx7B4c7CvPMb+PMKMS/9PZe7CjjCTE5cvoXZ3oGvtQ2zqwt8JobfwGmCEefi0JrdOXovxJLtj2RNnjwZj8dDd3c3Hq+Hn3/8S775zQfJzJxFXkYjDs9NurwG3T4H3d1d+DrbyM4qJuuOb+Nwj4+sVBTqD/B6vTg8UH/5Z5yse5OOrhsJy/V5rPK8nkSZfn4am8/QeruZ7IxcsmdMw+v1xtxa/WHx+f10mxqvBpvGq/Si8UpERERERIbSmA+smmYoYyTRhfEUw8dsbzeftDloznDR7vXT7Tetle9abpBb/xkP+c8x5fYVHL/6V5j1bzCLluDvasFsPouju4XWzgw+63iAf73l4+aNW/haOzA7OsFr4nC4yBuXzYKvT2XaxKw4WTdG2J2PB7pFhlcq/ZGsu2bOZEpeHl/W15MzbhwNDQ1MmjSJ7Jz76PB/jRs3b3Dz5k0rmNGVSVenm4kTfZSY1ymYloXT6UxQZ/UHgOk3yHLfgcvIxvQnDlRYN2yJOls5KpdjHJmuyZj++EET9YdlMuagj1e5OVkarzRepQ2NVyIiIiIiMtTGfGA1kCmSzEVxlgHfcviY6OngY4+Tdo+Jw+/npmHg7/Zi+ky8jkxMv4Hj/MeYjWcxpn0df8k8yL0f7xc/pb45g//dlcfZNg/edj9uv8HknBwmT3IxY2IWc4ruYN49eeSOz4hdYzNQ54FpgfSSfH8ka/LkycybV0bjV19x+/ZtPN3dXLt2jWvNzXze0sKX589zvaUFj8eD3+8nI8PNnVPvZNy4ceTl5ycRqFB/APh8Pu7M/QYFU+7jdmcTfn/sLK1UOR0ZTM97kCkTvx5zSm2A+sOSOQTj1bdmTua3Z+VrvNJ4lSY0XomIiIiIyNBSYBVI5WJsvAHfwMddpo/5TvjSb3LRB7eysrlR8DX+4VcXaPbm8NvjL1HobcSo/wjzq88x82dwy5HJL25+g9bxU5k3M58cp5NJGU6mZmcwfVImU3LcTBmfQZbbad2XJObUWmOU3+hiYIMVDoeDBx54EK/Hy6HDNdxuvU1+fj43btzg449/TldXFz6fH5/Pi9/vp63NSklyOB04nc6E9VB/WLxeL+MypvHw7NW0d17nUtMvMOO2SXLt5TCczJz6bX7r66vIyZiKxxM/AKL+CBns8Sp3XAbZGRqvQONV+tB4JSIiIiIiQ0eBVULTBpO9MHYAuQbkOqHQAd2miTcjk7Z5v8UXk3P4+S9/wfFL9czPvcqi8ReY6vkK88o5vnB9g5vjZ/EH3yzhjjvuwOkAl2Hgchi4nQaGtdgamAku7+w7H49OqfdHMjIzM/n2ww9z18y7uHq1ieK77+ZW6y0aGxs5d+4cPp8X0zQxDIOpU+/kmw89RMmsr+FwGAnrof4I8Xi8TJlwP787dxOffP43XGz6GJczi4njpjE+eypZGRMwTT/XWy9wo7UBn89Lpns8s+4qZ/L4uzAMg47uW9xuv8Kttka8/i7uLniEB+9ZTk7GDLq7PYlrrP6IoPFqMGm8Si8ar0REREREZGgpsBrUtwsbtwFuwwAHTJw0gTvnfJtvlM7ms1N1/PT4R7x35U6+N+0ad49r54NbxeTfczd3F0zB4XAMcP1Hm4G/0HS73cyYcRfTp8/AMAwmTZ7ME8tXcPXqVa5da8Ln8zN+/HimTZvGhAkT7Sm1xoDXY2RKrj9M08TrMcl2zmTBg/8XOLpwOFw4jUy6u72YptWiWdkZNFw5SXbmJP5g/l9wd8GjdHV2A1YGV0amE6+/C7/fg+nLwusxk7hpzFii8Sq9aLxKLxqvRERERERkaIz5wGr4zS78/v5fCBmGwcQJE/g38+by4P2l/PwXv+RffnmKjE6T2V8r4f57vw7Qr30ZhoNAZs5oM9D9EXs/VttlZWVRWFhIYWFh1G2SaWP1R29+vx+vFwzDidU2HRHPd3Z6yJ/wLbxdPu6cOIebN9oinu/owM6IdGGaibO+wqk/kqfxqn80XqUXjVciIiIiIjLUxnxgFUIXYwNtwoQJLFrw23z7W9/ENE3GjRuX8MYiyRjoaafpZrD6Y7CoP+K9Nvbrurq6+vzaRK9Tf6RO41XfaLxKLxqvRERERERkKI3pwKq1Rh2ElgocnIub8ePHR+yz/6z1DYNrHI4SQ9UfA0/9kV7UH/2h8So5+nykF/WHiIiIiIgMhzG9cJ7P58flcuB0OnA4Rs5FjWEYOBwGLpdjUKefDjX1R3pRf6QX9Ud6UX+kF/WHiIiIiIgMhzGdsep0WDf7yMx04/FYN6rw+/2ka6KLYYDD4cDtdpGZ6QYMnM7R04Xqj/Si/kgv6o/0ov5IL+oPEREREREZDmP6LH78+PHcutXGxIk5mKaJy+XB6/Wl7RRCwzBwOh1kZWWQk5NJa2sHWZlZw12tAaP+SC/qj/Si/kgv6o/0ov4QEREREZHhMKYDq1lZWXR1d3PrVgcTJmSRnZ0ZdiGWbhdj1hpsLpd1M5nW1k7ASXZ29vBWawCpP9KL+iO9qD/Si/ojvag/RERERERkOIzpwKphGEwYP57u7m6uX2/D7/el/dpsfr8fp8NJdnYO2dnZOByjZ5lc9Ud6UX+kF/VHelF/pBf1h4iIiIiIDIcxHVgFcDqtLBFliqQH9Ud6UX+kF/VHelF/pBf1h4iIiIiIDDWlR4iIiIiIiIiIiIikSIFVERERERERERERkRSNgsBqI/tX5JCdk0P2iv00Dli5J9g+4GUORdnp78PtOWTnrGB/uh58435W5OSQvf1EjKdXkJ2TQ4yn09uJ7dZnJeq/7Xw4XO/NBG0+etntPSjH3ve+HNHv8cES/tmJaJiwPszZzocpFqu2DvsO7/G9EGib7JwcVqT0hRFeZu9/K/Y3Dlu7p/33n4iIiIiIpGTkB1Ybj7L/oP3/B/dzVBcrkmYa969In6DJ3OfoaG+no72dw1sBllL9Rbv92HM8Mtz1GxQn2J6uP2KcOMKLgf9/6UjKQTkZJifOh95P4X0o/XSQ8w2B/2/kaPDLPVUFLN9nj2tfvMnjAFsPB8e+fcsLBqS26SatvmtERERERMaIER9YbTy6n3eBl7duBQ6yf8Aiq3N5rr2djn3LGZ2XYNJXBcv30dHeznNzE2/buH8FxU/3NTgwHEbb+/4E23MWpW3g68MjLwFLeXnrUuAljiooMjKE/YjXeP4EsJTHlw5rjUaNF48EPgQNnD8Ijy8dnIZNZRwfCUbed42IiIiIyOgwwgOrgYyWrcx/bgEvA+/uP9ojMy18mmbvqZrWtLzQv1C2R89ptJFTC7dv3x4xPTE4rXC/PaW5v9OpG8PK6TVdMcYx2a8JnzLZa7pjxFTwdJ2O2GMaZ8xpt8Nz7L3K7dFXwX4/sT14ofviopEyzT3yfR/1fZ2znQ/D2zLifd6HvovY/fbI/YQ9FfFZ7fnZitq3jexfYQdVDz5NcfDxJOoxJE5w9CVg6XKefHI5jxMeVAqr54rtbI86VTrR8+FFRY5X0N8pyfH6uec07PD+6NF3PZeAiDvupYfHt27l8eCPePZ30NK5BONzaus+2srLWwllbtuZwHPnBlq2yT7WsM9rP5YQiRjHg322P2xsWMH+E/tjjkfxvk/ClzCItYzB/h/EeD5uv8R4L4zI7xoRERERkdFhZAdWA8sAbF3AI8xl/lZ6LQfw4fZFvMhWDgenBL7EorCLkUUvwcuH2+lo/4LqpfDiouhBlsb9P6DiYGjbohMvRa3Si+eL2NfeTv2bS+Hg07zVl+ubxv2suOdp3rWnLta/uZQXF/UIFi19k/qex1Qwn+VL4d2n37KPIXDR/yZPzrWON3vRSzz+5hf2VPCDVNwzXEGlWBrZv+IeKg6G9dlLi+wLz3Q89kb2/+Bp3g3U6fBWOPg0P9jfCHOfs94H2O+bEZwaFfG+5iUWbS+iPux9/oNg/8TquwSfxYCDc6mM8vyH23NY9FJg2YLDvHzwaYrDPsfR+7aA5fsO8zLA0jepb9/H8oIk6zEU7MDR48vnU2C/f6MuB3DwBEV/GRijorxvEz0PMPdJqpeG//AUCurOTzk1OVE/hz3XfpiXOUjFD/bTSAHzl0eOi9aMg6VUPzk3wbiXRoqKmAu8e76BYFbl8gUUBZ5XW/dZUdFS4AQNjYFM4K3MXxB4Np/lz20lPLM7OGNlwcCMre/uhycD4zgHqVh03hqPDlv7XZRwzAEa9/ODpw+GPQfvPv2DHm17EJZHeT7hd3+M98Io+q4RERERERlpRnRgtedF1SMLYi0H8BKLcnLY3rCcfe29LzqsDI8Ge022aOtMhmXGzgUosC/wegvUpaDI+u+J86lfqfY8roL5y8MypOy14/YV8VZODtn3PM27wVfaF9OBC0878Pz48vkUEJp2vNy+urfaK82mH0cEywkFTPcfpTGdjz2QEVn43Khcw+/xokIg9L4OtGvgbyBB3wXE/yyGXmsFr6y1LHsGpuwfUewgZN/6NkE9hkBkvXu8f8MFjzvGNomeJ+y5wA9P4UHdVCueoJ8fea6djvYnaViRQ3aPZRissSyQmRv48cOqf/xxL53MD73/AlmV9ufDorbuq8JgPU7Y9S0KBawB5lozUyKOKfi9PADmFll9VFhkr8tqt3vgb1syY867T99D9or9FD3XTof9o05I6LVWMNlaWzZuvyQ1voqIiIiIyFAbwYHVKBdV9sVP+IXGI0++GbwgenFRj2l3dmYRAC8tijN938pK6nWRN8gC9Q0EEK0MqcBUwEWcePOL0I05bAXLnwteeAYylJZHpEkdpOIeu9xFVtZtX4K/gy7QHzn3UHEQOHie82l57OFB9lD5o20m5tyiFEJCUfsuwWcxGQefptieAmt1n5XZZj+ZdN/2ux4DoncWYyBIHbkcQKREP9jEez48SNMzMNQnMfrZmvZ+DxVzD9tZlOGVWE5lICjZ48ePgOjjXnoJZFZWbX+JaIE9tXUf2T+ovLt/e9T6Rvyo0jPQOAAejwiQJxJjzAm0O4SNWanNjojbLzHeCyIiIiIiMjxGbmA1cFFlZ56FX4RELAdQYGekBacxh0/Li3Ln4OC05nCFWEklQ3sBYy07EPbvublhWSuHY2RFBi48t/ODsAylkPC7wKfxHZLD7uAcvGN9uh773OeC5R22L6hjLSkxJkTrO0jwWUxCYLmF4L/wLLAU+ra/9RgIgTvJhwWLA8GZqMsB2Kzp0bED3XGfD2a4/YCqPk9NDxO1nwMB4zepj5EFHMjuq/pBtB8/Yox7aSYQOH031g9uaus+Cizpc5B3if4+jjymgVsGIHWxxxwrkziwPAOQ4nIjcfsl1vgqIiIiIiLDYsQGVgNT5gLrmHVEBEpCNxYJv9lFwfJ9duBrLoUFPW5eUbCcfXZUrPfFXM8pto3s3x59jdWBEDmFM8rNksCeIg0fvhU+Hd4SWBLh3YPw8nOhu7v3XCqhfzdUGSQ915qMdnOStDr2yJs9PfKctVZvINgSMVV+tIvbd/E/i/H1XD+5R5vH7Vv7R5Gg/tRj4FhZjL0DKFZdekzlD66TGWPqc6LngwJT1K2gVZ+mpkNyn1H7R6jG/dsjpqcDwenc7x48CFufCwbHkxr30kVgqQpitaPauq+Kgh/YGO/j8GMayGUAUhB3zIm4edlcnrN/tE0mGzZuvyR4L4yp7xoRERERkTTiGu4K9E0ggNA7AyeYSbT/KI3Ll7N83xew4h4W5QQCoUup/sLO8Fi+j3pWULwoJ3hB+vibXxAtaadg+V9Svf8gFYtyeJGlVL+5FQ72M7h68GmKc56OeOjxN79g3/LlWNVeRPZLPeu1nL98cz/vPm2/dulWXl76Ei+eOE8jc62L98A6dD0vOuc+R8dhyF50D9n2bl8+3HPtt6FiTaOsCH9o6ZvU74vSZ8GMrLlDe+wvhdo/4OXD7TwZ8chcnms/DDmLwvpyK4fbl0fWZ1GOddOtfcv7FmAZEQri9B3xP4sJPPJcO4fJYVHwPbOVw4G2jNu3doDLfs+8fLid5/pRj4FhZxpGCQoFsvFePHIiNA4tfZOiIzlkL4pR10TPhwmOj0lOTX8xbGy0bOVw+3Nx+/m5w1t5cdFL9nNbeXnrQV58yQr+WXsMZJb3yDYsiDfupZvAMQTaMfbSC2rr1ATbLeYU/9AxDeQyACmJN+YU9H6OrYfpSOaLNm6/xB9fx9Z3jYiIiIhI+jBM0zQHssD6+nqmFfT9dN7zejkA7nU1A1WlwWHfFfjlw+1pcTEqIqPNCbbnLIoTJEn0fBSBu44r8DL41NaD5sPt1jrL+v7tmxFzniUiIiIikoKvGhspLi4e0DIrKysTbjNilwIYatZUv9BNbqy1DJeS0r0uRESGUXAJlb5OTZekqa0HS+yMbxERERERkaGmwGqSHnnOugnFu0/fQ3ZODsVPHxzGafQiIqmw1pYtfvogLH2Tv9TANYjU1oPmxHaycxbxIvDyYd20SUREREREhp+WAhAREREZI3SeJSIiIiKjkZYCEBERERERERERERkhFFgVERERERERERERSZECqyIiIiIiIiIiIiIpUmBVREREREREREREJEUKrIqIiIiIiIiIiIikSIFVERERERERERERkRQpsCoiIiIiIiIiIiKSIgVWRURERERERERERFKkwKqIiIiIiIiIiIhIihRYFREREREREREREUmRAqsiIiIiIiIiIiIiKVJgVURERERERERERCRFruGuQCye18uHuwoiIiIiIiIiIiIiUSljVURERERERERERCRFaZex6l5XM9xVEBEREREREREREYlLGasiIiIiIiIiIiIiKVJgVURERERERERERCRFCqyKiIiIiIiIiIiIpEiBVREREREREREREZEUKbAqIiIiIiIiIiIikiIFVkVERERERERERERSpMCqiIiIiIiIiIiISIoUWBURERERERERERFJkQKrIiIiIiIiIiIiIilSYFVEREREREREREQkRQqsioiIiIiIiIiIiKRIgVURERERERERERGRFCmwKiIiIiIiIiIiIpIiBVZFREREREREREREUqTAqoiIiIiIiIiIiEiKFFgVERERERERERERSZECqyIiIiIiIiIiIiIpUmBVREREREREREREJEUKrIqIiIiIiIiIiIikSIFVERERERERERERkRQpsCoiIiIiIiIiIiKSIgVWRURERERERERERFKkwKqIiIiIiIiIiIhIihRYFREREREREREREUmRAqsiIiIiIiIiIiIiKVJgVURERERERERERCRFruGuQP+d4a1ndnAkxrPFK7exYWHe4Oz57WeoOgIL1r/Bk7MHZRf9ELtdetY39eM4w1vPfMScN1YRe/PA/hdQ+cYqZjd/wKsb91JfvJJXnl9I33ukmQ9++GP40+dZmAfNH/yQF/bWD2o/D9o+Am0S+DvFthmKY4do74/IPpD+6PE5Ge7qJM2ud78/zyIycsU+zxjs76XA91/ge2nwz8dG2Fjd8/wi3Agct5s/+CH/gz8d1PeUiIiISF8pY3UMOrLjGV79oDn49+xVb/CjN1IJqsYOZIfM5sk33uBHA3oB0swHP9zI22FXCnkLn+dHb7wxAk+2z/BWz4ue+r288MMPaI71kmES+f7o3QciIiLh6vdujDjPGGypnceMcfV7eeHtM8Ndi6QFgugiIiIi6WoUZKwGxMsiCASDilm1ciZv77XCglZGBWGBorAywjIsV83cy9t2JDFhFsaZt/nzHaGwY2j7aNkOvR+LPIEsZtW2yKzAQFZG4mOOsY1dv/q9P+aD+62ye2V69DiGUHZDeFD1CFXPHGHB+jf4bqOdOblgARw5Qj3FrNr2fS5sjJ7dcertZ6K2Z++Mk/CsuPs5Feynet7e+AzHVm7jz/hx76zNnpkaC9bzo1WBGoTafNXKC7wdaOuIbWI5xVvP7LWPP9A3Ye+tYF9Fe6yHMx9Z5QT3a9ervpZTzQtZmBfl/WL3S+/3YLR6Bbo7XpsuJC+J93mojG3M/EnvPhh5Qe2RJ/lxIeyzF5GV1OMHkfD3e5JjXfjYs2D9+kE6UhEZeWKcZ1y8BkR+j/TePsnv5PDv9eKVVJZF1iDyu64PZS5Yzyt3/SQiC7ZPepx/RI6jvX+YDD4f7ZQP/MEAACAASURBVPs9cC7W8zwh2IxJnLf0yk61yzjyEWdWzY48341a5x7fPwtWsurCXt6uD/VhwvOMPrRLoKzwfdfv3cif19plxjxPFRERERl6YyxjtT4YVAWo3/tjXo04mTtCVc9f8etDgQbrz428FeuH/p4nevb2f/72GWA2cxZY+zgZeH0wuPZwlKCqXd+NbxPcPOLCxK5vqhmOs1dRucAq+8K1KM83f8CrPY4h2eyG+iNH7IueMu6PdXabSnv2RbTpb0d28Oe92ulI6GLL3iZRPer37g3L1A30TR73lxUD9Rw7Ze+h+RTH6onfDlPuojhiv4EM39Sn10evV4p69cuPGcJkI4kj0bjQ/MEPw8aFet7+8U+4EFFClCzzIzt6Z5PFeQ9E7gOO7Egma11EJNlzl3jfyT1meNTvpSqpDMYUyjyyg/9Rm8zRxBHl/CP8HOfM271newTH2dkPswCorz0VbJczH1mNtuDhKEFVu879zgpOUGfOvB35/XNkb+ozVvrQLkd2/DD2OUg/zlNFREREBkPaZax6Xi9PaXv3up32/1kZlJF6Z3YFfiW3TvTrqWclr7wR9uv3hUaamR32q3eojECA48hHZ3hyds8sgWY++Il9EtzzV/sjP+GD7zzPwoetjM4Ljc0wO6/HSXMzp2rrIUqG4t998B02LLzGySNE/Cpv1WcvPz2zMKXsiil3WYHAQD2iipEJ8eQb66Fnlm1jsHEjMuSiS7Y9e8pj4fPboEcmaPMHkVud+Rfr5D2UDRHIhOjdTj3XZovbHhHHFyjzCCfPrOLJ+8sopj6YndN8qtaqQ9n9sbMn8u7n0WKor7eWZrDfCX1buy1GvRI2aWQhPTJw7cB7xAFE74NUP7MSEhq/Ykk8LvzUvuiNyPAJv0i1f8Dp9ZnY+y+cWRj+fov1HjjTax89f0TSe0Bk7Il//hUKCCZ77hLrO7n5g59Y35G9vusS1zH5Mq3ztf5MOA989/c6B/zJB3z3+YXWcgWrQtsHzkOtcdb68f3IkdCslZPWL+/MmU0K43gP9Xt54Zm9vR4uXvkd6/wtQZ2vfRQ+wysv/tqtfWwXu0bRZ/gsfJ5X6LGefODEL8Z5qr6Pxib3uprhroKIiIxhaRdYHVzFPGqnEAaCi8Hgl51B2OtkccH3gyd6eQu/z4K9OzhiB18jBLMUV/Ld4FOz+e7KYo7stU+cZz/MAo5wpPYUzQvvp/ECBE+aucaFeoh2gVJ/8Ro0N1pZaFFOkhMGBFMRCPgd2cGfJ7v8gS1uIDEgvD0DAclo7dknoQuRPwrWN4+F31/A2zsCAe1gRex2h9l2wDtx1QNBYztLtT4QnA60mTW1jov1hL/Xostj4fNvUBCRyXOEqmcuxF4+IOV6pVBIMLs2VIakgyTHhbBxJzhO2ds1WwONlT0fMXRcIOIjEes9EGUfwbFs4A5UREaRYBAt4blL8BUxv5OvXbR/2InyXZegFimUGTpf66tAmaEfS231Fwn/nTLWmqGBOh471czCgkAg1Q6AJhrHk/66jwxgxq9zs32eGnY+E/ajcLIStUvguN/e+AxvAwl/ZO7HeaqIiIjIYEjbwGryvzwGMiMH6U6tvTJYY8grYCZRArMRwjISzmAFYu1lABLXIbbwdcySETjJnVkQ7TVWwG9h2LSziHWtkt5LDMm2J4QuyJI2hZlRo+MDI3awMnCRd4STZx7GuhqKswxAmFAGS6C9rSUFFi7svW3gwir5ekWRcpsmpiyB3hkyqY9ffZBgXEjM/sFnSr8KAfQeEBnJ+j9+9e38yzp3GQus4Cf/ElqL9EdvRFkiIezH9w9mHiHxD7QQHMdjbdZzPfXgOUaicu0690XS5xl2UHj2Kn70xqqwgHNoDf/os7ESnKfq+2hMUYayiIikg7QNrKaN4M2ECE0dm1lAHhB5SRAI6oVPbwtMoS1mph28CP4yv8POlnh4do/Xx7pAOWMFbvu7QH/zB/xd+PSymKw1P58MTrkLtUO/hLenPT2sZ3sGp+oFnk9aHgUzgfrANGl7upy9RIMVSO77hVx97SmaF1rTEK3p2aHgdCD79siOHUDi7N3ABUQoyyJWtkwgGyW0z1TqFSylz20qwyvJcSFs3AmOU7Y860MRO6Mn0cVz4EejOPsQEYkqMH7EPHdJ/ONSYIZRYOp4HqHlSfpqMMuMHhA8w1sR516BbNBwgR/f7XVMw36gTTiOJ5K3kA3rL/a6eWn8OsMZa/APBWPP/EvMJRhinWck2keois/zo4UEl5pJvEzUIJ2nioiIiKRoFAVWo6/xZa3B1J+UrPqw6Ul2kQ9HO9ELTTnvNd0pbPp75BTa8OBmKOux53FYJ6OhE+7I6XRx7jwPxGqXwPSyXqLcgMt6Qc8MTKvc4pXb+LNYu44qdnsGTr57T3WLUcaC9bxyV+Qzs7+zkuIje3uXEbFEQx/1msoY1n8R0+MSZ5kEl0Hodayh11oBtd7tlUq9km/TVIX6IOFdiSUJ0T6nVjA10bgQCMgHx53i4shlTQJjTpTPRHI/0kTZh4hIUvp67hISXN4kxnqhfRGtzOLiZOa4xx6rZwd/YO15Drg+bG3VGOeqtuA5DD1+oO33OI5989IjVB2p5+0ff8D9zy8M+1E4Wp1nB5MB4p1DJDrPiL+PKTHXy+15rm2Vv4DK9VCV1HmqiIiIyNBwDHcF0l7xSlYtCP9zW+xf3Gev4kfrF0Q8VLxyW4/Ak3WRAfRaBiBv4fO8srK41+sD+5u96g0qI4tnwfrU7yK/YP0bsTMeohwDLKDy+ch1yPosTnvmLfxTVoUVvWD9eiJrYgWv48pbyIZtK4mo4YL1/GgAljEoXrkyrD7FrNoWnkFoB8YhuZP7aPWMuNDMY+Gfhj+/gMpe/ZK4XonbNFVJ9IEMqETjQt7C58PGhQVUPv99ZkZsPZsn3+jZ7+Gf6eTqUBnxuV3Zz/eRiIwV/T93mc2T2yK/D1f15zwkSpnFK7fxZ2X9LDLa93rxSl5ZNdva3/oFkY/b2x75KCxr1/6RtvcPtP0fxwFmr7LLqN/L//igOUGdgdmrIr5/ileujzinsA47wXlG3H1YN8XsWWbkd9z3I8tLeJ4qIiIiMrQM0zTNgSywvr6eaQUFfX59YK2cYV+zL7AeVX+n3kcRWFcr0bQoGVl6T++XsaLvaxT2V+ju2L3u2jwIY5eIjD7DN34No+DsnNAyKzo3S0bgO2eQ7msgkqK0uW4UEZG08FVjozULaQBVVlYm3GYULQUwUoTuXB9/jVMZWQLrmyZzswmRgRJYV7j33aITrfMrIjJmTbnLXjKl59R8nZuJiIiISGoUWB1CoTuewoL1+qV/1Ahbl7Z45Z/qxgnCqdOnB6Sc+++7L+E2s1dtY9WFHmvULVivrGkR6ZPW27eHuwqDL+vb/B9r66ncWRv2YCHLNv4B02/fpnXYKpbu2un0AXhoVztJGsga7gqIiIigpQBERPqt51Ta3yz6q6SCovGcOn2632WIiCTSc/zqrPjHYaqJiEhqsqp/H9B1o4iIWLQUgIjIKNP+0ff69Lqch/9pgGsiIiIiIiIiIgPNMdwVEBERERERERERERlpFFgVERERERERERERSZECqyIiIiIiIiIiIiIpUmBVRCRdNdWwuaKCzTVNPR7bRV3C1yXYps9V2sJTuwaj5Pjl1+3q0Q4J1bGrooKngv8StUcT72+poP+HFl5OHbsqtvB+KtUWERERERGREUM3rxIRSXPndh+krnwNpcm+oPk85wapLvnlm9gzSGXH1sTlBqAo+VfU7XqVmsUb2LOm1P67gle2FLFjUzn5g1NJWz5LNlVb/9v0FeeBwkHdn4iIiIiIiAwXBVZFRNJaCatXwyu76oJBwnBNNVtYv9sKo5asrmJzeTO7Xj0EwCu75vV4TRPvb6lkdyDqWrLaDjTWsaviVWrsh8s3VLOm1A5GHrIftIOUTTVbWH9+BXvWlIaeL1lMOYdgRTVrSuvYVbEPFkPNoXNW/as2sSQfK5O2crcd9F3MC9V2sLhuF0+9eggooXxx7xZoqnndqvO513n/gU0syQ+vb1g5Ycd5uQFK5ucFHyldU20HhK02ODq/is3l+da+9xWxY9MD1obHA3UJtEPs7T/dUklD4WJqDvXevmFFFYX7rGM993oND26axsEobSwiIiIiIiIjl5YCEBFJdw8sZXXDvt5Tyut2sX53IS9UV7OnegNFuyvZVVfKmg2LgcW80DNy19TM9HXV7LG3Lz93lE+boKlmn5XdWV3Nng2LqdlXQ1NTDX97aHGw7PJDPfZft4tXAs+vK+J8RIrsOc4XrWNPdTUvLD7H7oN1QB27Ko8yv8ra/47VDbyyy3781UOUb6hmT/U6Cht659rml69jdQmUrF7Hkvwm3t/yKudXV4XK2VJDZNPks2TdathdaS0D0Ov52GoaitgRaIdXEy+nUMM8ux4lVrv1qEMJJaxeVw7R2jjJOomIiIiIiEh6UsaqjAiGYWAYBhgGHp8fr9eP129imiYYBg6HA7fTQYbbRabbSWe3ly6Pj45uDx1dHjq6vNyVP5Hxzht4Wk6AMweHaxyGMwfDmQXOLAxHJhgZ+L2tuHJmYvq6wPTjMx2AE9O09uc3TTDN4W4SGVPyWbJuPpsP1rFkaejRpq8aYPEKO1uzlHmL4W+/aoJpsYoppTQia7WE1UD+A/Mp2f0qTx2yMin3bAJoYn7Jbl6pOGRlq1ZvsvZpF1V33Hq8FCD/AeaXQEPYroqmWRPu84pK4Dz2tPhz1FRWsDu41XHq5kENi3nBKogH59vbx9RMw7kS5q+zyrfqfp5miJzin1/O5upyq667KlhfsdvOus3rVWK4kvkPWOWUzqOcfVxOEP0sKbLKy58Wf8J/9DYWERERERGRkUyBVUlLhmHgM8Hjh+xMN9dudeAwDNo6u2nrsoKlnd124LTbGwyedtp/R7NiwX3kZDTSdnZHEjVw4MwqwBH8dxeunEIcWdNwZ+Zj+joxjQxMHJhk4vf7rSCvyGDJL+ePqWDXZ6v7XoY95b58QzV7AlP27bI3V5fbz1dYgc7qNSzZVM0Se5mAQEBwafw9JBBl2n7drn6VmIzSNdXsWVrD5srj1K3p3xH0WYw21moAMrKc5Z3KndSWraXqiVlhj7dw7LVtXH6sioiHkynxnUp21kZ5otc+hpp1TCfnbOTZR3OHsR6RWo69xrYDsGzjs/S7Wi3HeG3bSeZsfJZHCfv/eOW2xNsuPdtMREREZDApsCppwes36fSaOJ0OJuRkcvN2Jw1Nt7jUfItLza3c7uwe4hr58XVextd5OcbzDpzjv4ZrQinuyd8iY+L9GO6J+D0d+I1M/H7w+/1DWmNJPzkP/9OAlle6ZgPHK17lHNZCpPnTCmH3cerWlFJKHccPQdGGBLdmKlnN0lKg7jg1wGqsdVr/mnVsLl/DnqoiNleet9ZDfR3+46Zy1lRXUbilMiIjtXTeYnjV3nfTZxw9l+DeUvnTKGI3f1uzlM3l+dZarUfns2PTPMp5leN1aygtbeLTo+cS3O0pj8KScxz9rIkl5fk0fXaUcyXzicxDtYLB51fb66IGj72IPPKhEM6dt3Jc644fslvBcu7oZzSVl5Nfd5waCnkhP/72yYraxiIjVe17HCsfgMBeQM8gassxXtu2k3ceSj1QO7q18OuTUFYGJ3/dwqMKXoqIiIgMOwVWZViYGHR4/DgdDiaNz+JS8y0uNrda/712C4833YOSfny3z+C7fYaur/4eAMM5DueEUlwT7iXjjjm4cmaC4cZvuvD5DUwFWseUU6dPD0KppSxdXUJNYC596Rp2rN7C+ooKwL55VSnQVEQJu3vfvKp0HuXnXrWnxa9mdckhGpphSfk65m+p5Cm73PIN1ZTmw3+cv8XaFqxp9KXQ9FVo3y8srrCWCihZTHlJ4rqvqVrN5srAfhbzQnU5+cCaDYvtLM4SyhdHKyif6YVwbrd986pNG2io6F1O7H0FtltDPpA/bzG8amfhLo68W1ZJ4Xn+uqKCc4F2AIizfVz50yjiHLtfr2HHpihtnHxJImmlsBAO7DnGvc8+yqCE9nIf5bGyA+z85CxPzFJkNehsDQeYw8aHLrNtZw1nH32CfrVO7qM8W/Wo9f8tA1FBERERkbHHMAd4/nJ9fT3TCgr6/HrP69aaeO51NQm2lJHE6XTS6bUCqRluFxeabnGx+SYXm1u5fK11SOqwYsF9TMv4kluf/qch2R+AM6eYjLz5ZOQvwZlVgNfnxW+68Pt8Q1YHGXyBcStgzI1fTTVsrjzK/KpNLEmQMCsi6aXn+NVZ8Y9xtraWAmDtWti5k0vLAlO+ey8FYE1Zt/PcC5exMUYQ9uw7leyk97T/no/HLa/lGK9tO2Bn1RdGTJOPWGogLDP27DuVvEcZ1NbSECgvvJzCMsqo5VJgWvvZd6gMFlQYZyq+1RYHgin+ZaytsgKgCfcZt1z79dM38uyjLXY/2O199h2sPwOB1h5T8iPqDoWBfou3FEBEvcLaLvCaZTM4cKA2srwoSwHEan+RgZBV/fvAGDzvEhGRqL5qbKS4uHhAy6ysrEy4jTJWZdA4nU48Pujy+WluaaXh6k0uXWul6Wb7cFdtyPja6+loqKejoRrDPRl3bhmZd36HrEnfxOdpxW9m4lOQVUYie73WgJLVVQqqiowZs3hibRmVsbImz77DtgMzWFv1LLPsYNu2d6YmH1RrOcZ7tVC2dlaU8qxgXai8s7yz7QAz1lbxbCDIuO0dplY9Qe6x19h5aRkbqx4l1w4KvzY9FPRrqIW1VVWhYOSeA7BsI1XBYCQUzsHax85LLNtYZQUdz75DZYyM3ZZjezgwYy1Vz84iEGh871h5jH3GrnvvljrLJ7WFzNmYC+RSvqyQbYGM3lkPUcZOPjn7BLNmAS2/5mRDIXOeyo1e94TZrlZbBOvVcozXttnLP1hHwYGTc9hYVWUHhrfxztTeyza0RLS/1RavHdP6qyIiIjK6KLAqA8rhcOA1DbIz3Zy93MJn9Vepv3JjuKuVFkzPDbqv/DPdV/4ZAPcdj5CRv4is/CX4vF34TLfWZR0lBmoZgPvvu29AyhkUpWvYU71muGshIsNl1hOsLatk5zsPUfVEZKDs7Ce1ULbWDtzl8uhjZRzY+Qlnn5gVPZhXu5PKHjewKly2MRioO/tJLYXLNgZfO6t8GYXb7PLOfkItZawNPvkEVVUALRw72UDhnKfs4OcsKxh58te0PGpPfy97KFSfiGAkMKucZYW1nAzWqIEDNWd59IlZ1j6ejd4suY8+S1XwrxYuNwBzwjYI3+fZT6gtXMbG0IGxrHBbKEAa7uwn1JY9RpVdvdx751B4INCms3iojNDSCS2XaSh7jGdzreN+IqyyLVcvATOiVz50FDz6bOgoaLlMr8N4zA4qRyzbEP4+aOHXJxsoe+xZu/3t98F7VvsrtCoiIiKjhQKr0m+GYeDHgcvtoulGG7/8opHTDc3DXa2057n+IZ7rH9L2m/9CRt5ismb+Ce7su/D5HXjTfo1ZSaS/QdHBWaNVRGTgWAHOnbzz0EamBx9t4eolKJyTQuisrOeU/xk8FsxqtMprqN1G5YHwFxVytQVyrZ1FCdRZQc0ZjyVZj5bLNDCD0Oa5TA3GH2fxRNVaqAwLAMea1t5jyYDCODfja7EOjG2RB0bh1RboEaQ89l4tNNT2CkAHsmHDg818UkvZQ0+EXhu2NEFhvApFHEbYFP7Cwh73FCxkelj1cqcXQq97fVrtX7uzksgql9ECCqyKiIjIqKHAqvSZw+HAZxo03Wrni8abnGq4SkeXd7irNSJ1Nx+iu/kQjqxpZE1fRua0xzB9Prx+l7JYR7CfNjj69LrvFqrPRWQEyH2Up5adZNt7NZSFHmTqDGi43LfwWe6jz7L2ciU7X5tur6NqlVc4J8YUcmtnUYJ1uUwvhJO9gpSxdjydQk4S2twK6IYixrN4oqqKJ8CeGr+Tdx7qOf3dCoD2WnM01i6tA4u5/myo2F9zsqEsbA1V++FjrwUzcHNz72VO4QE+OfsQ1JYRjKuereFA+GvtJQ7iajnGe7Vh673a66rG3PxyQ5RHrfYve6z3EgEiIiIio0nfrvplTHM4neB003y7m4Mnz7LvaB0ffX5ZQdUB4O/8ivYv/orrP/s92j7/Lzi6v8DtaMPpHO6aiYiI9Jb76FMso5basNjarIfKoPYTzgLBbMvwKfAJzHpiLWUNB9hzrCVYXsOBGrs8K6BYWfmO9feshyijlk9CT/Ja5Wsca8nl3jmFNJz8tX3D+7PUHGigcM690YOYufcyp9Ca7m+V82tONvQsM7DtVGb0yNoMZwWVsYOa8Q70IcoaDlATUfdK3jkbuVnLr0/SEKX9cu+dQ2HDSX7dAmAdb+3OnVxaVt5j20tcbYFgXySlgdBhhN3Eyn4u1E72ergP9aqdVZ/3jhFotrPvVFL5WuhvERERkdFAGauSPMOJ0+Wk/soNak9fpPnW2LkJ1XDwXDuK59pRDPcd5Nz9p2ROXYLP48PrN4a7aiIiIrbAGqphAbtZT7Bx2WtsC9xFtXAZG1NKW7TXQz0QuClSj/IoZNnGQPbmLJ7YuIzXtlUSeLZsrX2jJjv7NTjVvmytdWOqWMfx7FouB6f7l1FWBpcAch/l2bWXqdxWSWDSfuGyjTzRq6hAW9hllK1lbVktO2Nm7/aue/jashYrIBy8kVfE7qws1cDar7n3zqEQmHNv2L7sdVsPbKvkAIUsW7uMwp12Zm6Mlgium2pP4y9bu5ay2p2EDqOQZdM/odJOfe1d50AxPdqfMtZWaX1VERERGV0M0zTNgSywvr6eaQUFfX695/VyANzragaqStJPHhPGZ2fx8blGPqy7SEf3yMxMXbHgPqZlfMmtT//TcFelTwzXRHKKnyFj6u/g83rx+hRgTReBcSvgN4v+ivvvu69fSwGcOn06vW9eJSKjQs/xq7PiH4epJiIiqcmq/n1A140iImL5qrGR4uLiAS2zMvjDfmxaCkBi8mOQlZ3Nh2e+YsffHefwL78csUHV0cD03qLt8/+HGx8+ga/lEJmZTlxaImBsaKphc0UFu+ribbKFp+JtEKGOXRVbeL+p7+Wltj97r7sq2FzTlNT+RURERERERNKdlgKQ3gwHhtPJmYZmDn1Sz4CmNEu/md5W2j7fTvsXO8kufobMO7+L1+vBpwzWUavps6OweDHnj9dBaekAlFjKmupNcbfIL9/EnjjPN58/l+I+m7jcABQlt38RERERERGRdKfAqgQZDgc+HFy+1sr7n9Rzu6N7uKskcZi+NtrP7qC9/r8z7p5nyJiyGI/PzQCv7iHDrolPj8L8dUvh9dd5v2kTS/Ltp+p28dSrh4ASyhcHtq9jV8U+ClcXsnu39dzqqhU0VL5KDVCyuorN5c3WNlWbePCzLaw/X0j5oUPUACzewJ41pTTVbGH9+RXsWQO7KqzXApRvqGYNu3jlEMCr7JpXReG+ShoKF1NzqIHVVZtY0hyoV+g1S796nd3ngHOv8/4DK2iotPa/JL+J97dUWs9RYr3efswq81BovwMRUxYREREREREZIFoKQADwGU5utHv4u5/V8Q+1ZxRUHUl87bR9/he0flaJy2zG5dRyDaNK02ccLVzBkvx8HpwPRz8LzJ+vY9erhyjfUM2e6nUUNoRnkJ5j9/l57Kmu5oXF59hdeZx51dXsWF3CuaOf0WsG/iGYV13NnqrVlBzaFzFFv6lmHzWLN7Cnupo9GxZTs6+GptI1vLAYWLwhGOysYR57qq2gbx3WvvfY+6w5Xkd++TpWl0DJ6nWhwDBQt6uS3YWB8gvZXbmLwAIDNXY5O1aXWPsdyHYVERERERER6ScFVsc4PwYOVwY//egcb9V8xpXrbcNdJekjX9vn3PzoKboadpGVnYVT66+OCk2fHaVonhW9zH9gPgQCo3XHqWEx1lP5PDi/JOJ15fZr8opKYPE8SoH8aYXRd1JSRB5A/jRrpn6Y/AfmU3LoVZ6qqGAXa9izqZz8qEXkBf+/tLTUyqatqGD97nhLBljLAwTqSuk8ymngclNkmTHrLSIiIiIiIjKMtBTAWGUY+HFwrvEG/+vnqa6VKOms66uf0PXVPzC+9CUyJn8bj9el5QFGrDoO7j5HDRWE7ndbwqdN5SwZqirkl7O5utxedqCCGhbzQvWaOC+wp/azmh3V1VCzhfXnh6qyIiIiIiIiIkNHgdWxyOHExOAfjv2ayy23h7s2Mij83K7bjGvCfYwv3YTPyMTnzxjuSo053y3096+AuuPUlKxmR1iWaFPNFtYfrGPJmnmU8yrH69ZQWtrEp0fPwSAkdjbVbOGvWcfm8jXsqSpic2VyUdLyFeXk08T7ceuVz/RC2H28jjWlpXYWbiEv5MPlATsCERERERERkcGhwOoYYhgGfsNJ3YVmDv3yy+GujgwBb+tpbpz4Y7Jm/DFZM1fR7dVHfqicOn2632XUHT9EyfyqiKn3+Q/Mp2T3cerWrGHNhsV2FmkJ5YtLYpbTH/nl65i/pZKndlt/l2+ophRoKiqB3fbNqyJfwYPzS9ht12v16sVw9CuaKGV6IZzbbd28KqB0TRWrt1TyVAUEbl5VSpMCqyIiIiIiIpL2DHOA5wjX19czraCgz6/3vF4OgHtdTYItJRWGAzx+Jz/5WR1Xb7YPd3WGxYoF9zEt40tuffqfhrsqw8I57mtM/OZreD0+fKYWYB1IgXErQOOXiIwUPcevzop/HKaaiIikJqv69wGdd4mIiOWrxkaKi4sHtMzKysqE2+jmVWOB/zatV06Snekas0FVsW5udf3Y96D9M9yOruGujoiIiIiIiIjIiKZ5waOZ6cdhdHH25H+j8ew/8a3HfsST5Q/wVs1nw10zGUatp14gs+Axcu75j3R7DN3YahAMxDIAAPffd9+AlCMiIiIiIiIiA0+B1VHK720ne/wdtJv1RAAAIABJREFUnPi7f0/b9XMA/OK9P2fh6p/xYPGdfFp/ZZhrKMOpq/E9uluOM+mbf4XfOQGvT8nrA62/QdGBCs6KiIiIiIiIyOBQYHUU8nRewTA9HPqf3+n1XO2+P+TfrvxnBVYFs/saN07+CdnF/4GM/N/F488a7iqNOr9avrxPr/vG/v0DXBMRkeRMGD9+uKsgIpIUz3BXQEREBK2xOup4Oxu53fQpJ/7uT6I+393exIVT+/gPj317iGsm6aqj/r/T2fA/yXDp9FREREREREREJFkKrI4ipqeFS3X7qTuyNe52n9f+3zi8N/jOwyVDVDNJd12N73H79H8mM8MY7qqIiIiIiIiIiIwICqyOBqaPDLeD0x+8xKXT+5J6Se3ffI9vFE1l0rjMQa6cjBTeW59x4+RKsrJcGIqvioiIiIiIiIjEpcDqSGd2Y5jtHH3rd7h55ZcpvfT0B5tZ/W+/OUgVk5HI9Fyn5X//Lm5u4HSYw10dsdXtquCpisC/XdTZjzfVbOGpXXVAHbsqtvB+Ux8Kb6phc1iZkU9tCdtvBZtr+rKDHup28dSWGgagJBEREREREZFhpcDqCObrvk779Tp+9v9+D5+3I+XXN35+kNamU/zJom8MQu1kJLtxciW01+F0dA93Vca4Jt7fUsErbGBPdbX1bwO80isQWsqa6k0sye/DLprPcy7qrmv4692wusreb9Vq2F3JrmgR2FSUrmHPpnL6UlURERERERGRdOIa7gpI35i+Vm43f8apQxv7Vc4vDv57Fq2p5f7CfE41KIdMQlp/9RzjS1/GkXMvfmPccFdnbGr6jKPnFvPCptLQY6Vr2FFVR2TKZx27KvZRWGUFV+t2VfDKIeuZktVVbC7Pp6lmC+vPF1J+6BA1AIs3sGcN7HrV2vCVXfPYsyZsP83nOUchfxyIgOaXs7m6PFS1mi2s322HZBdvsF5bt4un9kE5h6jJ/w4lx7v54+o1lAa2PzqfHSvOs35fETs2lZNft4un7P0HyyB6/WmqYXPlbjsIXMLqqj4GkkVEREREREQGiDJWRyCf5ybXL9X2O6ga8OGBFXx3zqwBKUtGl9t1L+L//9m78/io6nv/4+9zZjLZFyBBgpCIY9GgoOJCUKNksK6gVi3VWtLEahe01yXt7Q3tvcBthdvegu2t0kX7SzrpJl5tq9Z6a0naRm1U3ECJWwpEJMAQ1qyz/v6YhH3JMjNnJnk9H488HubMOd/veyLM45EPn/M5O+tlN31WRxmRPOsa1OwsVO5hx/PyipR3jKKip27JQR2uVSqsWXlgREC9VNzbfeqsX6XVniJVVJVKKtXCg4uqklRUoYWl9VraOwbgkE7VpupwkdTtVq17ucpblh14vblFBQvcql1whUqc9WrsPb5jU7Nc8w7uVG1S9bJ6uaoOXeNY+ZueqZHKl6vW7daKcqnmmaG2zgIAAAAAMDR0rCaYgHen2tve0bsN347Yml17P9LH7/1BX7z6Kv3sT69HbF0MD50bVirNsMmWe7kCwSSr44woefkFA75mx6ZmqX6Z5tcfOOZc59E0Seor0ublq7AfaxVVuFVbod5u0TLN7+0UndbaIjXX6/6ymgMnNzapoliSCjQ+T5LyNK3EqYZWj1S0Q431pSqukA4MiG3VJpXqM0Xhc2cvckuSmhqPnn9xcamal1Vqfk04Q+2B5lkAAAAAACxBYTWB+Lq3y7vvI71TtzDia7/X8G1dfFuJXOecoro3N0Z8fSS2zn/+SOmmTfYxLvkDfGzETG6hnM2btEM6ZCZpU3WZHitcrruOcdn+2+cP4qkbQo7eMQBN1WV6rK9Ie9Ct+weCNR562dQSaeU6efI3qa60WBX93O5o+aUK1borwiMFKstU4ywPjxMY5FsCAAAAAGCoqJAkCG9nqwLeXXrrz/dGbY8Xf3WFXHesUeO7m9XZ7Y/aPkhMHR/+QOlGkmyjLqFztZ/OevzxoS2QN1UlzppD5582VWtpfakWuvOkoxRLcwudaq55Rk2uChWpSdVly6Qqt+YMcOvwDNUCLeydkdqnMD9PeSqQalZp9ZxFmp3n0eollWooWa7F+UfJr5V6eFWzXPMOK6vm5atQNWpsqlBR0YE17jpG/uLGMjUWu1XhWqTa/PAsVwAAAAAArERhNQH4uttkhHr0xh+/FPW93n1xme648uv6nz+8GvW9kHg6PvhvpU+2yZ5dLH/IYXWcuPbO+vURWCVPsxctl5ZUan5Z37HS/cXOoz1uLs+1SAs3lWlpWfheemf5ci0ukjytx9git1BO1Rzx8KrD1zl4LalCK8p7O0elcPeqK+/Abf4H559XoJplBb23/B+sSBXLy3tHDEhylmuFK095Onp+FVWpsaz3XDlVvryCblUAAAAAgKWMUCgUiuSCGzZsUP64cYO+3rcyPDgvacFQ7lsdPgKBLpnBDv1j1aditud51/9Se0L5erwhEoWh+DHv0inKd2zU3rXR6/odKTJO/6bM7Avlp3NV0oHPrT58fgFIFHx+AUhU/N4IADhY69atmjRpUkTXrKysPOE5dKzGs1BASTbphd/GrqgqSa/94XO6rKJRk08erfc/3hnTvZEY2t97QBlFi2TLvFCBoGF1nLgTmW5V6cwpUyKyDgAAAAAAiDwKq3HM4bDrrzWzLNn7tafKNOeGX2nFk40nPhkjUnvTEuVc+JiCRpYi3Pg+LAy1KBqp4iwAAAAAAIgOCqtxKiUlRXU/v8Cy/dvb3tfWf/6f7rhqlh597g3LciC+7X7lMxpdUq/uri6ro8SleX/4zKCuW3X9YxFOAgAAAAAAIs20OgCOIrhP9TWXWJ1CTfXfUorZo0unFlodBXFsz2sVciQFrI4BAAAAAAAQUxRW44xp+PRh4wqFAj1WR5Ekvfir2bpg8ng57PxRwdEFOjeqs/lHSrL5rI4CAAAAAAAQM1TL4ohpBLRz8wvavuEvVkc5xAeND+pL155vdQzEMe/2P8vreV42g+IqAAAAAAAYGZixGicMw1Ao2KX1f/0Pq6Mc4aO3f6Vxk6/Tpy4+Q7978V2r4yBOdf3zIWVmnCYzdbKCTAaIDE+dFlfWqPmww87y5VrsyhvgYk2qLlulguWLNHugl8bF+gAAAAAAxBcKq3HCZvr0yu9vtzrGMb365Gc06/aXNWlcjjZs3W11HMSpfWvvVeY5j0hJE6RQyOo4w4RT5REpVhapwr0oEoEsWh8AAAAAgPhCYTUeBPbqwzWPqLu91eokx/XGH7+oG+Y8ogeffNnqKIhjnR/8lzKn/UBen83qKMNcuENUpVJdfbMOKcA2VWv+snpJTrlKpTrNU22F9neUTlu3RPdvKpCrvl51klRapdqKovCq1WVaWh/e4eDO2KMd99QdWGdT+VdUWPPnE6zv0eollappllRaKld9Cx2uAAAAAICExYxVi4UC3drX1qQt7/3e6igntGfbW/JsqNftV5xjdRTEsUBHs3pafy+byTyAyGhWTWWZ5pcd+KpuOvDapsIFqnW7tbC0WTXPNElqUvWyermq3Kp1L1BBy+GDBHrVS8Vut2qXl8tZv0qrPZKnbomWqkq1brdq3VUqrFl53OMHr7PYldOP9VeqRuVa4XartljhoisAAAAAAAmKjlWLOZKTte75r1kdo9/eqfuGLpn/V100ZYJeWr/Z6jiIU10bf66c3FkKGrkKMRJgiI4/CqAwP/xCbqFT2iSpqVF1KtXCIknK07SS3uNHLFuoXEnKy1dh76Edm5ql+mWaX3/Qaes8Gn+M49MOXueE63u0tqFZzpIFypOkomK51NKvnwAAAAAAAPGIwqqFTHXr9We+anWMAXuhdpZcd6yhsIrj2vPWvyjngl+rx2t1EgzE0R6M1VR99OMeWk4BAAAAACMYhVWLGKEebW56TPva3rU6yqA0r1mpu+beqYefXmN1FMSpkG+XOjf8WMkTb5c/6LA6jiVWXf9Y7DctKpZLy9TYVKGionCXqAr6d2luoVPNNc+oyVWhIjWpumyZVOXWnGMdH1CwcPdsTcM6eVwu5TU1qk5S+cDfIQAAAAAAcYHCqgVM01T33lZtfONRq6MM2qY3/59OOu1a3XDRGfr9S4lZHEb09bQ+peQ8l8yUyQoGrU4TW++sXx+hlcIzVmsOPuQs14pF+cc4v0gVVaWav6xMdXLKVers9055rkVauKlMS8vqe7dZrsVFkoqOftwzwOft5bkWqLyhUveX1YQfXjWwywEAAAAAiCtGKMIDEDds2KD8ceMGfb1vZfhX7aQFw/ce05TUVNU9eoGkxJ89WfqFV7Tq7+u1ecc+q6Oc0LxLpyjfsVF7195rdZQRZ3RJvbq7uqyOETV9n1t94ufzy6PVSyrVUHLkbfyWa6rW/GXSQneFiqzOAoxg8fv5BQDHNxJ+bwQA9F/r1q2aNGlSRNesrKw84Tl0rMaYaQT09uoqDYeiqiS9+aev6tNXP6QHn2y0Ogri2L71i5V26lflC6VZHWUECN+qv/9XDGe5VsRJUdVTt0T31zTv/95V5aaoCgAAAABIWBRWY8gwDAW8u7V9w/NWR4mYXVteVttHL6j8k+ep5vm3rI6DOOVr+5tCBfNlJmUoOAJmAkRqDMCZU6YM4qoiVbjdqohIgsjKcy1SLff/AwAAAACGCQqrMWQaPr3z9/+0OkbErfvzfSop+7sunDxer7y/xeo4iFMd7/+XMs76voIaGQ+yGlxR9IDIzWgFAAAAAADRQGE1RgxTat/5nnZvfd3qKFHx4i8v16zbX6KwimMKdHyowJ41smXNVCBoWB0nJn5+zeDmyn7h2dQIJwEAAAAAAJFmWh1gpDDl1bsNS62OETXBoFcb36zWXXPPtzoK4lj7e9+V3ZFsdQwAAAAAAIAho7AaC4FO7dj0N3XtbbE6SVT9c83DCnRv15wZk62OgngV8qlr46Oymz6rkwAAAAAAAAwJhdUYcKRm6P1/fN/qGDHx8qrrNfnkURo3Kt3qKIhT3Zt/K9MMyjBGxjgAAAAAAAAwPDFjNdqCndr01pMK+DqtThIz6/7yr7pl9vf0g9+9bHUUxKmO9/5LqZ/4N/lDjAU4Lk+dFlfWqPmww66q5SpYVamWeW5VFFmSDAAAAACAEY/CapQ5UjK14fWfWh0jpnZs+qt2t67R/NlTVbt6ndVxEId8u15WckeTzPTpCgaDVseJc06VL1+k2XmHHV7ktiQNAAAAAAAIo7AaTaEuvf+Pn1idwhJv/WmBLv18g851jtMbzVutjoM41P3x/yrjjCnyBh1WR0lAHq1e0tuxqmrNXyW5VK+6ZknOcq1Y5FKepKbqMi2t77umVAvdFSpq6t/5rqq+btgmVZctU52kYxZ5AQAAAAAYgZixGiWGYcgI+bXl3SetjmKZlx6bK9c5k6yOgTjl3/26Qr69zFo9oWbVVJZpflnvV3XTUU5pUcECt2rdVXI11+iZJklqkordqnW7VeternJnvRqbjnN+U7WW1pdqodut2uXl2rSsWk3yaPWSZVJV7zpVBapZWSdP7N48AAAAAABxi47VaAl16b0X/8vqFJbyd+/WR2//Vl++9kb95I+vWR0Hcahz4yNKO+1r8gWSrI4Sx47WJXp4abNA4/MkKVcFTqlFklSkoqLDulCPc76ntUUqnaciScpzabFbkprU2CzVLSvr7VgN51nrcdG1CgAAAAAY8SisRoFpmjJk0+7ta62OYrkPGr+vmae4dNX5Tj235vBH8GCk87U1yDjtHhmGQ6FQyOo4w0vvg69Uvly1boVHBwxqIW7/BwAAAADgaCisRoG/y6b2bWm69HN/UcfujXqn/ltqb3vX6liW+cdvr1HpF17VK+99rJ37uq2OgzjTtfHnSjnlS/IFht+s1S88m2pxglJ9xpUneerU0CwVHufMvPwCqaZRTRVFKvLUaXFlg0qWL1CBs1k1zzRpdkWR1FSt+csUntUas/cAAAAAAEB8orAaBUkpdj3+5Z2SpKsW5+uC62vl7dqh9176rnZs+qvF6ayx/q//rrLL/1M/+N3LVkdBnOnZ9ielnXqXFLA6SWS9s369tQHypqrEWaOlZfWSs1zlpVJDq0fKP8b5RRVaUb5E95eVSZKc5cs1Oy9PWlSllrJlml8v9XWvUlQFAAAAAEAyQhG+/3bDhg3KHzdu0Nf7VoanACYtqDvBmfEp5LOr6Vm//vHTrkOOX3pvms681qFAoEPNax7SlqYnLEponXOvfVTdyU79uv5tS/afd+kU5Ts2au/aey3ZH8eWcvKn5Tj5c/IHE3PWat/nVp9E/fwCMPLw+QUgUSX6740AgMhq3bpVkyZF9gHqlZWVJzzHjOiOkBGyaf3TPUcc//sPOvXjT+7WG7+2yXnev+qyz7+gSdO/ZEFC67zxxzs0NitZZ53CsEYcqvvjx2WKMREAAAAAACBxMAoggkIBU7s/CmrPluAxz3nV3a1X3d06c26yiu+oUOHZFdr6wdN694UHYpjUOi//70268pan9fbGw59qjpHO2/YP2XOvkH8YjASI1BiAM6dMicg6AAAAAAAg8iisRlD3Tpve/kP/uu7eebpH7zzdo1MuStJl98xV6Rdu0I6Wv2nd81+Lckprdbe3anPTk/riNdfqZ8++bnUcxJGerX9UUu5lkpKtjhIRQy2KWj6jFQAAAAAAHBeF1QjKyrfp/b94B3TNxpd82viST2NOM3Xlty6W64412rP1Db3x3FcV9A/PW6Pff3GpLiq8TJefO0l/eWOD1XEQJwIdH8gIdskwUhTh0c+WeelXJYO67qLbGiKcBAAAAAAARBozViPE32lq/R+PnK3aX20fBvXr8n36+fU71dV2pmaVv6ALb3xMadmRHbwbL1769ZU6+9Rxykx1WB0FcaR7y+9lM3xWxwAAAAAAADghCqsRYpoOvfPM4Aurfbr3Sk/c3a6HS3fK8+4EFd+8Shd95hmNGj8jAinjS1PDd1RxxTlWx0Ac6dn2nGxJFNsBAAAAAED8o7AaAYZhqGt3QG3NkX3qzrPf7NDDrl3a8OIonXPlQ7rktr8o/xNzI7qHlVrf+706dr6nz1x6ptVRECdC/r3y710v0+SjCQAAAAAAxDeqFxEQ6LJr7ZND71Y9lrrvdmjl5bu07nfJmjzz33XZ5xtUeHZF1PaLpdefKlP+6FSdMXGM1VEQJ7pbfy+b0WV1jPjgqdPisiVa7Tn8WLWaLAvVl6FM8w/7qrY0FAAAAAAAsUVhNQJSc+xDmq/aX42PdOknV+7WSz8NauKUL2tWRaM+MfNrUd832l793W265oJPWB0DccK34++yJWVYHQMn5FT5crdq3eGvFeVO1a2qk+fEFwIAAAAAMCzYrQ6Q6AzDpg/qeqQYPsR87RM9WvtEj06blaSSr96kCbfP0/YNz+ud+m/GLkQEde7+p7Z++KzuuGq2Hn3uDavjIA50ffy47GNvUiAQ2fEaw42nbonubyjRikUu5alJ1WWrVLB8kaatW6L7N5WovKVGNc2SSqu0onCV7g9/o4XuChXJo9VLKsOvS5KzPLxOU7Xmr5Jcqldd80HHT5Alb2qJnDWbtENSnqSm6jItre9berkWu/LCna6VNQpv6VT58kWanSdJTaouW6Y66aB84WOqcquiqPe9bpqn2gqpumyVVCrV1RdooXuOtux/HwetechefWsemkulVaqtKIrA/wkAAAAAwEhEx+oQ+dpNrft9tyV7f/hXn6pv2qcn72lXcrJLrjvW6JyrV1qSZaia/rZIKWa3Ss8+xeooiAP+PWtlKvpd4ImhWTWVB91yv79YeAL1DdICt2qXl8tZv0wPa4Fq3VVyqV6NTZI8OzR+QV/HaZVczQ1a29du2tyiggV9x2v0TD9u8fesa1Czs1C5ChdBl6pq/9qFNSu12iM1PVMjlS/v7XCVap5pkuTR6iXLtGn/8RYtXXKiztdmbSpcoFp3hXLrVqpG5Vrhdqu2qkA1K+vkUZOqKxtUstx9YM3qJslTp8fqS7Ww7z3Xrzp0zAIAAAAAAANAx+oQpY+xaes71nbVbX3br1/N36f0PEPXfPtcue5Yo3073tXa57+mno6tlmYbiBd/dblcd6zRP5o2q9vrtzoOLOTb9apsSenyBSiuHtrZqd5OzE39uKxE0/IkKV+FcqpganiBAqfUIkl5RYd1rTpVvv/iAo3Pk6TcA+cfIVzwrTkkZ7iztWlTs1S/TPPrD5ztXOfR4uJSNS+r1Pya8HuqdUlSk1qanSpZEM53oPM1/7hvrzA/fP6OTc1yliwId9QWVah2UfhntEnNqjskX6OaKuaoxFmjpWX14W5V96IT/RQBAAAAADgmCqtDYJqmdnwYjOkYgOPp8IT0+Jf3SZKu++9JuvjWZ9S1d7PW/22x9mx70+J0/fP+S/+tO6+6Tz966lWro8BKoYD8Hc0ykwoUDAatTjM8NVVr/rJ6uarcqi0KjxEYmAMF376RBNMOmhew//b/Q1So1l0RPr+yTDXOcq1YdPwC6uAduP3/YEWL3JrdO2Zgfr3k6h01AAAAAADAQFFYHYJAj6lNjV6rYxzVU1/vkNShT34zT9PnPCJv10590Lhc2//5Z6ujHdfm9Y8p//RP6aZLivTECzxifCTzeerlmFCmRK6rXnRbQ1TXz8svkJp755o2NapOOqjrtB+c5ZpTJGkw1x6cw7VICzeV6f7qfNVWFCm30KnmmmfU5Dp0VmpxY5kai92qcC1SbX54lmu4K7ZZDes8mu3K6x0pUKLc3m7ZhlaPVCStbWiWCo7cO7fQqeaGdfK4eufDLpMWuotVqBo9VjdHi115B2bRLpAeXindtcilCvdyFSypPEY3LgAAAAAAJ0ZhdQj83aY2v+GzOsZxPf9Ah55/oEMXL0jX1Bu+rTMuXqh/vvFTbX77N1ZHO6ZXf3eLZt3eKGf+KDW37rI6Dizi3fmykid8VpLN6iiD8s769dHfpKhYLi3rvbW9VK6BXtu8TPeX1Uil5Sp31qtlxxCiVFTJVbZM81Wl2opwoXVpWXgWgLN8uRYXSSqqUmNZmeaHj6p8eYXyJM1eVKWWskrNr5HCnabhkQLTSpyqqQmPDnCVOo+67/6ibln4pn9XlVtFkoqWl2tx5ZFr3lWyZP+5Kq1SLd2qAAAAAIBBMkKhUERvZN+wYYPyx40b9PW+leHSQNKCukhFiprk5BT9+JO7FEqgjrrpn03WeZ9Llj0pqI/W/0bNr/zI6khHlZl3ps6/rkYrnmyM2JrzLp2ifMdG7V17b8TWRHSNuugZ9Xjj/xl7fZ9bfRLh8wsAJD6/ACSuRPq9EQAQfa1bt2rSpEkRXbOysvKE58R/xSJOGSFT294NJFRRVZJe/3WPHrlmr+r+26uxBZ9V6e0vq+jSxVbHOsI+zzva9s/n9YWrzrU6Cizk2/WabLbE7FgFAAAAAADDG6MABql7t6HNr8X3GIDjee/PXr33Z68mTLer9OtXyvWFa7Xjoxe19s/x0825vn6hLv5cnS45q0AvvM0kxJHI66lXatZ5CiTYvwFFagzAmVOmRGQdAAAAAAAQeRRWB8m02fTxG91Wxxiyza/7VXvrPuVMNHXl4gvlumON9m5/W2/++V75u3dbHU8v/tIl1x1r9NL6loR+iBEGx7uzUWmndkrKsDrKgA21KBqTGa0AAAAAAGDQKKwOUuZYmz5+y291jIjZ/VFQj32hXaZduv77k3Xp5/6izt0b9Xb9t9Te9q6l2T585Ue6a85X9KOnXrU0BywQ7JYMmwzDUITHQcfEw8++Oajr7rrmnAgnAQAAAAAAkZZY99fGCdM05fkg8ear9kfQL/3u3nY9XLpTrW+N0wXX1+qiW55VbuEsyzK1rP2FvO2bdcNFZ1iWAdYJdDTLMPmoAgAAAAAA8YVqxSAEvDZtesVrdYyoe25xp1bO3qUPVmfprNLv6dL59RpfdJMlWV554madOi5bhWOzLdkf1vHveUumYXUKAAAAAACAQ1FYHYSQ39DHbyTug6sG6u8/6NSPP7lbr//aJud5/6rLPv+CTpn+xZjneOOPX9FNlxTFfF9Yy7fvPRmhxJ9nDAAAAAAAhhcKq4OQmm3q4zeHz3zV/nrV3a2fXb1HDT8K6ORP3K5ZFY06/ZKFMdt/99bXtKOlQRVXMH9yKJKnPq3RJU8rc3zvgcm/0OiS+vDXzAeVLEm6SZkzDz8mpZ9Xr+zJsc0b6PhApj0ltpvGk6ZqzS8rO/BV3XSiC1RdtkSrPUPeWNV9ey6p09GX6zunWoek8tRpcb+yHrxU9ZHrHIenbknv+h6tXlKmgWwFAAAAAEAkUFgdIMMw9PEb/mE5X7W/3nm6R49et1d/+o8uZY+eo9IvvKqzZn8vJnuve/5+ZSYHNeOMCTHZb9gZ/6BSczIOOvANZZ9UIHU+p50NzylgP0epU2+Sxl8im71FPQ3PKWA/TY7x4WuTHG+q+/3YRg759igU9ErGSJwH0KTqZfVyVblV63ar1l0lV/0yLa4bctX0hDx1q7SpfLlq3W4tLKjRM8csXDrldNar8aDXPesa1BzlfDs29e2Qp9mL3KqgmR0AAAAAEGN2qwMkGsM0FQgk3tPJo2HjSz5tfMmnMaeZuuJbl8h1xxrtbn1db/7pbgWD0ZtB2+C+TK471ujldzdHbY/h6SZlFp4j+dsP+pv/Xe1p+G74P8c/qOOVLtPzz1GorVQ9UU55NIGODTJTJisYGmF/9zyt2iSnSnL7DhSpwu0+8HpTteYvq9//ravqyAJjU3WZlvae4ixfrsWuvHBHaWVNb/HTqfLlizQ779Dr8vIL1LxqnTyufDXWl6q44tgxS0pK1dDqkYryJHm0tkFylTpVd9ycHq1eUqmWglLV1beo/CsFB9523RLdX6PeXE2qLlvWu1Zv1h3Vve9pmaqLl6tgVaVa5rk1p3WJ7t9UIFd9ffj80irVVhQp3NVaqZpmSaWlctW3qOAo7xkAAAAAgIGgY3XTCrhZAAAgAElEQVSADBnas3kEt6seRduHQf2mvF0/v36nunedpVm3v6QLb/yt0rInRW3PDa8/ogVzz4/a+sNR8tRyJelNdbXtPMqr31C28xxp90Pave4JacsLCvgLlFxylWydL2ifrOlW7ePf+5bMkfgEqzyX7iqXairDt+Qf3qnapOLeTla3VpQ7Vdd4aFupp26Jlqpqf7drYc1KrfZITc/USL3dqCvKpZqjtaMWVWhhQY3uL2tUsbtCx20IzS+UGtaFxwV41qlBJSou7F/OOhWr1r1Is3P6Tq7W/Q0lWuFepNl5Hq1eskzq69itKlDNyjp5iiq0sFRSadWRnar1UrHbrdrl5XLWr9Jqj+SpW6kalWuF263aYh0o+AIAAAAAMAR0rA6Qt0Pa2xqwOkZc6t4rPXFXuyTp2qUTVXzzKnW1b9W7Dd/Rri0vR3SvDa//VHnOq3Rd8el6qvG9iK49LI1/UKk5kq/5PvVk/ELpR5zwXe1p+FCZM+/W6JmXqOMf92nfP57Y/2r6efUKtZVKU5/W6JwMSS3qafi8OmIU37/nHTlO6paUFKMd40eea5FqXVJ4nmml5tcc6EwtKio6tBu09NBrd2xqluqXaf6BZlE513m0uLhUzcsqNb8m3AEaXv9g4S5RVS1XeUulHqubo7u0UvdvmtfbAXqY3Kkq0Uqt9bg0bV2DVLJAuWrY//LxcjoLcw9aqF5LlzlVvrxC4WbSHWppluqWlR1UDHVqrcel8ToGZ6FyJSkvX+HarkdrG5rlLFkQXrOoWC61HOtqAAAAAAD6jcLqAAV9hvZto2P1RP64sENSh1zfGK1zrnpIPu8effjyD7T1g2citscrj39Ks25/RePHZGpL276IrTscJY85TaYyZDrrNbr3WJLzaWVqrvZt6TvrCQW9d0tpo2WXDtzy3ztbtev9byilRPI1PyQV3q2kqTdJ6544fKuoCPZslWGM9Ab78BiAOXVLdH9jkyqKcsO3t/d2Yqpuie7fdORV+2//P0SFat0V4VvuK8tU4yzXikUu9Z3VN191cVGetKhKLWWVul+Sq+pYfat5mlYiPbyuSWqQShbkSev6XvP0K2dYqRZWSUtX1mna/jxHH1XAs6oAAAAAAFajsDpAhmmo3UNhtb/qvtuhuu92qPjOVJ1z879r8sx/1aa3qrXpreqIrL/2+fv0mU8+qAd/F9mO2OGmZ93cA4XSyb/Q6JNGy9c8V/v0oHJK+kYASKZDUuf6QzpRD8xW/YZSYh9dkhTs8ci0J0t+v0UJBueua84Z2gJN1Zq/rOWIwuLBXZ6ueS7lyaPVDc1SwaGX5xY61VzzjJpcFSra34XqVnFjmRqL3apwLVJtfrXmrzr0ugPzVV3KU5HmlDtVVyMV5OqY8qaWSCtXqaG5QJ85yuzS4+U8RFGFFhaU6eG6qVrsylWBs1k1zzRpdkVf16u00H2cga9HJtO0EqdqGnrfT1Oj6iSVD2AFAAAAAACOhsLqACWlmGqnY3XAGh/pUuMjXZp2U7JmVHxJp07/kj5+93/1/j++P6R1d370onZ+/IrKLp8m91/WRijtCLLlPu3O+IVGn3S3RpdI8r+pjte+e+D1/d2qkvRdde++ROnOuyW1qCdG3aqSFAp0SMd9tFb8eWf9+qEvUlShFeW9XaV9x0qrVFsRrlxOK3GqZlmZ6uRUeXmp1NAqj/L3X57nWqSFm8q0tCx8C76zfLkWF0kqqlJjWZnmh48edOv9gX0XFpTp/rKaA3sub9XiymqNP9a81bypKlGNakrnKfy4qP0vHCPnsau0RXPKpcqVWj11kWYvqlJLWd84g3D3apEkT6FTqul9eNUJfox5rgUqb6gMv5/SUh0x+QAAAAAAgEEwQqHIPmZ7w4YNyh83btDX+1aGf+VNWhCfjxdJdqRq5eVHe/gPBuK0WUkq+ZdUpWab2r7hz3qn/ltDWu/SzzfohaZteu2D1mOeM+/SKcp3bNTetfcOaS9YI2fGE/IF0xThj6yI6Pvc6hOvn1/QIV2vx30gFzBC8PkFIFHF+++NAIDYat26VZMmRfYh6pWVlSc8h47VATAMQx076VaNhA//6tOHf/Vp3Fl2XV7lkuuONdr58ct68093DWq9F351pWaV//24hVUktqC3TUZSelwWVhHfPHVLdH9N8/7vXVVuiqoAAAAAgCGjsDoAhmFo39aA1TGGla1v+/XL29qVnmfomm+fI9cda7RvR5PWPv919XRs7fc6QX+nWtbWasGcW7TymTVRTAyrhHq2y3AUWh0DCSjPtUi13P8PAAAAABiA/nSsjvTHbA9IKGRo71Y6VqOhwxPS41/u0MOlO7V706m6+NZnVPzp3yn7pP4//OfDV36okHeHrr7gE1FMCqsEuj6SYSTWnFUAAAAAADB8UVgdgKDP1D4Kq1H31NfCBdbNa8Zq+pxHdMln/09jT72iX9c2PjZXRRPHKC87LcopEWuB7m2S/FbHAAAAAAAAkERhdUBCwZD2baOwGivPf6dDK127tP6P6Soq+bYunf9XTTjr1hNe93bdv+m20qkxSIhYCno9MiisAgAAAACAOEFhdQCMkKF925ixGmsvruzUT67Yo1fdhiadc69mlb8k5wVfPeb5ng2rtWfbm7rNRXF1OAn27JCCPqtjAAAAAAAASKKwOiD+HmlvKx2rVnn91z362dV7VPd9r0465TaV3v6yii5ddNRz33z2i8rNTNK0SSfFOCWiJyTDdFgdAgAAAAAAQBKF1QFJzrBJPDvHcu/9n1c/v2Gvnvp6hzKyr5LrC69q2hUPHnFe46ob9Mnpp1qQEFER9Es8vAoAAAAAAMQJCqsDEAqGZPITixubX/fLfcs+/erze2QEZsh1xxqdN7da9pQcSZK306OP3nlcX7rmPIuTIhJCIZ8M/mUDAAAAAADECcqEAxAKSoaNwk682f1RUL+9vV0/vXKn2lsn69LP/UUzbn5cGWPO0Af/+K5swT10rg4HIb8M/mUDAAAAAADECbvVARIJHavxze+Vfn9fh6QOXbU4XxfcUCtvp0fvvbhM065Yoda2fVZHxBCEgj6FQlanAAAAAAAACKOwOgDBoGTYrE6B/nhucaekTs26P1tnXf19BfzdGjcmU4E9VifDoIX8MgxTUsDqJAAAAAAAABRWByJEYTWuONKk7AmmsvJtyjzJVEaeTWmjDaWOMpSaYyo505Aj1VAoZMiwJcuQZMuYbHVsDFbQx8OrAAAAAABA3KCwOgDBoGSaFHaiwZ4mZY83lT3+QJE0fYyhlGxDaaPCRdKkNFN2R7i43ff/IRgMKRQKyRvwqcffrXZvu3Z7d2lj927t2rlLbZ1t8nR4tLV9q5ZfuVyGLdXid4rBCoX8Yiw0AAAAAACIFxRWB8AwJIO6zgnZHb2dpONtyhpnKj3PVPpoU6k5htJG25ScISWlGbI5DJk2yex9IFgoFFIgEJQ/6Fe3v0edvk7t8e5SS9dO7dq1S21bwkXS7R3btWXfFu317u13pusmX6dQKChv0FTG2Q+p/a27o/X2ES1BrwI9HknZVicBAAAAAACgsDpQ5ggbBWDapVETw0XSzHGm0nNNpY8xlTrKUFqOLXy7fZohW7Jksxv7C88HiqQB9fh71Onr0G7vbn3UvVO79uzSrq27tL1ju7Z1bNOWfVu0pye6w09vOON6BXt8+rg7SafmnBnVvRAdhj1DpmO01MOMVQAAAAAAYD0KqwNgGEZCd6ya9r6ZpKYyx9mUmWcqbYyptFGGUrNNJWcZSk43j14kDQYVCATU4/eq07dPe7y79XF3m3bv3a22bW3ydHq0rX2bWttbtat7l7Vv9DCmTOWm5cnf3i5fwK62rqAy6VpNOIY9Qwr5JTGOAwAAAAAAWI/C6gAYZhyNAjClnJNNZY8PF0kzxvZ2kuaEH9yUkmUoKd1QUrIhW9KhRdJgMCR/INxJ2uVv196ePWrtadOu9l1q84Rvt9/WsU1b27eqravN2vcZAXfPuFud27YqJTtHPZ0hNbT4dcPpdK0mGsOWoVAwID62AAAAAABAPKBCMQCGEdw/DzTSsk82lX2yqazeImn46fa9hdJsmxxphuwpkmk39o8jCIWkYDAofyAgr9+rLn+H9nr3antPm3Z27FTbjjbt6Nyh7R3b1dreKk+nJyrZ490lEy7Rtkf+nybeeef+u8jpWk08hj1DUsjqGAAAAAAAAJIorA6Macjox4zVrL5O0pNsyhhrKD3XVNooU6nZhlKyTDnSDdlTwp2khxdJA8Ggenxedfs7tc+7Tx95d2hn507tbNspT6dH29vDRdLtnduj+16HialjpyrZ5pDn2WdV8KUvy+sPV1YbWnx0rSYYw56hEHVVAAAAAAAQJyisDoBhhjTtxmRNmZO8v0ianHFQkdRUePzjwZ2kAZ+6fJ1q97Vrc88O7ereqbZd4U7SbZ3b1LqvVds6tln91oatsmnztfftdZIkw2aq23/gwUd0rSYWw56hkOJlFgcAAAAAABjpKKwOgOHwK2dKQG0dbdrq26UdXR7t/HjnIbfbt7a3Wh0TB/nEmMlq+vZ9+7/v8Qf3/zddq4nFtGdI6kfLOAAAAAAAQAxQWB0Aw5Se+/BZ1a6ttToK+uHGM25UoLtLXc3NMh0OSZI3eOg5dK0mDsOeKRl2SX6rowAAAAAAAHBf7UAYMjUxa6LVMdBPcybP0c7V9ZKkpFGjFDrKgM6GFp8cWXStJgLTMYpHVwEAAAAAgLhBYXUAQsGgJmZTWE0EKfYU5abl6qOf/ERSuLB6LG1dQWWc/VCsomGQTEfuUYvjAAAAAAAAVqCwOgChUEhj08daHQP9sOD8Beps3bL/e3t2to71SHm6VhODLX2SQsHgiU8EAAAAAACIAQqrA9Tj79Ho1NFWx8AJXDRhpratenz/90k5Oceqq0qiazUR0LEKAAAAAADiCYXVAWr3tmt85nirY+A4po+bLrtpV9vzz+8/Zs/KUvA4RTm6VuOb4chVKOi1OgYAAAAAAMB+FFYHyBfwUViNc/OnzdfeN9885Jg9K0uB4PG7HelajV+21AkKBf1WxwAAAAAAANiPwuoA2WXTyZknWx0Dx3HqqFO1+dGfH3LMlp6uwAnGc9K1Gr9sqRMU5OMKAAAAAADEESoVA5SVnE1hNY7NmzJPvs4Odbe0HHLcnp6uoIwTXk/XanyypRVKclgdAwAAAAAAYD8KqwNkl00F2QVWx8AxXPuJa7Xz+b8ccdxMS5M3dOLCKl2r8cmWftpxZ+QCAAAAAADEGoXVAQqFQjop4ySrY+AoMhwZGpU6SpsfffSI12zp6fL3o7Aq0bUaj2ypJysUPMEsBwAAAAAAgBiisDoInb5OjU0fa3UMHOYr539FnZs/OuprtrQ0+U7w8Ko+dK3Gn1AooBAdqwAAAAAAII5QWB0Er9+r8ZnjrY6BwxSfPENbH1t11NeM5GT5Av1fi67V+GHLLJJhy7A6BgAAAAAAwCEorA6CKZMHWMWZC8dfKFOmdtbXH/V10+EYUGGVrtX4kZR9tkIGD64CAAAAAADxhcLqIKTaUzUxa6LVMXCQ26bdpr2vvX7M102HQ97AwG4lb+sKKmPaj4YaDUOUNGqGAoxXBQAAAAAAcYbC6iCEgiGdNvo0q2PgIJNyTtFHjzxyzNcNm009AyysNrT45Mg+a6jRMET2zNMVDAyg3RgAAAAAACAGKKwOQigYVGF2oTIczH2MB58967Pytu+Tt7X1mOcYNpu8/oE//IiuVWuZKeNlWB0CAAAAAADgKCisDlKHt0MXjL/A6hiQdPVpV6vtuT8f9xzDNNUziKZHulatZc86S37GAAAAAAAAgDhEYXWQ0mypmjlhptUxRrzRKaOVnZKtj2tqTnhu1yArdHStWscxulihkM3qGAAAAAAAAEegsDpYQem88edZnWLE+9J5X1JHy6YTn2gY6vYPbg+6Vq1jz56qYJCWVQAAAAAAEH8orA7Brq5dmjp2qtUxRrQLTr5AW3/9m+OeY8/JGfI+dK1awJauUDCkUGjgs3EBAAAAAACijcLqEIQCIV148oVWxxixLpp4kYxgSLteeOG45zlGj5aGWJujazX2knNnSbYsq2MAAAAAAAAcFYXVIch2ZGnGyTOsjjFi3Xrmrdq7Zs0Jz0vKyVEwNPTbyelaja3k/GsVYAoAAAAAAACIUxRWhyIkOWwOjc8cb3WSEakwp1CbVv74hOfZs7OlCNxOTtdqDBlJsmdMZr4qAAAAAACIWxRWh6irp1MXjL/A6hgjTtm0MvXs3S3/zp0nPNeena1ghMZ00rUaG468yxT0e62OAQAAAAAAcEwUVododPJoFU8otjrGiHOl8wq1/fFP/TrXnpmpYIQegETXamykjJsjf8hmdQwAAAAAAIBjorA6RIYMTR4zWQ6bw+ooI8ZJ6ScpMzlLW371q36db8/MVCTvKKdrNfrs2WcrGAhYHQMAAAAAAOCYKKxGwO7O3YwDiKE7p9+p9o3/7Pf59vR0+SM0CkCiazXaknIvVdDfZXUMAAAAAACA46KwGgFZSZmaOWGm1TFGjOn509Va279uVUky09PlDxkRzUDXavSkjLtWgSBjAAAAAAAAQHyjsBoBoWBIMybMsDrGiDCrcJaMYFB7Xn6539eYaWnyhSL7R52u1egxUwsVYAwAAAAAAACIcxRWI6TD26Gz8ii0Rdunz/y09jS+MqBrbKlp8gcjOAugV1tXUJnTfhjxdUey5PzrJXuO1TEAAAAAAABOiMJqhGSY6So/p9zqGIeZqwdufEpPXXPPgUMzVuqpW57q/Vqpew4+75an9NSND2hu76n3XPOUVsZZI+7ErIna9PDDA7rGnpYqXwQfXtWnocWnpOxpkV94BEud+Fn5IzkQFwAAAAAAIEoorEZIMBjUSeknyTnKaXWUXnP1wI13aqrj4GP3aOWkCdLe1brut49onXeCZl9zjzS5WJMcm7X6t6u12TFJxZMlTX5AM1LW6U/9v+M+6m4/53Z1796pwL59A7rOSE6WL0p3lu+kazVi7FlnSbZ0hUIUVgEAAAAAQPyjsBpBDiXp02d+2uoYOlBUbVe7d3Ar3HPaVO3++Jt6OrLBhuTyUy/Xjqf/OODrzKQkeQPRKdb9na7ViEmdeJsCwSSrYwAAAAAAAPQLhdUIMkKGpo6dqry0PKujSNqs1b/9jTYccuyHWvDb1dqcNVtP3XKnpnav1nXP/lB6v1EbvBM0+5bZmrD3ZX1T8detOjFzotKT0rX1sccGfK1ht6snSoVVia7VSDDsGbLnTOehVQAAAAAAIGHYrQ4w3HR5u3TzlJv14zU/tjDF0/rmk09LmqsHDjl+j1beMls52x/RdXXSAzfeqaeuka579oe95/eedc1T2v3xdZLr13pqbIbCRdoFsrJ0eMd5d6j9n82Dutaw2aLWsSqFu1ZvOJ2u1aFIOflmBaL4/wgAAAAAACDS6FiNsCxbplynuJRiT7E6ypEmj1WOpN0dT0t6Wtu7JWWdrnsOOaevW/UeXT1WWvd6eBbrDNfcoy4ZK9PGTlOru3ZwF5umevyRzXM4ulaHJmX8zfL7o/CEMQAAAAAAgCihsBoFm/du1k1FN1kd40jvb9duSTnpcyXN1dgUSd5d+udBp8TrbNWQ36+9r702uAUMQz1RvsOcWauDlzSmREEeWAUAAAAAABIMhdUoyE8ZpxvPuNHqGEfxQy3YsFkZY+8Mz1h1bNbqJw8qok4+eLbqD/Wn7dLU6eHzXq6zrtR6c9HN2vPiS4O+3jAMdcegG3JXV1CZ034Q9X2Gm5STb5afh1YBAAAAAIAEw4zVKDANU1v2btHcyXP19PtW9n4+fcjsVEnSywt03bEeSvX+N/XZ9w+6uu6zcdG5Oj5zvF5/+F8Gda2ZliZJisVd5n9r8emG08+O/kbDSNKoGTJTCxUIMAYAAAAAAAAkFjpWoyQvJU/zpsyzOkbC++L0L6p7Z5uC3d2Dut4xapRCMbzNnK7VgUk/7R75g8lWxwAAAAAAABgwCqtRYspQj79HlxVeZnWUhOY6pVQ7/vDUoK9PysmJYJoT+1uLT0nZdK32R1LuZQrZMmJa+AYAAAAAAIgUCqtRlG3P0q1n3Wp1jIR1as6pSk1K1dYnnhj0Gkkx7liV6Frtr3TnV+UPMFsVAAAAAAAkJgqrURQKhZRqT9W54861OkpCun367Wp///0Tn3gctqwshYKxLazStXpiySddpZCS6FYFAAAAAAAJi8JqlKWbabrSeaXVMRLSWXlnacsv3ENaIyk7WzGuq0qia/VE0k69Sz66VQEAAAAAQAKjsBplwWBQp485XZefernVURLK1c6rFfB6tW/t2iGtY8/IUMCCrki6Vo8tOf8GBayodgMAAAAAAEQQhdUYSDfStOD8BXLYHFZHSRg3Fn1KexpeGPI6towMBUNGBBINHF2rR5c87jr5A3arYwAAAAAAAAwJhdUY6ezu0L9d8m9Wx0gYJ2WM08b/+Z8hr2NLT5cvGIFAg0DX6pHST7tXSsq1OgYAAAAAAMCQUViNEYfhUH56vi6eeLHVUeLegvMXqGvHdik49IqoLS1NPos6ViW6Vg9mS3cqKXeW/EG6VQEAAAAAQOKjsBpDo+w5+vpFX7c6RtybVXiZPL/7Q0TWsqWlKWBhYZWu1QMyp/ynfIFkq2MAAAAAAABEBIXVGDINU617tui+4vusjhK3Jo+ZLIctWdv/EJnCqpmaKp/FD0qia1VKmfAZBc1MhSx4kBgAAAAAAEA0UFiNsTHJY/SJ0Z/Q9HHTrY4SlyrOqdC+pvURW8+WkiJfIGLLDcpI71o17FlKLazggVUAAAAAAGBYobBqgRxbtr5x8TesjhGXisacoS01v4jYeobDIW/A+i7Jkdy1mjnl2/JZ9QQxAAAAAACAKKGwagG7ade+nn1acP4Cq6PElbmT5yrg7VFHU1PE1jTs9rgorI7UrlVH7iwZqadE4jlkAAAAAAAAcYXCqkWybJk6f/z5KsotsjpK3Ljh9Bu0669/j+ia4cJqRJcctJHYtZpaWCFfIMnqGAAAAAAAABFHYdVCGWa6FpYstDpG3MhLz1PLQw9FdE3DNNUTBx2r0sjrWs06+yEFzDFWxwAAAAAAAIgKCqtWCklmyNQd595hdRLL/cuMf1Hntq0RX9cwTfX4I77soI2UrtXUwgrJMV7BEB8xAAAAAABgeKLqYbGkkF2uSS4VZhdaHcVSl0y4RJ4nnoz8woahrkD8DPgcCV2r9qxpSs6/Xv5QitVRAAAAAAAAoobCahywB2z63ie/Z3UMy0wdO1XJNoc8zz4b2YXN8B9vbxx1rErDv2s16+wfyut3WB0DAAAAAAAgqiisxouAtPKalVansMT8aZ/T3nfejvi6jjFjpFB8zFc92HDuWs2e/oi8PV1WxwAAAAAAAIg6CqtxwghKmbYM/ful/251lJibPOZ0bX705xFfN2nUqIivGSm7uoLKnPqg1TEiKm3SVxSw5SkYP5MXAAAAAAAAoobCahxJNpN1Smahys8utzpKzHzqjE8p0N2trubmiK9tz86Ox4ZVSb1dqznnWB0jYpJyzpNj7BUKhhgBAAAAAAAARgYKq3Em056p4pOLdfmky62OEhNzJ8/VztV1UVk7KTtboXitrGr4dK0ajjHKPPM78gaSrY4CAAAAAAAQMxRW49DopFG6ecrNOjPvTKujRJXDdCg3LVcf/eQnUVnfnp2tQBzflz5culZHzfhfdffEbwEbAAAAAAAgGiisxqlR9hxVXVKlMaljrI4SNXdfeLc6W7dEbX17ZqaCcV7vS/Su1VEzn1J3d7fVMQAAAAAAAGKOwmqcMmTI8EuPzn3U6ihRM3PCTG3/3yeitr4tI0OBOC+sJnLXas75bnkDdsXtIFsAAAAAAIAoorAax5LMJHV0teuRuY9YHSXipo+briTTrh3/939R28OekaFgyIja+pGSiF2rmdMelN/MVSh+Jy0AAAAAAABEFYXVOOcwHUo1UvSd0u9YHSWiPjftc9r35ltR3cOWliZfAhRWE61rNeP0b0oppymOx9cCAAAAAABEHYXVBOAwHJqYMVF3X3i31VEixjnKqY8eje6YAzNBCqtS4nStpp9eJTN7hgJBm9VRAAAAAAAALEVhNUGkmim6MP9CVZxdYXWUIZs3ZZ78nR3qbmmJ6j629HT54/3pVb0SoWs19ZQvysg4W/6g3eooAAAAAAAAlqOwmkBSlKyLJlyksrPLrI4yJNd+4lq1Pf+XqO9jJifLF4j6NhETz12r6afdr6Sx1yhoZFkdBQAAAAAAIC5QWE0w2fYsXTHpCt07416rowxKRlKGRqWO0uYojwGQJNPhkC+B5oDGa9dqxhn/IduYUvmDDqujAAAAAAAAxA0KqwnIEUrS9LHnaqlrqdVRBuwrF3xFnZs/islepsMhbyAxRgH0ibeu1cyzvidlXSB/gJmqAAAAAAAAB6OwmqBSzBRNTJ+gR+dGv/MzkopPnqGtqx6PyV6G3a6eBCusxlPXatbZD0upRQryoCoAAAAAAIAjUFhNYMlmshxy6Ml5T2pUyiir45zQheMvlClTO+vqYrKfYbOpx59YhVUpPrpWs8+rVjBlkgIhiqoAAAAAAABHQ2E1waWYyerobNdD1zykM8acYXWc4/rs1M9q7+tvxGw/wzTVk0APr+pjadeqLVVZ5z6qgO0kBRPwZwcAAAAAABArFFaHgWRbsgyfdN/M+3RZ4WVWxzmmU0dN0kc/+1lM90zEjlXJmq7VpJzzNXrm0wrYT1YwgR76BQAAAAAAYAUKq8OE3bRrlC1Ht555q24961ar4xzh1rNulbd9n7ytrbHb1DDU7UvMwmqsu1ZTCyuUccZidXd7FQol5s8MAAAAAAAgliisDjOjk0ZpduFsfW3m16yOcohrTrtGbc/9OWb72bOyJEmJ3HgZq67VzKnL5Rh3k3r8fBwAAIkoq7UAAAU/SURBVAAAAAD0F5WUYSjLnqlpedP04JXWPgCpz6iUUcpOydbHNTUx2zNpVPw/zOtEot21atjSlTPjSSntTPkCfBQAAAAAAAAMBNWUYSrFSNb4lHz94Iof6KyxZ1ma5cvnfVkdLZtiuqc9J0ehYTAoNFpdq/bsczVq5u/kC6YqEEj8nxMAAAAAAECsUVgdxgwZGp82Xl+f+XXdV3yfZTkuOPl8bf3Nb2O6Z1JOjobDqNBodK1mnPEtpZ/+7+ru9jNPFQAAAAAAYJAorA53oZBSlaLpeefqyXlPauaEmTHd/qKJF8kISrsaGmK6b1J2toLDpGgYqa7VpOxzNeqiZ2VkXyxfMCUCyQAAAAAAAEYuCqsjRLKZLH+PTxVnV+hbJd+Sw+aIyb63nHmL9q55LSZ7HcyelaVQcHgUViPRtZpx+jeVXvRt9XilQGB4/FwAAAAAAACsRGF1hMmxZ2tS1iT95qbf6ArnFVHf75ScU9Ty4x9HfZ/D2TIyFJAR832jZVf34LpW7dlnh7tUcy6R189fdwAAAAAAgEih0jICZdoz5O/x6YbJN+h7l39Puam5Udln/rT58u7dI19bW1TWPx57eroCw6RjVZIaNg28azXj9G8qY8oDdKkCAAAAAABEAYXVEcqQoVzHGI1Pzdf/XP0/mnfmvIjvcaXzSu149k8RX7c/bOnp8oWGT8dqUP3vWnWM/aSyplfLyLlYXh9/xQEAAAAAAKKBqssI5zAdsgdsmuO8Vo/OfVSTciZFZN2T0k9SVnKWtvzylxFZb6DMtDT5h9kf7xN1rdqzz1HO+bVKPWWB/OZJCgRiGA4AAAAAAGCEGV6VJwxaipGibFuWHnA9oM+f/Xml2lOHtN6d0+9U+8YNEUo3cPb0dPmDlm0fFcfqWjVTJyhz6gqln/4f8hm58gWTrQkIAAAAAAAwglBYxX6hUEj2gE3XnHqNfnnjL3XvjHuVn5E/qLWm509Xa6013aqSZKamyjcM54oe0rVqJit98jeUdc5KhVLPkC+YolBo+L1nAAAAAACAeGS3OgDijxGUAj1+FY8v1oyTZ+jdtnf12NuP6d22d/t1/WWFl8kIhrTn5ZejnPTYDIdDvmHWsSod6FrNPv+Xsv3/9u6ftakoDuP4c87JTaJpDUlIVGgMtrVWBOkoOFRoKRSlU+jSLXvn9pV06Eu4Tk6lL6AgnTp1crI4iMQ/Acn9l3sdBJcSLSq5pH4/87mcZznLw++cW76tOBoqijnGAAAAAAAAk0Yjg7FsaiQZLdceau/ZnvrDvvxzX6fvT3/53fbjbX19k1+pKkm2WFQUXq/pzWrJaL7mVC1ZJXFdcRCLIwwAAAAAAJAPngLAb7nMqWJu6m75jnorPR2+PNTG/MbY9e1bbb07OJhgwsus5ylKrkexOjdrtdop6umcp2Y5VRQMlfJjKgAAAAAAgFxRrOLKPOupXqhpxlS0tbQlv+ur+6grZ9zPNb2VnoIvn5QMBjkmlYxzCqf4jdWik5YbTi8Wi1pqOJUVycSBbJrkHQ0AAAAAAADiHjH+QMEW1Co1pTjT5sKmdp7s6PjtsfxzX+vz6+q/ep13RMlahaPpG+ts3Phx3b9VcfoWJkqiQMW8QwEAAAAAAOASilX8lVk3oziI9Ly9qrX7ayoYpw8XF3nHkoxROEXDnZ2q1YN6QVaZlCYahZHKeYcCAAAAAADAWBSr+CdsZpXFqUZWure7q4X9fQ3OzvTx6EifT04mnscYoyBJJ77vVXlWalWsmhWrTtVpGKVyaagsm97nCwAAAAAAAP4n3wGbPHqNg7XBvgAAAABJRU5ErkJggg==" height="600" width="800" />
Exp: 6
Act: 6]]>
  </system-out>
</testsuite> <!-- testcases.DashboardTest -->
