<?xml version="1.0" encoding="UTF-8"?>
<!-- Generated by org.testng.reporters.JUnitReportReporter -->
<testsuite skipped="0" hostname="LAPTOP-JEI8AS0O" name="testcases.LoginTest" tests="3" failures="0" timestamp="2022-08-13T15:10:03 EDT" time="16.477" errors="0">
  <testcase name="LoginSuccess_001" time="6.784" classname="testcases.LoginTest"/>
  <system-out>
    <![CDATA[<img src="data:image/png;base64,iVBORw0KGgoAAAANSUhEUgAABVYAAAJcCAYAAAASBf/6AAAAAXNSR0IArs4c6QAAIABJREFUeJzs3XecVdW5//HP2nufMmd6Y2aYgQGGDtJsqBTBHjXW2GJQ1HhzzU3iDUluMInI9Sak2eIvN4nmBoMYuyhqIkZBBbs0EYYuDHXmTC+n7bJ+f5wzAwMDA4lSzPPOy4Q5e+211z6z/SNfnv0spbXWCCGEEEIIIYQQQgghhABg2rRp3Y4xjsA6hBBCCCGEEEIIIYQQ4gtFglUhhBBCCCGEEEIIIYQ4TBKsCiGEEEIIIYQQQgghxGGSYFUIIYQQQgghhBBCCCEOkwSrQgghhBBCCCGEEEIIcZgkWBVCCCGEEEIIIYQQQojDJMGqEEIIIYQQQgghhBBCHCYJVoUQQgghhBBCCCGEEOIwSbAqhBBCCCGEEEIIIYQQh0mCVSGEEEIIIYQQQgghhDhMEqwKIYQQQgghhBBCCCHEYZJgVQghhBBCCCGEEEIIIQ6TBKtCCCGEEEIIIYQQQghxmKyjvYDPSkOskaqWHWxp2sr21p3sbNtFfayBmBvD0x7o1EAFntacUXIKt46YiqEkWxZCCCGEEEIIIYQQQhye4zpYTbgJVtVWsnjH26yqXUNDvAGXZIiqUCilAFAKlFbJbFWB7dmc2GO0hKpCCCGEEEIIIYQQQoh/yHEbrFbWb+CJtU+zom4VaDBQKMPAwgSSVamu55IbyMFD02a3opTC8RxGFYxgdNGIo3wHQgghhBBCCCGEEEKI49VxGayuq9/IT975H2wvgWlYKKXRqSpVT3s4nkN+MJ8zS8eR8BK8veu9ZLWq1njA9YOvxjKOy1sXQgghhBBCCCGEEEIcA467dLE53swvProXx0tgGSY6maiilcb2HLJ8GVw14HIG5w1kyc53WbD1NTw0hlIk3ASTSicyMLfiaN+GEEIIIYQQQgghhBDiOHbcBasvbn6FXZEaQmaw4zPbc7CUxeX9LubLFV+iIdbA/ct/R1XLNizDSlWyanymnylDr+7ovSqEEEIIIYQQQgghhBD/iOMqWG2MNfHyllcJGH40oLXG1S5ji0/h2kFX0jurjFc+fY2HVz8CgM+w0IBSioQTZ8rg6ygIFRzVexBCCCGEEEIIIYQQQhz/jqtgdWPjZpoSzQQNP7Z2yAvkcsuwGzij9FTibpzfLn+I17YvwlQWBgYajVLgeA7lWb25qOL8o30LQgghhBBCCCGEEEKIL4DjKlhd37ABrT0c7XJm6Xi+NuQaCkP51Ebr+eVHD7C2YS2W8qEUe3qvao1G862R3yDkSzvatyCEEEIIIYQQQgghhPgCOG6CVU97fFy3BlOZfHPErZxdPhFDGVS31fCLj+5nQ+Mm/KYPrQGdPEcBESfGbSfcwuD8AUdz+UIIIYQQQgghhBBCiC+Q4yZYjTpR/IaPu8bewYlFIwEIR+q4672fs6N1J37DByT7qbanq1EnzuUVX+ZLFecexZULIYQQQgghhBBCCCG+aI6bYNVQBt8a9W8Upjafsl2bB5b/jm2tO5KbWSkNWndsaGUog2sGXMF1Q76CqcyjvHohhBBCCCGEEEIIIcQXyXETrKZZaaRZyR6pWmv+svYZPqxZSsBKI4aD0gq/6ac0vYRTeozmtJJTGJDT5yivWgghhBBCCCGEEEII8UV03ASre9vcVMWi6g84rWwCfdIK6JNeQo/0IgrTiygIFaCUcbSXKIQQQgghhBBCCCGE+AI7LoPVXhnF/HHiz1Gug9dWixVtQidstFsDroMO5qD8oaO9TCGEEEIIIYQQQgghxBfUsROsag8dbwU7CoEMlC8NDlB56mvajrf6Zbx1C3EathPTOrlplWGiTT9mXhlG2SisivGYJSegAplH+GaEEEIIIYQQQgghhBBfZEprrY/mAnRbGHvTYtxNi3FrN0MiCsEszNxemCVDMPuchlk4EKzAnnNiTXhNO9AtNXgNVbg7VuLursRrCUN7yAqAwijsj3/UpVhDL0T504/OTQohhBBCCCGEEEIIIY4b06ZN63bM0QtWPYfEJ/NJvPsIXuMOMIxkb1RloD0PhYfWoAwTs+dwfKMvwxpwFsoKdjmdbqvDDW/A2fAG9tpXIdoChoEGlNaYPYcRGP/vmL1PObL3KYQQQgghhBBCCCGEOK4cs8GqjjcTf+N+7BUvgGEm/wHwPNDunnHKQAFaaxRglp9IYMJtmCUjDjq/17idxKoXsD94DO3aKNNCuw4oRXDyd/CPvhqMY6cLghBCCCGEEEIIIYQQ4thxTAar2o4Qff57OJvfR1l+QCXDVA1G6TDMXidipOehXQfdtAMvvBG3en2yRYD2wPQRvPzX+PqN6/ZabngdsQU/xdu5BkwfaI12bQKnXk9g4rdBmZ//DQshhBBCCCGEEEIIIY4rx16wqj2if5+FvexZlC/VM9VzMNLzCZz1XcyKCfu/6u/aeE3bcTYsIrFiHrphB5gWaV95AKvPad1fMtZE7O8/x6l8DUwLDeAkCJ73X/hHXfWZ36IQQgghhBBCCCGEEOL4dijBqnEE1tHB/uQFnKXP7BWquqj0/GRIOujcrvunmj6MvL74T72J9Ov/hP/Ur6E9l+gLP0RHG7u9pgpmEzz/TqzBk8GxUYAyfcQX/By3bvNne4NCCCGEEEIIIYQQQoh/CUcsWPWadxFb9Buw/MkPNKA90i75OUbhoEOaQ6UXEpj0n4Su+DU60kDi4+cP7TxfGsFzf4QqGgCuC8oApYgvvBc857DvJR6PE4lG8TzvoOO01sRiMdoiEeLx+GFfpzuJRIK2SIRY7J+f27ZtIpEIkUiURCKB4zgHvL9DLXJ2XJdoNEokEiGRSPzTazwaPO1RHQkTdWL/8BwJ16YmUot3lPaJE0IIIYQQQgghhBCfvSO2g5O97AmINoGVqlZ1YvhOvwmzdNRhz2X1n0ToqgeJvfEg/jFXo3xp3Z6jglkEz72D6NypgAemH2fzOzi7V2P1HNlpbHV1De+9/z65uTm4nsf4M87Asiyam5t5dt48FixYQHNLKw/efz8VFf32u9aOnTtZvHgJb775Fp9u2UIsFiU/L4/hJ5zAhAnjGXf66QQCgYOut6GxkXfffY+MjAwaGxsZd8bp5OXlobVmxcqPeeWVV1j1ySc0NjYSCqVR0a+CiRMnMunMiaSldf99ALRFIixbvoJFCxeyfMUK2traQClMwyA3N4fCwh6kh0IEg0FCoRBNLc3U1oT51re+xdAhg7uc07YdVqxcwRtvvsl7771PfX09WmsyMzMZOmQIZ511FieffBK5OTldnr++YRMf7P6IDCudulgDo3uMZEzRwTcrA/hg9zI2NWwmYAaojddzQflZ9MoqY+nu5SwPr8LVDrn+HKJujDY7QnOiFReHkBWiKNSDQbkDGJo/iLR9qqZbE618a9H3ObloDNNO/A8MdXh/F6HR/N8nj7J4xzvcN/FnFKX3OKzzhRBCCCGEEEIIIcSx6YgEq7qtlsSql5IbSAFoDYF0/KP/8R6nVsVE0kJ5ybkO9ZziIZjlJ+JuXQamhVIK++P5+wWrn6xZzfe+9z00MHbsqUyaOJFdu3fzjdu+yepPVmEaJsow8O8Tjra2tvLInx/l//32/+Hz+Rg+fDi9e/ciEY+zbNkyli5dyhNPPMGECROYeddd9CwpPuBao9Eod/zoR0QiEUzT5MX5LxAMBvn5L3/J448/jkJh+Sy0p4knEqxcuZLnnnuOU8eO5eezfkZZaelBv4vVayqZMWMGH330EX369uWWm29mzJjRmIbJx6tWMXv2bN555x0yM7P4yle+guO41IZraWxqIh7vunpz3fr13Hv//bz+2muYpsW1117L2LFjyQiF2Lh5E/PmzePxJ55g8JDB3HXnnZx+2v49cuN2jMfWPY3PsNBa0y+n/KD30a6mLcyctY/jSz1jpxWfTC9gRfgTnt30AmlmGh4eXx14Fb0ye5Hw4mxq/JSF298i7sawlI8+mb2ZduK36JW157uridQS9+K8teMdLul3AQPzBhzSetrtaN7JS1v+hqVM4s7xWbUrhBBCCCGEEEIIIfZ3RIJVp7oS3VaP8qWqAV0ba9gFGJn/XPWeWXLC4Z1gWFgDJ+Nu/ajjZ3fz2+hYEyqY3TEsPZSOz+fDtm369+9PJBLlP775H6xcvpzc/DychE08ESc9FOo4JxKNcus3/p2lS5fy81mzGD9uHDm5OVimieO6VFfXcN/99zN//nwWLVpIc1MTj875M36/v8ulpofSKSwspKqqiqysLPw+P7d/93usX7eWWT/7GcOHDycvN4+6+joWLXqD3/7v/6K1x3vvvsu3vv0dHn9sLsFgFz1rgTWVa7n6mqtpaW7h6quvZsadPyE9Pb3j+KBBAznv3HP4wX9N5++v/5221jb+a+b3CAQCB2wPsHTZcm686SZaW5oZNGgwD/7mNwzoX9FxfNy4M7jummt4+pln+fGPf8wNN07lD7//HZMnTeo0j6s0AcOPaRhorTGV7+C/0xS/5cdv+jGViULhN5Pfq2VY+A0/Go8sXwYXV5xPcK+q1EsqLuRXS3/D1pYqNrd8yk8//DX3TfgZaakq6IZ4U7L1gYJ5G1/m+yd/+5CrVj3t8ejaJ1EoNNCcaDmk84QQQgghhBBCCCHEse+I9Fh1t36I2iuM0misfmcA6khcvhMjvy+6/brKwGutxWvZ3WlMQX4+jucCkJ6WzkN/fJjdNTX8afZsnn/uOZ555mnuumsmtr2nArGluYXmpmZefvFFLrv0EgoK8rFMEwDLNCntWcJP7/5vzjzzTEzT5KOPPmL+Sy8fcJ2WZZIWDKCUwjJNfvSTnxDw+3hx/gtcecUVDB40iB49ChkyeDC3/fs3uPeee9AagmlpLF++nNcXvtHlvNFolO99//vE43EKCgv54X/9oFOo2i4rK4uf/s/dZGdn85fHH+PhP/4x+f0ZBobR+bGpr6/ntm9+k3g0Sl5ePn/4/e87hart/H4/1117DV+68EI81+Ubt93Glq1bO43JtNJRSqE1eGhy/VkH/I72FjT8qcdJo5Qiw5cKvQ2FUgYKhTIsYm7nqtGyzJ5844Sb0NrDp/zsaNvJqto1Hcd3t+1OBrWGxTu732dz46eHtB6ANbVreXvX+/iNZMhbEw0f8rlCCCGEEEIIIYQQ4th2ZILVXWvA2FMcqwwLI6fnkbj0/pSJMveqgtTghTd1GtLU3IRlmgQCAea9MI9XXnmFZ55+islnTqS8d28GDRzIdddcTVFRUcc5aWlB7r331/TvIlBsFwgEuO3fv4Hjelg+i3nz5mHbdpdjLcvC9PlRSlHf0MDqNWuY9bOfkpmZ2eX48849h+uvv55oNEog4OfZZ5/GcfbfmOuT1WtYW1kJKL785S+Tl5d3wPXm5+dx1uSz8PsD/O53v2d3dfV+Y7TW/ObB3xIO1+B6Ht/59rcp793rgHMqpfj6LbdgWiau4/Db3/5vp82wHO0AChQYyiCuu/5+9hWy0pJdIZQCpbB1MhjPtNLR2sPVmoDhw2/sX6TdM6OYdF8GHh4GBltbqjqONcdb8PBAKzSaJ9c9h6cPvmkZgOM5PLr2SQyl2vNeGmKNh3QvQgghhBBCCCGEEOLYd0SCVd1WCx0VqzpZMRrsevOiz38xXjJ8IxnmKcPAq+9cNalJhnooRU04zPe/931Kig/cDxWSFZ4DB3Tff7O0tJTcnByUMti2bRuxeLzLcaZpkh4K4Xke8Xicb//Hf5CRkXHQua+68sqOc9dUrqUtEtlvzIcffpiqONWMHDlyv+P7GjRwIIZhEIvHWLZ8+X7Hd+3ezRNPPkEwmEZ6KMS5557T7Zx9+pRTXFyMz+fnlVcWUF/f0HHMNKw9D6WGoHnwTb7aRbwEPmWm2gcYhMzk6/65/mwc7WIohaUMuqqSdj03+UiQrJLNC+R2HKuJ1oJOVVkriw9qlrG5cUu36/lo93I+qV+DpUxQyfMbE82HdC9CCCGEEEIIIYQQ4th3RILVZClhe1ViKsGKNhxo9OdLGeDY7B2w6XjnANLn86PRuI5DaWkpp5x88md2+YDfT35+Plp7OI5D/CDBaloggOu6WKbJyBEjup07Lz+P3NxctAeRSButra37jfl0yxYsnwUoMjP2bwGwr4zMzI4NwnZs37nf8cWLl2DbNq7rctJJJ1JYUND9nOnpVPSrQGtNLB5jzZo9r96nmcHkk6I1Gt0RkHYnzQzi4aG1RqEIpHqstrkRLGViKIWn2ytiO6uJhGlJJL+rgOFjTI9RAMTdBLvadmMaJsloNPmfuWufwk1VxHYlakf5c+XjWMrCVMkKWaUU4UgYzaFvtiaEEEIIIYQQQgghjl1HJlhVZuefPRuv5ej0m9TRRvTer3J7HpidN0hq743quC7Dhg4ltNcmVf8sT2ui0UjHdSyr6/3DtE72ClVKEQgGyc8/8Cv7e687Py8vFf9BLLZ/aJufn4/rJgNIz+3+lfbGxgaUoZJ9Rv2dvyfP8/jgww8xTRPHcTj11LGYpnmAmfZap2UlA2CtcRyblr0CYF/qWdHQaROq7mT40jo2mVIkK18BmhOtWIaVOmZg7dMKoCXRyty1T6LROJ7DzUOnkJuWrKZ2PYfaaB0AF/Y5n6AZwFImH1YvZUN95/YRe3t354dsav6UATkVXFpxEY7nolDURutIuIfW2kAIIYQQQgghhBBCHNu6TvU+YyojH69xO6ojYFW4Wz/AN+DMI3H5TrzwxtQe7akaWsNg303eTdMEnewYkJ6ejmn+c/mz1prGpiY2btzEY395jJqaMIYyMEwDv6/rXe+VUjS1tOD3+zEMhXEIgaXnediOjWEkN2sKBPZ/jf6kE8fwh9//HtMy2bptW7dzbtywqaN36cCBAzsdSyQSbN68GcMwME2T1xcupLm5hfr6OjKzsgkEfAQDQTztEYvGicVjRKNRehQW8tHSpZimSVtbgtaWvSprU+/kq9R/Pb3heXqkFWAaFi1OK4YyCZpBDAyiXgzXswmZaeyKVKOU0SlcBTBS87X/xhNugqAZoDnewtr6DTxa+TiftmwlN5DNlMHXcU6fSR1LidhRmhLNuJ7Dl/qcg9/w8cTGZ7EMiz+unsMvxs1MVbPuEbWjzFn7OJYy+cqASwlZIZ7c8CymMmlONBO1ox3VtEIIIYQQQgghhBDi+HVEglWzxwC8bcuAZAilTAtn7avocf+GCmYfiSUkuTbu1g8gFYYlNxXyUDmdN1tSKhm9ag2G0X2gua+Ghka2bN3Cps2bWb9uPes3bqC+roFEIkbfPn3Jy8ujvq4Os5uK1faqVcMwaOvitf59ealz2u8hs4uerGPGjCEvL4+m5iZef+11bpjyNXwHWENzSwtvvvUGSilKSooZPnxYp+NtkQjhcDgZ5CpFbW2Ytxa/RSg9nfRQiEAgQDwexzIN/H4/juPiuA6bNm+mvLyc3r17obWmpGSf/rWpFrgGik9btlIdC2Ng4jf9+AwL1/NIaBu0h9YeaVYajfGmPefuN5dOVYyG+fE7/0O2L4PqaC31sXpGFozgrN6TOLXkREozSjqdGo7W4uDiNwNk+NO5oO85PLVxHqZhsrZhPR+HP2F0Uec+tS9tfoVdkWpGFZzASUWj2dy0BSO1qEa75ZA2vhJCCCGEEEIIIYQQx74jE6yWDMfWT+75QBl4LWHs9Yvwj7j0SCwBALdpB+7O1bD36+DaxSge0mlcsk9n6s/eoQdhO3bu5Kmnn+app56ioaGR/v37c8455zDl+q/Rq1cZpaWlxKJRrrv+a9TX12FZPiKRCH5/9xWMSu2/6dJ+YyBVaavw+/3E4jGyyeo0Ji83l5kzZ/Kd27/DR0s/4qWXXuaySy/Zby5Pax566GFq6+owDZM777xzv6DWZ1kkUj1iI5EIM35yJ+PGndFprYZhdAqJ24NfoOPPyc209pLaLAoUt4+6jX45fbq999XhSu5497/ZL1nVoFPhak4wD1CsrFuNpSws0+KagZczKL/rTccaYo04rk1+KA/DMCgI5HN2r4m8vv0tTGXypzVzubdgKL5UK4mGaANPbXwepeCGIddiGiaZvkxQCgXYboLmRAt5abldXk8IIYQQQgghhBBCHD+OTLDa8wTwBcFz97zqbQWJv3E/VsUZGOmFR2IZ2J+8CG4CrCDJxE1DMBtjn6DL87zk6+QqGTAeitVr1jD1ppuorq6hd3k5//d/f+SkMWP2ex2/ubmZtrY2AAKBAGrfUDFFKdWxadShMk0Tf2rDK5/Pd8Aw9ksXnE9Dw13cf/993PGjO2huaebcc84hNycHrTU14TB/+tNsHnnkEfLy8vjRj3/EWZMm7TePBqxUKwPLNIlEol32WG3vFdtxX4dE4WoXv9F1q4T9JatS9/tUJXu1emjSrBA/PPE7PLjyD6ypX4vjOvx6+YP84oyZXYadu9p246HJDWYTMJO/xysHXMqbO95Bo/m0eStv73iPM3uPB+C5jS/RlGji9KJTGZSXDGv9po+QGSTmxtHaoz7WQJ/s3od4T0IIIYQQQgghhBDiWHVENq8ysnti9DkV7e21I7thQrSF2IKfoY/Ahj5u4zbsj54A0097x008F7N0OEZ6553svb2rVA8h3GxubmHq1Juor2+gZ2lPHnv0Uc447bQue5w6toPjOHieJuD3dWyUtS+tNekZ6TiOs/+aDsAwTBTgui6WZRJK63rTLcMw+Nr1X+WBB36DUgY/+9nPuP5rU7j5619n6s238LUpN/Duu+/y3WnTeHH+fK68/PIuA9G0YJCyslJcNxmY79i5vds1dkfv86q8o50DjOzM0W7yD6p9nlQ1rE5WyRpAzIlQnNGD20f/O1n+ZCVvdaSae5f/FruLZ3B76y4MFNn+LIxUI97SzJ5c2Oc8bM/GUhaPrnuKuJugpi3M/E//is/wc/3gqzp6ryplkOnPSj5xCqojNYf3hQghhBBCCCGEEEKIY9IRqVhFmQROuprIhjf2+lCD5cfdsJj4678geNYPUqHnZ08nWom/+jO0E0eZe1VAahffkPM6eq62S4aYClCHVLH6+sLXqQnX4LN8XHnFlfTuVXbQ8Z7n4nkepmnt/xp8ilIKy/Lh2Dau309GF/1S9xVPxLEdG6XANEws68D9Yd//4ENm3n03U6fexDVXfQW/30e4rg6tNQV5+eTm5hAMBg96Pb/fz+jRY1i+bDkoxZrKdR2v/P+jbM9NVgunvnbHPbRgNeIm71uTDFLtVIhfEMzH9mx8pg8FRJ0YxelF/OTk7/P9t3+CpSxWhlfxyJq/cMsJUzqqXl3PZXekGo0mP5jfEawCXNDnbF7eugC0piZSw982/50dbTuJuTHO630WFbn9OsaGfEEyfZlUR2pw0bQkuu+VK4QQQgghhBBCCCGOfUekYhXALB2NVTYK9g3KLB/28nnEXvsFOhH5zK+r7SixV3+Ku+XDfUJVD0K5WP3G7XdOe3WoUuB5Bw9WtdYsXvI2gUAQlKKstPSg4xN2Asdx8fv9RGPRTj1H911DIpFItU7QhEJdV5/uzXUcbNvGMi00mniq/+m+wuFavjbla7i2zbe+eRu9epVRVFTE8KFDOWHYMEpKirsNVdt9+eKL0CoZsi5c+Do1NeFDOu9A2txo8g9KoVC0OIf2TDheAoWBAXjaI+rGgGQFrCb5fZrKxKeSf5cwKH8AXx92A3Evgd/w8fzml1my/b2O+aJOjJpIGIVBtj+z07V6ZpZwXq+zsLWL3/QxZ+0TvL7tTSxlcXG/CzoFyz7DR4Y/lOwZqzUN8cZ//MsRQgghhBBCCCGEEMeMIxasKtNP4Mxvdx0kWn7slfOJPv9dvNqNn9k1veZdxF6cjr3mNTA79+rUjo1/7A2oLnprOq6TqltMbU/fjUQikRqvaW5pPuhYn+Wjra0NpdQBq1UBHMehra0NyzLRGuobug/ktNap1/KTHQwSia5bLMx7/nls26GgsACf758rWh4yeDBnTz6LeDxOa2srj86de1jn19bWdnom/IaJpz0UkIxED63PbMgKptoGJPupJrzkvdfGGvEZJkol2wW0fw5wYb/zmFw2sSNcvW/5b9nU8CkA9bEGmhLNKANygjn7Xe/LFRcQNAKpThGahJdgUul4KnL6dhpnKIMsfxYajaEU1W1h3Pa2BUIIIYQQQgghhBDiuHXEglUAs3Qk/tNuADvWxUEf7paltM29mcRHj6Fb//FelDreiv3JC0T+cgvOxiWdK1VR4DkY+b3xj7ziABNoPJ0MwuKJxAGrSiH5yv6Y0aNIJBKYhsGbi97o6Iu6r3giwX333YfjOLiue9BWAI7jEIvHUCr5ans02n3lZiwWJxaL43kaw1BkZnbdPiAej2NZFpWVa5n/0kuEa2uJRCI4jkMkEiEajRKPxw94H3szDIMZM+4kKysL0zT54//9H08+/XS352mtefqZZ/ndHx7qVOEZdxKo1Ov8mv17rh5IQ6wJEwPQaA0+lWyD4OhEKppVJNwExl7XMpTBLcOmUJTWA609XO3y0w9/TWuijYSbIOElUFqRk+rHureSjGIm95qI7dkdm5x9ZeClnVoGtMsNZqPRKAyqozWH3N5ACCGEEEIIIYQQQhy7jkyP1Q6KwNibcLd+iLtzNcoKsKciUYNpgRMn/vq9JJY+gW/ExVj9J2HklKF8aQef2nPxmnbgbH0P5+P5uNXrAJWqVN0rGNUuaE3aRXej/OldTpWdnYPjOpiGiWN3v7HWBedfwL333Y/runy4dCm/+8NDfP3mmzq9Tr927Tpm/vd/M2zYMPr168fWrVuoqqqivqGBniUl+83puC52woZUyHig6tO9hdJDJOJxtNZ4nj5gIDx58iR+8+CDJBIJ7ph+B3n5+WRnZxPw+9GA3+cjEAwSCAQoKipi6JAhnH76afTt06fL+UqKi/njww/zjW/8G/X1DcyYMYPt23dw3TVXU7LPvSVsmzVrKvnT7D/x/PPP84ff/6HT8bgbx9MelmGitEerHe32vgEsw8TWDn6KACHVAAAgAElEQVSV/H03JpoppSdxNxWMq2Sw6u6zCVh2MIv/Oul2pi3+ET7DRzga5vcf/4nBuQPQWmMq84A9Y6/ofzF/r1pI3LU5qcdoemV13Vs3YAYwMFBKUR+rJ+JECVj7b2wmhBBCCCGEEEIIIY4fRzhYBeVPJ+3SXxF57CZ0c00yTO00QIHlR7fUEF/8EIm3Z2P06I9ZPBSjsAIjuwSsYLJXq2miW6px66twd63G210J8TZAgdHFrWmN9jyC50/HLDnhgGvctWsXruMQt2PYiURqo6kDbwRVUlLMr375S75z++1orXnggft5e8kSTh17Kj7Lx8erPmbZ8hVM+8//5Jqrr2LgMwP5rx/+kPq6Om75+q1MGD+eK664ggH9KzrmjEVjVFfv7uiT2tra0u1329DQQMJOYCdsGhsaiESipKXtH0gPHTKE++69l988+CDbtm0jHA5TXV2dbCMAmKZBMotUGEqhDINAIMC1117Dd779bUJdzDlm9CieevIpfvnrX/Haa6/z4G9+w5w//5nxEybQr29fQunpNDU28uFHH7Jq1Sf06dOHPz/yZyaM79zj1tMenvbQmGjAdrvuE7vfvceaUtWiKtlKIJUpGxg42iWgTOKeTUO8kaxA556pA/P6M3XIV5ld+Rh+08+Sne/x/u6P8Bt+PDysrp4loEd6Ief0nsTzm1/m2gFXdFmtCpBupZPcVksRdxPURuvJ7aK9gBBCCCGEEEIIIYQ4fih9sPfcP0du0w5iT96G27hjn1f1u+B5kNz+B0gGfiiFbq8+TFUkKmWkNnvqgtZozyEw8TYCp04FDrxz/YYNG3n2uXnkF+Tjug5Tb7iBQKD7CsOVH3/Mo3Pn8t5771NfV4dhmmRnZzF50llMvfEG+vVL9t90XZeXXv4rH3zwAYZhcNJJJzJh/Hhyc/f0e91dXc2cOY9SUFBITU0NF198IcOGDj3o9Tds3Mi851+gIL+AcG0tt9w8lfy8vC7HtrS2cu999/H4448zcuQoBg4aSElxCfl5eTQ2NlJdU82GdRtYvnIFjuNgmibRaITrrvsqM2fcecCg2XEcPv54FS/99a+8vWQJO3ftwnEcLNMkLRTijDNO58IvXcjpp43tckOuHa27qW6rxmf6cDyHolAPemYUd/vdb2r8lNZEK8owcF2Hvtl9yAlm82njVpoSzRiGgeu5DMkbSNDaf2OuuJtgWfUKQlYaPtNPuhUk4bm0OW30zSonO7B/OwCA5ngLm5q3MLJg2AGD1ZpImG0tO/CZPlzPpV92nwPOJ4QQQgghhBBCCCGOvmnTpnU75qgFqwBeYxWxl+/C3b4SLB+kemQejKZzJLrvz11fKFmJGZj0bfwnXgcHCMAOeE2tD/g6eFdja2vrCIdrSAuF6FFYSHp61y0Hjpb33n+f6Xf8iPy8fO66awYDB/TH7/fvN862bdZv3MjPf/4LPvjgfXw+P7FYjPkvvMDQIYO7vU5bW4SGxgaamppIS0ujID+frCwJFIUQQgghhBBCCCHEse2YD1YBdKyJ+Ht/wv7w8WTl6b6tAQ51HvYNWFP7yrsORmYPgl+agVV+6j+/4ONc5dp1XHTxxQwcOJAn/vIY2dnZ3Z7T3NzCjTfdxJo1a7DtBDNmzGDK9dcfgdUKIYQQQgghhBBCCHHkHUqwenilm58DFcwmeOZ/knbNbzF7jQLP6agwPax59v5BA64Nnod/9OWEvvpHCVWBeCLBnTPuxLYTTPvudw8pVAXIysrkuuuuxbZtTMOktrbuc16pEEIIIYQQQgghhBDHtiO+edWBWL1OxrxyOO6mN0isnIe7bWUyYFUmWqnuX8XXGnSq56phYA09F//oKzFLR3/+iz9ObNq0mVUfryIrK4u+ffsc1rm9e/XGNE0cx6G8d+/PaYVCCCGEEEIIIYQQQhwfjplgFUD50rAGX4DVfzLu7tU4Wz/A2fw2XnhzspJVJzewUp4LRnIH+ORmVQosP2aPgZh9TsEaOBkzv+LAG1n9i6qvrydh2/gDgUPajKsTBWiNZVkMGDjwoEM9z2PHzp3YiQTp6ekUFRUBEI8nCNeGcd1kRXJ2VhY5OTloramuriGRSKC1RqMxTZOeJSW0tLbi2DYFBQUANDQ24jpOx8/tEokEu3btwnVdcnPzyM3N6TjW1hYhHA4Dmry8vI4+r/X19TiOQ48ePQBobGzESc1dW1dHpC2Cpz0UipzcHLL36g/b1hahpqYGw1AUFRURDAZxHIfq6hoc1wGd7LfrD/gpKS7u+IuBeDxOuLaWHj164Pf5sG2b6poaiouKsG2HcG04+R1oTVpaGj0KCzv9pYLrulTX1KC1pqS4GMMwaGtrI1xbS15ubse9OY7Djp07KSku7uifG4vFqK2to2fPEgzDSK23muLi4o7NyFpaWmhpbaVnSUmn79d1Paqrq4nHYwSDQYpT95RIJNhdXY3WGjR42iMzI4Pc3Fx2V1djKNUxtqWlhfr6BvLz8wgEAlTX1OC5Llonn5mMjHQKCgqorq4mIyODjIwMAMLhMGlpabiuS31DA5ZloZTCsW2CwTSKi4sO+jwKIYQQQgghhBBCfB6OqWC1gxXALBuDWTYG/yk3oFtr8Bqq8Jp2oqONydDKjmH4Q6i0bFRub4y8coxQHliHGRj+C/H5fVimSSKRoLGxibLS0kM+t2pLFbFYjFFjRjNoQP8DjrNtm78teJUtWz4lNzeX+oYGRgw/gTMnTqChoZ6nn32W3Nxc8DSNTU186fzzqajox7z5L2CZJhkZmXieR1owyAXnn8fHKz/mo+XLufXmm8jIyODDDz+ipaWZKy6/vOOaiXic+S+9RHNrK6ZhUt9Qz+WXXEJ5eTm7d+9m3gvzsUwTy+ejpaWFyy65hF69ynj3/fepb2jga9ddB8CKFSuoravnyisu54033mTHrl3k5mTj2A7ReIwvf+lCevXuRW1tLU8/Nw+/zyIRT2D5fFx79VUAPPXss+RkZxMMBvA8j7ycXIrO7dERXNbU1PDMc/P46nXX0qOwkKamZp559jlu+Nr11NbWMv/llylKBb319fWMHDGC8ePGYRjJrh2xWIwX5r9Ia1srt0ydSm5uLm+/8y4rPl7JGaedxhmnnw7Ahg0bee6FF7jw/PMZNWokANXV1Tz1zLN86fzzGDZsGC0tLTz93HPccuONZGRmorXmbwsWsGVrFf92y80drSISiQR//dsrbNuxnZysbMJ1dQwfOoSzzzqLuvp6nnz6GXqmQl7P8+jXrx8nDB/GM88+h+u63HLTVLKysnjjzTepXLeec88+i7LSMp56+hny8vIIBPzYtkO/vn3Jycnhb68swOf3c+3VV2GaJq8tXMiQQYPw+/18tGwZbW1tJBI2uTk5FBcXUVx8ziE/x0IIIYQQQgghhBCflWMzWN2L8qWhcssxcsuP9lKOe0MHDyYnN4fq6hqWL1/O8GFDD+m8WDzOo489ijIUP5p+x0GrXVesWEFVVRVTrr+ezMxMqqurefyppxnQv4JgMA3taa649FIyMjJ4863FvLVkCSUlxTiOw5njxzN48ODkRBqUoQBNLBZj8ZK3ueD881CGQu2zTVltXR1bt21nylevo7CwkA8+/JCm5mZc1+WVV/9Ov759mXTmRAzDYNmyZbzw4ovcctNUfJav81xKpa4JCTvBqBEnMHHCBLTWvPDii7z7wfuUlpXyt1deYfDAAYwfN45EIsErC16ltq6OwoICtOdx4QXnU1hYmLwNrTtC0T2XUfh9vvZLdlSkep4mlJbGVVdeic/nY8OGDbz48l8ZOWIEOTl7KnB9Ph8+y8fOnbvIyspi586dBPwBPE+n5vFYtXo1JUVFLP94JcOHD0tWeZJsqfHawkVUVFR0hL3tHYobGhqoqQmTnZ3FuvUbOOXkkwBYvmIFu3bt4obU73TXzl188OGHxONxFGAaBldcflmn5yISiWCayarYuro60tLSqK4OEwj4k107UnvmffmiC5NBe4rnefj9PrZsq2LdunUMHToUT2s8TzNkyBAGDRrE22+/w/adO7jqiiswOu5BCCGEEEIIIYQQ4sg65oNV8dnJzMzk+9/7AdO+913uufdeTj75JAYPGnTQc6KxGHfedRdLly7lhz+c3hG2dUVrzfpNmxg9ck8Q2LNnT3qVlbJu/QZOGD4MZRg0NDQQi8UIh8NkZWZiWRYBn4+lK1ZStX178vX8wkJOPukkXE9T3rs3mzZvpqqqiszMTJobmztdNy8vjx6FBTz97HOU9+7FoIED6devHy0tLdTV1XH+ued0vA4/bNgw3nn/fWpqwhhGF6FcMu/Dsiyqa2pYs6YS13UJ14Q59ZSTaWlpYXdNDRecfz6WZWFZFpdfdikALc0tmKbJ4iVvk5GZgeM49Cnvw7ChQzqmV4aBRvPm4sUE/AEi0Qie1iilMAyFbdtUVlYSCATYvPlTevQoJBQK7fUdg8+yGNC/P7t276ZHj0JMy6K4uBjXdYBkpWtdXS3XXn01jz/1NLt376asrAxPe2Tn5OD3WSx5+21OOvFELNPs2Pnt41WrGDp4MBUV/Xj5lVcYPWoklmWx6pPVjBk9mqysLGKxGKH0EBMnTsCyLLTWeNrjtdcX4vP5iMXjnDlhPMFgENO0qOhXxrZt2wgGgwSCftJCQTzPTd2vwZtvLSYUCmHbNkOHDKFPn3IMw2RQ//688dZiSktLSQum4Tg2SqlkGJz6XysVTgshhBBCCCGEEEIcDRKs/ou5/LJLqK+v45e/+hWXXX4FP581iwkTxpOTnd2pl2dLayufrPqEe++7j+UrVnDXXXcx9YYbut1EzHUcLKvzY2UaJradSP2keelvr2AZBlnZ2R2hp+NpMtJD9CgoxHGSr3lDsrVAee9ejBg+jNdeX0hZWSmm2bkCNBgMcuXll7Nhw0bWb9jA8y++yIQzzqCiogKgU8WoUsmKV89zMQwI+PcK5zQYqbkNw6CpqZlP1qxhy5YtTBw/nhEjRlBTU9Mxz77aQ8bsrCzy8/NxXIfMjPQux4WCaaSnjunUpmtKKRzHZfOWrWzavJmS4mK+csUVHaFwcgzYjkPvXr1Yu34dqz5ZTc+SEuLxOO0JaeXatWSkp6O1Jj8vl6XLl1NWVoZCEfD5OOess3hm3jwy0tPx+/0YhoFt23yyejVjTzkFv99PpC3K7t276dWrF4l4HF8qxFy/fj1L3nkH23a45OKLCIXSUSjy83IJBALYto1lmmitcV2Xvn36sGHjRhK2Te+yXtQ31KeqVTWe1mRnZ5Gbk4tt26SlBYFkH9pTTjqJDZs28sZbi/E8r1MI3v7VJz/v/CwIIYQQQgghhBBCHCkSrP6LMU2Tf7v165x88snMfuQRfvzjnxBKDzF48GDy8/Lw0DQ3NfHpp1toaW5mwpkT+Z//uZtB3WxYBclgsLRnT9ZUrmPMmDH4fD5aW1up2r6d884+G8MwMJTBJRdfRH5eXkeoF4/HcR2H4cOG0T8VhrbTWhONRDlt7FhWV1ayctUqhg4a3GnM2nXrqNq2jXPPPpsRI07g3XffZdXqNQwfPhx/IMDGjZs6NqjaVrUNx3EoLCykJlzLzl27OuaJxmNoLxlyJhIJBg8ayOmnncbrCxdSuW4to0aNJDc3GSDu3LmT/Px8tNa88soCBg4cQFFREdrTnHLKyR2bSO1Lex5KGZx66ilkZWXR0NDA2vXrkqGs55GWlsaXL7qQbdu28fz8F6murqa8fE8bDA04rkN2TjaWafHRsmVc+uWL2bhhI5bPwrZt1lSuRSnFiy//Fcex2b59B5FIBJ/PRzQWpbBHIRPGjWPB3/9OeiiEZVns3r2baDTGmrXrqFy3nkDAz/IVK+jVqxcDBgxg3Yb1jBw5ghEjRlBcXMJfnnyCRMImFNKgFKeeemqnkLOlpQXHdcnNTYamK1et4tKLL6amNpxqBZD83Y495RRC6XvCZ9d1cT0PlGLCuHH8cfYj2I5D/359O30HQgghhBBCCCGEEEebBKv/osaMHsWY0feza/dutmzZyrZt22hsbCQtLUgwmEbv3r3o17dvR6/QQ3XSmDFs3LSZp55+hr59+lC5bh2F+fkMHNCf2ro6NMkK02Aw2HGO1slw7qOlS9m9uzr5SruGk046EcNQxGNxTNPk7MmTmT1nDvFEotM1S4qKeenlvxKJROlZUsyyFSsZOXIEoVCIsyedyUt//RstrS34LB/LVqxg/BlnkJ6eTt8+5by1ZAnzX3qJ7KwsVq9ew0UXfglIBquJeBylFOPOOIOHZ89m4cJFnH/+eZx3zjnMf+llwrW1NDY2sWnzZsaOPRWdeqX/zbcWk5OTg+s6pAXTGDNmdEfFp6c12vOIRmNkZWXhOE5HyOh5Hq7r4Louffr0YcQJJzDvhfncPPVGMjMz278sYtEYwUCA0p492bh5E/l5eayMRCgoLGTr1q1Eo1Fuvflm/AE/juPw50fnsvLjVZT27InjuHiuy7BhQ1m+ciV1dXXE43He++ADRo0ayZkTJqCUora2ljmPPcaExkZOP20sc+Y+xuNPPkVF335Uba9CKUVubg6e56G1x8KFiwgE/DiuS3FRET179iQejxMMBijq0YPd1dXk5efT1tqG53kkd6DTLHrzTbKysnFdh8yMDIYNG4b23FTLgXTOnDiBv76yIHVOkuu4OLZ9+A+9EEIIIYQQQgghxGfIvOuuu+462osQR09mRga9ysoYNmwoJ544hpEjRjBs6FDKSktJT9//NfbuBINBBvSvIBqLEa6ro1/fPpw5cSKBYBDX9bAsk95lZR1BYzvTMLEsi0Qijut62I5N7169CPj9ZOfkUFBQQCgUIj0UoqCggKJUBWr7NftXVFBXW0ddQz3Dhg7lxNGjMU2TwsJCykp7Uh2uJZ6Ic8ZpYznhhOEopUhPT6d3WRk14TDRWIxTTj6ZwYMGoZTC8zyKi4rIzc3FsizKevakvrGRstJSioqKKCkqZsfOnYRCIc4/9xwKCgo6glUU2HYC23YwDEVZaemejaK0xvL56N2rV8cr/kopynv3xrIsgsE0epWVYRgGPXuW4DgOoVCI7L0qYA3DoGdJCZmZWWRkZFBR0Q+NJj8vj3giTr++fSkt7YlhGFiWRU5OMrgsLCwgLS2NkpISfD4fPUtKCAaDFBcX0dzSwomjRxMKhTAMg1AohFKKzIwM8vLyGNC/Atu2qQmH6dGjB5MnTqSwsLBjEypXezi2TcJ2CKWlUVTUA9M06NunD1lZmeTkZNOnvBytNSXFxWRlZXdUuNp2AttxME2LstJSDNOkuKSYjPR08vPyMU2DstLSjipgrTXZ2dkUFxd325pCCCGEEEIIIY414XCYJUuWsGjRIhYsWMDatWupra0lOzv7H/r/4f+M5H4qP6R379707NnziF5bfDHccccd3H///Tz++ON88sknnHXWWUd7SZ+ZV199tdsxSrcnI0IIIYQQQgghhBDicxGJRHjsscdYvHhxx2f5+fnU1dV1/Dx+/Hi++tWvdtrE+PP00EMPsWTJEsaPH8/Xv/71I3JN8cXxne98h+XLl3f6bPTo0TzwwANHaUWfrWnTpnU7RoJVIYQQQgghhBDimFTJ7CmzqLrxHmZM7qpNW3fHDy68cCbTFo/nnhmTObyzwyycOY2tV81h6pDuR1fOnsIspjPnUAZ/QW3dupVZs2YRiUQYN24c5513Xqf9NLZu3cqCBQtYsmQJoVCI6dOndzr+WVu8eDHz5s2jtra247OCggIuu+wyxo8f/7ldV3yxDBmy59/pX/7yl/zgBz8AoLKy8mgt6TN1KMGqbKkthBBCCCGEEEIcyxb/L7P3yynCLJw5i0VHYz3isEQiEWbNmoXWmrvvvptbb72V8vJywuEwa9euJRwOU15ezq233sr06dPRWneEsJ+HuXPn8vDDD3cKVQFqa2t5+OGHee655z6X6+4RZuHMKfs808nPpsxcSHjvjytnM2XKbA4a04UXMnPKTBaGDzbo6KicPYUpU/b9p5v7+WwufGjXOdRxXXjnnXdoamqiqamJCRMmcPbZZzNhwgSampp45513/oEZj0+yeZUQQgghhBBCCHEM6z1+PFXvVcJe1WGEV7GYSUyqWETVXmMrZ09h1t5p66T2StFKZk95j/Ibq3jkkU1QcSM/2qcwMXluBTfeM4PJhSRDl70mmzR9DlOHJKtVH9kEzJqSrJY9YRUzp23lqukwq338pANXqB54jdBehbvosI8du+bOnUskEuHuu+/uqEKdO3dup/6NgwcP5vbbb2fIkCHcfvvtzJo1i7lz53Lrrbd+pmvZunVrt30jn3/+eU488cTPsWK2kJLe8Mh7lUzteKZr2bqpgoqKxawKT6a9ALvyvUUwaTrH/m/5IPZ5TitnT2HWzPJ/oFL82PLqq69y8cUXc8899wDgui733HMPO3fu5NVXX+X0008/yis8MqRiVQghhBBCCCGEOJaVnMD4qvc6VZWFVy2G8WPZO/qqnD2FWVU3cs+cOcyZM4c50yfBoll7VQYu4pGtVyWPzZhMXpfn7h2qwvT2ue65kapZM1kYLmTyjHu4sSIZtO5pQbCIWU+Vp659DzdWzWLK/mW23awxWYVbdeM9yWOpeWYuDNMeqjJ9ThfHjl3tG1WNGzeuy1B18ODBpKWlsXbtWh566CEg+Xr1uHHjWLJkCeHwZ3t/CxYsOKRxe/eB/TwMGTsJqnbtqU6tfI9Fk67iqt6b2NpRSBtmVxVMGntcx6r7GTJ2EmzaSm33Q495F110EbZtd/rns/7LgGOdVKwKIYQQQgghhBDHtEJOGF/FSx1Fq2FWLYbxtxXAXvnXkKlzmLP3aUPGMmmfZgFdhVS1C2cya9Ekps9pr6ALs/CpRUyaPmdPpWDhZG67cTHTXqpk8tSCLtZYwY23tZ9fyOSrJvHIrPeo3Kei9KBrrHyJRzZNYvqM9rC2kMkz5jAZCC/8XxZNms6cPQti8m03snjaS1ROnnrMVjQuW7YMgPPOO6/js/Hjx1NbW8tll11GeXk5S5cu5YEHHugY2z5+yZIlLFu2rNO5/6x9X/8/kKqqqu4H/TMKyqlIhYuFQHhXFRXlFzGkZBKzOipZk1Ws5e2PW3ghM6c9wiYA9qqs3k/nyuZkpXX7FDOZ9khyBipu7KgaTfYBvpEbqx75/+zdfXxU5Z338e88JCSBBJgkBEswQ0PQYHHX4ArIRIpFaW9r1e7W8NCl0O7a3kiRNS1bVApWW3tTcaEq3brtC5ZbwsPeW7W1L4u1UkgUsYBbKVAClCChPGWCEEhCMjPn/uPMcybJTAhkQj7v1yti5pxzneuc68x1zvnld65jZmNrshatHa/3guVM1qK1oeOsvXLi0TYLt/36BsYzDqwqvB7RYxd3NGZyZJZ423134u0n9Yx/JYVxjtl87733av/+/Tp16pQcDvPPNPX19Tp37pzuvffeDpf1eDxq9XjanZ5it8tu7x0hy95RSwAAAAAA+rDcMaX6KBBZPbNHlSrV3FxpT4x5I4I+kiZ3VPDhNXrmsKTJD4YFeup09LC05ZlZbcdwbbew63VdeCwmp0CFqtSJM9J1cdbxzImPpMJSxQrb1pkV0qz4K5QUjh49KkkRj9UXFBRowYIFksyM1kAWaXZ2dsQ84ct3lz//+c9xzXfFA6u5Y1RauEbv7Z+j4uLAHwpyJRWocIsZkC8+c0IfFZbq87mStF+ry9fo+kVrtcSMKmpW+WpdtzY6qB6W9Xxnrj8Y+6TeXr5Ed9atVvma67Vo7RIV+wOW5auvCz2mv6VSWr5Wa3PNac/MMjO25/gDn5ve/rwZcNwfXo4ZtIwoJ1r0cVs4W8uXBEO07dc31/yDwprrF2ntkmIFgqzBesRr/2p/lnhYEPn1/bozWN8tqtRyrV2b689UX6W3x7QXtDa99NJLmjBhgiorK3XmzBmVlZVJkt544w39+c9/1t/8zd/opZde6jB79dTJk+1Oy8/Pj3/7ehiBVQAAAAAAkl3uGJV+tEpvn1miMWYUqk1WWihYOdkf9PE/Pt+hUGbe6vHhmXLRmXMRa+ryZnStjsEK9YoxVcPV1dUpJydWqNh8c/rKlSvV2Nio7OzsYLA1IDs7O+4M0+52pV6cFWKOs1p54oxUXKejh6/X+FxJGqPSQjMgnxN+nO9/T1sKZ2t5oPmLP6/ZheVmYDZ8957Zo8rDhf4graTcO7Vk7Z2SpP2vh2eKxsiqnvygP5ho1k3Xj/fPm6OCQgXHMt7/3hYVzl6uUFVmq7DcHwyOtalRx+2Zt59U+ayjZubpmT2qPDxZDy4J1ffByWu0ac8Z3XlnrnLvXBKW4W3+wUNRYyN3qniO1i4Jrl0nPpJ0fUQF9WAgippToEK1H1Q/fvy4XnvtNd14443Kzs7WTTfdpPr6+uAwFpJ00003KTs7WyNHjtSqVat03333adiwYRHl2O12ZWVl6fz5823WkZWV1WuyVSUCqwAAAAAA9AK5GlMqrdqzXwpm94UHOM9oT+XhDoKh7SgsUI6K9fnZhSp/ZrXGr52jYn8gyQx6xZsZ95EiZq87qsO6Xg9GLN5xHXOvuz449mT0WnPMCumMinvVC39ycnLazRKtrKxUY2Ojhg8frscff1wZGRkR091ut4qLuy+QnGj269GjR6/gC6zMsUYPv1fnH191vOZICh3nZ3Td0cO6frx/cIoTH0mHt6h81pqIMgpPnFFEinPM404KBBQLS2MHueNnlnN4S7kiq1KoeL8uuXc+qMlrnjGDwjqqw9qiZ6JTsSf7vwURL5ArVGFhV6ocOYRCl8rw2759u8aPH6/c3Fx5vV595jOf0eHDh3XSn306dOhQFRYWyuv1qqioSIMGDdL27dv1D//wD23KGjRokBouXJDh8wU/s1itGjRoUNcr2AMIrAIAAAAA0AvkjimVyp/RmsLZWt5OAOejYHTHfMR4i+J7WD73zrmaXVmuZ814G8sAACAASURBVFaP19o5xf5svvBHgs3HkCtLl2vJnbFKOKw1wceLzTFaA1l90a+wareO/izE8EedQ+NImsGoVW+PCU7raEzJZFFQUKCqqqqYQcoHHnhAxcXFuvHGG9sEVWMNIXC54n1xVfj8V/RFRDkFKvzohPYXmOOrBuRed70Ov7dHJz6arPFzQp+psJ22Dv/7QtgQFJFBTjML9fDRWGH7RJjlFJbGNw5pp3IKVKjJerDNkAZS+PfIXJf/O5jgKva/vkaHw7Jmze9U1xw6dEhjx46Vxz8+akZGhsaMGaMxY8ZEzBeYPnjwYB06dChmWVarVQOzsvTxxx8HPxuYlSWr1drF2vWM3lVbAAAAAAD6qtwxKi2UCkvHxAgNmS9z0ppyzZo1S7Nmlevog8s1u1Da8l50aDNm4bpz7mwVbnlGq/dLKp6j5bOlNeWzguVVBoNJuRpTWqgtz8zSrNWBsgs1WZuC8665flGMwFNndczVnUsW6frg9Fnm2JBziiUVa87y8GVnJX1QVZJKSkokxQ5qbt68Wf/xH//R7rTw5S/X/v37VVVVldAygYDwFZM7RqU6qveOSqVjwlqxeLwmf1SpShWEklGLx2vy4TV6PXC4nXlbT86apdXRh3buGJUWHlblnkC0db9W++crHj9Z2vKeP9BvBi01eXzCLz4rHj9Zh9e8rlBVntSsWavb/AGhPWfe3qQtmqzxxYH6btGmtyPr++TboWixGQyW/+VuoXJyCgojtmdPZdjEaB+dMOPPZ97WpjbjFMfn7NmzslqtamlpSejHarXq7NmzMcvMysqSxR9ItVitysrK6lrlehAZqwAAAAAAJKVizVm7Nuz3XN25ZK3ubO/3sPEkg8KmR5Ylc/zGOyM+iFi+zfT2lj1zQpJU8PklWjsnxlbMWRsaJ7KTOga2OUYxsZdNcrm5uXK5XKqqqlJpaWnEo/3795shsegXRQWCoC6XS7m53RM2XrFiRZeWe+aZZ/Tv//7v3VKHtnJ13fVbtGbLZC2KaPAcFeiwPooYR9gMrD9ZPkuz/J8Uzl4uf4J0RJl3Llmko7NCj+oXzl5uvvBKc7R89pMqnzUrMMEftE9QcVQ5KtTs5bEyTv3avHQtfP629dXkReaLrCR/5rh/+cmLtGjyFj3jz7oNDClgDiNQqNmzJytWOqs5BuwacxiFwtlaNLtQz3RhWI2zZ8/KbrertbU1gaXM8VTPnj2rwYMHt5lm9T/6f7a+XoMGDep12aqSZDEMw+jpSgAAAAAAgF7qzNt6srxSpcs7fpN4X9XY2Kh/+Zd/kcVi0aJFi4KP9x89elS7du3S2LFjg58FXmhlGIb+7d/+rc0QAV318ssvtwngxuP666/Xl7/85W6pA3q33//+9zpw4IDGjRuX0HI7duzQDTfcoE9/+tPtznPy5EkNHTr0cqvY7crLyzudh4xVAAAAAACAKyQjI0OPPfaYfvCDH2jx4sUqLS3V3XffrYKCgogg65tvvqnKykqlp6frscce67agqqSYwdGjR4+qqakp+Ht6evoVfVkVereLFy/KZrPJ6/UmtJzNZtPFixc7nCcZg6rxImMVAAAAAADgCmtsbNTLL78cMdZpTk6O6urqgr+7XC59+ctf7tagans2b96sdevWBX+fOXOmpk6desXXi96purpay5cvlySlpaWpf//+yszMVP/+/ZWWliZJam5u1sWLF9XQ0KCLFy+qublZkpn5OWrUqB6re1fFk7FKYBUAAAAAAOAqOXPmjHbv3q2jR4+qrq5OOTk5KigoUElJSbeNqRqPxsZGvfTSS9q9e7dKSkr00EMPXZWALtBbEFgFAAAAAAAAgATFE1jtfa/bAgAAAAAAAIAeRmAVAAAAAAAAABJEYBUAAAAAAAAAEkRgFQAAAAAAAAASRGAVAAAAAAAAABJk7+kKAAAAJMq46NalbS/IU7NDRuPZzub2/2u50tW6BlhkHXid0u/7P7LmjuzpygAAAABJjYxVAADQ6zRvWaHWfb/pNKhqGIbMgCpB1fgY8p37qxpf+VZPVwQAAABIegRWAQBAr+M5sj2u+Qindo3RcKqnqwAAAAAkPfvFixd7ug4AAACJaYnz+sVCaLWruEYEAAAAOmY3H5EDAAAAQrhGBAAAADrGUAAAAAAAAAAAkCACqwAAAAAAAACQIAKrAAAAAAAAAJAgAqsAAAAAAAAAkCACqwAAAAAAAACQIAKrAAAAAAAAAJAgAqsAAAAAAAAAkCACqwAAAAAAAACQIAKrAAAAAAAAAJAgAqsAAAAAAAAAkCB7T1egXdUVmruiSs7pT2lhaXbH87ortWzxdk14aqE6m7Vbl70K3JXLtHh9TdsJzul6amGpzCpXq2LuCmnBKs0YFVgmXwtWzdCodstsf/qVV62Kua9qeJLu86vGXalli9crRuuaXAu0auqppD4+E2Mep1WxJrkWaNWMHjoaK+Zqhcz1uyuXafGx+3umLtUVmvvq8LDv9VWvgCrmrlBtu31uZ9M7KrpCZhcVb58TdqxE9HVJwn9+ast1mf1qkm93L5by4JtKG57ZdkL9r9Ww+uluWUfanO1KUXvlPaGM8nukP01Q4+ZuWV3CUh58U2m5B9X84sNq7YH1t3s9E9X/uyuXafH2CVfg+HerctliHbvfvFbq/bq3z05kv/foubJXa+86yKnp18R1HgAAfVOSBlbdqny1Si6XS1XrN6u69AoGALNLtXBV6ZUqvXvECDpVV8zV4mVq/wLYWatXl1Xqa9HTqyv8Nzb5V66+iE/EsdfeDd+o5D8+ExLr5sG80Vg2vAsBu24wasYqrbrqa01i23+uiryFUcehW5XLzJtB59WoQ/VOVSV7YDFG/dyVy7R4bkXXg6u9Ybt7szZB1DKlP7xAmXPUbcFVdKLN9Yx57ptbEfo8u3ShrqnT3pXWTX02+/1qaXsd5K5cpsWLK5TXYwkPAADgciRnYNW9T9trXLp/4a1S1QrtrJ6hUVFXGtUVcxVIGHK6XOFTzGzIBRO0fYU/G9A5XU8tzNPm4F+Jwy5qIjJW/ctOz9f69YG/J19uBtKVMWrqdDkXH5NbaucGfIIm5G/XPndpxMVb9U5/wDpm2mASicoIcy2IDDiGt79/BvOmLFZmnLtSyxYf0/3+zyKzZpI8SyD8+JR/OxZIKwIbH8xqDWS+Rh2vnezH5DBKU6c7tXj7PrlLAwEl82Y71ExRwaaobN9gZru7Ust+Lk3IX6/1VZJcC/TU8FejsnAiM7wDGatPDX/Vf1ys0Nxac33uirl6dfgCTdi+wl8X83jJ2xzW/0RkA0Vlo4QFEcwMnwmaXrs+uF3BZcPaafHcYz3a5+RPmKDandWK6HTd+7RdLrmcVaqVYmf6J5CVWl0xV68On6789euD+8oVkXFv7qDFc9f7P486Hnoww7kj2aX3y7X+VZ1yS6Oypc6Oh59rQnAf3HqnUzvfjt7u6P4q/PtdrYq5OzV8eq3Wr6+RnNP16ITteu7Y/VqgFQp1Eas09VRYGRH7Lmq/Kvx4juN82N73MFi/2NuePDaq6cUiZZTfo4ypT/szSc1gqz0tNJdxbIUubNpo/lLyogZMLpEl1jRJ0k3KKN8um/83b3SG6ifWK7PcH+pq3h2VPWpmtQaWjS47bc52pTjCygoLFKfN2S7rxd2yDi+RRQ3ybLlbTbvDy2uQtz7xPXTlZat04QIdm7tCFbeGHfP+PltR35PY34vo83isYy87dKyvmBuWxdlB3xJ9PhkzRtozMOI7cOWya+MXV58d0CbbPvSdjt7v7Z2vQvs+dK7MVkdtEkdf0lm92jt3Bja3o+OhF1wHZY+eIKeOBX8Pf5JGUuQ51x37iQnn9Ke0MG9z+9OS9kIXAIDeLykDq+5921Xjul+jNEpySSt2VmtG2AVjdcVcraidrqdWlSo7cFEspyYE56jR+lcn6KlVq5Ttv8BePNep6U+t0qps//Kbq1Ua88qqRuu3B5Y1y15RcWsS3hB2bvSt+fr5PrdKw250d1a5dOsCJXdgNRigWWVedLsrtWzxMlX6L5Qj2z8wf+Cm7Fa5FBmMDx1PYTcOqxaGlu1VWQJVWrFzgVatmuHfLys0t8rl31fm8fpq5dSwYF37+zF5mduxfcJTWrXQHwqtmKvFFXn+72G1KhavV/6CVVo4SubvcxerIm+VZmRLqllvLrvKH6KtjG+t2aUL9ZQiH290S6pZ/6omhPcdi+fKOd1ffnWF5q4IZNWHArarRoW2Y1ll2A1N1XodC0yvrtDcFT9X5eiFKh01Q6sWqIeHAvDLG60J2zer2uyBJZnfIU24X8O3+2/Ss0drgnO9tof1L9U7zaFb4v0e1azfHtyv7splWryiQreumqFRpQu1Ki98WAR/H5+/QKsWjlKsDLfk1PnxEL4PJOmrN0cOBxEatmVhqP+KyIit0vpjC7RqVSBYu938Y+SCVTK7iGVavGKuqlz+edyVWrb4VVVOXajS7Oj9Glif/5jMljo+H3bwPRwVx3chaTwtX/09sg8skyQzqNr4azW8aAYszSEEvqb0ko1moHJyiXzBYOkTyihfoIypG0PBU0e2jC0T1LDbv+yn1itt83Q1+yfbHFLr8glqlhkMTXv4RenFh9XqD6paj61Qw6aNwbIHPChd2LTRDKpm7Fbzcn8gdup6ZX4qPCAs2YY7gmUrujx/QDhYkaQySre6pFdDf5GIEP096fg8bmZq1k5/SqvCAqfLKp/SwoVPSRFPhsTRt0ScT8zjOnR94da+7TVy3b8w+ftsyX/OqdX0p1aFBTxXtH+N2975Kta5stNrqw76knjq1V5dsuV/EivUT0asu5dcB7n3bZemfy2+8+eoGeY1YGBZ/3ni/tJsSR1NAwAAV4rVMAwl188BbV5fI9fYIhmGoaK7p8lZ9aq21YWm76ySXPe55DAMGYZDrq9Ok1MKliGFTy/SWJck131yOczpRWNdUu1J1YXNH3tZh4rHOyPmvfo/khT9WZ22/Xy9alxjVRRWb0UvUzRW+dv3hup+YKeqXGNVFJy959q5/fXXadurVXI9Mj24bYbDpa9Ok9ZvPmC23/QX9eK3A21kbqcruP1me1ftPBAsb+/2wPF0QJvXS9O+Gr7sdD3iqtKr2+p6dH8YhiEjog1j7yvJqWl3F/n3S7HGOyXntLv9+8o8XmuO1cW1H5On3c3vvHN8sdkuBzZrvabpqy5HcJ6i6Y/I5e8H6ra9qirnNN1dFFi+SNNffFHTi0L7aHyxI6z8tt+hiO+LwqdHzasYfYdcui9Qt6KxcqlWJwP1cj0SrEegb9L6zToQKDu83kVj5VKNjtW1X8+eaB8ZDhWPr9XOA4HP67R3u8x9Gtxv/mMt2L8c0M6q6P0e/hPV50TtV0fxeDn9+7HNvjiwWetrXHpkelHEfo08L1ztn9htdaBihaqc41XsiPd4MOeNXa7/XBj2HXa4vqppzlB/JSl4rgwuH3aMmfs1us8IHHMOub79ol6cHlrenD++82FH38POt70bj9du4L3YIEv/IpkZrBMihgVoPXRQ7a/paTUuj8pIrd+mpt3hy2bLUhK2rj+FgqzNf9wtI61I9hIp5cE7ZGverUvBDNWn1finGlmG3680Sc2rJ6ghPLt18155o6tTvzcUN516k2yqkSdQ3u6HdelYQ1z7I9zV+N4YhiFHfuDcFT2for4nnZzH/f1FsI/2H+ffDvxublTcfUvk+STq+qJur7bXuDS2KNH90M3fgbj6bHM/vfjit4P9bvD6OOb5Twmcrzq/tpI6uLaOp17t1sW81gldBwXKm66ipL0OqtH6xXM1d27oZ/H6mrDj34i6Lgm1dZvy6rbp5+ulad8L28Z4pvHDDz/88MMPP3H/xCP5Mlard6nKOU3fC/zZNnu0xjs36L1AZpT7lGrl1PjwP75m53U6Yqgzvxf/tbZqpR6OzjB1TtP3pnf2t+1RGpv/WnA4gOpdVXKNnS5p1xWqaHdwq7ZGqlr5cNvB/V1Rc1b+SN/dUNNm8qixLmnlLlVPH6VR7n16r8al+0bJf+zUqOq7D2tDVNHOad27FVdTfl6sYzv+/Xh11WhDzP3/PX3bn1HhPlUr1VTpuw+3mUvTJLlra6T8+3ouQ8iZH3PdbnOHt/2u9uwO75Ls0eNV+6b/0VL3Pr2n8fpqtrQvah7nhlpzOBL3KdU6x+vuK9Ao7lO1knN85D6Po8+/4mo2xDhGXXrkRTPbtPpyj4dY5zplKy/hDc9XzC4iTPX6h7UyWE+nxsdTvQ6+h9fCdyHysftAQPJptR67Q2mf2q7MT6kLL75qkHEm7NfdJ+SbXCJLrmTrnyk1noh8qdSZehlyRJQQ/RKuNsHVwHwDs6XmgxHTW8+5lZabQHWTUSfn8Zj9RbtFJd63jBrrkl47JbdGKdtdqxrX2KR42iWePjvIXakffXdD6MWZl/u17K5rqy7Vy7zWyb+vN10HOTXte9+OzJitXq+HV76myru/nUAmbbXWf3eDNO17MZbpaBoAAOhu9ngjsFeHW5WvVUk1anvDWvOmql3TVGSE/9U2cpbIz6Kmt4k2R0ag21vWCP+r/OVuXhcYhiTXI3phWlHMiZF1MusdXueisfla+Wa1XNOkXVUujZ1myDjY3vJXV6w2DHA98oJib7Ihd+WzWrKxRpJLj7zwLRXpoDbMW6lguxWNlUsrtat6mhwn31ON676wzF6nyp78VswLzZ79LhhhGQrhH4cdn4o+VtsuE/1vR/uxZ0Tu/4Mb5mllVSi7yKybJGeZnvxWrEfiDYUO3xjbEOP73P53OHJfRy4TNWesviPW9A6+q+646tFzfU2IIcNRrHG1q7Wt7lsave89adwcM9NICvWljmKNc24Ifs8i5mm36Hb2W7v9sCF10Ad31Idcce0do+H17PLx0N65KWwd8ZyvwiYE+4qwZczvn39bXihVtrtSzy7ZEdf5MFSVdjvxOM9bXWfpfJa42Ppnyrho9izBgGqz/7H7khc1YHJoO1o33R3xKH5m+T0xxlntfqGAao1al9+tZv+j/ldad54r2utfJTMY7xzmUMT5Ldb3v5PzuDn0S3v9aOTx39H1Xexzrszri5rXtLfOpaG7quQaO62Hrx2kuPtsd6WeXbJRNTKvDb5V5O8DpM73e/i6jKi27PTayh2xrL9KofITqFfH587Yeyf5roNi9OtFd6nMuUTv7a2TK2wntn+OdKvy2ZWqcj2iF8Kun0wdTQMAAFeCtacrEMG9TztqnCp78gW98ELYz5NlcqpKuw5Kyh6qfNXoePhLGNwnIwfnR0jRWLmqdungwV3mMAA9XZ9OOTTMKdWedLcz3a19O2rkeuQFvfDCtHa2x/+43q5Kc96x/rliHTvXrM72Y3IomvakypxVWvlspQI1zR6aL9UcV3vN5DA3TMm2Zclar67J1uhx0o59B7VvhzRudKyUl2yNHuf0f8/am6cbahLreOgFff5lHw8x+yu3Tnbbhh/Urir/+TbmHzE61tH29a7vwhOyOiTfuY3+/2+QZ0vUY/exbJ6uhuUT1HysQZbcO5QS17oyZQnPGC25TlZ/Fqv3YoOUcV1kObkOf/C4TPbcTHn/NEENy6fHNUxq6zm3lOYIvghL8mexJqWD2lUl5Q+No36dnMc7O390Om+nfUuRxrpqtGNfpfnH6qS5qOq8z3bv26Ea1yN64YXYgcaur/ryrq0ur14dXev0juugcHF9ByS5K1drY41Lj8TYYR1NAwAAV0ZSBVbd+3aoxjlOba4Hs0t1n0uq2nVQUpHuKnOq6rVAIMatytUbVdOmNJiKNNZVpZUrq0IBxqSWrdL7XKrZuFqVwWthtyqfnadnQx+EXSj7/zIfVUrRWJdUtVEba5waFnyS0n/srNwQzHqUDmrDvHnacFDXmPj2Y8/LVumcMjlrNmpJoBGK7jKDreGNcnCD5s0z2y279D65ajbqt8HJHW+XefO8Q/v8k92Vr7V9LLA7tsRfr9Vh9XBXPqt5YUHj3iR79Dhp40ptVIw+OWweZ9XGDue5bG2OB3+f77ovqR9xvPzjoW1/Fbhhvq/bNjw8GHJQG5bEfy7t6HvYe74LZUp/+B7Z6n8dNk5qePDTfFlVKDP2CWWUb1fG1NDy9txMGWe2dRyEDWMb+aI/eFqm9AklsvjHZG3dtE3etBL1e7AstK5POWUcezUYSLUODEzz17ujFW1+VZ5mp+yB8kpeVL+wIQSSRyi7Lr44UCfncX9/8VrYsXdwwzzNi3WS72LfUjTWpZqNG5Puj9Xx9Nnhf/BwVz4bNgTI5eiGa6su1ytwrfPb0LrdlXp23rOqdPeW6yBJB3+rjTWhQL1jmFOq2hXcpoO/DeubD27Qko1S2ZMxkgs6mgYAAK6YJBoK4KDe3FgjZ9nsmI+TjiyZKP34NVVOKZfLVa75td/Uknnmo3cTy8rkrNkRGqBfinhUss3ji7EesWxv2eDkHhoKIKxuHc0VXu/oOo8smShVSSUj/dsV8Xh5TzBkqEYbl8xT5MOTTpUtLZdrZJmWli3X0rDpzrKlKnc5ZBiSa3aZdixdIn/za+L8pSr75VJt3FmtspH+S8mRJZqoKr3jHOd/6YX5scN/7KycF7pqnzj/eU0b2f5jZFdHO4/9hh+fCvt/I/YyEcdLh/uxZ47m6O+XJMnhUvn8Wn3zxyv17LClKndly1U+X7XfXKlQM03U/OenaaRhyNBIlS0t0/Kl8zQvOHm+nnc5FHriMGwdI8s0f+I39WP/fnCWzVeZ88eqDXxfwvoHR/E4OTeu1Lwqc33hj0MGyjX/iXq02jBkGIF6hY5NOcu0tNx8YUeoarGWlXnM1vxYS+btML8HVz1oGFUfR7HGOSWN879ULHQwhvZHm3naKzpyv7Xtk0Pzte2jHHKVL5WWL9W8QINPnK/ny0b23COOcfWhiR4Pbct1uMq1VMu1NLThmv98mf97EMf5qs0jtOF9xkiVzZ+ob66c5/9Dg1NlS+dr4tIfa8e+OrlcnZXfwffQcHS47T02FIDDfHQ/nHFshRoiXhh1kzIDY6iqQZ4tv5Z38j2yjSyTdkdPlznOatzDADTIc8ahtPLtSpPM4QaCY7Q+rcblUkb5AmWWLwjWLTDEQNP2OzRgcmia908r5Bm5QPZPPCEp1jivG9X0YlFYeTXyHGuQPcExVrt1KABJqgrv103OsqV63pUdXFf4cRZej8BvHZ/HHf7zR/SxN1KGIRWPc2rjynmqmjhfz08r6rhvie6XAvzXFyrpwT5IUqJ9tsM1W2U7lgavnTVxvpaW/VJLN+5UddnI4Gi+sfd75Lqiz5VFHbZJx31JdgL1in3u9F/rBBvRXLfLYchwJON1UPvXvyODfb+5TwL7c+L8+ZpY9UvJMFS90/ysTRkT52u+2p/2PBmsAABcMZazZ88mS2QVANCruFW1fI00uycCwejrbD//XE9X4Zrn/dobPV2FJHRQG+fvVsmPy8gKBAAAuMY99dRTnc6TRBmrAIBexb1fOzROX3FEZXQBuCZwjRjDwV165/YSPdhjT/0AAAAgmSTVGKsAgN7h4MZH9Mj3dmjcVyYm/OIjAOh93HrnuUf0yAvSvDJyVQEAAGCyuN1u/uAOAAB6lZTV93Q+Ey5L65xf93QVAAAAgB7z/e9/v9N5yFgFAAAAAAAAgAQxxioAAADa4BoRAAAA6BiBVQAAALTBNSIAAADQMQKrAAAAaINrRAAAAKBjjLEKAAAAAAAAAAkiYxUAAABtcI0IAAAAdIzAKgAAANrgGhEAAADoGEMBAAAAAAAAAECCyFgFAABAG1wjAgAAAB2znP+3O7hqBgAAvYu3padrcO2zpfZ0DQAAAIAes/TYrZ3OY5fFchWqAgAAgF6Fa0QAAACgQ3Z5LvV0HQAAAJBsuEYEAAAAOsTLqwAAAAAAAAAgQQRWAQAAAAAAACBBBFYBAAAAAAAAIEEEVgEAAAAAAAAgQQRWAQAAAAAAACBBBFYBAAAAAAAAIEEEVgEAAAAAAAAgQQRWAQAAAAAAACBBBFYBAAAAAAAAIEEEVgEAAAAAAAAgQQRWAQAAAAAAACBBBFYBAAAAAAAAIEEEVgEAAAAAAAAgQQRWAQAAAAAAACBBBFYBAAAAAAAAIEEEVgEAAAAAAAAgQQRWAQAAAAAAACBBBFYBAAAAAAAAIEF2w+jpKgAAAAAAAABA72InrgoAAAAAAAAAibEbpKwCAAAAAAAAQELIWAUAAAAAAACABDHGKgAAAAAAAAAkiIxVAAAAAAAAAEgQY6wCAAAAAAAAQILIWAUAAAAAAACABDHGKgAAAAAAAAAkiMAqAAAAAAAAACSIMVYBAAAAAAAAIEGMsQoAAAAAAAAACbL7iKwCAAAAAAAAQELsPoYCAAAAAAAAAICE8PIqAAAAAAAAAEgQY6wCAAAAAAAAQILsPgZZBQAAAAAAAICE8PIqAAAAAAAAAEgQQwEAAAAAAAAAQILsPt5eBQAAAAAAAAAJsduzhvR0HQAAAAAAAAAgeVzofBaLYZCyCgAAAAAAAAAB5eXlnc5jvQr1AAAAAAAAAIBrCoFVAAAAAAAAAEgQgVUAAAAAAAAASBCBVQAAAAAAAABIEIFVAAAAAAAAAEgQgVUAAAAAAAAASBCBVQAAAAAAAABIEIFVAAAAAAAAAEgQgVUAAAAAAAAASBCBVQAAAAAAAABIEIFVAAAAAAAAAEgQgVUAAAAAAAAASBCBVQAAAAAAAABIEIFVAAAAAAAAAEiQ/UoUeu7cOZ0/f14ej+dKFA8AAAAAAACgj7Pb7crKytLAgQN7Zv3dXeC5c+d04cIFZWZmym6/InFbAAAAAAAAAH2cx+PRhQsXJKlHgqvdHvk8f/68Bg4cSFAVAAAAAAAAwBWTmpoqq9Wqc+fOXRuBVY/HI5vNJsMwurtoAAAAAAAAAAiy2Ww9NhwpL68CAAAAAAAAgAQRWAUAAAAAAACABF2RgVAZMCOIXQAAIABJREFUBgAAAAAAAADAtYyMVQAAAAAAAABIEBmrAAAAAAAAAJAgMlYBAAAAAAAAIEEEVgEAAAAAAAAgQQwFAAAAAAAAAAAJImMVAAAAAAAAABKUlBmrBzd8Uz9+J8YEe6aGFY3TXX9/l8bmZVzWOtrnVtXypdqoMi0tdyn7sufraf56Dpuv56cV9XRlAAAAAAAAgGvCFQmsdo90OceVaFhYDZtO7df+g29pzdM79OE/f0dzbs7queoBAAAAAAAA6LOSOLCap3GfmyZXdCpo4z5tePonemf1f6joifK20wEAAAAAAADgCkvKoQAM/38Nw1CbotKLVfbPk7T7ua365ZYjmvj3Tv+ERtXu+IV+8cYe1dQ3ySPJnjlMN39uph505Ss4cEBjrao2rdMbHx5XgyfWPIF1tqqx+k1t3PiG9p/2yJ4+RDffOzvmfO69/0+r//MdHW2S0ofcrHtnPyhXfuRQBY21O/SLX/xSuw81yCO7MkeW6Atf/KLGRcwXzza4VbX8SW3K/4q+aX9DP9l6Wsq8TbMf/7JuzpDO7/tvrVn3jg41eGQfUqKZ//tefz0NXioGAAAAAAAAdJMkzljtgNOlKY6t+tWhGrnlVLakU799Tst+Va9ht31RM0scSm84rnd+/4Z2b3pOTelL9b/HZklyq+ony7SpfqQmffErKnZI9bvf0i82LVOt53E98em80DqO/1LP/SRPJV+cqW84PNr/q43auuk5Kev/aPbNKRHz/eRnWSr+wkx9I7NJu9/6hTYtO6jj31yqsiJzvsaDG/X9599R07Db9MWvlMjhOaStb/xe65btV803H1dZkRkyjW8b/Has00/yxqnsG59Ta326nBnS+V0/0dL/3C8Nm6SZM4ulQ1v1q+fXKPPKtwgAAAAAAADQp/TOwKoy5ciTtP+U6iVlq0YfvtOgzIn/W4+WFckMZ47W6JI8rfnXn2n3oVPS2CzJvV87jkq3fWO+/n60v6jRxUpvekKbPjwo96fzQi+h8jj0ucf/VXf5Y62ji9LV8K8/0+4PD2r2zaNDVfE49LnHnwjNN7ZIeU9/X7/65Q5NKXcpWzV642fvqKHgi1pS/ml/+aM1elyJfvn0Mr218X19+olPKy/ebQiut1gzv1mmscGE1xr996b9UsGDejzwMq3RozVm5Mt68t+PdufOBwAAAAAAAPq85BwKwAj9T+yi0pU5WAoOF6ACTVnyQ00JLBOYzf4JjRwm7W5sVIthKCUzUw67tPtXG1Sc+TmNyc9SitJV8k/LVRJc1r/0sIm6ZUjY+gNlnapXnWEoOzDfyCm6LXw+DdEtE4fpV6/s0P5zEzWxfpfeb5JumXK7HOF10zBNmjJSb1X8Xh+enKQpeXFuQ2BKQbEK0sPWe+qg9jRJY6bcFrGe9OIpmuJ4X78yGAoAAAAAAAAA6C69NGP1vE4fj/V5qxrdp3T89GmdPrhfH+7Zo0OnJalB5yVlp9yse2eO0dF17+o/f/SuZE+XwzlGU6ZM0S3FeYoYFdWeEmsFbQ1xKCvqo+xhBZI+0Kl6Sa2tapJD+Xlty8tyDJF0SO7zkoKjEHSyDe3V47xb9XJoYpv1ZMoxJL5NAQAAAAAAABCfXhpYrdep05IK8uXwf+Le/TO9sG6P6s03PsmRlaeCW27TmA+26oOwJbNL/klLSs6rdv8evf/7d7T70Pva9O/v6xcFD+qxRye2H7hMWLqy0iW1xr9EvNuQmBTZ07u8MAAAAAAAAIAYknIogGA5amcogJrder9JGlJSaD72fv59VfznHjXdMkvfnVEiRzBp85Te+mCrPpAR+Xi9MjXsxtv1wI236wG16tTWF/TMK7/S1iO36wGn/PNFL9P2c0OS6s+r0TAUHrusP35U0hANzjRkNKYoXfWqPdUiY0hkNun5+tOShinPYcg4F/82xKxfpkOOmOtx69RRSTd2X7sAAAAAAAAAfZ21pyuQsKb92vTzrWqy36jP3uJ/fv50jQ5JGnNbeEBS0vH39X596NfW/a/oe4sW65Wa8AJTlJUZ/TB/Av68NWIdajqkt946Lo0s0ch0Sc5bdFu69MFb76o+YsHj2vrWISnzRo10xL8N7cor1i2ZbdfTdGirtsazPAAAAAAAAIC4JfFQAKf1/m826XhYDZtO79GeQw3yKFO3z/uKSgLx0CEjdaP9Xb3/8x8p/cHP68bMJtV/sFWv7z6u1rDlU0aO0Y32rdr6wo90/rOTdNuwTDUcf1dbf7NH9oIvaZKzC9XMrNdbP/iRjj/wGd2Sclxbf7NVf24q0Jdm3OYfe9Wpz37tdu1+4RX94EfH9cBnbpHDc8icrz5Tt8+bomEJbEP7hmnKV27X+2HrSW94V6//ao8aurBZAAAAAAAAANqXlEMBmEs36ej77+po2Of2tMEquOUefebzU1TsCFtP5i2ataBR/7X2db1T8VNttadpcMFt+odvfV2Od7+nle8eUm3L7RqcUqgvLXpYg9e+om2/qdAH/rFMC29/SIseKNZgwzCHH/DXwogYCiD6c//vY6ZrQeEf9NP/qtD7zVJawS36x4dmqGRwaBiDtMIvadG3CvTKK6/rlbXvyyO7Mgtv1z8+9FmV5KWZ2xH3NrRXv8B6PqH/WmuuR2lDNOb+f9Qtf/i/+p1/fgAAAAAAAACXz2J0c7TtyJEjysq6jEfrAQAAAAAAACBO58+f14gRI7q1zPLy8k7n6X1jrAIAAAAAAABADyOwCgAAAAAAAAAJIrAKAAAAAAAAAAlKypdXAQAAAAAAAEAyI2MVAAAAAAAAABJEYBUAAAAAAAAAEkRgFQAAAAAAAAASRGAVAAAAAAAAABJEYBUAAAAAAAAAEkRgFQAAAAAAAAASRGAVAAAAAAAAABJEYBUAAAAAAAAAEmTv7gLT0tLU0NDQ3cUCAAAAAAAAQBtpaWk9st5uD6w2NzfruqFDu7tYAAAAAAAAAGjjxMmTPbJehgIAAAAAAAAAgAQRWAUAAAAAAACABBFYBQAAAAAAAIAEEVgFAAAAAAAAgAQRWAUAAAAAAACABBFYBQAAAAAAAIAEEVgFAAAAAAAAgAQRWAUAAAAAAACABBFYBQAAAAAAAIAEEVgFAAAAAAAAgAQRWAUAAAAAAACABBFYBQAAAAAAAIAEEVgFAAAAAAAAgAQRWAUAAAAAAACABBFYBQAAAAAAAIAEEVgFAAAAAAAAgATZe7oC3eeAXv76c9oW/tGIGfrBdyYpJ4FS6rb+UI9VHNGIGd/XokmdLRlY5x0q/+lM3dB54Xrm8Qod6UK9rp4EtwkAAAAAAADog66NwOqBdXrouW1tPz9Soce+XptQgDBn0nf00qRurR0AAAAAAACAa8w1EFit09ZX/EHVOx7VSzNvCH3+w8e17sg2LV93q//zGNmY/qBsIEM1VsZq4DPTCM38/ncUM5k1kJHa0Tydapt5e8ejP9WX/Zt1YN3XtXxb+Gf++QNZsGFZsTOHV2idv6DoDNy4tim4PYratwAAAAAAAEDf1vvHWK3bq3ePyHzsPyLwl6NJ33lUd0jStp060NXiIwKQknRE6x7/obbWRc95QC/7g5B3PNrVoGqdtv4wajgDSdueW5d4/Y+Egqrmrz8L1jm+bdqm5YGgqlkJvdzVnQgAAAAAAABcY5IuY7V11Z0JzZ/yma+Zwb/hQ2OMWXqD/u4Oadu2YzpZJ92QcLDzgH5TcUThGZ2BoOS7e+s0KThkwDH94ofbZMZ3vx/MLk1cjiZ956cKjUQQyLrtSv0DdQ6UcUTH3JJy4t2mUFZsYPoxfyUSbSMAAJBcUua+3dNVAAAAAHq9pAusJpW6kzomSSMm6CZ/UDNyDFa3/98jOuJP7Rw+tHteSRV45L/LgnXO0U0TRihYwbi36Q79nT9AnDN0uKTwDFcAAAAAAACgb0vawGrcmRR1WzVC0pFjJ1WnG5Tjz/J8d8L3teimvfpFJ8HJupPHLruukqQRIzTiyBFte2WrPvudSTGyZ+MRyC4doZnf/6lemhn4vaNF/IHSq4gsFwAAeieeOgEAAAC6T+8fYzXnJt0+QtKRCj227oCkHE36pxlSxeN6KDhG6HBFJpKaj9ZLddq7vYOoZc5QDZdZ9m8C44seWKeHvv51PbQufMDRO1T+ne/oi3dEzZuo4HixgWxSt461U71j5gaobu/2xHJJ494mAAAAAAAAAO1J2ozV+OVo0gN3aN1z26Rtz+mhGBmqI2ZMlflUe7aGj5B05IjWPf51reu07Bv02RkjtK3iiLY99/Wwl0qN0MypN0hRr5S6YeoMjdhW0XnW6pEKPfb1iuhK6gf/1MF0v+z8EZKO6EjF43oo9izduk0AAAAAAAAA2ur9GauSdMNMvfTTR3VHpzOa2awjgr/fofJHO14qZ9J39IMZIyI+u+NR86VPMWbWP88Y0fWs1cDyoRXppUfvkGS+WMqc5Z80M2KWeLY7ejUJbBMAAAAAAACANiyGYRjdWeCRI0d03dChXV4+MPZX943jeUAvf/05yf+GewAAgL6q+6+zAAAAgJ534uRJjRgxovMZE1BeXt7pPNfAUACduUFf/ulPe7oSAAAAAAAAAK4hfSCw2jHDMNTY2KjGxkb5DEP9+qXKarX1dLVi8vl8unTpkiwWi/pnZCgjI0MWi6Wnq9WtaI/kQnskF9ojudAeyYX2AAAAAHC19enAqmEYOnf+vAzDpyF5ubLbU2SOjGCoewdIuHzm/ZZFFovk8Xh09uzH+vjcOQ3MypLVem0MlUt7JBfaI7nQHsmF9kgutAcAAACAntCnA6tNTU0yDK9yc3NlGIY8Ho+6ecjZbmexWGS1WpWTk626OreamprUv3//nq5Wt6A9kgvtkVxoj+RCeyQX2gMAAABAT+jTgdWLFy8qd0iODMOQ1+uTz5fcN2EmQ4Zh3owNGjRQdWfc18yNGO2RXGiP5EJ7JBfaI7nQHgAAAAB6Qp8OrHp9PqWkpKi11SOv15f02S0BhmGOw2a32+XrJXWOB+2RXGiP5EJ7JBfaI7nQHgAAAAB6Qp8ezMtms8nnM2/AestNmKRgfQ3DkM2WnC/m6AraI7nQHsmF9kgutEdyoT0AAAAA9IQ+nbEaeANvb7sRk9Tr6hsP2iO50B7JhfZILrRHcqE9AAAAAPSEPp2xCgAAAAAAAABd0aczVqXIx/Aul9fr0cXz53TmRK0O/nGnPnh3i07/9bhaPF7ZU9N0XcFI3Vr6Gf1d6WQNdDi6pd7Xmu5sj6upN9Y5HleiPQKP64azWCzBn+5Ae3SO/ury0V8lF/orAAAAAFdbnw+sSobMN/N27abGMAx5W1t0ouag/qfqd9r3xw90+kydLjVekHw+Wa0W2a2S0dqko/v/RzUH9upPu/+gz5XN1CeLbpTd3rUmMOt7Ld6IJd4ely5dUktLi9LS0pSSktJmus/nU1NTkyRdsTcu0x6dlGIYkuGVLp2Rvf5tpbh/K/vFD2XxXpK3/yi1Dpqk1pzPyZfhlKyplx2woD3aWZr+qpvRXyUX+isAAAAAVxeBVUmBe7Cu3Iz5vF79Ze8H2lzxkj76y2Gda/LIY1jUPy1VrTLU0uyV3WaRzSrZrFYZ8uqP27fo9OlTmvXwv2jU6E8lvM7uypJJVp21h2EYunTpklpbW2UYhj744APt27dPEydOlNPpbDN/U1OTNm/erJSUFN1zzz3Bzy0Wi1JTU5Waenk3xn29PeIrxCPr+b1KrX1JqWd+LYvnfHCSvemvstdvl929RZeGf0Pe7EkybOldXhXt0T76q+5Hf5Vc6K8AAAAAXE19PrBqGJf3+ODHdaf0u//+v6o5VK1LXqsueS1KsdtkkZSemiKv16Imj1der08Wi6EUm2S3WnRk/4fatPpnmvuvT2hwdnYX6m3oMpNyklJn7eHz+XS6rlYHP3pPZ+pr5fF4VPdXr87We/WHD3+t/cfaDhvsaTV04pRHFov0RuVPgp+npKRqSPb1Khz+d8p1fOKy3sjcV9sjvkJ8sjTWKOWjNUo5+brkvSijzfDOrbLXvSd5pWb7YHkHjZUstEc0+qvkQn+VXOivAAAAAFxtfT6wGpL4XY3h82nvH6q07392y2JL0cUWQy1eqX+6TTa7TYbPUL9UmywWqcViVavXqxaPIcNmKK1fiv74/rva8uYb+sKXpiX4iK1Z12v7Riz2xtW5T2rH3v/Svtr/VlNrnWQ1ZPNdJ+vAXH3U9JGM1o9jFGWXLWOkJEN7Tx8IfmyxWNW/Lk9nG/5e4z71oLIH58lq7cr73Ppue8TFc1EpJ99UysnfSZeaZai9AIQhq/uPsmf+Vt7+RVLq4C6ukPaIuQT91RVEf5Vc6K8AAAAAXB19PLBqBH8CmS6JaLnUrD++V6mmVp+8Hp8utPiUarNqQHqKRhbkaN+hU/L5fObMFik1xSYZhnw+SRZDqXarfvv6LzVpylQ5cnISWLMlbEy2a+lurOP2aGlp0YEj7+qo+zeypLg1OMsqe4pk0WlJp/1zxboJNiQdjDndME7Lfen3OnH6Fg3KyuniY5l9sz3iZWltkO3UO9IFdwdBCr/WS7LWfSDLsHr5UgZ1aX20R2z0V92N/iq50F8BAAAAuPr6eGBVCrzowjB8CWeMnP+4Xqf/elyXvFKTxyerxdCAfjaNLMjV3ROLlJGWqqqdhyVDskjyeAx5DZ+8XkMWiyGvYdNHR4+q9qOaBB+vNWSWeC3ehLXfHvX19brQvE9p/U4od4hd/QdYZU+16HKGqDMMyfCc1Lnz5mO6XXu8tm+2R7ysniZZzh2V0Rpfdp3l3HGp9cJljJFIe8RCf3Ul0F8lF/orAAAAAFcXgdXLcPH8ObW2XJIsNqWnWDQsb7Bu/duRGlucpzxHhj5/503Kv26Qdu+tVe3Jj9XU1KoWj3RJXnm8ksfrk1VWHa6u1qf+tiSh7KO++NhgY2Oj+mc0KT/NIke2XWnpVlms5i1pVxmSDJ9XF2svXdbLTvpie8TLMCSjRTJa4wsCGa0WyXf560Qk+quri/6qd6K/AgAAAJCIPh9YNR8Z7NrLI9L6D5DPliq7VfpkoVMPfOk+jcrPlNFQK5+nWen2fpo0vljjx47SGXeDTpz6WKfd51VXf0HnLjTp2Knz2n+kTj6fL+Gb5Gv1ZRcdtYdhGBqQnq6B6dka5LDLntI967QoRbUnUy7rhSd9sT3iLsPaT0a/4dLHJ+KbP+UTMmzplxk4oj2i0V91P/qr5EJ/BQAAAOBq6/OBVSl0U5PojdGAgYPVr3+mUvqd0133fkG33fEZXao7rKZmt6wWq2SxqcWQbKkW5ecPUMH110k+r1qbGyXvJe37y2kt/Lc35fxkYbAe8QnkPF2bd2Idtccnsh/SiBHPdMNKfFJro4ymc/JeqFPL+R2yHntHvgE5smQNk5E6QBarXbLGk7XUd9sjruXt/eXJuU2WUweklosdz2yxyjvoZvlSBl9GoIL2iIX+6sqgv0ou9FcAAAAArqY+H1gNvxdK9MYotV+aRo0Zq8GZ/TT2tltlsfWTbGmypg6QYbVLFmtw+LRWw1Crxyuf15C3xVCKxZDX59Ow4cM1fMSILtyUXZs3YR21RyBDy+fzqampSefOnZPdbtfAgQN1/vx5tba2ymKxKDs7W/X19fL5fMrMzFT//v1VV1cnj8ejoUOHyrh0QS3H/iBr7Q5ZPM2y9ndoVF6WLIZb3pOH5Dnkljc1S8bQEhm5N0r9ssy27Ljm3b8zksDlfD8CfPb+av3k52WpPyZbze8kb0vsGS02+XJHq7Vgqnz9Bl5WBhjt0Rb9Vfejv0ou9FcAAAAArrY+H1iVfDIMX5ceb5WkW0s/rT96zslu8cpitcrab4BsaQPla7FFBCoMGZLXK3kuydd6SfL5VN/g0Renf1mDBju6+GjttXgz1n57hAcq/vrXv+q9995TVlaWxo0bpw8++EBut1spKSm666679M4776ixsVElJSW64YYb9P777+vs2bOa/sV71Lrvlzq//3fKLrhJVkeRLBaLLP0GyGLrJ9vAfKX6PPK4/6KWfZvUOmCYjFH/S3KMlKztf136YnvEy5Bk9B8mS3GZ1NIi6/FdUsuFsCiIRUrpJ5+jSJ7iL8njuFE+I7Bk19AesdFfdTf6q+RCfwUAAADg6iKwqst7cUS+85O6NLZUdWfOKDP7Otn6DZAtY2BohuDLfg0ZNo9582S1yWPYlTH0Rt3impzQS2Ai63xt3oh11B6BG1Cn0ymn0xn8fMqUKRHzfeELX4hYZurUqVJLg7x/XCvryT8p55M3S4ZPFl+rZLHK5/6LLOmDZVjtslgssqYOUGr+zVLNDrXu/JmMv/2KNKS43WBFX22PuMuw2NQ6ZIyMW78h+4DXZa3dLcuF05LPKyNjsIwhxfLc8Dl5rvtb+ezp3VRn2iMa/VX3o79KLvRXAAAAAK4mAqt+Xc0YsdtT5Cy+Wb4Lp+VpuiClpMmW7pAMyfC0SBaL/67JkM/bIrU0y2KxysjI0ydLblZaRkYXM1Wu7ZuwWO0RyP7yer26ePGi6urqlJqaKofDIbfbrdbWVtlsNg0ZMkR1dXVqbW1VZmamUlNTde7jejlO/FoZNb9WinOyjNYGec8ek6w2WVLSZfi80qULZtDCMOT7uFbWgZ9QytAb5Tvwtjx/2ihj/Hypf257Nb7yO6UHXXZGladZ1o+PynL2LzL658pbNEWy2CVZJF+rLL5Lsp76UPazf5E3K18+R5F8A/LieKS53Rp3va69AP1VcqG/Si70VwAAAACulj4fWA29QbjrN2Ip/dJltQ/VpdZGpVpbZUvLlGTI13IxlD5j+ORrNh9PtKQMkByjNGBg3mW81bl7MnOSTUftEQhU+Hw+NTY26vTp08rIyFD//v119uxZNTY2Ki0tTYMGDVJ9fb2ampokSRkZGWo+vlMpR/+f7OmZUuNRWTKuk23wMFl8zdKlFkkWGa0XJJ8kiyFLarrUelEWWz9ZM/Nk/egdeYf9nYyi/xXzBTF9sT3iK8An28c1SvnLW7LXvi/rhVNm8C5toIx+mZLFKkvLBamxXpbmc5LVLl/aIPkGj1DriElq/eRdMuxpXax34tVNdvRXyYX+KrnQXwEAAAC42gisht2EXU6Gi8+WqiavV1aPR6lpqbKlDZLVmmpmfcknX2uLDEOy2NNl9B8mX/+hMgcz7GqgwqdrMculs/YwDEPe5ib1u3BW+QMHyNZySfaWZuXl5am1tVV2u112u115eXnyeDxKT0+X3WbVQON/lJ52SdaBn5SMS7L4GmVYrTK8HslnkQyL2RQ+M1tPssjwXpIsdlnTBki+FlmqX5fP+WkpdUCMevXN9ghntVrbzGM7tUf9/rRRVm+zlHuDvPljZblYJ+tfd8taVy2LDBkWq4yBw+UtultGhkOW5nOynq1Rvz0bZHMfVvPNM2T0HxIs02KxyOfzdVJv2qMj9Ffdg/4qudBfAQAAALja+nxgtftY5LWm6dyFOg2yWJWWOVg+q03ytsjwtMhi+GS1p+iSZ4C8GdfJYkuTOaAhEmEYhnxery4dq9HHf6hSyjCnUgZn6/S5BjU1NSktLU2pqak6ffq0mpqalJOToyzbeQ1s2it7eoqMtFRZZJXPe06SVRbZZchqZn75fwyfmT5kGJIsNkmGLDa7LKf/JMv/b+/+g+QsDzvBf7tnRqMZ/QQJED+FMLFCsHEcY9nOGklx9jZOTpTXeytuC1Fm/0jiq1QdfwB1ReKDq4PC8VXJ7Fb2Lld4fXWFy1B7qLLOFspevJd1hOw1sYyxvQ6mFNuMQRgPIAH6Nb+7+/7o7pmeHz0z7+jXaObzqaIYTfe8/fT7dD/v837f53neY4dTu/JDF3QfLEaV0skcH+tLV3lNejo3ppTOlJKMXXl9Ri77o5wcfSVvj/4kI9Xj6e24MVd87F9kwzf/73T+9G8ytvX3cuxjd+SN4e9lsHI03eUrc2nXzqzuvCbljp6UOrpTKw2klrEMjL2RscpgVnfckI7aqgv9ti9i2qvzQXu1OGmvAACAs0WwmrMzAqyulKHTJ/Lzl1/IlTd9OJdc9Z50lZLq2FCG330jb//khxkZraR39eaUkzOa+1erNUcqLbVRLu3rY3xqbamUWrkj1cHTGRsaTKVSzcjISEZHR5MklUolIyMjGRsby9jYWDpGjqSrPJCOzkqS06lWS/Ub8NQ6k3SkVCunVquHRtWUkko1tUoaA8HKydhQSknKlZFU33op1U2/Mb3Uy7A+Wo1lKD8/9R/zxuBz6e24Il3ltfWRWrWxDFWOZWjsaEZrp1OrVVIurcgl3Qfzwd+6L5fd9Kn0X7E6P3z7sbwz/A+p1UZTKnWmq7QqPZ0bs7JzY0qpjywbqR7PYOXNXNW7M1vX/MuUa73tS73M62N+tFdnTnu1uGivAACA82vZB6u15h2wzyCoqNXqp0NjtaSjo5TSySN56T8dTu/VN+WSKzdnZOBk3n31x+kePZpVV2/NqdFqVnRW0lUupVxe+Ciwpbgm22z10dPTk5MnT2ZsaDDpXZWu3/6n6aqMpSPVrFu3LitXrkxXV1fK5XLWrVuXkZGR9PT0pHtwIOXOakoda5LScDoyknK6Uit1pFYrJ+VyqrVSUimnnFJqpaRaqjVGgnWkNnY6pYylVi6lNPBG28/JcquPVh2lnnSUVmRw7K0Mjr016zYrtaEcHfpBnj/6aG675l/nudfuymDlaMtrjmS4NpLhkXeSkZ9M+/vOck/K6Z7z+7qc62OubWivzg7t1eKivQIAAM63ZR+sto4QWUhQUUsyWC3l2Eg5x0aSq4dGs/mqa9K7djD9b76SV17vS2d3T9avX5UrLr08I+nMf+k/mTfGSrl2TTnXre/OJT2d6SgQWJQWvtThRaB9fVxyySV54403cvTk6Vz6npuyqTSxzzZM2crGjRvHf+4a60i5PJby+ptTuuJ3U/3Ff0hp8K3UqsNJkmq6Um7czLlaKyf4oAaBAAAgAElEQVQdpZRrqU+vrZZSqpxMqVxNubOUygzlWq710VQqldJR6s76FTfm8pW3ZrR6KoOVtzJUOTbrlivV4YxUT0wKKWZWysqODenpvCxdpVVZ13VDyqWu+viuGcq03Otjrr/WXp1N2qvFRXsFAACcX4LV8dEt1cJBxViSt8Y68rOhjvxiqDNb1nZmY7WczlpPNl59Vda+5yM5MTySlEvp7bk0XSNvp/P0m9m84ZL8u78byMuvvJ4PX70mO29cnw9ctSZruudXHc07Hy/NaYPt66NcLueqq67KG2+8MT66q6Nj+h2vpxlJ1pY7k5Mvprb5ruS996R06scpDbyeVEZTSkdqx76f2uA7qXU0EotGWFGrVpLaqWRFUhsrp9azboYpv8uzPpo6SpV0j7yWXx3pzk0dO3O6YyivrxzMjwf+c46P9LXdcrVWS2qlVKuz77dLum/MTT07clWlN73pTm04GS39IkMdV9dH7k0t8TKvj3a0V+eC9mpx0V4BAADnl2A1k+8kPF/DKeXHI+W8Vl2Rd6vlDKSWLR2ldF56TWrHK6l09WSo85IMvv6/p1x5JSOrd6R7zUfSc+nN6e3akI78ND9583hef+dU/r7/3fzer12W3/vVy7Oht2se5c2CgpWLxWz1sWbNmlSr1Rw/fjynT5+e827LSXKqWsvG2sp0jr6e6sv/R/pX35HBzi3p7LghKzpHs370paysna5Pu+0op5pSainXRxhVBpOO4ZS6S6l2dqVy6a+0CSqWZ32USqWsqLyV1a/8q3S9cyClsRPpXXFZ1l32TzO64Z/lO2/sbbvdarmaWi2pjM6+3957ya7cdOzFdL21P+XRo6l1rs/Iht9ObfPnMpB2wdHyrI92tFfnjvZqcdFeAQAA59OyD1Yn1mSb/9+MJXl+rCP/kM6sXNGRgVot74zW8u23Tqd8ydp88LJbUhoYyqnX/ypXDf9fWbnqdAYGn8vx0x/M272fTG3tJ/JPbrg0p49flud/fjQ/O3oiT70wlNFKNf/d+6/MupWzV8tSPv+aqz7K5XLWr1+fVatWZWhoKJVKZc4T0q70pnriumTwWEon/z4dbx/Lu0PXp5LerO8+nXXdR1LKyaRcTqlWSqmjVL8pTHU01fJgsjKpdZZT7b4ulfVb25R5aZrP96Nr9Gg6X/9GapWB+h3Lh46la+Avct11f51vDf1vbf9urDG6bHSoMmsZrln5oXS++vlk7HiqKSc5kc7B/5TOa/7H1Epr25R5aVps7dWn37cpl/TMHq4u5/rQXp1f2isAAOB8W/bBajL5hhfz8XKpM98vd2ZjT1feHa7ljVolla5SjldKefoXp/PjN6v5SO2N3PDOV7J+bSmlSi0ru97I6tL/l1NDL+SdU3+VD3Z/Ktdv/+388dBwfv7mu3nz5On85X99LZevXpF/fOPGdHeW51nupWc+9dHV1ZWurrlHy9Wtz0D5t9Nx+nBWlE/n8q7+rOl4K9V0pKuUrEgppVI5STlJKUktHaVKquXRlFfUUuoopdZZzukrfyvVrjVtd/yyrY9KNdWTo0la6+N0usvrMzZLCDFaqiS1zPqcJOkurU3txEBqk7Y/klSrSUf7tRSXbX1McS7bq3UrO/Pf/url2ivt1aKhvQIAAM4nwWrLHYTnE1ScKHXkYLUjnT1dGUopR6pjOVmqpquclLpLGcmKvHu0P6Mn/ipXdP041Wv+59SGX0/HsX3prr2eFd1vZu3Kb+TYqe9k3ep/ld/61V/PEycHUzk9klePvpuv/eC1XL12ZW7ZtDqlUvsbxNTXeVuKZ2LF6mM+hoeH8/bIe1Mb+91cOnQgV646nlWdI6mP5SvV/6tVxndnqb6UXsodSa1cSq1cy9DaWzJ4+c7U6mfG015jOddHrdKR2uCqpDY28buOlRmtDGVksP3U57HG1NrZnpMko2PDqQ6vS6kyNPHLUldq1XJq5ZnLtZzro9W5bq/+8gdHcsOlvdor7dUiob0CAADOr7mHGS0T8zknriX5aco5vqIzPZ0d+WWlmv7aWE6WqzlZruVURzVdYydz6Vsv5roT/zG9lbGU+/7flHtuydgN/yZj6z6TDG3MiuFKLl81klU93al2dibdnUm5nOroWL730zfzty+9mVMjs4+KWerO5uidn/zkH/K97/8oq7f+i5y+6g/y8xMbM1RZkXpIkdRrtpZS47+UaimVayl11MOKSs9VOXnlv0il+8r6LZyXodnqY7RzQ0bX/6NUB7pTHViR6sDKjFz9T/P3r/1lRoeq7f8brqZWrc3+nKFqXnrjbzK66fdatt+d0Q07M1pes2zXJVws7dV/7TuqvYr2arHRXgEAAOfLMh+xOnH34FqtNueNRYZK5fy8VEq5qyOjpVqOppqT5frpbmeplo7qWNb/4ue58q2D2bT2WMa2PpTS8Ospv/iv07n+vale+clUVn8o6f9STlSvy9+ffl+e6etPakmtWkupWs3o6Eheev3dvHVyU1Z1zZx7l8vlTEx1XEonasXqY776f/nLvPDCCzny2mv53U/+Trou/ed5/cRfZPOaN9JRagmE6rNqUyo1ootSV0Y7r8zxS/9Zhnp+LfVBRdPLtJzro1QqZWjFhnR84LPpXHltcuL1jFxyXQZv/Mf53o/+ZNb1CCtd1dSqmXPNwu+/+le5YesD6c2qdL37i9TWX5vK1l0ZKq9OrTp9BNhyro9Ww+ehvRobrWivtFeLhPYKAAA4/5Z5sNo0v2mc71SSd0qldJfKGarV8k61mtOppVxOOmpJ77E3s+7l5/PesR+mt3Nt8spzKV390VTf8z8k77yQct//k47ulRkeXpFXVvw3efLIiZwYHEltbDTVkdFUx8ZSq5Ty2tGTeefUcK6/tGfm0p7FaaeL09l9f6VSOQMDp/P6a6/lL/7iL3Lbx38zA12/m9XlF7K+/FpqY0OpVJNqrT66q6MjKXety1DPzTm1ZnuGerYmpfbrIy7n+qjVahmpJJV1W9O9/X1559TLOXzk63nphQfyzqlXZh06NrayHoKMDc8eSL3+1o/z1PD/mpuu25X3/sZ/n3U912V4eDSVyswBx3Kuj1bHq9qr80N7tbhorwAAgPNHsJqJc6m5Tm7GqrWMjFUzXKlkpFTKqUotg7Vaykk6h4ay5h9+nBv7/y5bLj+Wzut3J10dqf78YMpdK1O74n2pbrwutV/8ZV4f3pSDuTaHXj+R2sBgKidPpzY8nFRqKVVL6aglpVlODuuzO5fuidh862O+1q9fn9HR0YyMjGR0bDTfe+GH+cAHbkl3943ZuKI/5dHjGR4rZaRSzsjIcCpDp9OzcktWXvKhlLtWTy7UDNRHMjY2lvJo0vf6f8l3X3oig8Pvzrndymh9e2Ojc430q6b/6OGcPHU0PSsuTc/VV2ZsbKzts9VHXaVazUhNe3Wuaa8WF+0VAABwPi37YLVWmxgxMteJ8YZSJVvHRvKD0+UcXdGZgbFqRqq1+sp3b7+bS/t+lF+v/iwbTr2R8t//TXLjP0pt82+nOvx2akd/mvLI2zk5tCI/Gnx//uZEJcffPZHKycHUBoeSsVrK5c5sXNWT7e+9PFeuXTnLqJtSy52Pz/YeubCK1Md8XXPttdmwcWN+3teX3lWr8uqrr2bdunXp6f21DFZ/Je8efzfHjx+vhxnD3Rke6sratZW8p/ZONl25Mh0dHXOUWX0kSa1aysquS9JZ6kmtOndQUb9hy4yzlWfUWV6V7s71qVVnD03UR9361M55e3Vp70rtlfZq0dBeAQAA59uyD1abI0Xmc1K8spR8sFzJ2tHBvDDakYHRWsrVao6XSqmOjKVWqWWs3J1atZTyKy+k1v/TlK58b6rv+Why6c0Ze/mv03d0Rb41vDE/PT2asYFquqqlrO/tzfp1nbl67cp8ePMl+egNG3Pp6hXtS1xrlvns7IHFZf71MV/r16/PRz/6sfT/8pc5depURkdGcuzYsRw7ejQ/efvt/PyVV/LO229ndHQ01Wo1K1Z05YrLr8iqVauy8bLL5hFUqI8kqVQqueLS92XThl/LqaG3Uq22H6VVVEd5Ra7aeEs2rH1v2ym1Teqjrvs8tFcfvHZ9Pn7jZdor7dUiob0CAADOL8FqkiInY6tLyftSyTW1Sm7rSH5ereW1SnJiZU/e3fQr+Q9/fyRHx3rz8dW/yHVj/Sn1PZ/aL3+S2mVX50S5O98//r6cXH15PnrtZent6Mi6FR25vGdFrlrXnQ29XdmwekVWdnXU70vSdmptaYnf6OLshhXlcjnvf/8tGRsdy98e+EZOnTyVyy67LO+++25eeOF7GR4eTqVSTaUylmq1mtOn60OSyh3ldHR0zFkO9VE3NjaWVSuuzK1b/2UGht7JL976fmqz7pP57a9yqSPXXv6h/MZ796R3xeUZHZ09AFEfE851e3XpqhXpWaG9SrRXi4f2CgAAOH8Eq5mYNjjfE+NykktLyaUdyXXlZKRWy9iK7pz+6G/k5fW9+d4Pv5+/+0Vfbrv0zexcfSSXj/4ytTd+lpc735fjq2/Mpz7wnlxyySXpKCedpVI6y6V0dZRSqi+2ltTmOL1r3Pl4aSpeH/PR3d2dD916a6659pq8+eZb2XL99Tlx8kT6+/vzs5/9LJXKWGq1WkqlUi6//Ip84Nd/Pe+58VdSLpfmLIf6mDA6OpYNa27OP9n2v+QHP/l3ee2tF9LZsTJrV12Z1T2XZ+WKNanVqnnn5JG8e/LVVCpj6e5anRuv+UTWr74mpVIpgyMncmrgjZw43Z+x6nCu3/SR3HLD7vSuuDojI6Nzl1h9TKK9Ope0V4uL9goAADi/BKvjFnZi01VKukqlpJysXbcmV3z4Q3nfTVvzoxdfyl//3fP5qzeuyO9deSzXrxrIsye25LIbrs/1mzakXC6f5fIvNWf/RLOrqytXX31Nrrrq6pRKpaxbvz7/fPcdefPNN3Ps2FupVKpZvXp1rrzyyqxZs7YxpbZ01stxcZpffdRqtYyN1tLTcW223/I/JeXhlMud6Sh1Z2RkLLVafY+u7FmRV9/4bnq61+VTt/2rXL/pNzM8NJKkPoJrRXdHxqrDqVZHU6uszNhobR43jVlOtFeLi/ZqcdFeAQAA58eyD1Zbb3ZRrZ75iVCpVMraNWvyjz66LbfcfFO+9/0f5us/fDErhmrZ+ivvyc2/+t4kOaPXKpXKaY7MWWrOdn20f536vlu5cmWuu+66XHfddTM+Zz77WH1MV61WMzaWlEodqe+bwUmPDw2N5rI1H8zYcCVXrP1wjr97etLjg4NpjIjsTK0296ivVupj/rRXZ0Z7tbhorwAAgPNt2QerycTJ2Nm2Zs2a7Nz+8Xzogx9IrVbLqlWr5ryxyHyc7Wmni825qo9zRX3M9rft/254eHjBfzvX36mP4rRXC6O9Wly0VwAAwPm0rIPV+hp1ycRSgefm5Gb16tWTXvPM1dc3HF/jcIk4X/Vx9qmPxUV9nAnt1fz4fiwu6gMAALgQlvXCeZVKNZ2d5XR0lFMuXzwnNaVSKeVyKZ2d5XM6/fR8Ux+Li/pYXNTH4qI+Fhf1AQAAXAjLesRqR7l+s4/u7q6MjtZvVFGtVrNYB7qUSkm5XE5XV2e6u7uSlNLRsXSqUH0sLupjcVEfi4v6WFzUBwAAcCEs61786tWrc+LE6axd25tarZbOztGMjVUW7RTCUqmUjo5yVq5ckd7e7pw8OZiV3SsvdLHOGvWxuKiPxUV9LC7qY3FRHwAAwIWwrIPVlStXZnhkJCdODGbNmpXp6eluORFbbCdj9TXYOjvrN5M5eXIoSUd6enoubLHOIvWxuKiPxUV9LC7qY3FRHwAAwIWwrIPVUqmUNatXZ2RkJO+8czrVamXRr81WrVbTUe5IT09venp6Ui4vnWVy1cfioj4WF/WxuKiPxUV9AAAAF8KyDlaTpKOjPkrESJHFQX0sLupjcVEfi4v6WFzUBwAAcL4ZHgEAAAAAUJBgFQAAAACgoCUQrPZn3x296entTc8d+9J/1rZ7KHvP+jbPx7YXv+/s7U1P7x3Zt1jffP++3NHbm569h9o8fEd6envT5uHF7dDe+ndlxv/25jsX6rM5xz5fuhr7+5y894XX5UX9GT9XWr87k3ZMSx327s13Cm7Wvm45hk85LjT3TU9vb+4odMBo3eb0/+7Y13/B9vuiP/4BAACFXPzBav83s29/4+f9+/JNJyssMv377lg8ocm2+zM4MJDBgYEceDhJduUrLw80fnd/PnKhy3dOHMrexXoR49DBPNj8+aGDhUM5LpBDr0x8nlrrkDO0P6+82vy5P98cP7gXtSm7n260ay8/kduT5OED423f07s3nZXSLjaL6lgDAADLxEUfrPZ/c1+eSfLIww8n2Z99Zy1Z3Zb7BwYy+PTuLM1TMBZq0+6nMzgwkPu3zf3c/n13ZMvdCw0HLoSl9rk/lL29Oxdt8PWdgw8l2ZVHHt6V5KF8UyhycWi5iNf/yqEku3L7rgtaoiXjwYPNL8GreWV/cvuuc7Nji7TjF4OL71gDAABLw0UerDZHtDyc2+7fnkeSPLPvm1NGprVO05w+VbM+LW/iv4nRHlOn0U6eWrh3795J0xPHpxXua0xpPtPp1P0t25k2XbHNe2r8TeuUyWnTHSdNBV+s0xGnTONsO+32wrz3adudUlfj9X5o7/iJ7oM7L5Zp7pM/9zN+rnv35jut+3LS53wBdTfp5fdOfp2WhyZ9V6d+t2as2/7su6MRqu6/O1vGfz+PcpwXh/LNh5Ls2p277tqd29MaKrWU84692TvjVOm5Hm/d1OT2KjnTKcmz1fPUadit9TGl7qYuATFru7c43P7ww7l9/CJe4xi0a1vG8zn7eoEeziMPZ2LkdmMk8LZtzT37VuO9tnxfz2AJkUnt+Hid7WtpG+7IvkP72rZHsx1PWpcwaLeMwb572jw+a720+SxclMcaAABYGi7uYLW5DMDD2/ORbMttD2facgDf2bszD+bhHBifEvhQdracjOx8KHnkwEAGB17OV3YlD+6cOWTp33dPPrN/4rmbDz00Y5EefGVznh4YSN8Tu5L9d+erCzm/6d+XO264O880pi72PbErD+6cEhbteiJ9U9/Tptuye1fyzN1fbbyH5kn/E7lrW/399ux8KLc/8XJjKvj+fOaGCxUqtdOffXfckM/sb6mzh3Y2TjwX43vvz7577s4zzTIdeDjZf3fu2defbLu//jlI43NzEQ+NmvS5zkPZuXdz+lo+5/eM10+7upvju9i0f1vum+Hx7+ztzc6HmssWHMgj++/Olpbv8cx1uym7nz6QR5Jk1xPpG3g6uzfNsxznQyM4un33bdnU+PzOuBzA/kPZ/GfNNmqGz+1cjyfJtrvylV2tF54mQt3bCg9NnqueWx4bOJBHsj+fuWdf+rMpt+2e3C7WZxzsylfu2jZHu7eIbN6cbUmeeeXVjI+q3L09m5uP29cLtnnzriSH8mp/cyTww7lte/PRy7L7/ofTOrJ7fMbK9rPTtj6zL7mr2Y5nfz6z85V6e3Sg/ro752xzkvTvyz137295LHnm7num7Nv9ye4ZHp/z2N/ms7CEjjUAAHCxuaiD1aknVR/Z3m45gIeys7c3e1/dnacHpp901Ed4vNpYk22mdSZbRsZuS5JNjRO86Zpl2bS5/v9DrxQ/U536vjbdtrtlhFRj7binN+ervb3pueHuPDP+l42T6eaJZyN4vn33bdmUiWnHuxtn9/X9tcimH08KyzMRmO77ZvoX83tvjoi87v4luYbf7ZuvSzLxuW7u1+a/k8xRd02zfxcn/rYeXtXXspwaTDUuojRCyIXV7RzlOA8ml3vK57fV+Ptu85y5Hk/LY80LT62hbtGCz1HPH7l/IIMDd+XVO3rTM2UZhnpb1hyZ27z4US//7O3eYnLbxOevOaqy8f2os68X6rrxchxqlHfzRGCdJNvqM1Mmvafx4/JZsG1zvY6u29xYl7Wx35v/bphPm/PM3Tek54592Xz/QAYbF3UmTPxtPUyury07a73Mq30FAADOt4s4WJ3hpKpx8tN6ovGRu54YPyF6cOeUaXeNkUVJkod2zjJ9vz4qadpJ3jnWLG8zQKyPkGpOBdyZQ0+8PHFjjoZNu+8fP/FsjlDaPWmY1P585obGdnfWR90uJPw955r10XtDPrM/yf5X8sqifO+tIfvE9pfaTMxtmwtEQjPW3RzfxfnYf3e2NKbA1quvPrKt8eC86/aMy3FWTB/F2AypJy8HMNlcF2xme7w1pJkaDC1Im3quT3u/IZ/ZdqAxirK1ELtzXzOUnHLxo2nmdm9xaY6s/OLehzJTsGdfL1Djgsoz+/bOWN5JF1WmBo1nwe2TAvK5tGlzmvs9aWmzis2OmLVe2nwWAACAC+PiDVabJ1WNkWetJyGTlgPY1BiRNj6NuXVa3gx3Dh6f1tzqutQHlZzfE5j6sgMt/92/rWXUyoE2oyKbJ557c0/LCKUJrXeBX8R3SG65g/P4HesX63vfdv/49g40TqjbLSmxLMxUd8kc38V5aC63MP5f6yiwAnV7puU4G5p3km8Ji5vhzIzLATTUp0e3D7pnfXx8hNs9+eKCp6a3mLGem4HxE+lrMwq4Obrvi/fMdPGjTbu3yDSD02faXXCzrxeouaTP/jyTmT/Hk9/T2VsGoLj2bU59JHFzeYYkBZcbmbVe2rWvAADABXHRBqvNKXPNdcwGJwUlEzcWab3ZxabdTzeCr225btOUm1ds2p2nG6nY9JO5qVNs+7Nv78xrrJ4Nk6dwznCzpKQxRTr5zldbp8PXNZdEeGZ/8sj9E3d3n7pUwpndUOUcmbrW5Ew3J1lU733yzZ4+cn99rd5m2DJpqvxSN2vdzf5dnN3U9ZOn7PNZ67ZxUWTcmZTj7KmPYpweoNTLMmUq//g6mW2mPs/1+LjmFPV6aLWgqenJ/L6jjYtQ/fv2TpqenmR8Ovcz+/cnD98/Ho7Pq91bLJpLVaTdfrSvF2rz+Be2zee49T2dzWUACpi1zZl087Jtub9x0XY+o2FnrZc5PgvL6lgDAACLSOeFLsDCNAOE6SNwxkcS7ftm+nfvzu6nX07uuCE7e5tB6K585eXGCI/dT6cvd2TLzt7xE9Lbn3g5Mw3a2bT7z/KVffvzmZ29eTC78pUnHk72n2G4uv/ubOm9e9Kvbn/i5Ty9e3fqxd6Znoemlmt3/uyJfXnm7sbf7no4j+x6KA8eeiX92VY/eW+uQzf1pHPb/Rk8kPTsvCE9jZd95MDUtd/Ol/o0ys+0/mrXE+l7eoY6Gx+Rte38vveHJvZ/0yMHBnLXpN9sy/0DB5LenS11+XAODOyeXJ6dvfWbbj29e2EBy0Vh0yx1l9m/i3P4yP0DOZDe7Bz/zDycA819OWvdNgKuxmfmkQMDuf8MynF2NEYazhAKNUfjPXjw0EQ7tOuJbD7Ym56dbco61+MtxtvHeU5Nf7Clbax7OAcG7p+1nu8/8HAe3PlQ47GH88jD+/PgQ/Xwr/6KzZHlU0Ybbpqt3Vtsmu+huR/bL71gXxczvt/aTvGfeE9ncxmAQmZrczZNfywPH8jgfA60s9bL7O3r8jrWAADA4lGq1Wq1s7nBvr6+XLlp4d350T//RJKk64++cbaKdG407gr8yIGBRXEyCiw1h7K3d+csIclcj8+geddxwcu5Z1+fM9/ZW19n2fF3YS6afhYAABTwy/7+bNmy5axu87777pvzORftUgDnW32q38RNbuprGe5KoXtdAFxA40uoLHRqOvNmX58r7Ud8AwAAnG+C1Xn6yP31m1A8c/cN6entzZa791/AafQARdTXlt1y9/5k1xP5Mw3XOWRfnzOH9qand2ceTPLIATdtAgAALjxLAQAALBP6WQAALEWWAgAAAAAAuEgIVgEAAAAAChKsAgAAAAAUJFgFAAAAAChIsAoAAAAAUJBgFQAAAACgIMEqAAAAAEBBglUAAAAAgIIEqwAAAAAABQlWAQAAAAAKEqwCAAAAABQkWAUAAAAAKKjzQhegndE//8SFLgIAAAAAwIyMWAUAAAAAKGjRjVjt+qNvXOgiAAAAAADMyohVAAAAAICCBKsAAAAAAAUJVgEAAAAAChKsAgAAAAAUJFgFAAAAAChIsAoAAAAAUJBgFQAAAACgIMEqAAAAAEBBglUAAAAAgIIEqwAAAAAABQlWAQAAAAAKEqwCAAAAABQkWAUAAAAAKEiwCgAAAABQkGAVAAAAAKAgwSoAAAAAQEGCVQAAAACAggSrAAAAAAAFCVYBAAAAAAoSrAIAAAAAFCRYBQAAAAAoSLAKAAAAAFCQYBUAAAAAoCDBKgAAAABAQYJVAAAAAICCBKsAAAAAAAV1XugCnLnD+epnH8vBNo9uufPR/PGOjefmlZ/8bL54MNl+7+O5a+s5eYkz0H6/TC1v8fdxOF/97PP58ON70v7pzdffnvse35OtR5/Nn37uqfRtuTOff2BHFl4jR/PsF76c/P4D2bExOfrsF/InT/Wd03o+Z6/R3CfNfxfcN+fjvSczfT4m1wFnYsr35EIXZ94a5T7j7zNw8WrfzzjXx6Xm8a95XDr3/bGLrK2e2r9odRG220ef/UL+bX7/nH6mAAAWyojVZejgY5/Nnz57dPzfW/c8ni89XiRUbR9kT9iaux5/PF86qycgR/PsFz6XJ1vOFDbueCBfevzxi7CzfThfnXrS0/dU/uQLz+Zouz+5QCZ/PqbXAQC06nvqc5P6GedasX7MMtf3VP7kycMXuhTz1gzRAQAWqyUwYrVptlEEzTBoS/bceW2efKoeC9ZHVKQlKGrZRssIyz3XPpUnG0ninKMwDj+ZP3xsInaceP5Mox2m/25yB3JL9jw6eVRgc1TG3O+5zXMa5et76st59ub6tqeN9JjyHiZGN7SGqgfzxc8ezPZ7H88n+xsjJ7dvTw4eTF+2ZM+jn86Rz808uuPFJz87449v7zEAABQLSURBVP6cPuKkdVTczXlxvJ768uTnPptv3/lo/iBfnj5qc+pIje335kt7miWY2Od77jySJ5v7etJz2nkxX/3sU43336ybls/WeF3N9LspDj9f38746zbK1fdcXjy6Izs2zvB5adTL9M/gTOVqVvds+3RHNs7jcz6xjUdz7dem18HFF2pffObfLrR89yaNSppyQaT18z7Ptq617dl+773n6J0CF582/YzXjiWZfByZ/vx5HpNbj+tb7sx9H5tcgsnHugVsc/u9+fw1X5s0CnZBpvQ/Jrej0y9Mjj8+0/G92Reb2k8Y343z6LdMG53a2MbB53N4z9bJ/d0Zyzzl+LP9zuw58lSe7Juowzn7GQvYL81ttb5231Ofyx8+19hm234qAMD5t8xGrPaNh6pJ0vfUl/OnkzpzB/PFqVfx+yaChvo/P5evtrvQP7Wj13j+Hz55OMnWfHh7/TW+2/z78XDt1hlC1UZ5P/dkxp8+6cSkUd6iIxy37sl92+vbPnJshsePPps/nfIe5ju6oe/gwcZJz8dyc7vebZH9uRAzTX87+Fj+cNp+OjhxstV4zlzl6HvqqZaRus262ZibP7YlSV++/WLjFY6+mG/3Zfb9sOGabJn0us0RvsWn189croKm1cuXcx4HGzGLudqFo89+oaVd6MuTX/5ajkzawgyjzA8+Nn002SyfgcmvkRx8bD6j1gHm23eZ7Zg8ZYZH31P54rxGMBbY5sHH8m+fm8+7mcUM/Y/WPs7hJ6fP9hhvZ7femu1J+p57cXy/HH6+vtO23zpDqNoo8xmPCp6jzDn85OTjz8Gnis9YWcB+OfjYF9r3Qc6gnwoAcC4suhGro3/+iULP7/qj/7PxU30E5WTTR3Y1r5LXO/p96cud+fzjLVe/j/TnaLa2XPWe2EYz4Dj4/OHctXXqKIGjefZrjU7w1Kv2B7+WZ3/ngey4tT6i80j/0WTrximd5qN58bm+ZIYRiv/+2d/JH+84lu8ezKSr8vXyPJW/Pryj0OiKDdfUg8BmOWbUZiTEXY/fm0wdZds/vnMnjZCb2Xz351Qbs+OBR5MpI0GPPjv5WYe/Xu+8T4yGaI6EmL6fpq7NNuv+mPT+mts8mO8e3pO7bv5YtqRvfHTO0Refq5fhYze3Hz2x8eb85pakr6++NEPjk7CwtdvalGvOXTp5I1NG4DaC90lvYOY6KPqdZcJE+9XO3O3CXzdOeieN8Gk9SW1cwJn2nXjq6zm8o/Xz1u4zcHjaa0y9iOQzAMvP7P2viUBwvn2Xdsfko89+rX6MnHasm7uM899mvb92JhPOm8f+aX3Arz2bTz6wo75cwZ6J5zf7ofV2tn7x/eDBiVkr361fec+Ht6ZAOz5F31P5k88+Ne3XW+78nXr/bY4yH3u+dYbXxtnXbl3gfmmUaOYZPjseyOczZT35ZsevTT/V8Wh56vqjb1zoIgCwjC26YPXc2pLfbAwhbIaL4+FXYwThtM7i9k+Pd/Q27vh0tj/1WA42wtdJxkcp3plPjj+0NZ+8c0sOPtXoOG+9NdtzMAefezFHd9yc/iPJeKc5x3KkL5npBKXvtWPJ0f76KLQZOslzBoJFNAO/g4/lD+e7/EHDrEFiU+v+bAaSM+3PBZk4Efln4+XdmB2f3p4nH2sG2uMFaez3ZGsj8J676M3QuDFKta8ZTjf3WX1qXV7rS+tnbWYbs+OBx7Np0kieg/niZ4+0Xz6gcLkKbGR8dO3ENlgM5tkutLQ74+1U43lH6w1NffT8pKbjSCZ9Jdp9BmZ4jfG27Oy9UWAJGQ/R5uy7jP9F22PysdcaF3ZmONbNUYoC25zory1Uc5sTF0sb+l5L63XKdmuGNsv47RePZsemZpDaCEDnasfnfbifHGDOXuajjX5qS3+m5aLwfM21X5rv+8nPfTZPJpnzIvMZ9FMBAM6FRRuszv/KY3Nk5Dm6U+u0EaxtbNyUazNDMDtJy4iEw6kHsY1lAOYuQ3ut65jNR7OTe+2mmf6mHvjtaJl2Nmldq3m/Shvz3Z/JxAnZvG3ItTOm42dH+7CyeZJ3MN89fGvqZ0OzLAPQYmIES3N/15cU2LFj+nObJ1bzL9cMCu/TuRklMH2ETPH2awHmaBfm1rjgs+GMNpLEZwAuZmfefi2s/1XvuywH9fAzX59Yi/RLj8+wRELLxfdnrz2YuS/QJuPteLunTV1PfbyPMdd2G2VeiHn3Mxqh8NY9+dLje1oC54k1/GeejTVHP9XxaFkxQhmAxWDRBquLxvjNhDIxdezaTdmYZPIpQTPUa53e1pxCuyXXNsKL8SvzjzVGS9y6dcrftztBOVwPbs90gf6jz+bft04va6u+5udd41PuJvbDGWndn43pYVP35/hUvebj87Yxm65N0tecJt2YLtdYoqEeJC/8RK7vuRdzdEd9GmJ9evZEON0cfXvwsceSzD16t3kCMTHKot1omeZolInXLFKu8a0seJ9yYc2zXWhpd8bbqYaN9S9F+xE9c508Ny8azfIaADNqth9t+y5zX1xqzjBqTh3fmInlSRbqXG5z5kDwcL46qe/VHA3aqnnxvbGOacsF2jnb8bls3JE/vve1aTcvnb3MyeF64z8Rxh7+etslGNr1M+Z6jYkiPpAv7cj4UjNzLxN1jvqpAAAFLaFgdeY1vuprMJ3JkKy+lulJjU3eOlNHb2LK+bTpTi3T3ydPoW0NNydGPU59H/XO6ESHe/J0ulnuPJ+k3X5pTi+bZoYbcNX/YOoIzPp2t9z5aP6g3UvPqP3+bHa+p091a7ON7ffm89dMfmTr79yZLQefmr6NSUs0LNC0qYwt9Tdpetzco0zGl0GY9l4n/rYeqE3fX0XKNf99WtREHcx5V2LmYabvaT1MnatdaAby4+3Oli2TlzVptjkzfCfmd5FmhtcAmJeF9l0mjC9v0ma90IWYaZtbtsxnjnv7tnrr+AXWqX3Ae1vWVm3TV20Y78NkygXaM27H07h56cF88WBfnvzys7n5gR0tF4VnKvPW8cEAs/Uh5upnzP4aG9qulzu1r13f/vbcd2/yxXn1UwEAzo/yhS7AorflzuzZ3vrPR9tfcd+6J1+6d/ukX22589EpwVP9JCPJtGUANu54IJ+/c8u0v2++3tY9j+e+yZvP9nuL30V++72Ptx/xMMN7SLbnvgcmr0O2YLPsz407fj97Wja9/d57M7kk9fB6Vht35I8fvTOTSrj93nzpLCxjsOXOO1vKsyV7Hm0dQdgIxpP5de5nKuekE82N2fH7rY9vz33T6mXucs29T4uaRx1wVs3VLmzc8UBLu7A99z3w6Vw76dlbc9fjU+u99Ts9vzLcN+l7e+cZfo6A5eLM+y5bc9ejk4+He86kHzLDNrfc+Wj+4GNnuMmZjutb7szn92ytv9692yf/vvHcg8+3jNptXKSdfoH2zNvxJNm6p7GNvqfyb589OkeZk2zdM+n4s+XOeyf1Kepve45+xqyvUb8p5tRtTj7GfXry9ubspwIAnF+lWq1WO5sb7Ovry5WbNi3475tr5VzwNfua61Gd6dT7GTTX1ZprWhQXl+nT+1kuFr5G4ZmauDv2tLs2n4O2C1h6Llz7dQGNz86ZWGZF32w+msecc3RfAyho0Zw3ArAo/LK/vz4L6Sy677775nzOEloK4GIxcef62dc45eLSXN90PjebgLOlua7w9LtFz7XOL8CyteGaxpIpU6fm65sBAFDMog1Wy+ULvErB6huy/VOfyi3rb8jqcvmsrJkw8Mq38p9/9G4u+dSncs/HduUmCzEsDcd+lGeeeyW55VO5e88nctvlKpbzZ+ueR7PnyJQ16rbfa9Q0sCAXvP91Plz+W/ncFzbWj93j1uf9n/h4rl8Gb3/hVmfL9k/lU7dszmVnqW8MAHCxW7TB6gXXuzm37dp8ljf58dx+djfJYrDh/bl91/svdClYtjZmxwOPZ8eFLgbAxcSxewF6c/3Hd+X6C10MAIBFxMVmAAAAAICCBKsAAAAAAAUJVgEAAAAAChKsAgAAAAAUJFgFAAAAAChIsAoAAAAAUJBgFQAAAACgIMEqAAAAAEBBglUAAAAAgIIEqwAAAAAABQlWAQAAAAAKEqwCAAAAABQkWAUAAAAAKEiwCgAAAABQkGAVAAAAAKAgwSoAAAAAQEGCVQAAAACAggSrAAAAAAAFCVYBAAAAAAoSrAIAAAAAFCRYBQAAAAAoSLAKAAAAAFCQYBUAAAAAoCDBKgAAAABAQYJVAAAAAICCBKsAAAAAAAUJVgEAAAAAChKsAgAAAAAUJFgFAAAAAChIsAoAAAAAUJBgFQAAAACgIMEqAAAAAEBBglUAAAAAgIIEqwAAAAAABQlWAQAAAAAKEqwCAAAAABQkWAUAAAAAKEiwCgAAAABQkGAVAAAAAKAgwSoAAAAAQEGCVQAAAACAggSrAAAAAAAFCVYBAAAAAAoSrAIAAAAAFCRYBQAAAAAoSLAKAAAAAFCQYBUAAAAAoCDBKgAAAABAQYJVAAAAAICCBKsAAAAAAAUJVgEAAAAAChKsAgAAAAAUJFgFAAAAAChIsAoAAAAAUJBgFQAAAACgIMEqAAAAAEBBglUAAAAAgIIEqwAAAAAABQlWAQAAAAAKEqwCAAAAABQkWAUAAAAAKEiwCgAAAABQkGAVAAAAAKAgwSoAAAAAQEGCVQAAAACAggSrAAAAAAAFCVYBAAAAAAoSrAIAAAAAFCRYBQAAAAAoSLAKAAAAAFCQYBUAAAAAoCDBKgAAAABAQYJVAAAAAICCBKsAAAAAAAUJVgEAAAAAChKsAgAAAAAUJFgFAAAAAChIsAoAAAAAUJBgFQAAAACgIMEqAAAAAEBBglUAAAAAgIIEqwAAAAAABQlWAQAAAAAKEqwCAAAAABQkWAUAAAAAKEiwCgAAAABQkGAVAAAAAKAgwSoAAAAAQEGCVQAAAACAggSrAAAAAAAFCVYBAAAAAAoSrAIAAAAAFCRYBQAAAAAoSLAKAAAAAFCQYBUAAAAAoCDBKgAAAABAQYJVAAAAAICCBKsAAAAAAAUJVgEAAAAAChKsAgAAAAAUJFgFAAAAAChIsAoAAAAAUJBgFQAAAACgIMEqAAAAAEBBglUAAAAAgIIEqwAAAAAABQlWAQAAAAAKEqwCAAAAABQkWAUAAAAAKKjzQhcAAAAAAGAxue++++Z8jhGrAAAAAAAFCVYBAAAAAAoSrAIAAAAAFCRYBQAAAAAoSLAKAAAAAFCQYBUAAAAAoCDBKgAAAABAQYJVAAAAAICCBKsAAAAAAAUJVgEAAAAAChKsAgAAAAAUJFgFAAAAAChIsAoAAAAAUJBgFQAAAACgIMEqAAAAAEBBglWWjUOHvp1Dh759oYsBALBs6H8BAEuZYJVl4bstHXqdewCAc0//CwBY6gSrLFk//MHz+eEPnm/7+Le+9bf51rf+9jyWCABgadP/AgCWE8EqS1Jrh/6HP3g+H972m+P/3rbtNyd16HXuAQDOnP4XALDcdF7oAsD5sq2lcw8AwLmn/wUALGVGrLIkfeDXb53x56aPf/y3ZvwZAICF0f8CAJYbI1ZZcl566UdJZu7Qt2p26L/xn7+eJPnEb//OuS0YAMASpf8FACxHRqyypLz00n9NUktSa/w8u2anfurPAADMj/4XALBcCVYBAAAAAAoSrLKk3HTTLTP+3E7r9DNT0QAAitP/AgCWK2ussuQ0O/Qv/+xwkuSG92yd8XlvvvmLJDr0AABnSv8LAFiOjFhlSWp26qf+3NTs1E/9GQCAhdH/AgCWG8Eqy8ZrR/ry2pG+C10MAIBlQ/8LAFjKBKssSa3Tz254z9ZJHfrXjvTl8suvHv93688AACyM/hcAsNxYY5Ulq93aXk069AAAZ5f+FwCwnBixyrJwzbVbZvwZAIBzQ/8LAFjqjFhl2dChBwA4v/S/AIClzIhVAAAAAICCBKsAAAAAAAUJVgEAAAAAChKsAgAAAAAUJFgFAAAAAChIsAoAAAAAUJBgFQAAAACgIMEqAAAAAEBBglUAAAAAgIIEqwAAAAAABQlWAQAAAAAKEqwCAAAAABQkWAUAAAAAKEiwCgAAAABQkGAVAAAAAKAgwSoAAAAAQEGCVQAAAACAggSrAAAAAAAFCVYBAAAAAAoSrAIAAAAAFCRYBQAAAAAoSLAKAAAAAFCQYBUAAAAAoCDBKgAAAABAQYJVAAAAAICCBKsAAAAAAAUJVgEAAAAAChKsAgAAAAAUJFgFAAAAAChIsAoAAAAAUJBgFQAAAACgIMEqAAAAAEBBglUAAAAAgIIEqwAAAAAABQlWAQAAAAAKEqwCAAAAABQkWAUAAAAAKEiwCgAAAABQkGAVAAAAAKAgwSoAAAAAQEGCVQAAAACAggSrAAAAAAAFCVYBAAAAAAoSrAIAAAAAFCRYBQAAAAAoSLAKAAAAAFCQYBUAAAAAoCDBKgAAAABAQYJVAAAAAICCBKsAAAAAAAUJVgEAAAAAChKsAgAAAAAUJFgFAAAAAChIsAoAAAAAUJBgFQAAAACgIMEqAAAAAEBBglUAAAAAgIIEqwAAAAAABQlWAQAAAAAKEqwCAAAAABQkWAUAAAAAKEiwCgAAAABQkGAVAAAAAKAgwSoAAAAAQEGCVQAAAACAggSrAAAAAAAFCVYBAAAAAAoSrAIAAAAAFCRYBQAAAAAoSLAKAAAAAFCQYBUAAAAAoCDBKgAAAABAQYJVAAAAAICCBKsAAAAAAAUJVgEAAAAAChKsAgAAAAAUJFgFAAAAAChIsAoAAAAAUJBgFQAAAACgIMEqAAAAAEBBglUAAAAAgIIEqwAAAAAABQlWAQAAAAAKEqwCAAAAABQkWAUAAAAAKOj/Bw1vnuDldoKSAAAAAElFTkSuQmCC" height="600" width="800" />]]>
  </system-out>
  <testcase name="LoginUnsuccessful_002" time="5.073" classname="testcases.LoginTest"/>
  <system-out>
    <![CDATA[<img src="data:image/png;base64,iVBORw0KGgoAAAANSUhEUgAABVYAAAJcCAYAAAASBf/6AAAAAXNSR0IArs4c6QAAIABJREFUeJzs3deTXOeZ5/nve85JW5lZ3qAK3hAAQQOQhEiKRqIokeqW1KOdi57ejZ3diJ7dvZ5/Ynrvd252YqfXdGsnutUR2y1NjCg1KVIaSQABkgDhvamCK2/SZx7z7sXJShZQBZMgSFDS78MAC6iqc/I9J8vhh+d9HmOttYiIiIiIiIiIiIj8kSgWi5/7HM4jWIeIiIiIiIiIiIjIHxUFqyIiIiIiIiIiIiIdUrAqIiIiIiIiIiIi0iEFqyIiIiIiIiIiIiIdUrAqIiIiIiIiIiIi0iEFqyIiIiIiIiIiIiIdUrAqIiIiIiIiIiIissJPf/rT+76PglURERERERERERGRluVQ9X7hqoJVEREREREREREREVaHqfcKVxWsioiIiIiIiIiIyB+9u4Wod3u9sdbaL3JBIiIiIiIiIiIiIl8lxWLxc59DFasiIiIiIiIiIiIiHVKwKiIiIiIiIiIiItIhBasiIiIiIiIiIiIiHVKwKiIiIiIiIiIiItIhBasiIiIiIiIiIiIiHfIe9wJEREREREREREREHoejR492fMy+ffsAVayKiIiIiIiIiIiIdEzBqoiIiIiIiIiIiEiHFKyKiIiIiIiIiIiIdEjBqoiIiIiIiIiIiEiHFKyKiIiIiIiIiIiIdEjBqoiIiIiIiIiIiEiHFKyKiIiIiIiIiIiIdEjBqoiIiIiIiIiIiEiHFKyKiIiIiIiIiIiIdEjBqoiIiIiIiIiIiEiHFKyKiIiIiIiIiIiIdEjBqoiIiIiIiIiIiEiHFKyKiIiIiIiIiIiIdEjBqoiIiIiIiIiIiEiHFKyKiIiIiIiIiIiIdEjBqoiIiIiIiIiIiEiHFKyKiIiIiIiIiIiIdEjBqoiIiIiIiIiIiEiHFKyKiIiIiIiIiIiIdEjBqoiIiIiIiIiIiEiHFKyKiIiIiIiIiIiIdEjBqoiIiIiIiIiIiEiHFKyKiIiIiIiIiIiIdEjBqoiIiIiIiIiIiEiHFKyKiIiIiIiIiIiIdEjBqoiIiIiIiIiIiEiHFKyKiIiIiIiIiIiIdEjBqoiIiIiIiIiIiEiHFKyKiIiIiIiIiIiIdEjBqoiIiIiIiIiIiEiHFKyKiIiIiIiIiIiIdEjBqoiIiIiIiIiIiEiHFKyKiIiIiIiIiIiIdEjBqoiIiIiIiIiIiEiHFKyKiIiIiIiIiIiIdEjBqoiIiIiIiIiIiEiHFKyKiIiIiIiIiIiIdEjBqoiIiIiIiIiIiEiHFKyKiIiIiIiIiIiIdEjBqoiIiIiIiIiIiEiHFKyKiIiIiIiIiIiIdEjBqoiIiIiIiIiIiEiHFKyKiIiIiIiIiIiIdEjBqoiIiIiIiIiIiEiHFKyKiIiIiIiIiIiIdEjBqoiIiIiIiIiIiEiHFKyKiIiIiIiIiIiIdEjBqoiIiIiIiIiIiEiHFKyKiIiIiIiIiIiIdEjBqoiIiIiIiIiIiEiHFKyKiIiIiIiIiIiIdEjBqoiIiIiIiIiIiEiHFKyKiIiIiIiIiIiIdEjBqoiIiIiIiIiIiEiHFKyKiIiIiIiIiIiIdEjBqoiIiIiIiIiIiEiHFKyKiIiIiIiIiIiIdMh73AsQERGRB2OxNIMmxWaJ+doCc/V5lppFFhtLLDSWKDaKlP0ytaBOEAVEWABc45JwE6ScJN3JAvlkjpfW7efJ/l0k3cRjvioREREREZHfTwpWRUREvsJqQZ2F+iLT1Rkmq1NMV2aYbyxS9svUwzqNoIEfBTTCJoENCKKA0IZENiKyFgOAwTUOjnGYdKbY2buDyEa4RhtXREREREREHpaCVRERka+YZtik1CxzqzrFZHmKqeo0k5UppmrTzNXmqQRVGmETa5drUmkHqO0XdvV5jYmrVwfSfXSnCriO+6Vcj4iIiIiIyB8iBasiIiJfERZLI2gwXZ3lwuIlDt76iIuLlyk2iwSRjzEGBweMwWAwxm0fiQVjDMaY5ddgiWiHrVhc49Kf6eO5oWcZy617DFcoIiIiIiLyh0PBqoiIyFeAtRY/Cvhk6hgHbh3i5Nzpdq9UAM/c/Vu2tZYIS8J49KX6CG1ELahSC+vtWDW0lkIqx0sj+1mXGyHlpb6EqxIREREREfnDpWBVRETkMbNYZurz/O7mIT6dPsZE6RpLjWJ7e78xtCtRVx4T2YgI6E11M9Y1ymB2gJpf53r5BtWgctv7eo5Lf6qXl0b2U0gVMNx+PhEREREREemMglUREZHHrNQoc27+Ah9c/w3TlSnqQR3njsFSdsX/l6tTu5PdrOsaYTg7RG+6hyAKma8tUA/jStfl6DSyEf3pPnb27mBL9yaSTvLLvDwREREREZE/SApWRUREHqMwChkvXePgzUNcWbqMh7s6VLUWWlWrDg65RJbBzADbCpt5bmgvABeXLnNm/hSXlq4Q2QjHGLDtmle292zla+ueVwsAERERERGRR0TBqoiIyGNU9iucnjvL4alPcHFXbfmPWaIoDld7M718c+xVnh/ey2Cmn+ulm/xi/H2Oz52kHtRa4etnA6tCIgqpAtt6trCzd/uXeWkiIiIiIiJ/0BSsioiIPEbn5s9zcfESzbCJ57gAGOJN/9ZaQkJSboqRzDDPDOxhT/8uxnLrqAV1fnPjAJ9Mf8r18i3qQT2ubCWuULVARERoQ/YPPcfu3p2kXFWrioiIiIiIPCoKVkVERB4Day1BFHBu4SLXSjcwxrQHSlks1locx2V91zo25jeyo2cbT/btZDDTz3jpOsdnT3J0+jjXytcJojA+fkULAWstnuPRn+zl2cGnWJ8fXdViQERERERERB6eglUREZHHILQRZb/CeOk6M7U5HONgsWDBGIdMIsVApp+Xhl9g3/CzrM+NYbFcXrzKLyd+xaezJ1hqLOEZb41BV3HbgK5ElueG9rKtewvdqcJjulIREREREZE/TApWRUREHgM/bHK9eINis0hgw1Y4agkI6U3m2dO3mz/b+ieM5UfJehlKfpnTc+f4T2d/zHRtBj/08cza38Zt6+VQZpDvbXmbgUxfuxpWREREREREHg0FqyIiIo9BM/K5Xr5J1a9ibYQ1cSC6d+Bp9g0+w+7+nWzMbyDtpbhWusGR6WP89uaHzNRnCWzQGnJ1e1i6/KcgCtnavYVvrn+Vka5hkm7iy748ERERERGRP3gKVkVERB4DP/K5VZ2kFtZxHZfBzAB7+nfx/NA+tvdsZTDTD8C14g1+d+tDDk1+wkTpGhAHqMsDqpbFA68soY3oS/fyVP9unh/eR9rTwCoREREREZEvgoJVERGRxyCIAmZqswAMZ4fYN/gMb274JmP5dWS8NEEUMFub49Dkx3x46yOuFMdJOHHlaRyi3i7uq2rwnAS7+3by7OBTDHcNfrkXJSIiIiIi8kdEwaqIiMiXzGKph3VuVibJJ/K8OPIC3938Jr3pnvb7FBtFPrx5mP9y9Rcs1BdJOIl7dkkNbYRnPIbSA3xr/evsHXxafVVFRERERES+QApWRUREvmRRFJEwCfb07mZn33a2924jn8y1336zfIuPJo/y0ys/p+JXcY172/H2jt8FUUjGS7OlsIl/uf0HbO/diufqW7yIiIiIiMgXSX/rEhER+bIZyCfzvDz6Ncby6+hOFdrh6WJ9iWMzp/jdrQ+Zqc3iOV5rUFVruz9gbfw7i8XBMJgZYGfvDp4beoY9/bvJJDKqVhUREREREfmCKVgVERH5krnGJZfM8eTALlzjAMthqeXs/HkOT37C2fnzeK2wdTlIdYzBGEPSTZB0kmS8NIVUnm3dW9k/vI8n+3aR9lLtIFZERERERES+OApWRUREHgPHGFhRVWqx1Pwa74y/x8m504AlwoK1RLa1+d84JJwUw9lhthQ2saN3G3v6djHUNUjGS6tGVURERERE5EukYFVEROQxs9YyW5vjV9d/y1RtllQiS392iJ5kDz2pPH3pHrqTBbqTebpTBfrSveQTObKJDFkvS8K992ArERERERERefQUrIqIiHwFJJwEo13r+P6Wt3CMS9bLkvEyZL00GTdJ1k2R9tKkvQxJL4Xn6Fu4iIiIiIjI46S/lYmIiHwF5BJZnunfRSKKSAQNnGYV0yhj60WioAE2AmMwbhKTSBMlMpDMYlI5TCILXhJa/VpFRERERETki6dgVURE5HOJ+6BiLRBhrcUYB5Z7qN7RS3UtBkhgcI2DLU/B7CWiqTPYyXPY8hyRX8FGAda4OMkMpqsfCiOYvg04g09gejbg5AYxySw43orHFRERERERkS+KglUREZGHZS02qGPrRWxlFluegTDAJLOY/DCkCzjJrria9F5b9yOfqHiL6OYxwuvHiGavEJWmoF7GBo04tDWAcYmaFUxlATt3FSY+AS+N6erHHdyKO/Ik7ujTmMJoHLKKiIiIiIjIF0bBqoiISEcs+HWi8gzh9Hmi+XFsaQpbW4JmNd6y7yYg1YVJdmEy3Tj5IZyeMUzPBkxXP8ZL375t37iYdDfO4A5I5DDDu3HqJUyjRFiZx1bmsOUZovIsNMpEUb11nAEcTHUeW54mmr1MOPEJztAOnJEncYd2YtKFx3KXRERERERE/tApWBUREXlQQSMOVGcvEc1cILxxjGjuKrYyD2GwYvt9qzWA42DSBUx+ELdvE87ANkzvZpzuUZxCXNFqHBccF5PpwWR6cAZ3QhS2KmFLuJVZouIk0eINosVr2OIUtraArS7EYW4UYf06+HXC4hThzZM402dx569iy7O4w7sw+SFMIqMerCIiIiIiIo+Qsdbax70IERGRrzRrwUZEi9cILv8W//TPCSfPArT6qd4lsGx/i42PB4vp2YC78Tm8ba/ijj6DSeUxXpL79WGNw9YaUXGKcPIk4cQnhNeOYKtLEPnth4lfRoDB6R7Be+INvF3fxunbHA+5UrgqIiIiIiJCsVgE4OjRox0fu2/fPkDBqoiIyH3ZZpVw6jT+kR8TXD8GjRI2ioA749CVg6ws7SFS7UpWA8bBuIm4RcDQDrw9f4q3fi8m2/8AC4mwUQihj22UsMVJwpsn8M+/TzR5FsLm7b1cjYPxkpjBrSR2v42341s4ucFHck9ERERERER+nz2KYFWtAERERO4hKt4ivH4E/8y7hJNn4+33gFkOS63FWttqd+ph0jlIdsV9VKMA/Bq2UcH6VQhDIMCGPjZsYv1aPPhq7grejjdwBrbdezHGwbgOuAmMl8Km8piuPpyeUYKJTwivf0o0exkbRfH6bIRtVrGzl/FPvYMtz5F4+vs4+RFwk1/ofRMREREREflDp2BVRETkLmx1gfD6UYLTPyecOIKNAgyfVaBaG+G4SUw6j9O3EdM1gMn2YTLd7WDVNsrY+hK2toitl+P+qJV5bHUxPn9tMa4+tREJx8PkhzGJ9P0X57iYZDb+1TWAyQ3j5IcILv2WaO4Ktl4CDDgutlkjmj5P0Khgkmm8XW/j5Idvr24VERERERGRjuhvVCIiIqtYbBQSTJ4muPhr/EsH4mrU1rb+dhcdx8PkBnFHn8R78m3c/u2YdDd4qVYvU4sNffCr2EaRqDRLOHmG6MYxosnTcSVr0CCavkhQL4NxSOx6C7pHMR2EniaRwV33JE7PGKYwjH/8p0STZ7CNavx2DEQh0cI1Gp/8GHLr8Da9gJMb4L69XUVERERERGRNClZFRETuYKOQqDiFf/wnhOOH4spOc0cAGTbxhp/C2/0W3vbXMV2DGDfRClSXq1pNPJjK8SCZw8uN4A7uwG5/jWjuMv6Vg4SXD2KXbmHLM/iH/19MuoC37VVMYbTDVRtI5fG2vo6TLuCfegf/7HvtQVbxmsDWlvA//hHGgLPz2+AmHsk9ExERERER+WOjYFVERGQlG0JtEf/4PxJNn8U2axjjxG8zJu5fmszgjOwi8cy/wF2/D6cweo9t9fF2fIMb/8lLYRIZSOVJ5keIhp4gGP+E8PpRouIk/plfYFI5nJ0DHfdBNY4LySzOyJO4fgMb1AnO/7pVlGqwFgyWaG6cYOJjTGEd3vq9D32rRERERERE/pgpWBUREVnB1ksE0+cIL/2WqDwXV56uGFRlXBdTGCGx50/xNr+MyQ+1qlQ74CZwsn2Q7cMpDMd9VVM5gvFDcVuAG8dxRp7C7dv4UNdg0j14Y8+AXyNamiSanwC/jnGcuI1BUCe6dZKwMII7uB0SmTiUfYTigV6fr82AtRZLq972c57rUYpaw8G+7DV9Fe6HbQ1rA3CcDj/u/0hZLFEUYY3FNW7cmuMLEtkIi8VgcDr9uiQiIiIiHVOwKiIisiwKiRavE174FdHSTQgDzMrwyEaYbD/epudJPPWDuKL0c4YXJtMXB7TdY9DVS3D6n7Hz44Q3j+H2bljdguBBz5vtx9v0IoQ+/kf/iWhholWxCjge4ewVSB3G3bQfd/AJSGbXPI+1liAIbgtKoyjC8zwcx7kt4Gs2m9RqNcqVCn6ziZdIkOvK0d1duG8QuPw4jUaDer1Bo9nAbzaJWo/ruS6pVIp0JkM6lSKRSDx0uBhGEVEYEUUhruvGjwG4rntbWGhtHIg1m01q9TqNRoNGo0EYhriOSyKRIJlKkkmnSaVSeJ73yALPMAxpNps0Gg1q9TrNRgM/CIiiCNdxcF239cvDcR1cx8FxXBzH4DgOjutio4gwjOKwzVoK+Xz7eXsQ1lp83//s+usNfL9JEIZgwfNckskk6db1p9NpXNd94HsQ2YhG2IjD4lbb4ogICySdBMkOK7ZXrrseNrA2aoeYoY3DcM/xSLlJLJYgCmiGfiuMjDA4OMZgjEMYhfHzT9QOkpfDdAcHz/FwjYvnuPcNMKt+jbnaPLWwxkCmn0IiT+IRt+Cw1hLYgNnaPBW/Qj6Zpz/Ti2f0o76IiIjIF0k/bYmIiCzza4STZwjOvAehvzrUtBZ35EkSe76P8dIPHXqu4ni4vZtw9v8PGMclHP+Y8MpB2P3dtfu7PiCT6cF74k3CiSNEtQWoLn4WBFuLLU0RXvgVbve6NYNVa8H3A6amp8FavEQcHJbLZQYGBsh1deF58Y8SYRhya3KSEydO8uGhQ0xNT9Hf18/XX36Zt99+i+Q9gtDlUHVqaoorV69y7vwFLl++zNLiIo1mE8dxyOdybNq0iT179rB9+zbWrVtH4iGDzHq9TrlUplarkslm8X0fxxhyuRy5XK4dPEZRRKVS4crVq5w9d45z588zNTlFvd4gmUzQ39fH2NgYzzzzDFu3bGFgoJ9E4tEEZsViies3rnPhwkVOnTrFtevXWSoWCXyfZCJBLp+nK9tFPp+ju7ubrlyOdCpNJpMm29VFPpej2WxSLpepVKs0Gw3e+s53GB4eJpW6f2AZh6oBMzOzXLl6lTNnz3Lm7FkW5uepVqpYLPlCnuHBIXbs2METTzzB9m1b6e3tI5l8sHvQDJtcWrhCM/LxWpWcRb+MxbKpsIHR3Aiu6ayS2lpLM/S5sHAZP2yQdJI4xmHJL+Eal6HsAFu6N2GtZbI8zWRlilpUpx7USDpJMm6ahJOg1CzTCJs0omYc0mJJOQk8J0EmkWEw009/qo++TA9pL3339WC5Wpzgv1z+Zy4tXebtjd/iayPPs74w1tF1PYi52jz/cO6fuFy6wksj+3lr07foS/c+8scRERERkc8oWBUREWkJ568SzV7CNiutvqgt1oINcfo24I48idu78dGFqsscF5PMktj1FiaVw1aXsEETk3Af/rFa53S3fp2oPE1w9TDGawVVxoHaEsH4R3g738TN9K0aZGUMzC/M8+Mf/5jx8XFq9TqO4xCGIf/L//w/8fRTT2GMoVgq8ctf/pJDhw5z8eJF5ubnqdfrjI6OsnXLllWVrcustczPz3P69BkOfniIi5cuMjc7S6lcol5v4Ps+YRgS2QjP9Th2/Di/+vWvGR0d5cknd/Pmt95k/foxurJrV9vezY0bNzlw8AAffPABmXQGPwjYsGE933j9dV568UXS6TSTU1OcOHGS9375Hjdu3GRubpZSuUyz0QTAdZx2teYHH3zApk2beO655/jWt96gr7f3oQLWer3OzVu3+Ojjjzl06DA3b96gUq5ggY0bN7Jt61ZSySRBEDI1PcWFC+cplUq4nkcymSSZSrWrZ5vNZrvqNYoiHMewf/8LDA8P3Xcdi4uLnDl7joMHDnDpyhWmJicplkpEUcS6daMMDA7gui71ep1Tp09z7PgxMukM/f39PPvss7zw/PPs3LmT7u7CPR+n4lc5OnOC84sXqQd1jIFmGNCf6eXtTW8yllvX8T20WEIbcuDWIa4ujceVqMZQDxtsyW/ia8PPtYPVMwvn+M2NA5T8Moa4GtXFIe2mGMgM4BiHMIqoR/V2xam1Fs9JkPZSZNw0mwubeLJvF08N7CbtpVZVr0Y2otQsca10nbn6HIenPqGQKrAuN4L7CNtvLDaWuLBwieNzJyk2i8zXFig3KwpWRURERL5gClZFREQAopBw5gLhzEWsjcCuDAMt2AhneDfO8C5IdBbkPTDj4PRuwrOWqDqPcR++WnXlOd2R3YTXP8Xc+BSiz7Y1R0Eds3iDaPEGTs8GTKZn1eGNRoMrV69y9OhR5ufnSSQSpNIparU4ZJqZmeXX//W/8s4773D23Fnm5xcwxhCGIYODg/F29Tu2ni9vMT995gzHjh3j40+OcP78BTKZDL29PWzYsAGvFUxaG1eNTk1Nc+XKFa5du8aVK1e4evUq09MzvPHGN3n26afp6Vm99rvx/Sa3bt3idwcOkEqmCMOQvXv38tKLLxKGIRcuXOR3Bw9y8OBBTp48iTEOmUya7kI3BkOlWmFpaYmFhYW4RYLjMD4xwY0bN1hYWOC7b7/Nhg3rOwpXi8Uix44f58DBgxw9epRz587R39/P9u3b2bZ1G9u3b6e3t4dUMhVX905Pc/nyZU6ePMmJkyepVMpksl1s2byZrVu20NXVRbPZJGi1DwBLNpO9Z9VwGIZcuXqVY8eOc+DAAY4fP87s3Bx9fb08seMJNm/ezIYNG+ju7sZ1HSrVKtevXWd8fJwrV6/yuwMHuHb9OpevXOGVr7/M119+mf7+/nZV851CG7LUWOJqcZzFRhHHGCIbEdqNNMLGQ/cidRyHhfoCV0vjVP0ajjGENiLrZqiG9fidjGGpUeJ6+RZz9Tk84xHakHyii82FTWzt3kLKTYKJK2sXGovM1Oa4VrrBZHWKil/BNS43K5NMVadZaCywb+hZ+jK9eCuqbMMopBbUWGoWCaKQ8dJ1Li1d4ZmBPQxmBx5J64jIRtwo3+ST6U+Zry/gRz6VoEqpWf7c5xYRERGRe1OwKiIiAhDUiOauEC1MYFZuP7Y2DjfdBO66J3EGtj76atWVjIPTvxWnf+sjO6WTH8bpHsVkeloDuVqhcRRh/Sbh7CXc4V1rBquu45LNZnEcJw7oDBTyebq6ctRqdU6cOsnf/uhHTExMYK0ll8thraVWq9HV1UVXV3ZVT8+m7zM5OcnP3nmH3/32dywVi4yNjfH666/z1J49jI6ui0PJ1rCm+fl5Tp0+w7vvvsuFCxcolYpcuHCe8xcuUC6XyaQzvPD8cw/cOzSbyZDr6sLYeLt/GIak02n6+vpZKhb54Fe/5t1332VmZpr1Y2Ns2ryZkeER8oU8UavlwcTEOBMT15iZmSEMQ5aWljhy5AjnL1ygUCjwZuZbjIwMP3Bv2ZOnTvFPP/kJ7777HuVyiZHhEb75jW/yJ3/yXfY8uYdkMrGq/+vi4iKHDh/m7/7+xxw9egTPcxkeHuaVV17h9ddeww98giDA930ajQZDraD7bmu4efMmv3z/fd577z2OHz+BMYb16+Pn5ft/+j12795NOp26bR21Wp2JiWscOHiAf/iHf2B8fJyLFy9y/do1sPDaa6/S09OzZrjqGIeUl8Q1Lq5xWlWjkHLTeObheugaDJ5x6UpkSbkp6kGjVUVqcIwHNj6nMYa0lyLrZVjAif/txFoKyQJP9+/mrc3fioPV1v1pRj4z1VmOzhznw1sfcXbhPNZGTFanmK/PM16coJAskHKTdKc+q9T1Q5+aX6cRxuuoBFWulW9wcfEyvemeR9JrtRrUuLx0laPTJ9o9iWtBjbKvYFVERETki6ZgVUREBIhK09ilW1BbWh2cGheTLmC6xzDZ38OttV4KkxuE/AiUZmkXAhoDJiK8dQa7+SXo2wR3VAm6rkt3oYDnuvE2aNejp7uHhOdx5uxZ3nnn55w6dYre3l5GRkbo7u7GDwImJiao1WqUSqvDnXKpxAcffMD7779POp3m3/zlX/Ldt9+iUCiQTCbbwd1ysLZh/Xp279rF8/v28df/51/zm9/8llK5jAE++OADhgYH2fPkbrLZu1dkrmRag55c120NK4p/1ep13vvl+7z73rtkuzL82//+3/Lc3n10d3eTSiXb5w6CgOmZGT7++BP+41//Nbdu3WoPOKpUKvztj37EwEA//f1vkEzeu59pEATMzc3zf/zHv+bIkSM0m00whh/+8If86Z/+Cbt27lwzlDTG0N3dzauvvkqhu5t/91d/xbWJaxw8eJClxUWeefpphoaGSKWS8XAoPhu+dKc4pF3iR//p7/jVr37F9evXSCQTJBJJ/uJf/QVvvfUdxkZH1xxMlU6n2L59K/0DfWzbtpV/91f/K+Pj4xw/cYKZmRlyhTzPP/ccfb1rf94Y03oOVrwu6Xgk3If8EdUAFoxxcIyD0zpzZCOSjkem1Q/VACk3SdLxiIjarQCMMUSr1mhIuglGcyP0prtZlx3m/zr9I2Zqs9jQEkYhk7Vpjk5/Sl+657ZgtR42qAY1/MhvP+6N0k0OTx3hmaGn8FzvoStzl11dmuDi4hUWmgskHA8bxVW2Vb/2uc4rIiIiIvenYFVERAQI565iG6V4krjz2bfH+M8pzMAWnK5ejPNop3l/WUwijZPO3xEatSKd0i2i6gJOGGDuqKBzHEM6lWoFahbPc8lkMly6dInTZ85DygA9AAAgAElEQVRw5swZ/uwHP+DFl15kbHSMbDZDGIZMTU3TaDTYvGnTqrWEYcji4hL79u5j165dvPWdb7fbBqwV/DmOg+u6bNmyme9973tEFn72s5/heR6VSoWzZ89y6PBhXnv11Qfafp9MJEmlUkTW4hBPt7954wY/+clPuHLlCs88/TTf+MbrPPXUU/R0d+N53qpq0dFEgle+nqRQKPC//ft/z7Vr1wjDEGMMN27c4MyZs+zYsYNtW+9eeWytZWlpiX/8p39ifHycer1OKpViaHiYl19+iU0bN951G/3yfclmMmzZtIkffP/7/OM//hNXr17l6vhV/vf/8B/4N3/5l2zbthXnPmHz9PQ0vztwkAO/+y3T01NEUURvby//6s//nFde+TrDQ8N3XYcxBtd16enuZveuXbzxxhu8//77XLlyhZnZWf7mb/6WZCLB119+edVz4xqXvlQ3xjhExM9FaEPSborE55hm7xiHjJvCa4WmLm5cdO44OM5n98K2KqIdHIyBVs0smNVR53LwmvEyjOXW8frYK7w78T6z1bn258bZxYs8ObCbbT1b8FpfQxphg1pQI7QhTuu/kl9mvDjBlYWrbO/b1g57O2WtxY98jk4f58LiJYw1rYDf0IiaVPzKQ51XRERERB6cglURERHALl2H5l2CCC+J278Zkrkvtg3AFymRxqS6bnuVAbAQVeax9RKEzVUDrCzgBwHGmHY7gKXiEr/4519gjMO+vXv54Q//Bdu2baNQKLT7qVZrNaqV6poT4hOJJBs2buSpp55i69YtjI3df0K6MYZsNsveZ/dy69YtDh06RKlUIgxDxicmOHDgQ/a/8AKe592/atXEgbHbHqplmJ6ZoXn0CFu2bOGVV77O1/bvJ5fL3XUt6VSKdevW0dvby6nTp3nv3Xe5fOUKnufRaDQ4eeokO3c+wdYtW+66niAImJya4p2f/5zFhQUAcrkcL730Ilu2bLnr46/kOA49Pb289uprHDxwkGsTE5RKJd7/4H1effUVBgYG6OnpvuvxzWaTs+fO8ZOf/JRr16/TbDbo6uriiR07ePvtt9i0cSPpdOq+6/A8j97eXr75jde5euUKExMTBEHAkSNH+GTvXtavX78qZDbG4Dleqw0AxNv1HTBmecd+52wcgqbcJAnj0coZcXCwQESrx3DrsVYOm4qsjVtfuBnurNxe5hiHQirP7t4n+O3Ng8Q5rAELM9VZFhtL+JHfDlbrQYN60ABr4y8dxhBGAXONeQ7e+oj+bB+pruFVQ68ehB/5XFq8yvnFC8zUZuJz2Hjl9aBOJahgsZ+7IlZERERE7q7zn+JERET+ANnyDLZZZ81AxfEwuSFM4uEqy74S3AR4abDxIKM2Y8CvQ7OKDZqrDrNRRKPZbIWRLr7vMzU1xdFPj9HT082//G9+yNf276e/r49Eq7LTcRxyXV0MDQ2uOVQqm82w95lneOGF59m0cWNHl9HX18umTZvYvHkzTisYnZ+f5/yF81SrNcLwzo3cqy1X9Tkr+o02GnUa9Qbf+fZ32LNnzwOHmtlslm+98QZbt25tB6iu6zAxMcHly5cJw/Cux1erVW7dusX58+epNxoA5PN5Xn7pJfK53AP3GE0mk2zauJGBgQHSmQxRGDE7O8vZc+eYnJy857Fzc3OcOHGSwx8dJggCrIX+/j72PfccGzduJJ3JPNAa4ut22bVzJxs3biSbzWKtjUPmkyc5ffpMa4jW7YKotQ2/9SOpQ1y9ald+jHZg+Z45rT7CK++gbf8vlnQSJJ0EkY2wthWsGpecl7lnFOkal+5kgaSbpP31whhCGxBGAeGK62yEDepho/2wpvW+taDGx9NHmaxM0wz9jq/TWks1qHF48mMmK1P4od9uawFxoFvyK/G1PeS9FBEREZH7U7AqIiJCq2ozXB0sGmsxxsFk++H3tA0AEG/x9xKtYHX5lfHWYRuF2GYF1urJaAxeIoFx4hAy8AOKS0X6+/rYu3cv+/bt63gtqVSKbdu20tPdveYwpXtehzH09fayY/t2PM8FLH6zSalUolKtEkZ3DzKXJZPJ23qfWmtJJJIMDw+zf/9+hoeGOlrTjh3bGR0bJZVOYa3FcVwWFhaZnpmh0WisGSgCFEslbk1O4vt+67g4qN2+bTup1P2rRJc5jiGVStLb2xsPDyMOwU+dOs31G9fveey58+c5ceIEQRC0Xze6bpRXX/k6yUSio1pHYwyFQoENG9YzNDiIjSI81+XsuXOcPnP6tsf47Jh4sNTyA1nAMwkc09nHxZ3rCGzYvg8QV6qmnCQZ97N/HEm5SZJukqjVIMMQB7Ku492zMt0xTrsidXnN2DhwdVqDuJbVgwaNsHFbuGkw+GHAjepNrpWus9RY6vga/chnrjrHB9d/y3xjsX2drRtAPWpQbJTizwflqiIiIiJfGAWrIiIigPVr2Gh18NPOfMLm7aHk7xkb1OPg1Lisrso10Chi66sDHoNpDdhpnYe4R+rLL7/Mrp27Og5GH4VkMkVfX9+KUM4QRRGNRv2eFaLLEl6C5Ip+n1EUUSgU2L5jB/l8ruNrSqdSjK4bZXRktP34vt+kUa9Trzfag63uVClXmJ6awXE+G5zkee5tg7Ie1HIom0oth7uG+fk5lpaKawa71lqazSYXL1zg0qVL7WtOp9MMDg4yNjZ2W1/ZTtYxMDDI0PBw3MPWdSmXy0xNTTE/v3DbWhziXqjLPUoxEBGRcj0SnyNYBXCdBI5xsK3N/9ZaEo5H8o5WF3FNa6vS2HGxWGphHe7ynEEcas7W5vFDP153a+1DmSH6Ur0kvc9C8YpfpRJUMZgVrQji7fkuLgcnP+LswgXCDr+2TFdn+GjqKNUgrkoFWnW+thXc+lSDKo2w2fG5RUREROTBKVgVERGBFRVqtwcqFrBRQFSdh4fYsvuVEfjxlv81A7u4apU1qj2NoRW62XZA6Lgu27dvY2TdyBe75rtIJpN0dXW1LuWz5yuK7ANV53mei7ciWLXWks/n2bp1K+lUuuNQ0/M8Bvr7GRwcbN+jMIxo+j71ev2uwWqj2aBSrbQCYpb3iXf02Cs57Z6xcdVmrVan2WwQ3eXxFxcXuXHjJnNzc7iuSxRF9PT0MLJuhN7eXsxDBKsAPT3d9Pb2xnmjMTSbTYrFEvMLC7fdC2MMSTcRh46tsk/b2o7/MD1HV/KM1w4zW2fGdVy8FUOxAhsR2LDd43W5cUB4n83zFb/KmYVz1MK4wnu5tcSe/t2M5ta1K1YtlpJfotws4xhDykuSdtN4TgKwOMZhvHiNS4uXma7MPPC11YM6V4vXODx1BD8KSLspcokukm6K5Y+fIAqoh3F/V7UCEBEREfniKFgVEREBcBKfBVy3MdgowBZvYdfaKv/7ImwSNaqrXm2I2x1g7xK/GIPjtipDiberZzIZBgYGyXV1rXXEFy6y0WdVeq1FG5aDxfsfb629I+y05HJdjI2N4XkPN9czn8/T3V247XXL4erduK5LYuXjtQYP2bs9F3exHKYGQUAUhu17sDwsaa2gOIoiZmZmmZubo16vY1ptIfr7+hgeGiaVTD5UxGutpasrRz6Xv+2xGo06peLt1bMG8Izb+siy2FYu7uB87oFL7vIgrBXPc7zN/7NK2MAGrWDVbd2sVu/de4S6Vb/KjdJNPp05TrlZxQIpL8Vo1wj7Bp9mODsY3wcsURRRbJYoNUs4xiGfyDGWG6Uv3YvF4mCo+BWuFMe5sHCx/TF9P1PVGS4sXuTi4mWiKGJ9bowNufXkE7n2ZUQ2wo986mHjgc8rIiIiIp1TsCoiIgIYL4VxvDUCHQOhTzQ/Ds3KPbcIf2VZi23WoFFe++2OCzbE2DUqVgG3VQlprcV1HfL5PLmurtv6lH6ZKuUyN2/eJGyHiBaMwXWdB6o2bTQa1GsrQ3JDJp1haHAQ1324H40SyUS7x+rKtPde68nn84yMjBCGYTvstdaSTCRxOqiatdYSWUulUqFeXx7AZshksqSSqTXPFUWW6ZkZSuVyu6LVRhH5Qp58IX/XKtsHkcmkyWTSraFQ8Xl8P6DeqN/xnua2fqTLnEdQseq0qlDjqJRWaG1wVn1+2xXNAJafr7U/jiIbMVG6zuGpI5xeOEctqBHZiMHMAN/b/BZP9G2nkMovnxY/8llqFikHFRzjMtI1wutjX2dP/+5WSwBwjOFqcYKPpz8liIL7hqDWWk7PneHU3FlsqzfsSyP7eWnkBfrSPe2KbWstQRTSCBSsioiIiHyRHq4sQ0RE5A+MyfaCt0ZQaAxEIXbpOlF1ASdoYBLp1e/3FWbDJrY6j63Mrt0KwEaQ7Ip/rWLag3GsjYcNZTJZEsnkQ/XgfBhBEFCvN1hYXOD06TP87sABfv3rXxMEYSuAM7iOQ/IB1xQEAX7wWSWp4zhEUUS9XnvoQLFWq1GrVm/r3eoa554VsF1dXQwMDOC6bvxhFkXUGw1u3rrF0NDgAwfXURRRq9ZYWFhotRaIr3HdunWtXrRrBash09PTVKvV9ts9z2NifIJ3fvYOly9eptFs4HoeyUSSZDKB58YtFJZD9sD3CcKQpt+k2WjiBz7pVIrZmVlOnz2L67nt9YVhSOCv0cN4BYPBNS4Xly7zi/FfcmzmRKstgKEeNmiETSwG13gkHA8HQ0hIYEMiG+FgSDoeKTfFiblTLDaWPvuHkrvk1K0Oqa3fx1WmURQSRCGOMUQ2ourXmK8vcGzmBCfmTnNx4RLWRiS9FHv6n+Wlkf28MLyX3IrPH4vFD33qQZ160Ij75zoe63OjpNwk5+fPc6NyC4NDNahxrXyd4zMn2dm3g3wyv+ZaQxsyW5nl3OJFrpWvk3STPNW3i+09Wyj5ZVzjLReWY7GEUUA9qCtYFREREfkCKVgVEREBnPwQoZduDX/5TFztFhFVlrALE9ihJzA96x/TKh+OrS9hK3PY6tLt7Q6Wt5wbg0nlMGsFq7dVXcYRlOe5OM7n26q9ao0WGo06lWqVUqlMpVxmYXGB+fl5pqenmZqaplgsMr+wwNzc3Gdbype3uhvzwNvHo1Zl6PJ1OY6DtZZG4+6Dpu57zjAkCEOMMfHQJmNwPY90KnXXqtV8Lsf6sTE2bNjA7OwMtVqdUqnE0aNH2fnEDroesNVCs9nk6vhVZmdnaTSa8eNZeOKJJxgdXbfmMdZa5ubnqNZqn/VldRyWikVOnT7N1fHxuHo2mSKZTJBIJOK2Bcbc1o44CEOCICAMAoIwwODQbDYoVysU8nmshUQiQSaTua2v7VqMibfwzzcWODN/jonitVb1qiFqtQowGBzjgmlV6hKHqhERxsatBRKOx2R1hnpQv28F88q2tsYaFhuLHJ05RjOqkzAe9bDJUmOJ+cYCN8u3qAV1ulPd7Ox7gvW5MXb372RLYSN96d7bHstiqQY16kGd0IYkjEfGy1BI5elO5dk7+Aw3q1PYKIoD09oc71/7Df2ZfroSXasqdi2WWlDno6mjXFkap+rX6E338Oroy4zlRrlWvkE2kWkXS1ssQRRQ9suEa1Sii4iIiMijoWBVREQEcAojmGSGVaVtxmBtBGFAOHUOZ2gHTs/Y6vf7CrPFSaLyDDZoYNzbv/UbA9Z4kOzCJLJrHt++0hXbjOM91p/vHkRRRLlSYWF+nrm5eWZmZ5mdm2VxcZFyuUK9XqNeb1ApVyiVixgMhe4C3d0F+vv7+PjjT1rtAFb0GI3uX51nbr+q9mUEQfjQwaq94+Xyec09AuhkMsnIyDCvvfYa7733LtVqjXK5zKHDh/n2t9+kp6fnvj1frbWUSiU+PHSI2blZgiAgnUoxODbE7p07GRocXPO4KIoolco0m832/YuiiL6+PtatW0d3oYDjxlXAnpfAdV08zyUK4+39xjF4rhdXeC5v+bfxln/bHnRmsZElshFbt2xlaGjovhXFFkshkWNd1wjdqbhnbRymeniOh9seMBUHksvdaK2N2jffdRzqYZN6UKcRNe//qbriSSv7FS4sXuRm5SaecakHDcp+hWpQZTAzwPaerTzRs40NufVsKKynL91L0l0dGEc2ohbUaUY+kY0wxiGf6MJzPPrTvezp38WByUMsNYqEUUjVr3Fs9iRfG3megUzfqqrVIAqYq87x8dRRpquzZBNZxrpGeWpgN92pAlO1abJetl2xCnGFa6lZIozuXSksIiIiIg9PwaqIiAhgetZjUvm4orPdI7PdeRGMQ3jzBM7gdtwNL2C81GNba6ei2UtExVvcHvu1WDDJNE46B3dpcXBbWMjycKUVvUQ7ZG285XqpWOTSpUscOnyYTz45wsWLFykWiziOoasrx/bt29m9ezcvvfgiGzduoLu7m76+PmZmZnj/gw84evRTrI3irelYGs1Gu19oxwwd9TW9yynil8tBZRjh32N4lTGGvv5+/rv/9i84e/ZMvJW/UubIkSNcuHCB/v5++vv67hpGWmtpNptcv3mTn/3sZ0xNTWEMZLJZ3njjDZ54Ygfd3d13PbZRrxMEQXtrf7PZZP/zz/Nnf/YDnnrqKaLI4iU8XDfueeo4hiiK73f8y4lD1ChqD9yKoiiuwmxt/3cch4Tn4boejuPcM1i11hLYkJ0923l787fZ0bvt9ht7RyR+54iv5TUY4P87/5/57a2DFEslDO5dh4Hd+eHiGpekk2SmNkcQNlvnM0REbOveyrc3fJPnhp+9bw9Yay1Vv4bf6pvqGIfuVIGkkyCXyLGxsJEdPds5MXuKSlQlImKpucSpudOM5daRS+Ruq4Ct+jUuLV7lUvEKJb/M5vxGnh96lv5MPwk3QcpJUUjmcIxDSIghDmMXG0sEkSpWRURERL4oClZFREQAkx/B5Acx6Ry2Vlpdjem4ROVZoqmzRNPncUeffjwL7YSNsGGT8OYJooXrsCoMak1B7+rDJPMYZ40fCywrtt3fcehDqtcbXLx4kX/8yU84cuQIU1OTlMsVxkbHeP2113jhhefZvGkz3T3dZLNZ0uk0yWQyrpp0XWZm4m3z7eDJgOd6pFIp3M/T9/Vz5Kqu6+I4brvi1XWc9iCse92qVDLJxg0b+PM//3OSySQffniIMAz5v/+fv6FWq/Hmm2/S39e35rGNRpNjx4/xd3//94xfHadcLtPb18cLz7/A//iv/zUjI8NrboVfboPgem47VDWtyuxkKkVXV45sNq5eXg5RlznO7YOdjHGwd9zz5XsQ2dZgqPY5zNpFziteZ7E4xsF1XNxWb98HtRy0GhP33H3Q1hArjx/qGuK5wb00wzqHJz9hujqDYwwGl1PzZxjLjbAxP8ZQ19A9zxXZiPnGAvUgHtjl4JD1srgmvueFZJ5vjb3OtdINyn4Fg8EzLkdnTrC1Zyvr82NkvHT7XDfLt/jVjd9QC+ok3QTr86O8OLIfz4mrZVNeinwyt7IOGz8KmKxM0wybHd0HEREREXlwClZFREQAJ9WF07Mekx8hqi6BcVdVINowIJy+gH/hVzj9WyCRwXQY/nyZrF8jnL1MNHcV6qXb+6uyvJvf4PRtxGR71ghe4/danlbfTsA+R6haLBY5d+48f/f3f8+xY8eYnJoklUqzb98+vvmNb/DsM8+wceOG9jb4tYJB3/cpl8utP8W9VeOt6t6qa1zL8jb11W94+OvKZDJks1l834/X4Ti4rkcikbhnvGeMIZ1O89LXvgYW+vr6OX78GBMTE/zkp/+Zm7duse/ZvYysGyGdzgCWwA8oloqcOHGSjz76iE+OHKHp+zz99NPs37+fl19+mQ0b1uO6a39sGmMwjkM2myWRSLSDVWMcms0mzWbznsfe73Xt3rUPdOeIq6Zv/yMP82Tcvg5z36pSsBhzez12wkkwmB1ga2EjjaDBpzPHmanP4RqHil/h05kTZLw039387Tgovcvn/3Lf1ForWDXGkE/kSLTaBqS9FDt6t7GlsIlis0SxWcQ1DvP1BS4sXGRTfj1P9u8CYKG+yOWlK1xcukwzarKtsIUn/3/23ixIsuw+7/udc7fc98za96pepnt6NgAzmCEGA5oQQVIUKZGOIPViK8KSHuwHLY6w3m0/WwpTitCDIZkhK8IOSZBlQaQAggAEzICz9zJLb9VdXUvXvuS+3OX44d7MququXmdAAOT5TdRMV9bNc892u3u+/M73L5yhkigNXNaWDDNcj4rJnvLZ71ZxlRdlR//ixJdoNBqNRqPR/KKghVWNRqPRaACEgSzNIYvT+JtXT75GGgS1Tfylt/HHn8MYeRYSOX4u81YDn6CxjXfzhwT1TVTg3u9IVYCUiOIsIpE/MTNVASpyrB7++AHC5KO6FATcvr3Ed777Xb7zne/Q6/VIJJOcPnWK3/2d3+Hll79EuVR6dA6nUvjeYW6kEALDkFiW9VhFtQzDwIgKVvXfj+IzVU+3rLDAk+/7GEboSjRNE9uyH1lACWB0dJSvfOWXyOfz2LbFD3/wQy5fvszW1hZra3cZHx8nEY8jhKDX63JQrXHt2jW2trYYqlQ4f+4cr776Zb70xS+xsDD/yGxWARQLBRKJUKwVQiClpNls0Wg0n3oengx1/Dj/kYr2T5t1e7Stk2Ih7n3l3rXpR0vMZKd4eeQLdPwO9a0Pcf0eKMVyfQUEjKVGeaZwhlzs5KgFLwiF1Y4fOqsNIUnbKczoGTSEQS6W5XzxLFutbardKgiBF3jcPLjFSGKI+dwspjS5U1vmk71r1Nw6lrA4UzjFmfwCzpE4ElOaxIzYQDwVQoQZq16Dnt87VqxNo9FoNBqNRvP5oYVVjUaj0WgijNIcfmUBee17oQCj1DGxUQgBgY86WKX7zh8S+8r/gLQTP5d5q8rrEOws4l76Fsptg7jHWdcXWgwTozSLeIBAFAqO6ui3kYP1yfvUbnd47/33+Tf/9t/i+WHu41ClwmuvvcZf/Y1ff6Sg2scwDGKxWFg4KRJ9pQyF1ccpqGXbNo4TO5al288HfVoCP8CLCmmp6Ah8KPae7Lq9F6UU+VyOUwsL7O8fcPnyFcxGHQRcuXKFDz74IMwvjdbNcRzGx8f55V/+ZV544QXOnT1LoVDAcezH6q9hGIyOjpJOpQkChWGEc9Fo1Gk06k89D0/K4d4S4eNGGElwb37qk+KrAMXhegpC4TxQ/pHXBKh+FEKUpaoCXL+LAF6oXKDtdVhvbnK7dgchw9zSu411/v3Nb5N9JkvSSgxcqH0UobC63zmg5/fCY/7SJGWnMKLnsL8nni8/y+3aHa5XF1FKYUqD5foqH+1d5SvtV0k5ST7du87lnY8xhEHeyXEqP89UZuLYPQ1hYEnrmGM7UAENt4kXeKFQrXVVjUaj0Wg0ms8dLaxqNBqNRhMh4jmMwjReZR62b6GUx31qhJAor4u6+wm99/4V1vm/ijn7Gsj7K4P/zFAKf+Nj3I//E7RrCOOk4j0KTAeRGUHkJhBO8kGNhRXXgc8asrq8ssLirVs0m01s2yYIAmZmZnn11VefyE3Xz+zsC40oRT9R83FasSwL2z5cLz8SROOx+GOLu/fS7XXpdruDDFIhZfj1mOPyfZ+3336b/+8/fps/+d73+PrXv87rr3+F06dOhU5Yz8Pz/UHxKNu2icdiOI6DbdtYlvXA4/snIaVkYmKCXD6HiFy+hiG5u77O6toavh8MMmJ/WgQoer57n4jqq+Dpi5BFeMonQA2OyoeiqY8XHDqdY0aMmOHgBR6WYQ6u6+fCGtLg+fJ5LGnyz6/8S2q9GgJBz+9xs3qL/3zneyAEzxROHVvnIPDp+V2qvSo9v4dEYgiDuBkbOFb7lBMl5rIzTKXGWaovYyABxWZriz9d+SGleJEb1UWqvRpxI87Xxr/CbHYK2zguoFvSIm7GMIQcPAR+4NPsNen4XTzlY/DzG1ui0Wg0Go1G84uKFlY1Go1Go+kjTWRhCnPuddz9Neh69yt1kSMR5RPc/QjPtCHwMOZeR8jHc0z+dFH4ax/iXf8+wfonYX/UCUeegwAZz2HOvIJMFkGc/FeC0Mmpjumo/SCAJ9W+NjY22NneQSlFEARIKUmmkuTzuScSVn3Pp9PpDI6vCynxg4Ber/dYR8iDQOEHh9cFvo8hJel0+qmPS3c6XTrdTlTEKhTHAt/HdV1s+9Eu0g8vXuKP//N3ePudd8hkMnztjTd44fnnyRfyyGjPDbJuhUD2x/6U/RVCMDQ0xOjoKNlMlnq9hpRhYbDllWX29/cpFPJPLTQ/DkopOkFv4FQFkELSUx6e+myV7P3AOyxmFf3LDXzcI8LqYE6jK5XykUIQj47UCwQpO8V8bpa/Nvtr/NHSd9hq7yAjV+2V3U8YSpRJW0kmM+ODdgMUXb9H023hBh5SSCxpYRv2QOjtY0iD2ew0F0rnWKovR7nHkmq3yk/W3yFmxtlp72IIg4yd5pniaQqxwn3rLoXEMmwMYSCFIFDhByJdv0vP632mmAuNRqPRaDQazYP56VoRNBqNRqP5BUOkyhiTLyFy42DacIIgEToSDYLmHt7KRdyr38Vf+jNUcwfluz+DXgMqQPUaBOsf4V37Ht7SO6jmHkjjuNgbOTyFNBCpMub0y8hY5qGCcF98OryiL7Q+mbJaq1VpNOqHrs5IHHwSpyWA53u0O22ECJ2XSikCpfA8/7GO87uuS6/XC8ccxQAAoXPzKYXKIPDxfZ9+XikqjBZwXfehfVJK4boeb731Fm+/8w57e7uMj41xamGBUqmIGQm1/eJclmVhmeYgx/VpkZGQvDC/wPT09MC122o1WVlZ4eq1q9F4fnooFG7gguhn3YbPlht4n4MQGAqLKtqqEoEbuHSD3uAKX/l4yjuSsRsKrcaR2AwpJLlYltdGX+Zc8SyFWB6lAqSQ7HZ2ubh9hYvbV2i5rUGf/cCj7bVpeW185SGlxDZsLGmeWEBqKFnhTOEUxVgBU5oIoOt3WWuus1i9xX73gJSV5HR+nvH0GAkrfl8bUkpMaYZ9V/0ZIByz3z3m1NVoNBqNRqPRfLZIBAEAACAASURBVH5oYVWj0Wg0miMIO4FRmMaYfBERzwyEyBM1RGmgGrt4t35C7+1/ibf6PjS2UF73z7fTykd16wTbN+le/Le41/8Utb8CJ7gNQ2deAE4KoziFMXwOZcYe0rYiCPxQbxSDl3iaKADP8/D8445B3/dw3ccXo5VS9Ho9Wq0Wx+zE9+ThPoye69LtHq6RFAI/CGi2WoNCXU+KEBKJwPf9gas03DoPLxoUBAHNZpMPPvyQ1dVVHCdGMpnEMJ7ejfq4GFJy/tw5nn/uOYzoKLxSitXVNX704zdpNJqfKXdWKYXnebTa7WPzfRQRFZkKC1YRCdL+ZxJWlVIYSMSRgmQCgas8Ov6hsNoNenR9F3nk+HyAwr0nnsCSFkPJCq+Pvcap3DxSGkAowF4/WOSt9be5dbBEx+ugUPT8HrVenV7Qw1cBhjBwDBvLsE4UVlNWkon0GOcKp0mYsch1LY6ViCvFi7w2+jJZO3NM+O0jEZjSwDLsQc6qUgov8Oh4Xdyf1Qc+Go1Go9FoNH/B0cKqRqPRaDTHEOCksM//VWRh8tFinRDgu/gb1+j+8J/R/eD/Jti6Cn+OQkbQ3MW9/qd0fvzP8a7/ANU6APGQP+J9F2P0Wcy518FOPfRaRShEqkAdE4WeJgIzFosTi8Xoy0W+71Ov19nb33/sNnq9Hlvb29y8uYjb6w2KcEkpMc3Hc3EOHKsRQgo8z6NRbzy1kNhvU4rDWer362F4nsfO7i7dbjdyr/ZYXV2l2Wr91B2jABMTEzz33AWmp6eiPku2t7d56623uHr1KvX60xey8n2f1dVVLl++wuKtW/f9XCBwhBU5SwNA4SkPW5qY8unyQPsH+73Ax1fBYd5oJLbaRzJOe76LG7iDNZNS4gUeB736iZESZ4uneK78LOOpsShSIHRx36kt86+u/T+sNe7i+qErdq9zgB/FGRhCEjMcDHFyITMhBPlYjq9NvE7Wyd7zkYXCkhaVeIVnCmfuy1btI6WBbdjETGcQN9AXZg96VVpe60mnUqPRaDQajUbzGOiMVY1Go9Fo7kWaiOwY1sLXUG4Xf/UyGCcf4w0zTMPMVdXYwbv5I1R1HWPkGYzJLyJz4wgnHR7J/zzxewTNXYKta3jL7+OvXUYdrKDcTtStE/oaVasnO4Ix/hxy+CziEcKfAMzouL2KLIWe5xEoFWavPgGjo6NUKpVBYSIpBSsrq7z7zns8f+HCI4+3d7td/suPfsR3v/td7t69O3CGBr6P33fCPoawKqVAyNBdahhy4Jz1fe+pa9H3ej3anS5CysPxGRLLenhRMykliUQCQ0qkFLiux8bGBv/uW/+eF194gfGxMZLJJE7MwTLNQXSAYZrYtoUhDRCh+9SybSzTfKJcVNu2OX/+PL//e7/Hv/w//5CtrS08z2N9fZ1v/ot/wW//9m/zhS+8xFCl8thtKqU4ODjgk08/5f/9D/+BmekZXnnl5fuu85XPQa+Gr4LQZSlC52XH7x7LQn0iInN5y+/gBl5UDCr8QRBFRvT72DdhB0phRM9xEP1z0qMeM2KcL56l6TbZam3jBmF2adfvcae2wnfvfJ83Jr5C2kpT7zXwg9C9bEqTmBEWljrx9xAgbsaZzU4zlZ5kr71Pw20iEXgqYDo3xtnCKVJO6oHvlwgsaZE046EDl8MPQmrdGi2v/XTzqdFoNBqNRqN5KFpY1Wg0Go3mHoSQYMUxpr6E2T5ANbZR9e0HH+s+Iq4GB2vQ3CPYWyKobSLL88j8BDIzArEMwoqDtB4paN6HCsB3Ub0GqrlLcLCGv3MLf+MTgs2rqPp21BXjRFFoYDE1TMyZVzDHnkMky48xF2Ig6IVHtsHzD/NEn4TR0RFmpmfI5/I0Gg2EkGxtbfHuO+/w3HMXOLWwQD6fO5a5GgSKntujVq3ywYcf8s6779KoN5ifn+PGjRv4PR/P92m12uzv75PL5bDMh//1RgVBeGQ/CEBKlArdld1u76miAPpH3l3PjRIJImFVPDo/1jAMMuk0IyMjLC4ucnBwQNP3+f73v8/ynWXGxsZIJhM4MQfbsgiC8F6WZWHbNlJKpBBYtkUikSCTyVIsFKhUymSzWSzLeqjQKqVgZHiEN954g7t37/LjN99ieXmZRqPBT/7sJ1i2RbVa5fnnn2dqcgLHcU4UwPtz0Gw2WV/f4KOPP+Ltd97hzTffYmR4mEw6c9+9A6VCwW8QbSuQQobC6lM6voUQqCCg5/cGjlERve4FoUN10GcUAX2hNSrUpgL8wDtxawshGE0N80L5Aku1O1zZ/YRatw5K0fE7vL91kVwsz2R6nIPuoWNVInEM577CVUcxpUnGyXC+eJa1xl1q1TqGMDGEZDozyen8/IkRAEf7ZgmTpJkMxXY/HLhQUOs1aEcfuGg0Go1Go9FoPl+0sKrRaDQazQOQhSnM2ddQ3QbulW8j3NbDxVVEqLF6HYLdJfzdJUSigFGaxRh7DlmcQWSGELEcwk4gDAsMMzqKLzhUcw6FWgIP5buobhPV2iOorhJsfEqw/jH+1s2waJUgEmofINz0c2JNG1mewzr/m8ihM48l7vbFpn6V8cAPcHu9MAfzCUXIcqnE+XPnePGFF/izt/8M1w2FuI8++YhvfvOb/OZv/iZnzpwml81imCYqUDRbTba3t7m5uMh//I/fZnxsnDfeeINEIs7/9o//Mbu7u3iex97+Hu+++y5KKSrlCrZjk81kTlyrTrdHt9MdjA+g13Op1WonHgF/5Bwphed7+J5HEITuyyAIQhfsI+YodKzG+eIXv8jOzg6XL1/G9TzW1tZYXl6OrumH2wJR0S/RLwAWtWHbNolEgkqlwuzMDC88/zzzC/OMj49TLBQe6py1bYux0VH+1n/7t8hkMnzvT7/P0tISrVaT733ve9xcXOTL16/ztTe+SqVcIZ1J40SiLoAfBHTabfb291ldXeW9997n/Q/eZ3t7m7nZOc6fP8/o2OhJM4cXePiBT6AUMsoV7fk9POU9Mp/2QWsRBD5u0MMLvCgYIHwyXOXS8fvrruj6PbpeFwbxvAovcGl57WMZq0cxpcl4epTfmf9rVHt1rns36fk9hBJst3d5b+MDVmtr1N06QV9YFRLLMBE8PDdXCsmL5QvcOFhkubGKH/hk7Sxz2WmmMhMPHbdAYBkmSTuJJPywQKBAKGpunbavHasajUaj0Wg0Pw20sKrRaDQazQMRyNI81jOSYH+ZYO0Kql0LxdBHvI++u6xTw1+9RHD3CkpayEwZWZhEFqYRqQoikUfE0gjDDoteCTMsOhV4qE4V1dwjqK4R7C4R7C1Bpw6eh1J+VEbdeIzA0/AIv8yP47z+32OUF0Ln7GPguS47O7uRmBrgRYWfnkb0klLy7IVn6Xkeq5Fw6HnuwB15/cYNzpw5w+nTpynk87Tbba5fv86n166yvbXNr//ar/E3/vpf58yZ02zv7DAzPUO91qDerbO9vcP//gf/lNdefZX5+XkmJif59V/7xolH4z3Po9vt4nrh0f8gCGi321RrtafKWA2CgFarPSh+5UcFtrrdHm7PJR57SHGwaF6+8Y1fJR6PY1kW77733mB+lTpS3V4plO+HVe6jMQ2yQT2PVqvFzs4On37yCX/8x3/M3Nwcv/Ebv8GvfeNXGR09Sdg8xDAMyuUSv/97v8eZM2f5d9/6Fj/4wQ/wvC7LS3e4u3aXP/qj/8TszBwzMzOMjA4Ti8WRUtJoNFhZXuby5Utsbm3huR6zc3P8zd//m/zqr/4VxsfHiTnOfff0g4BWr03PD4/UIwS+Cmh7bbp+j4AAgyeL0FBRTmu916TtdfBVgBQGbiTg9p+VQAW03TYtr4WPjyT8YKLjddnt7D9QWAWImTGms1O8Ovwlat06i9VbmNJECslSfZnlxko4vkhYDQtzqceqrVaIF5jJTnF17zp3GqucL5xlKjNJ3Hz08ypEGAcQoAhUgBFlJ+93wmiBp3lmNRqNRqPRaDQPRwurGo1Go9E8DMNC5iawv/jf4Dr/HrX8Lqq+jXiYuHqkgFG/1LnyffA9guoGQesAuXUTTAcMO8x0PVKVPTTPBSi/Fx3/b4PbRrktiHIbj2YtPlAs6QuugY8xdgHrmW9gVE4/tqiqlEJISTqdZnpmhqHhYaQQtDvd0LnqulExqscnk07z/IUL/IN/8Pd58823+OD991m8tUin02F3d5fLly5x8+ZNLMsEBOl0mnPPnOP5v/kcLzz3HNPT08TjcSrlMn/7b/93/OAHP+TixYvs7u4C0Gg06LkumXQaQz7AIagUiUSC+fl5stksvu+TyWQwDeOpMlYDpYjFHEaGh8lls0gh6bkuuXw+jBx4DBdsKpnkCy+9iGFIhJS8++67tFot4vE4qVSKVCpFPB4W/zIMI8x0bbdptVrU63WazSae5w0KZvmuy+2lJb71rW+xubHB3/27f5dsNoP5kJgEKSWZTIbnn7tAPp/jl157jcuXL3Pt2jVWVlao1xtcvXaV1dUV4okEhmEM8mlVoLAsi9df/yqnFhY4e/YsC/NzDA0N4TjOiesQM2OcLZ5mKFnBU24kcvukrBQTqfEH5ok+CiEkXxh6gZnMFIaQeISxFeVYicn0eDhWITmVnw/7r3y8SASNmzEq8TKmePhfkaWQvFh5DgWs1E8TN2MgBIaQWMLClAae8un5Lgkrzlhy9KFH+Y+2e774DLa0WW6s8VzxHOOp0ccSRONGnBcrFyjHi7S9zqCQV97JhvOpRVWNRqPRaDSazx0trGo0Go1G8xCEkOAkMceehV4DISXerbcIWvsg5CAb8iEN9H8BgPJ64HYJWgeDS1R0nRDy8Nj+vRKfEFENcqLogEdwpNiUMXoe8/QvY8x8GRG7P+vywV0XpJJJXnnlZc6ePRMW/lHQarcZGxt7qEj3IEzTpFQq8uqXv0whl2N2eprrN25wcHBAtVrF8zxMyySTyZBKphgfH+fMmTOcP3+OfD4/yE+NxWK89NJLJJMpTi0ssLe/h1KQyWQYHR1henr6gcWw8vk8zz//HOl0imQqhe/7mIZJqVjEsU+uuv6oeXrmzFlsK8zOlQi6vR4joyPYjv1Ygla1VmNldZWlpSUajQYLCwuUSyWGhobI5XKk0yni8QSOY2NIg57bo9Pp0Gq1ODiosr+/z/LyMiurK+zs7CClpNPpsHjrFkHgMzs3x1/5+tfJ53MP7Y9hGBQKBTKZDFOTU8zOzrC4eIuVlRX29vZoNps0m03a7XYYY5BMkEqmyOVzjAwPs7BwiumpSYaGhkkkHi7gx80YzxRPA6GDNEo7xRAG+ViOhz5XDyB0bZpcKJ3Dj1ybnvIQCBzDJmklw+sQTGcnKcULCCFxAxeBwBAGMdN5LBG0kijz0tBzzOdmsaUVFhETBpYMs1Fd5eMFPoaQJM3EY7UphGAkOUTSSjKbm6EcL5J4DLcqhEL1qdw846kxfOVHTlmwpEnOyWrHqkaj0Wg0Gs1PAaGeJkxMo9FoNJq/jPgu3ur79C59C3/5A3Bb4Hscqb7zc8HA9Wo5iGQR+wu/jznzKjI79lRt+b6PPOL+9IMA2c/6/Izj7na7VKtVtrd3WF1bpdvtkkymGBsbo1DIk0lniMXuP0Z+lCAI8Lywirx5wtH/k8cURO5OMXgtCIIHirGPaq//1Z+nIAiOff+wvtfqdd577z2++90/4YMPP8S2LX7rt36LL7z0ElOTkySTSUzTvK9v/XF3Oh0ODqq89/77/PjNH/Peu++xs7uLFAI/8InF4szOzvK//i//M/Nzc08siHueR7vd4aBapV6rsbW9zf7+HkIIhoaGKZdL5HO50PVrmlq802g0Go1Go9H8QlCr1QD48MMPn/i9L7zwAqAdqxqNRqPRPD7SxBx7HhnL4maGca/+Caq2dZh1+vNC4EeFquZxvvy3kENnkfH8UzUlhLhPiDMfUen+SbBtm3K5TLFY5NSphYGrTkr5SIG0j5QSy7IeW9ALx2Tc99rj3u+k9u699+O21Wg0+OF/+RHf/Ob/wdLSHc6eOcM/+kf/E7MzMySi4/b9e9xLf9yWZZFKpRgeHuLs2TPMzszyT//ZP0MJgZRhbMC1a9dYX19nbHSUdDr9ROMzTZNUKkkymUCNDLOwMB8V6Qpd1lIeiuxaVNVoNBqNRqPR/GVCC6sajUaj0TwuQoDhIPKTWM/+FiI3gX/7Lfy1y+HRfhE5Cn8W4pKK6p+rAJkfw5z8Asb8VzGGzyOc1OPFB/wM6AtxhmEMRMTP0s4vErVajSsffcw3v/lNbt9e4sKFC/z13/5t5ufmSCQSjyXO9scthMC2baYmJ3nttVe5dOkSly5fpl6vI4TAdXtsbW3TaDafWFjtt390rTQajUaj0Wg0Go0WVjUajUajeTKEQNhJRHEWK5ZBZoYRpTn8tSsE2zeh2wgdo30h8ykEv35GzyPfGaX5KBUgDBMjkUNUzmBOPI8cfQ6jcuqxC1Vp/nwJgoAbN27y7W9/m48//phMJstzzz3Hq69+mVQq9dTtJhIJpqem+dobb7C0tEStWkVEQmir3cLtuZ/XEDQajUaj0Wg0mr/0aGFVo9FoNJqnRCRLGFMvI0vzeMUZvJs/RO3dQTX3UN0GqCD8OiqRfhZnZV9IPdqUNJBODpkZQpbnMRe+hjF8FhHP/9y6VDVhtuzVa1f5Lz/6EaAYHh5icmKCSrn8mduOxRyeffbZ0JkqBP0dY8gnz4/VaDQajUaj0Wg0D0YLqxqNRqPRfAaEYSEyw9hnv4E59UX8lQ/wbr2Jf/vPUK2DQ2FVPv7x6Uc7VYNQZBUCEc9gzr+Oeeq/whh+Jjr2r8Wzn3cOqlU2NzfZ2dlBCMnoyAjFQuFzOWZvmiaFYoFYPI5hGARBAEAmk8F5RCEwjUaj0Wg0Go1G8/hoYVWj0Wg0ms8DIRGxHObkFzGKcwSnfgV/6yr+9iLBzm1U7S54PQiOHPS/L49VcVxWVUeyU6M8TWkic6MY5XmM4bPI4iwyN45IlRF2QouqvyBUq1WqtTqe56GUwonFsG3782k8ykOVMtwLUgpsO06pVCQRTzxxc77vD/ppmuaJhcX8IAgLWnG4i6WUx7JZlVIDkVcpxb0cLSDWv+5eoTno3ye69mEO3Hv7bRgnO3aVUnied+ye916rlML3/fvu2x+TUmrwnqPX9sd5tLjXg/oQBAGe5wGHhcnuH7uKCrzdP3cPKsDm+/7gmqM/P7oe/TH15/deHlVMTil1X3tHrz/a7oPa8jzvgevan9MT957vH5v/e9/3oL10Uv9d1x20ZZrmfXsgCAJU9Ot7V/He/dsvxHf0vkf3y9Gx9tfopOcCITCidvvvv3ce7p37/rycRH9f3luUUKPRaDQazdOh/0TVaDQajeZzQhgWJAqIeA6ZG0Xmx5Ej51HVu6iDNVT7gKC1D50aqlNHdRsor4MIfFQQ/U+wEOERfmkgrRjYSUQsDbEMwskgkwVEdhSZn0BkRzFSFZTpIJ7AEav52eO5Hp4b5p0KIfBcFz84WQh5UgLfp9Vq4bouvu+TSCSYm52lXCoRe0zHal9s7Ltqa1ERLNu2KeQLlEolcrksQgiazSY7OztsbG4dCjxC4NgW+VyOUqlMKpWk1+txe2mJVquN64V944iOlMmkOX3qFEop1tbuUqvXKBWLVCoVbNum1+tRq9VYWVmlXC5TOmE8fXFybe0uu3u7tFptlFIkEwlGRoYplUo4jjO4tl6vs7Ozy/bODp7nAgLbthgeGqJUKpFIJPA8j3qjwerqKvF4nHK5TDaTAaDdbrOzs8vW9jZzc7OkkklqtRrLyyv0PBcVBJG5XGCaBtlslmKxSD6XG4h27Xab/f191tc3aHc6KBWE9ymVqVTKOI6D67rs7O6ysbFBr+cOhMA+qVSScrnM8NDQfcLj2toatXqdRDzB9PTU4OeNRoOVlVUARkdHiMViHBwcsLK6OhArgyAUcRPxOMVikVKpRDx+f26z7/us3b3L9vYOQsDIyAiFfJ5YLIbruqyurnJQrQGQy2aYmpo6JgA2m02W7twBBOVyiZHh4UHbnufRqDe4dfs26XSaSqVMNpsFoNvpsrm1yf7BAbMzMyQSCQzDGMzNyuoqe3t7OI7DzPQ0tm3fNz/tdpu9/X22trZoNpsESuHYDplMhqFKhXQ6jWWZtFot7iwv02y18FyXIDiyeQXksllmpqfxg4D19XWqB1VMy2R2ZoZUKoWUklarxe3bt2l3uiQSCUrFIkNDFdbX19nb36fdbuPd81wIKTh35izxRJz9gwNWVlbIZrOMjoyQTCYHgvDtpaXQrZ7P4/k+KysrdDodpDQwDHkozKMwDYMvffGL962jRqPRaDSaJ0cLqxqNRqPRfN4ICVYidJMWZ1FeF9WtoZp7BNV1VHMb1dhGNXbD191uVPAqqvAuDTBsRCyNSBZDN2qqjExVEOkyIpZFmIeCkvao/uJh2Ra2bQ+chvV6nVazNXCyfRZc1+Xu+jqtVhvf90mn07z22i9RKBQfy6WmlKLX67G5ucW169fY2tqi67qYhokKfLLZHJMTE5w6tUA8HqfVarG8ssKly1eIJ+LhdUohpCCbznD2zGkmJibo9Xp8evUq+/sH4RxYUV8UIATlUom52Vl83+f20hLLy8uMjY2SSCTI5XIDcfHSlSs8c+YM6XTqPmHV8zy2tra4eu0ae3t7+EEYmxEEAdVqlbk5j6mpycGc31le5vbt2+ztHyDouw4FOzs7nD1zhuHhYQzDoFat8emnV8lmM8RisYGw2mq1WF1d5eNPP6VcKhKPxdjd2+PipUt4vj9wyvZd55lMhpnpKRzbHoi2W1vb3Lp9i5XVVVDg+T6WZbGe3eDcM2cZHh7G933W19f58OJFBAIr2jvRglEsFrFtm6FK5b71XFldY2VlhXK5zNTU5EB0rNcbfHr1KgDJZAIhJRubm3x48SKGYWL2HbiAFILhoSFmZnvMTE/f5yr1PI/llRU+/fQqSMH5bhfHcXAcZ7Du6xubGIbB1OQE4+PjA4Gz0+2ydvculy5fwfd9zpw+TaVcHjg9gyDgoHrAxcuXyWWznDq1QCKRwDRNut0uq6tr3F6+Q7lcxrbtwftc1+XGjRvcWV4hm8mQy2YplUqD+/Y/PNjY2OD20hJ319cjQTn8rTgWizM9Ocn8/By5XI5ms8nHn3xCtVpDCLCs4w7zkeEhxsbGaLfb3LhxkzvLyyQScVKpFI7jYJomtXqdS1eu0Gg0KZVKnFqYZ2iowsrqKrdvL9FoNnEc55gj2jAks1PTWJbFzvY2H168SC6Xx7ZtHMdBShmO9eZNYo6DaRgESnFneZlqtUoQKLrdLqZhYFoWlmVhmaYWVjUajUaj+ZzQwqpGo9FoND9lhOkgzDIkyxiV0+GLSoHfQ3ldCLzQoGTY4LYRQiJMGwwHDEsf7/8LSC6XI5vNDESgza0t9vb38SMx7rPQ6XT4+ONPqNfrqEh0+8Y3fpVMJv1Y71dKUa1WefOtt9jd26NSqXD+3HkS8Th3lpe5s7LC9s4Otm0xMzOD53n0ej16vR6nTy1QLBRwXZet7R1uLC5imCaO45BOp2k0m3iex8jwMLMz0+H4I3dePBHHsiw8z8N1XXb39qjV60xPTROPxwmUwnU9Op0OvV7vviPrSilarRbvvf8BB9UDJicmmZ6aQqmA9z/4kE+uXqXeaDA2NoppmqysrnLp8hX29vY4e/Ysw5UKoNjY3OTSlY9C56AQjI6M4Ac+7U6HWDx27Ih14Af0er3QaRjFCXR7PRqtJvlslrHxcbKZDJ7nsb9/wO2lJXq9HvFYnPn5OWq1Gp98+ik3FheZmphgZmqKQCmWV1f49No1XNflRSnJ5/P0XJd2p8PUxCQT4+PHnKOxmEM2mz1RlO/2urQ7bTrdzjGXqx/4dDrha57vo4L+WDoszM0xMjIcOYVdrl2/zs1btzioVRkbHT0mYPZdyt1ul1arBUKwubXF5OQkQTYbCe+rtNptEvE4nU73qCGTTrvN4uItDqoHdDodcrksvV5vIBr2YwB6vS63bt9GGmEmcS6XI1ABPbdHp9Ml8A/3g+d5NBoN1jdCx3Xg+9xZXiaTyQwiFoIgoFar8eGlS6yt3WVoqMKZhVNYts3q2ho3bobiqBNzSCaT+EFAvdFACMHE+BjjY2OIIwUCk8kEjm3TqNfpdLu02i38wGdne5tKuYxSoZi9t7dPz+2RSqVwe6FrvdPt0ul2iMdiPP/chej3gPDIvpSCdCaNlALX82g0m+zt7zM+Nko2kyGTyaBUKJ72Jzafy/HsuXM0m022t3e4/NFHDA8NMTExTqlYPNZvjUaj0Wg0nw0trGo0Go1G87NACDCswRH+MJtSgGlzmL9qaFH1LyjZTIbh4WGGhodZv3uXzc1N7ty5w931dSYnJp663V6vx8bmJn/8R3/Ezs4OC/MLvPHVrzIxPn6fw+5BtNtt1tc32N7d5cypBebn5qlUQgdhqVwinU5z89YiFy9fplQqhTmS0kBKg/GxMUZGRpBSMjZWY39/n1azSbVWI53JIITAiTmUSiVmZmZCITASg6QhB6JyXwD0fZ+PP/4YyzIplcuY/bxKIbjXq93Pqmw0GpimRTqdplQqhg49y2J/fx/HiaGUotFosLGxCcAXXnqRhYUFkokESimGhocBwebmJisrK5SKkdP3pEdRcEzMDMejEAjK5TIz09OUikWCIKDd7nBQPaDX69FoNFFKcfPWLarVKuNjY7z65VcisVREcQF54rEYiUQSEKGjFkGlUmF2ZgbbOVxPKeUDM2T7ruij2bGD/E/TJPB9ZP81wmtHRoaZnZnBtCyCIMwc/fTqVbrdUEC/N/8VQCKwLQvbcdjf26fZaIZCbadDEAQ4kUs7WmCAQczCytoaw5Uhmu0W7Xab1dVVJicncRzniIs77OPu7h5Xr17jxRdeOMysjTJPRbRI3W6XO8vLAJTLZWKOFeyzgwAAIABJREFUw+2lO8zOzhKPx5FSDpy0rVabmZlpXnrhBdLpNEJISqUi4+NjbG5uRUJkdJpAQTKZZKgyxNTU1LH57s9vPwfXtmwc22Zra5uZmTa+H3BwcIBhGFjKwjAkqv92BdIwSGcyzM7OHnGshlvdcRy8KP+1v943FxeJx+OcP3fumMNVCDFwybqui2XZfPTxxxQKecbGxhgeGrrv2dFoNBqNRvP0aGFVo9FoNJqfFUKGX/1vAdBZqX8ZcByHZ84+w9d/5Vf4wz/8Q7rdLhcvXWLsT8f4r3/3d0lE4s+T0O12+fjjT/jj7/xnrt+4QbFY5Ctf+SW+/iu/QiIRf+yIgTBzcg/PdalUKoyMDA/ckfF4nMpQha3tbW4s3qTRbJKIxwfilgoUge+HQmKng+u6xGKxQfEdKQ163R47OztcvXoNXylAYVsW2Sijsi+WxeMxctkc27s73F1fJx6PY9kWcDxf9N55nZqa5NbtJW7dukWjUSebyZJMhhmk/azL/f19qtUqjm0zOTFBIZ8fiLqO4zA7M83G5ia1ep1Wq4UhJQIRpRY8YB774psQCClotdtUDw4Ggm+r2aLb7RKPxcmkUyil2NjYwPd9KlFmbP/9jhNGBQgBiUSCbrc7EA03NzcPixdFXSnk84yOjp7odg6FVNjb3ePixUuhGIzgoFql2WqRiMcgElT77VVrdba2dwaC8u7uLn7gk0wmsSzrxL2pUNiOQyGfY2Nzi3a7TaPRoFathWsXFT4L1GGRvkajyfb2Nq1Wi5mXXqTT7rC+scGNmzcpl8uDPNz+OAqFcJ0Wb91iYmKcROJIwb4j4mKj2eTa9etkM2lKpRK9Xo8rH33M3t4eqWSSeDxOt9tlbe0uAqiUy1QqFaSUURGtcJzZTJZUKjlw5xqGQbvTYe3u3bDQVbQX41EG7fDQEP1pdByHfC7H/sEBrXabbrfLwf4+2WyWdruNIY2BwCxkuEa1eo1Pr11DBeFzIaXEsW3m5+cHURWmYVLMF2g2m9xdX2d4aIhUKhXty1AcN00T0zSxTBPbCWMjLMsiEY+Hc6bRaDQajeZzQwurGo1Go9FoNH/OCCGYmZnmV375l/nooytcv36DxcVF/uRP/oThoWGeffY8xUKBWCz2UEG0X7im0Whw9eo1vv+DH/CDH/6AQqHAa6+9yuuvf4VTpxaeKLfV83063S6maRKLxe5zJzq2TTweC4/s93r4tg0iPFq+srZKvdEY5GIGKqBYLJDL58P8UhFmX+7t7eH2egThIHAch5ERl5np6cG44vEEU1OT3FleYXdvj0Q8TjxylT4Ix3E4tbBAs9ViZ3uHO3eWsSybbDbDyMgwoyOjxONxGo0mrufiOA7x+HHRWUpJJipY5Hs+rusiokxRcZLTLzLPiiPCKsD+/gF3jBU2t7bo9np0Oh0cx2F8bIxSqRRFF7QBSN4jfFuWRbFYGHzf7XYH87K7u0uv1zsmrAa+Hxbzcu4vTiYjp2e9ERaAUiikkLQ7HTqdTiSMM+i7QrGxuUGz1QQFfhDQbDRIJpNMTkw+cE8qBaZpksvl2N8/oNlqsr2zw97+HoVCAYGi240iHEQ4lv39fba2tknE41TKZXzfp1qrsnb3Lo3onoK+g1kxVBnCskzurm+wdGeZsdFRAt+P+h9e0+v1qFarrG9s8IWXXmJyYoL9gwMCpdja3BoU1fI8j2azSSKZJObEIrdpwPrGBvV6nSAIkKIvtIbCszQM2s1GKAa3W6DCSIFMJo1hGJGwGs53LBajWCyyt39ArVYDBY1mk3KpxM7uLkLKgVtbhBNCq9liaWkpFFYFSCFJJRNMT09jmmF2sWmajI2OhoJts8Xi4iILCwv4foBlinvWRKH8sJicChQPeXQ0Go1Go9E8JVpY1Wg0Go1Go/kZkE6nuXDhWf7+3/t7/ON/8k/46KOPuHTpEnfvrvN3/s7f4aUXX2B4aIhYLAbc75Ts51ru7u5yY3GRf/1//WsuXbqEE4vx67/+6/zu7/wN5mZnB267x0YpVBA8NIWif2w86Cs1kQB39dr1QWEj0zQZGR5ibnaWoUqFeqMxcHwmEgkqlQpCQKAOHatH24/FYkyMTxBzYizevsWNxUXGx8bx/eDkThEKe6VSiVdfeYWtrS1WV1dZ39hkeWWF5ZUVZqan+cov/RJKHbbxINFZqbCCeigIHz1ufs81fddhX1iN/nFdl/2DKp7rUqvXsEyTV7/8ZRbm50kmk2G+aRBwrAT8kXb7GbIDd2ioMJJKpSiXS6HgHd07m8k8NJtXCIFlmuFR92jB+gW8OOIgjbRJWq1WmBPaatFsNpmemub0winm5+ce6KQOVIAhJel0mkKxQLPZotFsUqvVmBgfp9ls4rpeNOa+SLzD9vY2pVIRICrIFKNWb7C7u0s2m8WOhH0VKMqlEuVSEcMwuXb9OoHv02q1j2WGtlot9vf26XZ7OJaNZVkY0iAei7GyusrQ0BDFYpGonhgqCMLiYoTRE1evXePWrdthbmsQMD83y/PPXcCJxcIEF8Mkk8lQLpdAKfxAkUwkSKdSh+uHwnFsisUid1ZW2Nvbw/M8ut0Oc7Mz1Bv1aNqPZAEAjmNTKZWRMioaJiW2ZR17hoWUDA1VGB4Z5tbt23z0yackk0lct0c8+r3iyMIfxg0cuY9Go9FoNJrPDy2sajQajUaj0fyMiMVinD93jv/xH/5D3nzzLX785pt88skn/MEf/AET4+PMLyxw7plnyOdz2PZhMZ9er8vW1jY3bt7kypXL7O7u4jgxXv/qV/nq66/zpZe/RDGfP8y0fAIsyyIej9NzPdrtNq7rHhPtOt0uzVYbhBhUO0eAbVtcePZZyuUS8VgMx3ZIppKDCu4qigpwHIfx8TEuPPvsoM2+EAtwaKsLC/fMzMxQq9e4eXORRqOJ53snir59B+L6+jqFQoFKpcLQ0BCe57G5ucWlK1eo1mrU6zUymQyO49Dt9mg2m2QymXuq0NcG47ZtOxQ6o/zKo3Oh1KG46gcBitC5q1TAxNgkCwsLGKbB0tISlz/6iGazSafTIZ1OY9s2yWSSRqNOs9k6NpZ2u83m5ia+H4QC3uFEMTk5yZnTp445iU3TxLLtE0XiIBJRS+Uyr7z8Mn1xbX1jg2YrvG+gDsVOgGfOnmV8fJxGo8FP3n6bTrtNq9V6ZHE1ISXxWJzR4RGWV1fZ3d3Fsixy2Szdbq+v2wLQbDap1RvsV6s0mk3+9Ac/REpJs9kkCALW1tcpFouUy+WBk1YIQS6fZ8GyWF5Z5uatxdCpaVlRlIFgd3eX1dUVBHDp8mWu3bgRurqbzVB0Pdin1+3ixBzSqdSg6FbfDXr+3DnGRsfY29vj0uUrA5FbKYXneaTTaWZmppmfm4t2KRjyMB84CAJUoDBMMxTBSyXurq+HMRDxOIVCAXN5mW63d7hG0d7KZrO8+OILR5ZbRNEQDr1eL3w0or02NjxMp9NhY2ODDy9dotFskU6fXKDuUE7V2aoajUaj0XzeaGFVo9FoNBqN5meElJJkMskzZ8+SSWeYn5/jxs1F1u/eZf/ggLt377K9vR3mNgp5RDhTUWEbwdTUNC+99FIoxM7NMz8fFpt6kuP/R4nFYmHBJsNgdXWVRCLB+NgYlmVRrVZZXV3l4OCAifExksnk4Di0EIJKucTo6CiJeAJpyOMxAqEKCTAopnTU/SiEGAhY/ct9PyCZTDA2Fgpdyyur/avv67cQgm63y6dXr5JOp5menmZ8dIx4LM7+/gGgCAIfgGw2SyadYXl/mavXrmHbNplMhiAIqFarfHr1KqjQCZpKJnE9D8OQ1Bt1tra3yefzAOwf7LN/UMWQEtu0wiJQQYAALNsinU6Ry+UwDIOVtTVWVteIOTGSiQSxeJzR0RFu3eqwsbnJxsYG6XQ6PI6+vs5HH39MMpnCccK+HapjKryfZQ1eEkIQ+P4gy/YoKiqmZJomqVRyMOfVWi3MPA2C0KV8ZG2SiSTFQoFsJsuFc+f56OOPWVldJZlKcmrh5GiJflCCYRgUCgXurCzTarXIZDLkcjl2dvcIAh9FKLLv7OxQq9VIJhIDZ7UQ0G532N3bZWtri739fQqFQlTMTxCoUEQtFArMTM9wc/EmjWaDQj6PISWu67K7u0e1Vmd6aopCIY9tOwRBQKfb4dat2+zu7rGzu0elUmZ6aoobi4tsbIau5lKxSCqZJAgC6rUaSgUEKhjMc19Il0JimRZHaq8BoeO1L/AaUoZxAIUCm5tbdLpdCvl8+MwgCPwgylIlaiS00PYLjB2d48O1idzMvo9t24wMDzM1NcWnV6/ieX7UxHFX6nGXtXasajQajUbzeaOFVY1Go9FoNJqfMfF4nIWFeaanp3j5Sy+ztrbG7aUlVlZW2N7ZplFv4Ad+KF0JsEyLTDbD6MgIc7NzTM9MU8jnSSQST370/x5ijkOlXGZyYoJqrcbNmzfDfFDbZntnh/WNDUzT5MypU6RTKRqNJhCKxP3MUid2f9anECIU8nyfvb19bt26hTSMgeMz5sQYGqqgVFiFXkbCkpSSkeFhDg4O2NraxvW8vs52X/uGYaAULC+v4Lou3W4X27JZX19HKUU2kyGRSJBIJBgeGgrdjWt3ScTjZLNZgij3c3Nzk9HRUUaGh3EcB8M0KZdKbO/ssHTnTnQMH1bX1mi1WgwPDZNIhAXHhJRIaQx+HYvFKJfLzM/OcvXadZZXViiXSoxPjDMxNjbIA/306lWKhQKe77O5ucnm5hazc6lBtAKAYUh2d3e5dXsJx7FDB2iUUZvLZikUCvcd1e/Pe1+4PirY9QW8QYaoDL/63ycScU4tLHB3Y4O9vT1u377N+NgY8XuKq/ULdgkpEVKQyaRxHAfLtkmnUqRSKUzTAMJYhSAIouzZLmNjo1x49lkMQwKCVqvF6toqFy9dplqtDoqHDe4XFYs6tTDP7t4u7U4HKeTA7Vqr1xBS8MzZM5TLZWzbQamAdrtNrVqj2WyyubnJ8PAQU1NT7O7vsbu3x7Vr16gODWNZFo1mg+3dnYHgHnOcSDSWoVt8ewvTNI8Iq4JEPE6pVEQaBqZhYMjwv4V8HssyCQKbXC5HPB6PBPDQkR3ucYEQkna7zc3FxVBcJRSSpTQYHqpg2zZCyPCZieY8n88zNzPL6uoajUbjPkGWyAkro3V52g9bNBqNRqPRPBgtrGo0Go1Go9H8nNAvWlQsFrhw4VmCICAIAjzPO1a0yTCMSNj5/MUSwzQplkp8+ZWXefudd1leWWXpzjKWZdFut8lls8zPzXH27Fksy6LVaoVH5i37WNblvQghiMfjNFstlleWWV5ZPpbRWiwUeO3VL5NMJsOq5pY5EJ7S6TTDw8OMjI6wubV1ongso3zPL33xC7z5k59we+kOd5ZXME2TVrsVuvsmJ0mn00gpmZqcxHNdLl6+zMXLlzEMEwiPe5eKJZ555iwT4+NIw8A2DE4tLNDruSzducP6+gYQFvoqFYu8+MLzg3alkFi2hRGtD4Ri9bPnz7O3v8/e3j6Lt28zMjJMpVJhrtul3elw8fJl4rFYKH5KSbFU4sL585RKJdrtNtI0sCyLO8srLK+sDryHQRD24fSpU+RyufuEVdM0sG17sF/6ayGlxIqOr0tpDIRpy7KRhhx8n86kOTU/x0efdNne2WFnZ4ehI9m/h/cJ1wwgmQwjILKZNOVyKRSnDRPbsog5Tugs3dvDcRxmZ2aOxR2kUylsy+LGzUXa7TaNRgPDNAdZoyI6dj8yMsLoyAjNZiuaa8nBwQHtTodMJsPc3ByxWGwwH57nMTU5we07d9ja3kYpxdBQhYW5eTz3Ktdu3GDx1m2kDAtWIQQjQ0PMTE2Rz+ep1WrEnBj7Bwdcv3GT6zduHnGyKkZHRnj1lVcwDXMQTSClJJfLkUgkicXilEthNq5phdcYZriPzWhstVqNH7/51pHnQiENg9dfe42RkREMQ2LbFmbkao3H41QqFeZnZ7l1+zaGIU8Q1uWgfS2sajQajUbz+SPUw0qrajQajUaj0Wg0Go1Go9FoNBrNXzBqtRoAH3744RO/94UXwlz0B9sKNBqNRqPRaDQajUaj0Wg0Go1GcyJaWNVoNBqNRqPRaDQajUaj0Wg0midEC6sajUaj0Wg0Go1Go9FoNBqNRvOEaGFVo9FoNBqNRqPRaDQajUaj0WieEC2sajT/P3t3HifHfdf5/13V3XNodN+HZUm+jzg+EojMKXMkuxBiExKQebDLsSyEY1k2LIvNkcdyRSYEFljIsiQ/yCYBK+SyYhKIkxDntEJsy44vSZaswzpGI2k099HdVfX7o7uqvvWtb/VMSzMaafx65jGPme6q+ta3vlU9zrz1qW8BAAAAAAAAbSJYBQAAAAAAAIA2EawCAAAAAAAAQJsIVgEAAAAAAACgTQSrAAAAAAAAANAmglUAAAAAAAAAaBPBKgAAAAAAAAC0iWAVAAAAAAAAANpEsAoAAAAAAAAAbSJYBQAAAAAAAIA2EawCAAAAAAAAQJsIVgEAAAAAAACgTQSrAAAAAAAAANAmglUAAAAAAAAAaBPBKgAAAAAAAAC0iWAVAAAAAAAAANpEsAoAAAAAAAAAbSJYBQAAAAAAAIA2EawCAAAAAAAAQJsIVgEAAAAAAACgTQSrAAAAAAAAANAmglUAAAAAAAAAaBPBKgAAAAAAAAC0iWAVAAAAAAAAANpEsAoAAAAAAAAAbSJYBQAAAAAAAIA2EawCAAAAAAAAQJsIVgEAAAAAAACgTQSrAAAAAAAAANAmglUAAAAAAAAAaBPBKgAAAAAAAAC0iWAVAAAAAAAAANpEsAoAAAAAAAAAbSJYBQAAAAAAAIA2EawCAAAAAAAAQJsIVgEAAAAAAACgTQSrAAAAAAAAANAmglUAAAAAAAAAaBPBKgAAAAAAAAC0iWAVAAAAAAAAANpEsAoAAAAAAAAAbSJYBQAAAAAAAIA2EawCAAAAAAAAQJsIVgEAAAAAAACgTQSrAAAAAAAAANAmglUAAAAAAAAAaBPBKgAAAAAAAAC0iWAVAAAAAAAAANpEsAoAAAAAAAAAbSJYBQAAAAAAAIA2EawCAAAAAAAAQJsIVgEAAAAAAACgTQSrAAAAAAAAANAmglUAAAAAAAAAaBPBKgAAAAAAAAC0iWAVAAAAAAAAANpEsAoAAAAAAAAAbSJYBQAAAAAAAIA2EawCAAAAAAAAQJsIVgEAAAAAAACgTQSrAAAAAAAAANAmglUAAAAAAAAAaBPBKgAAAAAAAAC0iWAVAAAAAAAAANpEsAoAAAAAAAAAbSJYBQAAAAAAAIA2EawCAAAAAAAAQJsIVgEAAAAAAACgTQSrAAAAAAAAANAmglUAAAAAAAAAaBPBKgAAAAAAAAC0iWAVAAAAAAAAANpEsAoAAAAAAAAAbSJYBQAAAAAAAIA2EawCAAAAAAAAQJsIVgEAAAAAAACgTQSrAAAAAAAAANAmglUAAAAAAAAAaBPBKgAAAAAAAAC0iWAVAAAAAAAAANpEsAoAAAAAAAAAbSJYBQAAAAAAAIA2EawCAAAAAAAAQJsIVgEAAAAAAACgTQSrAAAAAAAAANAmglUAAAAAAAAAaBPBKgAAAAAAAAC0iWAVAAAAAAAAANpEsAoAAAAAAAAAbSJYBQAAAAAAAIA2EawCAAAAAAAAQJsIVgEAAAAAAACgTQSrAAAAAAAAANAmglUAAAAAAAAAaBPBKgAAAAAAAAC0iWAVAAAAAAAAANpEsAoAAAAAAAAAbSJYBQAAAAAAAIA2EawCADDDomBCYXVAwUSv6qOHVRvep+rA05o8+3VNnP6iJvq+oMmzj6l6bo9qQ8+rPvqSgvGTCqr9Cutjc919YBp6pXs86YHdjmW7Jc+T7tmZfXvnPY33XZu8ojXH0jVmLhcyjr07G9s6z9uUGzf6ubPXvfiB5jHYX/PqfBdc27Oyqwca+yoa79Ybn2c/dzuuD+P69DzJu0cyuxRfj65lstd7oM3+AABw6SvPdQcAALhchPVRhdV+hdWzCqv9Cqr9imoDCoNxRcGEFEwoCidmZmd+hzy/S16pS16pW355kfyO5fI7VqjU2fjuV5bMzL6Adu1+v7RL0n1b57onl7/eRxtjKUm7dkq926W1c9qjC3C3dPKhZv97pXvWSXfeY7yHS9buB6Q778+/v/NtjevzsUjaqkZAuq55TrVTuneXtOMx6b7NjfO97gEpui/fzrbtku6Vdv6UtJ2LAQAwfxCsAgDQFEWhovqwwupZBZNpgBpWzyqo9kvh5MXrTFhVFFYV1YckSYFrHa+chq3N737HcvmdjdDV80oXr794ZXn0fkk7GkELLsyjzarCHTuk+++XHu2dveBp7XYp2j47bed3Jt23Q9o1y8cEh61SFE1/9Z33NALSu++Wdu3KLtv+kGReMpu3SorPqXU9bZW0a3ejatU+3Wu3SXdL2vloYzsAAOYJpgIAALyi1cePa+LMVzRy5AMaeuEPNLTvjzRy6H0aP/FxTZ75ompDzyiYOCGFE5KiS+srqimcPKX68POaPPsVjZ/cpdEjf6fh/e/W4HO/o6EX/1yjL/+jJs98VcFE3+wOJF5Bdkv3S9qx7cKaiW9L9wpug3+gYFlyO3vzVmnvAeO9ncZty61uWTZusU5uud6ZvaV5t/nauoW5qG+2KW/n7pV27pK0Q7qvOZ47H7UbKe6Hecu32aedu7O3b8d3dttTAcRjYh77bN7mXnQOplpWdK3Y4xu/To7BurXdbse85T3ef3xd2WPkedLOw9M7vsLpD3Zn9585n73Za/ewY7vpnmd7KoDpnOcHT0p/PY3A81FHVWvc/92S7i6quF7bDF53Fk8XAADAZYhgFQDwilIfP6GJM1/R6JEPauC539XIgb/SxMlPqz60t3E7/yWQl87UVzhxSrWBpzR+8lMafvHPNLTvTzV2/JOqDb2gKKzO9NDilaK3mfhs3nwhjUhvu1e6+8FGZd1jO6Rd96YB2QOedP/d0slIih5rLLPnBb1fjW3N247vPyw9FEknH5S0S3p/c5vdDzQq8h6LGtvskHTv26zgVWlftEu687Dx+v50/9Pp27SHoTkNwI5tkrY2+mUHTw/cqcYt9pEUbWsch23XTumnmv2RpHvvlO4zXt85xdyWhzc3jvXBuxvHMyPzovZKD9zf6Pu2ta3PQW/zlvIHTzrOT4trZWszjD7cvCYPNzu+q/l6dzOk3ra1sY919zZuW4+aY3P/nY4geVtj+X1b037F2+hCQude6Z470+M4+aAy15V5y33019JOR4A5W+d5+0PTqyje/UDjcxef03SB5K2T9KD0UItwdvPdknZZoTEAAJc3glUAwLwVRWESpI4c/qAGn/s9jRz4S02c/LRqQy9c3Fv7LwFh9Yyq/bs1euSDGnz+9zXy0vs00feo6mPHFEXhXHcPl4vDM5iK7Lq3UZ23+b5G4LN9rZKK2KTyrRk43m9VcroqZuP31jZD393Nvm5ttn+4WbnnKrrb2twmDozjtjIB8jT7lrRpHpdDPA3AtuacCtuaoe6jcbLq2N+Dd7t21Fy+uXG7dTJNQ/x6CvH+Nze/Hz7fksJd0rq4gnKdtMuYc3U65+DedY2g875Iiqx5WZ3Xijn+cfWvJN3fCA0P75Z0t7RZzbG+W/qpeP6K5ljaQfY2Y34L+/xsd8wdatr+UKNvziky1jZC/4c2N45/3b3GMqNyeWtz3ft2ONqYw/NszsG64z6rKrU59cD2na0rdi/4+gIA4NJDsAoAmHfqo4c1duKTGty7Q8MH/rfGT35KteHnFYbjivhf439RXbXRgxo/9RkNH/wrDb7whxo5+g+a7P+GwurAXJ9CzHtmcGSEcWYgs+ve9Lbl+yVp9/nfQhzfIn7v1rQi0tZOBe6M9M0O04w+xNMBxNXBW6fo290XUj08k+LK2vjLCEdbnYO129PXydjG1ZdTXCvbmhXFO5vVvw8+2Hj/8O7G+Mah9GFHpW/cZtG/FRzepSSYvWDxrf53NipzTz5o7qjR96nO41yd596dxoOtdhQ/tG5bs1r10RkpeQYA4LJAsAoAmBfq4yc0dvJfNPjCuzR88P9q8sxjimojc347/uXyFdXHVBt4RmPHPq7BvX+koRf/UhNnvqqwPnLe5wSvVNOsnosrGM2QzbyVOb5l2hXStevR5i3pJ6eoOJyumehbPA2A7k9D2riKMa6itCtvL2dTnYP74rFs3tZu3ibf6lqJpwPY2axI3dYMae+9szG+2+PK46KLskVwOpO3rifTPjzmqGBufmZ2XYrnebdRXbsjO/VGkQuaJgQAgMsLwSoA4LIVTPRpvPcRDe59t4Zf/AtNnn5UYa1fc55SzoOvYPyYxk88rMHn36nhQ3+n6sDTisJa2+cI89CUoclaabs9V6ddnWk9XOe+k41g6e7Nys81utv9sJ22NQOy3p3u29Cnpc2+tXp4VXybeTyvaPz1YDPMe7TXvT/XHKuXjYJzkBmnrWk15+bNan2tSOkY7VJyq3wSohpzgW7brsy8u/FYFj5sSfkKzJ1TzGE65cOrlIbk7zenAmh+ZuIpDJL5aS8ByTE7QnH7+n7/vcrPv2qI58DdfL7/QgIAwKWnPNcdAACgHcHkGVUHnlZ14GmFkzzpfvaFqg/vU314n+R3qmPJLepYdrvKPVvkefz77CtSXEV5+LAKE6ntD0m6R7rTM940q922NioTvTslz6yGawZZ90WSvMZt3/GyVg/Fmcp9zQcVxf3ZsUO6//7zq0Sckb7FQbMjhIoDwJ2PStu3N4LE3eua+9vRCF4vx3C11TnYep/0mKQ710nJ5RBXdq5tfa1IaWVpPC9uPIZmaLp2u3RS0ro701B3x2PFt7XH2zx2WLqzuc2DzYeinY+126UHd0r33ts4jrt3SHff3wxatzY+M4e95vjcLT24Q9o11+GqOW/tLuOaV+MfBLbfJz0dJG/AAAAgAElEQVS4uzE37r1SI3xtUb09o1MrAABwafCiKIrmuhMAALQS1gZV7d+j6sA3FUycmOvuQJJXWaLOZberY9lrVOpaNdfdwcX2gCfdP83bgjFP9Er3rJO2n5zeE+SBjOb1owcv7B9JAACYQUNDQ5KkPXv2tL3t7bffLomKVQDAJSwKa5rsf1wTp7+osHpurrsDQ1Qb0HjfFzRx5jF1rtyqrlXfJb/cM9fdwsWybYeSBzaRsQGYSjzH7IPb5ronAADMKCpWAQCXnCiY1MSZr2nizFcU8fCky4NfUefy16lr1Xeq1LF0rnuDWdesPts6xa3UACA15p+9dytV7gCAS8pMVKwSrAIALhlhfVQTp7+qyTNfUxSMzXV3cF58dSy/Q92rt6nUtXquOwMAAAAATkwFAACYF4LqgCZOf0mTZ78u8eT5y1yoav/jqvY/ocqSm9W95i6VF2yc604BAAAAwIwjWAUAzJlgok/jfY+q2v+kpHCuu4MZFak2+Kxqg8+qvPAada+5S5VF1851pwAAAABgxhCsAgAuujAY1/iJf9bkmd2S5s+MNPXqpMJ6TWFQV1ivZ78H9WSZokheqaxSuSy/VJZfrjS/W6+b713u6sMvanj4RZUXXq2eK9+iUufKue4SAAAAAFywy/+vNQDAZSOKQlXPPaXR4/+kqD48191pWxSFqo6OaHJkSJMjg82vxs9hrTor+/T8kjoXLm5+LVHnoiXqXLhEHT2L5ZdKs7LP2VIbOaiBF96t7jV3qXv1XfJKHXPdJQAAAAA4bwSrAICLoj7eq9GXP6r66JG57sq0TAwPamKwPxugDg9c9H5EYaCJoXOaGDqXW9axYGEjZG0Grl2Ll2rB0ku8GjQKNN77OU2e/YZ6Nr5ZHUtumuseAQAAAMB5IVgFAMyqMBjX+MnPaqLvK7qU51GdGB7QaH+fRs+e0lh/n+qTE/mVPO/id6yF6vioquOj0ukTyXueX1L30hVasGyVFixbqZ7lq1WqXHqVoWF1QMMH/1aVxTeq58o3q9SxbK67BAAAAABtIVgFAMyayf4nNHrs0rztf1pBarvK3fJKXfJKnVJ5gVRaIK/cJS9+v9wtr9ItyVdUH1NYn1BUH5eCCSmYUFSfkOpjioJxqT6uqD7WdheiMNBYf5/G+vuS9zoXLtGC5au0aPUGLVy5Vn7p0vnPf23oBQ089y4tWPf96lr9nfL8ylx3CQAAAACm5dL5ywoAMG8EE2c0cvQjqo8cmOuuZEwOD2rgxBENnTyq6mg27PU0jWrUUqf8Bevk92yQ37NOpYXrVVp4hUo96+V1r5RnVLSGYaM61/f9XDNhGCqKInme13K5JEXVQWmsV8HoCQUjxxWMHFc4elzh6AlpmsFrdWRI1ZEhDRw9KM8vqWflGi1avUGLVq9XpXvBtNqYVVFVYyc+pYkzu7Xwyreqsvjaue4RAAAAAEzJi+K/3AAAuEBRMKmx3n/V+KkvSFEw192R1LhdfvD4IQ2dPKLJkaFpb+cvuUal5a9WeckWlRdukN+zXupYIvM/m0XBqLk8DlujKEq2jUPXUqmUCWPNdYq2N0NX1UYUjfeqPnJcwfAxhYP7FJzbp6g2/Qrh7qUrtXTDFi1ev0ml8qVRLdqx7Fb1XPFDTA8AAAAAYNYMDTX+PtyzZ0/b295+++2SCFYBADMkrA1p+NCDqg3vn+uuqDYxpqGTRzV48qgmBvunsYUvf+k1Kq+4VeWVr1bHylfJK3dn1rCrTItC03i5HbiGYZgJRc31XMtc7duha7zM7mMwdkrBuf0KBp5XeO55BUNHpLDWcgQ8v6RFazZoyfrNWrhyrbwWgfHF4Hes0KKr/oMqPRvntB8AAAAA5ieCVQDAJaE2/JKGXnq/ovrInPWhPjnRCFN7X9b4uTNTrO2ptPRqlVe9Rh0rXy1v6Q1SqauxxApOXYGmHZy6AtP4Zykbfsbvt6pE9TxPpVIpWW4Gr67Q1W5Hyk5BUOvfp+rJryoYfFHB6an/T0Opo1NL1l2ppRuvUteipVOuP3t89VzxRnWv2TaHfQAAAAAwHxGsAgDmVBQFGj/5OY2deETSxf/PSVCraqi3EaaaD2sqUlp6nTqvfL06N3yXvOZt/WZgGd+ab4ajmVvvpcx6dugaL4+DWVdgGi+TlL+137FOHKoWibc39xGLokhBEGTaj+rjCs7sUbV3t+p9X5dqrcPwzkVLtHT9Zi1et0mVzu6W686WjqWv0sLN2+WXL4H5YAEAAADMCwSrAIA5E0ye0/ChD6o+cuii7zuKIg2fOq6zh/ZqYuhcy3X9ng2qbHy9OjfeJb97VeF6RZWokjIVqOaXHczG28e399uBpz0na1Elqhnq2sGr2ZYZuroqVc3tXQ/MisJA1VPfUO3lR1Tv+4YU1gvHp9zZrRWbr9PSjVfLb1bTXkx+ZakWXfUTqiy6+qLvGwAAAMD8Q7AKAJgT1cG9Gn7pA4qC8Yu63ygMNXjiiM4e2qvqWHGlpde1QpUN36PKhm3yF23KVaNKaRBphpnTuf2/6GFVZtuS40FUfj5UjUL3g6rM7V2Baby9q9rV3DYIglxwGy+3K1lVH1ft5JdVO/oZBQP7Cse21NGp5Zuu07KNV6lU6Shcb3Z4WrD+Depe9/3yvLmdAxYAAADA5Y1gFQBwUUVhXaPHP63xU1+4qPsN63UNHH9J/YdfVH2yIMwtL1DH+u9Wx5Xfr/KyG5JAslQqTWtO1PjLnrt0ytC1GZh6MpZb0yJ4ckwPYKwTbxvv194+MxZGIOs6jjhwdVW6mm24KlnjeV2D0V5NHP28ai//i6IJ93y1frmspRuv1vIrr1W5s6uwv7Ohsvh6Ld7y4/Iriy/qfgEAAADMHwSrAICLJpg4raGD/0/1sWMXb5+1qvqPHtC5lw8qrFWd63iVherY8iZ1XfXD8io9mQrPotvrzSDRXM9cJ2nDqjSVmqFrJMmTfM/PVYOa3+2pA5IvRUmg6nqYVdGcqZGiXLWryQxWndsblayttlcUKYoC1U9+RbWDH1Y4etw9/r6vJes3a/mma9WxYKFzndnglRdq8TU/rQ6mBgAAAABwHghWAQAXRW3kiAZffK+ieusHHc2UKIo0cPyQTh94TmG95lzH61ymzqt+RJ2bf1BeKX9LumvOVDNkjJeXHPOFep7XCFSt0NQOK10Po7JvzTf3OdU6rodhmfszq1Dt4NUOXc1w2Jzv1QxXzTlX40A1fj9uPx7Dyd6vq3pgp4KB/bn+NTuiZRuv1sqrblSpXHGvM+N8Ldz0FnWv/raLtD8AAAAA88VMBKvlGe0RAGDeqQ7t1+CL75NCd8XoTBsf7NepF/ZocmRQkuRZy70Fa9Vx9VtUueL7VC43AlXXw53i0NQONs3ANQ5Q42rSeLlZSZo86CmKMiGsGcq65jG1H1TlYvYtDjbt7c1Q1Fzfnp4g3t73fUVeJL8UP6AqylXr2m2Z41fU58rqb1F51WtVO/usagcfVHj2mewKUaSBowc03PuyVl37Ki1ee2Vu7GdeqJEj/6gomNCCdd8zy/sCAAAAgCwqVgEAhSbOPqHhl/5eioJZ31d9ckKnDzyrod6Xncv9xZtVuepHVV777ZlQ0/WQKfMWf1NSYeq4vV9q3NYfv+96mJT5vjlnqosZkEr5h2XZbdu35rv2bc+pGi+zv+z92tMHmPsyH5JlP9DKbCOo19PtPE/B4IuqHfgHBaf3SI45YbuWLNfaG25X58KLMw9q99q7tPDKey7KvgAAAABc/pgKAAAwa8b7vqbhwx+e9f1EUaSBlw/q7KG9CoN6brnXsUQd1/+kyuvualSaNgNVs1rTfF0ul5PQ06z4NOdUNas94z7EbRRND5D0xwhMzXlTXbf9m8c41TqtxqfVf6rNalW7n2bYaj4wK4oiRWHabhAEmakB4nUk5aYIiNuOA+ha/35NPP8ehYMH8p3zPC294iqt2HLDRZkeoGvVnVq06a3y/OLzBwAAAAASwSoAYJaMnvy8Rl/eNev7GR/s16l9T6s6MpRf6JVV2fRGVa7eLq/c5QxEpew8p/E6rmpUz/dULpWT6QFcYadrztT4/fh7q2A0+7AsT2GYrSJt9C27fRjmq0zN/zS3ClbtKtW4DTNsbbVtGIYKwkBBPXD2IQxD1ZuVqq524vfDMFTt5c+pduCDUi1/LksdnVp19U1atHbjrE8P0LH0Zi3c8pN64smndfr06VndFwCgYcWKFZKknp4ebd68WYsXX5y7FQAAuBAEqwCAGRVFoUaOflLjvf86q/upVyd0+sDzGj51zLm8tOJWddz48/J71iVBZRyIuuYujZeXjGrWZJnvqeSXnPOtxuvat//bt9nbgav9MKk01J1+aBiGcdhavI0dusbrmoGta35Xc2qBolDUDF/DKMzczR8/3MquVjXHKgiCJHRVFEmeJwXjmtz/D6of/ZSc0wMsXqbV192irkVLpz1O56Oy6FotufanNXbiU6qPHXeuEx9POjaRJK9xLPZrT83309fJ22mLMt/JtR+PUfzwMUXy5JhKItlN5Gg/cwD518YG5u685v7MZhr7N3ttLLf2nxy+sULj+OL1msdhjpOsccy1n+43Ow7Taz/f/6JxiMxhz/bDfp0d8Nw4ucY91769/2T83OOStG9dH/nr0R7O/DhN1b5r6pLseTBPX5Qud1yPpc5F6lq6xdEvFXCPe1H7rmbT69T8HKbXh+cYLnc/Cj4o5nLXODnbj8yt0s9Rwe7y4+Bur+Bj42h/er+P8gNb8Psod7236mf2PJS7lqo+OawwKutcxw264ro7tX79+qIGAAC4JBCsAgBmTBQGGjr4QU32Pzmr+xkfOKuTzz2uoDaZW+Z1LlPHzb+s0so7kpDQvDXfDlXNQNWeN9V+AFVRJWu8D7sKVkrDiHZDU5dGX3xFUXEVaTvCMA1PzQdsxd9dgap9e3/RnKxBGCgK03DVrqA137fDZUmqnXtRk8//tcLB/a6B0MqrbtKyjVdf8Bi0Uupep2U3/qIm+r6o6tABd2hTFOoUhpbF4Wom9HGEq7lQSNlQ0ZXt5EPE1mGqI12x3s6lfdmXBeGt1Z3c/pJwywyrphGuZkPegpB7GuFtLnxrEa66QuaifqVL7ZA5/7nKtN8iXM2M05ThZ3Yc8sPp2H7K9h3hYOY8mMObPYDkOvZ8LVh5Y37KjWmHq+5wsyhczTdvj0vzOC8oXDV37A4j8/9YkV3f7F+uuWl8Tqf9OVHR75PWIbTzF2Dmc3Q+4Wq6w8w/xvhljVS2aOW130u4CgC4pBGsAgBmRBhMaujA36k68Nys7SOKQvUfOaD+w66wraTy5h9Wx9VvkVfqbLzluMXfDD/j90rlkkp+KRcumm24QtXsbfvpg6jyoer0AtU4OJ1J5xPCmtWsU1WqFt3eHwRBEq66liWVrgUP04rXqx//V9VedE8P0LNyjdZcf6tKlY62jq8dpc6VWnrjf1F14GlN9mf/z5IZquYW5FZUGkJMs0KsnYpVVwhjhmSu0La4n1ZvXGGiHYKYy5PmHBWrzrDy/EJVs19UrDaXz3LFquu0ZM9Dfpxc//jQsWiDKgtWFPRLBdzjnv/Hh+JmXWHhzFSs5vvl/Bw528+Hqq12VxyqOvZfEKpmVnCEqrnlbYaqBQ227Gdy/ozt/HKnTvs36MbXvl6LFi0qaggAgDlFsAoAuGBhfUznXniP6qNHZm0ftYlxnXrhSU0MncstKy2/Wd2v/q9S1+pMSGfe+m/fxh+/Vy6XM8vi7e0wtdWDqqZTjZrdd3vhqf2Qq5kyndA1NIJRe+oA8/10/XxgGkWRIjW3C6NMuJrdV5hdFm9fH1PtwIdUP/ZZKcpuU+7s0tqbXzurUwP4HUu19Pq3qT70nCYHns0sc4VGyYLcikpTA0e46go/qVjNHVDBSypWk+WXeMVqpXu5OhZvzG5otjOtMM4VblKxOu3PiYp+n7QOodsJV13DkZe/PrKfE6kellS94s265ZZbihoBAGBOzUSwWp7RHgEALitRGGhg/3tVHz08a/sY6z+t3r17FNbrjb9KY15ZnTf/kjo3fo+kRjBnV6m6AtW4SrVcKuceNGXf+m/PmZppozR1QHqhVah2qFr04KbzCVw9z88MpytozQbGXhK0FlWymqGz+RWGoYLm/3z5zbb9zHb2sSUhd+cilW7+BdU3fJ8mn9qhaDIN1+vVSR176mtaseUGLd2wuXB8LkRYPafB/e/Vspt/VWF9RLWRw83+paGqZIYIRamkHfbZWZcVUlghmV2RmKtYzWVp06xYLQhrzHDDFarO14rVVqFqep6MDdoIVZP27XEy228RqkqtQ095BaGq2V/rhNgVq63bd11nVhhoXk/Kfk5Kle4ZCFWVWfFyrVhNd2OHmvbvE9kXaItxml6oGr8uClVzy9sMVR2LHQp+nzRf18bOqTp2VkF1XONLX1/UCAAA88LM3rMIALhsRFGowYMfUG3oxdlpPwx15qUXdPLZbyiq1+VJyZe/YK16vv1/ZUJVKa00jStR7YC0VCqpUqmoUq4ky80wNa5ibb19OQlV3aFrKfmaqVA1fm3eot8qyGz15drHVO+ZfN9XpVJujkMpNz6usYvPSblUll/yk3lt4/XtaRbicxG3I0n+4qvV8bo/lb/ijsy14EWR+l96QSef+Ybq1fy8uzMhmDyjcy/8lbrX/juVulY3xykOSxpjlYyYPXae1wwPmilD83XydrxaJv5Jz3f2gWdR0n4Smnpe2nzckShdv7Ge2b7VT894bXQo/7axwDruzPJkO2t59vAay5vtxKFM2q/syOQ6FpndT8fBXCHXvnUe4v3l9maPg+cloVi8v8wAWf2yhsEY/+y4mOOUad9xHqJkO2OclL5Olkf5ccifZ2XHwfPaaN+6ziTrPJjLvfRbJPl+SZ1LNhnDkxso5/hlV4i/ZT8n8XG7Ns9fRfbn0BgH8/gK5S5kq9+e65vx+yL7fnIcmf5ZzUV2Q44DleS+cOKX2c9ZZhxcu7HGKT+w1u8ru33rOsnL/z4Jw7omB49q6NjjGjuzX7XRMyp1LjqvfzgEAOByQsUqALxCDR/+uCbPPDErbdfGR9W7d4+qo0O5P8zK679bXTf/UjKXqiRnlar5FT+cKp5L1fWwqSTAsypVXfOk2rf2T6dQ0t6fpNwfjK5A07VdO+wpBIoqQ+3jiH82K1ntcWi89pIHYUVRlJyDeNoASZllnucp9MKksikMQ3lhdvxj8fQAsVLnYpVf89uqHvm06gfeL4X1ZNn44Bkde/LLWnPDHepesrztcZpKMHZSA/vfp6XX/yeNHH5QQXXIqPQzK8zsSry44suulEvDjMb2VgUYFavZA8rtP90vFavp9XGpVqx2LNksv9RpDE9uoJzjl10h/ub+nLg2N5vNfA6oWJV5QvOfutwJtobB+n1lt9/G+ayOnVF15LSCiUFju8by2kiv+vv7ixoBAGBeoGIVAF6BRo9/RuO9X1Djj6OZ/ZoYHtCxpx9TdXRYjb+wml9+pzpv/Q11v/rt8kqdmdDNDFXtKtMkdPX8aYeqjQrLkkol9/ypZsVoGAaKrLk/XczqUruNmGv+UnPeUnP+0qJl9le8T7MStSjYdWkErsWBbvywK3M/8c++7yd9tYPukl9Kqpvs82WfI7vtjk0/oK7XvVte1yqZ10hQq+nEM/+mod6jmo1rsza0T0MHPqieTT/WCImidCzTCjNrrKhYzRx+0gwVq+7252HFaufiTSp3LrKGJzdQzvHLrhB/y35OqFiNuS6c+OWlV7FaGz2jkd5vavzMQQWTQ5nrx5u6AQAA5g0qVgHgFWb89Dc0cvSTs9P2YL9OPve4IuvBRl7PBnXd/lsqL1wvKXvrv3mruflaavxxZlaqmsvi7eP10mC2+A85M5BsBH3n9++L9ryi8c/2vKPmPu3929vb69r7M9uwA92pmNWs9lyscdWqKa5glZSb59YMhmOBApXUuPU/XicIAmMffuacS5K3aJM6t/4vVZ9/j8K+x8yj1ekDzyms17X0ii3TPsbpmjz3jPyXP62FW35cI4c+pDCoNvca794aVypWM4ef7p6KVWf786xitWPxRpW7lzoqSnMD5Ry/7ArxN/fnxLW52Wzmc0DFqswTmv/U5U6wNQzW7yu7/YLzGQY1VYdOqDrapygM8r9PjNf2SAEAMF8RrALAK8hE/zMafPEDs9L2yJle9b34zfQv0KbyFd+vjut/VqVyR/KeGZKaX3E1pCTJUyZQNdePFQWq8UOazPfMIHXqqqZ0G5s9Z6pZiRkvd4Wm9rZm6DZVBarr9v+iaQemCl3jkNX1sKtYY9z83BQA8frx+2ZFceRHitQMZEMl5zLujz0PqySp1KXyzb+qaMWrVdv3t1KUTg1w9sh+1WtVLd90XWHgfL7Ger8kr9yjnivfqtEjH1YY1tMMwU5nzFI147tnZRZpKNF4x7w+ku8yto9DL88KhZJCM2u9TGhm9ivuQPa1l1st3r/dvt3/eDtreVH/klAse3x2HJbpWPwrwuhXen2l4yd7/KLs+MkRrqbrpf2MMucrOw52v+wwKRtuG+0b45Rp396/tV3uOsldB9lxcFxomRNiVvROr33j9Mh1HuLlnjoXbVC5e3l2HJPhyQ3UFOGqOSAtzrO1uZfdOned5a+TqcJV+3q0w0frOk3Os/VrwBoHu392c0Wf06z85yR9mf09kBsHezf25zE3sNnPaa59L9v/MJjU5NAJVUf60h2Zw2WOv2RdxwAAzG8EqwDwClEdPqyBfe+VFEy5brsGTxxR/+F92T+hPE+V639GlY0/kAtD7aA0eYiS3wzqlH9okx2qpg9Iygd2rjlVzerU+Nb/NGh1B5tTVYXaFat26Goeb1HAam7fKkC0wxzXe67K1+KwtriK1WSHqmYFq12FGoZhI/AqS1GtcUzlcjkTyMbVrI11pZLvS+u/T+rZpOCbOxTVRpJ9D504rGByQiuvvVm+Xyocm/MxeuzT8isLtWDDmzT68ifSUNEehySUaIYERuWfmVVQsWr2Kzsyro6Z/aJiNb0+LpWK1Y6F61TuXmGEiVSsvhIrVsN6VRMDL6s2diZ74FG2n1SsAgBeyZhjFQBeAWpjJ3Tuhb+SWRE4U84e2qf+w/vV+COt+eWV1XHLr7UMVc0ny5dKpcbT5v1SZi7VODw1nzyfPKG+XHaGqua+fL8k3y9NGaqa82AWVYK6vuwg1fxyMatZze3tKQRcbdn7Ndsx+21vO1VgG49FY5yy65lz1Ta+p+FmfF4qlUpyfpIvz88ss5enQXr6VV56nSqveWdu3tXRs6d06vk9CoOZv3aHD31EQW1I3Rv+XfqPAvZYpSVYUlIBZrwdr5aJf8wKrvR1sqGMCjSPOVaZYzXeLj8O+fOs7Dh4XhvtW9eZZJ2HxutKzxpVelaly5PzYA5PbqCc45ddIf6W/ZwkFaeOzfNXkf05NMbBPL5CuQvZ6rfn+paEqvbpSI4j0z+ruchuyHGgktwXTvzy4s6xKgWaGDym4ZNPqTZ21j0gxo7t32OefaEBADCPEawCwDwXTA7o3LN/0agEjKIZ+4rCQKcPPNd40JCn9Kvcqcprfl+l1Vsz/YirTs0wtVwuq1RuhKpmZWr8vRGeljLbpgFd8R9sdoVqdpmfC1WLwsii5a7b/VsFmK5AtdVr+1jMNlzbRVGUuT1/uiGsa2zigNX3PecYuyqN7eXJOS43v+Lw3FlxnC7zFqxV6Y4/kNezIXNNTQyf08nnnlAwOTGj17CiUAN73ydFvrrWbItPln3yZJVimd/yFWKOSrz4dbKhjAoxs9JLylSAKQk7zPaNfklGB7Idyr+drzAzXqbLk+2s5dnDU1oBef4Vq/Y4mCvk2rfOg1kZmNmbPQ7RK6BiddrtW9eZZJ0HqbxglToWrskuT86DOTy5gXKOX3aF+Fv2cxIft2vz/FVkfw6NcTCPr1DuQrb6Hbm+JaGqfTqS48j0z2rOsxtyHKgk94UTv7x4FavVkT4NHX9ak0MnCsclMxDm9WF+DqyRAgBgviJYBYB5LArrOrf3rxXWBme03TAIdGrvNzVy+qQyCVjHEnW85p2qLLsuE6TZVaFJONqsUvXi/3nZalbXlAHlsvsBVUUVqq71iqpOXYGlaxs7nHTdhh/3u2gdV6VsUV+m895UIXE7laxFFazZsc5WoGZD7+Z7fuMrDs7NauNKpZJ7MJbnefI7l6p0++9Ki2+QeW1VR4d14rknVJ+cKDy35yWqa2Dv36jcs0mdS25KS67STiktxYqS13YhGBWryQLZI5PrWGR2n4rVZHmUH4f8eVZ2HDyvjfat60zZcaksXKvORevyy5PzYA5PbqCc45ddIf6W/ZzEx+3aPH8V2Z9DYxzM4yuUu5Ctfnuub0moap+O5Dgy/bOai+yGHAcqyX3hxC9nv2K1Ot6vkZPf1Pi5w0rubikYl8xAmNeH+TmwRgoAgPmKYBUA5rGhwx9XbeSIImnGvoJ6TSeff0Ljg2cz+/K6V6vztQ+ovHjTlLf/VyqVRqWql38wlfkgq/z7+T/S4kDVDlOLgsNWt++boaM5p2vRrfnmMlf1qlndFmVCk+z2ZrWpvb/pvjdVte1U77vYAavveyqXS8n0AKVS/lyZPyfTOHjpemala/zdHFff8+RXFqpy22/JX/W6TH/qk+M68dzjmhwdntFrOgzGNbDvfepas02lyhL7glFaiuUlr6lYjZJ2qFg12r9MK1Y7Fq1XR89q9/LkPJjDkxso5/hlV4i/ZT8n8XG7Ns9fRfbn0BgH8/gK5S5kq9+R69u8rlgNg5pGTu/T+JkDCuoT6eLcgVjHYeyYilUAwCsZwSoAzFMTZ5/S2Ml/lWYwggrrNZ3au0e1sWF5npIvf/FV6vzWd6m0YNWUoWq5XG48pMqaS7XVVyPAy4Z/RYFqzA5A7T4VVX2aD2uKH87UqjLU1V68fzuINV/bgXI/OtAAACAASURBVOpcVawWVdFOl+9nxy6Z4qFkBrLZytZ4uRm2JvuP26h0qeOWt6u8/rsz11pYm9SpvU+qOjasmby2ayOHNXLsn9Wz8W55vvFsz6Tiy66US8MMyagQMyrxqFjN7iG7/3TcqFiNt5uDilXfV9fSLaosWJm/DtPdpPsxRsYaKOf4ZVeIv2U/J/FxuzbPX0X259AYB/P4CuUuZKvfnutbEqrapyM5jkz/rOYiuyHHgUpyXzjxy9mpWK2N9Wuk9xkFE4PZ9q3rwDkgxo6pWAUAvJKVp14FAHC5CaqDGtj//2a0WCQKQ/Xtf0bV0RFl/qxccr0qt/22/HJn7tZ/s/IznnPT933Ft/2b69pzqMaKqlSnut1fKg5X48B0OtuZFWrx8jAMWwaq5nEl49cihHUtL2q36D17mdnudN5v1X5jXtp4u7Bwv2b1qV39Kyldrkhe6CmqRcl75v7iwFmS/OvepsBfJB3/VLKvsB6ob+/TWnvza1Xu6Mz15XyNHvusOpfeqO5V36axU1+KD1hpKZaXvD6vitU4nWmuP1XFahqm5NufTsWql3k7crRvrGf9ssgtz+0+rhA8/4rVeL9FFauZ9h0Vq16+9Vdmxao33faz15lX7lDnks0qlbuM9axhSS7b2atYTf4RwrG52Wzmc2BUrHqZcSjaf0FHp1GxmnyOHKcjOY5M/6zmshdQi3FyXTjxy5mvWB3rP6Ta6Gl3+7nz6fh9Y+w483ssuR6zIwUAwHxFsAoA80wUhRrY9z5FwdgMthnpzKEXNDkykClA8Va+VpWb365SqZypOpTSoM0MVUt+Om+qHbxO55b/VmFqvE7cX/v1dKox7VDTbMO13lT7zPY933ar5a363up47PbNdexK21btFx+LLykbrpZK6XkJw/z0BJIyoatZCWyGrpIUBEGznXQf5at/XNGClQoOflCKGtsG9ar69j+tNdffplKlkhuH8xNpYN/fauXtv63SwLOa6H86CaXM8CoX6ljhWBJ25EIjOwyxQyE7DHGEY5nuRtbq7pCoKFxN+ylj/1b7mdWt9h3jkG5XHDLbKVVRuOoKz1wpr/s8pP00Q7fcOCT7d4yDHRqZ45AZJqv9FucvN07m9WGPU7sh87Tab7xd7lqm7uXXqj5+VnU7PJP12jEOrtXz4WZBqGandnY/8xuk4yBXaGiPk3t7e3/5cND9jwyZz1F+t44dTvU5lXOc8v+Y4hi3zIbF4WqrELpeHdFo7zOqT47IHBf37ytj2M7rc+JJ6+wDAQBgfiFYBYB5ZuToP6k6uH9G2+w/8qLG+k/LTFX95bep8qpfaz4wKjsXqR2c2g8pspnBXiN4y1eqNtoOrG383DqN7+Yt9tm+FS03t3e1WcQVslxoG/Z7ruVh2BiLqcLmonamaj+KQoWha4zcFasuZnAaB6V22BqvFweudsjre55CSd76N8iLAtUP/n2yrDY+pr4Xn9GaG26V75em1aephLUhDez7Wy278W2qjRxVMNlvVGC5Q1XJWq58SJYLXc1Q1d7eWYnnChNdYZ6M9gvCRKvCzBWqOkMSZ1jpDlUzYZ8jVDXDmwuqWHWdh4JQNR6XZDfWOMkch4IwsVWomt1/vp+yx8kKPV0Vq/b1kWvfuj5y5yHTfuPtziWb1bFwnbsiUdnX5vXhyLQz18f0QlUpdx23rFi1PictQvfzCVVzYanVg3yYmBlexw6nDlXlGKfG8uzcwfl2pheqxv12jdPk8EmN9u1VFNZVdB7i10W/T5LlmW5QsQoAeOVijlUAmEcmB/Zq5OinG3/LzNDXwLHDGjl9MrMfb9EWVW759Uyomizzsk9/N+dUtasnzafDZx985A5hs9WuraYCiB+6lF+nKFS9lDT66J6uIF0+u3+wFo2hZ51HWzznamNdLzO9Q+Z9v9S4LowpIFzzV3rG8tIVPyj/ih/KrFMdHdaZAy8oCsIZu+arA3s1evyzWnzNTzeOP5LiuRwb4UYzDJY5J6GxXGlYbB5zZnkcunnZOTLN9uVaboxN47vS5XG60mw/szxdYLRvhEqOsTdWz7dfMA6K+y33OMQ79BzjYHYw1356oPn27fNg9TNKhz07Dsn+k2aNfsrYf/pPSq5xyrTv6Kd5/jLjFFnnN3KPQ2Z7u317uX0ejOV+qVsL196qjkXrjAOS/UPmtWePg7WdOS7mOOTbM99OR9SzxyG3unUc6YnJf04y+zd3mLkgZK5ofezS8cvsP7dZsl1+h9brpJ+yrrPs+o3lxnWcOwyrA8o2ZB1lbpykSKOn92r01POKosD4fdLq95UxbMqe/8LPib286DoAAGAeoWIVAOaJoDqoc3vfq0jFgVy7Rk6f0FDv0WwgumCDyrf+jvzm7f+SkrAz/jl+OJE5p6oZwCZPizfC1PiPuqJpANKfzz8Mne1Qdabab7Vtq31cjNDYDnVd0wVIylSqxq/Tc2xUqvqRgjCQLz/zh70d2IdhqCAI5G/5MUX1EenUo8myiaF+nT2yTyu23DBjxzl89FPqXPYqLdjw7zV6/FPFFaVGxVeyXEUVYMbyOHSbwYrVvi98Tnf83lG94Xe2633f051dHoeyyW7G9Ml3/KN++avmUW/UX/7jXXrTcqP9eK9nD+k/b/+KHsmM0m36xGdu0h3JOJzR/3nDI/ojXaG/+Ifv1JuWS09++EG9+e8k3Xmn/u0dm7Qqqcw8rb/+gc/rXVqvv/jQd+qNy8wKt8ZxP/XRj+hH3u86O+v1Zx+4Uz+0rOA8pMM0gxWr5/Q3P/JV/Ymu14c/eo1uU0H7l2jFaqVnjTqXbUmz+ezlZP6QeU3F6uVfsRqFNQ2deErBxFD+95XjPCTLM+eZilUAAIpcmqU6AIC2ndv7PoW14Rlrb3zgrM4dPZh9s9yj8m3vUKmjJxeKSso88d0OVe1KVtecrEWVkHH7MxEWFoWOU1WJXmj7M6WokvRiVuI2zmWpsCrY9z3jK507t1QqpdWnzZ9LpZLKpbL8kp+pXjXXNa+LMAylq35S3rJbMvsc6z+tgWOHZvAoI53b+151r/52dSy6Jq3wKqjUvGQqVuPlspabJYZnD+lnv9cOVSXpZf3yj35AP/uF8bR9Sae+8Kg25UJVSXpKP/yGf9B7XjAqJZtjl6u8e+wxffSFuEPZysxWFatuJ/Sr//Ex/dO5gvNglO7NdMWqXYF3OVSsdq24Tl3LrjIvv/QwksOxf/em14+rItEaxtw45Nsz305HlIpV83M68xWrYVDV0LEnFEwOuX9fGa+pWAUA4PwQrALAPDBy7HOqDuxr/J00A18TQwM689IL2Z2UulS+/Q9U6lxSOKeq/aAq3/OVvcU/e9t343XxFABTBXjtatzG7m6n1bKZaH+mgtvW+78YoWp742RPDWCHpvFX/Md5qVRSpVJJAvrkD/TmtdbYviz/pv8mb8l1mX0Nnzqm4d7jM/Y5CCbOamD/B7T4mp+SV+qWXJVydgVYq4rVTIXZ1BWrci2XjPaS1dMKs3i5rOVJ6dm4dv3ZFxsh6bd/lx7/3E/q5c//pI5+7j/q8d/aKEl65A93a9fZ5vYvPKtveefLkqTf+Iuf0JFHGl+HP/MG/UZzX3/04SPqy6Sg7sq7d739ee1xVGYWzbEaH8+vv/utOvjwW3Twn96igw//oP78dZJ0Qv/0zMRFrFhNR9Z0SVSsFrTvV3rUvfJmVbpXJNvlCgmTw8kel4zrJ1eRmBk/9zjk2zPfTkc0sscht7p1nOmJyX9OMvs3d5i5IGSuaH3s5KpYdWx2WVSshvWqho49rqA2Wvz7ynid/31lDJuy579lxaq5vOg6AABgHiFYBYDLXHXokIYOfVQzlSYFtUmdPbyv0bjnNb5KFVVu/U2VF65rOaeqGarGYWn8Zd/+3wjUGslJXN2Yttf6YVeXksZDnoKWoWm8bLZC14sx52oraRWt+5zZlatm0B4rlRpzrsbBqlm56jWvQ9/3VYq/Sp3yb/p1acG69Dr1PA2cOKSJoXOaqc/DxNk9Gjv1dS3c9CON94xKucuyYvVcrz75VUl6jXb93hatSQrhPK2+6y499J8k6WU9/M0JSdKep/dIkl7/m2/RL94go/BvlX7xz26TdJs+8T83aXWmMi1feff6OzdI+qb+z5cm1H7Fqlmp2a3XfVfjMeOf7Rttjs+4PvWHH9c1b/q4rrn7E7rmTZ/QNe88ptPNcen70td17T0P6Re+PKGnPrZL196zS9f+8C5du+OYzpiVeFG//ubND+u6Nz+s637kYV33wHGduRwrVj1PnUuuVM/qW1TuXJy5PqhYTS546/isz0lm/7nNku3yO7Rez1HFalif0NCxbyisT7T+fWW8pmIVAIDzQ7AKAJe5oUMfk6JgRtqKokj9h/cpqtfkqfEnkef5qtz831Ract0Fhap2hWLRXKpx+DgTFaSzbTq3308VqsbLzvdY4/Znqqr3QsQBqytk9X1PpVI2XG1sk36vlJuBaslXqdxoIwzDpFK1XC7LL5Xk+b4835dfWSDvpt+Q37k8vV4l9R/Zr6BWnbHjGj76KVUW36jKwi1GBdrlWbHa99ShRrXqz67RHUqzmri9O269XZL0yBd61adxvfyCJG3UD726K01v4v3ddLMOZ+ZYjeUr72576436H5I++8DjevhcexWrmdfRuL7+pcbD9L5/dY8ac7F+Wv/169ZJ+/o39DtfnkgqGSXpc3/yL3rrB411/u0JvePL483x69f/ffNX9G6zjX97Ut/+wDGdMY7DrsC71CpW/Y6F6ll9qzoWbZA8P7t/o5+yv1vHJeP6cVUkJodRMA759sy30wuJilXzczozFatBfVxDxx5XWJ+c+veV8ZqKVQAAzg8PrwKAy9hY39c1ObB3xtob6n1Zk6PDmSqc8g0/p9KKO6YVqtoPs3KHqu4Klpm+jX06geZMKOr3xXqQVKMPl1b7rSpoG+c/nUrC9ZCrIAgUKvvQq/grWT8IGvvoWKb69b+u0vO/LwXjzWV19R/ZrxVX3ZQLeM9HVBvR0OFPaNGWH1X/M38sRWFa4WVUXEZG+GFWgCXfZSy3tnNtL2M7LxO6mZV+cebiZTKMtNIvH9rEazTaSbePokhau1Cvl5rzqY7o+Ney+5MnPfngh/TDf2uO0K36xGdepdvTEUv3n/R3ld72p6/Wu97+Tf3KZ0/rh34srWjLHl9agRh394//+0f0x7mzsl5vvKVLnifd9pY36+Bb0hCz70uP6c53n9Tn+sbkeV1GiHWTPvLQdbpNkZ762C699YPS5/rGFalLZ75yQH8iST/xHdr/5mWSpKc+9rB+9O/36OP7N+jnk1knrIpGLxvq5c6jfZ5lXQeu68QaB+dy6/oolbvUsXijKt0rMyFw/jozQkEluzF/yCzIVKzG2xurp+fXDjddMWn8tn2ezfGxe2GNg2P8suNoZ51mZWZkXvDJ5yfztvU5yX2OrO/5HVpHkPuc2hmp2b5xvuzRy+840/F4/SiY1PDxPYqCanZ50e+rVtdZfIKNcclf5+7rI9s+AADzG8EqAFymwvq4hl766Iy1Nzk8qOFTxzLv+eu+V6U13z3tUNV8UNWFhKoXKxS9UFP1bzZD1an2P5dj2KjALQ5YzXA1CILk+jCrU70gvYbMcDUIAtXrdYXNdn3fl79og3T9zyt8/s8VxxGTI0MaPnVMi9dunJFjGjv5ZfWs/U51r7pT46e/WlwBZlR85SrAzEo5o1LTs7c3Q5YoDV1yFWYyK+GiTIaReZp583WWXYnXXN47YjykaqE2fJukrykTouTl4zC78i6KIunGLfqLrd/Ur7z/83rPq7+32d3pVKzaXqWPPHx9s+I2PQ+nm4Fq5ijj8EyS/sNK3dbs0W033yjpBcXh77G+3sY6H/qKrvtQdm9P900oSoJVq6LRCvPmomK1c/EGdSzaaPXOsX9HwWO6wdTXh5WJZpvJhZoFlYpW6JoJ85y9sD4nZqWm83Pi2qHZYetzmAlV85+TzOcoc55lnIf8uKUvI7O7yXb2ONmhbv4wrA4o21AkKQprGjq+R2F9PLsjK7SNx33KitXMeW6jYtX8fVJ0HQAAMI8QrALAZWro8EMKJs/NSFtBrar+owdkJhle10qVr/3p8w5Vs7f9txeqxn/kXYi5DmXnMvQ0A82oOU1EvR5ocnJSI8GoJryqJoIJnZ04p9H6WLLdWH1c482qT0nqLnVrQbk7ed1TXqAVXcvUVepqvPYXaHFlYTInqq1xfMXhahR5mdA0rlaVGnOuRooUhem2QRAkla2S5Hue4lf+8tdIV/x7hcf+OVk+fOq4OnoWq2vRkukOXQuRBg78vVa++u2a7N+jMBhzV4Bd4hWrq2/botfrqB553yk9ee8q3WFVoD0Zz6l611qtVpc23ijpa405V9+0rTEdwB3bf0JHtkuKTus9b/iM/igJr9KxylesepK69UP/5U49vPsx/fHbP5/0dKqK1V9/91v0CzfkQ8V4vSc/8jG99QPSf//jN+vgJ9OK1Xi/8bB93+oFRsWjjP23rqvLLs+uOZcVq365W13LrpVf6bZCdKXb564zY/jS1cwfMguoWLU+R9b3S6ViNQqqGjr+hMLaeOZ8UbEKAMDsI1gFgMtQbeykRo99XjNRDRJFkfqPvqgwqCV/A3mlTlVu+12VSo3/TMSVhHEFYRycxj97yj/53ZxHs1FpGDWXebn9R445Yoveb0cc2l7Iw53MYzjf/Te2z/chioILat/ch9l+EISamJjQ6cmzGoyGNVob0+mJszo3OaDesT5NBJOSpH4rWI2N1xsPLuoud2Xe7/A7tLxrmRZVeiRJXaVOretZq9euulVXL940rf6GYZQPCJviayypePZLivzmNADN7cIwTK6xKIpUam6nKJKu/FFp6EVp+EDS5rmXD2j1Na9SqdIxrf61Uhs6pPHTT6pn4xs1dOjD7gowo+LrkqxYXbZWb/p26ZGvPqG7vzfSQ5+7Ra9ptt/3hS/onv9PSuZUlXT7rbdL2qNH3vlR/Wf9iN67rTvZ/54Pf0Z/1DiLyv4uKqhYlaRlV+oP7zuqzz5wPOlpe3OsRkn7nqSo/6j+5gOSdLNed31jP8f60qrVTMWqOQ5GxaAnaf3qtZJ606kA7Eo8jcvaMNN+ppLP1U/jdXNFnW/Fqlcqq2PhenUsXJ+5DrK9c+zfUfBojkNWfJ0puf6sTDTbTC7ULPh9ZoWuVKwa/XB8brLtOE5gFCkKAw2deFJhbdw4zwXjZP++cpyHZHnmPFOxCgBAEYJVALgMDez/oGbqD5bhvuOqjY7IfBpy+cZfUal7uaR8qBo/tb1cLsvzPfleqyrV7EOKiqpWXaYTOE5V1WqGs672plMVm1aVhoXL4wpUs/3phrpTBap2H139r1YnNTA5rL3DL+rA4CH1jvXpzES/RmtjGqwOaag6rMlgUmEUym8eT/yz7/kKo1BhlD++IAoURKFKnq+KX2lsNxAqaI5pySvpO9a9Tq9ddWthf80xalSlejITwDCMkipUc9v4eovD1MBLz2N8raVthM1q1kjBVW9T+bn/KdVHG+NVr+vcyy9pxZbrp3W+pzJ08CNa/a2/r8rpr6k28nK+AuwSqFj9zO/v1Mbft3t+pf7yo9+ju5d36+5f/W598qtf1CN6Uvd835O5Y3z9b23V3Sua7d/4Kn3jN8/oW975sh5558e06Z2OQfmZ1c0HWMWKKlYbx7fqu27Q/3jguN7VWFJYQZcJPx2VoFIkb3mPbpX0WT2nt77puVzXzIrVxt7cFaurv/Ma/dqf9upPclMBrNWfvu+1euOydP18+xenYlVeSZ0LN6jcs0ae71vXhxkOKt0+d50ZoWC6mvlDZgEVq+k4RPnNld+hdQSzXLEaedLIqWcUVsem/H1CxSoAALODYBUALjNjp2bugVWTI0Ma6TuRec9f970qr7xDUhqqSnEwmk4BEIsrilzhavpee39cmaFk0XLp/ELJdqpYG38cuteL2w7DwPl+Y39pYGi3MdUxtFoehpEGq0M6NHxUz/S/oP2DL6l/4pzOTJzVwORgLiSNA1TfmHrA/tl3TEtQdvzfBN/zVVZZYRRq3YI1+rbV36JNC64wjjl/nNN5mJVZiWq20wjH02swnnO1MQ5hI5Q11vE7lym46udU2v9niqOJ6uiQhvuOa9GaDc4+tCOoD2vo0Ce0aPOP6dyzf5KvADP6PZcVq4UiSSu26H2fX6NPvuMf9ctfNRdu1F/+411603KjfUlr7tqmI9v69J7XxxWqsdv0ic/c1AxVs+FSYcVqFEnGg6xkjEPawTYqVqPl+oU/fpXe/evPNte9WR/55Ep9/U1f1Ls/cEZ73rxMVxjjUlSxGkXL9fOf+A7ph7/SeIiVJDNUNUPjzHBaYd5sVKz6XkmVRetU6VnX+Ices317/5l+UrGaO1D7c5gJVY3rI7P/3GbGOLjHLX0Zmd1NtrPHyQ5184dhdaB5XONnXlRtrD8zTmnFqGOc7N9XjvOQLM+cZypWAQAo4kVT/VUJALhkhPVxnfq3356RuVWDWk1nDj6rMKinb3auVPm1fyLfbwSnZqVq0byqyW3bxoOqsiFrPu1pFRpOFXxOFbqaiqpT29m+VQWmaz/TcT5TFMRh6nMD+/T46af0XP8+nRw9pVpYSypOiwLS2fJta79FP3HdW3X14k3OcZKyY1h0rEEQJiG++Yd9HJwGQaB6UFdQD5J14vWDIFC9VlM9CJL5WX3fl45+WNGJf8nsZ/mm69S5cCbmW/W0+jW/pfG+L2vyzONWeOUOV3OhkKzQyBGGuMM5Qy60yYYh2dDGChWNlMQMz3LtZ1a32i8Ibez0zQ5tcuFWQbjqCs9c6V6u0s8OhYzQLTcOyf4d42CHRuY4ZIbJar/F+cuNkxWuZsbJkzp61quycK08v5Ibl3z7dr2kY/+u8HGKcNU1Dq7Vpx+uusPOonA1OY6CcLUoZLa3t/en3Hl2h6uZz5EjJD2fcNU1Ti0rVh39nhw+odG+vdP+feL8nLQMuWfic+Jp+I736o1vfKN9NAAAXBKGhoYkSXv27Gl729tvv10SFasAcFkZOvSJGQlVoyjSwLGXFAaBkrKwUqf8W97RDPwafzDF4ajneblQNTaToWrav6lD1ekst8NU1zi06pvr9UzM2TrVMZj7HJ+Y0EtDR/Ro39f0jdNP6cz42cxt/a5q1NkWRqFWdq3Qa1bcmlSrthqz+PVUx25Woprbel5zyomylwSrgRGkxkqlkvzmNsGVPyp/eL/C4UPJ8oHjh7TyqptmYL7VSOf2f0irXv2rmux/Wgqr2RBD2ZAiGY+LUbHqCkFkhSRWhZkrVHWGJM6w0h2qZsO8fKhqhjdFFaueNQ7TCStbharxuCS7scYpU2lXECa2ClWz+8/3U/Y4tahYrSxYqY5FG+WV4mt1emFiq1DVuDxzWWM+xrPDRCpWL6WK1frEgEb79jl/n6TXsTtUjce91T9+tPp9km6fDq99fWQ/zwAAzG8EqwBwmaiNntTIsc9pJv5QmRw+p+rYcOa98vU/J797eS448H0/eep7JlBVfk7VOFRtNZflVIFk0XL71vupKknzt9+HMh8k5Woj3r4oHLS3NdtvZ07VoodyxW0EQaDx8XE9cfab+uSxf9Fz/fs0GUzOWZBq8z1fNyy7RjeuuE7lcinpuykfqMbjla8UjsP5eH3f95NwNV5eLpcbFaxR8/Z/Ywj9UkllY/+NaQV81a/+JfnPvkNqPqArrNc1cqZXS9ZtvOAxqA0f0vjZp7Xwih/Q8NGH0uNrhh9zMceqGYbk5oaMQ5V4edH2dvtqZid2+/ZxKn98ms7xyT6+dDvXOBa2b7dj9DNbUXqec0fa42CMU+Q8DwXn2R6nzPUhdSxcq0rPWnmlrniP2e/pjqzrwwwHlY5j7jozQkEZzedizfT6yY2jsXrSjN2+MyaN325xnnO9cJ9n5+fEGa5ONX7W22b4ndm/FcIm42jv0DqC3OfMzkjN9ltUrBobhvVJjfY+Kyls6/eJ83NS8DlNf1/F53manxPP/pwU/38BAADmC4JVALhMDB78iKM6pn1RGGqo91gmCPOX3ix/xbcqrgaUlNz6b4aqSXBqhKpxtaoZqjYqVqf/B1U7840Wreuay9N1+3/r0NM9X2qr/cbrTdV+q1vlzTZqtZqeOfu8Pnbkn/Rvp/aoFtZU8Ssq+5fGf7LjatXXrrxNm3saAeVUYxMvK1rPvFYaU6bagbWX/hw2/nKPw1ezqjoRRQoleR1LFW75GZUO/FWyaPzcafUsW6lyZ/cFjELD4MGPa+3WP9RY31cVjPfJLEWjYpWKVbufssfJCLHK3avVsXiDPK+SGQdjz5nrI2k/d3zKrE/Fqt1h63OYCVWN6yOz/9xmxji4xy19GblOW26c7FA3fxjN6yUMNHLymwqCyUxDVKwCADB35q7cBQAwbbWxXk2caX/eF5eRs70K67X0jVK3dMOvpqFqFMn3vCQsjdkBV1Go2q44UJzucjP8NfuVDSjt9/zc+kVfJnNf9n6n23+7LfsrbkOS+sfP6SOHHtY7n/pzffnEboVRqIpfadXseQujUPWwrpJXUk9lQVv7uX3lq/Sa1beqVEofNGVWppqmM4Ym30/bKLrG4nbMeX/L5XKmojqx9Fb5y27OvDXUe2zax9pKWB3QWO9uLdz4xmafm+mLzAqu9HVmuVk5Zi+P0te55U1pu0qXx1mJ4ko7Y3m6wGjfLITLnrdkuQraN/oZhzpJg8ZrexzMCjp7HMwO5tpPDzTfvvXa7meUDnt2HJL9J80a/ZSx/7TuzjVOmfYd/TTPX2acokgdC9dowerb1LV0szyvorR5M9bOdCjbvmf031g7GUdz/0Y/ZX9X9riUjKc1DtZ25riY45Bvz3w7Pa5MxamzF9ZxWuOQ+Zxk9p8dB1njnn5OlR1WqweZz1HmPEvZASk4bmPcs9dZdv3GcuM6zh1GowNjhAYA8AAAIABJREFUZ/apPjmUHQdZnyNjXMxxyn1OrPOQ/31lDJus66zoc2IvL7oOAACYRy6N8hcAQEtDhx/OVdKcj/rkhEb7+zJ/DHrLbpXnVxTFt157nrxmoBWHVb7feBK15zeqVeNgNQ6y/n/23iw6juNO9/wiMmtDoQr7TpDgToparc1aWqJsWbp2y4vcbvWdabt77ul7eu615mHe5mXOPM3bPLs959yHOeO2u+/Qbqvdlt1etdiy1LLk1kqCm0iAJABiB6oKtWVmxDxkZVZkVmatALj4/9PBIVGRsWRUFkl9+OL714quzf/PlC2S1T8a32whqyAXayuZrO2yHZmrFzcv479feAlvLLwNQxiIabG211MPp9BVb6wHB9JTmEiOYrW0jjNK3EC9vmNdI7hv8C4Mxwc96+90DwG7QJdTlCpIRFUdqpqmea5zogPsuAB7Hc7zae79K/DN/x2QdqG2ciGHQmYN8XRfR+sFgOzVn2P04f8TPNIDq7ypOOHIscpQuw+u805xIP7ROVYZRyTej0hqAkyL+eZ3R/a838qCvOPX3J+3PzlW/Qv2fQ6Vbz2fE8/8Nd2UfQjet+q3Muhtq9knu72+Y7WUuYZSZsFdlzoQOVYJgiAI4sZBwipBEMRNjpG/jvz1t7bl/0+yi3Pe/xGMjwKH/haWZXnEUjVPVUpb7NK4BgZvoSqHeo7FTqgnuu5Ge7Nr7LT/xc1L+O757+ONhbcBYNvzUx0x1ZIWemM9eHD4Pjw8cj+6tATeW/kIFzcuI1PONjXvnf3HcNfAHa54vh176BDkaHWeJyGER3Tlmi20cnCPGBD0fvD4INj4M5BzP3Vfyy7NI9qVBq9ku7aLmV9EfukP6Br/LLIz/+SqL6oDzP3VdZA1l4kIpZ9HnHT2RRGTqv0BSNXp5xNtFIdZYH//+IDrePSM779P1N4fmrk/+O+v2i9oH0PH94+jOulknX1w+4Xso0/0C9onGfg+1N4fj3Qj2jUCrWsAlQe2KjK7/Z0/oj2yNpQFeS6sPh+qOFjtTxmrjfbP97L6QwLP/D4R1t1H/4S+O6j5nAW/z/4fUvj3wTK2sLV8vu7njTJWCYIgCOLGQMIqQRDETU529l+BbRCuitlNb8EqxsGOvOiKBKoTUC1GpeIXTmudqhycMwhhj9mKc/VmoNN1t9P/en4ZL8/+Am8v/rvddxtFVSEFDGHHPgzE+/GpobvxzOhJHOqawsX8DE5d/hHeWXoPnPGGUQCGMGrcqoFzbsN77zx7jlDqF0s552DSdk9bsMCENz4AqAqyzg8GrJE/BV95Gyit2us0DeRWFpAemWh7nQ7ZK/+K4U/9b8hd/SmkVXDnJcdq7T54xETfPqgLvJ0cq5F4HyLd4+CRbnVh3n1Q3n7PAuDdF/jHr7k/b39yrPoX7PscekRV5fnwzF/TTdmH4H2rfiuD3raaffKLuv5Rc9c/9v55Au9A5FglCIIgiBsHCasEQRA3MVZpHfnrv+t4HCkEcsvzXqE0dQRIjMNxszhfjriqCqaarkHXdI/oqgqvqqgKbK+guhsibaM5dqq9WCzhN1fexG/m34IhjG0TVR1B1ZICe7sn8OT4o3hg6F7sT+1F0Srh+7M/xk+v/AobpU1EeKThvEIKaEzDIyMP4sHh+wLvs9M9AqrPkRMnoRayctpUodX5XjDhucZ53bKs6v/g8wjEnr+Adunb7nzFzVV09Q5Aj8Xr3n8jjOwMimvTSIw8ivz8K0CYA0x1kPkdZq4DDahxgCnfq3sV6KRUHGZQ+/vHr3Hi1XOs+p2gQU7DG+1YdTQ7j0pWu48B+7AjjlXOEUkMI9o9DmiRWhE4yGmpLL/GaVldkEfla8axGvw+ODfgbpzbU21gQfuoXO4OU+MYDZJJa+djlQFvNseq+qt3/5Tu6vNWe4POxng/hyHvs//5UUcprF2CMPKe58/JPK19jgI+L+rnyf95C93HNj/PzDt+cvgElB/nEgRBEMRtCQmrBEEQNzHZq7+AFEbjCxuwtbbkK1gVBw7/z5BSekRS55g/ALdN0zRwxgMFVQdHCNsJdsP12miOnWi3LIG3V/8dP1t4FeuljW0rUmUIA4YwMRDvwxf2Po1nRk9ipGsIAPDu8gf4wZUf48zaOQBoOsfVkhaO9R3Bp0fvR28sHXhNp3vkCK9OQSw/jmhqX2tHAji5qs5z6rQBgGXVurxl7z2QPXeBbX7kvpZdmkff5IG6a2uG7OzLGH7g/0B8/Isdj0UQBHG7cP3nP7/RSyAIgiCIHYWEVYIgiJsUYWwhe+1VjzuqHcxyCfn1FVS9RYDsuQvQUu73jqjqF0ydttCK63BEre3NBL1Z2Ekn6/Tmefz06q9wNTcHjXWW8wlUXaq9sR48Of4onh19CgfS+xCPx3A9v4xfz/0GP7/yKua2FmyhvEl3rJACcS2Oh/ruxYnU0dbX1cYeOa+pqI5V+5pqISshhScCwBFXVZx2a/J/gJ45C6eQlVHYQiGzjniqt+V7UyltfoLS+jQiPUcD5ycIgiAIgiAI4vaDhFWCIIiblOy1VyDNfMfj5NcW4TmzGR8GP/BXEKg6/dQj/uoxa13Xoeu6JyagNjaA1whhu5WtutMxATvlZC0WSzizdA7nNi7CklZHblVHUI1pMTwz+RS+sufzrqBaLht4c+5dvHTlJzi9dg6GMKDz1v7qt6SFh4fux5/sfQSJeOtH5tvZIyenVy1WFQZjDBrXIJioOabtjsdY5UgsoCVHIMc+A7nwC7c9v7aEWHdP3XmaITPzMobuO07CKkEQBEEQBEH8kUDCKkEQxE2IsErIXv05Oi38YJZLKOeylXw0G5m+G4LFK4KUt1gVUHWv6pHGmarVgkG7I6T62akiUzvdPle+jg8z027Gabs4hanuGbwTX9z3LO4fvBs90TQ4Z9goZfDrud/iR5f/tWWXqjp+OprCvb0nMBkf97Tt9B45WapqgTQ1b9XBjQgQgMUsz/XOM60WZBFCwBx+DvrSm2DWlr0Ww0A5t4lYqqfedjSkuPYRypnL0JJ7O3aaEwRBEARBEARx80PCKkEQxE1I7tqrEKXNjscpbqx6vpdde2Ht+Ro0xqBrGrjmPYLuiqq67uaqBuWpVh2rbFeKS203NyJT1aFQLOLd+ffw8dp0W2InUHWpHkhP4asHnsMjQ/ejJ5qGrtvv5yeZWfzLzM/wxsLbyJSzLbtUVR4evh+P7/k0olGvALzTe6hpXuFeCOkRVtUv57WgQlaqi9U0TVus1aKQ458Hu/oDd77CxiqiyXTHrtXs7E8xcNeLME2zo3EIgiAIgiAIgrj5IWGVIAjiJkMKE5mZlzsexzINFHMZ9wg0AKD7IHRdd4//1xNNnXa1aJB6nSOM3UqC6k7TjMg8X17ER5mzyJSzLbtVHUF1ODGEL+x7Gk+PPYHRriHouv3XuWmaeHf5A/zjpZfcAlXtCLeA7VadSu3FI8MPYDDa39YY7aDuobqPnDNIyTziqqZpblyAihNjoRayckRV5/py7+OILfzMda2a5RKMwhaiXd0drT+/9A568tfBYkPkWiUIgiAIgiCI2xwSVgmCIG4yimunIcobnY+zuQYowo6Mj0NO/oWdN4nqUWsArrOPcw5N1zxHqNXK647Qar8uW3asdupu3Y3+nczRqI9pWriamcP81vWWxhVSQEiBmBbDUxOPe3JUHcplA7+e+w3+8dJLWMgvti2oOvPFtTgeHrkf9w7d6Tphm+7fZgxAWCEr51l1nkW3aFXle6ddjQ5Qn9XKRR6hU4/EwMaeAa695L6W31hBtCvZ0r3WIC3k5l9Hz8EXYFlWZ2MRBEEQBEEQBHFTQ8IqQRDETcbWwlvo1OgmLAvF3Aag6lapA+C+PFUg+Fi1vy3sOr8QFva9Q5DQVu+aG9k/qDJ9s/OEkbO2cC7zCea2Fpq6HrBFTgC4c+A4vrjvWTwwdA96Y2nPNU6e6g8vvYyF/GJHua2AXbDqrr478MjIA0hHUvY6OtjnZtuDxuScwbJkwyJWAAId1v5CUmqbOfAk9Ov/ClhF+/tSAeVCAZF4ou48jchffwe9h17oaAyCIAiCIAiCIG5+SFglCIK4iRBmAfmldzoep5TdAIR0i1bJ2BDk3q9D47UuRudIteNW1bg3IsBfqKr6GvMIZqoQ1qzrs9512+EubSTg1evf7NqbvR4AVkvruJqbgyGMhuKn41IdTgzh2b1P4dk9T2EkMVQjPi4WlvHj2Z/jp1d+1Va8gB9DGBjrGsFnhh/D4eT+hpEP7bhTmxWz/dmqKkERFc7rQgrFWV2JCnCur4wlpATX45CDfwK++Cu3f3FzDZH4ROC9NItZWERp/SwiPUdrhF2CIAiCIAiCIG4fSFglCIK4icgv/h6y4p5rFykEitl1z2us+5CbmaqKUU4WpVOwKsixqkYA+F2t/gxMIbwRAapQFuZGVPuo1BujVadsvf5B89fr3+gYexhCWFjeWsFaqXHMg5ACER7B/cN348/2PYc7+4+5OaoOpmnhUmYW/3jph3hj4W0A6FhUdSIAnhh/FI9PfhqJWLyhgNzqe+LPTg261nnNeV8412BZwnWt+o/9Az6hVQAW8x7DV+MtpJRARXQ1+z+LxPLrgDAAAEYhB8soQYtEW9o7P7m532Cg7zgJqwRBEARBEARxG0PCKkEQxE3E1sJbQIcxAKVcBlKIatGqSA/Y1H8EKoKUZVkeEcoVpxhqRKqgo9VBblWVMPExzI3ov069tpETNey6ZivSt9O/2ZgD/9iGISr5quExAM6x/4nkGD43+SQ+O2EXp/JjmhY+Xj+L71w4hfdXPupYUHUIigBoxjHs4Bfa1WuaiQcIeqYccVXTuOtedZ5T5/fO86lmrlbH5a6YyjmHZVme7FOmJ2H1PQRt7U33tcLmGroHRkPvuxnyi+9g4MR/pgJWBEEQBEEQBHEbQ8IqQRDETYJV2kRx7TQ6UVallChmfY7I7sOQPOHGrTpClONWdTNXJTyilT8CoNov/Gh4K47VIJdqmJO0kQPV3z+MZiIAms1LDbofFX8maAFFLJSWkC3noLHaYlCqS/Urk1/AnX3HEIvVuiaLxRLeXf4A37/yLzizdi5wrHZwIgCeHv0THO0+2PB4vvP7MFrJ2w1zDTebq6oWsvK3hQmvlmW5Ymt58Bkk1v8NqAjb5a0sRM8AuN7+P5OkVUBh+T1EB+4j1ypBEARBEARB3KaQsEoQBHGTkFv4HaTsrIq4USpCmCbcqlVaFzD1lwCCRVN/dqq/zR8D4NDKUfuwPkECXVj/ZvM7W810bSVzNWws9X7U1zXNm/9ZtErYMvOQkOBMKa4kBQxhYCI5hi/sezrUpQoApVIZr8z/Ft+79E+Y21pAhEc8Y7WLGgHw6MRDrqDbqKhUM47jThyr/j20r0GNa9UPYwwM1efY71K1x1Jc2IlBsL67Idc+cF8r5jJI9PbXjN0K2bnfYHj4ARJWCYIgCIIgCOI2hYRVgiCIm4Tc3G86jgEob2Xg0UlTtlsVleI9nkJVlV9dgYkBnHG3zclkdXAiAID2ChXVcyi2WlVevS7ILaq2BY1bT1BtlOsatMZ67lynPVfewpaZ975eKVB118Ad+PLU5/HA0D3ojaUD79U0Tby19C5+MPsyFvKLiGmxwOtaxVnDg8P34uk9T6A3lm64H606jtU2dRy1n9+dXC8GwhFXHZwfBvgjAMAAKWTNDwac753rOecoD3wO0fWqsGrks4in+xo6ZutRWH4forwJxpMUCUAQBEEQBEEQtyEkrBIEQdwElHNzMLKzHY0hhYBRyMN1qwIQsSEIYVdI5yHCkhDCk7fquFSd173V1ZkrsLaSsWofvZZu3yCxrZqXGe5k9ePvb78msLm5iYWFBWQzGYyOjWHPnj3QNA1CBBdPClqjf45GGaqOKzGoUr0QFnLlHPJmofpa5ej/42MP48+mnsPB9L6aAlUOxWIJv577Df7h8g+xkF/ctkxVwM5VPdZ3BH+69xlMJSdhWSJQRHeO5jt7WHuPUnkPms9Ydd4PISRMs3o8X32O/f3sZ9H73quvucf/BSC4ABPV51DNZVX7yMReSD0NZmbteSwLVrkIPRZvcUcVpImtxXeQnPhMjWOWIAiCIAiCIIhbHxJWCYIgbgK2Ft5sfFEDjGLedqZWkLERiPHnAXiP9wNegcltZ95oANXRF+Taa6bAk7uWkHEcQU0VVdX+zWSmqoKeLRgDKysrOHv2LDKZDCwhMDQ0hK6urrpjOf0buVr996iu3y/KOhimieWtVWyUNu3vhYF0NIUv7H0aX9z3LEYSQ6H7aZomXrv+5o6Iqk6u6pcmn8W9fScAIPAe1D1uRJg43sixqrpH/REAan+7X7Uglfe9Z/C7UaXln5d7fthgVmIChBCw+j8NfemX7rXlwlZnwirsgnSpyadJWCUIgiAIgiCI2xASVgmCIG4wUgpszf3WI4q2Q7mQ85j8ZNcEAFtw0pS8VEdgVYUsxhh0XXfjAfyoglWzoqd9b17RK0ywC3PBNpOZ6hdlpawW5QKAfD6PfD6PZDJZVzD0r68Zx2XtcfRgJydnHJtGBpvlDIQUOJCewlcPPIfHRx8KPfoPAIViEW8svI1TMz/adlFVzVV9ePRTlT2r70RtJLrWE8frxTv4n5OwNThtQXEATn/bmSzc7/3iq9+FXR2To9TzGPTlqrBqFHKQHcYBlNbOwMxfB4sOUhwAQRAEQRAEQdxmdF7xgiAIguiI4to0zMJSR2MIy4JVLII5/zEd5tjXAFRconWEIcZZYJ6q86u34JU3OzPsC7CPxjsCl6bxGoeiZYlAp6o/KqDeV9DYmsaRSqWQTCYBALlcDplMpm4BoTDB0FljI8JEVeeeHNHakhbu6D+Gvzn8l/jc6BN1RdVSqYxfXHsN/+3CdzGTvbLtTlXOOL68//P4i4NfRl+8J3D9liVgWVbN+xREvXZbxAwWzVXRM+g5cZ41f1vYGuyxa4uycc7d98EV3qWEqNwfAOjxPrCuve7nCELCLBZq5mmVretvB/7AgiAIgiAIgiCIWxv6Vz5BEMQNprD8ASTQ0Ve5sGW7VStfIj4K6N2hblX19/4IAACBLj+/+FlP8HSEOLsIVmd/1dQTcIPWAQBdXV3o6elBJBLB1tYWstmsR1gNE3bV9nouTZV6TlVnPWWjjM1CBncNHMffHv06Hh69D7FYNHRMyxJ4f/00fr7wGlaKqzviVP3qgefwwoEvIR1JBV/XhFO10R7Wa1dp1N4I1YnqoMZdOMXYnC/1+faPI/of9HyWysWtjj+fheUPSFglCIIgCIIgiNsQigIgCIK4wRSW3+84BsAseotWyfgeAOFuVVcs1by5qwDcolVBrj+7vX7Vdqe9nuDYSLSsN4f/+H+QoBePx5FKpaDrOgqFArLZLIrFIqLRiFv8yB6/1gXZqD1oDfXaHU70H8N90btxZ9+xumKzEBKnN87h/7v0zzi7fn7bnaoRHsGX938eLxz4Enqi6TqicFUU9T8Hrexh2DH6dvZQJUwctft6C1kxzsCkN3tVCAEhJRjn0JQ5yqmHEGc/BqQJADBLRUjLAutAGC1tXIAUhmf+nWRlZQXZbBamaaJYLO74fARB7A6apu14XrNTRFHXdezbtw/RaPgPAQmCIAiCIGGVIAjihmIZOZSzsx2NIUwTllF2v5c8DnP0KzXH+51MSQCuc48zXlP0R3XWqYWAHMNnPbGrWbHMGTssh9N/HHx9fR2ZTAY9PT1Ip9Oh81uWcHMz0+kUuruTKBQKyOVyyGazSCaTnmzZMEEw7B7bzRtNxOP41Mjd7uuWJUL7X8rM4qXLP8HptbPbJqoKab95h3sO4otTz+KxkQdDnarOHgLBhaSaFVXDCnq1sof1cJ7VIHe1N15AA5d2wSpL2IKE+4w6P3hgDMJxuOoJIHUQyJxD5WIYxQKiXcmGawpDCgOljQvQ00d2XFidmZkB5xzJZLLmzwCCIG5t5ubmMD4+vuPzmKaJQqGAc+fOoa+vDxMTEzs+J0EQBEHcqpCwShAEcQMprp7peIxyccvjSpWJcUDv8oikQgi3MJUrtrBgN6F6rNovzFbbW3dxesf3518y9+i42m6aFq5du4oPP/wQGxubuOOOO3DixAnEYrEGhbA4upPd6OpKAlhBPp9HLpeDZVnVCIQ6Lkt7r1qLB2h0/2ohpbBrMkYWP7v6Ct5YeNveF9aeS1JIASEFOOOIaTGMJUdwcvxRnBx9DMPxQSUOIvweOxFVgc72MKxdvUYV/R38ImsQnvE1DbxS7EpaFqzKV6HrPiSy590+RnGrI2EVsJ3pPb3H6mb9dsrFixeRSqUQi8V2bA6CIG5/dF1HKpVCKpXC6uoqlpeXMTQ0dKOXRRAEQRA3JSSsEgRB3ECKa6dhpzC2h5QSZiEPj4QUH3PFU1UEc3AFU1kVmVSxSRWngqquA4BlBYtZ1TG8opYqKNqOzaojVD22rfZnjMEwDaxvbCCX24JhGJi7dg2DAwPYMzkJJyY8uL9EoqsLvb29mJ+fRyaTwdraGiYnJxGNRiGEgGHYRYscodW/B63co1/Qc9avtvkFP//4lmXh11d/i1fn37DfsxZFVceV6oipg4kBnOg/ikdGHsAdPUdch6q6FtWF7L9HteBUULv9bPG67WF71Mwe1ltfkGiqOrL976XjVrXM6nteXaMElPGllLBS94AtvwQI2wkujDKEZYJrWr23oC6F5ffRd/R/bLt/I65cuYLu7m7E4/Edm4MgiD8+BgYGsLq6ilKphD179tzo5RAEQRDETQcJqwRBEDeQwsqZjuJVhWVBCm/eGo/0QKCSlapkrLrHoitColvoquJmVeMAgghqUwVT9Tr/NWGvB4lt6jzRSBR7J/dibXUNMzMzWFldxeWZGfT19yGVSgcKv85XLBZDT08PEokEDMPA1tYWNjY2EI1Gsbm5icXFRZSKRUxNTWFiz57Q+290j/WyPptpd655b+1jvHb9d8iUs3VFVceN6uAIqeloCoPxfhzo2Yc7+4/jWOoQhuOD0HxioHo833F/+kVLdR/abQ/ag53aQ3+7XzhljIGh+jlQ3dymacISApZlVX8QoUVgRQahlebdMc1SEZFE+67VUuYKhJEDsP15hblcDuVyGb29vds+NkEQxMDAAObn5zE8PEyZqwRBEAThg4RVgiCIG4SdrzrT4RglTwyAiI+jPPgMuONIBKBXjv/XFKSqlCznWm3OqiqaAeEOQb9Y5i+E5XeqBvV3CBPs0uk0Dh44gFw2i5XVVSwsLGB2dgBHjx51K7yr/dX54/EY4vEYMhlgaWkJuVwO+XwehUIBABCJRNCVTGJwaAiJRKKpNYa1Ba0h7B79YyyXVvHG4r/h7PoFALXiqbu/iojaE02jP96Hye4xjHWNYjI5jqnuSaQjKc/7EPYe1BNVg95D/30G3WOz73Oj9lb2MGjMoPWrP1hwjvwH4ea09j8EXP+R+7pllBFJdAX2aQ6J4toZRAc+te1xAGtra0ilUh5nOkEQxHaSTqdx5coVHDp06EYvhSAIgiBuKkhYJQiCuEEUV093PIZVLntfiAzUHvt3M0XDRRc1VzWsPSxvVf3Vf5Q8TFQNGz9MUBseGcG+qSlsVUTR2dkZ9Pb2YGxsPHB9zhhdXUkkk90AllEoFDyCaiKRQF9fHwYG+j2O3aD5m6HRfYa1W5aFN+d/jzeuvw1DGOjSuxDXY4hrcfRE00hGutAdSWK0awi9sR4ktASG4gMYj45gMNqPaDQaKoq34vRsRfwOEl07nb+TPVTbnXH9fRizc4WDkjcc0dWBcw6z67DnH0lqgbh2KayeQXzogW0XVg3DQE9PT8PPGUEQf7yUSiWsra2hu7sbqVRw8cJ6xONx5PP5HVgZQRAEQdzakLBKEARxgyisnOkkXhWAI/Yogme031M8qK7QwlDrYoW/SFWt2NrIgaheEyaE+QU5pxBSmIsyFothz549WFlZwezsLJaWlnH58gzS6R50d3e782SzGWQyWaRSKSSTSSSTSfT29qKrqwu6rqMn3Y2+/n709Q2gr68PyWQSuq43dGmGOU3D2lvZgzVzA/FYAv9h72fRF+tFf6wXSb0LyUgX4loMvTyNbi2JaDTqEcc7OZ4f5mRtx20bdF+7vYf+tQeNxxiDxjUIZscDODEBQRECACBjY5A8ASaK9vdCQJgmuNb+P52KK6d3zFWq6/RPOoIgaslms3j99dcxP1+NNhkcHMQTTzyBwcHBpsehP2MIgiAIIhj6G5IgCOIGUVz9GJ0oq8KyACncJADJYygPfA4M8Bz9DxLjHJGpWh2+ObGnUVamSphgF9QOND6a3tfXh/3792NzcxMbGxuYm5vDwIAdCSCEwNLSEqanp7GysoJ9+/bhjjvuQHd3N/bt24fe3l4kuhJIp9KefLhWXJrNtLciFjrtg9F+PD3yJ+57FkbQHqpzBK3Bv//qGvyvdyKq7mR7M4JrkNCvFjVTr5OW91rHqcqYXezN+bIsCyJ5EHqu6iy3jHJHBazK2dkdyVktFArkViUIooZSqYQf/vCHKJVKntdXVlbwk5/8BF/96ldbcq+aprndSyQIgiCIWx4SVgmCIG4AVjmHUna2szF8blVE7CPtTR0yZrWCHGALVo7YWk/sCnMRNhMRoL7u79fIoTg2Noa1tTVsbW2hUChgZmYGuq6jUCjg4sWLyGQyAIB8Pg/TNMEYQ29vr1vUp5Wj7804NIPGqCc6B42haZrnGLo6v5QS0sgDhUWwzTkgu2a3mSWwUg4s1g2px+y43HgPZHIASA4C8X5Ai7R0j/WO99e7h50SVcOEwrDnsJFT1nGpCilq2jVNg2VZ9pzK/Eb8IPTcGfdayzSgIxG4ruaQKKyeQWxw+3NWSVglCMLPW2+9VSOqOpRKJbz55pt49tlnd3lVBEEQBHF7QcIqQRDEDaCwehqokz3ZDJZZ9uiqIjrxMO21AAAgAElEQVQAwWIet6r6e0cs4pyDs9oIgHq06jBUX2+FeuuRUiISiWBychJra2u4du0aFhcXsbZmi42GYSCRSODAgQM4dOgQ0ul03XsIGl9dQ6O9addlGdbfvcYsA8VF4PppsLlp8PWrwMZ1YGsdspgDSvbRdHAOCGE/ArE4WLwbSPYB3X2Q3UOQ/Xsh+/ZC9k+B9UyARbo6ig9o5h52QpRtpb//eL/jAPa7VzVNgxACnHNPdAakhOAcrHKt6Dro/YyZ5Y4/t8XV00gMb3/OKkEQhB/1+H8Qs7Od/YCXIAiCIAgSVgmCIG4I5czljscQpglPvmqkv+YaKSUsy4KU0uOKDLrGHwngdwb63YGqwOV3GTYrqF6/fh2XL19GJBLBxJ4JDPQPuEf1w8bo7+/H1NQUMpkMMpkMDMMAAIyOjuL4HccxMjziFnRSxcKgY+FB9xp0D2H9W9mDuntoFoCNK2BL58CvT4MtnIVcuQrkM5AyQIBjvsiAUhGymAc2lqqXMA7WlQbrHYEcnALGjgMT9wADhwA9EXp/6mv+9lb2MGx/dmoP/Wt0UMVW58v/vFuWZX9VIgCktJ3bVmzUl7MqISyroziA0ublmr3bDsixShCEn1wut+1jbvefXQRBEARxq0PCKkEQxA2gnJvrqL+wLEjF8ebkq2qOI1XJVlWdiZxzcI17nHxqe5A44xezwo6Oq22NBFbGGDY3N3H+/HnMzMwAAC5cuIDe3l6MjY1hYmICfX19gcUyGGMYHx/H8vIyMpkM0uk0Dh06hKmpKSSTycA1qn0b3YP7umWASTtPjgEA093j9Y32qOk9NPJg8++DffxT4PK7tjBqGXbyLtcALQLUK5bkyWT1ia1CAFsbkFsbwNw5YPp18PQA5MgRyAOPQO77NGR63LMHzh7Vo9k9bJVW97AR9eIBHKeqZ6wAN6ymaZDJKbDsWfd1YRodCatmYWlHClg1u+9n//nv8Ao+g29+5ZjntXf6XsA3nmy+kA1BEDc/AwMDWF1dDW3v7u7exdUQBEEQxO0JCasEQRA3ACN7raMjxcIsw6OjRHsRieiQFcFGdeVpmuaKqkF5oEFfDu2KXY0cLfl8HhcuXMDcXFVgNgwDy8vLWF5exvT0NHp7ezE5OYnJyUmk02nP+PF43D3u39PTg5GREU8RInUNQWv0uyRhFsA3r4ItnQNbuQS2fhXIrQJm2b5IjwLdA/YR+/QIZN9eoH8KMjUGqcXr3mvdPWQ6rKFjwEMD0I5/Dmz9CrD8CdjKjOtYhVHJx9MiPiG1AZzDI7ZaJuTqArAyB3bhLfDhKciDj0AeegJy4BCYXs0ObWcPOxFFg5ymjfrXizAIgzEGzjgEE248hhoTYG9bdc+EELC6DkPLeYVVRGOhczTCzK/CMrYAtC/OEgRBNMORI0fw1ltvhbYfPXp0F1dDEARBELcnJKwSBEHcAMz8ckf9/TEAVmQIpozaUo2UkPBmhTqiqiOy2pcFZ206NBJNW3UQqhiGgXw+7+aijo2NAQAWFhZQKBRqRNbh4WFMTIxjdHTMdaX29/ejr6+vRmzzOxUBBDsELQNs9SL45d+BffIW5PULgFEGhKg4RgMcoAAY52CRqJtpKgenIPfeDzl5P5AatwXQZveQ60CsB4j1QAwcBqZQdcqWs0BmAWz9CpgvHgBS2HEArTofHbHVMiHnzgNz58Hefxns8GMQd30JGD4Opkeb38MK9Z6BZkTVeuM3+xw2uy7GGBhngPD1daIBpIRQXjfjhxBVPmui46rYAmZ+ESw+sa1Halv9DAZdzxjD8mvfwanTWfuF1Am88FcnMQR4Xx//DF58/jgw/RK+9Q4wjnnMpz6DF/rewan1FMbn5zGvXgdg+qVv4RU37nEcn3nxeRyffgnfeqcPJ1KncXq+Mt+D6zj1yjyAFE688Fc4aU+O75w6jazat7XtIYg/Su666y6srq7i/PnzNW1HjhzB/ffffwNWRRAEQRC3FySsEgRB7DJmcR2Wme9ojJrCN5HeGmFKzZAMEqUauVTVfvXcge0c/U6lUjh48AC2tnJYWlpGLpfF3XffjXvvvRfzc3OYnZ3FyuoqDMNAoVDA7OwsZmdnkUgkcPjwYRw5cgSJRCJUVA1yMNYcv//gR8Anv7dzTFWRMkxAVF83ypDGGrC5AsydA/vwl2BdaeDAA5B3PAU5egIyNgzJ9aZcmp5r9CiAKBDpApIjEKP3AMe/CGYVgcIisDYDPvs+2NUPOhNanWtz68B7L4Nf+B3kiWcg7/oSZO9eVyBW195oj4NoVnRt1N6MUzWoLTDX1ZKQ8EY/qPEYqDhZLcsCtLQdA1GJhZBSQHQQeQAARn4Jsa5Je/ybimm8cRo48cKLODm0jNe+cwpvTJ/E83gJp67sxQsvnsQQ7Ndfmj6O5wEgm0XfCy/i+SFg+bV3gHng2Isv4vnl1/CdU+/gteXjODk0DRx7ES8+D6DS/+w0bHE0exrrD76IF5+fxkvfegWnzn4GL774OF77zilcOb0MnFzBS6euYO8LL+LkUEXgfWkax58naZUgmuHkyZOYmprCuXPnUC6XEY1GMTU1RW5VgiAIgtgmSFglCILYZcodxgAAtrijZgEwPRko9HDOoet6qAjkjwjwZ0wGvR7U3iqMMYyOjqFQKKJYLGFpaRnT02dxzz33YGr/fpRNAxubm25hKpVoNIpIxCv6Ob+qgnONA9cs2w7V9/8J+PiXtiDZKMO0Eepx+3wG+ODntsg6uAc4dhLy2NMQ/Qch9URD8ToM9x4jXUBkP2RqCmLfyWrBq7kPwGbeAVs8D5lZBcrFSscWhdbMKtib3wO78Abkg38OceRzQKI/1Mmsrq0Tmrn/Rk7VMMc1UHXC+q8XQrjPixML4PZVilhZMgKhJcGtjNJugfH2j/KXs3OIDz3Qdv8gWnW/Bl0v5TEcG38Fr5z6Fk6nTuCFb3wTg5BYfj0LZOdx6lunqxefnYY8BgApjAzK6h9pqT4MSgk5OIIUrgCQ9rjHJKZf+jvXtToO21kPjOPYMQkpB9GXAnDsGKQERlKwey8vIoss5k99C9XZz2JaHkM1JZYgiHpMTU1hamrqRi+DIAiCIG5LSFglCILYZczCUuOL6iClAPOJIhJVFyoAcMag67onX9V1r6L6fdhx4E4dhM2Irpxz7NmzB5lMBmfPnsXS0hIuXryIvr4+XLt6FaZp4siRI5gYH8fK6iqWlpYwMTGBgwcPusKquq66FBbBTv8Y7O0fAusLtqAaaT8nM+SGAF4Zc20B+O13wP7wz9COn4S458vA8HFATzTcQ/XXurm1egIYPAo5eBTyzueB4iLY5TfBT78Cef2iLfRaZvMCqyMSL82A/eT/gnb+DchP/yXk+L22qBu0hgp+J2uz7WFu47A9UPcizFWtCqZBqLmqTjyG4xwN++EEtC4wRViFEHZxsTYxcte2RZRuh8G+FLAe3n7sK9/EMazg9b8/hVN/dxqpEy/g8wAw7i14BQA4ezZoiFpWXsffnzoNnHgB3/wK8Prfn6q3hADG8ZlvfoWEVIIgCIIgCOKmg4RVgiCIXaacvQagfceqFAJqvqrQe1FKPwpUilVB0zz14Z1CVkKIUDHVX4jIf129HEv/ket61zg4QlgsFsOBAweQzWYxMzPjyYHbs2cPDh8+jIGBAUzu3esRw2oquofNYRWBpWmwf/se2Lnf2g3bLagG4YispQLwh38Bn34NuPNzkPd8GbL/IOAreBXmwvQT6tLUIpBdExB3fA3iwGfBFz4AO/cqcPldYGMJsIzmi1/pEVs4PP87sOVLwMNfhbjjOSAx4llr0NF79feN2tUxgo7uB+1B2HOktoWJqk6b86WOwzm3HapCwDJNGKbpWaPVdQhaedG9XggLvIN/QpWz1+pm1rZDs47VgeEUcPospuVRW6hceR3vzAOpowOQcho/+vY5HP2vX8YTX/+vGP7Rt/GulBgYSQGn38Fry0fx5OAKXv/u93F18s/x9ZHq3PYPdwDboSpdP2r19+N44IkByOXXcSULpKR0/xR0rrG72+5X9/cDw0jhNN55bRlHnxzEyuvfxfevTuLPv/4kBrdt9wji9iObzWJhYQGrq6tYXV2taR8YGMDAwADGxsaQSqVuwAoJgiAI4vaAhFWCIIhdxsjOdaKr2sKqojdJLWGLphpcJ6qmHP9Xj0RrmlYjmqrHoZ1fGwqWLbT78ben02kcPnwYhUIBi4u2eDU4MICjR45gYGDAcw9BmbD+NbjtZgHs4mtgb/09sHC+vWJPneIIrIUc8G+nwC6/C/6pr9jH7NPjje+hhXb3ungfrP0nwfZ+Gmz5LPjF3wDnfgssXgIsNCewOuveWAT7+behzV2EfOSvIfoPAiG5se2K69vV3gqMM2jQXIHVGVdIu3CVMz7nHEIIlPURRNXPnBAdfYaN7Ny2O1abjgI4+iV8bfF7+MG3v41XKy+l7vgavnRUQsqj+NJT5/B/O22pO/C1Lw1AotLn+9/GGQAYfwr/5YkByHPu5LawqqzFXY2UkIN3YDL1A7z67W/j1dQduGMcuLq4DDmi9nd7K0kplTV9bRHf+8H38W17cjz1X57AgDoHQRAuMzMz+PjjjzE/P1/3OrV9fHwcd955J8UFEARBEEQbMNlqKBdBEATRETO/+iaMXP3/4amHWS5CGGX3eyNxBFsj34Cu6/aXpnmEVabEAmi6Bl2rRgQ4qFmrYU5D57pWxa5mBEPLstz/GcxkMujt7cWdd96Jffv21eRfNrWG4jrYuV+Avf3fgeXZ5t2aO41pZ8bK4ychH/lrYPg4JNe3ZQ9DxzALdrGus7+yi3WtXrNFZt0bpxCKELbj9eBDkI/9TxBj9wB1MmOD1rhbz1FwbmjVqWpZFoSsiKlCus+eYRiwLAuWacK0LDdf1b59AV6YQffCf6uuj2uIJJLN7V8IB77wXRhie36+ffr0aRw8eHBbxiII4ublk08+wfj4eGBbqVTCL3/5y4aCaj3Gx8fxuc99DrFY8MmO+fl5nDhxoqUxf/WrX+G5555re00EQRAEsZNkMnbc13vvvddy3/vuuw8AOVYJgiB2FSksGLkFdGZZlZ7CVVLvtt2oTo6qcrTan+PJGfccvfbnr3qn2VkxTG3jnGNiYgKZTAbnzp3DxsYGzk5PQ+Mc4xMT0DSt+TVkF8A++Cewf/+RXfG+3aP/jqDofm9VczWd3zvfN+uGrRyzZ2deAVu/Bvnwn0EeeAKIDwfen/8eWxVVpZSQPAbseRhs8Aj43vvB/vBDYOY9W+RtRlzlHEAE+OT3YPkN4JFvQB48CRbrbjj/drS3swdBuM8a45CQEFwAoiq82qJr9XlU3ayW1mO/x87xdo8/sz3KuWvgyf1182BbgX5OThB/3PziF7/AwsJCR2PMz8/jl7/8ZV0hlP6sIQiCIAgvJKwSBEHsImZhBZAdCilCqEkAYFqXfcS/cszfL5K64qkWnK+qXlevyFArx/vb6Z9IJNy81dnZWaysrmJmdhbpnh709vY2J7Zl5sH+8N/B3vuRffy+WVemiiqoahEgPQDWOwJ0DwB6DDBLdlsxC2wuQubWgVIRMEpVwbWeQ9YRKhfOg/3iW+D3XYP41F8A6fHtF1WVNhnvgzj0NNjoCbCP/qUqPLciri5+Au13/w+kMCGPPQupxXf8OWk1IsF5zflVzeZVf8ggLQlLVJ2pnPPqDy0YA6SEVWkzkIRkMXBZdCaFFLLuvTainL2GRPeBtvurJBIJEjsI4o+cTkVVh3qOV12n/3UkCIIgCD/0tyNBEMQu0mnhKsARjRRBR4u7R/udo82MMTdP1Z+rqgpJYZmlKu06Uf1RA2H9VXp6enD48CEUCnlkszn09/cjkUg017+wBvbhP7cvqjqCalcamHoUmHoAcvgIzHgvBI9Ai3WDa9VK8FYxBxQ2oBl5oLgJtjkPtnQRuPYxsHINMIrhIquSvcre+xE4AHn/f3RzV5vJU21FVHXbeBTo3Qfrof8ENnIc2u//AbjyYXOOW84BcGDlKtg7pwA9BnnwSbcQVye5sO32D2pXRdWgOdR+/mu4pgGMue5VtciV5HHAKimTi4qLtT3M/NK25qyapkmiB0EQO4apFPUjCIIgCKIK/QucIAhiFzFL6x31l1J6NFUArpgkhACvuO08x/9Djvo77dvtIKwnqDbTf2BgEEePHkUhX8D4xERN1lvgGq0i2LlfgX3wcnuiqmkAkShw7HHIu5+FHD0BGRsGtAg0xqD5LpdSgkV7gfQeSEfQswxY5RxQzkLLXgf75HfAmVfsTNOwolF6xBVXEYnb4mqi33tvLe5hM8fiWTQJ7H8UMp4E+7fv2dmrQjQXZ8A5cP0i2LvfB2I9kHsfrlvwrJ172I726nK557i9K6rC+wz5s3z940utCxCbSrsAQ/vCqrGNwqqu6ygWi0gmO8t9JQiCCKNQKNAPbwiCIAgiAPrbkSAIYheRVrkzw6rwulWF3o9S+lHb8Vg5umxnqXpFLsuywCWH5NIWWn2CUD13n9MeJGg2EvFU56rfSai6C9U5dF3HxMQeAICmaZ45ahyGnIMJE+z8r8He/gdgY7E1UdVxqQ7ts/NODz8FERuCZPZfj8znvg27X1vw1myhMZqG2T0BOXgM/MSfQlv4GOzDn9q5ppZRK7A64uqbfw9YBsSDX4eM93nm80c0NNpDFf/75LbzGOT4p8CfGQd76/8Fe//l5sVVALjyIbTId8GiCbugVZ011HsOPHsY8Puge1R/Db0/oCYGQN0/KaQruGqaVi1YJSWEZXkyVjnnMLsOQ9+8Xl2HADrQVSHN8rYJq/39/VhcXEQikdiW8QiCuPX427/92x0dP5vN4siRIzs6B0EQBEHcipCwShAEsYsIY8vjlGsVf1/JI57j/44zNcip6h77R/0j2TVzhoiqQdcFtQcJXqqjVp3DwYk2CBvf6SuEAF/4CPyDHwMrV1sXVQHgyGOQn/5LiLF7PJmhQffgf73u+iJJoP8QRO8U2IHHwK7+oVo4SljeteoRwCiDffxz8L5JiDueg+S6Z+wwUbee6NtoD8EjkD17gcf+MxCJgf37PwNGufE+cg4IAJfeBRuYAO8fh4wP152/0dpC14j691h/mdXn3xFKhRCwhC2cquM6zlZLCLeIlccJq3X5V9rRZ9kycm339ZNMJhGNRpHP50lcJQhi21ldXUVfXx85VgmCIAgiAPrbkSAIYhexjK2Ox/Aetddr2nRNg6br7tFmVUByRFXVwecXZZ1xmhWzmhG6tlsQdNp55hr4ez8ELv/BzjNtBc6B/Q9APvLXEGP3QDDNLl4UMH87uPfHdcjEENihp8Em7we78CrYO98Hlme92aZ6BMisgH34Mlh6DHLvw57xgvZgO/YQAGRqDPLRvwaPaGDvVMTVZjJXTQPs3O+AwcOQJ56D5NXYhnb2MGyNYS7XhsKxr011AGu65rpWnc+BEMKTq+rMIaWEYLFtzUSVwtjW8fbs2YNLly6BMVYTn0EQBNEuq6ur6OnpweDg4I1eCkEQBEHclJCwShAEsYtIq9xZf//xaabbx5mZqLo8GxQI8udhBl3jF7T87WHr8bc71+TzeczOzmJ9fRUjIyOYmJh0nXXtCoLMKoKf+RnYudeaK77kZ/8DEI/9je1UbcKRWo9m3JiCaUB8EOzO58EnHwR7/5/APvqZnQnrrJ1zYO4M2MVXwIb3Q8aH646/XYIjAMjYEORdX4OWzdjraiYWQI8AG4tgH/4E6NkDVMTg7RSmm22vd4+qWOrpp/xWPfbvXOf0sSzLjnrwztjgDurT6Z8FQRw4cABXrlxBsVhEIpGAruvbKt4SBPHHgWmaKBQKyGaz6O3tJVGVIAiCIOpAwipBEMQuYmesdiDI1PQNFr4cBx5gH4fWNA1gzYlV9TJRGxEmdpmGgUwmg2vX5pHPF5FK9SAejzfd34+UEnzmbbCzrwClQusRAAeaF1X97f68zqB+QcK0ew2LQPTtB3vifwEfOQL29veApVm7jXNACLDL/w42cT/k0WeaPkIf1t6s+A0AsmcS4rG/AQeaF1e5BsxNg3/yKjBywBWDw9YQFAMRtK5G7WHjh/X1tFec2xaz3M+K+l46P4AQQrhOVlP6nleJjj7LVjm3I6Ln3r17sba2hlwuB8MwUCqVtn0OgiBuDJxzzM/P7+gcznH/SCSCI0eO0PF/giAIgmgA/U1JEASxi3QcBcDgcaQKHoXkcfv4v5JLqrrveIAwph6Jdq4JE6NaFbOC2uOJBFKpFHRdR1dXF7q6ujyOwEaCpv8aXloG++R14PrF1kXVwUnIu74AOXKi7vr9awgq5hVGU/EIWhzi2BfAeybA3v1H4JPfV4/gr82BzfweGL8L6B4NXZ86V6t7GNZfpPcA934FWnbRXhMi9cVVJxJg9kPwPe9BHHwSUquKkI1iIMJoNku10T363apOQTTLsmpMp/5MVmd8JwpA/ezJDjVRsQ2xIGH09/ejv79/x8YnCIIgCIIgCMKGhFWCIIhdxDJyHRW8qYH5jvpWKppDSnDNPrrsKcCjdg0ocFUdpnkXZ9A1anu5XMbS0hI2NjYAAJnMBlZXlxGLxxDRIy07YZkwwc++BnbhrdZyVYUAEt2wTnwe1oEnwBpkqtZzy/p/367oKZkGMf4psCeHoHV913aJGvYRcXb9LPjSeVgVYbXV8f00e4+MMWDkGORdnwfLLNpFwZpxrS5dBjv3OtjgIcj+g4HjBwmqne5h0PhOmz8v1d83yKnqund9fdX8WPe1Dj7Lwip55iMIgiAIgiAI4tajxUA6giAIohOkWa4cIW7/Sz2ODqZ5xFEhpVvRPHD+BmKTc41Dp6IqAGSzWVy4cAGXL19GoVDA6uo6PvzwY3z80cdYXFxEoVBw3bNhY3hYvQh88iaQWWk5V1UefBTy2NNgkWTo+oPmDxP9wkTrejEBQeOjdy/EQ9+AvOs/AJEoIAWweR1scRq8tNHU/P61NBLs6r3PgsdgHfg05LHH7fWYRt2x7AgDC7j2Idi198CsYlt7GFaQq5P3qBmcuAx1blHzWdE9nz0GdPQ53omMVYIgCIIgCIIgdhdyrBIEQewiUmyvmMK5LQY5x5ZVgVXzC21CwoIFreLyrCmE1YIQ10o75xzd3d1IJBIoFAoAgEwmgzNnzuDChQsYHBjAxMQERkZHkUql7DzYkLGZVbSzVec+bt2tOjgJeehxyJ7Jlu+hXnuQmOl/P5oZX/ZMQjz0jWq+aSEHtnoFLL8GGe9ruIawQlbNzB10nYwNQRz8DLTrl+xIgEZ5q1wDNpeAuTOQ+x9zIwyaWUeQmKruoSq8N3MfQojQglXuDxcga37QIKV0nap+YVfy7f0nkxQmhEX5pwRBEARBEARxK0OOVYIgiF3EKufQmWUVqAStAmCQLOIRgYQQ9hH/iqjquPCcNge/u9ERosIILQLUqEgQY+jv78d9992HJ554AnfffTfGx8eRSCQAAIZhYOH6dXzw4YeYnZ11C26FrZNtzoEtTAOFXOtu1X0PQux7MHD9YfcQVMyrmf5BEQvN7KFI74H16f8EefQpwCgCK5eB9WsN19jsPdSbPwg5fBTy6EmgZ9h2pNaDc0BKsOvT0BbPgEmzqTma2cNmnjOn3S+I+vODHVFV7ev8cMJxqjrPoVrISot0AdCgfv46tZ+Ta5UgCIIgCIIgbm3IsUoQBLGLSMsAgrWh5vDrU1x3BSFN01wRiVV+dYQkVVwKElX9R/FbqTxfT+xy2nRdx+DgIAYHBytxAKtYXFzE8vIyMpkMdF1HIpHwVB/2r4FJE3zhY2Bhuu7aajANYPQQ5P6HIWO9Td9Dp+3+a5rtL7tHIe57HlpuCVi7ClZYB4QByWr/ym5WcGx1De5rWhxi7E7w4UNg6wvNuVaXLgNX3gPb8ymgCadtvfZW7yGojXPuPuMeV68Sq+G6ZC3L8wMGtS8ASM7A1GV2GI8qLQOM6ZSzShAEQRAEQRC3KCSsEgRB7CLCKnVcvIpBFUVZjRNV87klVScrQ/s5nOoczbSHjZ1IJDA5OYmJiQlks1msrKxACIHh4WGPQ7Gm/9YKMPcxkFluza3KNcjJ+2CN3VkjMnd6j/Xus941jcRCOXoC8rP/K1Beg9m7H0JycF+XZgTHeu9vs/coeiaBibuhzX1sO4XrwbktZK9fAzLXIWO9oevodA/rtQe5hd0v2D9EkIpCqkYH+ItWOf2FWQYDB4P9eZOV/zrBMnJAJNHRGARBEARBEARB3DhIWCUIgthFmBbd3gGl7bBzjvzbBa2qwqZlWWCMQdf10CJTNc7QJo++B9FKdXrGGNLpNNLpdMM+AMDWZsFWZxq7JlVMw85WnbwXSPTb+aW7KKo240QMvIZHYA0eddv8d9uKOF5vfc30l3oCcmA/0DMKFC42N/7SRfDrp4GB/RA81tb8rbhx691Do2JtNeNyDk2JBthJtEg3wgM4CIIgCIIgCIK42SFhlSAIYhfhPNJ5FIBHuzSrOZDKsWbLslxnppNVqema6+Tzi6pBWZT1aKVdCIFcLodMJgMpJbq7u5FKpTzH/j23GCDOMqsIvnoJWJ+rO2/gWsbvghi/q2bsnRBVt1swbKd/vTHCxPWwa5yICNY/CfTvBa5fbC4OILMCsTYPyzLBAoTVRmxHFAVQK6o6rm0ArtvUU8DKFw2gtjMpwWBVP39q7HGbMC0CaVIMAEEQBEEQBEHcqpCwShAEsYvwSBLbqawyaQuomqaBVYoHSSkhK8KTpmnVrtJbdd0vqrqXdSgIqu2ZTAYXL17E3NwcCoUCACASiaC3twdHjx7F6OiYZ+6wOVhhA9iYA0pbIfsSgGkAkSjQvwesq8918obdw05HJPivadTejmNYvaaTe/C3mfFeyN4J6F1poNhcHIC2cRUyswCr70BT77HaVm/9zexRM/cu4S10pfZ3YxDUbFbhFONS34PO/LJICwIAACAASURBVKaMRwE0KApGEARBEARBEMRNCwmrBEEQu4gW6d7W8RiqRauklLAqDkPuE00dFytgO/U4q62UzjmHZVk1Dj+/y1V1AdZrz+VyOHfuHGZmZmAYhjumYRjI5/PI5wu4804Tk5OTnjGCXIY8uwi2OgsY5dbyVUePQIzfZR9HD1h/O/cY1t/v0m1mj5ppD5qj0T20ssZm5teiXdCSfbYbtdkohvVr0NYuQfZMQCC2q3uoCqJBIquUEsKyc1X9zzwAyMrrajuXpcb33AKMR8D1GFDOb+u4BEEQBEEQBEHsHiSsEgRB7CI8kuzIsKq66ezvvUIUYLtUOWNu7qqDI65q0CB540X4naz1xDz/NZZlYXl5GYuLizAMA4lEAul0GqZpIpPJwDAMbGxs4OrVq+jr7UW6pycw05IxBo0J8Mw8kFlscpeqyJ5xyJ7xhvfgqQyv7KOfVvZgO9qDrum0PeiaejDGwHgE6OoF4t1Abr2pfti8DrE2BzklOlpfO+0AakRV1YUqZLVYldPXed+llBCKKFuN2hC1UQodGFa5nnTnIwiCIAiCIAji1oSEVYIgiF2EaZHOKolL6TmIrKMEDWVYll0Uyyu61rr87OJWwVmbjqPV3zfwPhqIXYZhIJPJoFAoYHx8HCdOnEBfXx8AIJfL4fz585idncXm5iY2Mxl0p1KhYpswCmC5VWiNjqB7FwNwDSI1AtHVD4bWnKrNHrm/mUTVMGE6bI5G77HaX4JDRpJgepN5qVwDSgXw/BqkMEKf+J3cQ/976DnW71uQ65aVEsKyPC5WNzLDf2S/EifQNlqERFWCIAiCIAiCuMUhYZUgCGIXYVq0wwHgyQoVwoRhGBDMFpd0Xa84DGsLUakFrPzOV/91nYpdAFAqlaDrOkZGRpBOp90+6XQa+/btQzabRaFQ8Ai6QePzUhY8c721fFVhAd194OlBSK7VyF9hTtVmCyHtlMvSv76w/o3G6HT+QAeoHgMi8dA+vgHsjNtCFjCKQKy5NWznHjrXANVnWypiKKu4up3ogKC+av8Ict6c3sbae124FiVhlSAIgiAIgiBucUhYJQiC2EU0PelmfbaF35GIirOOVYRTRSxUnXuO4Gr38QpG6nHn7Ra7CoUClpaWMDg4iL6+PlfIMowSTLPsWUPY+LAMoLhl56s2C9eArh6IaAJCWJCs9czUmiHriHg7LRi26nRtdX3ONY3uE4y3lHHLcktg2UXI7tGGY+/0HnjWVRFV1RxVy7JgCQHhiwdwP0fS9/xJdPRZ5npX230JgiAIgiAIgrg5IGGVIAhiF+HRzopX+XUcKQwIywDXEnamqk8wdHJC/XmTfjEz7Oh7u2JXJBJBT08PEokE5ubmsLW1hfHxcXR3d6NcKuDqtWtYXV13XwsbHwBYeQsoZe1AS9akqCcsINYNnuyHYBwi5B6aFVXDRMfdzlzdCSerQyPRk7XiWHUwivaXMk7QXDu1B6owamenVnJUEfx58I/jRAQIIcBqild15jbVot3kWCUIgiAIgiCIWxwSVgmCIHYRpkU66w9fjioChFGn8A4AqRz7Dzv67zpZ6+R1tip2RaNRDA8PY3FxEYVCARsbG9jY2PD0j0QiGBgYQDqdDr1fIQTY5nWw3DKgtfhXViQORLsBprctSLaTR9rO+GFsh6ja6B7qOVXV8aUeg9RjaOkEfGETMr8By7Lqzr9dbtwwVGe2M4+AgLRkNU+10u78MMJxsjrj6yj6PnusI2mVRzr7IQtBEARBEARBEDceElYJgiB2EcY7zVX09o2IVaSMD1FMPOm66yxHCAPAhHBfd4r2CCncYbjiAFWzJlUxLqwIUBhOe09PD44cOQzGgKWlZRiG4V6TSCQwNTWFffv2uTEFoaJkJA5o0UpBquaPoQOAKRlMycB9amCrRaKcvfFf4+xX0B61uoeNClH58c/f6B6C+qvtQffn2SOzBGb6XZsNMMv2F7ZnD5sp1uXMZZqm14kK771apuXOYVmWHQHAGASqQqwTESCEACvOe+byu8BbhVHxKoIgCIIgCIK45SFhlSAIYhfRosmO+tvikN8zqBazCnYnOqKUI65yzsHA3EJV/iI/ap9WKs+r7ZxzjI6OIZ3uwcrKCtbW1lAqlRCLxTA4OIihoSHEYrFAQTBMbGuHVp2krbpA6+1Bp3vYaI1B82/HParH5wF4npGm4ZodA1ApOhYa9bDNe6gWovI4VSU84qrTpl4j7QZP7qrzPHJRgPpZkx1GATDeYSE7giAIgiAIgiBuOCSsEgRB7CJ6vB8dZTNKu6q5V+SquutUnGPNak4kAGhM84hy1aHDhSygfUEwlUohlUph//79LQt+AGpyOpvGKEI3smAwIFE93t3y/A2oJwjWa2/UP4x2RNF2nayeZ6TV94FzQJiAWW4pSqLRHgbhbw/KFAbs4/tCCghLeD8TzvF/y4IIGYOj5P2ZhhTo5LMcTY6QY5UgCIIgCIIgbnFIWCUIgthFounJzgeR0lvEycq7GZYOEV0HrzhUnePXqgtU45pvSFkj1qlsp8uymfZ6BbWaxihClLYghAWmdS6aBq2xHeHZf487vYediOM1gqYUrUUyGGUwy2j6Hprdg3oRCEF77HenBsUMSCkhKj+gME3Tkwsb0wU0lOBxrCrO2HaIpic97lqCIAiCIAiCIG49SFglCILYRSKJAXA9CWFstT2GFAJcEUaZlfdkV2qaBuYTmoQQrisPsJ17Qcf/3fYWBcFyuYxi0XYzxuNx6LqOYrEIwzAQjUYRjUa9hX/aONbdMsUseDkPyTVYHQrD7RRQupGi6na3CyHA8htAYTN0D5phJ0VVVSwNwhZOhcdk6jxj6tF/p5iV6tyWRg5cGspYoiPjOQBEkqM7Jqyura1ha2sLpmmiVGoxF5cgiJsWTdNqTqdsN7quQ0oJXdcxMTGBaJRiSwiCIAiiHiSsEgRB7DKx9B4UVs+2P4CUgCJS6ihAQxlgCTcLkzEGKE495zVN08A1b6ZqUHGgVgXBhYUFnDt3DolEAsePH0dXVxemp6exvr6Ow4cPY8+ePZ5j3VJKFAoFAEAkEnHvxT8+5xwsmrALWLXKxiKwsWivH80LikHX1Gu7WUTVVgpZtdquMQHNKrqFqJomEgWLxJqaw0/YHqrPaysRCgA8kRk1wn3lBxBBrmlN5DyfOSkkOlJWGUc0NY5CafsFkqtXr0LTNHR3d9s/ZOnU+U0QxE3D3NwcxsfHd3we0zRRKBRw6dIl9PT0YHR0dMfnJAiCIIhbFRJWCYIgdplIei/yHQirQgp4DvJbBQjLANcSrtgkFZGIMQZd16silqy6VCUkGLxOUneeBoKgg5QS5XIZ+Xwe+Xweq6ur0DhHqVTCxsYGrly5YrvnjBLyhQLy+SJM04RhGBgaGsLRo0eRTqfdOfyCHysXAKvc/PFzwC6cJAWwtQrk14HkSOj4zRaqaqa//5pGgqC6h/X2OGx8dY6wPNJtKdZllsCKWWitCqtGGdIo1d3DRmsI2kN/bixQPwLAaXcKt/ljAIRlwaw4VdX+zvwxueSdS4iODKuRxCC4nnALe20Xs7OzSKVSiMVi2zouQRB/XOi67uajr66uYnV1FQMDAzd6WQRBEARxU0LCKkEQxC4TTY50Vr/KEp4iOhG5grT1MfL88eo1SraqKri5TlUohXu45opVqpjUTBEm56u7O4nu7iSWl1fw0UcfIRKJwDAMGIaBa9eu4dq1a4H3kkgk3KPKoYJfJA7ocTvbE2hOYOUcMC2w/5+9Nw+S4zoPPH+ZWXd39X2hcd8gAFIkwEMkJZKSbMu0LlIjSx57JY/tHUmWduzxWHvMrGIdsatYr0PWbsxsSLIVs/ZYGo+99EHSF8bHUqRpyaZ4kwBBXELjaqDvu+vI4+0fVZn1MjurryoQ1/dTdBCV78iXr6oB9a+/932zlzHmR6Glf93Csh5riUSNRgTrc0Ql3/Vy/F/vYxZmMGevrF0EJlMoK1l3H5u1h9Fn0H9BEPySYUnRt1oEq6vnH7as0Lpc1yVVOhP6nlNeY6kAki0Da873uxLDw8O0traSyawjulsQBKEO3d3dTExMYNu2RK4KgiAIQgwiVgVBEN5h0m2bacTKKM8NRZlCTdCZphkquqPLG18SKaWCfKt+VJ/f7v83TlTpx6ijMqyrq5u+vn6mp2cCoboSyWSSZDIZmituftXSDS1dlQhUYw1RqwCzI1hzl1H9B/DjfHURp0dB6vfX90Pfh+X2wCcqnf325cbr96w3/0rjo8+wUnu9Z/CFe2isvYixMAWus/rIYc8DMwGJVOge693D1T6jHqnq30t/z/3vFc/zKkWqHCfIsRr9fvEjqw2vFPqeU55LI9/D6SYXrlpYWMC2bTo7O5s2pyAIgk93dzfDw8P09PSQSMiPj4IgCIKgI/8yCoIgvMOk2rY0OINCeV6oQBWaRIKagNJzrkZFlWVZYLAkui8uQjB09xghmEql2L17N+l0mnPnzlEoFALBms1m6evro6Ojg0wmQyaTIZ1Ok0qlArlabw0AykqhEhmMtUrVRBImh+HiUYxt92OmO+oe3a/3jHFtK+1TnBBcbrw/hx+FWU/KLkdclOZKUZz12mPXPT8Oc6NVWbpasepCMoNK5YJ76Kx1D9fzjHqkqv5LBKjJW6+O3A3ku+dgqUJ47Q1K0XTblqaK1enpafL5/LIR2YIgCI3Q1tbGpUuX2Lp167VeiiAIgiBcV4hYFQRBeIdJtQxUClA1gFIehlHLtGqoYkiq+hGptf4qFMnqR7dahhXI13rRg9F56smwTCbD7t272bVrF7Ztc+HCBc6ePUtbWxt79+6lo6NjfbLMSkJLB2RboTC/to3yXIz5MZgfx0u2he6xGmlary26T+sVgisJxbWI3XrrX2t7dI8ShsKaH4G5sdg9qYtpQSqLkUzHzq8X2/L/q+c/bUQML0ll4Q9VYHhG0Mf/nrG074FAuFb/m7ZcLKOMP4lSqhqxun5STY5YdRyHTCazooAXBOHWY25ujnPnzlEqlZifn6e1tZV8Ps+GDRvI5/OrnieTybC4uHgVVyoIgiAINyYiVgVBEN5hrHQeM9OJW5xa9xye56HHpiW9aUxVwlHJ2KI+UYllWRamtVSo6qxGCPrXo+3JZJItW7awYcMGEokEqVRq3bLMS7fhtXRjWck17xOmBedfxTr7fVT7RlwjtWz31UhVf236GutFqa70jPr1le4f194sqRondoPr5VlYT35Vz4V0K2TbY+8ft4eO46x5D+u1K6VQkeP6nls5/u/fxzRNUApHk6mu64bSB6SNCQy09AkNFq4CSLdvCe7ZDAzDkOO5giAs4cSJEzz33HOxbel0mne/+93s3bt3VXP5f8c06+8tQRAEQbhZkP8XLgiCcA1It21hsRGx6jiQqhWpMZxZPKeMkUhVpKl2rNyXqn5kqmVZNZFGRFJRq7geV0AIlo9w1PukUilSqVTd9tXKMs/K4OV6sDKtML/GPTNNWJiBKydRc6N4rYOhY/eruX9ce7TPWqXqavewmZGoK0V51nsO5kZg9AyUFlefBsC/Z7YdVRWrzd7DldoNwwBFIFf9vKpLqM7hC9VoTtasN4xeucpznTXtwdL7mSRzfZQWmhf5VSgUJFpVEIQQQ0NDgVTds2cP27ZtI5VKUS6XGRoa4uTJkzz33HOk02m2bdu2qjkdp8G//wRBEAThJkTEqiAIwjUg1dLPYgNRH55TRvcoKabJu0eZS94fyCa/eJUuk0JCUYHyNBFl1qIXo/kofa5WLsyVxC1t/ZWv8Qur3KHIui++jnHxddg3uKStWeuPStOVcqa+k3u4luP/eruFR2JqCGNiaG35VX1SLZBqafoeruYZ/T4o8JRX+bzHiWPtWvQXEUopUuWh0Pea59gNpfJI5QfXXoRtFYhYFQRB58033wTg8OHDHD58ONS2bds28vk8L7/8MidOnFi1WBUEQRAEYSlS5UAQBOEakG5vrICV8jw8N5zn0VDlINJUKRWKwNOPduviNJSLshqtutqj63EyLDo+tL6Y9lULt1wXqmMQkqmK4FsLiSTMjpO48DLJhcurer7oEf9664ubZyUhuOTZ1rCHcWtohnSN5iQ1TbMS2ewswNgZmBmpu55YPK+ShqGls5IOYJn1x61zvVLV/4ruY3S8/30StFdTAOhjK3mKFQlvNvxojr22vYjQ7MJVgiAIcVy+fBmAgwcPxrb718+dO/eOrUkQBEEQbkYkYlUQBOEakO25DRrM1Og5NqZV+2s8paYwVQnXDUuraCEr/0i0L5BM08RKWEsk1ErCr54wXKmtXp/lhJ+b6cTq3IyVbgG7vOy89TDOfJ9E/1648ydxMZc9el5vD6LrjxOScePjZN9q9qmZ0rRelKqef1d/ftd1SUwMYQy/BaVCRVCvhWQKsu2oRGZJjt+49fnt+h7GPUPcHi4pVkXtcx58hrRfMvjjXNfFdhxsx1mSKkApRdodx8TGTwXguW7DhasyXTuvynFaiVgVBCGOdDq9puuCIAiCIKwNEauCIAjXgFzPAQwjhfLWJwkBXMcmkckGry01D8RXvdcjAKNHnVc6lh2N7tP7+DSSK7NQKFAul8nlcsEPelGhqRJZvLaNWK3da8+zWnmISq7Vcy/C5rtQXbuXXWOcFI221xOCq2lv9h6u1B6NVo6uMdoG4JXn8S6+XsmvulY8F/I9ePkeXMdBmVbdFAj6+peTpquVqrrY9lStKBUQiuZWSlWO9EfWoM/byhk9vSqeU2709yG09N+J6zYmZ+NYrVh9+6lv8Mxw+Fr+wCf59MM9TV9T83ibp77xIp2f/DTX9TIFQRAEQRCEWw4Rq4IgCNcAM5Em23sbCyOvr3sO1y6jW5+EO0Wu+AozqXtRqlLxPJFIYJkmpnb0X8eyLEyrJqs8zwuK/eiFrNaar1NnOeE3MzPD2bNnmZ+fZ8eOHWzatKm+EOzaDF1bYPSH69sw08I49wpG99/AoW5UumPJPfT1rfZY+Vrbm7GHK7XHRdquJG51lFIkZi+RvPhaRWSvNVoVUF1bcLp345rpunu00h6vJ9o39IuBarNpmoGADaSr5+FWv3S5HLS5LonSOfTvMdexG/Kqhpkk13uAhcX1/0KlKQy+ny88tq/y5/Hn+M4TR3jugEhLQRAEQRAEQVgrIlYFQRCuES39d7Iw8tq6xyuvcizZ1I/6e0Vc1w0klGmaGKaJpxTKdeMFlqfArFVPh4pUXSkPJqw/ytLzPEZHRzh9+jRjY+MAdHZ20tvbSzKZjB3vtg5g9O7COvsDKMyvvZCSaYJdJnHiuxgdG7D3PopnZZaN4vT36moKwUYiURttrxvJWp7HOvdiJQ3AWvE8MAzc1n7cXM9Vl6p1P2PKCyJD9aJtQXoA7X3202WEUgc4ZZLMoX8bVH6ZsX61muu9DUUCpUrrnqMea00FEPTvPcCW/DGmxg2MXjj+5Ne1iNZB3v/Fx7mN4zz59WfwLw++/4s8fhuMPfttnjg2V7mYP8AnP3OAY99+gql7Ku3Hn/w6L3Z+ks880lvpO3UPX6w08HX/JoPvr117EQYZZjj/fr74eA/PfvsJjs0Bg4NUys4ZrPExBeGW4U/+5E+YmJhYcv1b3/rWimP1Pj09PXz84x+v23e5X8oJgiAIwq2IiFVBEIRrREv/nQ0fK3btMqaVC15b7iwqEZZR/tFnPR1AIpGoRKuaJoZp1AQrYJhLZRs0JlX1dqUUFy9e5K233mJ2tlIYKJvNkkqlQvdbcjTdyuD178Pq2QYXjq5vw0wTpkewTj2P17Mb1X/7mp/B77NW6droHq40vpntqamzJIdeWF+0qudCaydG9ybMVA71DkWq+m2VSFQX5amQUA21Ow5OJOdqNCdrW2IMy9HzqzqoBo/wt/TfdVXSADTE2DHOz+XZ0gNwHPZ9kS8+DjDGs99+grePQ8/IiwyHBOizjN3Wzz8cgwOf/CKP9Fb6/sPxR3jPljxPvH0cbuthhEHyU8cY4xHGp+bId/bA2LN8+5m50LhvP9vDZ/qBuTk6P/lFHu+tSNtjHOCTX3yE3uNP8vVh6LymGyUI1zdxUnU9jI+PN2UeQRAEQbhVELEqCIJwjcj1HsAwG8yzWi6TzNTEaos6R7d6lXnr3eHj/SqcRzMUCeq4gYCKOzYOqxOCcVGQpVKJixcvMjQ0RKlUYmBggI6ODi5cuBBI1Y6ODvbs2cPGjRtJJBLL3t/p3onRu5vEpXVEUur88CUSLT1wfzdufuOS5uWO9y93tH69QlDvo88dHR9XaKre/OttN4pTGKf/Hi68sexal6VzI27XDjwrg1lnD+OeIbSOdeyhH6ka/YWFf7TfcRxc18XT5Ljfrs/vui4t5TdDc7jrLJqm09J/51UpXAVrjCIbfoavf/2Z4GX+wCd5uEeh1D727VMcf7KWh3UQRc+BLeSfqIwZfP8X+MKnAQX7Bp/hmSe+zrH8AT756S/QgwLycH6EsbERzrOPe3ibcTXGyFyeLe/pQY1PMZffwoEehVI9HNiS59jUOKofIE9/j0KpcY6dnyO/5QA9SqH27WPwmRcBhQTLCYIgCIIgCNcTIlYFQRCuEWYiTa53X4N5VktEz8YaBqFIVT1qT49a1UWdUqpyHNoA0wjLrGhF95WEov9VLBY5c+YMp0+fplAoAAQy1WfDhg3ctv82ujq7QnK3nlBU6Q68vr3Q1gvTI2tPBwCVMZ6H8fYzJJIp1OGfxmkdrCs1mxXJWm+8/ozRPdTb34lI1QQ2yaHnMY7/HdjldUSrVtIAqM7NGJ2bQp+1te7Bcnlr4wjGe0sluP+94KcA0D/TeiS13wcgyUzoe6vRNACGmSTXdx3kV4VwjlWd8ef4zhPH4MAn+cJj8Nx3nmAKoOdhPv2Fh+Htp/jGM9/gG88M8v4vPMa+x77APsZ57jtP8MQ3jlWLYO1j8Jm3GR+H/L6H6Rl5kX947hhzbOHRHkCC4QThmrFhwwYmJiYol6+Dv4cEQRAE4SZhHT+RCoIgCM0i138XSitOvtYvz3Xx3HAEnOXOBEeco7JIRxdZuhjV2/SK61D/6LovwnQZNjs7w8jIlUCqJpPJUP7U3t4e9u7dQ093T10BFxW2pmlibLkLteldjW18Nd+qcfwZkm8+hbUwEnq+tUjRuL2oJ57jxkcjNOtFaUbFbdy9l5u/Hn6753moC69ivPGXFWm9joJVeC609+FtPICX7arbbT1Sdbk91sdihH+BEAhVbQ/MyFjHcXAcJ+iTUnOkCP8SwCmVGvpezfbsByO5tsjSNRDdp7pfld5122GQux/qRo0d5fwcoBRjz36H7zw7htr7MX7xJ/eTB5Q6zlPfeIrjqpuH/ptf5H2Dlb5KddORn+PFF+fo6FZ0798M588zl++jWylUdwf5ufMcHVMoNcbR83PkO7rxt0VV59i/Oc/c+aOMKYU6/jbDa3lG+ZKvm/SrEQ4ePMhHPvIRHnnkkYbmEQRBEAQhjESsCoIgXENaB+5i9PXfbWgOp1QgncsHr1PuCIYzj2u1oFQlz6R/xF4pFeR49GWrnotVKYUylv4AZ6hwpKuP/sNeVHQVikXKZZtkMsmmTZvYs2cPlmVx8uRJzp07h2laGIaJ4zgsLixwaXiYqakpBgYG2Lx5M8lkMn7+1gHYeBCGXqzkAF1P1GrlwaEwj/H6X5ACjHd9AifXF7pn9IdZ/Rnj2qPX6v0wvJo9rHf/6LXlxse1xwlLz/NIzZ4j/ebTlfy165Gq/v36duEOHMQ105UI1jU+Y/TaaoSCUtUUAJFrbjWPquM4QToAVVkEqLBU1eVrp3ECQ4tOde0yymvsCH/LwF1XLQ0ArDEVQL3+3fvZnP9jvvvNb/Ld/H72D8KFkTG6H/ogm3//j/jmNyvdBt/3efYq2Pu+E/zWN7/JdwHy+/nERyuCdP9meOutPP3dCkU/zL3F4N17K/fsfoifed+f8Vt/9E3eqkzG5x/qRp0IFoYCuh/6IPt//4/5o2++VStepRQNuiVBuGWZnJwEYG5u7hqvRBAEQRBuLkSsCoIgXENyvQcwrBTKXf+xPLuwSLqlLXidZJZW5w2mjfsCaepHQvoSDZZGPkalm++VDMPAtMJ948ZEsUwDyzLIZrP09fWRz+cxTZNNmzYyMzPN7OwsQ0NDDA0NceVKLbLVcRza29vp6uqKFYKOMjA23kly40E4/uz6xWplEypy9eU/JVlehGpaAH8P4u7vEyc91xJJutL11YyPW+NKuW/9Nr1PavEKqZf/EE48D6a17JbVxfMgncXt3oab61nVMzSj3fM8FCp2nC9XA6mqC+fqtbiI1oxzJpQGwC4urm9PNPIb77uqYnW17P3o59lbt7WHh37m8zwUvNb+FLoeTMbnYybreehn+HzQeS8fjXaKG7fkWnQtgiA0wvBwJXFys4pcCYIgCIJQQcSqIAjCNcRMpMl172dh5LV1z+HZNq5dxkqmgmtJNVO7h1agxzTNUFoAy7ICWaWUwnPDUX+GaWAaaxOXvqBKpTIkk2kWF2coFotaSgIDy0pQKBQ4e/ZsaGwymcQ0DRzHXlZquq0DmNvuxrp8fP3H1n1ME0oFjNf/kiSgDv1z7JYNQfPVlKr1WK9U9a8v1x4dn5w6TeqF38M48XxtP9aD50LfTrwt9+ClO6rRhe+MmNZTn3rKC4SqbduBUA2+D1wX1/Pw6ojnnHeehKpFdCmlsAuLjaRXxUy1kuvdz9zcfMPHeetxteYVBOHmoLu7G4B8Pr9Cz+WRv2sEQRAEIYyIVUEQhGtMy4Y7WRh5taE57MIiVjIdvE574yRUAWW0BlF9pmnium4gp6J5Jv0/BzkuTQPLtNYtBLPZLG1tbUxMTHD58jCGAXNz8wwPDwfRqT7ZbJaenh4GBgbo6+sjm80C9YWcY6Twtj9M6vIpEq89vcbdiiGRBNfFePkp0tPDJO79acq9B/CsE+jY2QAAIABJREFUzJqEYNyx9WZL1WYIydDx/5f+C5z6XmORv54HpoXq3QldW4N7NPqMfp+V8s4GvxhQHihC+YH1Xxy4Vanqpwfw86rqc+fVKaD22ikVUJ67/r0BWvvfhect/Ww0i2w2K7JDEIRl8cXqhg0bVuhZHz+tkCAIgiAINeRfR0EQhGtM+5aHGHmtsTyrdnGRTFtHIIiSzNPuvcGs+Z6QVPKlqfI8sGpHvv120zSxrPij4NEcmXHtutzxZeno6Cijo2OMjo6F+ieTSdra2ujr62NwcJCOjo4gXYF/n3pH2w3DgGwXaucDcOUYXDndWNQqVMSiB5z6R6z5CZJ3/yT21gdRmc66z3i9SdUodffQXiA9dozUy38EZ19a9frq4rkwsAt72/2UMz3QwDMsl94grl1H/4zEikal8CJSVcd1XZL2JT0LAHZhvpFgVQBaNhzCtu0GZ6mPUgrHcUR6CIJQl5MnT3Ly5Ml1j4/7O1MQBEEQBBGrgiAI15xs9x4ynTspTp1e9xyea+OWSyTS2eBaWo1jeEU8oxLJulwuT1+6+hLWMGvFqvw+OquN4uzo6KC9vZ3p6ena82az9Pb2BtGpuVxuiQxTSuG4DpZpkUgk6soytfEO1K4HMCbOg11ujlwlCZdPknj2t7DedYHygY+G8q7qzxdlOSEYbV+JZkWqRqVqwp4ldf77GC/+EVw+CYbZWLSqY0MyhbP9PpyBA6t+huUiaePWvxzRaFU90tWPXg2iVauvo3vjeR6t7mkSFPEjVpXnNZ5f1bDo2PGjFK+iWLUsi2KxSEtLy1W7hyAItzaFQqHuL14FQRAE4VZGxKogCMJ1QMf2H+HK5PrFKkB5cZ5ERhOr3jCtzhvMJO4GajLPMAwwDDylMGNEV/QHJ6VUpTgQxpIj2XHowiqXyzG4cZDFxUU8z6Ovr4+BgQE6OjpIJpO1+TUhWCwWuXjxIpOTkwwODjI4OBiKxNPnd5JtsPv9JEfPYJz83rr2bQmmCWYa5qcwvvefSV86hnXnxygPHoZMZ12hupIQXEvEbzOP/weS0S2SnBnCOv7XcPRvYW4CrGRjUtVnYE8tt2qdNeqsV6rWjURdoQ0qwtVxHFzXDe4R7d/OcT0LAHZxoaHcqgD5wcOYqXa88nxjEy1De3s7ExMTQQoNQRBuPbZu3cq5c+canqdeqoC5uTm2bdvW8PyCIAiCcLMhYlUQBOE6oGPb+7jy8m81NEe5sEDW68HQRJnpFYOj80uiPSPpAXypuuRou7G+CEv/Wm9PL7lsjlQqRWtra925XNdlcnKSM2fOMDIygm3blMtlWlpa6O7urivqvPbNeHsfxpo8D+MXGo9a9UkkK7lDz75MYnyIxG2P4Nz2QZyu3XhWJugWSk9QZx+ifeqhC8Ugb2ikYv1qj/+HHmVxlOSllzBe/wsYerUSparl5F03jg2tnbj73o87cDC0Bv8zFZcvNcpa9jBurB+tGodSCtdxgn2Mvg9+RKvpzJNWk+hmtbzYuAzt2P4jlMvlhudZjlwux+zsLIuLiyJXBeEW5YMf/OBVm3tiYoK2tjZJNyIIgiAIMci/joIgCNcB6fbNtAy8i4Urr61/EqWwCwukWmoVfy37Mo47g5Vuq+VX9Yv4VKWq/4OS3+Z5Hjg1AWYYBpjhCD9dmPnUi0BMJBN0dHQsK8pmZ2cZGhriwoULocJWvpyLHt3Wx3tGCmPj3Zg7T2PMjDQnJUBtAUH0Ki8+SeLC6yR2P4iz/UHszl24ZnrZiN6VoiijfeLyyXqeF8y/lghOAKM4RfLSSySOHakI1XKxeVGqngeGAVsP4Wy+B9tIYigVK1TrpZKIpn+A5QtVRffBl6rKq+2VLqI9z8N1HJw6eVX1NAE9ibcxyrUiVa5j45TCRdbWipnI0r79fSwUrl4aAJ+BgQEuXLiAYRik002Q5oIgCFSkaj6fp6OjY+XOgiAIgnALImJVEAThOqFj+4+ycLkBsQqUF2ZJt9bEaos1SY91gmnj3kBG+ceto5GDvnDVCYpJKUKRq/4csPyx7pWEY7lcZnh4mHPnzjE9PR0U+Glra2PLli1s2LCB1tbWFZ/bzvZiHPwoqfkJeOuZapX6JshDHz969fJpuPJDEqe+R2L3g5S2vhu7cxdGIrdkSKOFqFa7h3HjjeIUydGjJE7/PZz5QeXYf7OiVH2qBatKe3+EUtuWNa8xKl3rpVgIjV9BquqS1vVlavWXCLqc99t9qeo4JTLu6XDRqsW5xtMAbHoAZaTxvKuXBkBn06ZNXL58mWKxSDabJZFIrCraXBAEQcdxHAqFAnNzc7S1tdHe3i6FqwRBEAShDiJWBUEQrhPatz7MxX/8P0G5K3eug10q4to2VjIVXMu4lzGNBVSiNYhShYocjTvW50sn/4coK2FVBCsqkFNx0YP6+JWEoOd5TExOcPrU6eDYP0AymWTDhg1s376dzs7OYH1xQk7HMAzs9m1w8COkZkfgwtHmilWoRa96HoychdFzpN/8a9KbDqJ23E958DBOri92jVdLqkYjiBPzw6TOfQ/zzPdRl0/C4mxFqFpN/ufe86CtB/f2n8DbfA+mYa4oTese768+Y3QflouI9sdFUwzUk6uqGklbWXo4otXzXHqTQ6TcBYKiVUpRnJ9t1KvSseNHr3oagCgbNmxgZmaG+fl5HMd5x+8vCMLVwzRNhoeHr+o9/H93Lcti69atcvxfEARBuCW466671j1W/qUUBEG4TkjmumnbfD+z559vaJ7C7BSt3f3B6wyjtKnjTHmHgZq8ipN1fhSfaZq1iFZFLU8rjQvBhYUFzp49y9DQUOjYP0B7Wxvbtm6lt7c39h71pGogizfcjnvwx7HmxmB6pHkpAXRMEzArcnFmDGa+i3HqH8n0bUNtuh1n0yGKPfvxUu3B818tqeopD6s8S2b8LRJD/4Rx8Q3U5GVUuXh1hCpUnhtQux7E2fkIrpmuK1V1+V5XmEaecTXpEyrLqESrRmWqX6TKse1QZLWP/jmv9HfIq6OholXlhTmU66xvf6okMp20bX6AufnFhuZZD+3t7bS3t7/j9xUEQRAEQRCEWw0Rq4IgCNcRnTt+lNlzjYnV8vwsXkcPphZlkvAmcJQTCCw9DYB+jFrPwxpC1Y7/G2ZVlGnRfaFCS8sIwbGxUU6dOsXo6FgQpZrNZkkmkxQKBRYWF5mcmqKtvZ1sNhuMX1xcpFQqBX1haRSkUgqbJO72h0jbBRIv/fHVk6tQE6wAdhl18W24dJLEa39JvrUTuregNuzHHjiA17EZle4McrLWIxTlGbOHplvEKE1hzV0hMXEGLh/HGDmJmh6BUhGlvKsnVLXnVrsfpHTwo5TT3VirkKpxzwfxeXlXkqqBSNU/k1pOVz9/sFvtp0eq6kK1EpXt0W4Okzbm0aNVCzOTDacBaN/6MJ5aWjROEARBEARBEISbBxGrgiAI1xFtmx/ETGbx7Mai3Aqzk7R09QWvW7lAj/E6k1SOOESFZFDIyrKWzLWePJj1oiwtK4HnKWzbJplM0t/fz67du7BMi+PHjzM8PMzFixdpb28nl8vheR7jE+Mcf+s4s7Oz7Nu3j23btmFZ1pJn8KWum2rH2fV+rLkxjNf+vFLMqtlpAaJEJevUCEyNwOkXSSZTGJlWaOmEjgFU52ZUWz8q1wX5ftxkbkluW8uysOxFjMVJKC/A/DjG5HmM6UswM4Kan6o8l+dV/J9phtdwtfA82HE35UOfwu7ajRWJNPXfAyAUqRpX7MxnpXYdPa8qEJKmfqRqJZI1fNzfX5ur5VutpA6Abt4M3cMuzOM5jR+f79jxI3IMXxAEQRAEQRBuckSsCoIgXEdYqRbatz3C1Km/amie0tw0uY4eTE2UJr0pPMPDsqxANEGtGrtlmqAJSz36z49kNU0TFEFOTX18XA5Nv93v09nZydatW7Esi76+PjZv3kwqlcK2bXp7e5mammJhYYErV66QzWYZGxvj5MmTQcqAy5cv09nZSXd397JCz831Yx/65yTTOYxXnob5qasXuboSdhlVGofpUbh0orJGw8SoSkETSAL4eXHtiIzzPFDV9woqEam+KL7awljHsWHzQUqHfopy74El8lxntVLVp15O1lBbNcevL1V9fKmqF6Py1PJ9fHLqIhljmlC06vTEmrcmSio/SOuGQ8zOzjU8lyAIgiAIgiAI1y8iVgVBEK4zOnf8KJMnGxOrKEVxdopcZ09wKW+cxzHfYMo4FCpQ5UfvGYaB63kY1dfRwkAQI7z089Iq/nh+VKht3LiRTZs2BffwPA/TMhkcHGRmZoahoSHOnz/P5cuXsW07lDKgu7ubXC4XK1WjMs/J9eHe/gmSHiRefRIK8++siNRZTTRpVKiuZezVxvNgcC+lu3+G0oZDoUhVICTq6xWyqoeeH1UvZBUdEydV9XuHxKlSmNXPs39/P5pVn6+bN0Jz2YUFnFJpLTsTS/u2D2DbjqQBEARBEARBEISbHBGrgiAI1xmtg/eQyHbiFCYbmqcwM0GmrTMUtWq6MzieE4hS13UxTZNEIhFc00WVnnfVMAwsy6rktlThaFc/76p/TY8y9IkWMXJdN1QMK5VK0dPTw+TkJLOzs4FQ9VMG7N69m+7ubqB2vDtUTMsgyIsZFHdKtOLe/nEyXAdy9UbE88C1YcMeynd/ivLGu5ZEoPrH86GaKkJ7D+La9byr0ffQL5DmS3r96H9I3ppm6Pi/H1mti0xPqcpXVbhGJWdOXSRrhKNTK9GqjcvQzp0/SrFYFLEqCIIgCIIgCDc58tOlIAjCdYZpJel/12cankd5HsW5aTCM4KvdHKLHrETp+WIKarlTHcepiKqqrPI8ryZUIbimi1eMOkWIYqRqXLthGJRKJS5cuMDp06eZnZ0N+rW1tXH77bdz6NChQKpGCaJUiU9F4CbbsA98BHX4cWjtDKraCyvgpyDYdhflB3+e0pYHIJFbGqlaR5qG2gP3XUeqav7Rj1j1lBeSqkAtHYU+v5ZPNVi6XsRKK1jl47ouXcbRioyvfm/YpQJ2sbHcxgDtWx8i2b5jSd5cQRAEQRAEQRBuPiRiVRAE4Tqk57aPc+Xl/4hbbixHY3F6gmx7V5DPE8ByZ3CUjWlaS6JUTdMMhJAvsfTiVnrUIFArIlVHasJSqapjl20mJyc5d+4cIyMjoWP/GzZsYOu2rXR2dgayzSckZmPmDwk9A5xsL+X9HyWVyWO88hSMX7h2OVdvBPxI1Z33Urjv5yj17scyrdg0EP61ZaWqEc7Lq/eJttcTruHleaFI1Kg4VZFCVdHiay1cJmeMh+YsTI1DEyJMB+76BYrFYsPzCIIgCIIgCIJw/SMRq4IgCNchZiJD78FPNTyP5zqU5mYwtP91mOfoNSpRq9HiQr6E8oVVNFdm9Mi1fuQ/mEMtrQyvo0u5ufk5Tp8+zcWLF7Ftm2QyycBAH3fccZADBw4EUrVetGsU//5xQs/O9rKw98OUH/g5GNgFdkmiV+NwbLAsOPA+iu/+ecp9B2KlaqjYVJ33yDAMDNNYIlVXkq6+VI3Lz6pHTPtyFQiJf0/7POspLaASld1rvFIJVq3+zykWKS80Xmgqv+ndpLv24DhOw3MJgiAIgiAIgnD9IxGrgiAI1ym9B3+KsaP/b8NRq4tTY6Tb2jHNWq7VLJfB2QNWG1CTpr588o/+62LLz8fqvw6iVX3htszRf59opGlLroX29nYmJyfJZrNs2bKFjRs30tLaEjvPcikGorLOMGPyeVoZFre9D7eln+zrT8Cpf6wUjZLo1VqUaq4N9a4PUTz4OOWWgZD0XBJNaqz9PVoyPjLW9VyUp2I/P7pQ9YtR+VHX+i8FojlV9fv3JU+Q8aZD8y5OjTa2d1X67/xZCoVCU+YSBEEQBEEQBOH6R8SqIAjCdUoi0073vscYef3bDc3j2mUWJ8Zo7d0QXGuxpuhPnGScu5cc7YeqpHRdrKpI9SWVL7L8YlZ+sSI9KlAvZFUPX7Zls1m2bt1Ka2sr+Xyezq7OQJTFCbm4OWImr5uewF+j3X8Q48Ee0r07MV7/S5i6DFby1i1s5edT3XgbzqGPU9pyP26qHbPOHhuG0TSp6vfRparfP7zEpVJVb3Ndt5YjuCpW9UhVpRSWt0AHb1ZuXqW0MEdpfpZGyfUdoGXgEDMzMw3PJQiCIAiCIAjCjcEt+hOkIAjCjUHv7T+FYaUbnmdxehynFM772OKdw3QXQlF+oWPThoHjuji2HRJZevqAUBEr4o9u68fzFWqJjGtvb2f79u1093RXhC1GbJSkj9/uy129j17IKtoeLaLktA6ycMenKP/4/wi7769Eazp2w3t9w+HY4Lmw692UH/ochW0P46ba6+6hX0zKfx9Dnwel5TNdo1QNvT9G+N7B/bW8qj66VNU/w6Gcq0rhOA591iuYlGvXPY/50eGmbOPAnf9CcqsKgiAIgiAIwi2GRKwKgiBcx6Ra+uje8yHGj/9pYxMpxfz4ZTo37ajNbSzS473MsHs/AIaxtNq6aZq4WtSfYRhYlhVbMMgwDKyEtaRq+0opApYrRFVvfEjY1emjy96gcn0kPQCJHMX+w7gf2Epmy19jvPL0rRO96kepdg2i7vwwhV0/RjlTk9ur3UM9t2699AB+v3pSNZqzNVpsKipMQ/K+Gl3ty3/9FwB+X9d1SZYv05o4H1rX4vQErl1qeCuzPXtp2/oQMzOzS36xIAiCIAiCIAjCzYuIVUEQhOucvjt+mvHjT4FyG5qnPD9LcW6GTL49uNZunsNWLYypO0KRh36+Vb8wUDKRwLSsIMeqfgzbTw2gE0QnaqxWqurCrh6hCNllxK0eyVqvHQPKmW68g58gs/U+rNf+FI7+LZSLN69gdWxIpmD3e3Dv/Dil3v04RgqT+D0KpGpMioXQe1CnEFXwHhh+t/AcnucFKQCAIJ2E64SFalTme66LbduUbTv4rPr31PFcm42ZVzC0z4prl1mYuAJNEKH9d3yaUqksUlUQBEEQBEEQbjFErAqCIFznZDq20bHj/Uyf+duG55obuUi6NY+hycIWc4QZr4xntgRHpqF25N+yLDyl8JTC1OSWL5FM0ySZTFbysyqCo+L+HAFaoaK4nKk+cVGoleF1jpZTX/jVqzwfPXqOAa6ZZqF9F8aD/4r03g+QeuNpOPODSnGrm0WuOnYlSnXbXTh3PU5xwyHcZKWAmcEyUjUmEnU1haiCSNSqNPWFqR6hqn9egrFeJd+qnmoimnYiKlXjjv/7vyTosk6QtcJ5VOfGhlHaLwjWS7p9M507PsDM3ELDcwmCIAiCIAiCcGMhYlUQBOEGoP9dn2bqzN80PI/rlFmYGA0Vssqak3QZxxnn7pCc8vNcAphVYeZHqvp5WC3LCmSanzpgSaSquTQKdSVpGpJ5EWm62sr0dY//R4neI9lCsf8w5Yd3kdnzConXnobzb1T63qiC1ReIAztQB36M4vZHKLcMVK5peWdXK6b1PvXeJ52g2NUyUapBP2pH/+vl7/U8D7f6FZX4eroAz/NQ9hw9mRNEC1YVZ6dWv3/L0HfHz1B2vFAUtyAIgiAIgiAItwYiVgVBEG4AWvoO0L7tYWaGnmt4rvmJK2Q7urGSqeBazjuHKm+FdE8giHxpahgGnlJQLXClFxbS5auPPz56HQhkp0+cNF2rVF326DkrpAeoI2UxwEu3s7jtfViDh0gPv0Li2BG4eBT8ImDXu2T1c6gaJvRtxbnzMYrbH8FNtVWed7V7WGeP9OP/9d4nqEU+R6VqNGC5nhj1IvLUL7RmR4qqhdZWjVR1nBI70y+QMMuh9tkr5xvb2yqJXA9duz/E3GKhKfMJgiAIgiAIgnBjIWJVEAThBmHjfb/EzNDzFVnWCEoxe+UiXVt2BpcyiSKbzde46LwbRSZUyKoyRAU5LH0BZvrV3Ktiy/O8kETzPA8rYYWFmV9R3jRCRZKC9lXIunpSdbXpAVaTk1VvV+lOits/AJvvJzl1mvSZv8cYehE1ebmSh9Uwry/J6ovGXBtsPoja/RClwUPYmV6AUJ7RelJ1tTlV17PHUVnqz+OP1QtVRXPu+lLVcZzg+L9eZMvHdV1cx6HHOkNLYgI9WnVxchS31HjBKoDBQ/+SsmtItKogCIIgCIIg3KKIWBUEQbhByHZup+/gJxl98w8anqs0N0VpfoZ0a62QVc4cpcc6xoh3TxBtqsssqAiwRCJRjWSspQDwpaofyWpVC12htAhELyzjUJVj+v59VhOpGrCao+krCL8oK0pXK0ux+wCFzv2k9j9GduQ1jIuvY4ycRE2PVCJZfen9TslWPyrVv2euDaOjH7VhH+WdD1HuPQCJnP+AwfMF+XHrSdWrtIdrkaqxxao8D8dxlkSq+iLfb3cdh4QzTn/meHi7HJu50UssCZddB7ne/XTt+xizkltVEARBEARBEG5ZRKwKgiDcQAze+wUmTh3BLU43PNf0pSF6dhzASiaDax3mELPFTuzcviAS0HEclFJBkaoloi1SMCiRSITb3RiJVamUFIx1PRfl1SIUl5Oq600PsFIU5qraqzLYzW9koW0TateHSC5cJn35lYpkHR+ChSlUcT4sWoPFr1O46gJVJ5XByLVBe0WmTvfdQbF7P9l8V2w0r/9n/zn157vae7hWqQqVdBL+ONu2KZfLwefR/6zoY32p6nkOO1pexTJd/GhVpRRTF3/YlIJVGCZbHvp3LBZKEq0qCIIgCIIgCLcwIlYFQRBuIKxUK5ve/a8Z+u6vNTyXa5eZuniG7u17teP9HgPZEwyVBrHSbaEUAHrO1LhoQj9aVW/3xZgvwkzTDBUx0nOuGoaxpGq8fr96leeDCEtYPj3ASoWuVtuutRmGgd2ygdLOR1HbfxzLniUz80MSE2cwJs9jzI/B/FRNttrlcO7TyhsBnlvdRAusZEW+6v1ME5IZjEwrtHRCxwCqczN0bsJu20gxvwUnkQcgu8o99J9zTSkWVrlHUVaSqrpQjUaoep4XRE1HP4tRIeuzJfsS6cRcaA3zo8OU5meXLm4d9Nz2GKnOPczONmc+QRAEQRAEQRBuTESsCoIg3GD03PYxJk7+JXOXftDwXOWFWeZHh8n3bwyuZax5BlMvc8l5LwBKebE5V23bBipFrhLVQld6BXdfeIVEpGmEpFiQc1WTqoYfYahHWC4j/GqTx7f7hZIM01jx6PuKR+PrRMsahoFhGSirg2LmMMbA3ZV1O4ukiuMk54YxijNQmMEozIBdrEhXpwSJdPhNcar5PzNtqEwbJDOobDu09qAy7ZRzvZQzPcER/0B6eiq0xrXs4XLietWRrHX2aDVSNdpHF61+oSr/8xYnZCuftUrO1XbjDB2J4dCWluZnqykAGieR6WDjfV9kYeE6TAGgbCz7LAl3DNOQSNpm4CkTx+rFTW4HI7nyAEEQBEEQBOGWQsSqIAjCDciWh/4njv3hJxovZAXMjV4ik+8glWsNrrVbl3HUS1x27sI0LSwrXITKjxyESqGgihg1g9d6dKtpmktyrgKBVPUxqIjPJTKv0riiELxaUlVVhaVlWGsSigCelaGQ3Ughu7GSn5YypltE2QWSpRksp4CbyFaiVKtY9iJ4Dm4ii51ux7NSuEYaZWVDzxFaH0ufMYj+XOce6s/ZiHj21NqO/+uS1U8BYNv2kgJVft9KvtWKVE3Y42xqfQtTC5t1bZupC2eWjF0vg/d+AdfI4brXl1g13HmShZcxDAcA0arNI+FdwCpfxs4eRlmtKw8QBEEQBEEQbhlErAqCINyAZDt30HfwU4y+8V+aMt/k+VP07bkd06r9s9Bp/ZCZ+QzF3MEgn2X02LVpmiQSiUCS+blYfdnqpwfQI1n9nKt+bko/PQAGgYTTpWuQS5PaUfG49mB+wn2CNu1o/JJo2WWOzlcKdVWjP6vNvtAM5Ss1CfLG1ovGdUnjmmlItmNn+0MFvfRo0ZAQharUDD+H53nh8VrbavZQLyy2mj2M7lFce7316fjj/aP9fl+fQKr6karVnKr6eL1Qlee5eK4H7iI7Wl7CspxQ38kLp/Ds8pJ1rIdc73669z3GzOx8U+ZrJtbiKyhvsQlluYR4yiQWX8POv+daL0QQBEEQBEG4jhCxKgiCcIOy8b4vMnnyr3CaUMjKLZeYuvBDurftDa6ZJgzmhxgqDqKs3lBkYZAvFYIcmABouVVN0wxJOF+eRaMX9fQAURmnS0l/7BJhWI3UBOKFoBmOIo1rj46PSs0l4jIqFOtI0bj7632C6ytI1bpRpGvYo9XsYZBzdR17GC1UFSdVfXSpCuEiVbpUdSOFofQo18r46mcKly2510knCuhJXufHhik3Ka8qhsnWh/9nCsVybPTstcRYPI4qT4pUveqUMAsn8bJ7rvVCBEEQBEEQhOsEEauCIAg3KFaqlU0P/ApDzzReyAqgODPJ/PhlWns3BNcyyQJbzNe4ZD+Aa+aC6/rRbf+14zgYhlE59h/Jg+lHu+oizU8RYGAEki5Our4TQlDPRbrc+FgiUnS5vLH+sfngGWLWtxqp6kvLaDGw6Huznj3Uo3HXsof+M7qei/JUOCJZIypVo4WrHMepSFWtj39fXar6x/+Vp+hNnKYzNRq6T3lxntkrF5Z/79ZAz/6Pk+7ex8zMTNPmbBZq4SyeV7rWy7glUPOnQcSqIAiCIAiCUEXEqiAIwg1Mz22PMX7iL5i72HghK4DpS0OkcnlSLfngWs6aZJAXuVA6hEMG07SCaFQ/UjV0JN7/b1WyRo966/2juTVhqYgL+l0lIRha0xoiTeMiVUN5Y2MiXaPH7+s9o360vm4fs7LGlfbonZCq/jP6kapx72VcEas4qVoul3EcJ1ijf9+4QlUAbcZZNmRPEGw64DkOE2dPoLzmZBr1C1bNz89fd9GqANhTKMmq+s7gTkGDn4GpS0MYk/9AKXuI/l37m7QwQRAEQRAE4VogYlUQBOEGZ+ugMac4AAAgAElEQVRD/46jf/DxphSyQikmhk4wsPdOzETtn4hWa4S+xJtcKN2JYZha91qkqp8eQJdpvgjzBWxcHyAk3PxUApUJCIk3fw490nS1karLSdO1jK9MEhMlWifva932ZaRn3D2iOVVjxWwD94/mjY17xtWkH/Dfy+jaoxJVn9f/jDiOsyRSVR9v2zaeV5X5nqKFK2xtPYYZOQQ/df4Ubrl5EZybHvw3OGRxnOurYJWPW5jASGSv9TJuCZRbwGpwjpHX/ob3PHiF55+7LGJVEARBEAThBkfEqiAIwg1OtmsHmx/8N1z4h682ZT63XGR86Di9u24PybHu9CUMK8Vl+xCwNB2AX6jKLyrk9/Hx0wT416OiTZeu/n39yMdooavlpOFKQrCR8csdza8nLaOsNSeq//whqbpSu/acK0nbuLyyet7blfbQnz/Is0tNoPtrqxetGlxTlbyqulTVPwP+Z0pp8jfljrOt41VM00PPqzpz+RyFmYnYvV8PHdvfR+fuDzM93Xgu46tFaeY8yfxmDKNR5bdaPkbPfXeScIaYffn3WKzXbccXGejt0S4UKZ/7DSav1JlPv6TPPfCz9G3dhll4jStvPF17zTiFF76On5yh/Y5fI5utd4/GUW4Je2GY3Mpd6zJ29iSb06fhwmX296W4+PYbbNx3xypGjrDwOwdxJ79M6ku/TKaBNaxE8aleyqcfxfq5b9PCk8z+7mdh1xHaHrt7SV/7hc9QeP4I5sfGaN19FRcVx6l/z+zTX4H3HqXtvv7mzj2x/HOvu68gCIIgCDcdIlYFQRBuAgbu/Axzl15m+ofPNGW+0uwMk0Mn6dq2JyTwOsyzzJaSFLLvAvxIUw/DMAMp6qcJsG07JEt9qQrhYlYQlpW+GIxKW4gXfs2KNF0xklUrchUlLjVA3BrWKlWDsf74yPOvdf7V7KFpmaveQ12q6s8QnX85qep5HrbjBIWq9Pffb/elqr9+w1lgd9vLJEw7tBfzY5eZHT4ffXvWTSo/yLb3/2/Mzc01bc6rgWsv4k6dJpHpwEy1vxN3rH4kPDyniBvTo+Xg/0JHexZ75N8yerpyreOuX6dl66/RnaldY9evsLG/DxZf5tKrf1y9+An6HjxM232/iPW9/4tpt/p3hXJxnSL4r+khve8w7tHvVVajABTKLeI6zXtaA4VbmsEpTjY818grf8Ghvimmjl+ge3ueY6//AYN7DmLEpEAR3lnsFz5Dqevb77wgFgRBEAThhkbEqiAIwk3C9g/8r7x55XWcxeZE6y1OjmJaFp1bdgXXTBM2t51iaDbNYnKnlg+0dqRbxxdwcekB/HY/QlWXsivlsdTzlQbz15GmwTrWcLRdH7/cWpaLZo2LAl3r8fy4Z4zef7lCVlHqpQioN77eHupri0Ylx0WqxhWiUtUoVdu2sR1nSXs0UjVYg7PInpbvk0yUQ8+2MDnK1PnTNAvDTLDz0d+k6Ji4rr3ygGuI59iATdm+gmGOY6XymMkW4GrJuur3ufJQ5cLS7K6b/jva2rOw8AOuvFUILk++8CTWex4n0/+v6Xjr15nkpxno7wP7NFMvfEeb5ztc+e53tNvVxKpXLmhiFcz2D9Dd93eMXST4flNuAS/88VgXSrl49jxueR5UnD5eG8PHX2dL+jiLCw75D/5H1PFf586eH3D85e+x8573Nr7gq0H347R96fFrvYqrTi3ytnrhFnluQRAEQRAaR8SqIAjCTUIi086OH/t1Tjz1WWB5Mbla5saGMZNJOga31e5jwba2tzg7A4vJHUG0KtRyrgJLZCkx+TX1Yld6BGtc9GMokjEiJKNRlEuKRDUQqarfWyckHetEygbj1yFVl3vGJfdfzTPWOcIft0fL7WFcPtUornasPy4NALCsVK0UqPJChap8qbo7+30yqSK6ZS7OTTMxdIJmfe4BNt73BZIde677aFUATw/PdB1cuwiMYVoZjEQGM5GBpqYJ8CWjh3JKSyJW27oHMQF75ncjkaN/w+LcB8l05bEGS7j5LSQBb+5VZpxlcuIGfze4uE5Jew2QJTP4Kdyhb1fffQVeaf0Rq56N5xTx3CLKbYKdraI8j4nX/4wtbZeZXWwju+VOFl5K0TZxmsLQ7+LedT9WYg3/tzw4fv4trMnP4k4CVI/vd1fTBvAtsj//OMlQ/+pxdf8YvU+9Y+xLjrm/xPxvPlqV4F/GWtEH6/2Brtqa/JQD5i7wTh+pHumnmvIgbl0jWtujWO89HLnXSN2xgTh977fwnv9seC2n/j2F548A4D3dy+yuI7S990LkuSNzB3sd88j+nsU8syAIgiAINx9y7kgQBOEmon3z/Qze8/na8fEmfM1cOsfcyKXQfRKWx7a2t8g5Q0tyffpSTT/q7boujlacSG/3pZpexEiPdvSFayXC0cNzI5IuRijqBZTi8pH6c6xaqsZIT9TywtVf91rnD/qs0B66vwGmYWKwumJYqxHLS2SoojKmOs5/n4LpqxLcfw+XLUYVI1X1z4ofqeq6Tkiq7sz8E9l0uIBUaWGW0ZNHK+fAm/SZzw/eQ/+d/4L5+XluBDzHif1ySvPYC+OUZi5SnrmIPT+KsziFW5rHKxca+NJSAcS0J1M5YBFnKmasAshh5gq0ptsAcBb+cvn7OV7lftWI1eD1/NsUbKDlXfQPFvA/ZspZ/bO4xVmcxQnKc1cozZynNDuMvTiJW1qsu6/r4cwL3+VA7xDlqREypo1SDoVhm9LRRe7NPc+bf/fk+t780+exfn6Mtp/7FnAE9/mXgH5SBx6Fyc9SOlXpZp9+koqMvLsi/vzcpF8aI/veR+H0o8yfWvl2xacexeNRrJ8bo+1LD6KqQjKeqlTt+hbZL1XXOPlZCk+9pPU5grfhq7R9aUyTql8m5fc//SizL4xUnuGF/x53EsyPjdH2pa/CMU0Mh3LQLh3r413eXHtmf392/3LlNdW5YwRz8Slt7i8dweQI7tNPsjSWfYSFpz9bkalfGqPtY1+uPHNkHYIgCIIg3DxIxKogCMJNxsZ7P8/88MvMXnyhaXNOnj+FlcqQ66wVokkmFFta3+L8vEEpvTOQapWcqwaeV/ndnR+xqkeyWpYVikR1HGdJbk49QtV13ZAUDPWtCj+/LRr96AvIaKQlsCTv60pH//UiUcE6tdyr0Xb9/vXG68Iztl2jbs5UwwyKUMU9g1IK5a4umjNuDfq+RoW3n8rBf499KaoXHovKU1246l9+X8dxcDWBZXgFdmRepiUzjx6pWi4sMHryTZTXvISaiWw3O3/8q8zNL4TE8fWM66wmVYENdjF0xTATGGYCDAvDtCp/juabiL9j9b8enl0kuvtBrlOvSHRpXmA/i6E/V/o9yqYP/Sw5LbSvfP6nGJqppQJw7GItYlWNcOFtj5237ye7539gsRi9r6qkK1AeyvOCP4MHnota5/H+lVKVRHHKZdyh/0rn4BQFr0i6MI81e4m8UcIwIWfMkzv/bRZmf4xcvm2ZG9fur/wXOx8grRSqaxMm4E2cp6wOk9z1GDx/BO/oi6hdWygfPQKdv02yS6F4jPyvPgan/wOzv/mV0A2qhwtqr2s3RakXcU4DnY9V5lGHSb33UYrPHwnGhjj9vUqk6oEHSCiF6qre138GBfAo1q6+yp5Ofq8SERo80wNYneAe/R7lex/EPnoE+DLWLoVSfeTe+2XmqlG3amK5sbUj/eaBwyilSHQdBo7gTY6gVJ8W6+6vS39uRfpjo6QZZfH/6WV2ilBbeI+qQ6c+S+E3n6T8c79H/ld/KXhmQRAEQRBuPkSsCoIg3GQYpsWOD/4Gx/7gn2E3Kd8qwPiZY/TtvYNMW2dwLZ1y2dZ2lKEZlwVrO0qpyvH/hBVIS8fRog4JR5eaWpEiqEg4X6jq0tNvCx1r14gKVR+9UJPex5eBSyJRI3P4fYAlkbL6+HpCU79/XSm7XLv/rIqlEaSEI2Zjpau2xpWkbXQNujjV26Pvg35/XapG++k5U506OVXjpGrCnWZnyyvksrVcnQBOucToideq+UWbhcGuH/8qNllsu26t++sOb73n3mPHGRBEQlejoA2DmnA1gHItgrQ0j0Mlz7Lfp1CYpz3fitVaIHqa3vN/CeIWmJiboq+nBSvzI7jlPwf+lHNP/ikAnY/8PgN9rSh3Edfxc7rauKV5CF6XcY79KrNbj9DZtr8qZBWqNEZ5/vqR4qf+/s+5e8M5rCvnyE+NocxF5v7rV8iVXsfqBhY87ul9m7/7uye4+/H/tjk37Xqc5M7PYZ/5PsXJC7hTwHsfrBxHn3ySud/9HJXj7KMkT/9sVY6uwOSFiijt2ryqY+325MsAmF19a1v7mZ9g7mv6hQu4nEdNAZ2bWTapRexYlh+zCopP9WGfAXb+Ffmfh4Wv/cTS3MIA9JF7yBe+R3B/t485wPzYKC27YgcIgiAIgnCDI2JVEAThJiTV0suOH/sNTjz5L2lW3kmlPEZPvkn/vrtIt9aiqpIJxY6Ot/jhRIH55G2RMbXj3aZpYlkV4epHoQKYnlcVNxXRaiUSgaz0RWso1+iSddWeLxRFWZWWKwlHf1w96bma8bFSNiJ1o2/DaqVqPWlc6VR97mh6BK1dLza1ZH5NDPtz6EI0tD4tqtQf7xMIUS2vqi7TPc/DdRzsqnSNvmf+Ndd18bQCaAl3it35l8mky+iRlK5tM/r267jl5uXABBi87/NkBw4xPT3d1HmvNs2Vy6vBrn6cHLzC9JKI1dGhU/T23UW663PYi/+71vKTtHa0AudYeG4Cmz9hfuMv09pxmPbF/8S41rMmYCex7eodVBm7MA3BaxunOMeFt1+l7d67qvJMobwSTQxibojC7DTtF/6UXOYt1PgIRj6B2ng72Q/9HxjP/Wv44Z9DySDplui6/J+YHv0wHX0DTbl35uCXsc98BfupR/EjQwHs008BYH7s98h1EXOcvQ5dmytRsZMXsLl7Rbma7DpMkSN4k6PAGuTqzr8iv+Q4/iiLncBURZTWvXfs2DU8Yywv4Z4BOn+bTDXP7LLs+qUgStUXst7T/4Hir/4SmYbWIQiCIAjC9YjkWBUEQbhJad9yP4P3fZ5mJlxVrsPo269SXpjBqAayGQYkErCr9yzt7luY1WP+uoiLqw7vizTbcbBtu9JHhQsXRXOxxslDvS9o0agYoZys/hrWIlX9dS4Xqeq5K0eiLol2XUm6Vu/hH++P4kvP5cSrH+nqOu6y0bb6M8ZJVf290t8/ff9WI1XLth2bf1eXqm41klUpl5wxwm2dL5LNlEOfNc8pM3L8ZezCPM38bOc33cOGuz/H7Ozskr283vFc5x3+0o4+x7W/+YtcuTwH7T/BgQ/+s+D6psd+mdYUFE9+ivOug+f+AaeHhiB1F4OP/dva+Af+M4MD+erDOYFkRalKe/S1f79gQ67u86+Fc//f73Fg4VmYGcHY2AHb92H25kmc/hpm3oNtd0BvB5Q97t04xIkjv93gp0Fj1wOV/6M/dQR2/ityXeHmivB8ifJqolUBuBtrJzD1FPYkK4/173/0e1Wx+RILX+tj7qk6YrLrQaxO4Mz3KUIlsjbo30fy4KPAV3BPA4yy+PdfWeXYlUl2RQthxVCVuvYP/u860aoQPOPvVPKvZh47WlnXSpG2giAIgiDcsEjEqiAIwk3Mxnt/kemh51kYebNpc7quw+W3XqVv90Fynb3BddOEHT3nuDJVYsZ4FzaZaj5DMIyaRPQFaDRnavSaf3050ef/WR8bjfTURZ9lWWuSqivlRK2bPmAt0jYuZ2pVTMcFG0fFbr0++t4s7UAoPYAeRRrd6zihqu+vLsL1aNagvSpV9eP/ekRyZVxN/irl0sowu/LHsBIKPVLVLi5y5firOKVwWoBG8fOqzi8s3jB5VXXWW1CpgTtW/pM+xMZf+Cc2ai3O8Nd448//gJE/ex8jj/wxh/b+Cnf+wq9UW+eY+/77OKX/dfTdT/DKd3+N/Z/7CHf+wodCdymeuJu3ngVur2axVF7lWb3Ia2Dkz56l+3MfIQMoz7luIlbby2eZII+byYLVj+luhNIGGPPw1CDKTYCRADtLojzL1taLTbx7RYR6Z8A8WIviTN77VeyjR3CfP8jc88DOL8OZr6wqsjTz2FG83zlYPeL+Zaz3Pgp15erdtPzqX7HwtZ+g+LXPVYRnEPUZRx+5nz/K4u8cxP7aVyoyVuufvPf3cIf7sJ/uY45Hsd77ZXj+K6sauyJVCew93cdc52+TeSzyHB+rHO+vzP1lzJ1H8M7ERc/GPDNfJvmrj68qfYIgCIIgCDcehpJM6oIgCDc1dmGKY3/4U5RmLjR3YsOge/s+2vo3LmmaLPZxfuEAyswCYCUSJKpH/GvDa1GXpmlWUgWYZpAKQBd8ep+o2NPniUrBqDC0LKuaO7ImNUOP1KycqPXmXyHn6armr+Z8Xa7QVj2xGjc+ejQ/Ko31rzhpXU+qUpWucVI1eL6YSNU24yI7Ot7GMsOCszQ/y5Xjrzb92Lthpdj/iW9jtO1kcfHGyauqc+6PHwXvnU4HcGtiJFvY8vjT13oZgnDD8MILL/DhD3/4Wi9DEARBEGJpxmk1iVgVBEG4yUlmO9n3+Lc49oefwinONG9ipZj44Vso16Z947ZQU1d2FIsi5+YO4CY6q93DxYqgItd8KQrViuFaRGsgXLVCVtEoUV/w+fPUK/LkS1VfeK43knWlnKvrLmS1QqRrpRN1n1FfB7BsIaxoNK/eR9/jeveBSiSrX6gKv48WieoXqYpK13AagEqkaqXRo8M4x/bOU5hGWKoWZqYYOf5KpbJ7MzEsdv/E17A6djM/P9/cud9BEvmtlCffvtbLuCVIdyz9RZIgCIIgCIJw6yJiVRAE4RYg0/H/t3f3MXLc933HP/twT+Q98I7PR2lF8ShSD5aomIpzrONHJE4ky3VJNWlipHUbJJWASGnRQrQUtECA1JFCtoADKaiUBxSp6wRIS7KJASmG2lopKpO2qFiyZEuUeCJ5FI9Px3viHe9hd2f6x+7szc7N887u3vHeL+Aw+5vf48yuY+br7/zmNu3+8ot69+ivy0j4bedj5z5QMb+g3tt2VWWk9nRc1w79UMPTd6vYcquk6oCqaRpKpRb3CbWCo/atAqz2zhdeWfX2jFf7m+etentw1po/1vYAtj1b/V4SZZ+jqjpCJqrXHNYYXkFXZ1DVenzfugfOdXndK/ueuFY7SZUxKo/+W0HV0gBV36MVVHV7UdXi3IuP/6eMWW1uOaVt6y4t3tCymdFLuvrBO5VtJZI08IWvq2PbJ1fkvqp2nTse1uiVd5q9jFWhc8cXvbfYAAAAwKpDYBUAVonOrXu060vP671jvyGZxeAOEUyOnFVhYU6b7ri3sp+qJHV1zGtn5i2dmZzTXOuOSqZoKpVSJptdEqyzAnz27M10Oq1CoVAVtLVnuVrBQOdb6k3TXLIvq/1lSZWAa8q2J6hPJqpnlmit2wc4670yUT22D7DXOx/vd26NYM3h3CLBuj9WMNaZrWq/fucLqFKplNLl+1csFJQvB1Sd+7Jan52P/meLE7plzSlt6Foa3JwcOatrZ08tOZ+EbT/zW+oeeFATExN1Gb+Rund+UZOnjmh+9CfNXspNrW3D3eoaeKjZywAAAMAyQmAVAFaRntw+7fj539fQd56S61uPajB99ZKMYlGbd+9ROrP4Xy9tbaZ2rX9XH41e1WjqHqm876q0GNSzZ6Jaj/5bj/9bgUArgGc9bu4MtHq9RMo0zao9Pu17hZZOLO436pqJZgYHPK111hJU9X1ZVfkRfq+vLMyj+9YavIKq9oxT5xj2F1VZWwDYM36tQKr9z/kdVea36oxZdemCcr0fqr2t+iVVkjT64buaHDnneS212LznK9r8wGM3RVDVsuUzv68L33lCCxNnmr2Um1JLz23a8pnfb/YyAAAAsMwQWAWAVWbj3V9WYW5c5/7u2cTHvjF2VSNvv64td39c2da2yvl0JqXc5mvqmf2hzl2/R2bbhsrj/dLSrQGsbQHcHv/PZDKVjFV7Fqqkqsf+q4KnWgwOOl/s5JWhWXnRVRBb4NW+jqhBVddsWds1Lt6n6hd2Wf2dj/bbOQOqVeuwBYYLtrfLO/extbJUDVsmqn3uQqGgfD6/uD2AbXz7S6qKxbzSxqw2tZ7WtnWX5bzFpmnq6ul3dP3yBdfbXaveHZ/TLT/7NU1MTNxUj3S3dG5R7svf1OSpv9bYj76p/FSSb5dfvVq6b1Hfff9UPbu/rHS2vdnLAQAAwDKTMm+m/68CABDa2e9+XZfe/K91GTvb1q4td+1VW2fPkrqFfFpnxndqtnVA0mJQUZIy2ayy5S0CnI+wW8FEK5vVHli01zv3VXVjb+sMiDr72uu8OIOybo/f11Jvb+PM1LXviWoPujq3F7Bn5NrnsD+275W1axSLKtiyUe33wwqqFh0BV+faraBqtjih3Nr31Nc1s6RdYWFel9/7e81NjbuOU6vuW39Gd3zpP2vy+uySADAAIHk/+MEP9PDDDzd7GQAAuEriXQtkrALAKnXbZ55SYXZco+99O/GxC3Nz+ujN76lv+y6tu2VHVTCwtdXQro2ndP7KqEZT98gsbw3gzC61Z09KqgRTrXq3F1lZ7ez7hdrHdmZ6OoOBVrDNLUBYLBbrEjQNU+/Wxh5UdVuvPVDqFjC1Z9m6jWGvtx79t7ez7l3lZVbFYiXr2B50NYyiisW8UoUb6kldVK7vjNratMSN8au68t5bKuYXllYmoGP9Hbrji89ranqOoCoAAACARBBYBYBVKpXOaMcvPKOFmSuaOn8i+QlMU2Nn3tPsxKi23PlxZVpabHOndNuWMa2f/b4+HL9DC61blc60LL5Eyi1rshy8Kw3tvZ9qsVisBB2dj83bH3u3H531zoCkVefMZHUGPO3BYb9H8+1tnPM4H7N3bg9gBVXte5k66/32S7XGtdbnloFa2VO1UFDRJ/Ba2R7AtpVDVSasLUt1S9uQtvROLH303zB07cx7mrhQv71B23pu1Z0H/lTXZwtVAXkAAAAAqAVbAQDAKleYn9a7R76qmUtv122ObFu7Nt/1cXX09C2pK+YNfTS6QWOZjynd2mXLxCwqlUpX9joN2h6gsg1AKiXDFpC0bx/gzIq1xrDvqercHsDexlnv3JPV/sItK+hoD8o6X8jlFZR1C+y67alqD4p6BVW9XlZlBU4Nx/YC9rELhUJVcNi5r20pk9WqXxpUNQsz6iheUK7njDo7l/4u8nOzuvTjk5qfnnT93SQh275O9/zqX2nW7FY+n6/bPACApV5//XW2AgAALFtJbAVAYBUAIKMwr1PffkITH75av0lSKfXldqpv+y7XDM7Z+axOX9up+ZZtSqkUgExn0kqnq4OizmBjNputCr66BTyzmYzS5aCmVL1fqRWUdWZs2vs7g6pu2ax+QVe3oKhbvdej+35BU0lL7o8V1HUL3Fa9iMqxb6vV3gqaWtsxOLN97Y/+l+oX718pIDuvTH5Mt659X+u7Z5ZkqUrS9OglXX7vLRmF+gU723pu1d2//E3NFju0sFCfLQaWk7Hjz+mZo8NLK3IH9PQT+7T0f9bAyjSm4889o5MPPK0n9vVVypWvnu8bywiBVQDAcsYeqwCARKSzbdr9D/9IZ/737+rK239Vn0lMU2Pn3teNiVFtvecBZVur37Dd0VbUx7a+p8ujw7qYv1PFll6lUqUXWdkDjfbH9+17qTqDtVZQVFIpg9V6bN4esPTY79QekHTuwWqfyx5Qdetvb1O6Bf6P53sFVd36O++D8/F+Z+C2cv/KL6Jybjlgrb96z9TqddjHN4zF+55KLe6nauZn1Jc+q1s2fqTWFkmq/l5Mw9Doh+9q4qOhJfcgSWs3f0x37v8TTc+nla/Tvq3L0jIIqo0df07PnHyg6etYLYaOPKOj/Y/p8BMD5fKTeubIJh1+ZKDJKwMAALj5EVgFAEiS0pkWDXzh62rr6tf5732jbvPMTY5p+OTfactdP6W1fZuq6lKplLZumtWG/N/r/OUuXTfultG2QZIqgTxJSqdLAVO3QKVbhqj1yLxzT9W0rd7exhmotQKTfi+asgc37XOEeXzf3t+556k1n1cmqnN+KyBqmqbStvGtgKozYGqp2lvVJfBqnSttD1CUaZTXkElVAqrthY9067qP1N1ZWDK+JC3Mzujij09q/nr9Hv2XpHXbP62dD/+hpqbnVahjRizQfEN680ROB55eDKIOfO6Acs+8qaFHBkRoFQAAoL4IrAIAqtyy77fUsma9Pnzl39dtjuL8vC68eULtPX3atOtetXetq6pvaUlpxy0zmps/qTNXt2gmc7vMdIekcjCxHM90e9GV2wugpOqgqmEYymQyMkxTRqFQymK1PcpvH8f5gimrzhm4dXu5UyaTqQqoWmPZg6b2gK59P1Prsz2w6gzcWv3s2aqVjNxUSqZUmbdQKHi+7Mot09W+1YFVNgxDhn3v2HRKZn5GmcKYtnWe04aeG+XH/quzVAsLcxo9/RNNXTrv/Ckkrm/XL2rgwf+oicnrvKjKRdV2Afbs1qEjevIlaVAndGI4pwNPP6F9Oq7nnjmqYUnKDWpQJzRSefy8lBn5gvXeu8HHShmSQ0fK4w/rmefkyFotPbI+8tBhWcmUY8ef0zMjD1WyK13HtM5rsVyVFeu2dluqbKnvAR0YOVp+XH5Qjx1+ZDHoOHRET76w+AK/3AGPa7TfrzHbvZE0+NhhPTLgvL4hHXnyBekxe/kl9ZfXV9t3YRnQI4efqP6Sx0fksiEEAAAA6oDAKgBgic17fkWZ1rU6/bdfk1ms32PUc5PXNPz6q1p3y4DW77hTmWxLVX17m6k7+0d0dfSyLs/fpvnsVqVbuyqP+PuxAo724JoVJLQCns7Am/XyK0mVAKU9U1RSZT9W+x6lzmCnfb9VryxTe+DUPr59CwOr3u8lVJL74/32F3n5vTZJkWIAACAASURBVIjKHnB1C1Rb5WKxWHohVSVQXVA2P6G+9Fn1bxpTa2v1tgpW38mRsxo9/WMZRfcs1iRt+fg/162f/prGxyeqXj62qgwf1TNPHrWdsAURh47omaP9euzwExooBzmrHhkfPiE9dliHB6RSEPSodOBpHd7XVw4+SrkHSk3Hjj+nF0YO6OnD+9RXDiA+1/+0ntj3iJ4+MOKxFUCfdj+Q09E3h/TIwICkMZ06OazBhwYCxgyxoUDV2l2cOKqRcv3QkSf1wnP95fUN6cgLIzrw9OFSMHboiJ584bsa2veIBoaO2NZT6vet47v1xD7p+LeOqv+xw3piQOUg6xENHX6k+vqG3tRILqdhW/lE7gE93Zfsd1Fl7Liee+GEBh87TLYqAABAAyz9/4IAAJC04a4v6a5H/kypbIdMqa5/4x8N6cyJ/6XJi8MyJSmVqvylMmlt2mzqnv4PdVv2hFpunFJhbtL2Zvq8CoW8isVCVbDSysC0/uyBSfvj//l8Xvl8frGtYZQyWQ1DhXxeCwsLyufzSwJ1pj1gWSyWgpvl4KVVNz8/X+lfyOeXBDGrMkkd63MGbg3DqGojlYKz+Xxe8wsLlXHs9yBfKFSt3x44dc7vtferdY+toKppFpUpXNNm/VB3rX9D2/sn1dqWqfrOlEppdmpc515/VZdPvaVisVD339Btn/0d3fKpVR5UlUqZj4cP63DlbzEzc+jNE9Lg/eVyn/Y9NCideFOLu90O6n6r8dgpnRzO6YHd5aDmwOd0IGe1KwVEcw/sLgdOB/S5AzkNnzylsYDl9e1+QDlrzrFTOjlszRl/zCVrd5M7oM8NWJdyQLnhkzo1VprnkcOLGa5jV0aq+w0f1XfLN2jgkcNVQd4TLx0vra1vn54o3+e+Tf3SyBWNlcfqf+ghDZbLQ2+eqFxfct+FTTmLVgeeFturAgAANAYZqwAATz25fbrnl7+pd4/9pgo3woU34irOz+nST97QxIUz2rx7j9q7e6vq09m0Nm4ytcE4q/GJYV2cuVWzmW1SZo3SmXTlzfRuWZeSXB+/t2ebZjKZ0vYAhqF0Oq2ixxYCVj/XPVdte55awdBK/3J91cumygFNw9o71qW//WVbhvXyLVumqTPr1r5OK/Dr3NfVLXBrv0fVayjKKBpS8YZaiuPa1PGRNqyfVGtrRm7/jCjMz+nq6Xc0dbFBDyOn0tr18DfUdfvPaWxszPW7Xy1Kl17OPF5SO6bLI1Ju77rFe2QdTLPyM6v0HRvRsPr1YK+5OG55EtMc18iw1P9gry1Qvzi3/NbRu0t7c0f15ukD2qERDQ/u0Q7TlKkx3zHLZ9zrnGt33hdJ6t+oXqu+d6P6K9c9puPPP6tj1hP5udziWDsO6NCj0sEXnlRld4JHD+nAQK8GH39K5vPPLmYH5/brqcf3qW/HHg0Ov6z3ru2STkpbv7JO0kul8khOez/bK9O8VuN30auN/dZ3sXjFQ989quHBR3VosFer+T8HAAAAjURgFQDgq6v/ft37lf+ud//Hr2tu4lzd55ubHNO5H3xXvbcOaMPA3Uu2B0ilU1rfZ6qv95ymp87q4vQWTRk7ZbZ2LRnLHjB07pdqsfYRtfYNTafTyufzSx6rt8ZxvuTKqs9kMpJjP9WqtZQmk1nOWHV76Za1nnw5u9XrRVn58hhWYNXansBqY8/Stb+My77fbFBWZykoO69U4YbazAltWfuR1nfPKJNJSVq6FYNpGBo/P6TRD99tyGP/kpTOtmv3l/9ILZse0Pj4eEPmXLn6tKlfGr44LinEo/W9W5XTG7oyJg0sad6rrTnpDffKwHXs3pvTsbeGtEcnNLjnQAJjhjByRWMaKO+PekUjkrZK0tCrOjY8qEcPHShvl3BUB1+09Rs4oEOHSmscO/68nn3xqPYcOqAB9Wnf44e0T5I0pKMHX9RfHN+tx/cNaM/gsN4aH5e0V5/t65P2Sq+eOqUR7dVX+kr3oLbvYkxXKhdQLbe1d+lJAAAA1A1bAQAAAnX0bte9v3ZUfTt/vmFzjp8f0tBr39Hoh++qmF9Y8qh5Kp1W17qMdt1yVXd3v6a+/AllZoeVKk6rWCyUHj83l+4pat8ewPlYvn1rAOfLnqy++Xy++hH/yiPyporlR/Ptf/bH7K0MUvv4znprXLc6+1+hUKjMbX/5lN/67UHfUtsFFQp5maYh0zQq921hYVbFuXF1Fz/Q7u7Xde+297Wpb1aZbHrJ92CapiZGzunD46/oygdvNyyo2rH+Dt37a0el3j2anp5uyJwr3cCeQenEW+XHzcd0/OUT0uAe9704+3Zrb25Yb5wqZ6oPvVrJ6rSCo8NvWI/pD+nVY8PK7d0dJkyovt17lTvxol48kdNiHNB/zN6tuaq1n3ojYkb08BtavJRjGs7t1e7KYkd0Zaw07vGXF19iNXb8eR18/nhlK4K+Tf1Sbqt6NaSjBw/qaOW5/VJQuH9TacDerTmdePlljfRvUl+538gbb0i2+xPnuzj2annCsVNyu/yBA4f0eJj9aAEAAJAYMlYBAKG0dKzTnftf0KUf/jed/e7XZRTm6z6nsTCv0aGf6NrZU1q37Xb1bd+llvY1S9qt6Uxre+eUjOI7mpxM6dKNbZpWv9SyVtlsW1WWailQaVRtHSBVv0TKqrdecmXV2YOYUimDNZvNVsr2wKWVJZrNZpXJZKoyXe316XS68rIq+56nFnumqvNlWNYYzmzU0lqtoHK6agz74/2V/umUDKOgVOGGWsxJbWm/oL6+62pfY/Vb3KKgMk6hoIkLZzR29pQK83PRv9wabN7zq8p95nc0OT2rwnz9f4c3jYEDemr/83r24MFSObdfTx3w2oyzT/u+sl9vPPusDh6TNLhf+3PSG1btvsf16MWDevbgsdKJwUd1qBzU69u9V7ljx/TswYuLmaBVQ+/W3pw0LHtwM2DMfQ9q8NiLevHgCUk57d8/uLiYMAb7dfHZgypd+aAePVR+sdbAZ7U/96yOPXtQx5TT/kf3K/diOTvUuR7ltP+pA+qTdOCp/Xq+Ml55rQPW5ZWuX3vLUePerdLwiPZ+xXaxUb+Lxx/VxYMv6uCJ0voHByXHbrAaOnpQL299iuAqAABAA6VMNmECAEQ0c/WUTv3Nb2v22geNnTiVUs/W27T+9t1q6+z2bTo3W9D4TLeuzvZrIb1BylYHZNPpTCWgaSkWiyoWCqVH+7PZyp6kVuDS+ei+/fF7576r9qCpvb+93qqz+tszTK05rD97QHbpbVkcwwqcmqa55Bqt6zOMgsqbEyhtzCtrXFd39qo2do6ps9NQOuP9QEsxv6Cxcx9o7NwHMgp53+8gaZm2bt3x4B+oa/vnNDGxyl9S1XClvUgvPnhInvG/CBoZBBw6elAv6lEdSmLhACI5efKkHn744WYvAwAAV1NTUzWPQcYqACCytRt3a88/+2ud+T+/p8tv/UXjJjZNTY6c0eTIWXVt6tf6HXepo8c9MNPekdXWjhvaap7W7I33NTbdpatz/cqne2Rm1yidrg44GkZRprGYBbo4pT0gWp0F6nwBlD0T1t7fvuWAfd9USVXjWJmm1hjOoK7fHFUvmpLKL/QqzWEYhoqFgorF0hYDaXNBbZpST8tVre8aV+eagjKt1j8J3IOq+bkbGjv7vsY/GpLpeGFWI3Rte0C7v/QNFbO9Ghur74vUVqJXXnlFr7zySiJjHTp0SKV9Q1/W1qce174+lbcCyGl/r3Tw4MGgIXzGlaQhvXUip71P9cUeK/qcJfWebzl5+OGH9elPf7rZywAAALipkbEKAKjJtfe/ow9eOqjifO3/a18ca/o2acOOu9S5YUtwY9PU9PW8rs306tpCvwrpbhnpNluDtNLprNKZtNLpjC3ouRiwzJQf7bez2kiq9LMCo16P5ocJmjqzWQ2jWM6EzVTaWP1M01zyeH+pvqBCvqC0uaB2Taq37arWdUyqa21RmezSl1A5zV2f0LUP39PkpfOS2YQM0VRat+77Ld3yD57Q1PUZzc01dtuB1Wzs+PN6dnFjVQ0+mkC26tBRHXzxhHL7G/fIOhmrQPOQsQoAWM6SyFglsAoAqNn81AWd+pt/resXTjZtDdm2dnVvzamn/zbPLFY70zA1O7Og6bk2TS30aiq/QUaqXWZmjVItaytBT3uw0h5wlRYzQe17rlqBV6t/oVBQsVB6oZPV3wrMOh/ddwZNrTmswGlpjur57fullsYsSjIqj/i3a0w97RPq7pjX2q5U1dheigvzmrw4rPHhIc1PT4b8BpLX2rVVu770DXVsvl8TExNVe88CAJa/06dP61Of+lSzlwEAgCsCqwCAZcM0Cjr/ved0/nvPNSez0aZ1bZd6+rerpz+n1jVdofqYpqm5G3nNzLVqamGdZua7lFeHjFSbjFSrzOwaZTItlS0ETNOQUVx8kZW1L6vbnqal/U7TlX1bLVGCqvY2pbqiisV8JRu1JbWgtDmvzsyoulqn1Nk+r/a2olraW8Ndv2FoevSiJj46o+krI5UM22bpu+MLGvjFP9B8Mavp6emmrgUAEF0+n9f58+f1yU9+stlLAQDAFYFVAMCyM3n+B3r/2/9KC9cvNnspkqSOnvXq2bZd3Vtzyra2R+q7MDuvhQVDc4UO3Sh0aa6wRrPFtcqbiy/CMlKtMtIdlS0E7Jmuiy+JSiuTaakEVp2Zps5sWHtA1spAlUovmkqbC8poVmsyM2rP3lBHZkptLQtqa5Fa27O+L55yKizMa2b0oq5fGdH06EUZ+YVI96ceUplW3f75f6eN931F4+PjKpSzfQEAK8vY2JiKxaLuu+++Zi8FAABXBFYBAMuSUZjX8P/7hi784E9kGsskMJZKqWtTv3q2bVfXpm1KZ4L3F/VSLBrKL5jKLxiaL7RovtCuuUKb8kaHikZGhWJp7GKqTUaqLWC0amlzXq2pG2pJ31Brel4tWUNtLXm1tRTVkjXU0ipls+GDp3amaWp24pqmr17U9JURzU6OS1o+/wzou+MLGvjC76mQ7tT169fFP1EAYOU6ffq07r//fnV1hXtyBACARiOwCgBY1mauvKsPXnpS05febvZSqqTSGa3p3aA1fZu0tm+j1qzbqHQ2m+gchmHIKJoqFqVi0ZRhmKVj0ZRpSplMSulMqnRMp5TJmMpk0pEyToOYpqm5qXHdGL+qG+NXNT16ScWF+cTGT0rL2o3a+Qv/QT07fk4TExPK5/PNXhIAoAZnzpzR9u3b1d/f3+ylAADgicAqAGDZM42iLr31lzr76rMqzl9v9nLcpVJq7+otBVnLwdZsW0ezVxVLfm5W06MXdf3KBc2MXlJxGTze7y2lrXu/qtzP/hvNFdLspQoAK1g+n9f169d17do17dy5k6AqAGDZI7AKAFgx5qdGdPbVQ7r646PNXkoobV09au/qVVtnt9q6etTW2aP27t5mL6vK/Mx1LUxPan56UvPTU5qduKa5qfFmLyuUzq33a8fP/67mW2/Vj370I83OzjZ7SQCAmNatWydJ6u7u1u23387j/wCAFYHAKgBgxZm68Pca+tunNXPl3WYvJYaUWtesVVtnj9q6etTa2aP2zm61dfYo0xptL9WwjEKhHDgtBU+tzwsz12UaRl3mrKeWNRu0/bNf06b7fkmmWdoywXrhl6TKy7zsR+f5JMt+81vlqP3DjOPXL2o7t/bOY5j+SR7d1hG3fy3toqzD+btLpVKSFPqYTqdlmqbS6XRD29WyzijHJOYPO16UdlHPu40bdhy3cpjx7GVL2PHjtnObx60eAIDVjMAqAGBFMo2irvzkf+rc//1Pmp/8qNnLSVwqk1E6nVEqnVYqXf6cKX1OpTOlAE+xKNMoyjQMGUZRZrlsGIbM4jJ54VeCMq1rte0Tv6ltn/hNpVvWVr2Yyu2fImHOJVn2W48zCBe2f1L1SbX36x+3bD+GaeN1DHvOr3/cILDbPbHYg1BugTdnfZjgotfnOHMkFWxN6ui25qj961Ef9rzf57D945Sjng8K0oYdFwCA1Y7AKgBgRTMK87r4w2/p/Gt/qPyNsWYvB3WQSrdo68d/Tbd+8rfVsmZ9qAxRZ4ZVULukyrW2CzqfVL29XT0zU61xkxovzLHWTNeo1+f3uwvKUAzKqPTLAHVrH3RMerxajlHuQ1D/WtqFqQ9z3mucKP3jlBvVzi/oCgDAakZgFQBwUyjMX9eFH/ypLnz/RRUXZpq9HCQipU0f26/bPv1v1dZza1U2YJhMwTDt6lX2axfmOoLaJ1XvdYzbbzkeax0jqM7Oft4rGBWU2VjPY73a2q8hyjXFGT9s/6Tr43wOM1/Ufl7lKP38gqRRzwMAsNoRWAUA3FTys+O69MNvaeTkf9HC9OVmLwcxpLPt2nzfL2nbJ/6lOvpuX5KJ6MwUtPhlEDrLqVRqyXhRymHn82vnlSFqv54w7cPUB60v6Bh2/JvlGOZ+e/2ugo5StExKt/ZRjkHjhS1H7Rd0fWGPUfsHtY9aH+Z7ilKO28+vbInSL+55v6AsAACrEYFVAMBNySgu6OpPvq0L3/9jzVz+cbOXgxDaurep/6f/hTbv+SfKtpfeDu0XRHUT1C4oGOrsFzZ4GmZ+t89+43m191pn1P5+9V7t4/av9eg1f9RyUF3U78vOOuesD5MBGPTZ71yjj9bnMOuMs+6o1x2mPmjsKOOHWWOU/vUs+wVBg/oHtQcAACUEVgEAN72pj97Qhe//sUZPvSyZRrOXA4eu/p/Stk/8hjbc9UWl0lnfTMCw593Klqj94gZXvfqFyXwNah/UL0p9lExUe/t67ska5pjUPFHuX9DvMMxRCp9ZGHUP0SQzRaMea50/av+gdknUhznvNc5yKUc9b+fVHgAALCKwCgBYNeYmzuvC63+mS2/+pYoL081ezuqWSmvD7gd1y888qu5b9lZOe/2TIig4Gqd/I8q1tgtz3u1z2Pqg8f3ahxm3UePEHc/vs7N9mCC9n6iZg2HOu30OOoY9F/VY67hR+wW1i1sf9rzf57jtwpa9gqB+5aTPAwCAEgKrAIBVxzSKmjh3XFfePqLR914iyNowKa27/We1+d5HtOHOh5RpXSspemaqJWz7oLJ9vCTKXvNFzVQN079R9Um1b0Z/S9Q9baMEVZ31XuUwmYH2cpyMSrf+UTJAw46f9LxR2tej3mv+sPc/bP96laOe92tn8ToPAAAWEVgFAKxqxfysrp36W11++6jGP/w7ySw2e0k3nY71A9p87yPavOdX1Na12bet1z8pwp4PGzQNey5KOU6dV3DV63Oc9knUr/T2fvVBwdawv6ewwmYGepX92rm18QoyBtX7jRW1X9hxk1h31Ppa2/tdQxLtnMIGP8OOF7c9AAAoIbAKAEDZwsw1jb77N7r89lFdv/BGs5ezorWs6dPGe/6RNt/7j9XVf3+oPl4ZgLWcj9uuXuVa24U5vxz2ZI3TLolxo15/ULswvyOLW71fEMytXZxy0Pko9VH2Rg3bPql2SdTXct5r/Cj9kyjXq12YcQAAwFIEVgEAcDE7fk5X3jmmK28f0ey1oWYvZ0Xo3PIx9e78vPoGPq/uWz6uVDobeYygf1J41fsFuYLahZkjyjhen/3KtbYLmr/WfkH9kx4nyny1nI9Sdvs9OcUJRnm1cwvKupXjnk+qPso4bp+TrI+zvrDn47arZ9kreO8mqfMAAKAagVUAAALMjp3RxNnXNH72NU2cfU35mavNXtKykGntVO+OT6lv4PNav+sLau3cVNN4cTICnee92rv1t2c2+o1Xr3K99ly1X3+Y9jdLfdz7G/b3Eub3GOco1ZZ5GNTfrZ1X5mWYvU69zi/X+lrb+92vuOPFKfu1s8RpFzRflP+RAACA1YjAKgAAEc1cfV8TZ1/TxLnXNHnuuPI3xpq9pIZZu/FO9e38vPp2fl7dt/600pnWuszj9U8Lv8xBr3NeQbEwfetVDgqCBgVLvT779fdqH2c8v/XXOl/Y+jDtkyrbz3v9/sIKClIFBcvc2nl99is7j2HHDeoXtn/Uz7VcR9T5g8px+8UtB33/buVazhNMBQAgPAKrAADUaPrSO5o4+z1NnDuuyXPHVZibbPaSErN2051au+ludW27X707PqO1G3fVfc4omYJxzjvHb3bmqlvQspZ2SWR2Rp03ynhJz1evstvvJ0xQ1a19mIxBe7uwmYphyn7tomZixt3DNOm9T4MybuNcZ5R2Ye9vnHKUfm6/p7DjBZ0nuAoAQDgEVgEASJBpGpqfGtGN0Q904+oHunHtdPnz+8rfuNbs5bnKtK7Vmg13qGP9Tq3ZcIfWbCgdO/q21y0jNSyvf2LECa6GGd+tXZhzccv16Of12at/Eu2jrjOp80HXUMv37nferZ1fcCpMkCqonVswLW7Z67O9XI/zbp+jrjPOdYW53ijzNKNca7sw5wmmAgAQHYFVAAAaJD87rhuj5UCr7W9ufFhS/f+rtLVzkzrW79TajbvKxzu0ZsMdauvur/vccQRlCjrrvTJP3dpH6R8lszFMOer4buvzauc333LZ07XW9dV6f+3t/X4PQb83v/ZhgqxBQVR7fZwMxKBx6t0uzri17GXarOutV9mvXZjfiVe7oPkIrgIAEA2BVQAAloHC/LSM/KyK+dny8YaM/KyMgv3c4tE0isq0dCjd0qFMy5ry0avcoWx7d7MvsSZ+GYVuQTCvPmGDomHPNbLs9dlejhKMDDtelP5+8ye9/rjlsN+/X/skBQW1/IKvYc6HLfuddws6hu3v187rc5j+SV9n3HZJlaOer7V/1HoAAOCOwCoAAFjW4mQSOs97tY/SP854SZVrGafWTNWw7cLME6Vdrddfy/cdtb6Wo12Uer/2SZXruedovfrHbbecyrV833HPu80PAACCEVgFAAArhtc/ObyCal79/IJwYfsnMX7YcqPH8QpuuvXz+tyI6wlbjnveXu/3+6pF2KBWUNDNq51f/zDleveLMr7X57jtlkO51nZJnwcAANEQWAUAACuCVyZhUH0t553je83nNp5zz9Z6loPW41V2uz6vfknMH2W+sOW430fY349ffRJHKXwGYZj+cdvVs1zL3qm1lpt53bWOk8T3Hud3BgAAwiOwCgAAViS/f374ZSaGCZp6na8lCBtm7KTKcfvGDY4muYawZa82Ub9ft/Zh65MQNsjlF3SrpX29yo2c1+tzM8q1jBP0/YeZN8z4BFMBAEgOgVUAALCi+GUAetV79fdrH+Z83HZuZfv6wq7Xq+w2Xq3ri1uOmokbZ76w9zXs9xy2f5JHKdnMVa/zcdvVq9yseetVblS7MOeDfi8AAKB2BFYBAMCK5/VPEb/zbsEzr35hg6Bhz0UNnkYZpx7lpIOuSa2vlvNB379ffT2EDXp51YcJqvmN4zcuZf9y2Psbpl09zhNMBQCgfgisAgCAFc0rwy/unpq1nHcru83nNl49MjkbUbZfX5j6MPcjzP2Jen/Dfv/Oer/29ThK9ctcdesXphy330oqJ90uzvcT9XcQ9/sHAADJIbAKAABuGl5BMnu9X9+w44UdP0r/JNrUEryMst6o5VquJ+r9j/v9h+nfCFGDYl71Yc+HDaL69Y8773IqJ93Or1+Y+xq3fdh6AACQDAKrAADgpuKVieiXKeisjzqeV/so/eOM5zZ+vTJd46yn3tcf9/uK2j/o6CXqOEHB1KB2SWU2NrJdreVaxnG7b0n1i9q/lu8r7O8DAAAkj8AqAAC4aXn9EyUoKOYXdIs6T5jztbQLcy4oWBmlX5x1Jn0fwpwPCnpGaefXL+ngqZcoQVev+nqcDwo2hu0XZfx6jFNru3r1j9KPYCoAAI1HYBUAANyU4mY2BtXXo33c/lHGC5vJ2sjxo15/mPNB34dfvV97p1qDqW6ZiJag/mGDtXH7x8nQjDpf1PEaMb7XdYa9/ij3PenvqZagPQAAiI/AKgAAWDWCgmZxznuN53UuTBDT63yU/mHORQmqJr2+KP2jjlNLG68gZ6N4BV/DtE+iPmqw0W+cMOtYTuPVcn21nE/ifgMAgOYgsAoAAFaFoMzEOPXL5Xw92rndt0b1T+J7CfO9x23fiKObsO3j1jfyvNd64rbz61/rOqPcz3rc/7DfKwAAaDwCqwAAYNUK+ieMV71XUC5Mv3qc9wsSNrt/lPNR541aH3b+KP2TDp4GCdu/XvW1nvcLGq6kcZNqH6UfwVQAAJYfAqsAAGBVipO5WEu91x6kQePVY/yw80U9H/V6wpyv5/fl1T5u/1qCq0GZi379owZv49bXkoEZp32UDM5mrC9K+7D1QeMSXAUAYHkhsAoAAFAWlMkYpt5v7FrHizt/EuM3av31rK+1fTN4BV/92tfSLkr/KP2a0b5R6/e6j1Hmj1oPAACWBwKrAAAANvXKnAzKlExivCTPu82f9PUncd/8+kdtF3RMWtx1RMlsrDWDstYMyyTPu82TVPuk15XkfQcAAMsXgVUAAIAAQf/UiVsfN/NyuY4Xd56k6sOuw699vYOpYcUNroXtF6beb5ywQcw48zbjfJh+ca4r7n0EAAArQxKB1XQC6wAAAFiWnJll9qMlbn0qlar82c+n0+nAfstlPHu9dT6dTnv2S6VSnuuJUm+f22t9cdr79fcaL27Z7+j1vbn9+fXzau/3fYcZJ8zvwGvcoHmDfn9hxvM7WsLM4/Y7iTKf3//9cNYDAIDViYxVAACwqkTJhIxbH6cuTMZoUH2j5/OrD7OGuOOF7V/LeGF4zRc36GZv34jM1SjjRBk/aN56zhd3PWHrCaYCAHDzIGMVAAAgojAZcbVmugZl0LnVB2XUxc3w88tATbo+KEPRr12YTFW/++rW3228JI9e8wV9X/Y/r0xfr4zToMxgezuvdTjHi1vvd51xfq9B/7nxGtf+n9egerejVzDWWU9QFQAAOJGxCgAAoMZkst4s9VaQqZZxoo4Xpr/z2Che88cNxkXtF7Z9mPqkMjvrsO/dHAAABVRJREFUVV/P9UdtBwAAVjYyVgEAABIQlNFm16z6pI5eGahu9W7tvPbm9Bon6T1V/fqHGa8ee6wGrcNr/W5/cTJevdq7tfMbL2icoHU14mhxq4+SmRp1PgAAADdkrAIAAARIYo/QJPcsDbOmZqynEe3j9m8GezCvlsxVeznqvGHb11qfxB6lYded5HrJTAUAYPUiYxUAAKBBwmTQxcmIc8sE9MvUDFpPnPn86oMyXKOu329855/feqNmpob5c64/yl/YTNYw34+zv73s1d55HVEzXv3ahV231zFoD1S/7znueixB63G2BwAAiIKMVQAAgBoklWFqb2cFf+LUR513uWWmJt1/ObIH92rdgzXJzFS38RvdrhnrAwAAqxMZqwAAAE0WJXPPL+POPp5f5mvSma1xM03r1T6ov98erEllWMY9eq3H/pdUJmuUDE+3flHue9B11jqedXTb9iDo6NeeoCoAAKg3MlYBAADqoNmZoPagUhJ7xIZp38j+XuO5je88es0XtuwWtAsqx+E3X9T+Sc4Tp33UdSc5PwAAgBsyVgEAAJYpZ9AnTsZdUPswma3WuSgZhVHah92DNUr/JDIivTJD3fZAjVr2my9Khqbzet0yTKNktvr1TzKzNE57S5KZqARVAQBAs5GxCgAA0ETNzmxdLv38xklivOUk6eBg3PGS6FeP9vZ+AAAA9ULGKgAAwAoXJ7PVal+PTNRaj0nN55Zx6fXXyOsLkzHqV64lszVovrDjWX/2313cTFVLEpmobusDAABYzshYBQAAWAFqzdxsVKars7/1WVKiwbJG7qkateyWoZlkZqq9HGd8v3Gi9He7zrD9AQAAmo2MVQAAgFXCGcSKkyEYpX+tmad+e7wmkVkaZY/TMJmktZaT3HM16BhmvrgZr406AgAA3AzIWAUAALiJNTrTNcw4zXzMOyiTNCgDsxkvTKo1QzTMeHEzT3mRFAAAWKnIWAUAAICvJDNdk840rUcma1KZrvbr92tfz6Pb/Yi7t2nU+xLm6Pa7AgAAWE3IWAUAAMASYfYojTNevca/GXjdD7eM0FoyRN3mSWJcAACAlYSMVQAAANSFW0ZinMzXMJmW1l8t498MxzCZwZZaMmfd5rEQVAUAAAiPjFUAAADUjddenstlz9WVwC9zFQAAAPGQsQoAAIBlLczenKs9U9Xr6JfJCwAAgOYjYxUAAAAAAADAqkLGKgAAAAAAAAA0AYFVAAAAAAAAAIiIwCoAAAAAAAAARERgFQAAAAAAAAAiIrAKAAAAAAAAABERWAUAAAAAAACAiAisAgAAAAAAAEBEBFYBAAAAAAAAICICqwAAAAAAAAAQEYFVAAAAAAAAAIiIwCoAAAAAAAAARERgFQAAAAAAAAAiIrAKAAAAAAAAABERWAUAAAAAAACAiAisAgAAAAAAAEBEBFYBAAAAAAAAICICqwAAAAAAAAAQEYFVAAAAAAAAAIiIwCoAAAAAAAAARERgFQAAAAAAAAAiIrAKAAAAAAAAABERWAUAAAAAAACAiAisAgAAAAAAAEBEBFYBAAAAAAAAICICqwAAAAAAAAAQEYFVAAAAAAAAAIiIwCoAAAAAAAAARJRt9gIAAAAAAAAAoNm++tWvetb9+Z//+ZJzZKwCAAAAAAAAWPXcgqd+5wmsAgAAAAAAAICWBlG9gqoSgVUAAAAAAAAAqLCCqX5BVUlKmaZpNmJBAAAAAAAAALAcTE1N1TwGGasAAAAAAAAAEBGBVQAAAAAAAACIiMAqAAAAAAAAAEREYBUAAAAAAAAAIiKwCgAAAAAAAAAREVgFAAAAAAAAgIj+P8+HhUbPETdEAAAAAElFTkSuQmCC" height="600" width="800" />]]>
  </system-out>
  <testcase name="ForgotPassword_003" time="4.620" classname="testcases.LoginTest"/>
  <system-out>
    <![CDATA[<img src="data:image/png;base64,iVBORw0KGgoAAAANSUhEUgAABVYAAAJcCAYAAAASBf/6AAAAAXNSR0IArs4c6QAAIABJREFUeJzs3deTXOeZ5/nve85JW5lZ3qAK3hAAQQOQhEiKRqIokeqW1KOdi57ejZ3diJ7dvZ5/Ynrvd252YqfXdGsnutUR2y1NjCg1KVIaSQABkgDhvamCK2/SZx7z7sXJShZQBZMgSFDS78MAC6iqc/I9J8vhh+d9HmOttYiIiIiIiIiIiIj8kSgWi5/7HM4jWIeIiIiIiIiIiIjIHxUFqyIiIiIiIiIiIiIdUrAqIiIiIiIiIiIi0iEFqyIiIiIiIiIiIiIdUrAqIiIiIiIiIiIi0iEFqyIiIiIiIiIiIiIdUrAqIiIiIiIiIiIissJPf/rT+76PglURERERERERERGRluVQ9X7hqoJVEREREREREREREVaHqfcKVxWsioiIiIiIiIiIyB+9u4Wod3u9sdbaL3JBIiIiIiIiIiIiIl8lxWLxc59DFasiIiIiIiIiIiIiHVKwKiIiIiIiIiIiItIhBasiIiIiIiIiIiIiHVKwKiIiIiIiIiIiItIhBasiIiIiIiIiIiIiHfIe9wJEREREREREREREHoejR492fMy+ffsAVayKiIiIiIiIiIiIdEzBqoiIiIiIiIiIiEiHFKyKiIiIiIiIiIiIdEjBqoiIiIiIiIiIiEiHFKyKiIiIiIiIiIiIdEjBqoiIiIiIiIiIiEiHFKyKiIiIiIiIiIiIdEjBqoiIiIiIiIiIiEiHFKyKiIiIiIiIiIiIdEjBqoiIiIiIiIiIiEiHFKyKiIiIiIiIiIiIdEjBqoiIiIiIiIiIiEiHFKyKiIiIiIiIiIiIdEjBqoiIiIiIiIiIiEiHFKyKiIiIiIiIiIiIdEjBqoiIiIiIiIiIiEiHFKyKiIiIiIiIiIiIdEjBqoiIiIiIiIiIiEiHFKyKiIiIiIiIiIiIdEjBqoiIiIiIiIiIiEiHFKyKiIiIiIiIiIiIdEjBqoiIiIiIiIiIiEiHFKyKiIiIiIiIiIiIdEjBqoiIiIiIiIiIiEiHFKyKiIiIiIiIiIiIdEjBqoiIiIiIiIiIiEiHFKyKiIiIiIiIiIiIdEjBqoiIiIiIiIiIiEiHFKyKiIiIiIiIiIiIdEjBqoiIiIiIiIiIiEiHFKyKiIiIiIiIiIiIdEjBqoiIiIiIiIiIiEiHFKyKiIiIiIiIiIiIdEjBqoiIiIiIiIiIiEiHFKyKiIiIiIiIiIiIdEjBqoiIiIiIiIiIiEiHFKyKiIiIiIiIiIiIdEjBqoiIiIiIiIiIiEiHFKyKiIiIiIiIiIiIdEjBqoiIiIiIiIiIiEiHFKyKiIiIiIiIiIiIdEjBqoiIiIiIiIiIiEiHFKyKiIiIiIiIiIiIdEjBqoiIiIiIiIiIiEiHFKyKiIiIiIiIiIiIdEjBqoiIiIiIiIiIiEiHFKyKiIiIiIiIiIiIdEjBqoiIiIiIiIiIiEiHFKyKiIiIiIiIiIiIdEjBqoiIiIiIiIiIiEiHFKyKiIiIiIiIiIiIdEjBqoiIiIiIiIiIiEiHFKyKiIiIiIiIiIiIdEjBqoiIiIiIiIiIiEiHFKyKiIiIiIiIiIiIdEjBqoiIiIiIiIiIiEiHFKyKiIiIiIiIiIiIdMh73AsQERGRB2OxNIMmxWaJ+doCc/V5lppFFhtLLDSWKDaKlP0ytaBOEAVEWABc45JwE6ScJN3JAvlkjpfW7efJ/l0k3cRjvioREREREZHfTwpWRUREvsJqQZ2F+iLT1Rkmq1NMV2aYbyxS9svUwzqNoIEfBTTCJoENCKKA0IZENiKyFgOAwTUOjnGYdKbY2buDyEa4RhtXREREREREHpaCVRERka+YZtik1CxzqzrFZHmKqeo0k5UppmrTzNXmqQRVGmETa5drUmkHqO0XdvV5jYmrVwfSfXSnCriO+6Vcj4iIiIiIyB8iBasiIiJfERZLI2gwXZ3lwuIlDt76iIuLlyk2iwSRjzEGBweMwWAwxm0fiQVjDMaY5ddgiWiHrVhc49Kf6eO5oWcZy617DFcoIiIiIiLyh0PBqoiIyFeAtRY/Cvhk6hgHbh3i5Nzpdq9UAM/c/Vu2tZYIS8J49KX6CG1ELahSC+vtWDW0lkIqx0sj+1mXGyHlpb6EqxIREREREfnDpWBVRETkMbNYZurz/O7mIT6dPsZE6RpLjWJ7e78xtCtRVx4T2YgI6E11M9Y1ymB2gJpf53r5BtWgctv7eo5Lf6qXl0b2U0gVMNx+PhEREREREemMglUREZHHrNQoc27+Ah9c/w3TlSnqQR3njsFSdsX/l6tTu5PdrOsaYTg7RG+6hyAKma8tUA/jStfl6DSyEf3pPnb27mBL9yaSTvLLvDwREREREZE/SApWRUREHqMwChkvXePgzUNcWbqMh7s6VLUWWlWrDg65RJbBzADbCpt5bmgvABeXLnNm/hSXlq4Q2QjHGLDtmle292zla+ueVwsAERERERGRR0TBqoiIyGNU9iucnjvL4alPcHFXbfmPWaIoDld7M718c+xVnh/ey2Cmn+ulm/xi/H2Oz52kHtRa4etnA6tCIgqpAtt6trCzd/uXeWkiIiIiIiJ/0BSsioiIPEbn5s9zcfESzbCJ57gAGOJN/9ZaQkJSboqRzDDPDOxhT/8uxnLrqAV1fnPjAJ9Mf8r18i3qQT2ubCWuULVARERoQ/YPPcfu3p2kXFWrioiIiIiIPCoKVkVERB4Day1BFHBu4SLXSjcwxrQHSlks1locx2V91zo25jeyo2cbT/btZDDTz3jpOsdnT3J0+jjXytcJojA+fkULAWstnuPRn+zl2cGnWJ8fXdViQERERERERB6eglUREZHHILQRZb/CeOk6M7U5HONgsWDBGIdMIsVApp+Xhl9g3/CzrM+NYbFcXrzKLyd+xaezJ1hqLOEZb41BV3HbgK5ElueG9rKtewvdqcJjulIREREREZE/TApWRUREHgM/bHK9eINis0hgw1Y4agkI6U3m2dO3mz/b+ieM5UfJehlKfpnTc+f4T2d/zHRtBj/08cza38Zt6+VQZpDvbXmbgUxfuxpWREREREREHg0FqyIiIo9BM/K5Xr5J1a9ibYQ1cSC6d+Bp9g0+w+7+nWzMbyDtpbhWusGR6WP89uaHzNRnCWzQGnJ1e1i6/KcgCtnavYVvrn+Vka5hkm7iy748ERERERGRP3gKVkVERB4DP/K5VZ2kFtZxHZfBzAB7+nfx/NA+tvdsZTDTD8C14g1+d+tDDk1+wkTpGhAHqMsDqpbFA68soY3oS/fyVP9unh/eR9rTwCoREREREZEvgoJVERGRxyCIAmZqswAMZ4fYN/gMb274JmP5dWS8NEEUMFub49Dkx3x46yOuFMdJOHHlaRyi3i7uq2rwnAS7+3by7OBTDHcNfrkXJSIiIiIi8kdEwaqIiMiXzGKph3VuVibJJ/K8OPIC3938Jr3pnvb7FBtFPrx5mP9y9Rcs1BdJOIl7dkkNbYRnPIbSA3xr/evsHXxafVVFRERERES+QApWRUREvmRRFJEwCfb07mZn33a2924jn8y1336zfIuPJo/y0ys/p+JXcY172/H2jt8FUUjGS7OlsIl/uf0HbO/diufqW7yIiIiIiMgXSX/rEhER+bIZyCfzvDz6Ncby6+hOFdrh6WJ9iWMzp/jdrQ+Zqc3iOV5rUFVruz9gbfw7i8XBMJgZYGfvDp4beoY9/bvJJDKqVhUREREREfmCKVgVERH5krnGJZfM8eTALlzjAMthqeXs/HkOT37C2fnzeK2wdTlIdYzBGEPSTZB0kmS8NIVUnm3dW9k/vI8n+3aR9lLtIFZERERERES+OApWRUREHgPHGFhRVWqx1Pwa74y/x8m504AlwoK1RLa1+d84JJwUw9lhthQ2saN3G3v6djHUNUjGS6tGVURERERE5EukYFVEROQxs9YyW5vjV9d/y1RtllQiS392iJ5kDz2pPH3pHrqTBbqTebpTBfrSveQTObKJDFkvS8K992ArERERERERefQUrIqIiHwFJJwEo13r+P6Wt3CMS9bLkvEyZL00GTdJ1k2R9tKkvQxJL4Xn6Fu4iIiIiIjI46S/lYmIiHwF5BJZnunfRSKKSAQNnGYV0yhj60WioAE2AmMwbhKTSBMlMpDMYlI5TCILXhJa/VpFRERERETki6dgVURE5HOJ+6BiLRBhrcUYB5Z7qN7RS3UtBkhgcI2DLU/B7CWiqTPYyXPY8hyRX8FGAda4OMkMpqsfCiOYvg04g09gejbg5AYxySw43orHFRERERERkS+KglUREZGHZS02qGPrRWxlFluegTDAJLOY/DCkCzjJrria9F5b9yOfqHiL6OYxwuvHiGavEJWmoF7GBo04tDWAcYmaFUxlATt3FSY+AS+N6erHHdyKO/Ik7ujTmMJoHLKKiIiIiIjIF0bBqoiISEcs+HWi8gzh9Hmi+XFsaQpbW4JmNd6y7yYg1YVJdmEy3Tj5IZyeMUzPBkxXP8ZL375t37iYdDfO4A5I5DDDu3HqJUyjRFiZx1bmsOUZovIsNMpEUb11nAEcTHUeW54mmr1MOPEJztAOnJEncYd2YtKFx3KXRERERERE/tApWBUREXlQQSMOVGcvEc1cILxxjGjuKrYyD2GwYvt9qzWA42DSBUx+ELdvE87ANkzvZpzuUZxCXNFqHBccF5PpwWR6cAZ3QhS2KmFLuJVZouIk0eINosVr2OIUtraArS7EYW4UYf06+HXC4hThzZM402dx569iy7O4w7sw+SFMIqMerCIiIiIiIo+Qsdbax70IERGRrzRrwUZEi9cILv8W//TPCSfPArT6qd4lsGx/i42PB4vp2YC78Tm8ba/ijj6DSeUxXpL79WGNw9YaUXGKcPIk4cQnhNeOYKtLEPnth4lfRoDB6R7Be+INvF3fxunbHA+5UrgqIiIiIiJCsVgE4OjRox0fu2/fPkDBqoiIyH3ZZpVw6jT+kR8TXD8GjRI2ioA749CVg6ws7SFS7UpWA8bBuIm4RcDQDrw9f4q3fi8m2/8AC4mwUQihj22UsMVJwpsn8M+/TzR5FsLm7b1cjYPxkpjBrSR2v42341s4ucFHck9ERERERER+nz2KYFWtAERERO4hKt4ivH4E/8y7hJNn4+33gFkOS63FWttqd+ph0jlIdsV9VKMA/Bq2UcH6VQhDIMCGPjZsYv1aPPhq7grejjdwBrbdezHGwbgOuAmMl8Km8piuPpyeUYKJTwivf0o0exkbRfH6bIRtVrGzl/FPvYMtz5F4+vs4+RFwk1/ofRMREREREflDp2BVRETkLmx1gfD6UYLTPyecOIKNAgyfVaBaG+G4SUw6j9O3EdM1gMn2YTLd7WDVNsrY+hK2toitl+P+qJV5bHUxPn9tMa4+tREJx8PkhzGJ9P0X57iYZDb+1TWAyQ3j5IcILv2WaO4Ktl4CDDgutlkjmj5P0Khgkmm8XW/j5Idvr24VERERERGRjuhvVCIiIqtYbBQSTJ4muPhr/EsH4mrU1rb+dhcdx8PkBnFHn8R78m3c/u2YdDd4qVYvU4sNffCr2EaRqDRLOHmG6MYxosnTcSVr0CCavkhQL4NxSOx6C7pHMR2EniaRwV33JE7PGKYwjH/8p0STZ7CNavx2DEQh0cI1Gp/8GHLr8Da9gJMb4L69XUVERERERGRNClZFRETuYKOQqDiFf/wnhOOH4spOc0cAGTbxhp/C2/0W3vbXMV2DGDfRClSXq1pNPJjK8SCZw8uN4A7uwG5/jWjuMv6Vg4SXD2KXbmHLM/iH/19MuoC37VVMYbTDVRtI5fG2vo6TLuCfegf/7HvtQVbxmsDWlvA//hHGgLPz2+AmHsk9ExERERER+WOjYFVERGQlG0JtEf/4PxJNn8U2axjjxG8zJu5fmszgjOwi8cy/wF2/D6cweo9t9fF2fIMb/8lLYRIZSOVJ5keIhp4gGP+E8PpRouIk/plfYFI5nJ0DHfdBNY4LySzOyJO4fgMb1AnO/7pVlGqwFgyWaG6cYOJjTGEd3vq9D32rRERERERE/pgpWBUREVnB1ksE0+cIL/2WqDwXV56uGFRlXBdTGCGx50/xNr+MyQ+1qlQ74CZwsn2Q7cMpDMd9VVM5gvFDcVuAG8dxRp7C7dv4UNdg0j14Y8+AXyNamiSanwC/jnGcuI1BUCe6dZKwMII7uB0SmTiUfYTigV6fr82AtRZLq972c57rUYpaw8G+7DV9Fe6HbQ1rA3CcDj/u/0hZLFEUYY3FNW7cmuMLEtkIi8VgcDr9uiQiIiIiHVOwKiIisiwKiRavE174FdHSTQgDzMrwyEaYbD/epudJPPWDuKL0c4YXJtMXB7TdY9DVS3D6n7Hz44Q3j+H2bljdguBBz5vtx9v0IoQ+/kf/iWhholWxCjge4ewVSB3G3bQfd/AJSGbXPI+1liAIbgtKoyjC8zwcx7kt4Gs2m9RqNcqVCn6ziZdIkOvK0d1duG8QuPw4jUaDer1Bo9nAbzaJWo/ruS6pVIp0JkM6lSKRSDx0uBhGEVEYEUUhruvGjwG4rntbWGhtHIg1m01q9TqNRoNGo0EYhriOSyKRIJlKkkmnSaVSeJ73yALPMAxpNps0Gg1q9TrNRgM/CIiiCNdxcF239cvDcR1cx8FxXBzH4DgOjutio4gwjOKwzVoK+Xz7eXsQ1lp83//s+usNfL9JEIZgwfNckskk6db1p9NpXNd94HsQ2YhG2IjD4lbb4ogICySdBMkOK7ZXrrseNrA2aoeYoY3DcM/xSLlJLJYgCmiGfiuMjDA4OMZgjEMYhfHzT9QOkpfDdAcHz/FwjYvnuPcNMKt+jbnaPLWwxkCmn0IiT+IRt+Cw1hLYgNnaPBW/Qj6Zpz/Ti2f0o76IiIjIF0k/bYmIiCzza4STZwjOvAehvzrUtBZ35EkSe76P8dIPHXqu4ni4vZtw9v8PGMclHP+Y8MpB2P3dtfu7PiCT6cF74k3CiSNEtQWoLn4WBFuLLU0RXvgVbve6NYNVa8H3A6amp8FavEQcHJbLZQYGBsh1deF58Y8SYRhya3KSEydO8uGhQ0xNT9Hf18/XX36Zt99+i+Q9gtDlUHVqaoorV69y7vwFLl++zNLiIo1mE8dxyOdybNq0iT179rB9+zbWrVtH4iGDzHq9TrlUplarkslm8X0fxxhyuRy5XK4dPEZRRKVS4crVq5w9d45z588zNTlFvd4gmUzQ39fH2NgYzzzzDFu3bGFgoJ9E4tEEZsViies3rnPhwkVOnTrFtevXWSoWCXyfZCJBLp+nK9tFPp+ju7ubrlyOdCpNJpMm29VFPpej2WxSLpepVKs0Gw3e+s53GB4eJpW6f2AZh6oBMzOzXLl6lTNnz3Lm7FkW5uepVqpYLPlCnuHBIXbs2METTzzB9m1b6e3tI5l8sHvQDJtcWrhCM/LxWpWcRb+MxbKpsIHR3Aiu6ayS2lpLM/S5sHAZP2yQdJI4xmHJL+Eal6HsAFu6N2GtZbI8zWRlilpUpx7USDpJMm6ahJOg1CzTCJs0omYc0mJJOQk8J0EmkWEw009/qo++TA9pL3339WC5Wpzgv1z+Zy4tXebtjd/iayPPs74w1tF1PYi52jz/cO6fuFy6wksj+3lr07foS/c+8scRERERkc8oWBUREWkJ568SzV7CNiutvqgt1oINcfo24I48idu78dGFqsscF5PMktj1FiaVw1aXsEETk3Af/rFa53S3fp2oPE1w9TDGawVVxoHaEsH4R3g738TN9K0aZGUMzC/M8+Mf/5jx8XFq9TqO4xCGIf/L//w/8fRTT2GMoVgq8ctf/pJDhw5z8eJF5ubnqdfrjI6OsnXLllWVrcustczPz3P69BkOfniIi5cuMjc7S6lcol5v4Ps+YRgS2QjP9Th2/Di/+vWvGR0d5cknd/Pmt95k/foxurJrV9vezY0bNzlw8AAffPABmXQGPwjYsGE933j9dV568UXS6TSTU1OcOHGS9375Hjdu3GRubpZSuUyz0QTAdZx2teYHH3zApk2beO655/jWt96gr7f3oQLWer3OzVu3+Ojjjzl06DA3b96gUq5ggY0bN7Jt61ZSySRBEDI1PcWFC+cplUq4nkcymSSZSrWrZ5vNZrvqNYoiHMewf/8LDA8P3Xcdi4uLnDl7joMHDnDpyhWmJicplkpEUcS6daMMDA7gui71ep1Tp09z7PgxMukM/f39PPvss7zw/PPs3LmT7u7CPR+n4lc5OnOC84sXqQd1jIFmGNCf6eXtTW8yllvX8T20WEIbcuDWIa4ujceVqMZQDxtsyW/ia8PPtYPVMwvn+M2NA5T8Moa4GtXFIe2mGMgM4BiHMIqoR/V2xam1Fs9JkPZSZNw0mwubeLJvF08N7CbtpVZVr0Y2otQsca10nbn6HIenPqGQKrAuN4L7CNtvLDaWuLBwieNzJyk2i8zXFig3KwpWRURERL5gClZFREQAopBw5gLhzEWsjcCuDAMt2AhneDfO8C5IdBbkPTDj4PRuwrOWqDqPcR++WnXlOd2R3YTXP8Xc+BSiz7Y1R0Eds3iDaPEGTs8GTKZn1eGNRoMrV69y9OhR5ufnSSQSpNIparU4ZJqZmeXX//W/8s4773D23Fnm5xcwxhCGIYODg/F29Tu2ni9vMT995gzHjh3j40+OcP78BTKZDL29PWzYsAGvFUxaG1eNTk1Nc+XKFa5du8aVK1e4evUq09MzvPHGN3n26afp6Vm99rvx/Sa3bt3idwcOkEqmCMOQvXv38tKLLxKGIRcuXOR3Bw9y8OBBTp48iTEOmUya7kI3BkOlWmFpaYmFhYW4RYLjMD4xwY0bN1hYWOC7b7/Nhg3rOwpXi8Uix44f58DBgxw9epRz587R39/P9u3b2bZ1G9u3b6e3t4dUMhVX905Pc/nyZU6ePMmJkyepVMpksl1s2byZrVu20NXVRbPZJGi1DwBLNpO9Z9VwGIZcuXqVY8eOc+DAAY4fP87s3Bx9fb08seMJNm/ezIYNG+ju7sZ1HSrVKtevXWd8fJwrV6/yuwMHuHb9OpevXOGVr7/M119+mf7+/nZV851CG7LUWOJqcZzFRhHHGCIbEdqNNMLGQ/cidRyHhfoCV0vjVP0ajjGENiLrZqiG9fidjGGpUeJ6+RZz9Tk84xHakHyii82FTWzt3kLKTYKJK2sXGovM1Oa4VrrBZHWKil/BNS43K5NMVadZaCywb+hZ+jK9eCuqbMMopBbUWGoWCaKQ8dJ1Li1d4ZmBPQxmBx5J64jIRtwo3+ST6U+Zry/gRz6VoEqpWf7c5xYRERGRe1OwKiIiAhDUiOauEC1MYFZuP7Y2DjfdBO66J3EGtj76atWVjIPTvxWnf+sjO6WTH8bpHsVkeloDuVqhcRRh/Sbh7CXc4V1rBquu45LNZnEcJw7oDBTyebq6ctRqdU6cOsnf/uhHTExMYK0ll8thraVWq9HV1UVXV3ZVT8+m7zM5OcnP3nmH3/32dywVi4yNjfH666/z1J49jI6ui0PJ1rCm+fl5Tp0+w7vvvsuFCxcolYpcuHCe8xcuUC6XyaQzvPD8cw/cOzSbyZDr6sLYeLt/GIak02n6+vpZKhb54Fe/5t1332VmZpr1Y2Ns2ryZkeER8oU8UavlwcTEOBMT15iZmSEMQ5aWljhy5AjnL1ygUCjwZuZbjIwMP3Bv2ZOnTvFPP/kJ7777HuVyiZHhEb75jW/yJ3/yXfY8uYdkMrGq/+vi4iKHDh/m7/7+xxw9egTPcxkeHuaVV17h9ddeww98giDA930ajQZDraD7bmu4efMmv3z/fd577z2OHz+BMYb16+Pn5ft/+j12795NOp26bR21Wp2JiWscOHiAf/iHf2B8fJyLFy9y/do1sPDaa6/S09OzZrjqGIeUl8Q1Lq5xWlWjkHLTeObheugaDJ5x6UpkSbkp6kGjVUVqcIwHNj6nMYa0lyLrZVjAif/txFoKyQJP9+/mrc3fioPV1v1pRj4z1VmOzhznw1sfcXbhPNZGTFanmK/PM16coJAskHKTdKc+q9T1Q5+aX6cRxuuoBFWulW9wcfEyvemeR9JrtRrUuLx0laPTJ9o9iWtBjbKvYFVERETki6ZgVUREBIhK09ilW1BbWh2cGheTLmC6xzDZ38OttV4KkxuE/AiUZmkXAhoDJiK8dQa7+SXo2wR3VAm6rkt3oYDnuvE2aNejp7uHhOdx5uxZ3nnn55w6dYre3l5GRkbo7u7GDwImJiao1WqUSqvDnXKpxAcffMD7779POp3m3/zlX/Ldt9+iUCiQTCbbwd1ysLZh/Xp279rF8/v28df/51/zm9/8llK5jAE++OADhgYH2fPkbrLZu1dkrmRag55c120NK4p/1ep13vvl+7z73rtkuzL82//+3/Lc3n10d3eTSiXb5w6CgOmZGT7++BP+41//Nbdu3WoPOKpUKvztj37EwEA//f1vkEzeu59pEATMzc3zf/zHv+bIkSM0m00whh/+8If86Z/+Cbt27lwzlDTG0N3dzauvvkqhu5t/91d/xbWJaxw8eJClxUWeefpphoaGSKWS8XAoPhu+dKc4pF3iR//p7/jVr37F9evXSCQTJBJJ/uJf/QVvvfUdxkZH1xxMlU6n2L59K/0DfWzbtpV/91f/K+Pj4xw/cYKZmRlyhTzPP/ccfb1rf94Y03oOVrwu6Xgk3If8EdUAFoxxcIyD0zpzZCOSjkem1Q/VACk3SdLxiIjarQCMMUSr1mhIuglGcyP0prtZlx3m/zr9I2Zqs9jQEkYhk7Vpjk5/Sl+657ZgtR42qAY1/MhvP+6N0k0OTx3hmaGn8FzvoStzl11dmuDi4hUWmgskHA8bxVW2Vb/2uc4rIiIiIvenYFVERAQI565iG6V4krjz2bfH+M8pzMAWnK5ejPNop3l/WUwijZPO3xEatSKd0i2i6gJOGGDuqKBzHEM6lWoFahbPc8lkMly6dInTZ85DygA9AAAgAElEQVRw5swZ/uwHP+DFl15kbHSMbDZDGIZMTU3TaDTYvGnTqrWEYcji4hL79u5j165dvPWdb7fbBqwV/DmOg+u6bNmyme9973tEFn72s5/heR6VSoWzZ89y6PBhXnv11Qfafp9MJEmlUkTW4hBPt7954wY/+clPuHLlCs88/TTf+MbrPPXUU/R0d+N53qpq0dFEgle+nqRQKPC//ft/z7Vr1wjDEGMMN27c4MyZs+zYsYNtW+9eeWytZWlpiX/8p39ifHycer1OKpViaHiYl19+iU0bN951G/3yfclmMmzZtIkffP/7/OM//hNXr17l6vhV/vf/8B/4N3/5l2zbthXnPmHz9PQ0vztwkAO/+y3T01NEUURvby//6s//nFde+TrDQ8N3XYcxBtd16enuZveuXbzxxhu8//77XLlyhZnZWf7mb/6WZCLB119+edVz4xqXvlQ3xjhExM9FaEPSborE55hm7xiHjJvCa4WmLm5cdO44OM5n98K2KqIdHIyBVs0smNVR53LwmvEyjOXW8frYK7w78T6z1bn258bZxYs8ObCbbT1b8FpfQxphg1pQI7QhTuu/kl9mvDjBlYWrbO/b1g57O2WtxY98jk4f58LiJYw1rYDf0IiaVPzKQ51XRERERB6cglURERHALl2H5l2CCC+J278Zkrkvtg3AFymRxqS6bnuVAbAQVeax9RKEzVUDrCzgBwHGmHY7gKXiEr/4519gjMO+vXv54Q//Bdu2baNQKLT7qVZrNaqV6poT4hOJJBs2buSpp55i69YtjI3df0K6MYZsNsveZ/dy69YtDh06RKlUIgxDxicmOHDgQ/a/8AKe592/atXEgbHbHqplmJ6ZoXn0CFu2bOGVV77O1/bvJ5fL3XUt6VSKdevW0dvby6nTp3nv3Xe5fOUKnufRaDQ4eeokO3c+wdYtW+66niAImJya4p2f/5zFhQUAcrkcL730Ilu2bLnr46/kOA49Pb289uprHDxwkGsTE5RKJd7/4H1effUVBgYG6OnpvuvxzWaTs+fO8ZOf/JRr16/TbDbo6uriiR07ePvtt9i0cSPpdOq+6/A8j97eXr75jde5euUKExMTBEHAkSNH+GTvXtavX78qZDbG4Dleqw0AxNv1HTBmecd+52wcgqbcJAnj0coZcXCwQESrx3DrsVYOm4qsjVtfuBnurNxe5hiHQirP7t4n+O3Ng8Q5rAELM9VZFhtL+JHfDlbrQYN60ABr4y8dxhBGAXONeQ7e+oj+bB+pruFVQ68ehB/5XFq8yvnFC8zUZuJz2Hjl9aBOJahgsZ+7IlZERERE7q7zn+JERET+ANnyDLZZZ81AxfEwuSFM4uEqy74S3AR4abDxIKM2Y8CvQ7OKDZqrDrNRRKPZbIWRLr7vMzU1xdFPj9HT082//G9+yNf276e/r49Eq7LTcRxyXV0MDQ2uOVQqm82w95lneOGF59m0cWNHl9HX18umTZvYvHkzTisYnZ+f5/yF81SrNcLwzo3cqy1X9Tkr+o02GnUa9Qbf+fZ32LNnzwOHmtlslm+98QZbt25tB6iu6zAxMcHly5cJw/Cux1erVW7dusX58+epNxoA5PN5Xn7pJfK53AP3GE0mk2zauJGBgQHSmQxRGDE7O8vZc+eYnJy857Fzc3OcOHGSwx8dJggCrIX+/j72PfccGzduJJ3JPNAa4ut22bVzJxs3biSbzWKtjUPmkyc5ffpMa4jW7YKotQ2/9SOpQ1y9ald+jHZg+Z45rT7CK++gbf8vlnQSJJ0EkY2wthWsGpecl7lnFOkal+5kgaSbpP31whhCGxBGAeGK62yEDepho/2wpvW+taDGx9NHmaxM0wz9jq/TWks1qHF48mMmK1P4od9uawFxoFvyK/G1PeS9FBEREZH7U7AqIiJCq2ozXB0sGmsxxsFk++H3tA0AEG/x9xKtYHX5lfHWYRuF2GYF1urJaAxeIoFx4hAy8AOKS0X6+/rYu3cv+/bt63gtqVSKbdu20tPdveYwpXtehzH09fayY/t2PM8FLH6zSalUolKtEkZ3DzKXJZPJ23qfWmtJJJIMDw+zf/9+hoeGOlrTjh3bGR0bJZVOYa3FcVwWFhaZnpmh0WisGSgCFEslbk1O4vt+67g4qN2+bTup1P2rRJc5jiGVStLb2xsPDyMOwU+dOs31G9fveey58+c5ceIEQRC0Xze6bpRXX/k6yUSio1pHYwyFQoENG9YzNDiIjSI81+XsuXOcPnP6tsf47Jh4sNTyA1nAMwkc09nHxZ3rCGzYvg8QV6qmnCQZ97N/HEm5SZJukqjVIMMQB7Ku492zMt0xTrsidXnN2DhwdVqDuJbVgwaNsHFbuGkw+GHAjepNrpWus9RY6vga/chnrjrHB9d/y3xjsX2drRtAPWpQbJTizwflqiIiIiJfGAWrIiIigPVr2Gh18NPOfMLm7aHk7xkb1OPg1Lisrso10Chi66sDHoNpDdhpnYe4R+rLL7/Mrp27Og5GH4VkMkVfX9+KUM4QRRGNRv2eFaLLEl6C5Ip+n1EUUSgU2L5jB/l8ruNrSqdSjK4bZXRktP34vt+kUa9Trzfag63uVClXmJ6awXE+G5zkee5tg7Ie1HIom0oth7uG+fk5lpaKawa71lqazSYXL1zg0qVL7WtOp9MMDg4yNjZ2W1/ZTtYxMDDI0PBw3MPWdSmXy0xNTTE/v3DbWhziXqjLPUoxEBGRcj0SnyNYBXCdBI5xsK3N/9ZaEo5H8o5WF3FNa6vS2HGxWGphHe7ynEEcas7W5vFDP153a+1DmSH6Ur0kvc9C8YpfpRJUMZgVrQji7fkuLgcnP+LswgXCDr+2TFdn+GjqKNUgrkoFWnW+thXc+lSDKo2w2fG5RUREROTBKVgVERGBFRVqtwcqFrBRQFSdh4fYsvuVEfjxlv81A7u4apU1qj2NoRW62XZA6Lgu27dvY2TdyBe75rtIJpN0dXW1LuWz5yuK7ANV53mei7ciWLXWks/n2bp1K+lUuuNQ0/M8Bvr7GRwcbN+jMIxo+j71ev2uwWqj2aBSrbQCYpb3iXf02Cs57Z6xcdVmrVan2WwQ3eXxFxcXuXHjJnNzc7iuSxRF9PT0MLJuhN7eXsxDBKsAPT3d9Pb2xnmjMTSbTYrFEvMLC7fdC2MMSTcRh46tsk/b2o7/MD1HV/KM1w4zW2fGdVy8FUOxAhsR2LDd43W5cUB4n83zFb/KmYVz1MK4wnu5tcSe/t2M5ta1K1YtlpJfotws4xhDykuSdtN4TgKwOMZhvHiNS4uXma7MPPC11YM6V4vXODx1BD8KSLspcokukm6K5Y+fIAqoh3F/V7UCEBEREfniKFgVEREBcBKfBVy3MdgowBZvYdfaKv/7ImwSNaqrXm2I2x1g7xK/GIPjtipDiberZzIZBgYGyXV1rXXEFy6y0WdVeq1FG5aDxfsfb629I+y05HJdjI2N4XkPN9czn8/T3V247XXL4erduK5LYuXjtQYP2bs9F3exHKYGQUAUhu17sDwsaa2gOIoiZmZmmZubo16vY1ptIfr7+hgeGiaVTD5UxGutpasrRz6Xv+2xGo06peLt1bMG8Izb+siy2FYu7uB87oFL7vIgrBXPc7zN/7NK2MAGrWDVbd2sVu/de4S6Vb/KjdJNPp05TrlZxQIpL8Vo1wj7Bp9mODsY3wcsURRRbJYoNUs4xiGfyDGWG6Uv3YvF4mCo+BWuFMe5sHCx/TF9P1PVGS4sXuTi4mWiKGJ9bowNufXkE7n2ZUQ2wo986mHjgc8rIiIiIp1TsCoiIgIYL4VxvDUCHQOhTzQ/Ds3KPbcIf2VZi23WoFFe++2OCzbE2DUqVgG3VQlprcV1HfL5PLmurtv6lH6ZKuUyN2/eJGyHiBaMwXWdB6o2bTQa1GsrQ3JDJp1haHAQ1324H40SyUS7x+rKtPde68nn84yMjBCGYTvstdaSTCRxOqiatdYSWUulUqFeXx7AZshksqSSqTXPFUWW6ZkZSuVyu6LVRhH5Qp58IX/XKtsHkcmkyWTSraFQ8Xl8P6DeqN/xnua2fqTLnEdQseq0qlDjqJRWaG1wVn1+2xXNAJafr7U/jiIbMVG6zuGpI5xeOEctqBHZiMHMAN/b/BZP9G2nkMovnxY/8llqFikHFRzjMtI1wutjX2dP/+5WSwBwjOFqcYKPpz8liIL7hqDWWk7PneHU3FlsqzfsSyP7eWnkBfrSPe2KbWstQRTSCBSsioiIiHyRHq4sQ0RE5A+MyfaCt0ZQaAxEIXbpOlF1ASdoYBLp1e/3FWbDJrY6j63Mrt0KwEaQ7Ip/rWLag3GsjYcNZTJZEsnkQ/XgfBhBEFCvN1hYXOD06TP87sABfv3rXxMEYSuAM7iOQ/IB1xQEAX7wWSWp4zhEUUS9XnvoQLFWq1GrVm/r3eoa554VsF1dXQwMDOC6bvxhFkXUGw1u3rrF0NDgAwfXURRRq9ZYWFhotRaIr3HdunWtXrRrBash09PTVKvV9ts9z2NifIJ3fvYOly9eptFs4HoeyUSSZDKB58YtFJZD9sD3CcKQpt+k2WjiBz7pVIrZmVlOnz2L67nt9YVhSOCv0cN4BYPBNS4Xly7zi/FfcmzmRKstgKEeNmiETSwG13gkHA8HQ0hIYEMiG+FgSDoeKTfFiblTLDaWPvuHkrvk1K0Oqa3fx1WmURQSRCGOMUQ2ourXmK8vcGzmBCfmTnNx4RLWRiS9FHv6n+Wlkf28MLyX3IrPH4vFD33qQZ160Ij75zoe63OjpNwk5+fPc6NyC4NDNahxrXyd4zMn2dm3g3wyv+ZaQxsyW5nl3OJFrpWvk3STPNW3i+09Wyj5ZVzjLReWY7GEUUA9qCtYFREREfkCKVgVEREBnPwQoZduDX/5TFztFhFVlrALE9ihJzA96x/TKh+OrS9hK3PY6tLt7Q6Wt5wbg0nlMGsFq7dVXcYRlOe5OM7n26q9ao0WGo06lWqVUqlMpVxmYXGB+fl5pqenmZqaplgsMr+wwNzc3Gdbype3uhvzwNvHo1Zl6PJ1OY6DtZZG4+6Dpu57zjAkCEOMMfHQJmNwPY90KnXXqtV8Lsf6sTE2bNjA7OwMtVqdUqnE0aNH2fnEDroesNVCs9nk6vhVZmdnaTSa8eNZeOKJJxgdXbfmMdZa5ubnqNZqn/VldRyWikVOnT7N1fHxuHo2mSKZTJBIJOK2Bcbc1o44CEOCICAMAoIwwODQbDYoVysU8nmshUQiQSaTua2v7VqMibfwzzcWODN/jonitVb1qiFqtQowGBzjgmlV6hKHqhERxsatBRKOx2R1hnpQv28F88q2tsYaFhuLHJ05RjOqkzAe9bDJUmOJ+cYCN8u3qAV1ulPd7Ox7gvW5MXb372RLYSN96d7bHstiqQY16kGd0IYkjEfGy1BI5elO5dk7+Aw3q1PYKIoD09oc71/7Df2ZfroSXasqdi2WWlDno6mjXFkap+rX6E338Oroy4zlRrlWvkE2kWkXS1ssQRRQ9suEa1Sii4iIiMijoWBVREQEcAojmGSGVaVtxmBtBGFAOHUOZ2gHTs/Y6vf7CrPFSaLyDDZoYNzbv/UbA9Z4kOzCJLJrHt++0hXbjOM91p/vHkRRRLlSYWF+nrm5eWZmZ5mdm2VxcZFyuUK9XqNeb1ApVyiVixgMhe4C3d0F+vv7+PjjT1rtAFb0GI3uX51nbr+q9mUEQfjQwaq94+Xyec09AuhkMsnIyDCvvfYa7733LtVqjXK5zKHDh/n2t9+kp6fnvj1frbWUSiU+PHSI2blZgiAgnUoxODbE7p07GRocXPO4KIoolco0m832/YuiiL6+PtatW0d3oYDjxlXAnpfAdV08zyUK4+39xjF4rhdXeC5v+bfxln/bHnRmsZElshFbt2xlaGjovhXFFkshkWNd1wjdqbhnbRymeniOh9seMBUHksvdaK2N2jffdRzqYZN6UKcRNe//qbriSSv7FS4sXuRm5SaecakHDcp+hWpQZTAzwPaerTzRs40NufVsKKynL91L0l0dGEc2ohbUaUY+kY0wxiGf6MJzPPrTvezp38WByUMsNYqEUUjVr3Fs9iRfG3megUzfqqrVIAqYq87x8dRRpquzZBNZxrpGeWpgN92pAlO1abJetl2xCnGFa6lZIozuXSksIiIiIg9PwaqIiAhgetZjUvm4orPdI7PdeRGMQ3jzBM7gdtwNL2C81GNba6ei2UtExVvcHvu1WDDJNE46B3dpcXBbWMjycKUVvUQ7ZG285XqpWOTSpUscOnyYTz45wsWLFykWiziOoasrx/bt29m9ezcvvfgiGzduoLu7m76+PmZmZnj/gw84evRTrI3irelYGs1Gu19oxwwd9TW9yynil8tBZRjh32N4lTGGvv5+/rv/9i84e/ZMvJW/UubIkSNcuHCB/v5++vv67hpGWmtpNptcv3mTn/3sZ0xNTWEMZLJZ3njjDZ54Ygfd3d13PbZRrxMEQXtrf7PZZP/zz/Nnf/YDnnrqKaLI4iU8XDfueeo4hiiK73f8y4lD1ChqD9yKoiiuwmxt/3cch4Tn4boejuPcM1i11hLYkJ0923l787fZ0bvt9ht7RyR+54iv5TUY4P87/5/57a2DFEslDO5dh4Hd+eHiGpekk2SmNkcQNlvnM0REbOveyrc3fJPnhp+9bw9Yay1Vv4bf6pvqGIfuVIGkkyCXyLGxsJEdPds5MXuKSlQlImKpucSpudOM5daRS+Ruq4Ct+jUuLV7lUvEKJb/M5vxGnh96lv5MPwk3QcpJUUjmcIxDSIghDmMXG0sEkSpWRURERL4oClZFREQAkx/B5Acx6Ry2Vlpdjem4ROVZoqmzRNPncUeffjwL7YSNsGGT8OYJooXrsCoMak1B7+rDJPMYZ40fCywrtt3fcehDqtcbXLx4kX/8yU84cuQIU1OTlMsVxkbHeP2113jhhefZvGkz3T3dZLNZ0uk0yWQyrpp0XWZm4m3z7eDJgOd6pFIp3M/T9/Vz5Kqu6+I4brvi1XWc9iCse92qVDLJxg0b+PM//3OSySQffniIMAz5v/+fv6FWq/Hmm2/S39e35rGNRpNjx4/xd3//94xfHadcLtPb18cLz7/A//iv/zUjI8NrboVfboPgem47VDWtyuxkKkVXV45sNq5eXg5RlznO7YOdjHGwd9zz5XsQ2dZgqPY5zNpFziteZ7E4xsF1XNxWb98HtRy0GhP33H3Q1hArjx/qGuK5wb00wzqHJz9hujqDYwwGl1PzZxjLjbAxP8ZQ19A9zxXZiPnGAvUgHtjl4JD1srgmvueFZJ5vjb3OtdINyn4Fg8EzLkdnTrC1Zyvr82NkvHT7XDfLt/jVjd9QC+ok3QTr86O8OLIfz4mrZVNeinwyt7IOGz8KmKxM0wybHd0HEREREXlwClZFREQAJ9WF07Mekx8hqi6BcVdVINowIJy+gH/hVzj9WyCRwXQY/nyZrF8jnL1MNHcV6qXb+6uyvJvf4PRtxGR71ghe4/danlbfTsA+R6haLBY5d+48f/f3f8+xY8eYnJoklUqzb98+vvmNb/DsM8+wceOG9jb4tYJB3/cpl8utP8W9VeOt6t6qa1zL8jb11W94+OvKZDJks1l834/X4Ti4rkcikbhnvGeMIZ1O89LXvgYW+vr6OX78GBMTE/zkp/+Zm7duse/ZvYysGyGdzgCWwA8oloqcOHGSjz76iE+OHKHp+zz99NPs37+fl19+mQ0b1uO6a39sGmMwjkM2myWRSLSDVWMcms0mzWbznsfe73Xt3rUPdOeIq6Zv/yMP82Tcvg5z36pSsBhzez12wkkwmB1ga2EjjaDBpzPHmanP4RqHil/h05kTZLw039387Tgovcvn/3Lf1ForWDXGkE/kSLTaBqS9FDt6t7GlsIlis0SxWcQ1DvP1BS4sXGRTfj1P9u8CYKG+yOWlK1xcukwzarKtsIUn/3/23ixIsuw+7/udc7fc98za96pepnt6NgAzmCEGA5oQQVIUKZGOIPViK8KSHuwHLY6w3m0/WwpTitCDIZkhK8IOSZBlQaQAggAEzICz9zJLb9VdXUvXvuS+3OX44d7MququXmdAAOT5TdRMV9bNc892u3u+/M73L5yhkigNXNaWDDNcj4rJnvLZ71ZxlRdlR//ixJdoNBqNRqPR/KKghVWNRqPRaACEgSzNIYvT+JtXT75GGgS1Tfylt/HHn8MYeRYSOX4u81YDn6CxjXfzhwT1TVTg3u9IVYCUiOIsIpE/MTNVASpyrB7++AHC5KO6FATcvr3Ed777Xb7zne/Q6/VIJJOcPnWK3/2d3+Hll79EuVR6dA6nUvjeYW6kEALDkFiW9VhFtQzDwIgKVvXfj+IzVU+3rLDAk+/7GEboSjRNE9uyH1lACWB0dJSvfOWXyOfz2LbFD3/wQy5fvszW1hZra3cZHx8nEY8jhKDX63JQrXHt2jW2trYYqlQ4f+4cr776Zb70xS+xsDD/yGxWARQLBRKJUKwVQiClpNls0Wg0n3oengx1/Dj/kYr2T5t1e7Stk2Ih7n3l3rXpR0vMZKd4eeQLdPwO9a0Pcf0eKMVyfQUEjKVGeaZwhlzs5KgFLwiF1Y4fOqsNIUnbKczoGTSEQS6W5XzxLFutbardKgiBF3jcPLjFSGKI+dwspjS5U1vmk71r1Nw6lrA4UzjFmfwCzpE4ElOaxIzYQDwVQoQZq16Dnt87VqxNo9FoNBqNRvP5oYVVjUaj0WgijNIcfmUBee17oQCj1DGxUQgBgY86WKX7zh8S+8r/gLQTP5d5q8rrEOws4l76Fsptg7jHWdcXWgwTozSLeIBAFAqO6ui3kYP1yfvUbnd47/33+Tf/9t/i+WHu41ClwmuvvcZf/Y1ff6Sg2scwDGKxWFg4KRJ9pQyF1ccpqGXbNo4TO5al288HfVoCP8CLCmmp6Ah8KPae7Lq9F6UU+VyOUwsL7O8fcPnyFcxGHQRcuXKFDz74IMwvjdbNcRzGx8f55V/+ZV544QXOnT1LoVDAcezH6q9hGIyOjpJOpQkChWGEc9Fo1Gk06k89D0/K4d4S4eNGGElwb37qk+KrAMXhegpC4TxQ/pHXBKh+FEKUpaoCXL+LAF6oXKDtdVhvbnK7dgchw9zSu411/v3Nb5N9JkvSSgxcqH0UobC63zmg5/fCY/7SJGWnMKLnsL8nni8/y+3aHa5XF1FKYUqD5foqH+1d5SvtV0k5ST7du87lnY8xhEHeyXEqP89UZuLYPQ1hYEnrmGM7UAENt4kXeKFQrXVVjUaj0Wg0ms8dLaxqNBqNRhMh4jmMwjReZR62b6GUx31qhJAor4u6+wm99/4V1vm/ijn7Gsj7K4P/zFAKf+Nj3I//E7RrCOOk4j0KTAeRGUHkJhBO8kGNhRXXgc8asrq8ssLirVs0m01s2yYIAmZmZnn11VefyE3Xz+zsC40oRT9R83FasSwL2z5cLz8SROOx+GOLu/fS7XXpdruDDFIhZfj1mOPyfZ+3336b/+8/fps/+d73+PrXv87rr3+F06dOhU5Yz8Pz/UHxKNu2icdiOI6DbdtYlvXA4/snIaVkYmKCXD6HiFy+hiG5u77O6toavh8MMmJ/WgQoer57n4jqq+Dpi5BFeMonQA2OyoeiqY8XHDqdY0aMmOHgBR6WYQ6u6+fCGtLg+fJ5LGnyz6/8S2q9GgJBz+9xs3qL/3zneyAEzxROHVvnIPDp+V2qvSo9v4dEYgiDuBkbOFb7lBMl5rIzTKXGWaovYyABxWZriz9d+SGleJEb1UWqvRpxI87Xxr/CbHYK2zguoFvSIm7GMIQcPAR+4NPsNen4XTzlY/DzG1ui0Wg0Go1G84uKFlY1Go1Go+kjTWRhCnPuddz9Neh69yt1kSMR5RPc/QjPtCHwMOZeR8jHc0z+dFH4ax/iXf8+wfonYX/UCUeegwAZz2HOvIJMFkGc/FeC0Mmpjumo/SCAJ9W+NjY22NneQSlFEARIKUmmkuTzuScSVn3Pp9PpDI6vCynxg4Ber/dYR8iDQOEHh9cFvo8hJel0+qmPS3c6XTrdTlTEKhTHAt/HdV1s+9Eu0g8vXuKP//N3ePudd8hkMnztjTd44fnnyRfyyGjPDbJuhUD2x/6U/RVCMDQ0xOjoKNlMlnq9hpRhYbDllWX29/cpFPJPLTQ/DkopOkFv4FQFkELSUx6e+myV7P3AOyxmFf3LDXzcI8LqYE6jK5XykUIQj47UCwQpO8V8bpa/Nvtr/NHSd9hq7yAjV+2V3U8YSpRJW0kmM+ODdgMUXb9H023hBh5SSCxpYRv2QOjtY0iD2ew0F0rnWKovR7nHkmq3yk/W3yFmxtlp72IIg4yd5pniaQqxwn3rLoXEMmwMYSCFIFDhByJdv0vP632mmAuNRqPRaDQazYP56VoRNBqNRqP5BUOkyhiTLyFy42DacIIgEToSDYLmHt7KRdyr38Vf+jNUcwfluz+DXgMqQPUaBOsf4V37Ht7SO6jmHkjjuNgbOTyFNBCpMub0y8hY5qGCcF98OryiL7Q+mbJaq1VpNOqHrs5IHHwSpyWA53u0O22ECJ2XSikCpfA8/7GO87uuS6/XC8ccxQAAoXPzKYXKIPDxfZ9+XikqjBZwXfehfVJK4boeb731Fm+/8w57e7uMj41xamGBUqmIGQm1/eJclmVhmeYgx/VpkZGQvDC/wPT09MC122o1WVlZ4eq1q9F4fnooFG7gguhn3YbPlht4n4MQGAqLKtqqEoEbuHSD3uAKX/l4yjuSsRsKrcaR2AwpJLlYltdGX+Zc8SyFWB6lAqSQ7HZ2ubh9hYvbV2i5rUGf/cCj7bVpeW185SGlxDZsLGmeWEBqKFnhTOEUxVgBU5oIoOt3WWuus1i9xX73gJSV5HR+nvH0GAkrfl8bUkpMaYZ9V/0ZIByz3z3m1NVoNBqNRqPRfLZIBAEAACAASURBVH5oYVWj0Wg0miMIO4FRmMaYfBERzwyEyBM1RGmgGrt4t35C7+1/ibf6PjS2UF73z7fTykd16wTbN+le/Le41/8Utb8CJ7gNQ2deAE4KoziFMXwOZcYe0rYiCPxQbxSDl3iaKADP8/D8445B3/dw3ccXo5VS9Ho9Wq0Wx+zE9+ThPoye69LtHq6RFAI/CGi2WoNCXU+KEBKJwPf9gas03DoPLxoUBAHNZpMPPvyQ1dVVHCdGMpnEMJ7ejfq4GFJy/tw5nn/uOYzoKLxSitXVNX704zdpNJqfKXdWKYXnebTa7WPzfRQRFZkKC1YRCdL+ZxJWlVIYSMSRgmQCgas8Ov6hsNoNenR9F3nk+HyAwr0nnsCSFkPJCq+Pvcap3DxSGkAowF4/WOSt9be5dbBEx+ugUPT8HrVenV7Qw1cBhjBwDBvLsE4UVlNWkon0GOcKp0mYsch1LY6ViCvFi7w2+jJZO3NM+O0jEZjSwDLsQc6qUgov8Oh4Xdyf1Qc+Go1Go9FoNH/B0cKqRqPRaDTHEOCksM//VWRh8tFinRDgu/gb1+j+8J/R/eD/Jti6Cn+OQkbQ3MW9/qd0fvzP8a7/ANU6APGQP+J9F2P0Wcy518FOPfRaRShEqkAdE4WeJgIzFosTi8Xoy0W+71Ov19nb33/sNnq9Hlvb29y8uYjb6w2KcEkpMc3Hc3EOHKsRQgo8z6NRbzy1kNhvU4rDWer362F4nsfO7i7dbjdyr/ZYXV2l2Wr91B2jABMTEzz33AWmp6eiPku2t7d56623uHr1KvX60xey8n2f1dVVLl++wuKtW/f9XCBwhBU5SwNA4SkPW5qY8unyQPsH+73Ax1fBYd5oJLbaRzJOe76LG7iDNZNS4gUeB736iZESZ4uneK78LOOpsShSIHRx36kt86+u/T+sNe7i+qErdq9zgB/FGRhCEjMcDHFyITMhBPlYjq9NvE7Wyd7zkYXCkhaVeIVnCmfuy1btI6WBbdjETGcQN9AXZg96VVpe60mnUqPRaDQajUbzGOiMVY1Go9Fo7kWaiOwY1sLXUG4Xf/UyGCcf4w0zTMPMVdXYwbv5I1R1HWPkGYzJLyJz4wgnHR7J/zzxewTNXYKta3jL7+OvXUYdrKDcTtStE/oaVasnO4Ix/hxy+CziEcKfAMzouL2KLIWe5xEoFWavPgGjo6NUKpVBYSIpBSsrq7z7zns8f+HCI4+3d7td/suPfsR3v/td7t69O3CGBr6P33fCPoawKqVAyNBdahhy4Jz1fe+pa9H3ej3anS5CysPxGRLLenhRMykliUQCQ0qkFLiux8bGBv/uW/+eF194gfGxMZLJJE7MwTLNQXSAYZrYtoUhDRCh+9SybSzTfKJcVNu2OX/+PL//e7/Hv/w//5CtrS08z2N9fZ1v/ot/wW//9m/zhS+8xFCl8thtKqU4ODjgk08/5f/9D/+BmekZXnnl5fuu85XPQa+Gr4LQZSlC52XH7x7LQn0iInN5y+/gBl5UDCr8QRBFRvT72DdhB0phRM9xEP1z0qMeM2KcL56l6TbZam3jBmF2adfvcae2wnfvfJ83Jr5C2kpT7zXwg9C9bEqTmBEWljrx9xAgbsaZzU4zlZ5kr71Pw20iEXgqYDo3xtnCKVJO6oHvlwgsaZE046EDl8MPQmrdGi2v/XTzqdFoNBqNRqN5KFpY1Wg0Go3mHoSQYMUxpr6E2T5ANbZR9e0HH+s+Iq4GB2vQ3CPYWyKobSLL88j8BDIzArEMwoqDtB4paN6HCsB3Ub0GqrlLcLCGv3MLf+MTgs2rqPp21BXjRFFoYDE1TMyZVzDHnkMky48xF2Ig6IVHtsHzD/NEn4TR0RFmpmfI5/I0Gg2EkGxtbfHuO+/w3HMXOLWwQD6fO5a5GgSKntujVq3ywYcf8s6779KoN5ifn+PGjRv4PR/P92m12uzv75PL5bDMh//1RgVBeGQ/CEBKlArdld1u76miAPpH3l3PjRIJImFVPDo/1jAMMuk0IyMjLC4ucnBwQNP3+f73v8/ynWXGxsZIJhM4MQfbsgiC8F6WZWHbNlJKpBBYtkUikSCTyVIsFKhUymSzWSzLeqjQKqVgZHiEN954g7t37/LjN99ieXmZRqPBT/7sJ1i2RbVa5fnnn2dqcgLHcU4UwPtz0Gw2WV/f4KOPP+Ltd97hzTffYmR4mEw6c9+9A6VCwW8QbSuQQobC6lM6voUQqCCg5/cGjlERve4FoUN10GcUAX2hNSrUpgL8wDtxawshGE0N80L5Aku1O1zZ/YRatw5K0fE7vL91kVwsz2R6nIPuoWNVInEM577CVUcxpUnGyXC+eJa1xl1q1TqGMDGEZDozyen8/IkRAEf7ZgmTpJkMxXY/HLhQUOs1aEcfuGg0Go1Go9FoPl+0sKrRaDQazQOQhSnM2ddQ3QbulW8j3NbDxVVEqLF6HYLdJfzdJUSigFGaxRh7DlmcQWSGELEcwk4gDAsMMzqKLzhUcw6FWgIP5buobhPV2iOorhJsfEqw/jH+1s2waJUgEmofINz0c2JNG1mewzr/m8ihM48l7vbFpn6V8cAPcHu9MAfzCUXIcqnE+XPnePGFF/izt/8M1w2FuI8++YhvfvOb/OZv/iZnzpwml81imCYqUDRbTba3t7m5uMh//I/fZnxsnDfeeINEIs7/9o//Mbu7u3iex97+Hu+++y5KKSrlCrZjk81kTlyrTrdHt9MdjA+g13Op1WonHgF/5Bwphed7+J5HEITuyyAIQhfsI+YodKzG+eIXv8jOzg6XL1/G9TzW1tZYXl6OrumH2wJR0S/RLwAWtWHbNolEgkqlwuzMDC88/zzzC/OMj49TLBQe6py1bYux0VH+1n/7t8hkMnzvT7/P0tISrVaT733ve9xcXOTL16/ztTe+SqVcIZ1J40SiLoAfBHTabfb291ldXeW9997n/Q/eZ3t7m7nZOc6fP8/o2OhJM4cXePiBT6AUMsoV7fk9POU9Mp/2QWsRBD5u0MMLvCgYIHwyXOXS8fvrruj6PbpeFwbxvAovcGl57WMZq0cxpcl4epTfmf9rVHt1rns36fk9hBJst3d5b+MDVmtr1N06QV9YFRLLMBE8PDdXCsmL5QvcOFhkubGKH/hk7Sxz2WmmMhMPHbdAYBkmSTuJJPywQKBAKGpunbavHasajUaj0Wg0Pw20sKrRaDQazQMRyNI81jOSYH+ZYO0Kql0LxdBHvI++u6xTw1+9RHD3CkpayEwZWZhEFqYRqQoikUfE0gjDDoteCTMsOhV4qE4V1dwjqK4R7C4R7C1Bpw6eh1J+VEbdeIzA0/AIv8yP47z+32OUF0Ln7GPguS47O7uRmBrgRYWfnkb0klLy7IVn6Xkeq5Fw6HnuwB15/cYNzpw5w+nTpynk87Tbba5fv86n166yvbXNr//ar/E3/vpf58yZ02zv7DAzPUO91qDerbO9vcP//gf/lNdefZX5+XkmJif59V/7xolH4z3Po9vt4nrh0f8gCGi321RrtafKWA2CgFarPSh+5UcFtrrdHm7PJR57SHGwaF6+8Y1fJR6PY1kW77733mB+lTpS3V4plO+HVe6jMQ2yQT2PVqvFzs4On37yCX/8x3/M3Nwcv/Ebv8GvfeNXGR09Sdg8xDAMyuUSv/97v8eZM2f5d9/6Fj/4wQ/wvC7LS3e4u3aXP/qj/8TszBwzMzOMjA4Ti8WRUtJoNFhZXuby5Utsbm3huR6zc3P8zd//m/zqr/4VxsfHiTnOfff0g4BWr03PD4/UIwS+Cmh7bbp+j4AAgyeL0FBRTmu916TtdfBVgBQGbiTg9p+VQAW03TYtr4WPjyT8YKLjddnt7D9QWAWImTGms1O8Ovwlat06i9VbmNJECslSfZnlxko4vkhYDQtzqceqrVaIF5jJTnF17zp3GqucL5xlKjNJ3Hz08ypEGAcQoAhUgBFlJ+93wmiBp3lmNRqNRqPRaDQPRwurGo1Go9E8DMNC5iawv/jf4Dr/HrX8Lqq+jXiYuHqkgFG/1LnyffA9guoGQesAuXUTTAcMO8x0PVKVPTTPBSi/Fx3/b4PbRrktiHIbj2YtPlAs6QuugY8xdgHrmW9gVE4/tqiqlEJISTqdZnpmhqHhYaQQtDvd0LnqulExqscnk07z/IUL/IN/8Pd58823+OD991m8tUin02F3d5fLly5x8+ZNLMsEBOl0mnPPnOP5v/kcLzz3HNPT08TjcSrlMn/7b/93/OAHP+TixYvs7u4C0Gg06LkumXQaQz7AIagUiUSC+fl5stksvu+TyWQwDeOpMlYDpYjFHEaGh8lls0gh6bkuuXw+jBx4DBdsKpnkCy+9iGFIhJS8++67tFot4vE4qVSKVCpFPB4W/zIMI8x0bbdptVrU63WazSae5w0KZvmuy+2lJb71rW+xubHB3/27f5dsNoP5kJgEKSWZTIbnn7tAPp/jl157jcuXL3Pt2jVWVlao1xtcvXaV1dUV4okEhmEM8mlVoLAsi9df/yqnFhY4e/YsC/NzDA0N4TjOiesQM2OcLZ5mKFnBU24kcvukrBQTqfEH5ok+CiEkXxh6gZnMFIaQeISxFeVYicn0eDhWITmVnw/7r3y8SASNmzEq8TKmePhfkaWQvFh5DgWs1E8TN2MgBIaQWMLClAae8un5Lgkrzlhy9KFH+Y+2e774DLa0WW6s8VzxHOOp0ccSRONGnBcrFyjHi7S9zqCQV97JhvOpRVWNRqPRaDSazx0trGo0Go1G8xCEkOAkMceehV4DISXerbcIWvsg5CAb8iEN9H8BgPJ64HYJWgeDS1R0nRDy8Nj+vRKfEFENcqLogEdwpNiUMXoe8/QvY8x8GRG7P+vywV0XpJJJXnnlZc6ePRMW/lHQarcZGxt7qEj3IEzTpFQq8uqXv0whl2N2eprrN25wcHBAtVrF8zxMyySTyZBKphgfH+fMmTOcP3+OfD4/yE+NxWK89NJLJJMpTi0ssLe/h1KQyWQYHR1henr6gcWw8vk8zz//HOl0imQqhe/7mIZJqVjEsU+uuv6oeXrmzFlsK8zOlQi6vR4joyPYjv1Ygla1VmNldZWlpSUajQYLCwuUSyWGhobI5XKk0yni8QSOY2NIg57bo9Pp0Gq1ODiosr+/z/LyMiurK+zs7CClpNPpsHjrFkHgMzs3x1/5+tfJ53MP7Y9hGBQKBTKZDFOTU8zOzrC4eIuVlRX29vZoNps0m03a7XYYY5BMkEqmyOVzjAwPs7BwiumpSYaGhkkkHi7gx80YzxRPA6GDNEo7xRAG+ViOhz5XDyB0bZpcKJ3Dj1ybnvIQCBzDJmklw+sQTGcnKcULCCFxAxeBwBAGMdN5LBG0kijz0tBzzOdmsaUVFhETBpYMs1Fd5eMFPoaQJM3EY7UphGAkOUTSSjKbm6EcL5J4DLcqhEL1qdw846kxfOVHTlmwpEnOyWrHqkaj0Wg0Gs1PAaGeJkxMo9FoNJq/jPgu3ur79C59C3/5A3Bb4Hscqb7zc8HA9Wo5iGQR+wu/jznzKjI79lRt+b6PPOL+9IMA2c/6/Izj7na7VKtVtrd3WF1bpdvtkkymGBsbo1DIk0lniMXuP0Z+lCAI8Lywirx5wtH/k8cURO5OMXgtCIIHirGPaq//1Z+nIAiOff+wvtfqdd577z2++90/4YMPP8S2LX7rt36LL7z0ElOTkySTSUzTvK9v/XF3Oh0ODqq89/77/PjNH/Peu++xs7uLFAI/8InF4szOzvK//i//M/Nzc08siHueR7vd4aBapV6rsbW9zf7+HkIIhoaGKZdL5HO50PVrmlq802g0Go1Go9H8QlCr1QD48MMPn/i9L7zwAqAdqxqNRqPRPD7SxBx7HhnL4maGca/+Caq2dZh1+vNC4EeFquZxvvy3kENnkfH8UzUlhLhPiDMfUen+SbBtm3K5TLFY5NSphYGrTkr5SIG0j5QSy7IeW9ALx2Tc99rj3u+k9u699+O21Wg0+OF/+RHf/Ob/wdLSHc6eOcM/+kf/E7MzMySi4/b9e9xLf9yWZZFKpRgeHuLs2TPMzszyT//ZP0MJgZRhbMC1a9dYX19nbHSUdDr9ROMzTZNUKkkymUCNDLOwMB8V6Qpd1lIeiuxaVNVoNBqNRqPR/GVCC6sajUaj0TwuQoDhIPKTWM/+FiI3gX/7Lfy1y+HRfhE5Cn8W4pKK6p+rAJkfw5z8Asb8VzGGzyOc1OPFB/wM6AtxhmEMRMTP0s4vErVajSsffcw3v/lNbt9e4sKFC/z13/5t5ufmSCQSjyXO9scthMC2baYmJ3nttVe5dOkSly5fpl6vI4TAdXtsbW3TaDafWFjtt390rTQajUaj0Wg0Go0WVjUajUajeTKEQNhJRHEWK5ZBZoYRpTn8tSsE2zeh2wgdo30h8ykEv35GzyPfGaX5KBUgDBMjkUNUzmBOPI8cfQ6jcuqxC1Vp/nwJgoAbN27y7W9/m48//phMJstzzz3Hq69+mVQq9dTtJhIJpqem+dobb7C0tEStWkVEQmir3cLtuZ/XEDQajUaj0Wg0mr/0aGFVo9FoNJqnRCRLGFMvI0vzeMUZvJs/RO3dQTX3UN0GqCD8OiqRfhZnZV9IPdqUNJBODpkZQpbnMRe+hjF8FhHP/9y6VDVhtuzVa1f5Lz/6EaAYHh5icmKCSrn8mduOxRyeffbZ0JkqBP0dY8gnz4/VaDQajUaj0Wg0D0YLqxqNRqPRfAaEYSEyw9hnv4E59UX8lQ/wbr2Jf/vPUK2DQ2FVPv7x6Uc7VYNQZBUCEc9gzr+Oeeq/whh+Jjr2r8Wzn3cOqlU2NzfZ2dlBCMnoyAjFQuFzOWZvmiaFYoFYPI5hGARBAEAmk8F5RCEwjUaj0Wg0Go1G8/hoYVWj0Wg0ms8DIRGxHObkFzGKcwSnfgV/6yr+9iLBzm1U7S54PQiOHPS/L49VcVxWVUeyU6M8TWkic6MY5XmM4bPI4iwyN45IlRF2QouqvyBUq1WqtTqe56GUwonFsG3782k8ykOVMtwLUgpsO06pVCQRTzxxc77vD/ppmuaJhcX8IAgLWnG4i6WUx7JZlVIDkVcpxb0cLSDWv+5eoTno3ye69mEO3Hv7bRgnO3aVUnied+ye916rlML3/fvu2x+TUmrwnqPX9sd5tLjXg/oQBAGe5wGHhcnuH7uKCrzdP3cPKsDm+/7gmqM/P7oe/TH15/deHlVMTil1X3tHrz/a7oPa8jzvgevan9MT957vH5v/e9/3oL10Uv9d1x20ZZrmfXsgCAJU9Ot7V/He/dsvxHf0vkf3y9Gx9tfopOcCITCidvvvv3ce7p37/rycRH9f3luUUKPRaDQazdOh/0TVaDQajeZzQhgWJAqIeA6ZG0Xmx5Ej51HVu6iDNVT7gKC1D50aqlNHdRsor4MIfFQQ/U+wEOERfmkgrRjYSUQsDbEMwskgkwVEdhSZn0BkRzFSFZTpIJ7AEav52eO5Hp4b5p0KIfBcFz84WQh5UgLfp9Vq4bouvu+TSCSYm52lXCoRe0zHal9s7Ltqa1ERLNu2KeQLlEolcrksQgiazSY7OztsbG4dCjxC4NgW+VyOUqlMKpWk1+txe2mJVquN64V944iOlMmkOX3qFEop1tbuUqvXKBWLVCoVbNum1+tRq9VYWVmlXC5TOmE8fXFybe0uu3u7tFptlFIkEwlGRoYplUo4jjO4tl6vs7Ozy/bODp7nAgLbthgeGqJUKpFIJPA8j3qjwerqKvF4nHK5TDaTAaDdbrOzs8vW9jZzc7OkkklqtRrLyyv0PBcVBJG5XGCaBtlslmKxSD6XG4h27Xab/f191tc3aHc6KBWE9ymVqVTKOI6D67rs7O6ysbFBr+cOhMA+qVSScrnM8NDQfcLj2toatXqdRDzB9PTU4OeNRoOVlVUARkdHiMViHBwcsLK6OhArgyAUcRPxOMVikVKpRDx+f26z7/us3b3L9vYOQsDIyAiFfJ5YLIbruqyurnJQrQGQy2aYmpo6JgA2m02W7twBBOVyiZHh4UHbnufRqDe4dfs26XSaSqVMNpsFoNvpsrm1yf7BAbMzMyQSCQzDGMzNyuoqe3t7OI7DzPQ0tm3fNz/tdpu9/X22trZoNpsESuHYDplMhqFKhXQ6jWWZtFot7iwv02y18FyXIDiyeQXksllmpqfxg4D19XWqB1VMy2R2ZoZUKoWUklarxe3bt2l3uiQSCUrFIkNDFdbX19nb36fdbuPd81wIKTh35izxRJz9gwNWVlbIZrOMjoyQTCYHgvDtpaXQrZ7P4/k+KysrdDodpDQwDHkozKMwDYMvffGL962jRqPRaDSaJ0cLqxqNRqPRfN4ICVYidJMWZ1FeF9WtoZp7BNV1VHMb1dhGNXbD191uVPAqqvAuDTBsRCyNSBZDN2qqjExVEOkyIpZFmIeCkvao/uJh2Ra2bQ+chvV6nVazNXCyfRZc1+Xu+jqtVhvf90mn07z22i9RKBQfy6WmlKLX67G5ucW169fY2tqi67qYhokKfLLZHJMTE5w6tUA8HqfVarG8ssKly1eIJ+LhdUohpCCbznD2zGkmJibo9Xp8evUq+/sH4RxYUV8UIATlUom52Vl83+f20hLLy8uMjY2SSCTI5XIDcfHSlSs8c+YM6XTqPmHV8zy2tra4eu0ae3t7+EEYmxEEAdVqlbk5j6mpycGc31le5vbt2+ztHyDouw4FOzs7nD1zhuHhYQzDoFat8emnV8lmM8RisYGw2mq1WF1d5eNPP6VcKhKPxdjd2+PipUt4vj9wyvZd55lMhpnpKRzbHoi2W1vb3Lp9i5XVVVDg+T6WZbGe3eDcM2cZHh7G933W19f58OJFBAIr2jvRglEsFrFtm6FK5b71XFldY2VlhXK5zNTU5EB0rNcbfHr1KgDJZAIhJRubm3x48SKGYWL2HbiAFILhoSFmZnvMTE/f5yr1PI/llRU+/fQqSMH5bhfHcXAcZ7Du6xubGIbB1OQE4+PjA4Gz0+2ydvculy5fwfd9zpw+TaVcHjg9gyDgoHrAxcuXyWWznDq1QCKRwDRNut0uq6tr3F6+Q7lcxrbtwftc1+XGjRvcWV4hm8mQy2YplUqD+/Y/PNjY2OD20hJ319cjQTn8rTgWizM9Ocn8/By5XI5ms8nHn3xCtVpDCLCs4w7zkeEhxsbGaLfb3LhxkzvLyyQScVKpFI7jYJomtXqdS1eu0Gg0KZVKnFqYZ2iowsrqKrdvL9FoNnEc55gj2jAks1PTWJbFzvY2H168SC6Xx7ZtHMdBShmO9eZNYo6DaRgESnFneZlqtUoQKLrdLqZhYFoWlmVhmaYWVjUajUaj+ZzQwqpGo9FoND9lhOkgzDIkyxiV0+GLSoHfQ3ldCLzQoGTY4LYRQiJMGwwHDEsf7/8LSC6XI5vNDESgza0t9vb38SMx7rPQ6XT4+ONPqNfrqEh0+8Y3fpVMJv1Y71dKUa1WefOtt9jd26NSqXD+3HkS8Th3lpe5s7LC9s4Otm0xMzOD53n0ej16vR6nTy1QLBRwXZet7R1uLC5imCaO45BOp2k0m3iex8jwMLMz0+H4I3dePBHHsiw8z8N1XXb39qjV60xPTROPxwmUwnU9Op0OvV7vviPrSilarRbvvf8BB9UDJicmmZ6aQqmA9z/4kE+uXqXeaDA2NoppmqysrnLp8hX29vY4e/Ysw5UKoNjY3OTSlY9C56AQjI6M4Ac+7U6HWDx27Ih14Af0er3QaRjFCXR7PRqtJvlslrHxcbKZDJ7nsb9/wO2lJXq9HvFYnPn5OWq1Gp98+ik3FheZmphgZmqKQCmWV1f49No1XNflRSnJ5/P0XJd2p8PUxCQT4+PHnKOxmEM2mz1RlO/2urQ7bTrdzjGXqx/4dDrha57vo4L+WDoszM0xMjIcOYVdrl2/zs1btzioVRkbHT0mYPZdyt1ul1arBUKwubXF5OQkQTYbCe+rtNptEvE4nU73qCGTTrvN4uItDqoHdDodcrksvV5vIBr2YwB6vS63bt9GGmEmcS6XI1ABPbdHp9Ml8A/3g+d5NBoN1jdCx3Xg+9xZXiaTyQwiFoIgoFar8eGlS6yt3WVoqMKZhVNYts3q2ho3bobiqBNzSCaT+EFAvdFACMHE+BjjY2OIIwUCk8kEjm3TqNfpdLu02i38wGdne5tKuYxSoZi9t7dPz+2RSqVwe6FrvdPt0ul2iMdiPP/chej3gPDIvpSCdCaNlALX82g0m+zt7zM+Nko2kyGTyaBUKJ72Jzafy/HsuXM0m022t3e4/NFHDA8NMTExTqlYPNZvjUaj0Wg0nw0trGo0Go1G87NACDCswRH+MJtSgGlzmL9qaFH1LyjZTIbh4WGGhodZv3uXzc1N7ty5w931dSYnJp663V6vx8bmJn/8R3/Ezs4OC/MLvPHVrzIxPn6fw+5BtNtt1tc32N7d5cypBebn5qlUQgdhqVwinU5z89YiFy9fplQqhTmS0kBKg/GxMUZGRpBSMjZWY39/n1azSbVWI53JIITAiTmUSiVmZmZCITASg6QhB6JyXwD0fZ+PP/4YyzIplcuY/bxKIbjXq93Pqmw0GpimRTqdplQqhg49y2J/fx/HiaGUotFosLGxCcAXXnqRhYUFkokESimGhocBwebmJisrK5SKkdP3pEdRcEzMDMejEAjK5TIz09OUikWCIKDd7nBQPaDX69FoNFFKcfPWLarVKuNjY7z65VcisVREcQF54rEYiUQSEKGjFkGlUmF2ZgbbOVxPKeUDM2T7ruij2bGD/E/TJPB9ZP81wmtHRoaZnZnBtCyCIMwc/fTqVbrdUEC/N/8VQCKwLQvbcdjf26fZaIZCbadDEAQ4kUs7WmCAQczCytoaw5Uhmu0W7Xab1dVVJicncRzniIs77OPu7h5Xr17jxRdeOMysjTJPRbRI3W6XO8vLAJTLZWKOFeyzgwAAIABJREFUw+2lO8zOzhKPx5FSDpy0rVabmZlpXnrhBdLpNEJISqUi4+NjbG5uRUJkdJpAQTKZZKgyxNTU1LH57s9vPwfXtmwc22Zra5uZmTa+H3BwcIBhGFjKwjAkqv92BdIwSGcyzM7OHnGshlvdcRy8KP+1v943FxeJx+OcP3fumMNVCDFwybqui2XZfPTxxxQKecbGxhgeGrrv2dFoNBqNRvP0aGFVo9FoNJqfFUKGX/1vAdBZqX8ZcByHZ84+w9d/5Vf4wz/8Q7rdLhcvXWLsT8f4r3/3d0lE4s+T0O12+fjjT/jj7/xnrt+4QbFY5Ctf+SW+/iu/QiIRf+yIgTBzcg/PdalUKoyMDA/ckfF4nMpQha3tbW4s3qTRbJKIxwfilgoUge+HQmKng+u6xGKxQfEdKQ163R47OztcvXoNXylAYVsW2Sijsi+WxeMxctkc27s73F1fJx6PY9kWcDxf9N55nZqa5NbtJW7dukWjUSebyZJMhhmk/azL/f19qtUqjm0zOTFBIZ8fiLqO4zA7M83G5ia1ep1Wq4UhJQIRpRY8YB774psQCClotdtUDw4Ggm+r2aLb7RKPxcmkUyil2NjYwPd9KlFmbP/9jhNGBQgBiUSCbrc7EA03NzcPixdFXSnk84yOjp7odg6FVNjb3ePixUuhGIzgoFql2WqRiMcgElT77VVrdba2dwaC8u7uLn7gk0wmsSzrxL2pUNiOQyGfY2Nzi3a7TaPRoFathWsXFT4L1GGRvkajyfb2Nq1Wi5mXXqTT7rC+scGNmzcpl8uDPNz+OAqFcJ0Wb91iYmKcROJIwb4j4mKj2eTa9etkM2lKpRK9Xo8rH33M3t4eqWSSeDxOt9tlbe0uAqiUy1QqFaSUURGtcJzZTJZUKjlw5xqGQbvTYe3u3bDQVbQX41EG7fDQEP1pdByHfC7H/sEBrXabbrfLwf4+2WyWdruNIY2BwCxkuEa1eo1Pr11DBeFzIaXEsW3m5+cHURWmYVLMF2g2m9xdX2d4aIhUKhXty1AcN00T0zSxTBPbCWMjLMsiEY+Hc6bRaDQajeZzQwurGo1Go9FoNH/OCCGYmZnmV375l/nooytcv36DxcVF/uRP/oThoWGeffY8xUKBWCz2UEG0X7im0Whw9eo1vv+DH/CDH/6AQqHAa6+9yuuvf4VTpxaeKLfV83063S6maRKLxe5zJzq2TTweC4/s93r4tg0iPFq+srZKvdEY5GIGKqBYLJDL58P8UhFmX+7t7eH2egThIHAch5ERl5np6cG44vEEU1OT3FleYXdvj0Q8TjxylT4Ix3E4tbBAs9ViZ3uHO3eWsSybbDbDyMgwoyOjxONxGo0mrufiOA7x+HHRWUpJJipY5Hs+rusiokxRcZLTLzLPiiPCKsD+/gF3jBU2t7bo9np0Oh0cx2F8bIxSqRRFF7QBSN4jfFuWRbFYGHzf7XYH87K7u0uv1zsmrAa+Hxbzcu4vTiYjp2e9ERaAUiikkLQ7HTqdTiSMM+i7QrGxuUGz1QQFfhDQbDRIJpNMTkw+cE8qBaZpksvl2N8/oNlqsr2zw97+HoVCAYGi240iHEQ4lv39fba2tknE41TKZXzfp1qrsnb3Lo3onoK+g1kxVBnCskzurm+wdGeZsdFRAt+P+h9e0+v1qFarrG9s8IWXXmJyYoL9gwMCpdja3BoU1fI8j2azSSKZJObEIrdpwPrGBvV6nSAIkKIvtIbCszQM2s1GKAa3W6DCSIFMJo1hGJGwGs53LBajWCyyt39ArVYDBY1mk3KpxM7uLkLKgVtbhBNCq9liaWkpFFYFSCFJJRNMT09jmmF2sWmajI2OhoJts8Xi4iILCwv4foBlinvWRKH8sJicChQPeXQ0Go1Go9E8JVpY1Wg0Go1Go/kZkE6nuXDhWf7+3/t7/ON/8k/46KOPuHTpEnfvrvN3/s7f4aUXX2B4aIhYLAbc75Ts51ru7u5yY3GRf/1//WsuXbqEE4vx67/+6/zu7/wN5mZnB267x0YpVBA8NIWif2w86Cs1kQB39dr1QWEj0zQZGR5ibnaWoUqFeqMxcHwmEgkqlQpCQKAOHatH24/FYkyMTxBzYizevsWNxUXGx8bx/eDkThEKe6VSiVdfeYWtrS1WV1dZ39hkeWWF5ZUVZqan+cov/RJKHbbxINFZqbCCeigIHz1ufs81fddhX1iN/nFdl/2DKp7rUqvXsEyTV7/8ZRbm50kmk2G+aRBwrAT8kXb7GbIDd2ioMJJKpSiXS6HgHd07m8k8NJtXCIFlmuFR92jB+gW8OOIgjbRJWq1WmBPaatFsNpmemub0winm5+ce6KQOVIAhJel0mkKxQLPZotFsUqvVmBgfp9ls4rpeNOa+SLzD9vY2pVIRICrIFKNWb7C7u0s2m8WOhH0VKMqlEuVSEcMwuXb9OoHv02q1j2WGtlot9vf26XZ7OJaNZVkY0iAei7GyusrQ0BDFYpGonhgqCMLiYoTRE1evXePWrdthbmsQMD83y/PPXcCJxcIEF8Mkk8lQLpdAKfxAkUwkSKdSh+uHwnFsisUid1ZW2Nvbw/M8ut0Oc7Mz1Bv1aNqPZAEAjmNTKZWRMioaJiW2ZR17hoWUDA1VGB4Z5tbt23z0yackk0lct0c8+r3iyMIfxg0cuY9Go9FoNJrPDy2sajQajUaj0fyMiMVinD93jv/xH/5D3nzzLX785pt88skn/MEf/AET4+PMLyxw7plnyOdz2PZhMZ9er8vW1jY3bt7kypXL7O7u4jgxXv/qV/nq66/zpZe/RDGfP8y0fAIsyyIej9NzPdrtNq7rHhPtOt0uzVYbhBhUO0eAbVtcePZZyuUS8VgMx3ZIppKDCu4qigpwHIfx8TEuPPvsoM2+EAtwaKsLC/fMzMxQq9e4eXORRqOJ53snir59B+L6+jqFQoFKpcLQ0BCe57G5ucWlK1eo1mrU6zUymQyO49Dt9mg2m2QymXuq0NcG47ZtOxQ6o/zKo3Oh1KG46gcBitC5q1TAxNgkCwsLGKbB0tISlz/6iGazSafTIZ1OY9s2yWSSRqNOs9k6NpZ2u83m5ia+H4QC3uFEMTk5yZnTp445iU3TxLLtE0XiIBJRS+Uyr7z8Mn1xbX1jg2YrvG+gDsVOgGfOnmV8fJxGo8FP3n6bTrtNq9V6ZHE1ISXxWJzR4RGWV1fZ3d3Fsixy2Szdbq+v2wLQbDap1RvsV6s0mk3+9Ac/REpJs9kkCALW1tcpFouUy+WBk1YIQS6fZ8GyWF5Z5uatxdCpaVlRlIFgd3eX1dUVBHDp8mWu3bgRurqbzVB0Pdin1+3ixBzSqdSg6FbfDXr+3DnGRsfY29vj0uUrA5FbKYXneaTTaWZmppmfm4t2KRjyMB84CAJUoDBMMxTBSyXurq+HMRDxOIVCAXN5mW63d7hG0d7KZrO8+OILR5ZbRNEQDr1eL3w0or02NjxMp9NhY2ODDy9dotFskU6fXKDuUE7V2aoajUaj0XzeaGFVo9FoNBqN5meElJJkMskzZ8+SSWeYn5/jxs1F1u/eZf/ggLt377K9vR3mNgp5RDhTUWEbwdTUNC+99FIoxM7NMz8fFpt6kuP/R4nFYmHBJsNgdXWVRCLB+NgYlmVRrVZZXV3l4OCAifExksnk4Di0EIJKucTo6CiJeAJpyOMxAqEKCTAopnTU/SiEGAhY/ct9PyCZTDA2Fgpdyyur/avv67cQgm63y6dXr5JOp5menmZ8dIx4LM7+/gGgCAIfgGw2SyadYXl/mavXrmHbNplMhiAIqFarfHr1KqjQCZpKJnE9D8OQ1Bt1tra3yefzAOwf7LN/UMWQEtu0wiJQQYAALNsinU6Ry+UwDIOVtTVWVteIOTGSiQSxeJzR0RFu3eqwsbnJxsYG6XQ6PI6+vs5HH39MMpnCccK+HapjKryfZQ1eEkIQ+P4gy/YoKiqmZJomqVRyMOfVWi3MPA2C0KV8ZG2SiSTFQoFsJsuFc+f56OOPWVldJZlKcmrh5GiJflCCYRgUCgXurCzTarXIZDLkcjl2dvcIAh9FKLLv7OxQq9VIJhIDZ7UQ0G532N3bZWtri739fQqFQlTMTxCoUEQtFArMTM9wc/EmjWaDQj6PISWu67K7u0e1Vmd6aopCIY9tOwRBQKfb4dat2+zu7rGzu0elUmZ6aoobi4tsbIau5lKxSCqZJAgC6rUaSgUEKhjMc19Il0JimRZHaq8BoeO1L/AaUoZxAIUCm5tbdLpdCvl8+MwgCPwgylIlaiS00PYLjB2d48O1idzMvo9t24wMDzM1NcWnV6/ieX7UxHFX6nGXtXasajQajUbzeaOFVY1Go9FoNJqfMfF4nIWFeaanp3j5Sy+ztrbG7aUlVlZW2N7ZplFv4Ad+KF0JsEyLTDbD6MgIc7NzTM9MU8jnSSQST370/x5ijkOlXGZyYoJqrcbNmzfDfFDbZntnh/WNDUzT5MypU6RTKRqNJhCKxP3MUid2f9anECIU8nyfvb19bt26hTSMgeMz5sQYGqqgVFiFXkbCkpSSkeFhDg4O2NraxvW8vs52X/uGYaAULC+v4Lou3W4X27JZX19HKUU2kyGRSJBIJBgeGgrdjWt3ScTjZLNZgij3c3Nzk9HRUUaGh3EcB8M0KZdKbO/ssHTnTnQMH1bX1mi1WgwPDZNIhAXHhJRIaQx+HYvFKJfLzM/OcvXadZZXViiXSoxPjDMxNjbIA/306lWKhQKe77O5ucnm5hazc6lBtAKAYUh2d3e5dXsJx7FDB2iUUZvLZikUCvcd1e/Pe1+4PirY9QW8QYaoDL/63ycScU4tLHB3Y4O9vT1u377N+NgY8XuKq/ULdgkpEVKQyaRxHAfLtkmnUqRSKUzTAMJYhSAIouzZLmNjo1x49lkMQwKCVqvF6toqFy9dplqtDoqHDe4XFYs6tTDP7t4u7U4HKeTA7Vqr1xBS8MzZM5TLZWzbQamAdrtNrVqj2WyyubnJ8PAQU1NT7O7vsbu3x7Vr16gODWNZFo1mg+3dnYHgHnOcSDSWoVt8ewvTNI8Iq4JEPE6pVEQaBqZhYMjwv4V8HssyCQKbXC5HPB6PBPDQkR3ucYEQkna7zc3FxVBcJRSSpTQYHqpg2zZCyPCZieY8n88zNzPL6uoajUbjPkGWyAkro3V52g9bNBqNRqPRPBgtrGo0Go1Go9H8nNAvWlQsFrhw4VmCICAIAjzPO1a0yTCMSNj5/MUSwzQplkp8+ZWXefudd1leWWXpzjKWZdFut8lls8zPzXH27Fksy6LVaoVH5i37WNblvQghiMfjNFstlleWWV5ZPpbRWiwUeO3VL5NMJsOq5pY5EJ7S6TTDw8OMjI6wubV1ongso3zPL33xC7z5k59we+kOd5ZXME2TVrsVuvsmJ0mn00gpmZqcxHNdLl6+zMXLlzEMEwiPe5eKJZ555iwT4+NIw8A2DE4tLNDruSzducP6+gYQFvoqFYu8+MLzg3alkFi2hRGtD4Ri9bPnz7O3v8/e3j6Lt28zMjJMpVJhrtul3elw8fJl4rFYKH5KSbFU4sL585RKJdrtNtI0sCyLO8srLK+sDryHQRD24fSpU+RyufuEVdM0sG17sF/6ayGlxIqOr0tpDIRpy7KRhhx8n86kOTU/x0efdNne2WFnZ4ehI9m/h/cJ1wwgmQwjILKZNOVyKRSnDRPbsog5Tugs3dvDcRxmZ2aOxR2kUylsy+LGzUXa7TaNRgPDNAdZoyI6dj8yMsLoyAjNZiuaa8nBwQHtTodMJsPc3ByxWGwwH57nMTU5we07d9ja3kYpxdBQhYW5eTz3Ktdu3GDx1m2kDAtWIQQjQ0PMTE2Rz+ep1WrEnBj7Bwdcv3GT6zduHnGyKkZHRnj1lVcwDXMQTSClJJfLkUgkicXilEthNq5phdcYZriPzWhstVqNH7/51pHnQiENg9dfe42RkREMQ2LbFmbkao3H41QqFeZnZ7l1+zaGIU8Q1uWgfS2sajQajUbz+SPUw0qrajQajUaj0Wg0Go1Go9FoNBrNXzBqtRoAH3744RO/94UXwlz0B9sKNBqNRqPRaDQajUaj0Wg0Go1GcyJaWNVoNBqNRqPRaDQajUaj0Wg0midEC6sajUaj0Wg0Go1Go9FoNBqNRvOEaGFVo9FoNBqNRqPRaDQajUaj0WieEC2sajT/P3t3HifHfdf5/13V3XNodN+HZUm+jzg+EojMKXMkuxBiExKQebDLsSyEY1k2LIvNkcdyRSYEFljIsiQ/yCYBK+SyYhKIkxDntEJsy44vSZaswzpGI2k099HdVfX7o7uqvvWtb/VMSzMaafx65jGPme6q+ta3vlU9zrz1qW8BAAAAAAAAbSJYBQAAAAAAAIA2EawCAAAAAAAAQJsIVgEAAAAAAACgTQSrAAAAAAAAANAmglUAAAAAAAAAaBPBKgAAAAAAAAC0iWAVAAAAAAAAANpEsAoAAAAAAAAAbSJYBQAAAAAAAIA2EawCAAAAAAAAQJsIVgEAAAAAAACgTQSrAAAAAAAAANAmglUAAAAAAAAAaBPBKgAAAAAAAAC0iWAVAAAAAAAAANpEsAoAAAAAAAAAbSJYBQAAAAAAAIA2EawCAAAAAAAAQJsIVgEAAAAAAACgTQSrAAAAAAAAANAmglUAAAAAAAAAaBPBKgAAAAAAAAC0iWAVAAAAAAAAANpEsAoAAAAAAAAAbSJYBQAAAAAAAIA2EawCAAAAAAAAQJsIVgEAAAAAAACgTQSrAAAAAAAAANAmglUAAAAAAAAAaBPBKgAAAAAAAAC0iWAVAAAAAAAAANpEsAoAAAAAAAAAbSJYBQAAAAAAAIA2EawCAAAAAAAAQJsIVgEAAAAAAACgTQSrAAAAAAAAANAmglUAAAAAAAAAaBPBKgAAAAAAAAC0iWAVAAAAAAAAANpEsAoAAAAAAAAAbSJYBQAAAAAAAIA2EawCAAAAAAAAQJsIVgEAAAAAAACgTQSrAAAAAAAAANAmglUAAAAAAAAAaBPBKgAAAAAAAAC0iWAVAAAAAAAAANpEsAoAAAAAAAAAbSJYBQAAAAAAAIA2EawCAAAAAAAAQJsIVgEAAAAAAACgTQSrAAAAAAAAANAmglUAAAAAAAAAaBPBKgAAAAAAAAC0iWAVAAAAAAAAANpEsAoAAAAAAAAAbSJYBQAAAAAAAIA2EawCAAAAAAAAQJsIVgEAAAAAAACgTQSrAAAAAAAAANAmglUAAAAAAAAAaBPBKgAAAAAAAAC0iWAVAAAAAAAAANpEsAoAAAAAAAAAbSJYBQAAAAAAAIA2EawCAAAAAAAAQJsIVgEAAAAAAACgTQSrAAAAAAAAANAmglUAAAAAAAAAaBPBKgAAAAAAAAC0iWAVAAAAAAAAANpEsAoAAAAAAAAAbSJYBQAAAAAAAIA2EawCAAAAAAAAQJsIVgEAAAAAAACgTQSrAAAAAAAAANAmglUAAAAAAAAAaBPBKgAAAAAAAAC0iWAVAAAAAAAAANpEsAoAAAAAAAAAbSJYBQAAAAAAAIA2EawCAAAAAAAAQJsIVgEAAAAAAACgTQSrAAAAAAAAANAmglUAAAAAAAAAaBPBKgAAAAAAAAC0iWAVAAAAAAAAANpEsAoAAAAAAAAAbSJYBQAAAAAAAIA2EawCAAAAAAAAQJsIVgEAAAAAAACgTQSrAAAAAAAAANAmglUAAAAAAAAAaBPBKgAAAAAAAAC0iWAVAAAAAAAAANpEsAoAAAAAAAAAbSJYBQAAAAAAAIA2EawCADDDomBCYXVAwUSv6qOHVRvep+rA05o8+3VNnP6iJvq+oMmzj6l6bo9qQ8+rPvqSgvGTCqr9Cutjc919YBp6pXs86YHdjmW7Jc+T7tmZfXvnPY33XZu8ojXH0jVmLhcyjr07G9s6z9uUGzf6ubPXvfiB5jHYX/PqfBdc27Oyqwca+yoa79Ybn2c/dzuuD+P69DzJu0cyuxRfj65lstd7oM3+AABw6SvPdQcAALhchPVRhdV+hdWzCqv9Cqr9imoDCoNxRcGEFEwoCidmZmd+hzy/S16pS16pW355kfyO5fI7VqjU2fjuV5bMzL6Adu1+v7RL0n1b57onl7/eRxtjKUm7dkq926W1c9qjC3C3dPKhZv97pXvWSXfeY7yHS9buB6Q778+/v/NtjevzsUjaqkZAuq55TrVTuneXtOMx6b7NjfO97gEpui/fzrbtku6Vdv6UtJ2LAQAwfxCsAgDQFEWhovqwwupZBZNpgBpWzyqo9kvh5MXrTFhVFFYV1YckSYFrHa+chq3N737HcvmdjdDV80oXr794ZXn0fkk7GkELLsyjzarCHTuk+++XHu2dveBp7XYp2j47bed3Jt23Q9o1y8cEh61SFE1/9Z33NALSu++Wdu3KLtv+kGReMpu3SorPqXU9bZW0a3ejatU+3Wu3SXdL2vloYzsAAOYJpgIAALyi1cePa+LMVzRy5AMaeuEPNLTvjzRy6H0aP/FxTZ75ompDzyiYOCGFE5KiS+srqimcPKX68POaPPsVjZ/cpdEjf6fh/e/W4HO/o6EX/1yjL/+jJs98VcFE3+wOJF5Bdkv3S9qx7cKaiW9L9wpug3+gYFlyO3vzVmnvAeO9ncZty61uWTZusU5uud6ZvaV5t/nauoW5qG+2KW/n7pV27pK0Q7qvOZ47H7UbKe6Hecu32aedu7O3b8d3dttTAcRjYh77bN7mXnQOplpWdK3Y4xu/To7BurXdbse85T3ef3xd2WPkedLOw9M7vsLpD3Zn9585n73Za/ewY7vpnmd7KoDpnOcHT0p/PY3A81FHVWvc/92S7i6quF7bDF53Fk8XAADAZYhgFQDwilIfP6GJM1/R6JEPauC539XIgb/SxMlPqz60t3E7/yWQl87UVzhxSrWBpzR+8lMafvHPNLTvTzV2/JOqDb2gKKzO9NDilaK3mfhs3nwhjUhvu1e6+8FGZd1jO6Rd96YB2QOedP/d0slIih5rLLPnBb1fjW3N247vPyw9FEknH5S0S3p/c5vdDzQq8h6LGtvskHTv26zgVWlftEu687Dx+v50/9Pp27SHoTkNwI5tkrY2+mUHTw/cqcYt9pEUbWsch23XTumnmv2RpHvvlO4zXt85xdyWhzc3jvXBuxvHMyPzovZKD9zf6Pu2ta3PQW/zlvIHTzrOT4trZWszjD7cvCYPNzu+q/l6dzOk3ra1sY919zZuW4+aY3P/nY4geVtj+X1b037F2+hCQude6Z470+M4+aAy15V5y33019JOR4A5W+d5+0PTqyje/UDjcxef03SB5K2T9KD0UItwdvPdknZZoTEAAJc3glUAwLwVRWESpI4c/qAGn/s9jRz4S02c/LRqQy9c3Fv7LwFh9Yyq/bs1euSDGnz+9zXy0vs00feo6mPHFEXhXHcPl4vDM5iK7Lq3UZ23+b5G4LN9rZKK2KTyrRk43m9VcroqZuP31jZD393Nvm5ttn+4WbnnKrrb2twmDozjtjIB8jT7lrRpHpdDPA3AtuacCtuaoe6jcbLq2N+Dd7t21Fy+uXG7dTJNQ/x6CvH+Nze/Hz7fksJd0rq4gnKdtMuYc3U65+DedY2g875Iiqx5WZ3Xijn+cfWvJN3fCA0P75Z0t7RZzbG+W/qpeP6K5ljaQfY2Y34L+/xsd8wdatr+UKNvziky1jZC/4c2N45/3b3GMqNyeWtz3ft2ONqYw/NszsG64z6rKrU59cD2na0rdi/4+gIA4NJDsAoAmHfqo4c1duKTGty7Q8MH/rfGT35KteHnFYbjivhf439RXbXRgxo/9RkNH/wrDb7whxo5+g+a7P+GwurAXJ9CzHtmcGSEcWYgs+ve9Lbl+yVp9/nfQhzfIn7v1rQi0tZOBe6M9M0O04w+xNMBxNXBW6fo290XUj08k+LK2vjLCEdbnYO129PXydjG1ZdTXCvbmhXFO5vVvw8+2Hj/8O7G+Mah9GFHpW/cZtG/FRzepSSYvWDxrf53NipzTz5o7qjR96nO41yd596dxoOtdhQ/tG5bs1r10RkpeQYA4LJAsAoAmBfq4yc0dvJfNPjCuzR88P9q8sxjimojc347/uXyFdXHVBt4RmPHPq7BvX+koRf/UhNnvqqwPnLe5wSvVNOsnosrGM2QzbyVOb5l2hXStevR5i3pJ6eoOJyumehbPA2A7k9D2riKMa6itCtvL2dTnYP74rFs3tZu3ibf6lqJpwPY2axI3dYMae+9szG+2+PK46KLskVwOpO3rifTPjzmqGBufmZ2XYrnebdRXbsjO/VGkQuaJgQAgMsLwSoA4LIVTPRpvPcRDe59t4Zf/AtNnn5UYa1fc55SzoOvYPyYxk88rMHn36nhQ3+n6sDTisJa2+cI89CUoclaabs9V6ddnWk9XOe+k41g6e7Nys81utv9sJ22NQOy3p3u29Cnpc2+tXp4VXybeTyvaPz1YDPMe7TXvT/XHKuXjYJzkBmnrWk15+bNan2tSOkY7VJyq3wSohpzgW7brsy8u/FYFj5sSfkKzJ1TzGE65cOrlIbk7zenAmh+ZuIpDJL5aS8ByTE7QnH7+n7/vcrPv2qI58DdfL7/QgIAwKWnPNcdAACgHcHkGVUHnlZ14GmFkzzpfvaFqg/vU314n+R3qmPJLepYdrvKPVvkefz77CtSXEV5+LAKE6ntD0m6R7rTM940q922NioTvTslz6yGawZZ90WSvMZt3/GyVg/Fmcp9zQcVxf3ZsUO6//7zq0Sckb7FQbMjhIoDwJ2PStu3N4LE3eua+9vRCF4vx3C11TnYep/0mKQ710nJ5RBXdq5tfa1IaWVpPC9uPIZmaLp2u3RS0ro701B3x2PFt7XH2zx2WLqzuc2DzYeinY+126UHd0r33ts4jrt3SHff3wxatzY+M4e95vjcLT24Q9o11+GqOW/tLuOaV+MfBLbfJz0dJG/AAAAgAElEQVS4uzE37r1SI3xtUb09o1MrAABwafCiKIrmuhMAALQS1gZV7d+j6sA3FUycmOvuQJJXWaLOZberY9lrVOpaNdfdwcX2gCfdP83bgjFP9Er3rJO2n5zeE+SBjOb1owcv7B9JAACYQUNDQ5KkPXv2tL3t7bffLomKVQDAJSwKa5rsf1wTp7+osHpurrsDQ1Qb0HjfFzRx5jF1rtyqrlXfJb/cM9fdwsWybYeSBzaRsQGYSjzH7IPb5ronAADMKCpWAQCXnCiY1MSZr2nizFcU8fCky4NfUefy16lr1Xeq1LF0rnuDWdesPts6xa3UACA15p+9dytV7gCAS8pMVKwSrAIALhlhfVQTp7+qyTNfUxSMzXV3cF58dSy/Q92rt6nUtXquOwMAAAAATkwFAACYF4LqgCZOf0mTZ78u8eT5y1yoav/jqvY/ocqSm9W95i6VF2yc604BAAAAwIwjWAUAzJlgok/jfY+q2v+kpHCuu4MZFak2+Kxqg8+qvPAada+5S5VF1851pwAAAABgxhCsAgAuujAY1/iJf9bkmd2S5s+MNPXqpMJ6TWFQV1ivZ78H9WSZokheqaxSuSy/VJZfrjS/W6+b713u6sMvanj4RZUXXq2eK9+iUufKue4SAAAAAFywy/+vNQDAZSOKQlXPPaXR4/+kqD48191pWxSFqo6OaHJkSJMjg82vxs9hrTor+/T8kjoXLm5+LVHnoiXqXLhEHT2L5ZdKs7LP2VIbOaiBF96t7jV3qXv1XfJKHXPdJQAAAAA4bwSrAICLoj7eq9GXP6r66JG57sq0TAwPamKwPxugDg9c9H5EYaCJoXOaGDqXW9axYGEjZG0Grl2Ll2rB0ku8GjQKNN77OU2e/YZ6Nr5ZHUtumuseAQAAAMB5IVgFAMyqMBjX+MnPaqLvK7qU51GdGB7QaH+fRs+e0lh/n+qTE/mVPO/id6yF6vioquOj0ukTyXueX1L30hVasGyVFixbqZ7lq1WqXHqVoWF1QMMH/1aVxTeq58o3q9SxbK67BAAAAABtIVgFAMyayf4nNHrs0rztf1pBarvK3fJKXfJKnVJ5gVRaIK/cJS9+v9wtr9ItyVdUH1NYn1BUH5eCCSmYUFSfkOpjioJxqT6uqD7WdheiMNBYf5/G+vuS9zoXLtGC5au0aPUGLVy5Vn7p0vnPf23oBQ089y4tWPf96lr9nfL8ylx3CQAAAACm5dL5ywoAMG8EE2c0cvQjqo8cmOuuZEwOD2rgxBENnTyq6mg27PU0jWrUUqf8Bevk92yQ37NOpYXrVVp4hUo96+V1r5RnVLSGYaM61/f9XDNhGCqKInme13K5JEXVQWmsV8HoCQUjxxWMHFc4elzh6AlpmsFrdWRI1ZEhDRw9KM8vqWflGi1avUGLVq9XpXvBtNqYVVFVYyc+pYkzu7Xwyreqsvjaue4RAAAAAEzJi+K/3AAAuEBRMKmx3n/V+KkvSFEw192R1LhdfvD4IQ2dPKLJkaFpb+cvuUal5a9WeckWlRdukN+zXupYIvM/m0XBqLk8DlujKEq2jUPXUqmUCWPNdYq2N0NX1UYUjfeqPnJcwfAxhYP7FJzbp6g2/Qrh7qUrtXTDFi1ev0ml8qVRLdqx7Fb1XPFDTA8AAAAAYNYMDTX+PtyzZ0/b295+++2SCFYBADMkrA1p+NCDqg3vn+uuqDYxpqGTRzV48qgmBvunsYUvf+k1Kq+4VeWVr1bHylfJK3dn1rCrTItC03i5HbiGYZgJRc31XMtc7duha7zM7mMwdkrBuf0KBp5XeO55BUNHpLDWcgQ8v6RFazZoyfrNWrhyrbwWgfHF4Hes0KKr/oMqPRvntB8AAAAA5ieCVQDAJaE2/JKGXnq/ovrInPWhPjnRCFN7X9b4uTNTrO2ptPRqlVe9Rh0rXy1v6Q1SqauxxApOXYGmHZy6AtP4Zykbfsbvt6pE9TxPpVIpWW4Gr67Q1W5Hyk5BUOvfp+rJryoYfFHB6an/T0Opo1NL1l2ppRuvUteipVOuP3t89VzxRnWv2TaHfQAAAAAwHxGsAgDmVBQFGj/5OY2deETSxf/PSVCraqi3EaaaD2sqUlp6nTqvfL06N3yXvOZt/WZgGd+ab4ajmVvvpcx6dugaL4+DWVdgGi+TlL+137FOHKoWibc39xGLokhBEGTaj+rjCs7sUbV3t+p9X5dqrcPwzkVLtHT9Zi1et0mVzu6W686WjqWv0sLN2+WXL4H5YAEAAADMCwSrAIA5E0ye0/ChD6o+cuii7zuKIg2fOq6zh/ZqYuhcy3X9ng2qbHy9OjfeJb97VeF6RZWokjIVqOaXHczG28e399uBpz0na1Elqhnq2sGr2ZYZuroqVc3tXQ/MisJA1VPfUO3lR1Tv+4YU1gvHp9zZrRWbr9PSjVfLb1bTXkx+ZakWXfUTqiy6+qLvGwAAAMD8Q7AKAJgT1cG9Gn7pA4qC8Yu63ygMNXjiiM4e2qvqWHGlpde1QpUN36PKhm3yF23KVaNKaRBphpnTuf2/6GFVZtuS40FUfj5UjUL3g6rM7V2Baby9q9rV3DYIglxwGy+3K1lVH1ft5JdVO/oZBQP7Cse21NGp5Zuu07KNV6lU6Shcb3Z4WrD+Depe9/3yvLmdAxYAAADA5Y1gFQBwUUVhXaPHP63xU1+4qPsN63UNHH9J/YdfVH2yIMwtL1DH+u9Wx5Xfr/KyG5JAslQqTWtO1PjLnrt0ytC1GZh6MpZb0yJ4ckwPYKwTbxvv194+MxZGIOs6jjhwdVW6mm24KlnjeV2D0V5NHP28ai//i6IJ93y1frmspRuv1vIrr1W5s6uwv7Ohsvh6Ld7y4/Iriy/qfgEAAADMHwSrAICLJpg4raGD/0/1sWMXb5+1qvqPHtC5lw8qrFWd63iVherY8iZ1XfXD8io9mQrPotvrzSDRXM9cJ2nDqjSVmqFrJMmTfM/PVYOa3+2pA5IvRUmg6nqYVdGcqZGiXLWryQxWndsblayttlcUKYoC1U9+RbWDH1Y4etw9/r6vJes3a/mma9WxYKFzndnglRdq8TU/rQ6mBgAAAABwHghWAQAXRW3kiAZffK+ieusHHc2UKIo0cPyQTh94TmG95lzH61ymzqt+RJ2bf1BeKX9LumvOVDNkjJeXHPOFep7XCFSt0NQOK10Po7JvzTf3OdU6rodhmfszq1Dt4NUOXc1w2Jzv1QxXzTlX40A1fj9uPx7Dyd6vq3pgp4KB/bn+NTuiZRuv1sqrblSpXHGvM+N8Ldz0FnWv/raLtD8AAAAA88VMBKvlGe0RAGDeqQ7t1+CL75NCd8XoTBsf7NepF/ZocmRQkuRZy70Fa9Vx9VtUueL7VC43AlXXw53i0NQONs3ANQ5Q42rSeLlZSZo86CmKMiGsGcq65jG1H1TlYvYtDjbt7c1Q1Fzfnp4g3t73fUVeJL8UP6AqylXr2m2Z41fU58rqb1F51WtVO/usagcfVHj2mewKUaSBowc03PuyVl37Ki1ee2Vu7GdeqJEj/6gomNCCdd8zy/sCAAAAgCwqVgEAhSbOPqHhl/5eioJZ31d9ckKnDzyrod6Xncv9xZtVuepHVV777ZlQ0/WQKfMWf1NSYeq4vV9q3NYfv+96mJT5vjlnqosZkEr5h2XZbdu35rv2bc+pGi+zv+z92tMHmPsyH5JlP9DKbCOo19PtPE/B4IuqHfgHBaf3SI45YbuWLNfaG25X58KLMw9q99q7tPDKey7KvgAAAABc/pgKAAAwa8b7vqbhwx+e9f1EUaSBlw/q7KG9CoN6brnXsUQd1/+kyuvualSaNgNVs1rTfF0ul5PQ06z4NOdUNas94z7EbRRND5D0xwhMzXlTXbf9m8c41TqtxqfVf6rNalW7n2bYaj4wK4oiRWHabhAEmakB4nUk5aYIiNuOA+ha/35NPP8ehYMH8p3zPC294iqt2HLDRZkeoGvVnVq06a3y/OLzBwAAAAASwSoAYJaMnvy8Rl/eNev7GR/s16l9T6s6MpRf6JVV2fRGVa7eLq/c5QxEpew8p/E6rmpUz/dULpWT6QFcYadrztT4/fh7q2A0+7AsT2GYrSJt9C27fRjmq0zN/zS3ClbtKtW4DTNsbbVtGIYKwkBBPXD2IQxD1ZuVqq524vfDMFTt5c+pduCDUi1/LksdnVp19U1atHbjrE8P0LH0Zi3c8pN64smndfr06VndFwCgYcWKFZKknp4ebd68WYsXX5y7FQAAuBAEqwCAGRVFoUaOflLjvf86q/upVyd0+sDzGj51zLm8tOJWddz48/J71iVBZRyIuuYujZeXjGrWZJnvqeSXnPOtxuvat//bt9nbgav9MKk01J1+aBiGcdhavI0dusbrmoGta35Xc2qBolDUDF/DKMzczR8/3MquVjXHKgiCJHRVFEmeJwXjmtz/D6of/ZSc0wMsXqbV192irkVLpz1O56Oy6FotufanNXbiU6qPHXeuEx9POjaRJK9xLPZrT83309fJ22mLMt/JtR+PUfzwMUXy5JhKItlN5Gg/cwD518YG5u685v7MZhr7N3ttLLf2nxy+sULj+OL1msdhjpOsccy1n+43Ow7Taz/f/6JxiMxhz/bDfp0d8Nw4ucY91769/2T83OOStG9dH/nr0R7O/DhN1b5r6pLseTBPX5Qud1yPpc5F6lq6xdEvFXCPe1H7rmbT69T8HKbXh+cYLnc/Cj4o5nLXODnbj8yt0s9Rwe7y4+Bur+Bj42h/er+P8gNb8Psod7236mf2PJS7lqo+OawwKutcxw264ro7tX79+qIGAAC4JBCsAgBmTBQGGjr4QU32Pzmr+xkfOKuTzz2uoDaZW+Z1LlPHzb+s0so7kpDQvDXfDlXNQNWeN9V+AFVRJWu8D7sKVkrDiHZDU5dGX3xFUXEVaTvCMA1PzQdsxd9dgap9e3/RnKxBGCgK03DVrqA137fDZUmqnXtRk8//tcLB/a6B0MqrbtKyjVdf8Bi0Uupep2U3/qIm+r6o6tABd2hTFOoUhpbF4Wom9HGEq7lQSNlQ0ZXt5EPE1mGqI12x3s6lfdmXBeGt1Z3c/pJwywyrphGuZkPegpB7GuFtLnxrEa66QuaifqVL7ZA5/7nKtN8iXM2M05ThZ3Yc8sPp2H7K9h3hYOY8mMObPYDkOvZ8LVh5Y37KjWmHq+5wsyhczTdvj0vzOC8oXDV37A4j8/9YkV3f7F+uuWl8Tqf9OVHR75PWIbTzF2Dmc3Q+4Wq6w8w/xvhljVS2aOW130u4CgC4pBGsAgBmRBhMaujA36k68Nys7SOKQvUfOaD+w66wraTy5h9Wx9VvkVfqbLzluMXfDD/j90rlkkp+KRcumm24QtXsbfvpg6jyoer0AtU4OJ1J5xPCmtWsU1WqFt3eHwRBEq66liWVrgUP04rXqx//V9VedE8P0LNyjdZcf6tKlY62jq8dpc6VWnrjf1F14GlN9mf/z5IZquYW5FZUGkJMs0KsnYpVVwhjhmSu0La4n1ZvXGGiHYKYy5PmHBWrzrDy/EJVs19UrDaXz3LFquu0ZM9Dfpxc//jQsWiDKgtWFPRLBdzjnv/Hh+JmXWHhzFSs5vvl/Bw528+Hqq12VxyqOvZfEKpmVnCEqrnlbYaqBQ227Gdy/ozt/HKnTvs36MbXvl6LFi0qaggAgDlFsAoAuGBhfUznXniP6qNHZm0ftYlxnXrhSU0MncstKy2/Wd2v/q9S1+pMSGfe+m/fxh+/Vy6XM8vi7e0wtdWDqqZTjZrdd3vhqf2Qq5kyndA1NIJRe+oA8/10/XxgGkWRIjW3C6NMuJrdV5hdFm9fH1PtwIdUP/ZZKcpuU+7s0tqbXzurUwP4HUu19Pq3qT70nCYHns0sc4VGyYLcikpTA0e46go/qVjNHVDBSypWk+WXeMVqpXu5OhZvzG5otjOtMM4VblKxOu3PiYp+n7QOodsJV13DkZe/PrKfE6kellS94s265ZZbihoBAGBOzUSwWp7RHgEALitRGGhg/3tVHz08a/sY6z+t3r17FNbrjb9KY15ZnTf/kjo3fo+kRjBnV6m6AtW4SrVcKuceNGXf+m/PmZppozR1QHqhVah2qFr04KbzCVw9z88MpytozQbGXhK0FlWymqGz+RWGoYLm/3z5zbb9zHb2sSUhd+cilW7+BdU3fJ8mn9qhaDIN1+vVSR176mtaseUGLd2wuXB8LkRYPafB/e/Vspt/VWF9RLWRw83+paGqZIYIRamkHfbZWZcVUlghmV2RmKtYzWVp06xYLQhrzHDDFarO14rVVqFqep6MDdoIVZP27XEy228RqkqtQ095BaGq2V/rhNgVq63bd11nVhhoXk/Kfk5Kle4ZCFWVWfFyrVhNd2OHmvbvE9kXaItxml6oGr8uClVzy9sMVR2LHQp+nzRf18bOqTp2VkF1XONLX1/UCAAA88LM3rMIALhsRFGowYMfUG3oxdlpPwx15qUXdPLZbyiq1+VJyZe/YK16vv1/ZUJVKa00jStR7YC0VCqpUqmoUq4ky80wNa5ibb19OQlV3aFrKfmaqVA1fm3eot8qyGz15drHVO+ZfN9XpVJujkMpNz6usYvPSblUll/yk3lt4/XtaRbicxG3I0n+4qvV8bo/lb/ijsy14EWR+l96QSef+Ybq1fy8uzMhmDyjcy/8lbrX/juVulY3xykOSxpjlYyYPXae1wwPmilD83XydrxaJv5Jz3f2gWdR0n4Smnpe2nzckShdv7Ge2b7VT894bXQo/7axwDruzPJkO2t59vAay5vtxKFM2q/syOQ6FpndT8fBXCHXvnUe4v3l9maPg+cloVi8v8wAWf2yhsEY/+y4mOOUad9xHqJkO2OclL5Olkf5ccifZ2XHwfPaaN+6ziTrPJjLvfRbJPl+SZ1LNhnDkxso5/hlV4i/ZT8n8XG7Ns9fRfbn0BgH8/gK5S5kq9+e65vx+yL7fnIcmf5ZzUV2Q44DleS+cOKX2c9ZZhxcu7HGKT+w1u8ru33rOsnL/z4Jw7omB49q6NjjGjuzX7XRMyp1LjqvfzgEAOByQsUqALxCDR/+uCbPPDErbdfGR9W7d4+qo0O5P8zK679bXTf/UjKXqiRnlar5FT+cKp5L1fWwqSTAsypVXfOk2rf2T6dQ0t6fpNwfjK5A07VdO+wpBIoqQ+3jiH82K1ntcWi89pIHYUVRlJyDeNoASZllnucp9MKksikMQ3lhdvxj8fQAsVLnYpVf89uqHvm06gfeL4X1ZNn44Bkde/LLWnPDHepesrztcZpKMHZSA/vfp6XX/yeNHH5QQXXIqPQzK8zsSry44suulEvDjMb2VgUYFavZA8rtP90vFavp9XGpVqx2LNksv9RpDE9uoJzjl10h/ub+nLg2N5vNfA6oWJV5QvOfutwJtobB+n1lt9/G+ayOnVF15LSCiUFju8by2kiv+vv7ixoBAGBeoGIVAF6BRo9/RuO9X1Djj6OZ/ZoYHtCxpx9TdXRYjb+wml9+pzpv/Q11v/rt8kqdmdDNDFXtKtMkdPX8aYeqjQrLkkol9/ypZsVoGAaKrLk/XczqUruNmGv+UnPeUnP+0qJl9le8T7MStSjYdWkErsWBbvywK3M/8c++7yd9tYPukl9Kqpvs82WfI7vtjk0/oK7XvVte1yqZ10hQq+nEM/+mod6jmo1rsza0T0MHPqieTT/WCImidCzTCjNrrKhYzRx+0gwVq+7252HFaufiTSp3LrKGJzdQzvHLrhB/y35OqFiNuS6c+OWlV7FaGz2jkd5vavzMQQWTQ5nrx5u6AQAA5g0qVgHgFWb89Dc0cvSTs9P2YL9OPve4IuvBRl7PBnXd/lsqL1wvKXvrv3mruflaavxxZlaqmsvi7eP10mC2+A85M5BsBH3n9++L9ryi8c/2vKPmPu3929vb69r7M9uwA92pmNWs9lyscdWqKa5glZSb59YMhmOBApXUuPU/XicIAmMffuacS5K3aJM6t/4vVZ9/j8K+x8yj1ekDzyms17X0ii3TPsbpmjz3jPyXP62FW35cI4c+pDCoNvca794aVypWM4ef7p6KVWf786xitWPxRpW7lzoqSnMD5Ry/7ArxN/fnxLW52Wzmc0DFqswTmv/U5U6wNQzW7yu7/YLzGQY1VYdOqDrapygM8r9PjNf2SAEAMF8RrALAK8hE/zMafPEDs9L2yJle9b34zfQv0KbyFd+vjut/VqVyR/KeGZKaX3E1pCTJUyZQNdePFQWq8UOazPfMIHXqqqZ0G5s9Z6pZiRkvd4Wm9rZm6DZVBarr9v+iaQemCl3jkNX1sKtYY9z83BQA8frx+2ZFceRHitQMZEMl5zLujz0PqySp1KXyzb+qaMWrVdv3t1KUTg1w9sh+1WtVLd90XWHgfL7Ger8kr9yjnivfqtEjH1YY1tMMwU5nzFI147tnZRZpKNF4x7w+ku8yto9DL88KhZJCM2u9TGhm9ivuQPa1l1st3r/dvt3/eDtreVH/klAse3x2HJbpWPwrwuhXen2l4yd7/KLs+MkRrqbrpf2MMucrOw52v+wwKRtuG+0b45Rp396/tV3uOsldB9lxcFxomRNiVvROr33j9Mh1HuLlnjoXbVC5e3l2HJPhyQ3UFOGqOSAtzrO1uZfdOned5a+TqcJV+3q0w0frOk3Os/VrwBoHu392c0Wf06z85yR9mf09kBsHezf25zE3sNnPaa59L9v/MJjU5NAJVUf60h2Zw2WOv2RdxwAAzG8EqwDwClEdPqyBfe+VFEy5brsGTxxR/+F92T+hPE+V639GlY0/kAtD7aA0eYiS3wzqlH9okx2qpg9Iygd2rjlVzerU+Nb/NGh1B5tTVYXaFat26Goeb1HAam7fKkC0wxzXe67K1+KwtriK1WSHqmYFq12FGoZhI/AqS1GtcUzlcjkTyMbVrI11pZLvS+u/T+rZpOCbOxTVRpJ9D504rGByQiuvvVm+Xyocm/MxeuzT8isLtWDDmzT68ifSUNEehySUaIYERuWfmVVQsWr2Kzsyro6Z/aJiNb0+LpWK1Y6F61TuXmGEiVSsvhIrVsN6VRMDL6s2diZ74FG2n1SsAgBeyZhjFQBeAWpjJ3Tuhb+SWRE4U84e2qf+w/vV+COt+eWV1XHLr7UMVc0ny5dKpcbT5v1SZi7VODw1nzyfPKG+XHaGqua+fL8k3y9NGaqa82AWVYK6vuwg1fxyMatZze3tKQRcbdn7Ndsx+21vO1VgG49FY5yy65lz1Ta+p+FmfF4qlUpyfpIvz88ss5enQXr6VV56nSqveWdu3tXRs6d06vk9CoOZv3aHD31EQW1I3Rv+XfqPAvZYpSVYUlIBZrwdr5aJf8wKrvR1sqGMCjSPOVaZYzXeLj8O+fOs7Dh4XhvtW9eZZJ2HxutKzxpVelaly5PzYA5PbqCc45ddIf6W/ZwkFaeOzfNXkf05NMbBPL5CuQvZ6rfn+paEqvbpSI4j0z+ruchuyHGgktwXTvzy4s6xKgWaGDym4ZNPqTZ21j0gxo7t32OefaEBADCPEawCwDwXTA7o3LN/0agEjKIZ+4rCQKcPPNd40JCn9Kvcqcprfl+l1Vsz/YirTs0wtVwuq1RuhKpmZWr8vRGeljLbpgFd8R9sdoVqdpmfC1WLwsii5a7b/VsFmK5AtdVr+1jMNlzbRVGUuT1/uiGsa2zigNX3PecYuyqN7eXJOS43v+Lw3FlxnC7zFqxV6Y4/kNezIXNNTQyf08nnnlAwOTGj17CiUAN73ydFvrrWbItPln3yZJVimd/yFWKOSrz4dbKhjAoxs9JLylSAKQk7zPaNfklGB7Idyr+drzAzXqbLk+2s5dnDU1oBef4Vq/Y4mCvk2rfOg1kZmNmbPQ7RK6BiddrtW9eZZJ0HqbxglToWrskuT86DOTy5gXKOX3aF+Fv2cxIft2vz/FVkfw6NcTCPr1DuQrb6Hbm+JaGqfTqS48j0z2rOsxtyHKgk94UTv7x4FavVkT4NHX9ak0MnCsclMxDm9WF+DqyRAgBgviJYBYB5LArrOrf3rxXWBme03TAIdGrvNzVy+qQyCVjHEnW85p2qLLsuE6TZVaFJONqsUvXi/3nZalbXlAHlsvsBVUUVqq71iqpOXYGlaxs7nHTdhh/3u2gdV6VsUV+m895UIXE7laxFFazZsc5WoGZD7+Z7fuMrDs7NauNKpZJ7MJbnefI7l6p0++9Ki2+QeW1VR4d14rknVJ+cKDy35yWqa2Dv36jcs0mdS25KS67STiktxYqS13YhGBWryQLZI5PrWGR2n4rVZHmUH4f8eVZ2HDyvjfat60zZcaksXKvORevyy5PzYA5PbqCc45ddIf6W/ZzEx+3aPH8V2Z9DYxzM4yuUu5Ctfnuub0moap+O5Dgy/bOai+yGHAcqyX3hxC9nv2K1Ot6vkZPf1Pi5w0rubikYl8xAmNeH+TmwRgoAgPmKYBUA5rGhwx9XbeSIImnGvoJ6TSeff0Ljg2cz+/K6V6vztQ+ovHjTlLf/VyqVRqWql38wlfkgq/z7+T/S4kDVDlOLgsNWt++boaM5p2vRrfnmMlf1qlndFmVCk+z2ZrWpvb/pvjdVte1U77vYAavveyqXS8n0AKVS/lyZPyfTOHjpemala/zdHFff8+RXFqpy22/JX/W6TH/qk+M68dzjmhwdntFrOgzGNbDvfepas02lyhL7glFaiuUlr6lYjZJ2qFg12r9MK1Y7Fq1XR89q9/LkPJjDkxso5/hlV4i/ZT8n8XG7Ns9fRfbn0BgH8/gK5S5kq9+R69u8rlgNg5pGTu/T+JkDCuoT6eLcgVjHYeyYilUAwCsZwSoAzFMTZ5/S2Ml/lWYwggrrNZ3au0e1sWF5npIvf/FV6vzWd6m0YNWUoWq5XG48pMqaS7XVVyPAy4Z/RYFqzA5A7T4VVX2aD2uKH87UqjLU1V68fzuINV/bgXI/OtAAACAASURBVOpcVawWVdFOl+9nxy6Z4qFkBrLZytZ4uRm2JvuP26h0qeOWt6u8/rsz11pYm9SpvU+qOjasmby2ayOHNXLsn9Wz8W55vvFsz6Tiy66US8MMyagQMyrxqFjN7iG7/3TcqFiNt5uDilXfV9fSLaosWJm/DtPdpPsxRsYaKOf4ZVeIv2U/J/FxuzbPX0X259AYB/P4CuUuZKvfnutbEqrapyM5jkz/rOYiuyHHgUpyXzjxy9mpWK2N9Wuk9xkFE4PZ9q3rwDkgxo6pWAUAvJKVp14FAHC5CaqDGtj//2a0WCQKQ/Xtf0bV0RFl/qxccr0qt/22/HJn7tZ/s/IznnPT933Ft/2b69pzqMaKqlSnut1fKg5X48B0OtuZFWrx8jAMWwaq5nEl49cihHUtL2q36D17mdnudN5v1X5jXtp4u7Bwv2b1qV39Kyldrkhe6CmqRcl75v7iwFmS/OvepsBfJB3/VLKvsB6ob+/TWnvza1Xu6Mz15XyNHvusOpfeqO5V36axU1+KD1hpKZaXvD6vitU4nWmuP1XFahqm5NufTsWql3k7crRvrGf9ssgtz+0+rhA8/4rVeL9FFauZ9h0Vq16+9Vdmxao33faz15lX7lDnks0qlbuM9axhSS7b2atYTf4RwrG52Wzmc2BUrHqZcSjaf0FHp1GxmnyOHKcjOY5M/6zmshdQi3FyXTjxy5mvWB3rP6Ta6Gl3+7nz6fh9Y+w483ssuR6zIwUAwHxFsAoA80wUhRrY9z5FwdgMthnpzKEXNDkykClA8Va+VpWb365SqZypOpTSoM0MVUt+Om+qHbxO55b/VmFqvE7cX/v1dKox7VDTbMO13lT7zPY933ar5a363up47PbNdexK21btFx+LLykbrpZK6XkJw/z0BJIyoatZCWyGrpIUBEGznXQf5at/XNGClQoOflCKGtsG9ar69j+tNdffplKlkhuH8xNpYN/fauXtv63SwLOa6H86CaXM8CoX6ljhWBJ25EIjOwyxQyE7DHGEY5nuRtbq7pCoKFxN+ylj/1b7mdWt9h3jkG5XHDLbKVVRuOoKz1wpr/s8pP00Q7fcOCT7d4yDHRqZ45AZJqv9FucvN07m9WGPU7sh87Tab7xd7lqm7uXXqj5+VnU7PJP12jEOrtXz4WZBqGandnY/8xuk4yBXaGiPk3t7e3/5cND9jwyZz1F+t44dTvU5lXOc8v+Y4hi3zIbF4WqrELpeHdFo7zOqT47IHBf37ytj2M7rc+JJ6+wDAQBgfiFYBYB5ZuToP6k6uH9G2+w/8qLG+k/LTFX95bep8qpfaz4wKjsXqR2c2g8pspnBXiN4y1eqNtoOrG383DqN7+Yt9tm+FS03t3e1WcQVslxoG/Z7ruVh2BiLqcLmonamaj+KQoWha4zcFasuZnAaB6V22BqvFweudsjre55CSd76N8iLAtUP/n2yrDY+pr4Xn9GaG26V75em1aephLUhDez7Wy278W2qjRxVMNlvVGC5Q1XJWq58SJYLXc1Q1d7eWYnnChNdYZ6M9gvCRKvCzBWqOkMSZ1jpDlUzYZ8jVDXDmwuqWHWdh4JQNR6XZDfWOMkch4IwsVWomt1/vp+yx8kKPV0Vq/b1kWvfuj5y5yHTfuPtziWb1bFwnbsiUdnX5vXhyLQz18f0QlUpdx23rFi1PictQvfzCVVzYanVg3yYmBlexw6nDlXlGKfG8uzcwfl2pheqxv12jdPk8EmN9u1VFNZVdB7i10W/T5LlmW5QsQoAeOVijlUAmEcmB/Zq5OinG3/LzNDXwLHDGjl9MrMfb9EWVW759Uyomizzsk9/N+dUtasnzafDZx985A5hs9WuraYCiB+6lF+nKFS9lDT66J6uIF0+u3+wFo2hZ51HWzznamNdLzO9Q+Z9v9S4LowpIFzzV3rG8tIVPyj/ih/KrFMdHdaZAy8oCsIZu+arA3s1evyzWnzNTzeOP5LiuRwb4UYzDJY5J6GxXGlYbB5zZnkcunnZOTLN9uVaboxN47vS5XG60mw/szxdYLRvhEqOsTdWz7dfMA6K+y33OMQ79BzjYHYw1356oPn27fNg9TNKhz07Dsn+k2aNfsrYf/pPSq5xyrTv6Kd5/jLjFFnnN3KPQ2Z7u317uX0ejOV+qVsL196qjkXrjAOS/UPmtWePg7WdOS7mOOTbM99OR9SzxyG3unUc6YnJf04y+zd3mLkgZK5ofezS8cvsP7dZsl1+h9brpJ+yrrPs+o3lxnWcOwyrA8o2ZB1lbpykSKOn92r01POKosD4fdLq95UxbMqe/8LPib286DoAAGAeoWIVAOaJoDqoc3vfq0jFgVy7Rk6f0FDv0WwgumCDyrf+jvzm7f+SkrAz/jl+OJE5p6oZwCZPizfC1PiPuqJpANKfzz8Mne1Qdabab7Vtq31cjNDYDnVd0wVIylSqxq/Tc2xUqvqRgjCQLz/zh70d2IdhqCAI5G/5MUX1EenUo8myiaF+nT2yTyu23DBjxzl89FPqXPYqLdjw7zV6/FPFFaVGxVeyXEUVYMbyOHSbwYrVvi98Tnf83lG94Xe2633f051dHoeyyW7G9Ml3/KN++avmUW/UX/7jXXrTcqP9eK9nD+k/b/+KHsmM0m36xGdu0h3JOJzR/3nDI/ojXaG/+Ifv1JuWS09++EG9+e8k3Xmn/u0dm7Qqqcw8rb/+gc/rXVqvv/jQd+qNy8wKt8ZxP/XRj+hH3u86O+v1Zx+4Uz+0rOA8pMM0gxWr5/Q3P/JV/Ymu14c/eo1uU0H7l2jFaqVnjTqXbUmz+ezlZP6QeU3F6uVfsRqFNQ2deErBxFD+95XjPCTLM+eZilUAAIpcmqU6AIC2ndv7PoW14Rlrb3zgrM4dPZh9s9yj8m3vUKmjJxeKSso88d0OVe1KVtecrEWVkHH7MxEWFoWOU1WJXmj7M6WokvRiVuI2zmWpsCrY9z3jK507t1QqpdWnzZ9LpZLKpbL8kp+pXjXXNa+LMAylq35S3rJbMvsc6z+tgWOHZvAoI53b+151r/52dSy6Jq3wKqjUvGQqVuPlspabJYZnD+lnv9cOVSXpZf3yj35AP/uF8bR9Sae+8Kg25UJVSXpKP/yGf9B7XjAqJZtjl6u8e+wxffSFuEPZysxWFatuJ/Sr//Ex/dO5gvNglO7NdMWqXYF3OVSsdq24Tl3LrjIvv/QwksOxf/em14+rItEaxtw45Nsz305HlIpV83M68xWrYVDV0LEnFEwOuX9fGa+pWAUA4PwQrALAPDBy7HOqDuxr/J00A18TQwM689IL2Z2UulS+/Q9U6lxSOKeq/aAq3/OVvcU/e9t343XxFABTBXjtatzG7m6n1bKZaH+mgtvW+78YoWp742RPDWCHpvFX/Md5qVRSpVJJAvrkD/TmtdbYviz/pv8mb8l1mX0Nnzqm4d7jM/Y5CCbOamD/B7T4mp+SV+qWXJVydgVYq4rVTIXZ1BWrci2XjPaS1dMKs3i5rOVJ6dm4dv3ZFxsh6bd/lx7/3E/q5c//pI5+7j/q8d/aKEl65A93a9fZ5vYvPKtveefLkqTf+Iuf0JFHGl+HP/MG/UZzX3/04SPqy6Sg7sq7d739ee1xVGYWzbEaH8+vv/utOvjwW3Twn96igw//oP78dZJ0Qv/0zMRFrFhNR9Z0SVSsFrTvV3rUvfJmVbpXJNvlCgmTw8kel4zrJ1eRmBk/9zjk2zPfTkc0sscht7p1nOmJyX9OMvs3d5i5IGSuaH3s5KpYdWx2WVSshvWqho49rqA2Wvz7ynid/31lDJuy579lxaq5vOg6AABgHiFYBYDLXHXokIYOfVQzlSYFtUmdPbyv0bjnNb5KFVVu/U2VF65rOaeqGarGYWn8Zd/+3wjUGslJXN2Yttf6YVeXksZDnoKWoWm8bLZC14sx52oraRWt+5zZlatm0B4rlRpzrsbBqlm56jWvQ9/3VYq/Sp3yb/p1acG69Dr1PA2cOKSJoXOaqc/DxNk9Gjv1dS3c9CON94xKucuyYvVcrz75VUl6jXb93hatSQrhPK2+6y499J8k6WU9/M0JSdKep/dIkl7/m2/RL94go/BvlX7xz26TdJs+8T83aXWmMi1feff6OzdI+qb+z5cm1H7Fqlmp2a3XfVfjMeOf7Rttjs+4PvWHH9c1b/q4rrn7E7rmTZ/QNe88ptPNcen70td17T0P6Re+PKGnPrZL196zS9f+8C5du+OYzpiVeFG//ubND+u6Nz+s637kYV33wHGduRwrVj1PnUuuVM/qW1TuXJy5PqhYTS546/isz0lm/7nNku3yO7Rez1HFalif0NCxbyisT7T+fWW8pmIVAIDzQ7AKAJe5oUMfk6JgRtqKokj9h/cpqtfkqfEnkef5qtz831Ract0Fhap2hWLRXKpx+DgTFaSzbTq3308VqsbLzvdY4/Znqqr3QsQBqytk9X1PpVI2XG1sk36vlJuBaslXqdxoIwzDpFK1XC7LL5Xk+b4835dfWSDvpt+Q37k8vV4l9R/Zr6BWnbHjGj76KVUW36jKwi1GBdrlWbHa99ShRrXqz67RHUqzmri9O269XZL0yBd61adxvfyCJG3UD726K01v4v3ddLMOZ+ZYjeUr72576436H5I++8DjevhcexWrmdfRuL7+pcbD9L5/dY8ac7F+Wv/169ZJ+/o39DtfnkgqGSXpc3/yL3rrB411/u0JvePL483x69f/ffNX9G6zjX97Ut/+wDGdMY7DrsC71CpW/Y6F6ll9qzoWbZA8P7t/o5+yv1vHJeP6cVUkJodRMA759sy30wuJilXzczozFatBfVxDxx5XWJ+c+veV8ZqKVQAAzg8PrwKAy9hY39c1ObB3xtob6n1Zk6PDmSqc8g0/p9KKO6YVqtoPs3KHqu4Klpm+jX06geZMKOr3xXqQVKMPl1b7rSpoG+c/nUrC9ZCrIAgUKvvQq/grWT8IGvvoWKb69b+u0vO/LwXjzWV19R/ZrxVX3ZQLeM9HVBvR0OFPaNGWH1X/M38sRWFa4WVUXEZG+GFWgCXfZSy3tnNtL2M7LxO6mZV+cebiZTKMtNIvH9rEazTaSbePokhau1Cvl5rzqY7o+Ney+5MnPfngh/TDf2uO0K36xGdepdvTEUv3n/R3ld72p6/Wu97+Tf3KZ0/rh34srWjLHl9agRh394//+0f0x7mzsl5vvKVLnifd9pY36+Bb0hCz70uP6c53n9Tn+sbkeV1GiHWTPvLQdbpNkZ762C699YPS5/rGFalLZ75yQH8iST/xHdr/5mWSpKc+9rB+9O/36OP7N+jnk1knrIpGLxvq5c6jfZ5lXQeu68QaB+dy6/oolbvUsXijKt0rMyFw/jozQkEluzF/yCzIVKzG2xurp+fXDjddMWn8tn2ezfGxe2GNg2P8suNoZ51mZWZkXvDJ5yfztvU5yX2OrO/5HVpHkPuc2hmp2b5xvuzRy+840/F4/SiY1PDxPYqCanZ50e+rVtdZfIKNcclf5+7rI9s+AADzG8EqAFymwvq4hl766Iy1Nzk8qOFTxzLv+eu+V6U13z3tUNV8UNWFhKoXKxS9UFP1bzZD1an2P5dj2KjALQ5YzXA1CILk+jCrU70gvYbMcDUIAtXrdYXNdn3fl79og3T9zyt8/s8VxxGTI0MaPnVMi9dunJFjGjv5ZfWs/U51r7pT46e/WlwBZlR85SrAzEo5o1LTs7c3Q5YoDV1yFWYyK+GiTIaReZp583WWXYnXXN47YjykaqE2fJukrykTouTl4zC78i6KIunGLfqLrd/Ur7z/83rPq7+32d3pVKzaXqWPPHx9s+I2PQ+nm4Fq5ijj8EyS/sNK3dbs0W033yjpBcXh77G+3sY6H/qKrvtQdm9P900oSoJVq6LRCvPmomK1c/EGdSzaaPXOsX9HwWO6wdTXh5WJZpvJhZoFlYpW6JoJ85y9sD4nZqWm83Pi2qHZYetzmAlV85+TzOcoc55lnIf8uKUvI7O7yXb2ONmhbv4wrA4o21AkKQprGjq+R2F9PLsjK7SNx33KitXMeW6jYtX8fVJ0HQAAMI8QrALAZWro8EMKJs/NSFtBrar+owdkJhle10qVr/3p8w5Vs7f9txeqxn/kXYi5DmXnMvQ0A82oOU1EvR5ocnJSI8GoJryqJoIJnZ04p9H6WLLdWH1c482qT0nqLnVrQbk7ed1TXqAVXcvUVepqvPYXaHFlYTInqq1xfMXhahR5mdA0rlaVGnOuRooUhem2QRAkla2S5Hue4lf+8tdIV/x7hcf+OVk+fOq4OnoWq2vRkukOXQuRBg78vVa++u2a7N+jMBhzV4Bd4hWrq2/botfrqB553yk9ee8q3WFVoD0Zz6l611qtVpc23ijpa405V9+0rTEdwB3bf0JHtkuKTus9b/iM/igJr9KxylesepK69UP/5U49vPsx/fHbP5/0dKqK1V9/91v0CzfkQ8V4vSc/8jG99QPSf//jN+vgJ9OK1Xi/8bB93+oFRsWjjP23rqvLLs+uOZcVq365W13LrpVf6bZCdKXb564zY/jS1cwfMguoWLU+R9b3S6ViNQqqGjr+hMLaeOZ8UbEKAMDsI1gFgMtQbeykRo99XjNRDRJFkfqPvqgwqCV/A3mlTlVu+12VSo3/TMSVhHEFYRycxj97yj/53ZxHs1FpGDWXebn9R445Yoveb0cc2l7Iw53MYzjf/Te2z/chioILat/ch9l+EISamJjQ6cmzGoyGNVob0+mJszo3OaDesT5NBJOSpH4rWI2N1xsPLuoud2Xe7/A7tLxrmRZVeiRJXaVOretZq9euulVXL940rf6GYZQPCJviayypePZLivzmNADN7cIwTK6xKIpUam6nKJKu/FFp6EVp+EDS5rmXD2j1Na9SqdIxrf61Uhs6pPHTT6pn4xs1dOjD7gowo+LrkqxYXbZWb/p26ZGvPqG7vzfSQ5+7Ra9ptt/3hS/onv9PSuZUlXT7rbdL2qNH3vlR/Wf9iN67rTvZ/54Pf0Z/1DiLyv4uKqhYlaRlV+oP7zuqzz5wPOlpe3OsRkn7nqSo/6j+5gOSdLNed31jP8f60qrVTMWqOQ5GxaAnaf3qtZJ606kA7Eo8jcvaMNN+ppLP1U/jdXNFnW/Fqlcqq2PhenUsXJ+5DrK9c+zfUfBojkNWfJ0puf6sTDTbTC7ULPh9ZoWuVKwa/XB8brLtOE5gFCkKAw2deFJhbdw4zwXjZP++cpyHZHnmPFOxCgBAEYJVALgMDez/oGbqD5bhvuOqjY7IfBpy+cZfUal7uaR8qBo/tb1cLsvzPfleqyrV7EOKiqpWXaYTOE5V1WqGs672plMVm1aVhoXL4wpUs/3phrpTBap2H139r1YnNTA5rL3DL+rA4CH1jvXpzES/RmtjGqwOaag6rMlgUmEUym8eT/yz7/kKo1BhlD++IAoURKFKnq+KX2lsNxAqaI5pySvpO9a9Tq9ddWthf80xalSlejITwDCMkipUc9v4eovD1MBLz2N8raVthM1q1kjBVW9T+bn/KdVHG+NVr+vcyy9pxZbrp3W+pzJ08CNa/a2/r8rpr6k28nK+AuwSqFj9zO/v1Mbft3t+pf7yo9+ju5d36+5f/W598qtf1CN6Uvd835O5Y3z9b23V3Sua7d/4Kn3jN8/oW975sh5558e06Z2OQfmZ1c0HWMWKKlYbx7fqu27Q/3jguN7VWFJYQZcJPx2VoFIkb3mPbpX0WT2nt77puVzXzIrVxt7cFaurv/Ma/dqf9upPclMBrNWfvu+1euOydP18+xenYlVeSZ0LN6jcs0ae71vXhxkOKt0+d50ZoWC6mvlDZgEVq+k4RPnNld+hdQSzXLEaedLIqWcUVsem/H1CxSoAALODYBUALjNjp2bugVWTI0Ma6TuRec9f970qr7xDUhqqSnEwmk4BEIsrilzhavpee39cmaFk0XLp/ELJdqpYG38cuteL2w7DwPl+Y39pYGi3MdUxtFoehpEGq0M6NHxUz/S/oP2DL6l/4pzOTJzVwORgLiSNA1TfmHrA/tl3TEtQdvzfBN/zVVZZYRRq3YI1+rbV36JNC64wjjl/nNN5mJVZiWq20wjH02swnnO1MQ5hI5Q11vE7lym46udU2v9niqOJ6uiQhvuOa9GaDc4+tCOoD2vo0Ce0aPOP6dyzf5KvADP6PZcVq4UiSSu26H2fX6NPvuMf9ctfNRdu1F/+411603KjfUlr7tqmI9v69J7XxxWqsdv0ic/c1AxVs+FSYcVqFEnGg6xkjEPawTYqVqPl+oU/fpXe/evPNte9WR/55Ep9/U1f1Ls/cEZ73rxMVxjjUlSxGkXL9fOf+A7ph7/SeIiVJDNUNUPjzHBaYd5sVKz6XkmVRetU6VnX+Ices317/5l+UrGaO1D7c5gJVY3rI7P/3GbGOLjHLX0Zmd1NtrPHyQ5184dhdaB5XONnXlRtrD8zTmnFqGOc7N9XjvOQLM+cZypWAQAo4kVT/VUJALhkhPVxnfq3356RuVWDWk1nDj6rMKinb3auVPm1fyLfbwSnZqVq0byqyW3bxoOqsiFrPu1pFRpOFXxOFbqaiqpT29m+VQWmaz/TcT5TFMRh6nMD+/T46af0XP8+nRw9pVpYSypOiwLS2fJta79FP3HdW3X14k3OcZKyY1h0rEEQJiG++Yd9HJwGQaB6UFdQD5J14vWDIFC9VlM9CJL5WX3fl45+WNGJf8nsZ/mm69S5cCbmW/W0+jW/pfG+L2vyzONWeOUOV3OhkKzQyBGGuMM5Qy60yYYh2dDGChWNlMQMz3LtZ1a32i8Ibez0zQ5tcuFWQbjqCs9c6V6u0s8OhYzQLTcOyf4d42CHRuY4ZIbJar/F+cuNkxWuZsbJkzp61quycK08v5Ibl3z7dr2kY/+u8HGKcNU1Dq7Vpx+uusPOonA1OY6CcLUoZLa3t/en3Hl2h6uZz5EjJD2fcNU1Ti0rVh39nhw+odG+vdP+feL8nLQMuWfic+Jp+I736o1vfKN9NAAAXBKGhoYkSXv27Gl729tvv10SFasAcFkZOvSJGQlVoyjSwLGXFAaBkrKwUqf8W97RDPwafzDF4ajneblQNTaToWrav6lD1ekst8NU1zi06pvr9UzM2TrVMZj7HJ+Y0EtDR/Ro39f0jdNP6cz42cxt/a5q1NkWRqFWdq3Qa1bcmlSrthqz+PVUx25Woprbel5zyomylwSrgRGkxkqlkvzmNsGVPyp/eL/C4UPJ8oHjh7TyqptmYL7VSOf2f0irXv2rmux/Wgqr2RBD2ZAiGY+LUbHqCkFkhSRWhZkrVHWGJM6w0h2qZsO8fKhqhjdFFaueNQ7TCStbharxuCS7scYpU2lXECa2ClWz+8/3U/Y4tahYrSxYqY5FG+WV4mt1emFiq1DVuDxzWWM+xrPDRCpWL6WK1frEgEb79jl/n6TXsTtUjce91T9+tPp9km6fDq99fWQ/zwAAzG8EqwBwmaiNntTIsc9pJv5QmRw+p+rYcOa98vU/J797eS448H0/eep7JlBVfk7VOFRtNZflVIFk0XL71vupKknzt9+HMh8k5Woj3r4oHLS3NdtvZ07VoodyxW0EQaDx8XE9cfab+uSxf9Fz/fs0GUzOWZBq8z1fNyy7RjeuuE7lcinpuykfqMbjla8UjsP5eH3f95NwNV5eLpcbFaxR8/Z/Ywj9UkllY/+NaQV81a/+JfnPvkNqPqArrNc1cqZXS9ZtvOAxqA0f0vjZp7Xwih/Q8NGH0uNrhh9zMceqGYbk5oaMQ5V4edH2dvtqZid2+/ZxKn98ms7xyT6+dDvXOBa2b7dj9DNbUXqec0fa42CMU+Q8DwXn2R6nzPUhdSxcq0rPWnmlrniP2e/pjqzrwwwHlY5j7jozQkEZzedizfT6yY2jsXrSjN2+MyaN325xnnO9cJ9n5+fEGa5ONX7W22b4ndm/FcIm42jv0DqC3OfMzkjN9ltUrBobhvVJjfY+Kyls6/eJ83NS8DlNf1/F53manxPP/pwU/38BAADmC4JVALhMDB78iKM6pn1RGGqo91gmCPOX3ix/xbcqrgaUlNz6b4aqSXBqhKpxtaoZqjYqVqf/B1U7840Wreuay9N1+3/r0NM9X2qr/cbrTdV+q1vlzTZqtZqeOfu8Pnbkn/Rvp/aoFtZU8Ssq+5fGf7LjatXXrrxNm3saAeVUYxMvK1rPvFYaU6bagbWX/hw2/nKPw1ezqjoRRQoleR1LFW75GZUO/FWyaPzcafUsW6lyZ/cFjELD4MGPa+3WP9RY31cVjPfJLEWjYpWKVbufssfJCLHK3avVsXiDPK+SGQdjz5nrI2k/d3zKrE/Fqt1h63OYCVWN6yOz/9xmxji4xy19GblOW26c7FA3fxjN6yUMNHLymwqCyUxDVKwCADB35q7cBQAwbbWxXk2caX/eF5eRs70K67X0jVK3dMOvpqFqFMn3vCQsjdkBV1Go2q44UJzucjP8NfuVDSjt9/zc+kVfJnNf9n6n23+7LfsrbkOS+sfP6SOHHtY7n/pzffnEboVRqIpfadXseQujUPWwrpJXUk9lQVv7uX3lq/Sa1beqVEofNGVWppqmM4Ym30/bKLrG4nbMeX/L5XKmojqx9Fb5y27OvDXUe2zax9pKWB3QWO9uLdz4xmafm+mLzAqu9HVmuVk5Zi+P0te55U1pu0qXx1mJ4ko7Y3m6wGjfLITLnrdkuQraN/oZhzpJg8ZrexzMCjp7HMwO5tpPDzTfvvXa7meUDnt2HJL9J80a/ZSx/7TuzjVOmfYd/TTPX2acokgdC9dowerb1LV0szyvorR5M9bOdCjbvmf031g7GUdz/0Y/ZX9X9riUjKc1DtZ25riY45Bvz3w7Pa5MxamzF9ZxWuOQ+Zxk9p8dB1njnn5OlR1WqweZz1HmPEvZASk4bmPcs9dZdv3GcuM6zh1GowNjhAYA8AAAIABJREFUZ/apPjmUHQdZnyNjXMxxyn1OrPOQ/31lDJus66zoc2IvL7oOAACYRy6N8hcAQEtDhx/OVdKcj/rkhEb7+zJ/DHrLbpXnVxTFt157nrxmoBWHVb7feBK15zeqVeNgNQ6y/n/23iw6juNO9/wiMmtDoQr7TpDgToparc1aWqJsWbp2y4vcbvWdabt77ul7eu615mHe5mXOPM3bPLs959yHOeO2u+/Qbqvdlt1etdiy1LLk1kqCm0iAJABiB6oKtWVmxDxkZVZkVmatALj4/9PBIVGRsWRUFkl9+OL714quzf/PlC2S1T8a32whqyAXayuZrO2yHZmrFzcv479feAlvLLwNQxiIabG211MPp9BVb6wHB9JTmEiOYrW0jjNK3EC9vmNdI7hv8C4Mxwc96+90DwG7QJdTlCpIRFUdqpqmea5zogPsuAB7Hc7zae79K/DN/x2QdqG2ciGHQmYN8XRfR+sFgOzVn2P04f8TPNIDq7ypOOHIscpQuw+u805xIP7ROVYZRyTej0hqAkyL+eZ3R/a838qCvOPX3J+3PzlW/Qv2fQ6Vbz2fE8/8Nd2UfQjet+q3Muhtq9knu72+Y7WUuYZSZsFdlzoQOVYJgiAI4sZBwipBEMRNjpG/jvz1t7bl/0+yi3Pe/xGMjwKH/haWZXnEUjVPVUpb7NK4BgZvoSqHeo7FTqgnuu5Ge7Nr7LT/xc1L+O757+ONhbcBYNvzUx0x1ZIWemM9eHD4Pjw8cj+6tATeW/kIFzcuI1PONjXvnf3HcNfAHa54vh176BDkaHWeJyGER3Tlmi20cnCPGBD0fvD4INj4M5BzP3Vfyy7NI9qVBq9ku7aLmV9EfukP6Br/LLIz/+SqL6oDzP3VdZA1l4kIpZ9HnHT2RRGTqv0BSNXp5xNtFIdZYH//+IDrePSM779P1N4fmrk/+O+v2i9oH0PH94+jOulknX1w+4Xso0/0C9onGfg+1N4fj3Qj2jUCrWsAlQe2KjK7/Z0/oj2yNpQFeS6sPh+qOFjtTxmrjfbP97L6QwLP/D4R1t1H/4S+O6j5nAW/z/4fUvj3wTK2sLV8vu7njTJWCYIgCOLGQMIqQRDETU529l+BbRCuitlNb8EqxsGOvOiKBKoTUC1GpeIXTmudqhycMwhhj9mKc/VmoNN1t9P/en4ZL8/+Am8v/rvddxtFVSEFDGHHPgzE+/GpobvxzOhJHOqawsX8DE5d/hHeWXoPnPGGUQCGMGrcqoFzbsN77zx7jlDqF0s552DSdk9bsMCENz4AqAqyzg8GrJE/BV95Gyit2us0DeRWFpAemWh7nQ7ZK/+K4U/9b8hd/SmkVXDnJcdq7T54xETfPqgLvJ0cq5F4HyLd4+CRbnVh3n1Q3n7PAuDdF/jHr7k/b39yrPoX7PscekRV5fnwzF/TTdmH4H2rfiuD3raaffKLuv5Rc9c/9v55Au9A5FglCIIgiBsHCasEQRA3MVZpHfnrv+t4HCkEcsvzXqE0dQRIjMNxszhfjriqCqaarkHXdI/oqgqvqqgKbK+guhsibaM5dqq9WCzhN1fexG/m34IhjG0TVR1B1ZICe7sn8OT4o3hg6F7sT+1F0Srh+7M/xk+v/AobpU1EeKThvEIKaEzDIyMP4sHh+wLvs9M9AqrPkRMnoRayctpUodX5XjDhucZ53bKs6v/g8wjEnr+Adunb7nzFzVV09Q5Aj8Xr3n8jjOwMimvTSIw8ivz8K0CYA0x1kPkdZq4DDahxgCnfq3sV6KRUHGZQ+/vHr3Hi1XOs+p2gQU7DG+1YdTQ7j0pWu48B+7AjjlXOEUkMI9o9DmiRWhE4yGmpLL/GaVldkEfla8axGvw+ODfgbpzbU21gQfuoXO4OU+MYDZJJa+djlQFvNseq+qt3/5Tu6vNWe4POxng/hyHvs//5UUcprF2CMPKe58/JPK19jgI+L+rnyf95C93HNj/PzDt+cvgElB/nEgRBEMRtCQmrBEEQNzHZq7+AFEbjCxuwtbbkK1gVBw7/z5BSekRS55g/ALdN0zRwxgMFVQdHCNsJdsP12miOnWi3LIG3V/8dP1t4FeuljW0rUmUIA4YwMRDvwxf2Po1nRk9ipGsIAPDu8gf4wZUf48zaOQBoOsfVkhaO9R3Bp0fvR28sHXhNp3vkCK9OQSw/jmhqX2tHAji5qs5z6rQBgGXVurxl7z2QPXeBbX7kvpZdmkff5IG6a2uG7OzLGH7g/0B8/Isdj0UQBHG7cP3nP7/RSyAIgiCIHYWEVYIgiJsUYWwhe+1VjzuqHcxyCfn1FVS9RYDsuQvQUu73jqjqF0ydttCK63BEre3NBL1Z2Ekn6/Tmefz06q9wNTcHjXWW8wlUXaq9sR48Of4onh19CgfS+xCPx3A9v4xfz/0GP7/yKua2FmyhvEl3rJACcS2Oh/ruxYnU0dbX1cYeOa+pqI5V+5pqISshhScCwBFXVZx2a/J/gJ45C6eQlVHYQiGzjniqt+V7UyltfoLS+jQiPUcD5ycIgiAIgiAI4vaDhFWCIIiblOy1VyDNfMfj5NcW4TmzGR8GP/BXEKg6/dQj/uoxa13Xoeu6JyagNjaA1whhu5WtutMxATvlZC0WSzizdA7nNi7CklZHblVHUI1pMTwz+RS+sufzrqBaLht4c+5dvHTlJzi9dg6GMKDz1v7qt6SFh4fux5/sfQSJeOtH5tvZIyenVy1WFQZjDBrXIJioOabtjsdY5UgsoCVHIMc+A7nwC7c9v7aEWHdP3XmaITPzMobuO07CKkEQBEEQBEH8kUDCKkEQxE2IsErIXv05Oi38YJZLKOeylXw0G5m+G4LFK4KUt1gVUHWv6pHGmarVgkG7I6T62akiUzvdPle+jg8z027Gabs4hanuGbwTX9z3LO4fvBs90TQ4Z9goZfDrud/iR5f/tWWXqjp+OprCvb0nMBkf97Tt9B45WapqgTQ1b9XBjQgQgMUsz/XOM60WZBFCwBx+DvrSm2DWlr0Ww0A5t4lYqqfedjSkuPYRypnL0JJ7O3aaEwRBEARBEARx80PCKkEQxE1I7tqrEKXNjscpbqx6vpdde2Ht+Ro0xqBrGrjmPYLuiqq67uaqBuWpVh2rbFeKS203NyJT1aFQLOLd+ffw8dp0W2InUHWpHkhP4asHnsMjQ/ejJ5qGrtvv5yeZWfzLzM/wxsLbyJSzLbtUVR4evh+P7/k0olGvALzTe6hpXuFeCOkRVtUv57WgQlaqi9U0TVus1aKQ458Hu/oDd77CxiqiyXTHrtXs7E8xcNeLME2zo3EIgiAIgiAIgrj5IWGVIAjiJkMKE5mZlzsexzINFHMZ9wg0AKD7IHRdd4//1xNNnXa1aJB6nSOM3UqC6k7TjMg8X17ER5mzyJSzLbtVHUF1ODGEL+x7Gk+PPYHRriHouv3XuWmaeHf5A/zjpZfcAlXtCLeA7VadSu3FI8MPYDDa39YY7aDuobqPnDNIyTziqqZpblyAihNjoRayckRV5/py7+OILfzMda2a5RKMwhaiXd0drT+/9A568tfBYkPkWiUIgiAIgiCI2xwSVgmCIG4yimunIcobnY+zuQYowo6Mj0NO/oWdN4nqUWsArrOPcw5N1zxHqNXK647Qar8uW3asdupu3Y3+nczRqI9pWriamcP81vWWxhVSQEiBmBbDUxOPe3JUHcplA7+e+w3+8dJLWMgvti2oOvPFtTgeHrkf9w7d6Tphm+7fZgxAWCEr51l1nkW3aFXle6ddjQ5Qn9XKRR6hU4/EwMaeAa695L6W31hBtCvZ0r3WIC3k5l9Hz8EXYFlWZ2MRBEEQBEEQBHFTQ8IqQRDETcbWwlvo1OgmLAvF3Aag6lapA+C+PFUg+Fi1vy3sOr8QFva9Q5DQVu+aG9k/qDJ9s/OEkbO2cC7zCea2Fpq6HrBFTgC4c+A4vrjvWTwwdA96Y2nPNU6e6g8vvYyF/GJHua2AXbDqrr478MjIA0hHUvY6OtjnZtuDxuScwbJkwyJWAAId1v5CUmqbOfAk9Ov/ClhF+/tSAeVCAZF4ou48jchffwe9h17oaAyCIAiCIAiCIG5+SFglCIK4iRBmAfmldzoep5TdAIR0i1bJ2BDk3q9D47UuRudIteNW1bg3IsBfqKr6GvMIZqoQ1qzrs9512+EubSTg1evf7NqbvR4AVkvruJqbgyGMhuKn41IdTgzh2b1P4dk9T2EkMVQjPi4WlvHj2Z/jp1d+1Va8gB9DGBjrGsFnhh/D4eT+hpEP7bhTmxWz/dmqKkERFc7rQgrFWV2JCnCur4wlpATX45CDfwK++Cu3f3FzDZH4ROC9NItZWERp/SwiPUdrhF2CIAiCIAiCIG4fSFglCIK4icgv/h6y4p5rFykEitl1z2us+5CbmaqKUU4WpVOwKsixqkYA+F2t/gxMIbwRAapQFuZGVPuo1BujVadsvf5B89fr3+gYexhCWFjeWsFaqXHMg5ACER7B/cN348/2PYc7+4+5OaoOpmnhUmYW/3jph3hj4W0A6FhUdSIAnhh/FI9PfhqJWLyhgNzqe+LPTg261nnNeV8412BZwnWt+o/9Az6hVQAW8x7DV+MtpJRARXQ1+z+LxPLrgDAAAEYhB8soQYtEW9o7P7m532Cg7zgJqwRBEARBEARxG0PCKkEQxE3E1sJbQIcxAKVcBlKIatGqSA/Y1H8EKoKUZVkeEcoVpxhqRKqgo9VBblWVMPExzI3ov069tpETNey6ZivSt9O/2ZgD/9iGISr5quExAM6x/4nkGD43+SQ+O2EXp/JjmhY+Xj+L71w4hfdXPupYUHUIigBoxjHs4Bfa1WuaiQcIeqYccVXTuOtedZ5T5/fO86lmrlbH5a6YyjmHZVme7FOmJ2H1PQRt7U33tcLmGroHRkPvuxnyi+9g4MR/pgJWBEEQBEEQBHEbQ8IqQRDETYJV2kRx7TQ6UVallChmfY7I7sOQPOHGrTpClONWdTNXJTyilT8CoNov/Gh4K47VIJdqmJO0kQPV3z+MZiIAms1LDbofFX8maAFFLJSWkC3noLHaYlCqS/Urk1/AnX3HEIvVuiaLxRLeXf4A37/yLzizdi5wrHZwIgCeHv0THO0+2PB4vvP7MFrJ2w1zDTebq6oWsvK3hQmvlmW5Ymt58Bkk1v8NqAjb5a0sRM8AuN7+P5OkVUBh+T1EB+4j1ypBEARBEARB3KaQsEoQBHGTkFv4HaTsrIq4USpCmCbcqlVaFzD1lwCCRVN/dqq/zR8D4NDKUfuwPkECXVj/ZvM7W810bSVzNWws9X7U1zXNm/9ZtErYMvOQkOBMKa4kBQxhYCI5hi/sezrUpQoApVIZr8z/Ft+79E+Y21pAhEc8Y7WLGgHw6MRDrqDbqKhUM47jThyr/j20r0GNa9UPYwwM1efY71K1x1Jc2IlBsL67Idc+cF8r5jJI9PbXjN0K2bnfYHj4ARJWCYIgCIIgCOI2hYRVgiCIm4Tc3G86jgEob2Xg0UlTtlsVleI9nkJVlV9dgYkBnHG3zclkdXAiAID2ChXVcyi2WlVevS7ILaq2BY1bT1BtlOsatMZ67lynPVfewpaZ975eKVB118Ad+PLU5/HA0D3ojaUD79U0Tby19C5+MPsyFvKLiGmxwOtaxVnDg8P34uk9T6A3lm64H606jtU2dRy1n9+dXC8GwhFXHZwfBvgjAMAAKWTNDwac753rOecoD3wO0fWqsGrks4in+xo6ZutRWH4forwJxpMUCUAQBEEQBEEQtyEkrBIEQdwElHNzMLKzHY0hhYBRyMN1qwIQsSEIYVdI5yHCkhDCk7fquFSd173V1ZkrsLaSsWofvZZu3yCxrZqXGe5k9ePvb78msLm5iYWFBWQzGYyOjWHPnj3QNA1CBBdPClqjf45GGaqOKzGoUr0QFnLlHPJmofpa5ej/42MP48+mnsPB9L6aAlUOxWIJv577Df7h8g+xkF/ctkxVwM5VPdZ3BH+69xlMJSdhWSJQRHeO5jt7WHuPUnkPms9Ydd4PISRMs3o8X32O/f3sZ9H73quvucf/BSC4ABPV51DNZVX7yMReSD0NZmbteSwLVrkIPRZvcUcVpImtxXeQnPhMjWOWIAiCIAiCIIhbHxJWCYIgbgK2Ft5sfFEDjGLedqZWkLERiPHnAXiP9wNegcltZ95oANXRF+Taa6bAk7uWkHEcQU0VVdX+zWSmqoKeLRgDKysrOHv2LDKZDCwhMDQ0hK6urrpjOf0buVr996iu3y/KOhimieWtVWyUNu3vhYF0NIUv7H0aX9z3LEYSQ6H7aZomXrv+5o6Iqk6u6pcmn8W9fScAIPAe1D1uRJg43sixqrpH/REAan+7X7Uglfe9Z/C7UaXln5d7fthgVmIChBCw+j8NfemX7rXlwlZnwirsgnSpyadJWCUIgiAIgiCI2xASVgmCIG4wUgpszf3WI4q2Q7mQ85j8ZNcEAFtw0pS8VEdgVYUsxhh0XXfjAfyoglWzoqd9b17RK0ywC3PBNpOZ6hdlpawW5QKAfD6PfD6PZDJZVzD0r68Zx2XtcfRgJydnHJtGBpvlDIQUOJCewlcPPIfHRx8KPfoPAIViEW8svI1TMz/adlFVzVV9ePRTlT2r70RtJLrWE8frxTv4n5OwNThtQXEATn/bmSzc7/3iq9+FXR2To9TzGPTlqrBqFHKQHcYBlNbOwMxfB4sOUhwAQRAEQRAEQdxmdF7xgiAIguiI4to0zMJSR2MIy4JVLII5/zEd5tjXAFRconWEIcZZYJ6q86u34JU3OzPsC7CPxjsCl6bxGoeiZYlAp6o/KqDeV9DYmsaRSqWQTCYBALlcDplMpm4BoTDB0FljI8JEVeeeHNHakhbu6D+Gvzn8l/jc6BN1RdVSqYxfXHsN/+3CdzGTvbLtTlXOOL68//P4i4NfRl+8J3D9liVgWVbN+xREvXZbxAwWzVXRM+g5cZ41f1vYGuyxa4uycc7d98EV3qWEqNwfAOjxPrCuve7nCELCLBZq5mmVretvB/7AgiAIgiAIgiCIWxv6Vz5BEMQNprD8ASTQ0Ve5sGW7VStfIj4K6N2hblX19/4IAACBLj+/+FlP8HSEOLsIVmd/1dQTcIPWAQBdXV3o6elBJBLB1tYWstmsR1gNE3bV9nouTZV6TlVnPWWjjM1CBncNHMffHv06Hh69D7FYNHRMyxJ4f/00fr7wGlaKqzviVP3qgefwwoEvIR1JBV/XhFO10R7Wa1dp1N4I1YnqoMZdOMXYnC/1+faPI/of9HyWysWtjj+fheUPSFglCIIgCIIgiNsQigIgCIK4wRSW3+84BsAseotWyfgeAOFuVVcs1by5qwDcolVBrj+7vX7Vdqe9nuDYSLSsN4f/+H+QoBePx5FKpaDrOgqFArLZLIrFIqLRiFv8yB6/1gXZqD1oDfXaHU70H8N90btxZ9+xumKzEBKnN87h/7v0zzi7fn7bnaoRHsGX938eLxz4Enqi6TqicFUU9T8Hrexh2DH6dvZQJUwctft6C1kxzsCkN3tVCAEhJRjn0JQ5yqmHEGc/BqQJADBLRUjLAutAGC1tXIAUhmf+nWRlZQXZbBamaaJYLO74fARB7A6apu14XrNTRFHXdezbtw/RaPgPAQmCIAiCIGGVIAjihmIZOZSzsx2NIUwTllF2v5c8DnP0KzXH+51MSQCuc48zXlP0R3XWqYWAHMNnPbGrWbHMGTssh9N/HHx9fR2ZTAY9PT1Ip9Oh81uWcHMz0+kUuruTKBQKyOVyyGazSCaTnmzZMEEw7B7bzRtNxOP41Mjd7uuWJUL7X8rM4qXLP8HptbPbJqoKab95h3sO4otTz+KxkQdDnarOHgLBhaSaFVXDCnq1sof1cJ7VIHe1N15AA5d2wSpL2IKE+4w6P3hgDMJxuOoJIHUQyJxD5WIYxQKiXcmGawpDCgOljQvQ00d2XFidmZkB5xzJZLLmzwCCIG5t5ubmMD4+vuPzmKaJQqGAc+fOoa+vDxMTEzs+J0EQBEHcqpCwShAEcQMprp7peIxyccvjSpWJcUDv8oikQgi3MJUrtrBgN6F6rNovzFbbW3dxesf3518y9+i42m6aFq5du4oPP/wQGxubuOOOO3DixAnEYrEGhbA4upPd6OpKAlhBPp9HLpeDZVnVCIQ6Lkt7r1qLB2h0/2ohpbBrMkYWP7v6Ct5YeNveF9aeS1JIASEFOOOIaTGMJUdwcvxRnBx9DMPxQSUOIvweOxFVgc72MKxdvUYV/R38ImsQnvE1DbxS7EpaFqzKV6HrPiSy590+RnGrI2EVsJ3pPb3H6mb9dsrFixeRSqUQi8V2bA6CIG5/dF1HKpVCKpXC6uoqlpeXMTQ0dKOXRRAEQRA3JSSsEgRB3ECKa6dhpzC2h5QSZiEPj4QUH3PFU1UEc3AFU1kVmVSxSRWngqquA4BlBYtZ1TG8opYqKNqOzaojVD22rfZnjMEwDaxvbCCX24JhGJi7dg2DAwPYMzkJJyY8uL9EoqsLvb29mJ+fRyaTwdraGiYnJxGNRiGEgGHYRYscodW/B63co1/Qc9avtvkFP//4lmXh11d/i1fn37DfsxZFVceV6oipg4kBnOg/ikdGHsAdPUdch6q6FtWF7L9HteBUULv9bPG67WF71Mwe1ltfkGiqOrL976XjVrXM6nteXaMElPGllLBS94AtvwQI2wkujDKEZYJrWr23oC6F5ffRd/R/bLt/I65cuYLu7m7E4/Edm4MgiD8+BgYGsLq6ilKphD179tzo5RAEQRDETQcJqwRBEDeQwsqZjuJVhWVBCm/eGo/0QKCSlapkrLrHoitColvoquJmVeMAgghqUwVT9Tr/NWGvB4lt6jzRSBR7J/dibXUNMzMzWFldxeWZGfT19yGVSgcKv85XLBZDT08PEokEDMPA1tYWNjY2EI1Gsbm5icXFRZSKRUxNTWFiz57Q+290j/WyPptpd655b+1jvHb9d8iUs3VFVceN6uAIqeloCoPxfhzo2Yc7+4/jWOoQhuOD0HxioHo833F/+kVLdR/abQ/ag53aQ3+7XzhljIGh+jlQ3dymacISApZlVX8QoUVgRQahlebdMc1SEZFE+67VUuYKhJEDsP15hblcDuVyGb29vds+NkEQxMDAAObn5zE8PEyZqwRBEAThg4RVgiCIG4SdrzrT4RglTwyAiI+jPPgMuONIBKBXjv/XFKSqlCznWm3OqiqaAeEOQb9Y5i+E5XeqBvV3CBPs0uk0Dh44gFw2i5XVVSwsLGB2dgBHjx51K7yr/dX54/EY4vEYMhlgaWkJuVwO+XwehUIBABCJRNCVTGJwaAiJRKKpNYa1Ba0h7B79YyyXVvHG4r/h7PoFALXiqbu/iojaE02jP96Hye4xjHWNYjI5jqnuSaQjKc/7EPYe1BNVg95D/30G3WOz73Oj9lb2MGjMoPWrP1hwjvwH4ea09j8EXP+R+7pllBFJdAX2aQ6J4toZRAc+te1xAGtra0ilUh5nOkEQxHaSTqdx5coVHDp06EYvhSAIgiBuKkhYJQiCuEEUV093PIZVLntfiAzUHvt3M0XDRRc1VzWsPSxvVf3Vf5Q8TFQNGz9MUBseGcG+qSlsVUTR2dkZ9Pb2YGxsPHB9zhhdXUkkk90AllEoFDyCaiKRQF9fHwYG+j2O3aD5m6HRfYa1W5aFN+d/jzeuvw1DGOjSuxDXY4hrcfRE00hGutAdSWK0awi9sR4ktASG4gMYj45gMNqPaDQaKoq34vRsRfwOEl07nb+TPVTbnXH9fRizc4WDkjcc0dWBcw6z67DnH0lqgbh2KayeQXzogW0XVg3DQE9PT8PPGUEQf7yUSiWsra2hu7sbqVRw8cJ6xONx5PP5HVgZQRAEQdzakLBKEARxgyisnOkkXhWAI/Yogme031M8qK7QwlDrYoW/SFWt2NrIgaheEyaE+QU5pxBSmIsyFothz549WFlZwezsLJaWlnH58gzS6R50d3e782SzGWQyWaRSKSSTSSSTSfT29qKrqwu6rqMn3Y2+/n709Q2gr68PyWQSuq43dGmGOU3D2lvZgzVzA/FYAv9h72fRF+tFf6wXSb0LyUgX4loMvTyNbi2JaDTqEcc7OZ4f5mRtx20bdF+7vYf+tQeNxxiDxjUIZscDODEBQRECACBjY5A8ASaK9vdCQJgmuNb+P52KK6d3zFWq6/RPOoIgaslms3j99dcxP1+NNhkcHMQTTzyBwcHBpsehP2MIgiAIIhj6G5IgCOIGUVz9GJ0oq8KyACncJADJYygPfA4M8Bz9DxLjHJGpWh2+ObGnUVamSphgF9QOND6a3tfXh/3792NzcxMbGxuYm5vDwIAdCSCEwNLSEqanp7GysoJ9+/bhjjvuQHd3N/bt24fe3l4kuhJIp9KefLhWXJrNtLciFjrtg9F+PD3yJ+57FkbQHqpzBK3Bv//qGvyvdyKq7mR7M4JrkNCvFjVTr5OW91rHqcqYXezN+bIsCyJ5EHqu6iy3jHJHBazK2dkdyVktFArkViUIooZSqYQf/vCHKJVKntdXVlbwk5/8BF/96ldbcq+aprndSyQIgiCIWx4SVgmCIG4AVjmHUna2szF8blVE7CPtTR0yZrWCHGALVo7YWk/sCnMRNhMRoL7u79fIoTg2Noa1tTVsbW2hUChgZmYGuq6jUCjg4sWLyGQyAIB8Pg/TNMEYQ29vr1vUp5Wj7804NIPGqCc6B42haZrnGLo6v5QS0sgDhUWwzTkgu2a3mSWwUg4s1g2px+y43HgPZHIASA4C8X5Ai7R0j/WO99e7h50SVcOEwrDnsJFT1nGpCilq2jVNg2VZ9pzK/Eb8IPTcGfdayzSgIxG4ruaQKKyeQWxw+3NWSVglCMLPW2+9VSOqOpRKJbz55pt49tlnd3lVBEEQBHF7QcIqQRDEDaCwehqokz3ZDJZZ9uiqIjrxMO21AAAgAElEQVQAwWIet6r6e0cs4pyDs9oIgHq06jBUX2+FeuuRUiISiWBychJra2u4du0aFhcXsbZmi42GYSCRSODAgQM4dOgQ0ul03XsIGl9dQ6O9addlGdbfvcYsA8VF4PppsLlp8PWrwMZ1YGsdspgDSvbRdHAOCGE/ArE4WLwbSPYB3X2Q3UOQ/Xsh+/ZC9k+B9UyARbo6ig9o5h52QpRtpb//eL/jAPa7VzVNgxACnHNPdAakhOAcrHKt6Dro/YyZ5Y4/t8XV00gMb3/OKkEQhB/1+H8Qs7Od/YCXIAiCIAgSVgmCIG4I5czljscQpglPvmqkv+YaKSUsy4KU0uOKDLrGHwngdwb63YGqwOV3GTYrqF6/fh2XL19GJBLBxJ4JDPQPuEf1w8bo7+/H1NQUMpkMMpkMDMMAAIyOjuL4HccxMjziFnRSxcKgY+FB9xp0D2H9W9mDuntoFoCNK2BL58CvT4MtnIVcuQrkM5AyQIBjvsiAUhGymAc2lqqXMA7WlQbrHYEcnALGjgMT9wADhwA9EXp/6mv+9lb2MGx/dmoP/Wt0UMVW58v/vFuWZX9VIgCktJ3bVmzUl7MqISyroziA0ublmr3bDsixShCEn1wut+1jbvefXQRBEARxq0PCKkEQxA2gnJvrqL+wLEjF8ebkq2qOI1XJVlWdiZxzcI17nHxqe5A44xezwo6Oq22NBFbGGDY3N3H+/HnMzMwAAC5cuIDe3l6MjY1hYmICfX19gcUyGGMYHx/H8vIyMpkM0uk0Dh06hKmpKSSTycA1qn0b3YP7umWASTtPjgEA093j9Y32qOk9NPJg8++DffxT4PK7tjBqGXbyLtcALQLUK5bkyWT1ia1CAFsbkFsbwNw5YPp18PQA5MgRyAOPQO77NGR63LMHzh7Vo9k9bJVW97AR9eIBHKeqZ6wAN6ymaZDJKbDsWfd1YRodCatmYWlHClg1u+9n//nv8Ao+g29+5ZjntXf6XsA3nmy+kA1BEDc/AwMDWF1dDW3v7u7exdUQBEEQxO0JCasEQRA3ACN7raMjxcIsw6OjRHsRieiQFcFGdeVpmuaKqkF5oEFfDu2KXY0cLfl8HhcuXMDcXFVgNgwDy8vLWF5exvT0NHp7ezE5OYnJyUmk02nP+PF43D3u39PTg5GREU8RInUNQWv0uyRhFsA3r4ItnQNbuQS2fhXIrQJm2b5IjwLdA/YR+/QIZN9eoH8KMjUGqcXr3mvdPWQ6rKFjwEMD0I5/Dmz9CrD8CdjKjOtYhVHJx9MiPiG1AZzDI7ZaJuTqArAyB3bhLfDhKciDj0AeegJy4BCYXs0ObWcPOxFFg5ymjfrXizAIgzEGzjgEE248hhoTYG9bdc+EELC6DkPLeYVVRGOhczTCzK/CMrYAtC/OEgRBNMORI0fw1ltvhbYfPXp0F1dDEARBELcnJKwSBEHcAMz8ckf9/TEAVmQIpozaUo2UkPBmhTqiqiOy2pcFZ206NBJNW3UQqhiGgXw+7+aijo2NAQAWFhZQKBRqRNbh4WFMTIxjdHTMdaX29/ejr6+vRmzzOxUBBDsELQNs9SL45d+BffIW5PULgFEGhKg4RgMcoAAY52CRqJtpKgenIPfeDzl5P5AatwXQZveQ60CsB4j1QAwcBqZQdcqWs0BmAWz9CpgvHgBS2HEArTofHbHVMiHnzgNz58Hefxns8GMQd30JGD4Opkeb38MK9Z6BZkTVeuM3+xw2uy7GGBhngPD1daIBpIRQXjfjhxBVPmui46rYAmZ+ESw+sa1Halv9DAZdzxjD8mvfwanTWfuF1Am88FcnMQR4Xx//DF58/jgw/RK+9Q4wjnnMpz6DF/rewan1FMbn5zGvXgdg+qVv4RU37nEcn3nxeRyffgnfeqcPJ1KncXq+Mt+D6zj1yjyAFE688Fc4aU+O75w6jazat7XtIYg/Su666y6srq7i/PnzNW1HjhzB/ffffwNWRRAEQRC3FySsEgRB7DJmcR2Wme9ojJrCN5HeGmFKzZAMEqUauVTVfvXcge0c/U6lUjh48AC2tnJYWlpGLpfF3XffjXvvvRfzc3OYnZ3FyuoqDMNAoVDA7OwsZmdnkUgkcPjwYRw5cgSJRCJUVA1yMNYcv//gR8Anv7dzTFWRMkxAVF83ypDGGrC5AsydA/vwl2BdaeDAA5B3PAU5egIyNgzJ9aZcmp5r9CiAKBDpApIjEKP3AMe/CGYVgcIisDYDPvs+2NUPOhNanWtz68B7L4Nf+B3kiWcg7/oSZO9eVyBW195oj4NoVnRt1N6MUzWoLTDX1ZKQ8EY/qPEYqDhZLcsCtLQdA1GJhZBSQHQQeQAARn4Jsa5Je/ybimm8cRo48cKLODm0jNe+cwpvTJ/E83gJp67sxQsvnsQQ7Ndfmj6O5wEgm0XfCy/i+SFg+bV3gHng2Isv4vnl1/CdU+/gteXjODk0DRx7ES8+D6DS/+w0bHE0exrrD76IF5+fxkvfegWnzn4GL774OF77zilcOb0MnFzBS6euYO8LL+LkUEXgfWkax58naZUgmuHkyZOYmprCuXPnUC6XEY1GMTU1RW5VgiAIgtgmSFglCILYZcodxgAAtrijZgEwPRko9HDOoet6qAjkjwjwZ0wGvR7U3iqMMYyOjqFQKKJYLGFpaRnT02dxzz33YGr/fpRNAxubm25hKpVoNIpIxCv6Ob+qgnONA9cs2w7V9/8J+PiXtiDZKMO0Eepx+3wG+ODntsg6uAc4dhLy2NMQ/Qch9URD8ToM9x4jXUBkP2RqCmLfyWrBq7kPwGbeAVs8D5lZBcrFSscWhdbMKtib3wO78Abkg38OceRzQKI/1Mmsrq0Tmrn/Rk7VMMc1UHXC+q8XQrjPixML4PZVilhZMgKhJcGtjNJugfH2j/KXs3OIDz3Qdv8gWnW/Bl0v5TEcG38Fr5z6Fk6nTuCFb3wTg5BYfj0LZOdx6lunqxefnYY8BgApjAzK6h9pqT4MSgk5OIIUrgCQ9rjHJKZf+jvXtToO21kPjOPYMQkpB9GXAnDsGKQERlKwey8vIoss5k99C9XZz2JaHkM1JZYgiHpMTU1hamrqRi+DIAiCIG5LSFglCILYZczCUuOL6iClAPOJIhJVFyoAcMag67onX9V1r6L6fdhx4E4dhM2Irpxz7NmzB5lMBmfPnsXS0hIuXryIvr4+XLt6FaZp4siRI5gYH8fK6iqWlpYwMTGBgwcPusKquq66FBbBTv8Y7O0fAusLtqAaaT8nM+SGAF4Zc20B+O13wP7wz9COn4S458vA8HFATzTcQ/XXurm1egIYPAo5eBTyzueB4iLY5TfBT78Cef2iLfRaZvMCqyMSL82A/eT/gnb+DchP/yXk+L22qBu0hgp+J2uz7WFu47A9UPcizFWtCqZBqLmqTjyG4xwN++EEtC4wRViFEHZxsTYxcte2RZRuh8G+FLAe3n7sK9/EMazg9b8/hVN/dxqpEy/g8wAw7i14BQA4ezZoiFpWXsffnzoNnHgB3/wK8Prfn6q3hADG8ZlvfoWEVIIgCIIgCOKmg4RVgiCIXaacvQagfceqFAJqvqrQe1FKPwpUilVB0zz14Z1CVkKIUDHVX4jIf129HEv/ket61zg4QlgsFsOBAweQzWYxMzPjyYHbs2cPDh8+jIGBAUzu3esRw2oquofNYRWBpWmwf/se2Lnf2g3bLagG4YispQLwh38Bn34NuPNzkPd8GbL/IOAreBXmwvQT6tLUIpBdExB3fA3iwGfBFz4AO/cqcPldYGMJsIzmi1/pEVs4PP87sOVLwMNfhbjjOSAx4llr0NF79feN2tUxgo7uB+1B2HOktoWJqk6b86WOwzm3HapCwDJNGKbpWaPVdQhaedG9XggLvIN/QpWz1+pm1rZDs47VgeEUcPospuVRW6hceR3vzAOpowOQcho/+vY5HP2vX8YTX/+vGP7Rt/GulBgYSQGn38Fry0fx5OAKXv/u93F18s/x9ZHq3PYPdwDboSpdP2r19+N44IkByOXXcSULpKR0/xR0rrG72+5X9/cDw0jhNN55bRlHnxzEyuvfxfevTuLPv/4kBrdt9wji9iObzWJhYQGrq6tYXV2taR8YGMDAwADGxsaQSqVuwAoJgiAI4vaAhFWCIIhdxsjOdaKr2sKqojdJLWGLphpcJ6qmHP9Xj0RrmlYjmqrHoZ1fGwqWLbT78ben02kcPnwYhUIBi4u2eDU4MICjR45gYGDAcw9BmbD+NbjtZgHs4mtgb/09sHC+vWJPneIIrIUc8G+nwC6/C/6pr9jH7NPjje+hhXb3ungfrP0nwfZ+Gmz5LPjF3wDnfgssXgIsNCewOuveWAT7+behzV2EfOSvIfoPAiG5se2K69vV3gqMM2jQXIHVGVdIu3CVMz7nHEIIlPURRNXPnBAdfYaN7Ny2O1abjgI4+iV8bfF7+MG3v41XKy+l7vgavnRUQsqj+NJT5/B/O22pO/C1Lw1AotLn+9/GGQAYfwr/5YkByHPu5LawqqzFXY2UkIN3YDL1A7z67W/j1dQduGMcuLq4DDmi9nd7K0kplTV9bRHf+8H38W17cjz1X57AgDoHQRAuMzMz+PjjjzE/P1/3OrV9fHwcd955J8UFEARBEEQbMNlqKBdBEATRETO/+iaMXP3/4amHWS5CGGX3eyNxBFsj34Cu6/aXpnmEVabEAmi6Bl2rRgQ4qFmrYU5D57pWxa5mBEPLstz/GcxkMujt7cWdd96Jffv21eRfNrWG4jrYuV+Avf3fgeXZ5t2aO41pZ8bK4ychH/lrYPg4JNe3ZQ9DxzALdrGus7+yi3WtXrNFZt0bpxCKELbj9eBDkI/9TxBj9wB1MmOD1rhbz1FwbmjVqWpZFoSsiKlCus+eYRiwLAuWacK0LDdf1b59AV6YQffCf6uuj2uIJJLN7V8IB77wXRhie36+ffr0aRw8eHBbxiII4ublk08+wfj4eGBbqVTCL3/5y4aCaj3Gx8fxuc99DrFY8MmO+fl5nDhxoqUxf/WrX+G5555re00EQRAEsZNkMnbc13vvvddy3/vuuw8AOVYJgiB2FSksGLkFdGZZlZ7CVVLvtt2oTo6qcrTan+PJGfccvfbnr3qn2VkxTG3jnGNiYgKZTAbnzp3DxsYGzk5PQ+Mc4xMT0DSt+TVkF8A++Cewf/+RXfG+3aP/jqDofm9VczWd3zvfN+uGrRyzZ2deAVu/Bvnwn0EeeAKIDwfen/8eWxVVpZSQPAbseRhs8Aj43vvB/vBDYOY9W+RtRlzlHEAE+OT3YPkN4JFvQB48CRbrbjj/drS3swdBuM8a45CQEFwAoiq82qJr9XlU3ayW1mO/x87xdo8/sz3KuWvgyf1182BbgX5OThB/3PziF7/AwsJCR2PMz8/jl7/8ZV0hlP6sIQiCIAgvJKwSBEHsImZhBZAdCilCqEkAYFqXfcS/cszfL5K64qkWnK+qXlevyFArx/vb6Z9IJNy81dnZWaysrmJmdhbpnh709vY2J7Zl5sH+8N/B3vuRffy+WVemiiqoahEgPQDWOwJ0DwB6DDBLdlsxC2wuQubWgVIRMEpVwbWeQ9YRKhfOg/3iW+D3XYP41F8A6fHtF1WVNhnvgzj0NNjoCbCP/qUqPLciri5+Au13/w+kMCGPPQupxXf8OWk1IsF5zflVzeZVf8ggLQlLVJ2pnPPqDy0YA6SEVWkzkIRkMXBZdCaFFLLuvTainL2GRPeBtvurJBIJEjsI4o+cTkVVh3qOV12n/3UkCIIgCD/0tyNBEMQu0mnhKsARjRRBR4u7R/udo82MMTdP1Z+rqgpJYZmlKu06Uf1RA2H9VXp6enD48CEUCnlkszn09/cjkUg017+wBvbhP7cvqjqCalcamHoUmHoAcvgIzHgvBI9Ai3WDa9VK8FYxBxQ2oBl5oLgJtjkPtnQRuPYxsHINMIrhIquSvcre+xE4AHn/f3RzV5vJU21FVHXbeBTo3Qfrof8ENnIc2u//AbjyYXOOW84BcGDlKtg7pwA9BnnwSbcQVye5sO32D2pXRdWgOdR+/mu4pgGMue5VtciV5HHAKimTi4qLtT3M/NK25qyapkmiB0EQO4apFPUjCIIgCKIK/QucIAhiFzFL6x31l1J6NFUArpgkhACvuO08x/9Djvo77dvtIKwnqDbTf2BgEEePHkUhX8D4xERN1lvgGq0i2LlfgX3wcnuiqmkAkShw7HHIu5+FHD0BGRsGtAg0xqD5LpdSgkV7gfQeSEfQswxY5RxQzkLLXgf75HfAmVfsTNOwolF6xBVXEYnb4mqi33tvLe5hM8fiWTQJ7H8UMp4E+7fv2dmrQjQXZ8A5cP0i2LvfB2I9kHsfrlvwrJ172I726nK557i9K6rC+wz5s3z940utCxCbSrsAQ/vCqrGNwqqu6ygWi0gmO8t9JQiCCKNQKNAPbwiCIAgiAPrbkSAIYheRVrkzw6rwulWF3o9S+lHb8Vg5umxnqXpFLsuywCWH5NIWWn2CUD13n9MeJGg2EvFU56rfSai6C9U5dF3HxMQeAICmaZ45ahyGnIMJE+z8r8He/gdgY7E1UdVxqQ7ts/NODz8FERuCZPZfj8znvg27X1vw1myhMZqG2T0BOXgM/MSfQlv4GOzDn9q5ppZRK7A64uqbfw9YBsSDX4eM93nm80c0NNpDFf/75LbzGOT4p8CfGQd76/8Fe//l5sVVALjyIbTId8GiCbugVZ011HsOPHsY8Puge1R/Db0/oCYGQN0/KaQruGqaVi1YJSWEZXkyVjnnMLsOQ9+8Xl2HADrQVSHN8rYJq/39/VhcXEQikdiW8QiCuPX427/92x0dP5vN4siRIzs6B0EQBEHcipCwShAEsYsIY8vjlGsVf1/JI57j/44zNcip6h77R/0j2TVzhoiqQdcFtQcJXqqjVp3DwYk2CBvf6SuEAF/4CPyDHwMrV1sXVQHgyGOQn/5LiLF7PJmhQffgf73u+iJJoP8QRO8U2IHHwK7+oVo4SljeteoRwCiDffxz8L5JiDueg+S6Z+wwUbee6NtoD8EjkD17gcf+MxCJgf37PwNGufE+cg4IAJfeBRuYAO8fh4wP152/0dpC14j691h/mdXn3xFKhRCwhC2cquM6zlZLCLeIlccJq3X5V9rRZ9kycm339ZNMJhGNRpHP50lcJQhi21ldXUVfXx85VgmCIAgiAPrbkSAIYhexjK2Ox/Aetddr2nRNg6br7tFmVUByRFXVwecXZZ1xmhWzmhG6tlsQdNp55hr4ez8ELv/BzjNtBc6B/Q9APvLXEGP3QDDNLl4UMH87uPfHdcjEENihp8Em7we78CrYO98Hlme92aZ6BMisgH34Mlh6DHLvw57xgvZgO/YQAGRqDPLRvwaPaGDvVMTVZjJXTQPs3O+AwcOQJ56D5NXYhnb2MGyNYS7XhsKxr011AGu65rpWnc+BEMKTq+rMIaWEYLFtzUSVwtjW8fbs2YNLly6BMVYTn0EQBNEuq6ur6OnpweDg4I1eCkEQBEHclJCwShAEsYtIq9xZf//xaabbx5mZqLo8GxQI8udhBl3jF7T87WHr8bc71+TzeczOzmJ9fRUjIyOYmJh0nXXtCoLMKoKf+RnYudeaK77kZ/8DEI/9je1UbcKRWo9m3JiCaUB8EOzO58EnHwR7/5/APvqZnQnrrJ1zYO4M2MVXwIb3Q8aH646/XYIjAMjYEORdX4OWzdjraiYWQI8AG4tgH/4E6NkDVMTg7RSmm22vd4+qWOrpp/xWPfbvXOf0sSzLjnrwztjgDurT6Z8FQRw4cABXrlxBsVhEIpGAruvbKt4SBPHHgWmaKBQKyGaz6O3tJVGVIAiCIOpAwipBEMQuYmesdiDI1PQNFr4cBx5gH4fWNA1gzYlV9TJRGxEmdpmGgUwmg2vX5pHPF5FK9SAejzfd34+UEnzmbbCzrwClQusRAAeaF1X97f68zqB+QcK0ew2LQPTtB3vifwEfOQL29veApVm7jXNACLDL/w42cT/k0WeaPkIf1t6s+A0AsmcS4rG/AQeaF1e5BsxNg3/yKjBywBWDw9YQFAMRtK5G7WHjh/X1tFec2xaz3M+K+l46P4AQQrhOVlP6nleJjj7LVjm3I6Ln3r17sba2hlwuB8MwUCqVtn0OgiBuDJxzzM/P7+gcznH/SCSCI0eO0PF/giAIgmgA/U1JEASxi3QcBcDgcaQKHoXkcfv4v5JLqrrveIAwph6Jdq4JE6NaFbOC2uOJBFKpFHRdR1dXF7q6ujyOwEaCpv8aXloG++R14PrF1kXVwUnIu74AOXKi7vr9awgq5hVGU/EIWhzi2BfAeybA3v1H4JPfV4/gr82BzfweGL8L6B4NXZ86V6t7GNZfpPcA934FWnbRXhMi9cVVJxJg9kPwPe9BHHwSUquKkI1iIMJoNku10T363apOQTTLsmpMp/5MVmd8JwpA/ezJDjVRsQ2xIGH09/ejv79/x8YnCIIgCIIgCMKGhFWCIIhdxDJyHRW8qYH5jvpWKppDSnDNPrrsKcCjdg0ocFUdpnkXZ9A1anu5XMbS0hI2NjYAAJnMBlZXlxGLxxDRIy07YZkwwc++BnbhrdZyVYUAEt2wTnwe1oEnwBpkqtZzy/p/367oKZkGMf4psCeHoHV913aJGvYRcXb9LPjSeVgVYbXV8f00e4+MMWDkGORdnwfLLNpFwZpxrS5dBjv3OtjgIcj+g4HjBwmqne5h0PhOmz8v1d83yKnqund9fdX8WPe1Dj7Lwip55iMIgiAIgiAI4tajxUA6giAIohOkWa4cIW7/Sz2ODqZ5xFEhpVvRPHD+BmKTc41Dp6IqAGSzWVy4cAGXL19GoVDA6uo6PvzwY3z80cdYXFxEoVBw3bNhY3hYvQh88iaQWWk5V1UefBTy2NNgkWTo+oPmDxP9wkTrejEBQeOjdy/EQ9+AvOs/AJEoIAWweR1scRq8tNHU/P61NBLs6r3PgsdgHfg05LHH7fWYRt2x7AgDC7j2Idi198CsYlt7GFaQq5P3qBmcuAx1blHzWdE9nz0GdPQ53omMVYIgCIIgCIIgdhdyrBIEQewiUmyvmMK5LQY5x5ZVgVXzC21CwoIFreLyrCmE1YIQ10o75xzd3d1IJBIoFAoAgEwmgzNnzuDChQsYHBjAxMQERkZHkUql7DzYkLGZVbSzVec+bt2tOjgJeehxyJ7Jlu+hXnuQmOl/P5oZX/ZMQjz0jWq+aSEHtnoFLL8GGe9ruIawQlbNzB10nYwNQRz8DLTrl+xIgEZ5q1wDNpeAuTOQ+x9zIwyaWUeQmKruoSq8N3MfQojQglXuDxcga37QIKV0nap+YVfy7f0nkxQmhEX5pwRBEARBEARxK0OOVYIgiF3EKufQmWUVqAStAmCQLOIRgYQQ9hH/iqjquPCcNge/u9ERosIILQLUqEgQY+jv78d9992HJ554AnfffTfGx8eRSCQAAIZhYOH6dXzw4YeYnZ11C26FrZNtzoEtTAOFXOtu1X0PQux7MHD9YfcQVMyrmf5BEQvN7KFI74H16f8EefQpwCgCK5eB9WsN19jsPdSbPwg5fBTy6EmgZ9h2pNaDc0BKsOvT0BbPgEmzqTma2cNmnjOn3S+I+vODHVFV7ev8cMJxqjrPoVrISot0AdCgfv46tZ+Ta5UgCIIgCIIgbm3IsUoQBLGLSMsAgrWh5vDrU1x3BSFN01wRiVV+dYQkVVwKElX9R/FbqTxfT+xy2nRdx+DgIAYHBytxAKtYXFzE8vIyMpkMdF1HIpHwVB/2r4FJE3zhY2Bhuu7aajANYPQQ5P6HIWO9Td9Dp+3+a5rtL7tHIe57HlpuCVi7ClZYB4QByWr/ym5WcGx1De5rWhxi7E7w4UNg6wvNuVaXLgNX3gPb8ymgCadtvfZW7yGojXPuPuMeV68Sq+G6ZC3L8wMGtS8ASM7A1GV2GI8qLQOM6ZSzShAEQRAEQRC3KCSsEgRB7CLCKnVcvIpBFUVZjRNV87klVScrQ/s5nOoczbSHjZ1IJDA5OYmJiQlks1msrKxACIHh4WGPQ7Gm/9YKMPcxkFluza3KNcjJ+2CN3VkjMnd6j/Xus941jcRCOXoC8rP/K1Beg9m7H0JycF+XZgTHeu9vs/coeiaBibuhzX1sO4XrwbktZK9fAzLXIWO9oevodA/rtQe5hd0v2D9EkIpCqkYH+ItWOf2FWQYDB4P9eZOV/zrBMnJAJNHRGARBEARBEARB3DhIWCUIgthFmBbd3gGl7bBzjvzbBa2qwqZlWWCMQdf10CJTNc7QJo++B9FKdXrGGNLpNNLpdMM+AMDWZsFWZxq7JlVMw85WnbwXSPTb+aW7KKo240QMvIZHYA0eddv8d9uKOF5vfc30l3oCcmA/0DMKFC42N/7SRfDrp4GB/RA81tb8rbhx691Do2JtNeNyDk2JBthJtEg3wgM4CIIgCIIgCIK42SFhlSAIYhfhPNJ5FIBHuzSrOZDKsWbLslxnppNVqema6+Tzi6pBWZT1aKVdCIFcLodMJgMpJbq7u5FKpTzH/j23GCDOMqsIvnoJWJ+rO2/gWsbvghi/q2bsnRBVt1swbKd/vTHCxPWwa5yICNY/CfTvBa5fbC4OILMCsTYPyzLBAoTVRmxHFAVQK6o6rm0ArtvUU8DKFw2gtjMpwWBVP39q7HGbMC0CaVIMAEEQBEEQBEHcqpCwShAEsYvwSBLbqawyaQuomqaBVYoHSSkhK8KTpmnVrtJbdd0vqrqXdSgIqu2ZTAYXL17E3NwcCoUCACASiaC3twdHjx7F6OiYZ+6wOVhhA9iYA0pbIfsSgGkAkSjQvwesq8918obdw05HJPivadTejmNYvaaTe/C3mfFeyN4J6F1poNhcHIC2cRUyswCr70BT77HaVm/9zexRM/cu4S10pfZ3YxDUbFbhFONS34PO/LJICwIAACAASURBVKaMRwE0KApGEARBEARBEMRNCwmrBEEQu4gW6d7W8RiqRauklLAqDkPuE00dFytgO/U4q62UzjmHZVk1Dj+/y1V1AdZrz+VyOHfuHGZmZmAYhjumYRjI5/PI5wu4804Tk5OTnjGCXIY8uwi2OgsY5dbyVUePQIzfZR9HD1h/O/cY1t/v0m1mj5ppD5qj0T20ssZm5teiXdCSfbYbtdkohvVr0NYuQfZMQCC2q3uoCqJBIquUEsKyc1X9zzwAyMrrajuXpcb33AKMR8D1GFDOb+u4BEEQBEEQBEHsHiSsEgRB7CI8kuzIsKq66ezvvUIUYLtUOWNu7qqDI65q0CB540X4naz1xDz/NZZlYXl5GYuLizAMA4lEAul0GqZpIpPJwDAMbGxs4OrVq+jr7UW6pycw05IxBo0J8Mw8kFlscpeqyJ5xyJ7xhvfgqQyv7KOfVvZgO9qDrum0PeiaejDGwHgE6OoF4t1Abr2pfti8DrE2BzklOlpfO+0AakRV1YUqZLVYldPXed+llBCKKFuN2hC1UQodGFa5nnTnIwiCIAiCIAji1oSEVYIgiF2EaZHOKolL6TmIrKMEDWVYll0Uyyu61rr87OJWwVmbjqPV3zfwPhqIXYZhIJPJoFAoYHx8HCdOnEBfXx8AIJfL4fz585idncXm5iY2Mxl0p1KhYpswCmC5VWiNjqB7FwNwDSI1AtHVD4bWnKrNHrm/mUTVMGE6bI5G77HaX4JDRpJgepN5qVwDSgXw/BqkMEKf+J3cQ/976DnW71uQ65aVEsKyPC5WNzLDf2S/EifQNlqERFWCIAiCIAiCuMUhYZUgCGIXYVq0wwHgyQoVwoRhGBDMFpd0Xa84DGsLUakFrPzOV/91nYpdAFAqlaDrOkZGRpBOp90+6XQa+/btQzabRaFQ8Ai6QePzUhY8c721fFVhAd194OlBSK7VyF9hTtVmCyHtlMvSv76w/o3G6HT+QAeoHgMi8dA+vgHsjNtCFjCKQKy5NWznHjrXANVnWypiKKu4up3ogKC+av8Ict6c3sbae124FiVhlSAIgiAIgiBucUhYJQiC2EU0PelmfbaF35GIirOOVYRTRSxUnXuO4Gr38QpG6nHn7Ra7CoUClpaWMDg4iL6+PlfIMowSTLPsWUPY+LAMoLhl56s2C9eArh6IaAJCWJCs9czUmiHriHg7LRi26nRtdX3ONY3uE4y3lHHLcktg2UXI7tGGY+/0HnjWVRFV1RxVy7JgCQHhiwdwP0fS9/xJdPRZ5npX230JgiAIgiAIgrg5IGGVIAhiF+HRzopX+XUcKQwIywDXEnamqk8wdHJC/XmTfjEz7Oh7u2JXJBJBT08PEokE5ubmsLW1hfHxcXR3d6NcKuDqtWtYXV13XwsbHwBYeQsoZe1AS9akqCcsINYNnuyHYBwi5B6aFVXDRMfdzlzdCSerQyPRk7XiWHUwivaXMk7QXDu1B6owamenVnJUEfx58I/jRAQIIcBqild15jbVot3kWCUIgiAIgiCIWxwSVgmCIHYRpkU66w9fjioChFGn8A4AqRz7Dzv67zpZ6+R1tip2RaNRDA8PY3FxEYVCARsbG9jY2PD0j0QiGBgYQDqdDr1fIQTY5nWw3DKgtfhXViQORLsBprctSLaTR9rO+GFsh6ja6B7qOVXV8aUeg9RjaOkEfGETMr8By7Lqzr9dbtwwVGe2M4+AgLRkNU+10u78MMJxsjrj6yj6PnusI2mVRzr7IQtBEARBEARBEDceElYJgiB2EcY7zVX09o2IVaSMD1FMPOm66yxHCAPAhHBfd4r2CCncYbjiAFWzJlUxLqwIUBhOe09PD44cOQzGgKWlZRiG4V6TSCQwNTWFffv2uTEFoaJkJA5o0UpBquaPoQOAKRlMycB9amCrRaKcvfFf4+xX0B61uoeNClH58c/f6B6C+qvtQffn2SOzBGb6XZsNMMv2F7ZnD5sp1uXMZZqm14kK771apuXOYVmWHQHAGASqQqwTESCEACvOe+byu8BbhVHxKoIgCIIgCIK45SFhlSAIYhfRosmO+tvikN8zqBazCnYnOqKUI65yzsHA3EJV/iI/ap9WKs+r7ZxzjI6OIZ3uwcrKCtbW1lAqlRCLxTA4OIihoSHEYrFAQTBMbGuHVp2krbpA6+1Bp3vYaI1B82/HParH5wF4npGm4ZodA1ApOhYa9bDNe6gWovI4VSU84qrTpl4j7QZP7qrzPHJRgPpZkx1GATDeYSE7giAIgiAIgiBuOCSsEgRB7CJ6vB8dZTNKu6q5V+SquutUnGPNak4kAGhM84hy1aHDhSygfUEwlUohlUph//79LQt+AGpyOpvGKEI3smAwIFE93t3y/A2oJwjWa2/UP4x2RNF2nayeZ6TV94FzQJiAWW4pSqLRHgbhbw/KFAbs4/tCCghLeD8TzvF/y4IIGYOj5P2ZhhTo5LMcTY6QY5UgCIIgCIIgbnFIWCUIgthFounJzgeR0lvEycq7GZYOEV0HrzhUnePXqgtU45pvSFkj1qlsp8uymfZ6BbWaxihClLYghAWmdS6aBq2xHeHZf487vYediOM1gqYUrUUyGGUwy2j6Hprdg3oRCEF77HenBsUMSCkhKj+gME3Tkwsb0wU0lOBxrCrO2HaIpic97lqCIAiCIAiCIG49SFglCILYRSKJAXA9CWFstT2GFAJcEUaZlfdkV2qaBuYTmoQQrisPsJ17Qcf/3fYWBcFyuYxi0XYzxuNx6LqOYrEIwzAQjUYRjUa9hX/aONbdMsUseDkPyTVYHQrD7RRQupGi6na3CyHA8htAYTN0D5phJ0VVVSwNwhZOhcdk6jxj6tF/p5iV6tyWRg5cGspYoiPjOQBEkqM7Jqyura1ha2sLpmmiVGoxF5cgiJsWTdNqTqdsN7quQ0oJXdcxMTGBaJRiSwiCIAiiHiSsEgRB7DKx9B4UVs+2P4CUgCJS6ihAQxlgCTcLkzEGKE495zVN08A1b6ZqUHGgVgXBhYUFnDt3DolEAsePH0dXVxemp6exvr6Ow4cPY8+ePZ5j3VJKFAoFAEAkEnHvxT8+5xwsmrALWLXKxiKwsWivH80LikHX1Gu7WUTVVgpZtdquMQHNKrqFqJomEgWLxJqaw0/YHqrPaysRCgA8kRk1wn3lBxBBrmlN5DyfOSkkOlJWGUc0NY5CafsFkqtXr0LTNHR3d9s/ZOnU+U0QxE3D3NwcxsfHd3we0zRRKBRw6dIl9PT0YHR0dMfnJAiCIIhbFRJWCYIgdplIei/yHQirQgp4DvJbBQjLANcSrtgkFZGIMQZd16silqy6VCUkGLxOUneeBoKgg5QS5XIZ+Xwe+Xweq6ur0DhHqVTCxsYGrly5YrvnjBLyhQLy+SJM04RhGBgaGsLRo0eRTqfdOfyCHysXAKvc/PFzwC6cJAWwtQrk14HkSOj4zRaqaqa//5pGgqC6h/X2OGx8dY6wPNJtKdZllsCKWWitCqtGGdIo1d3DRmsI2kN/bixQPwLAaXcKt/ljAIRlwaw4VdX+zvwxueSdS4iODKuRxCC4nnALe20Xs7OzSKVSiMVi2zouQRB/XOi67uajr66uYnV1FQMDAzd6WQRBEARxU0LCKkEQxC4TTY50Vr/KEp4iOhG5grT1MfL88eo1SraqKri5TlUohXu45opVqpjUTBEm56u7O4nu7iSWl1fw0UcfIRKJwDAMGIaBa9eu4dq1a4H3kkgk3KPKoYJfJA7ocTvbE2hOYOUcMC2w/5+9Nw+y6zoPO3/33rf23ugVDaCxLwRAkQQpURQ1XCTLsqxdkSXHHtlJPBnL4ngSZ6omcaZqPDVTsSeVycwfiSSPK1WZSEnsoW0tcRyXkwxFRpZsieJOEAsBorE10Pveb7nLmT/eO/ede999vb0HogF8P1UX0fcs99zzXgPq3/vO9y3ewFqehPahLQvLRmwmEjUeEWzOEZd82+X4v9nHLixgL97cvAhMZ1BOuuE+tmoP489gfkAQfshQV/StFsHqm/mHHSeyLt/3yZQuRn7mVNBcKoB0+/Cm8/2ux/j4OB0dHeRyW4juFgRBaEBfXx8zMzO4riuRq4IgCIKQgIhVQRCEd5ls1x6asTIq8CNRplATdLZtR4rumPJGSyKlVJhvVUf16Xb93yRRZR6jjsuwHTv6GBwcYn5+IRSq65FOp0mn05G5kuZX7X3QvqMSgWptImoVYHECZ+kGaugEOs7XFHFmFKR5f3M/zH1Yaw80cems29cab96z0fzrjY8/w3rtjZ5BC/fIWHcVa2UOfG/jkcNBAHYKUpnIPba6hxt9RjNSVd/LfM31z0oQBJUiVZ4X5liN/7zoyGorKEV+5lTg08zPcLbFhatWVlZwXZfe3t6WzSkIgqDp6+tjfHyc/v5+Uin59VEQBEEQTORfRkEQhHeZTNdokzMoVBBEClRhSCSoCSgz52pcVDmOAxZ10X1JEYKRuycIwUwmw+HDh8lms1y+fJlCoRAK1nw+z+DgID09PeRyOXK5HNlslkwmE8rVRmsAUE4GlcphbVaqptIwOw7X3sTa9xh2tqfh0f1Gz5jUtt4+JQnBtcbrOXQUZiMpuxZJUZrrRXE2ak9c9/I0LE1WZelGxaoP6Rwq0xbew2Sze7iVZzQjVc0PEaAmb4MGcjeU74GHowrRtTcpRbNdoy0Vq/Pz83R2dq4ZkS0IgtAMXV1dXL9+nb17997upQiCIAjCtkLEqiAIwrtMpn24UoCqCZQKsKxaplVLFSNSVUek1vqrSCSrjm51LCeUr42iB+PzNJJhuVyOw4cPc+jQIVzX5erVq1y6dImuri6OHj1KT0/P1mSZk4b2Hsh3QGF5cxsV+FjLU7A8TZDuitxjI9K0UVt8n7YqBNcTipsRu43Wv9n2+B6lLIWzPAFLU4l70hDbgUweK51NnN8stqX/a+Y/bUYM16Wy0EMVWIEV9tE/M47xMxAK1+p/s46PY5XRkyilqhGrWyfT4ohVz/PI5XLrCnhBEO49lpaWuHz5MqVSieXlZTo6Oujs7GTnzp10dnZueJ5cLsfq6uotXKkgCIIg3JmIWBUEQXiXcbKd2Lle/OLclucIggAzNi0dzGOrEp5KJxb1iUssx3GwnXqharIRIaivx9vT6TSjo6Ps3LmTVCpFJpPZsiwLsl0E7X04TnrT+4TtwJVXcC79ENW9C9/KrNl9I1JVr81cY6Mo1fWe0by+3v2T2lslVZPEbni9vAhbya8a+JDtgHx34v2T9tDzvE3vYaN2pRQqdlw/8CvH//V9bNsGpfAMmer7fiR9QNaawcJIn9Bk4SqAbPdoeM9WYFmWHM8VBKGOc+fO8cILLyS2ZbNZ3v/+93P06NENzaX/jmnV31uCIAiCcLcg/y9cEAThNpDtGmW1GbHqeZCpFamxvEUCr4yVylSkqXGsXEtVHZnqOE5NpBGTVNQqricVEIK1IxzNPplMhkwm07B9o7IscHIEbf04uQ5Y3uSe2TasLMDN86ilSYKOkcix+43cP6k93mezUnWje9jKSNT1ojwbPQdLEzB5EUqrG08DoO+Z70ZVxWqr93C9dsuyQBHKVZ1XtY7qHFqoxnOy5oNxzMpVge9tag/q72eTbhuktNK6yK9CoSDRqoIgRBgbGwul6pEjR9i3bx+ZTIZyuczY2Bjnz5/nhRdeIJvNsm/fvg3N6XlN/v0nCIIgCHchIlYFQRBuA5n2IVabiPoIvDKmR8kwT6f/Jkvpx0LZpItXmTIpIhQVqMAQUXYtejGej1Jzq3Jhridu6RqqfE1f3eAOxdZ97TWsa6/BsZG6tlatPy5N18uZ+m7u4WaO/5vtDgGpuTGsmbHN5VfVZNoh097yPdzIM+o+KAhUUHm/J4lj41r8gwilFJnyWORnLfDcplJ5ZDpHNl+EbQOIWBUEweSNN94A4OGHH+bhhx+OtO3bt4/Ozk5eeuklzp07t2GxKgiCIAhCPVLlQBAE4TaQ7W6ugJUKAgI/mufRUuUw0lQpFYnAM492m+I0kouyGq260aPrSTIsPj6yvoT2DQu3th2onhFIZyqCbzOk0rA4TerqS6RXbmzo+eJH/ButL2me9YRg3bNtYg+T1tAK6RrPSWrbdiWy2VuBqYuwMNFwPYkEQSUNQ3tvJR3AGutPWudWpar+iu9jfLz+OQnbqykAzLGVPMWKVLAYfTTP3dxexGh14SpBEIQkbty4AcDJkycT2/X1y5cvv2trEgRBEIS7EYlYFQRBuA3k+++DJjM1Bp6L7dT+Gs+oOWxVwvej0ipeyEofidYCybZtnJRTJ6HWE36NhOF6bY36rCX8/FwvTu8enGw7uOU1522EdfGHpIaOwoM/h4+95tHzRnsQX3+SkEwanyT7NrJPrZSmjaJUzfy75vP7vk9qZgxr/C0oFSqCejOkM5DvRqVydTl+k9an2809THqGpD2sK1ZF7X0evoeMDxn0ON/3cT0P1/PqUgUopcj609i46FQAge83Xbgqt+PgLTlOKxGrgiAkkc1mN3VdEARBEITNIWJVEAThNtDWfwLLyqCCrUlCAN9zSeXy4feOWgaSq96bEYDxo87rHcuOR/eZfTTN5MosFAqUy2Xa2trCX/TiQlOl8gRdu3A6+jafZ7XyEJVcq5dfhD0PoXYcXnONSVI03t5ICG6kvdV7uF57PFo5vsZ4G0BQXia49lolv+pmCXzo7Cfo7Mf3PJTtNEyBYK5/LWm6Ualqiu1A1YpSAZFobqVU5Uh/bA3mvB1cNNOrEnjlZj8PoX3oQXy/OTmbxEbF6tnvfI3nxqPXOk98gS892d/yNbWOs3znay/S+4Uvsa2XKQiCIAiCINxziFgVBEG4DdipLPmB+1iZeG3Lc/huGdP6pPw52oovs5B5H0pVKp6nUikc28Y2jv6bOI6D7dRkVRAEYbEfs5DVZvN1mqwl/BYWFrh06RLLy8scOHCA3bt3NxaCO/bAjlGYfGdrG2Y7WJdfxur7j3CqD5XtqbuHub6NHivfbHsr9nC99qRI2/XErYlSitTiddLXXq2I7M1GqwJqxyhe32F8O9twj9bb461E+0Y+GKg227YdCthQugYBfvXLlMthm++TKl3G/BnzPbcpr2rZadoGTrCyuvUPVFrCyIf4ymeOVf48/QLffPbPeOGESEtBEARBEARB2CwiVgVBEG4T7UMPsjLx6pbHq6ByLNk2j/oHRXzfDyWUbdtYtk2gFMr3kwVWoMCuVU+HilRdLw8mbD3KMggCJicnuHDhAlNT0wD09vYyMDBAOp1OHO93DGMNHMK59GMoLG++kJJtg1smde57WD07cY9+jMDJrRnFqffqVgrBZiJRm21vGMlaXsa5/GIlDcBmCQKwLPyOIfy2/lsuVRu+x1QQRoaaRdvC9ADG66zTZURSB3hl0ixh/hhUPszYulptG7gPRQqlSlueoxGbTQUQ9h84wWjnaeamLawBOPPtrxoRrSN86JnPch9n+PZXn0NfHvnQM3z2Pph6/hs8e3qpcrHzBF/4pROc/sazzL230n7m21/lxd4v8EtPDVT6zr2XZyoNfFXfZORDtWsvwgjjjHd+iGc+28/z33iW00vAyAiVsnMWm3xMQbhn+OM//mNmZmbqrv/e7/3eumPNPv39/Xzuc59r2HetD+UEQRAE4V5ExKogCMJton3owaaPFftuGdtpC793/EVUKiqj9NFnMx1AKpWqRKvaNpZt1QQrYNn1sg2ak6pmu1KKa9eu8dZbb7G4WCkMlM/nyWQykfvVHU13cgRDx3D698HVN7e2YbYN8xM4b3+foP8wauj+TT+D7rNZ6drsHq43vpXtmblLpMd+tLVo1cCHjl6svt3YmTbUuxSpqtsqkag+KlARoRpp9zy8WM7VeE7WrtQUjmfmV/VQTR7hbx966JakAWiKqdNcWepktB/gDBx7hmc+CzDF8994lrNnoH/iRcYjAvR5pu4b4i9Ow4kvPMNTA5W+f3HmKT442smzZ8/Aff1MMELn3GmmeIrpuSU6e/th6nm+8dxSZNw3nu/nl4aApSV6v/AMnx2oSNvTnOALzzzFwJlv89Vx6L2tGyUI25skqboVpqenWzKPIAiCINwriFgVBEG4TbQNnMCym8yzWi6TztXEaru6TJ96hWXn/dHj/SqaRzMSCer5oYBKOjYOGxOCSVGQpVKJa9euMTY2RqlUYnh4mJ6eHq5evRpK1Z6eHo4cOcKuXbtIpVJr3t/rO4g1cJjU9S1EUpq88xNS7f3wWB9+56665rWO9691tH6rQtDsY84dH59UaKrR/Fttt4pzWBf+C1x9fc21rknvLvwdBwicHHaDPUx6hsg6trCHOlI1/oGFPtrveR6+7xMYcly3m/P7vk97+Y3IHP4Wi6aZtA89eEsKV8Emo8jGn+OrX30u/LbzxBd4sl+h1DGOHVOc+XYtD+sIiv4To3Q+Wxkz8qGv8JUvAQqOjTzHc89+ldOdJ/jCl75CPwrohCsTTE1NcIVjvJezTKspJpY6Gf1gP2p6jqXOUU70K5Tq58RoJ6fnplFDAJ0M9SuUmub0lSU6R0/QrxTq2DFGnnsRUEiwnCAIgiAIgrCdELEqCIJwm7BTWdoGjjWZZ7VE/GysZRGJVDWj9syoVVPUKaUqx6EtsK2ozIpXdF9PKOqvYrHIxYsXuXDhAoVCASCUqZqdO3dy3/H72NG7IyJ3GwlFle0hGDwKXQMwP7H5dABQGRMEWGefI5XOoB7+BbyOkYZSs1WRrI3Gm88Y30Oz/d2IVE3hkh77PtaZ/wxueQvRqpU0AKp3D1bv7sh7bbN7sFbe2iTC8UG9BNc/CzoFgPmeNiOpdR+ANAuRn61m0wBYdpq2wW2QXxWiOVZNpl/gm8+ehhNf4CufgRe++SxzAP1P8qWvPAlnv8PXnvsaX3tuhA995TMc+8xXOMY0L3zzWZ792ulqEaxjjDx3lulp6Dz2JP0TL/IXL5xmiVE+1g9IMJwg3DZ27tzJzMwM5fI2+HtIEARBEO4StvAbqSAIgtAq2oYeQhnFyTf7Ffg+gR+NgHP8hfCIc1wWmZgiyxSjZptZcR0aH13XIsyUYYuLC0xM3AylajqdjuRPHRjo5+jRI/T39TcUcHFha9s21uhDqN0PNLfx1Xyr1pnnSL/xHZyVicjzbUaKJu1FI/GcND4eodkoSjMubpPuvdb8jdDtQRCgrr6C9fqfVqT1FgpWEfjQPUiw6wRBfkfDbluRqmvtsTkWK/oBQihUjT2wY2M9z8PzvLBPRi2RIfohgFcqNfWzmu8/DlZ6c5GlmyC+Tw2/Kr0btsMIjzzRh5p6kytLgFJMPf9Nvvn8FOrop/m1nztOJ6DUGb7zte9wRvXxxH/9azw9UumrVB89nUu8+OISPX2KvuN74MoVljoH6VMK1ddD59IV3pxSKDXFm1eW6OzpQ2+Lqs5xfE8nS1feZEop1JmzjG/mGeVLvu7Sr2Y4efIkn/zkJ3nqqaeamkcQBEEQhCgSsSoIgnAb6Rh+iMnX/mVTc3ilAtm2zvD7jD+B5S3jO+0oVckzqY/YK6XCHI9atpq5WJVSKKv+FzhLRSNdNeYve3HRVSgWKZdd0uk0u3fv5siRIziOw/nz57l8+TK27WBZNp7nsbqywvXxcebm5hgeHmbPnj2k0+nk+TuGYddJGHuxkgN0K1GrlQeHwjLWa/+eDGA98Hm8tsHIPeO/zJrPmNQev9bol+GN7GGj+8evrTU+qT1JWAZBQGbxMtk3vlvJX7sVqarvN3gIf/gkvp2tRLBu8hnj1zYiFJSqpgCIXfOreVQ9zwvTAajKIkBFpaopX3utc1hGdKrvllFBc0f424cfumVpAGCTqQAa9e87zp7OP+J7X/863+s8zvERuDoxRd8TH2XPv/lDvv71SreRp7/MUQVHnz7H737963wPoPM4n/9URZAe3wNvvdXJUJ9CMQRLbzHyyNHKPfue4Bef/nf87h9+nbcqk/HlJ/pQ58KFoYC+Jz7K8X/zR/zh19+qFa9SiibdkiDcs8zOzgKwtLR0m1ciCIIgCNuPhx56aMtjRawKgiDcRtoGTmA5GZS/9WN5bmGVbHtX+H2aRTq815m3Hg2lqY6E1BIN6iMf49JNeyXLsrCdaN+kMXEc28JxLPL5PIODg3R2dmLbNrt372JhYZ7FxUXGxsYYGxvj5s1aZKvneXR3d7Njx45EIegpC2vXg6R3nYQzz29drFY2oSJXX/oW6fIqVNMC6D1Iur8mSXpuJpJ0vesbGZ+0xvVy3+o2s09m9SaZl/4Azn0fbGfNLWtIEEA2j9+3D7+tf0PP0Ir2IAhQqMRxWq6GUtUUztVrSRGtOe9iJA2AW1zd2p4YdO569JaK1Y1y9FNf5mjD1n6e+MUv80T4vfGnyPVwMr6cMFn/E7/Il8POR/lUvFPSuLpr8bUIgtAM4+OVxMmtKnIlCIIgCEIFEauCIAi3ETuVpa3vOCsTr255jsB18d0yTjoTXkurhdo9jAI9tm1H0gI4jhPKKqUUgR+N+rNsC9vanLjUgiqTyZFOZ1ldXaBYLBopCSwcJ0WhUODSpUuRsel0Gtu28Dx3Tanpdwxj73sE58aZrR9b19g2lApYr/0paUCd+uu47TvD5lspVRuxVamqr6/VHh+fnrtA5kf/Cuvc92v7sRUCHwYPEoy+lyDbU40ufHfEtJn6NFBBKFRd1w2Favhz4Pv4QUDQQDy3BVdIqVpEl1IKt7DaTHpV7EwHbQPHWVpabvo4byNu1byCINwd9PX1AdDZ2blOz7WRv2sEQRAEIYqIVUEQhNtM+84HWZl4pak53MIqTjobfp8NpkmpAsrqCKP6bNvG9/1QTsXzTOo/hzkubQvHdrYsBPP5PF1dXczMzHDjxjiWBUtLy4yPj4fRqZp8Pk9/fz/Dw8MMDg6Sz+eBxkLOszIE+58kc+NtUq9+d5O7lUAqDb6P9dJ336L+WwAAIABJREFUyM6Pk3rfL1AeOEHg5DYlBJOOrbdaqrZCSEaO///k38LbP2gu8jcIwHZQAwdhx97wHs0+o+6zXt7Z8IMBFYAikh/Y/ODAr0pVnR5A51U15+5UbwO1771SARX4W98boGPoAYKg/r3RKvL5vMgOQRDWRIvVnTt3rtOzMTqtkCAIgiAINeRfR0EQhNtM9+gTTLzaXJ5Vt7hKrqsnFERplukOXmfR/mBEKmlpqoIAnNqRb91u2zaOk3wUPJ4jM6ndlDtalk5OTjI5OcXk5FSkfzqdpquri8HBQUZGRujp6QnTFej7NDrablkW5HegDn4Abp6Gmxeai1qFilgMgLf/Emd5hvQjP4e793FUrrfhM243qRqn4R66K2SnTpN56Q/h0k82vL6GBD4MH8Ld9xjlXD808QxrpTdIajcx3yOJolEpgphUNfF9n7R73cwCgFtYbiZYFYD2nadwXbfJWRqjlMLzPJEegiA05Pz585w/f37L45P+zhQEQRAEQcSqIAjCbSffd4Rc70GKcxe2PEfgu/jlEqlsPryWVdNYQZHAqkSyrpXLU0tXLWEtu1asSvcx2WgUZ09PD93d3czPz9eeN59nYGAgjE5ta2urk2FKKTzfw7EdUqlUQ1mmdr0HdegDWDNXwC23Rq6ShhvnST3/uzgPXKV84lORvKvm88VZSwjG29ejVZGqcamachfJXPkh1ot/CDfOg2U3F63quZDO4O1/FG/4xIafYa1I2qT1r0U8WtWMdNXRq2G0avX7+N4EQUCHf4EURXTEqgqC5vOrWg49Bz5C8RaKVcdxKBaLtLe337J7CIJwb1MoFBp+8CoIgiAI9zIiVgVBELYBPft/ipuzWxerAOXVZVI5Q6wG43R4r7OQegSoyTzLssCyCJTCThBd8V+clFKV4kBYdUeykzCFVVtbGyO7RlhdXSUIAgYHBxkeHqanp4d0Ol2b3xCCxWKRa9euMTs7y8jICCMjI5FIPHN+L90Fhz9EevIi1vkfbGnf6rBtsLOwPIf1g39N9vppnAc/TXnkYcj1NhSq6wnBzUT8tvL4fygZ/SLphTGcM38Ob/4nWJoBJ92cVNUMH6nlVm2wRpOtStWGkajrtEFFuHqeh+/74T3i/bs5Y2YBwC2uNJVbFaBz5GHsTDdBebm5idagu7ubmZmZMIWGIAj3Hnv37uXy5ctNz9MoVcDS0hL79u1ren5BEARBuNsQsSoIgrAN6Nn3NDdf+t2m5igXVsgH/ViGKLODYnh0vi7aM5YeQEvVuqPt1tYiLPW1gf4B2vJtZDIZOjo6Gs7l+z6zs7NcvHiRiYkJXNelXC7T3t5OX19fQ1EXdO8hOPokzuwVmL7afNSqJpWu5A699BKp6TFS9z2Fd99H8XYcJnByYbdIeoIG+xDv0whTKIZ5Q2MV6zd6/D/yKKuTpK//BOu1fw9jr1SiVI2cvFvGc6GjF//Yh/CHT0bWoN9TSflS42xmD5PG6mjVJJRS+J4X7mP8ddARrba3TFbNYprV8mrzMrRn/09RLpebnmct2traWFxcZHV1VeSqINyjfPSjH71lc8/MzNDV1SXpRgRBEAQhAfnXURAEYRuQ7d5D+/ADrNx8deuTKIVbWCHTXqv467g38PwFnGxXLb+qLuJTlar6FyXdFgQBeDUBZlkW2NEIP1OYaRpFIKbSKXp6etYUZYuLi4yNjXH16tVIYSst5+JHt83xgZXB2vUI9sELWAsTrUkJUFtAGL3Ki98mdfU1Uocfx9v/OG7vIXw7u2ZE73pRlPE+SflkgyAI599MBCeAVZwjff0npE7/WUWolouti1INArAs2HsKb897ca00llKJQrVRKol4+gdYu1BVfB+0VFVBba9MER0EAb7n4TXIq2qmCehPncUq14pU+Z6LV4oWWdssdipP9/6nWSncujQAmuHhYa5evYplWWSzLZDmgiAIVKRqZ2cnPT0963cWBEEQhHsQEauCIAjbhJ79H2HlRhNiFSivLJLtqInVdmeWfucc89b7Qhmlj1vHIwe1cDUJi0kpIpGreg5Y+1j3esKxXC4zPj7O5cuXmZ+fDwv8dHV1MTo6ys6dO+no6Fj3ud38ANbJT5FZnoG3nqtWqW+BPNTo6NUbF+DmO6Te/gGpw49T2vt+3N5DWKm2uiHNFqLa6B4mjbeKc6Qn3yR14b/AxR9Xjv23KkpVUy1YVTr6U5S6Rje9xrh0bZRiITJ+HalqSlpfy9TqhwimnNftWqp6XomcfyFatGp1qfk0ALs/gLKyBMGtSwNgsnv3bm7cuEGxWCSfz5NKpTYUbS4IgmDieR6FQoGlpSW6urro7u6WwlWCIAiC0AARq4IgCNuE7r1Pcu0v/09Q/vqdG+CWiviui5POhNdy/g1sawWV6gijVKEiR5OO9WnppH+JclJORbCiQjmVFD1ojl9PCAZBwMzsDBfevhAe+wdIp9Ps3LmT/fv309vbG64vSciZWJaF270PTn6SzOIEXH2ztWIVatGrQQATl2DyMtk3/pzs7pOoA49RHnkYr20wcY23SqrGI4hTy+NkLv8A++IPUTfOw+piRag6Lf7nPgigqx///p8l2PNebMteV5o2PN5ffcb4PqwVEa3HxVMMNJKrqhpJW1l6NKI1CHwG0mNk/BXColVKUVxebNar0nPgI7c8DUCcnTt3srCwwPLyMp7nvev3FwTh1mHbNuPj47f0HvrfXcdx2Lt3rxz/FwRBEIR1kH8pBUEQtgnptj669jzG4pXvNzVPYXGOjr6h8Psck3SpM8wFDwM1eZUk63QUn23btYhWRS1PK80LwZWVFS5dusTY2Fjk2D9Ad1cX+/buZWBgIPEejaRqKIt33o9/8mdwlqZgfqJ1KQFMbBuwK3JxYQoWvof19l+SG9yH2n0/3u5TFPuPE2S6w+e/VVI1UAFOeZHc9Fukxv4K69rrqNkbqHLx1ghVqDw3oA49jnfwKXw721CqmvK9oTCNPeNG0idUllGJVo3LVF2kynPdSGS1xnyfV/p7dKo3I0WryitLKN/b2v5USeV66drzAZaWV5uaZyt0d3fT3d39rt9XEARBEARBEO41RKwKgiBsI3oPfITFy82J1fLyIkFPP7YRZZIKZvCUFwosMw2AeYzazMMaQdWO/1t2VZQZ0X2RQktrCMGpqUnefvttJienwijVfD5POp2mUCiwsrrK7NwcXd3d5PP5cPzq6iqlUinsC/VRkEopXNL4+58g6xZI/eSPbp1chZpgBXDLqGtn4fp5Uq/+KZ0dvdA3itp5HHf4BEHPHlS2N8zJ2ohIlGfCHtp+Eas0h7N0k9TMRbhxBmviPGp+AkpFlApunVA1nlsdfpzSyU9RzvbhbECqJj0fJOflXU+qhiLVfE8aOV11/mC/2s+MVDWFaiUqO6DbHidrLWNGqxYWZptOA9C990kCVV80ThAEQRAEQRCEuwcRq4IgCNuIrj2PY6fzBG5zUW6FxVnadwyG33dwlX7rNWZ5CKiPAg0LWTlO3VxbyYPZKMrScVIEgcJ1XdLpNENDQxw6fAjHdjhz5gzj4+Ncu3aN7u5u2traCIKA6Zlpzrx1hsXFRY4dO8a+fftwHKfuGbTU9TPdeIc+hLM0hfXqn1SKWbU6LUCcuGSdm4C5CbjwIul0BivXAe290DOM6t2D6hpCte2AziH8dFtdblvHcXDcVazVWSivwPI01uwVrPnrsDCBWp6rPFcQVPyfbUfXcKsIAjjwCOVTX8TdcRgnFmmqXwMgEqmaVOxMs167iZlXFYhIUx2pWolkjR7312vzjXyrldQB0McbkXu4hWUCr/nj8z0HfkqO4QuCIAiCIAjCXY6IVUEQhG2Ek2mne99TzL39H5qap7Q0T1tPP7YhStPBHIEV4DhOKJqgVo3dsW0whKUZ/acjWW3bBkWYU9Mcn5RDU7frPr29vezduxfHcRgcHGTPnj1kMhlc12VgYIC5uTlWVla4efMm+Xyeqakpzp8/H6YMuHHjBr29vfT19a0p9Py2IdxTf510tg3r5e/C8tyti1xdD7eMKk3D/CRcP1dZo2VjVaWgDaQBdF5cNybjggBU9bWCSkSqFsW3WhibeC7sOUnp1M9THjhRJ89NNipVNY1yskbaqjl+tVTVaKlqFqMK1Np9NG3qGjlrnki06vzMprcmTqZzhI6dp1hcXGp6LkEQBEEQBEEQti8iVgVBELYZvQc+wuz55sQqSlFcnKOttz+81GldwbNfZ846FSlQpaP3LMvCDwKs6vfxwkCQILzM89Iq+Xh+XKjt2rWL3bt3h/cIggDbsRkZGWFhYYGxsTGuXLnCjRs3cF03kjKgr6+Ptra2RKkal3le2yD+/Z8nHUDqlW9DYfndFZEmG4kmjQvVzYy91QQBjByl9MgvUtp5KhKpCkREfaNCVo0w86OahaziY5KkqnnviDhVCrv6ftb319Gs5nx9vB6Zyy2s4JVKm9mZRLr3fRjX9SQNgCAIgiAIgiDc5YhYFQRB2GZ0jLyXVL4XrzDb1DyFhRlyXb2RqFXbX8ALvFCU+r6PbdukUqnwmimqzLyrlmXhOE4lt6WKRrvqvKv6mhllqIkXMfJ9P1IMK5PJ0N/fz+zsLIuLi6FQ1SkDDh8+TF9fH1A73h0ppmUR5sUMizulOvDv/xw5toFcvRMJAvBd2HmE8iNfpLzroboIVH08H6qpIozXIKndzLsafw11gTQt6c2j/xF5a9uR4/86stoUmYFSla+qcI1LzjZ1jbwVjU6tRKs2L0N7D36EYrEoYlUQBEEQBEEQ7nLkt0tBEIRthu2kGXrgl5qeRwUBxaV5sKzwq9seo9+uROlpMQW13Kme51VEVVVWBUFQE6oQXjPFK1aDIkQJUjWp3bIsSqUSV69e5cKFCywuLob9urq6uP/++zl16lQoVeOEUaokpyLw0124Jz6Jeviz0NEbVrUX1kGnINj3EOXH/xal0Q9Aqq0+UrWBNI20h+67gVQ1/KOOWA1UEJGqQC0dhTm/kU81XLpZxMooWKXxfZ8d1psVGV/92XBLBdxic7mNAbr3PkG6+0Bd3lxBEARBEARBEO4+JGJVEARhG9J/3+e4+dK/wC83l6OxOD9DvntHmM8TwPEX8JSLbTt1Uaq2bYdCSEsss7iVGTUI1IpINZCaUC9VTdyyy+zsLJcvX2ZiYiJy7H/nzp3s3beX3t7eULZpImI2Yf6I0LPAyw9QPv4pMrlOrJe/A9NXb1/O1TsBHal68H0UHv2blAaO49hOYhoIfW1NqWpF8/KafeLtjYRrdHlBJBI1Lk5VrFBVvPhaOzdos6YjcxbmpqEFEabDD/0KxWKx6XkEQRAEQRAEQdj+SMSqIAjCNsRO5Rg4+cWm5wl8j9LSApbxvx77MgNWJWo1XlxISygtrOK5MuNHrs0j/+Ecqr4yvIkp5ZaWl7hw4QLXrl3DdV3S6TTDw4O85z0nOXHiRChVG0W7xtH3TxJ6bn6AlaOfoPyBvwnDh8AtSfRqEp4LjgMnnqb4/r9FefBEolSNFJtq8BpZloVlW3VSdT3pqqVqUn5WM2Jay1UgIv4D4/1sprSASlT2gPVyJVi1+j+vWKS80nyhqc7d7ye74wie5zU9lyAIgiAIgiAI2x+JWBUEQdimDJz8eabe/H+bjlpdnZsi29WNbddyrea5Ad4RcLqAmjTV8kkf/TfFls7Hqr8Po1W1cFvj6L8mHmna3tZOd3c3s7Oz5PN5RkdH2bVrF+0d7YnzrJViIC7rLDshn6eTY3Xf0/jtQ+Rfexbe/stK0SiJXq1FqbZ1oR74OMWTn6XcPhyRnnXRpNbmX6O68bGxfuCjApX4/jGFqi5GpaOuzQ8F4jlVzfsPps+RC+Yj867OTTa3d1WGHvxlCoVCS+YSBEEQBEEQBGH7I2JVEARhm5LKddN37DNMvPaNpubx3TKrM1N0DOwMr7U7cwylzjPNI3VH+6EqKX0fpypStaTSIksXs9LFisyoQLOQVSO0bMvn8+zdu5eOjg46Ozvp3dEbirIkIZc0R8LkDdMT6DW6QyexHu8nO3AQ67U/hbkb4KTv3cJWOp/qrvvwTn2O0uhj+Jlu7AZ7bFlWy6Sq7mNKVd0/usR6qWq2+b5fyxFcFatmpKpSCidYoYc3KjevUlpZorS8SLO0DZ6gffgUCwsLTc8lCIIgCIIgCMKdwT36G6QgCMKdwcD9P4/lZJueZ3V+Gq8UzfvYHlzG9lciUX6RY9OWhef7eK4bEVlm+oBIESuSj26bx/MVqk7GdXd3s3//fvr6+yrCFisxSlKj27XcNfuYhazi7fEiSl7HCCvv+SLln/n7cPixSrSm5za913ccnguBD4feT/mJX6Ww70n8THfDPdTFpPTrGHk/KCOf6SalauT1saL3Du9v5FXVmFLVfA9Hcq4qhed5DDovY1OuXQ8ClifHW7KNww/+DcmtKgiCIAiCIAj3GBKxKgiCsI3JtA/Sd+TjTJ/5VnMTKcXy9A16dx+ozW2t0h+8xLj/GACWVV9t3bZtfCPqz7IsHMdJLBhkWRZOyqmr2r5eioC1ClE1Gh8Rdg36mLI3rFwfSw9Aqo3i0MP4H95LbvTPsV7+7r0TvaqjVHeMoB78BIVDP005V5PbG91DM7duo/QAul8jqRrP2RovNhUXphF5X42u1vLf/ABA9/V9n3T5Bh2pK5F1rc7P4Lulprcy33+Urr1PsLCwWPfBgiAIgiAIgiAIdy8iVgVBELY5g+/5BabPfAeU39Q85eVFiksL5Dq7w2vd9mVc1c6Uek8k8lDnW9WFgdKpFLbjhDlWzWPYOjWASRidaLBRqWoKu0ZEImTXELdmJGujdiwo5/oITn6e3N5HcV79Frz5n6BcvHsFq+dCOgOHP4j/4OcoDRzHszLYJO9RKFUTUixEXoMGhajC18DS3aJzBEEQpgAAwnQSvhcVqnGZH/g+rutSdt3wvarvaRL4LrtyL2MZ7xXfLbMycxNaIEKH3vMlSqWySFVBEARBEARBuMcQsSoIgrDNyfXso+fAh5i/+J+anmtp4hrZjk4sQxa22xMsBGUCuz08Mg21I/+O4xAoRaAUtiG3tESybZt0Ol3Jz6oIj4rrOUKMQkVJOVM1SVGoleENjpbTWPg1qjwfP3qOBb6dZaX7ENbjv0726IfJvP5duPjjSnGru0Wuem4lSnXfQ3gPfZbizlP46UoBM4s1pGpCJOpGClGFkahVaaqFqRmhar5fwrFBJd+qmWoinnYiLlWTjv/rDwl2OOfIO9E8qktT4yjjA4Ktku3eQ++BD7OwtNL0XIIgCIIgCIIg3FmIWBUEQbgDGHrgS8xd/I9Nz+N7ZVZmJiOFrPL2LDusM0zzSERO6TyXAHZVmOlIVZ2H1XGcUKbp1AF1kap2fRTqetI0IvNi0nSjlekbHv+PE79Hup3i0MOUnzxE7sjLpF79Llx5vdL3ThWsWiAOH0Cd+GmK+5+i3D5cuWbknd2omDb7NHqdTMJiV2tEqYb9qB39b5S/NwgC/OpXXOKb6QKCIEC5S/TnzhEvWFVcnNv4/q3B4Ht+kbIXRKK4BUEQBEEQBEG4NxCxKgiCcAfQPniC7n1PsjD2QtNzLc/cJN/Th5POhNfagsuo8l7I9oeCSEtTy7IIlIJqgSuzsJApXzV6fPw6EMpOTZI03axUXfPoOeukB2ggZbEgyHazuu9pnJFTZMdfJnX6z+Dam6CLgG13yapzqFo2DO7Fe/AzFPc/hZ/pqjzvRvewwR6Zx/8bvU5Qi3yOS9V4wHIjMRrE5KkutObGiqpF1laNVPW8EgezPyJllyPtizevNLe3VVJt/ew4/HGWVgstmU8QBEEQBEEQhDsLEauCIAh3CLse/e9ZGPt+RZY1g1Is3rzGjtGD4aVcqsge+1Wuee9HkYsUsqoMUWEOSy3AbF3NvSq2giCISLQgCHBSTlSY6YrythUpkhS2b0DWNZKqG00PsJGcrGa7yvZS3P9h2PMY6bkLZC/+F6yxF1GzNyp5WC17e0lWLRrbumDPSdThJyiNnMLNDQBE8ow2kqobzam6lT2Oy1I9jx5rFqqK59zVUtXzvPD4v1lkS+P7Pr7n0e9cpD01gxmtujo7iV9qvmAVwMipv03ZtyRaVRAEQRAEQRDuUUSsCoIg3CHke/czePILTL7x+03PVVqao7S8QLajVsiqzZ6k3znNRPDeMNrUlFlQEWCpVKoayVhLAaClqo5kdaqFrlBGBGIQlXGoyjF9fZ+NRKqGbORo+jrCL8660tXJU+w7QaH3OJnjnyE/8SrWtdewJs6j5icqkaxaer9bslVHpep7tnVh9Qyhdh6jfPAJygMnINWmHzB8vjA/biOpeov2cDNSNbFYVRDgeV5dpKoW+brd9zxS3jRDuTPR7fJcliavUxcuuwXaBo6z49inWZTcqoIgCIIgCIJwzyJiVRAE4Q5i5H1fYebtP8Mvzjc91/z1MfoPnMBJp8NrPfYYi8Ve3LZjYSSg53kopcIiVXWiLVYwKJVKRdv9BIlVqZQUjvUDHxXUIhTXkqpbTQ+wXhTmhtqrMtjv3MVK127UoY+TXrlB9sbLFck6PQYrc6jiclS0hovfonA1BapJJofV1gXdFZk6P/gein3HyXfuSIzm1X/Wz2k+363ew81KVaikk9DjXNelXC6H70f9XjHHaqkaBB4H2l/BsX10tKpSirlr77SkYBWWzegT/5DVQkmiVQVBEARBEAThHkbEqiAIwh2Ek+lg9/v/LmPf+62m5/LdMnPXLtK3/6hxvD9gOH+OsdIITrYrkgLAzJmaFE2oo1XNdi3GtAizbTtSxMjMuWpZVl3VePN+jSrPhxGWsHZ6gPUKXW203WizLAu3fSelgx9D7f8ZHHeR3MI7pGYuYs1ewVqeguW5mmx1y9Hcp5UXAgK/uokOOOmKfDX72Takc1i5DmjvhZ5hVO8e6N2N27WLYucoXqoTgPwG91A/56ZSLGxwj+KsJ1VNoRqPUA2CIIyajr8X40JWM5r/CdnUUmQNy5PjlJYX6xe3Bfrv+wyZ3iMsLrZmPkEQBEEQBEEQ7kxErAqCINxh9N/3aWbO/ylL13/c9FzllUWWJ8fpHNoVXss5y4xkXuK6918BoFSQmHPVdV2gUuQqVS10ZVZw18IrIiJtKyLFwpyrhlS1dIShGWG5hvCrTZ7crgslWba17tH3dY/GN4iWtSwLy7FQTg/F3MNYw49U1u2tkilOk14axyouQGEBq7AAbrEiXb0SpLLRF8Wr5v/MdaFyXZDOofLd0NGPynVTbhugnOsPj/iH0jNQkTVuZg/XEtcbjmRtsEcbkarxPqZo1YWq9PstSchW3muVnKvd1kV6UuORLS0tL1ZTADRPKtfDrkefYWVlG6YAUC6Oe4mUP4VtSSRtKwiUjecM4Kf3g5Vef4AgCIIgCIJwTyFiVRAE4Q5k9Il/wOk/+HzzhayApcnr5Dp7yLR1hNe6nRt46ifc8B7Cth0cJ1qESkcOQqVQUEWM2uH3ZnSrbdt1OVeBUKpqLCris07mVRrXFYK3SqqqqrB0LGdTQhEgcHIU8rso5HdV8tNSxvaLKLdAurSA4xXwU/lKlGoVx12FwMNP5XGz3QROBt/Kopx85Dki66P+GcPozy3uofmczYjnQG3u+L8pWXUKANd16wpU6b6VfKsVqZpyp9nd8Ra2ETbruy5zVy/Wjd0qI+/7Cr7Vhu9vL7Fq+cukCy9hWR4AolVbRyq4ilO+gZt/GOV0rD9AEARBEARBuGcQsSoIgnAHku89wODJLzL5+r9tyXyzV95m8Mj92E7tn4Ve5x0WlnMU206G+Szjx65t2yaVSoWSTOdi1bJVpwcwI1l1zlWdm1KnB8AilHCmdA1zaVI7Kp7UHs5PtE/YZhyNr4uWXePofKVQVzX6s9qshWYkX6lNmDe2UTSuTxbfzkK6Gzc/FCnoZUaLRoQoVKVm9DmCIIiON9o2sodmYbGN7GF8j5LaG63PRI/XR/t1X00oVXWkajWnqjneLFQVBD6BH4C/yoH2n+A4XqTv7NW3Cdxy3Tq2QtvAcfqOfYaFxeWWzNdKnNWXUcFqC8pyCcmUSa2+itv5wdu9EEEQBEEQBGEbIWJVEAThDmXXo88we/4/4LWgkJVfLjF39R369h0Nr9k2jHSOMVYcQTkDkcjCMF8qhDkwATByq9q2HZFwWp7FoxfN9ABxGWdKST22ThhWIzWBZCFoR6NIk9rj4+NSs05cxoViAymadH+zT3h9HanaMIp0E3u0kT0Mc65uYQ/jhaqSpKrGlKoQLVJlSlU/VhjKjHKtjK++p/AZbXuNbKqAmeR1eWqccovyqmLZ7H3yf6JQLCdGz95OrNUzqPKsSNVbTgm7cJ4gf+R2L0QQBEEQBEHYJohYFQRBuENxMh3s/sBvMPZc84WsAIoLsyxP36BjYGd4LZcuMGq/ynX3A/h2W3jdPLqtv/c8D8uyKsf+Y3kwdbSrKdJ0igALK5R0SdL13RCCZi7StcYnEpOia+WN1cfmw2dIWN9GpKqWlvFiYPHXZit7aEbjbmYP9TP6gY8KVDQi2SAuVeOFqzzPq0hVo4++rylV9fF/FSgGUhfozUxG7lNeXWbx5tW1X7tN0H/8c2T7jrGwsNCyOVuFWrlEEJRu9zLuCdTyBRCxKgiCIAiCIFQRsSoIgnAH03/fZ5g+9+9ZutZ8ISuA+etjZNo6ybR3htfanFlGeJGrpVN45LBtJ4xG1ZGqkSPx+r9VyRo/6m32j+fWhHoRF/a7RUIwsqZNRJomRapG8sYmRLrGj983ekbzaH3DPnZljevt0bshVfUz6kjVpNcyqYhVklQtl8t4nheuUd83qVAVQJd1iZ35c4SbDgSex8ylc6igNZlGdcGq5eXlbRetCoA7h5Ksqu8O/hxsx/eAIAiCIAiCcFsQsSoIgnCHs/eJf8ibv/+5lhSyQilmxs4xfPRB7FTtn4jBbiuwAAAgAElEQVQOZ4LB1BtcLT2IZdlG91qkqk4PYMo0LcK0gE3qA0SEm04lUJmAiHjTc5iRphuNVF1Lmm5mfGWShCjRBnlfG7avIT2T7hHPqZooZpu4fzxvbNIzbiT9gH4t42uPS1RzXv0e8TyvLlLVHO+6LkFQlfmBop2b7O04jR07BD935W38cusiOHc//vfwyON526tglcYvzGCl8rd7GfcEyi/g3O5FCIIgCIIgCNsGEauCIAh3OPkdB9jz+N/j6l/8k5bM55eLTI+dYeDQ/RE51pe9juVkuOGeAurTAehCVbqokO6j0WkC9PW4aDOlq76vjnyMF7paSxquJwSbGb/W0fxG0jLOZnOi6uePSNX12o3nXE/aJuWVNfPerreHev4wzy41ga7X1ihaNbymKnlVTalqvgf0e0oZ8jfjT7Ov5xVsO8DMq7pw4zKFhZnEvd8KPfufpvfwJ5ifbz6X8a2itHCFdOceLOvdUn6fpv/RB0l5Yyy+9K9YbdTtwDMMD/QbF4qUL/9jZm82mM+8ZM49/MsM7t2HXXiVm69/t/Y90xR+9FV0cobu9/wW+XyjezSP8ku4K+O0rd9VEARBEARBuEcQsSoIgnAXMPzgL7F0/SXm33muJfOVFheYHTvPjn1HIgKvx77EYilNIf8AoCNNAyzLDqWoThPgum5ElmqpCtFiVhCVlVoMxqUtJAu/VkWarhvJahS5ipOUGiBpDZuVquFYPT72/JudfyN7aDv2hvfQlKrmM8TnX0uqBkGA63lhoSrz9dftWqrq9VveCoe7XiJlu5G9WJ66weL4lfjLs2UynSPs+9D/xtLSUsvmvBX47ir+3AVSuR7sTPe7ccfqWyIg8Ir4CT3aT/7P9HTncSd+k8kLlWs9D/0O7Xt/i75c7RqHfoNdQ4Ow+hLXX/mj6sXPM/j4w3Q9+ms4P/i/mPerf1coH98rgv6efrLHHsZ/8weV1SgAhfKL+F7rntZC4ZcW8IqzrZtUEARBEARBuCsQsSoIgnCXsP/D/ytv3HwNb7U10Xqrs5PYjkPv6KHwmm3Dnq63GVvMspo+aOQDrR3pNtECLik9gG7XEaqmlF0vj6WZrzScv4E0DdexiaPt5vi11rJWNGtSFOhmj+cnPWP8/msVsorTKEVAo/GN9tBcWzwqOSlSNakQlapGqbqui+t5de3xSNVwDd4qR9p/SDpVjjzbyuwkc1cu0CosO8XBj/0fFD0b33fXH3AbCTwXcCm7N7HsaZxMJ3a6HUj+IKB5qj/nKkCVC/XZXXf/d3R152Hlx9x8qxBenv3Rt3E++FlyQ3+Xnrd+h1l+geGhQXAvMPejbxrzfJOb3/umcbuaWA3KBUOsgt39YfoG/zNT1wh/3pRfIIi+PbaEUj6Bu4xfXgaVpI8FQRAEQRCEex0Rq4IgCHcJqVw3B376dzj3nf8WWFtMbpSlqXHsdJqekX21+ziwr+stLi3AavpAGK0KtZyrQJ0sJSG/plnsyoxgTYp+jEQyxoRkPIqyrkhUE5Gq5r1NItKxQaRsOH4LUnWtZ6y7/0aescER/qQ9WmsPk/KpxvGNY/1JaQCANaVqpUBVEClUpaXq4fwPyWWKmJa5uDTPzNg5WvW+B9j16FdI9xzZ9tGqAIEZnul7+G4RmMJ2clipHHYqBy1NE6AlY4DySnURq119I9iAu/AvY5Gj/5HVpY+S29GJM1LC7xwlDQRLr7DgrZETN/y7wcf3Ssb3AHlyI1/EH/tG9dVXEJS2HrEauARekcAvovwW2FlBEARBEAThrkbEqiAIwl1E957HGHnvlxn/8ddbNufC9cs4TprOoV3htZQTsK/rLcaWbErZWkSrKdDMnKs6QtU2ihppaar7rxfxqpRC+QnibB3huNl8pRs+ng91sjU+fivzh33WaUcZ97cI0xSEBb3Wyqu6wTVGHyxaSEyL0/jrqaWqlqNJ4jVJqppH/3Wkqi5UpaXqwdxfkc9GC0iVVhaZPP+mPgfeEjp3vZehB/8G8wuLLZvzVhJ4yRYx8JahtAyAZTlYTgbLTmM56SbzsRqpABIiVtOZNmAVb64+crTyMrVhtxXoyHYB4K386doRpl5QuZ+OWNXfL5+lkD1Gvv0BhkYKeDpi1dt4xKoKXFTgEvguKijDOtHygiAIgiAIgmAiYlUQBOEuY9f7vszy+EssXvtRy+acvfI2TiZHW2+tEE06pRjteIsryxal7MFQqlVyrloEQUX0aSlqRrI6jhOJRPU8ry43pxmh6vt+RApG+ipCCRiPiDUFZDzSEqjL+7re0X9TyobrNHKvxtvjAjRpvCk8E9sNGuZMtezGQlWPS5LSG3xGc1/NI/5QE+j6Na5J0VrhMVOe6nYtZs0v3dfzPHxDFlpBgQO5l2jPLWNGqpYLK0yefwMVtC6hZirfx8Gf+ScsLa9Eoqi3M763kVQFLrjFyBXLTmHZKbAcLNup/DmebyL5jtX/BgRukfjuh7lOgyLxpQX6vamKkT9X+n2M3R//ZdrStf7lKz/P2EItFYDnFmsRq2qCq2cDDt5/nPyR/5HVYvy+qpKuQAWoIAj/DAEEPmqLx/vXS1UiCIIgCIIg3DuIWBUEQbjLsGyHAx/9x5z+/b+G26J8qwDTF08zePQ95Lp6w2vZjM++rjcZW/BZcfajlKoc/085obT0qlGJZmSjxjaKFEFFwmmhakpP3RY51m7QKC+rWajJ7KNlYN3x+9gcug9A4EejL83xjYSmef+GUnatdv2sisToT3MvEqWrscb1pG18DaY4Ndvjr4N5f1OqxvuZkaheg5yqSVI15c9zsP1l2vK1XJ0AXrnE5LlXq/lFW4XFoZ/5J7jkcd2Gte63HcFWz70njrMgTB1hY1W/rwlXCyjXIkhLy3hU8izrPoXCMt2dHTgdBeKn6QP9IYhfYGZpjsH+dpzcT+GX/wT4Fpe//S0Aep/6NwwPdqD8VXxP53R18UvLEH5fxjv9P7C498/o7TpeFbIKVZqivHxnSHFBEARBEAThzkbEqiAIwl1Ipn2AAz/9jzn37b9Nq/JOKhUwef4Nho49RLajK7yeTikO9LzFOzMFltP3xcaoMBWAbds4TkW4msf+7SCoipuKaHVSqVBWatEayTVat65otXmoilO7lmpgLeGoxzWSnhsZnyhlY1I3/jJsVKo2ksaVTtXn9pOP3MeLTdXNb4hhPYcpRCPrU9Fo33jqADMK1ZxDj/c9D7cqXeOvmb7m+z6BkQ4i5c9xuPMlctkyZiSl77pMnn0Nv9zaHJgjj36Z/PAp5ufnWzrvraa1cnkjuNW3k0dQmK+LWJ0ce5uBwYfI7vhV3NXfNlp+jo6eDuAyKy/M4PLHLO/6O3T0PEz36v/DtNGzJmBncd3qHVQZtzAP4fcuXnGJq2dfoet9D1H5KEahghItDGIWBEEQBEEQhIbcqnKxgiAIwm2me/QxRh79MhWj1pov5XtMnn2F8soCVjWQzbIglYJDA5fo9t/Crh7zj+fMjFeH1yLN9Txc1630iRUuMvN0NhKMZl8wolGxCPwgIgzDiNgNSlW9zrUiVQN//UjUumjX9aRr9R76eH8cLT3XEq860tX3/DWjbc1nTJKq5mtlvn7m/m1EqpZdt+41jUtVvxrJqpRPmzXBfb0vks+VI++1wCszceYl3MIyrXxvd+5+Lzsf+VUWF++MvKomge+9y1/6CH/l74S69jd+jZs3lqD7Zznx0b8WXt/9mb9DRwaK57/IFd8j8H+fC2NjkHmIkc/8Zm38B/41I8Od1YfzQsmKUpX2+Pf6fuGG3NrnFwRBEARBEASNRKwKgiDcxex6368xP/Z9VibeaNmcvu9x461XGDx8krbegfC6bcOB/svcnCuxYD2AS66azxAsqyYRtQCN50yNX9PX1xJ9+s/m2Hikpyn6HMfZlFRdLydqw/QBm5G2STlTdVGvpCDUmNht1Mfcm/oORNIDmFGk8b1OEqrm/poi3IxmDdurUtU8/m9GJFfG1eSvUj4djHOo8zROSmFGqrrFVW6eeQWvFE0L0Cw6r+ryyuodk1fVpFHxqlt4x8p/sqfY9St/xS6jxRv/p7z+J7/PxL97momn/ohTR3+DB3/lN6qtSyz98GneNv86+t7nefl7v8XxX/0kD/7KxyN3KZ57hLeeB+5X1dQDQeVZg9j3wMS/e56+X/0kOUAFnkSsCoIgCIIgCO8KlpIM/IIgCHc1bmGO03/w85QWrrZ2Ysuib/8xuoZ21TXNFge5snICZecBcFIpUtUj/rXhtahL27YrqQJsO0wFYAo+s09c7JnzxKVgXBg6jlPNHVmTmpFHalVO1Ebzr5PzdEPzV3O+rlVoq5FYTRofP5ofl8bmV5K0biRVqUrXJKkaPl9CpGqXdY0DPWdx7KjgLC0vcvPMKy0/9m45GY5//htYXQdZXb1z8qqaXP6jj0HwbqcDuDex0u2Mfva7t3sZgnDH8KMf/YhPfOITt3sZgiAIgpBIK06rScSqIAjCXU4638uxz/4ep//gi3jFhdZNrBQz77yF8l26d+2LNO3IT+JQ5PLSCfxUb7V7tFgRVOSalqJQrRhuRLSGwtUoZBWPEtWCT8/TqMiTlqpaeG41knW9nKtbLmS1TqRrpRMNn9FcB7BmIax4NK/Zx9zjRveBSiSrLlSF7mNEouoiVXHpGk0DUIlUrTQG9FiX2d/7NrYVlaqFhTkmzrxcqezeSiyHwz/7T3F6DrO8vNzaud9FUp17Kc+evd3LuCfI9tR/kCQIgiAIgiDcu4hYFQRBuAfI9ezl6Kf/b858628RtLja+ezlt/HdMr17j0QiUrvzSxzgFa4sH8dP7wGiQlWpAMuq5QnVctRMFaD7xwte6XYz4tWsPK/bTTmr77+l9ABGzta1ikSZ94g0byIStdE99ByNpGtcqurj+3oP4utqtFdmTlzdDwjnCI/+a6lamSDyOmqpmlSoqnbv2vF/KygwlD7Hrp6btQ2tsjJ9k6m33wzTSrSSgz/9j8jvevyOzKtq0nHgE0xPvnm7l3FP0HHg441TbAiCIAiCIAj3HCJWBUEQ7hE6dj7AkU/+c85++78B5a8/YBMsjI/hlYsMHr4/zKcK0Jkvcch5jUsLRYqZA2GkqGVZOKlUnazTgs+M3rRtG8/zItLWjHLVMjBepV4pVZeX1SyWFApXy8gJukYkasMo0WbTB8TbG0WiNkgfYLbHj/fHUyPoe8RTJOj90TI2Hq1qPn+8AJVlWdjV/fM9D7cqVON5WfWf40f/U/48u9vO0d9ZLzcXxseYGTtXd70V7Hr0GboOfoz5+flbMv+7Sdehj7Nw7o8pTb91u5dyV5PtP07nwZ+93csQBEEQBEEQthEiVgVBEO4hukcf48BHfpuLf/4PSKx61ATLUzcJfJ+how9gO7V/XrJZxZG+M1ybnmLaOgHVvKtQk3pmJKo++q+P/2sRqAWePm4eF62NikgppSI5Ps1coZULtXyjiZFoan3hqdfZjFRds1hV9Qh/o5dsI0f39RoaSVUz4jQ+h1moSqcAMCN+tUg1v+KvUXh/3RYU6OQ6o73vkMtGi1QBTL9zhoXxyw2fpRmGHvgFhh758l0hVTXDT/421//81ynPX7rdS7krSXfvZfjJ377dyxAEQRAEQRC2GSJWBUEQ7jEGjn8arzjH5Rf+95bPvTo7xfgbLzJ8/BSpTDa8bjsWo0MzdBde4fLSCVS2PzzeD/WpAXRagKTj/47jhBGrZhQqEDn2H5Gn1ORgvLBTowjNsNDVehji1VzHZqVqYrSs8Yy1fYoW7NLj40f7TeJCNbIOQwx7RnX5eB5bHaUaGJGo5r09z8N13Vp6AGN+s0iV77vYQYHBzAV29UwQ32KlFFMX3mRp4nridjdL74Gn2f3Bv8/8/PxddaQ73THM6Ke/ycK57zL7+jdxF6/d7iXdFaS7drPjPV+i++insVO5270cQRAEQRAEYZthqbvptwpBEARhw4x97x9x89Vv3JK5U9kcw/c9TLaju66t7NpcmjtEIXMQqElFACeVIlVNERA/wq5loo5mNcWi2R7Pq5qE2TcuRONjzbZGxKVs0vH7ZtrNPvFIXTMnqild4+kFzIhc8x7msf1GUbuB7+MZ0ajmfmip6seEa3ztWqqm/HlG28+yo3Olrp9XLjFx9mWKi3OJ8zRL155HOfzJr7OwVKgTwIIgCELr+fGPf8wnPvGJ270MQRAEQUikFbUWJGJVEAThHmXvk/8ArzDH9Nk/afncXrHItVd/yI59R+jZfSAiAzOZgCMD57g6Oc20dQJVTQ0Qjy41oyeBUKbq9qRCVrqfmS/UnDse6RmXgVq2JQlC3/dviTTdSHtSH1OqJq3XFKVJwtSMsk2aw2zXR//NfnrvwmJWvh9GHZvSNQh8fN/F8lbptm4wuuMS2Sx1rM5NMXn2NXy3XN/YAvJ9hzn88X/O4nJRpKogCIIgCIIgCC1BxKogCMI9imU7HPjo71BemWTx6l+1/gZKMXvpLIX5aYaPncJJp417W+wdnqWv8CPemTtMObMT20nXikglRU1W5V1l6sb5VH3fD6Vj/Ni8eezd/G+8PS4kdVs8kjUuPE05vNbRfLNP/D7xY/bx9ABaqpq5TOPta+VL1fPq9SVFoIY5VT0Pfw3xGqYHMFI5RCJhjSjV4exFhnvn64/+BwEzl84yf/3W5QbNdu/h2Of+BUsFLyLkBUEQBEEQBEEQmkFSAQiCINzjeKVlzvzxL7Ny841bdo9UNsfQfafId++oa/PdgGvT/cw6J7EznUYkpo9l2WGu0/XSA4RpACyLwBCSZvqAeFSsnsPMqRpPD2D2ibfHc7KaBbe0dDSlbLwgVyMpmyR2k3KqmlK0kVRtVKxKi9Mgll7AnNvzvIgcjue1rUSy6vZ6qaq8FfL+dUa7L9HRUf++cIsFbp7+CaXlhcT3TStI5Xo48defpaC6cF33lt1HEARBqOfFF1+UVACCIAjCtqUVqQBErAqCIAgEXolzf/LrzL/z/K27iWWxY/QQO/YdSYzgLJRSXJg5RCm9C4uKgLQdG9uOStG4bEylUhH5miQ8U46DXZWaEM1XqqVsPGLTHB+XqknRrGtJ1yQpmtTe6Oj+WtIUqNsfLXWTxG2kEFUsb6vur6WpTscQj/Y1j/5X2mv7VxGyJRx3lj3t5+nrWqmLUgVYnr7JxNnXCLxbJzuz3Xs4/oVvUvDzlMu3JsXAdmL2L/8Zv/OtK/UNo5/jN3/9Meo/1hDuTGb5y3/2O/zkkd/k1x/bEX4fvvTyegvbCBGrgiAIwnZGcqwKgiAILcFOZTn6qa9y6f/7X5h849lbcxOlmL18ntX5aXaeeIRUJlphO5/1ObnzLBPTV7jhHsNP92JZlUJWpmg0j++buVTjslZLUaASwaqPzZvCskG+U1NIxnOw/v/t3X2MHPd93/HP7t4jySN5R/IoHqU1pZNEyYlMJVTcYx07tpG4kSqj5bFpUyOo26KpBERKixZipKAFCqSBGLIFHEgFpKRBEbRO/mhJtgkgOVBRK0VlXmwyluIHhRJPIo/iUeLDPfGO97C7M/1jd+5m9+bh95ud3b3jvV/AYfY3v8eZXTvM19/5jX8uf0A1qL+/TfkWRD+eHxZUDepfex9qH++vDdwu37/Ki6hqtxzw1l+9Z2r1OvzjO87Kfc9kVvZTdQtz6ste1N27PlJHuyRVfy+u4+jGB+9q6qPRVfcgTZt3/6QeOvz7ml3MqtCgfVvXpDUQVJs485JePPtYy9exUYyefFGnBp7WiWcHK+Xn9OLJfp04MtjilQEAANz5CKwCACRJ2Vy7Br/y2+rsGdDl73yjYfMsTE9o7Oyf666Hf0qb+/qr6jKZjPb0z2tn4S91+ZMe3XI+LadzpyQtB/IkKZstB0yDApVBGaLeI/O1e6pmffX+NrWBWi8wGfWiKX9w0z+HyeP7/v61e55684VlotbO7wVEXddV1je+F1CtDZh6qvZWDQi8eufK2wOU5DqVNeQyywHVruJHumf7R9q6pbhqfElamp/T1R+d1eKtxj36L0nb931B9z/5u5qZXVSxgRmxQOuN6u2RvIZfWAmiDn5pWPkX39bokUERWgUAAGgsAqsAgCp3H/o1tW/aoQ/e+LcNm6O0uKgrb4+oa1uf+h98RF0926vq29szuu/uOS0sntWH1+/SXO5eudluSZVgYiWeGfSiq6AXQEnVQVXHcZTL5eS4rpxisZzF6nuU3z9O7QumvLrawG3Qy51yuVxVQNUbyx809Qd0/fuZep/9gdXawK3Xz5+tupyRm8nIlZbnLRaLoS+7Csp09W914JUdx5Hj3zs2m5FbmFOuOKG9Wy5p57bblcf+q7NUi0sLunHhx5r5+HLtTyF1fQ/+ogYf/w+amr7Fi6oCVG0X4M9uHT2p516ThjSikbG8hl94Vod0Ri+9eEpjkpQf0pBGNL78+Hk5M/IV7713Q0+XMyRHT1bGH9OLL6kma7X8yPr4EyfkJVNOnHlJL44/sZxdGTimd14r5aqs2KC1+1Jly32HNTx+qvK4/JCePnFkJeg4elLPvbLyAr/8cMg1+u/XhO/eSBp6+oSODNZe36hOPveK9LS//JoGKuur77vwDOrIiWerv+TJcQVsCAEAAIAGILAKAFhl94FfVq5jsy586zfklhr3GPXC9E2Nfe9Nbb97UDvue0i5tvaq+q5OVw8NjOv6jU/0yeKntNi2R9mOnuVH/KN4AUd/cM0LEnoBz9rAm/fyK0nLAUp/pqik5f1Y/XuU1gY7/futhmWZ+gOn/vH9Wxh49VEvoZKCH+/3v8gr6kVU/oBrUKDaK5dKpfILqZYD1UW1FabUl72ogf4JdXRUb6vg9Z0ev6gbF34kpxScxZqmu376H+ueL/yGJienql4+tqGMndKLz53ynfAFEUdP6sVTA3r6xLMarAQ5qx4ZHxuRnj6hE4NSOQh6Shp+QScO9VWCj1L+sXLTiTMv6ZXxYb1w4pD6KgHElwZe0LOHjuiF4fGQrQD6tP+xvE69Paojg4OSJnT+7JiGnhiMGdNgQ4GqtQcYOaXxSv3oyef0yksDlfWN6uQr4xp+4UQ5GDt6Us+98m2NHjqiwdGTvvWU+33zzH49e0g6881TGnj6hJ4dVCXIelKjJ45UX9/o2xrP5zXmK4/kH9MLfel+F1UmzuilV0Y09PQJslUBAACaYPX/FwQAgKSdD39VDx/5A2XauuVKDf2b/GhUH478b01fHZMrSZnM8l8ml1X/blc/MfCBPtU2ovbb51VcmPa9mb6gYrGgUqlYFaz0MjC9P39g0v/4f6FQUKFQWGnrOOVMVsdRsVDQ0tKSCoXCqkCd6w9Ylkrl4GYleOnVLS4uLvcvFgqrgphVmaQ166sN3DqOU9VGKgdnC4WCFpeWlsfx34NCsVi1fn/gtHb+sL1fvXvsBVVdt6Rc8aZ26/t6eMc57RuYVkdnruo7Uyaj+ZlJXfrem/rk/DsqlYoN/w196ou/qbs/v8GDqlI58/HECZ1Y/lvJzBx9e0QaerRS7tOhJ4akkbe1stvtkB71Gk+c19mxvB7bXwlqDn5Jw3mvXTkgmn9sfyVwOqgvDec1dva8JmKW17f/MeW9OSfO6+yYN2fyMVetPUh+WF8a9C5lWPmxszo/UZ7nyImVDNeJa+PV/cZO6duVGzR45ERVkHfktTPltfUd0rOV+9zXPyCNX9NEZayBJ57QUKU8+vbI8vWl9134VLJoNfyC2F4VAACgOchYBQCE2pY/pJ/4+/9V757+VRVvm4U3kiotLujjH5/T1JUPtXv/AXVt7a2qz7Zltavf1U7noianxnR17h7N5/ZKuU3K5rLLb6YPyrqUFPj4vT/bNJfLlbcHcBxls1mVQrYQ8PoF7rnq2/PUC4Yu96/UV71sqhLQdLy9YwP6+1+25Xgv3/JlmtZm3frX6QV+a/d1DQrc+u9R9RpKckqOVLqt9tKk+rs/0s4d0+royCnonxHFxQVdv/BDzVxt0sPImawefPIb6rn35zUxMRH43W8U5UuvZB6vqp3QJ+NS/uD2lXvkHVx3+We23HdiXGMa0OO97sq4lUlcd1LjY9LA472+QP3K3IpaR++DOpg/pbcvDOs+jWts6IDuc125mogcs3ImuK527bX3RZIGdqnXq+/dpYHl657QmZeP6bT3RH4+vzLWfcM6/pR09JXntLw7wVPHNTzYq6Fnnpf78rGV7OD8YT3/zCH13XdAQ2Ov669vPiidlfZ8bbuk18rl8bwOfrFXrnuzzu+iV7sGvO9i5YpHv31KY0NP6fhQrzbyfw4AAACaicAqACBSz8CjeuRr/13v/o9/qoWpSw2fb2F6Qpe++2313jOonYOfXrU9QCab0Y4+V329lzQ7c1FXZ+/SjHO/3I6eVWP5A4a1+6V6vH1EvX1Ds9msCoXCqsfqvXFqX3Ll1edyOalmP9WqtZQnk1vJWA166Za3nkIluzXsRVmFyhheYNXbnsBr48/S9b+My7/fbFxWZzkou6hM8bY63Sndtfkj7dg6p1wuI2n1Vgyu42jy8qhufPBuUx77l6RsW5f2/53/pPb+xzQ5OdmUOdevPvUPSGNXJyUZPFrfu0d5ndO1CWlwVfNe7clL54IrY9ex/2Bep98Z1QGNaOjAcApjGhi/pgkNVvZHvaZxSXskafRNnR4b0lPHhyvbJZzS0Vd9/QaHdfx4eY0TZ17WsVdP6cDxYQ2qT4eeOa5DkqRRnTr6qv7ozH49c2hQB4bG9M7kpKSD+mJfn3RQevP8eY3roL7WV74H9X0XE7q2fAHV8nt6V58EAABAw7AVAAAgVnfvPj3yK6fUd/8vNG3OycujGn3rz3Tjg3dVKiytetQ8k82qZ3tOD959XZ/e+pb6CiPKzY8pU5pVqVQsP37urt5T1L89QO1j+f6tAWpf9uT1LRQK1Y/4Lz8i76pUeTTf/+d/zN7LIPWPX1vvjRtU5/8rFrS1D34AAB7tSURBVIvLc/tfPhW1fn/Qt9x2ScViQa7ryHWd5fu2tDSv0sKktpbe1/6t39Mje99Tf9+8cm3ZVd+D67qaGr+kD868oWvv/6BpQdXuHQ/okV85JfUe0OzsbFPmXO8GDwxJI+9UHjef0JnXR6ShA8F7cfbt18H8mM6dr2Sqj765nNXpBUfHznmP6Y/qzdNjyh/cbxImVN/+g8qPvKpXR/JaiQNGj9m7J1+19vPnLDOix85p5VJOayx/UPuXFzuuaxPlcc+8vvISq4kzL+voy2eWtyLo6x+Q8nvUq1GdOnpUp5af2y8HhQf6ywP27slr5PXXNT7Qr75Kv/Fz5yTf/UnyXZx+szLhxHkFXf7g8HE9Y7IfLQAAAFJDxioAwEh793Y9dPgVffz9/6aL3/5tOcXFhs/pLC3qxuiPdfPieW3fe6/69j2o9q5Nq9pt2pLVvi0zcko/1PR0Rh/f3qtZDUjtm9XW1lmVpVoOVDpVWwdI1S+R8uq9l1x5df4gplTOYG1ra1su+wOXXpZoW1ubcrlcVaarvz6bzS6/rMq/56nHn6la+zIsb4zabNTyWr2gcrZqDP/j/cv9sxk5TlGZ4m21u9O6q+uK+vpuqWuT129li4LlcYpFTV35UBMXz6u4uGD/5dZh94F/qPzP/aamZ+dVXGz87/COMTis5w+/rGNHj5bL+cN6fjhsM84+HfraYZ07dkxHT0saOqzDeemcV3voGT119aiOHT1dPjH0lI5Xgnp9+w8qf/q0jh29upIJWjX0fh3MS2PyBzdjxjz0uIZOv6pXj45Iyuvw4aGVxZgYGtDVY0dVvvIhPXW88mKtwS/qcP6YTh87qtPK6/BTh5V/tZIdWrse5XX4+WH1SRp+/rBeXh6vstZB7/LK16+Dlahx7x5pbFwHv+a7WNvv4pmndPXoqzo6Ul7/0JBUsxusRk8d1et7nie4CgAA0EQZl02YAACW5q6f1/k/+XXN33y/uRNnMtq251Pace9+dW7ZGtl0Yb6oybmtuj4/oKXsTqmtOiCbzeaWA5qeUqmkUrFYfrS/rW15T1IvcFn76L7/8fvafVf9QVN/f3+9V+f192eYenN4f/6A7OrbsjKGFzh1XXfVNXrX5zhFVTYnUNZZVJtzS1vbrmvXlglt2eIomwt/oKVUWNLEpfc1cel9OcVC5HeQtlznVj3w+O+oZ9+XNDW1wV9S1XTlvUivPn5cofE/C80MAo6eOqpX9ZSOp7FwAFbOnj2rJ598stXLAAAg0MzMTN1jkLEKALC2edd+HfhH/0sf/p/f0ifv/FHzJnZdTY9/qOnxi+rpH9CO+x5W97bgwExXd5v2dN/WHveC5m+/p4nZHl1fGFAhu01u2yZls9UBR8cpyXVWskBXpvQHRKuzQGtfAOXPhPX392854N83VVLVOF6mqTdGbVA3ao6qF01JlRd6ledwHEelYlGlUnmLgay7pE7NaFv7de3omdSWTUXlOrx/EgQHVQsLtzVx8T1NfjQqt+aFWc3Qs/cx7f/qN1Rq69XERGNfpLYevfHGG3rjjTdSGev48eMq7xv6uvY8/4wO9amyFUBeh3ulo0ePxg0RMa4kjeqdkbwOPt+XeCz7OcsaPd9a8uSTT+oLX/hCq5cBAABwRyNjFQBQl5vv/Znef+2oSov1/699SWzq69fO+x7Wlp13xTd2Xc3eKujmXK9uLg2omN0qJ9vpa5BVNtumbC6rbDbnC3quBCxzlUf7/bw2kpb7eYHRsEfzTYKmtdmsjlOqZMLmltt4/VzXXfV4f7m+qGKhqKy7pC5Nq7fzurZ3T6tnc0m5ttUvoaq1cGtKNz/4a01/fFlyW5AhmsnqnkO/prv/5rOauTWnhYXmbjuwkU2ceVnHVjZW1dBTKWSrjp7S0VdHlD/cvEfWyVgFWoeMVQDAWpZGxiqBVQBA3RZnruj8n/xL3bpytmVraOvs0tY9eW0b+FRoFquf67ian1vS7EKnZpZ6NVPYKSfTJTe3SZn2zctBT3+w0h9wlVYyQf17rnqBV69/sVhUqVh+oZPX3wvM1j66Xxs09ebwAqflOarn9++XWh6zJMlZfsS/SxPa1jWlrd2L2tyTqRo7TGlpUdNXxzQ5NqrF2WnDbyB9HT179OBXv6Hu3Y9qamqqau9ZAMDad+HCBX3+859v9TIAAAhEYBUAsGa4TlGXv/OSLn/npdZkNvp0bO7RtoF92jaQV8emHqM+rutq4XZBcwsdmlnarrnFHhXULSfTKSfTIbdtk3K59uUtBFzXkVNaeZGVty9r0J6m5f1Os8v7tnpsgqr+NuW6kkqlwnI2antmSVl3UVtyN9TTMaMtXYvq6iypvavD7PodR7M3rmrqow81e218OcO2Vfoe+IoGf/F3tFhq0+zsbEvXAgCwVygUdPnyZX3uc59r9VIAAAhEYBUAsOZMX/6u3vvTf6GlW1dbvRRJUve2Hdq2d5+27smrraPLqu/S/KKWlhwtFLt1u9ijheImzZc2q+CuvAjLyXTIyXYvbyHgz3RdeUlUVrlc+3JgtTbTtDYb1h+Q9TJQpfKLprLuknKa16bcnLrabqs7N6PO9iV1tksdXW2RL56qVVxa1NyNq7p1bVyzN67KKSxZ3Z9GyOQ6dO+X/412feZrmpycVLGS7QsAWF8mJiZUKpX0mc98ptVLAQAgEIFVAMCa5BQXNfb/vqEr3/19uc4aCYxlMurpH9C2vfvU079X2Vz8/qJhSiVHhSVXhSVHi8V2LRa7tFDsVMHpVsnJqVgqj13KdMrJdMaMVi3rLqojc1vt2dvqyC6qvc1RZ3tBne0ltbc5au+Q2trMg6d+rutqfuqmZq9f1ey1cc1PT0paO/8M6HvgKxr8ym+pmN2iW7duiX+iAMD6deHCBT366KPq6TF7cgQAgGYjsAoAWNPmrr2r9197TrMf/6DVS6mSyea0qXenNvX1a3PfLm3avkvZtrZU53AcR07JVakklUquHMctH0uuXFfK5TLK5jLlYzajXM5VLpe1yjiN47quFmYmdXvyum5PXtfsjY9VWlpMbfy0tG/epfv/1r/Xtvt+XlNTUyoUCq1eEgCgDh9++KH27dungYGBVi8FAIBQBFYBAGue65T08Tt/rItvHlNp8VarlxMsk1FXT285yFoJtrZ1drd6VYkUFuY1e+Oqbl27orkbH6u0Bh7vD5fRnoNfV/5n/5UWiln2UgWAdaxQKOjWrVu6efOm7r//foKqAIA1j8AqAGDdWJwZ18U3j+v6j061eilGOnu2qaunV51btqqzZ5s6t2xT19beVi+ryuLcLS3NTmtxdlqLszOan7qphZnJVi/LyJY9j+q+X/h3Wuy4R3/1V3+l+fn5Vi8JAJDQ9u3bJUlbt27Vvffey+P/AIB1gcAqAGDdmbnylxr91guau/Zuq5eSQEYdmzarc8s2dfZsU8eWberaslWdW7Yp12G3l6opp1isBE7LwVPv89LcLbmO05A5G6l9007t++JvqP8zvyTXLW+Z4L3wS9Lyy7z8x9rzaZaj5vfKtv1NxonqZ9suqH3t0aR/msegdSTtX087m3XU/u4ymYwkGR+z2axc11U2m21qu3rWaXNMY37T8Wza2Z4PGtd0nKCyyXj+ssd0/KTtguYJqgcAYCMjsAoAWJdcp6RrP/6fuvR//6MWpz9q9XJSl8nllM3mlMlmlclWPufKnzPZXDnAUyrJdUpyHUeOU5JbKTuOI7e0Rl74laJcx2bt/eyvau9nf1XZ9s1VL6YK+qeIybk0y1HrqQ3CmfZPqz6t9lH9k5b9R5M2YUfTc1H9kwaBg+6Jxx+ECgq81dabBBfDPieZI61ga1rHoDXb9m9Even5qM+m/ZOUbc/HBWlNxwUAYKMjsAoAWNec4qKufv+buvzW76pwe6LVy0EDZLLt2vPTv6J7Pvfrat+0wyhDtDbDKq5dWuV628WdT6ve366RmaneuGmNZ3KsN9PV9vqifndxGYpxGZVRGaBB7eOOaY9Xz9HmPsT1r6edSb3J+bBxbPonKTerXVTQFQCAjYzAKgDgjlBcvKUr3/3PuvIXr6q0NNfq5SAVGfX/5GF96gv/Wp3b7qnKBjTJFDRp16hyVDuT64hrn1Z92DFpv7V4rHeMuDo///mwYFRcZmMjj41q678Gm2tKMr5p/7Trk3w2mc+2X1jZpl9UkNT2PAAAGx2BVQDAHaUwP6mPv/9NjZ/9L1qa/aTVy0EC2bYu7f7ML2nvZ/+5uvvuXZWJWJsp6InKIKwtZzKZVePZlE3ni2oXliHqvx6T9ib1ceuLO5qOf6ccTe532O8q7ijZZVIGtbc5xo1nWrbtF3d9pkfb/nHtbetNviebctJ+UWWPTb+k56OCsgAAbEQEVgEAdySntKTrP/5TXfmL39PcJz9q9XJgoHPrXg38zD/R7gP/QG1d5bdDRwVRg8S1iwuG1vYzDZ6azB/0OWq8sPZh67TtH1Uf1j5p/3qPYfPbluPqbL8vP+9cbb1JBmDc56hzzT56n03WmWTdttdtUh83ts34Jmu06d/IclQQNK5/XHsAAFBGYBUAcMeb+eicrvzF7+nG+dcl12n1clCjZ+CntPez/0w7H/7bymTbIjMBTc8HlT22/ZIGV8P6mWS+xrWP62dTb5OJ6m/fyD1ZTY5pzWNz/+J+hyZHyTyz0HYP0TQzRW2P9c5v2z+uXRr1JufDxlkrZdvzfmHtAQDACgKrAIANY2Hqsq587w/08dt/rNLSbKuXs7Flstq5/3Hd/Tee0ta7Dy6fDvsnRVxwNEn/ZpTrbWdyPuizaX3c+FHtTcZt1jhJx4v6XNveJEgfxTZz0OR80Oe4o+k522O949r2i2uXtN70fNTnpO1My2FB0Khy2ucBAEAZgVUAwIbjOiVNXTqjaz84qRt//RpB1qbJaPu9P6vdjxzRzoeeUK5jsyT7zFSPafu4sn+8NMph89lmqpr0b1Z9Wu1b0d9ju6etTVC1tj6sbJIZ6C8nyagM6m+TAWo6ftrz2rRvRH3Y/Kb337R/o8q256PaecLOAwCAFQRWAQAbWqkwr5vnv6VPfnBKkx/8ueSWWr2kO073jkHtfuSIdh/4ZXX27I5sG/ZPCtPzpkFT03M25SR1YcHVsM9J2qdRv97bR9XHBVtNf0+mTDMDw8pR7YLahAUZ4+qjxrLtZzpuGuu2ra+3fdQ1pNGulmnw03S8pO0BAEAZgVUAACqW5m7qxrt/ok9+cEq3rpxr9XLWtfZNfdr1E39Xux/5e+oZeNSoT1gGYD3nk7ZrVLnedibn18KerEnapTGu7fXHtTP5HXmC6qOCYEHtkpTjztvU2+yNato+rXZp1NdzPmx8m/5plBvVzmQcAACwGoFVAAACzE9e0rUfnta1H5zU/M3RVi9nXdhy10+q9/4vq2/wy9p6908rk22zHiPunxRh9VFBrrh2JnPYjBP2Oapcb7u4+evtF9c/7XFs5qvnvE056PdUK0kwKqxdUFA2qJz0fFr1NuMEfU6zPsn6TM8nbdfIcljwPkha5wEAQDUCqwAAxJif+FBTF9/S5MW3NHXxLRXmrrd6SWtCrmOLeu/7vPoGv6wdD35FHVv66xovSUZg7fmw9kH9/ZmNUeM1qtyoPVf912/S/k6pT3p/TX8vJr/HJEepvszDuP5B7cIyL032Og07v1br620fdb+SjpekHNXOk6Rd3Hw2/yMBAAAbEYFVAAAszV1/T1MX39LUpbc0femMCrcnWr2kptm86yH13f9l9d3/ZW2952eUzXU0ZJ6wf1pEZQ6GnQsLipn0bVQ5LggaFywN+xzVP6x9kvGi1l/vfKb1Ju3TKvvPh/3+TMUFqeKCZUHtwj5HlWuPpuPG9TPtb/u5nuuwnT+unLRf0nLc9x9Uruc8wVQAAMwRWAUAoE6zH/9QUxe/o6lLZzR96YyKC9OtXlJqNvc/pM39n1bP3kfVe9/PafOuBxs+p02mYJLzteO3OnM1KGhZT7s0Mjtt57UZL+35GlUO+v2YBFWD2ptkDPrbmWYqmpSj2tlmYibdwzTtvU/jMm6TXKdNO9P7m6Rs0y/o92Q6Xtx5gqsAAJghsAoAQIpc19HizLhu33hft6+/r9s3L1Q+v6fC7ZutXl6gXMdmbdr5gLp33K9NOx/Qpp3lY3ffvoZlpJoK+ydGkuCqyfhB7UzOJS03ol/Y57D+abS3XWda5+OuoZ7vPep8ULuo4JRJkCquXVAwLWk57LO/3IjzQZ9t15nkukyu12aeVpTrbWdynmAqAAD2CKwCANAkhflJ3b5RCbT6/hYmxyQ1/v+UdmzpV/eO+7V514OV4wPatPMBdW4daPjcScRlCtbWh2WeBrW36W+T2WhSth0/aH1h7aLmWyt7uta7vnrvr7991O8h7vcW1d4kyBoXRPXXJ8lAjBun0e2SjFvPXqatut5GlaPamfxOwtrFzUdwFQAAOwRWAQBYA4qLs3IK8yoV5ivH23IK83KK/nMrR9cpKdferWx7t3LtmyrHsHK32rq2tvoS6xKVURgUBAvrYxoUNT3XzHLYZ3/ZJhhpOp5N/6j5015/0rLp9x/VPk1xQa2o4KvJedNy1PmgoKNp/6h2YZ9N+qd9nUnbpVW2PV9vf9t6AAAQjMAqAABY05JkEtaeD2tv0z/JeGmV6xmn3kxV03Ym89i0q/f66/m+bevrOfrZ1Ee1T6vcyD1HG9U/abu1VK7n+056Pmh+AAAQj8AqAABYN8L+yREWVAvrFxWEM+2fxvim5WaPExbcDOoX9rkZ12NaTnreXx/1+6qHaVArLugW1i6qv0m50f1sxg/7nLTdWijX2y7t8wAAwA6BVQAAsC6EZRLG1ddzvnb8sPmCxqvds7WR5bj1hJWDri+sXxrz28xnWk76fZj+fqLq0zhK5hmEJv2TtmtkuZ69U+stt/K66x0nje89ye8MAACYI7AKAADWpah/fkRlJpoETcPO1xOENRk7rXLSvkmDo2muwbQc1sb2+w1qb1qfBtMgV1TQrZ72jSo3c96wz60o1zNO3PdvMq/J+ARTAQBID4FVAACwrkRlAIbVh/WPam9yPmm7oLJ/fabrDSsHjVfv+pKWbTNxk8xnel9Nv2fT/mkepXQzV8POJ23XqHKr5m1UuVntTM7H/V4AAED9CKwCAIB1L+yfIlHng4JnYf1Mg6Cm52yDpzbjNKKcdtA1rfXVcz7u+4+qbwTToFdYvUlQLWqcqHEpR5dN769Ju0acJ5gKAEDjEFgFAADrWliGX9I9Nes5H1QOmi9ovEZkcjaj7L8+k3qT+2Fyf2zvr+n3X1sf1b4RR6lxmatB/UzKSfutp3La7ZJ8P7a/g6TfPwAASA+BVQAAcMcIC5L566P6mo5nOr5N/zTa1BO8tFmvbbme67G9/0m/f5P+zWAbFAurNz1vGkSN6p903rVUTrtdVD+T+5q0vWk9AABIB4FVAABwRwnLRIzKFKyttx0vrL1N/yTjBY3fqEzXJOtp9PUn/b5s+8cdw9iOExdMjWuXVmZjM9vVW65nnKD7llY/2/71fF+mvw8AAJA+AqsAAOCOFfZPlLigWFTQzXYek/P1tDM5FxestOmXZJ1p3weT83FBT5t2Uf3SDp6GsQm6htU34nxcsNG0n834jRin3naN6m/Tj2AqAADNR2AVAADckZJmNsbVN6J90v4245lmsjZzfNvrNzkf931E1Ue1r1VvMDUoE9ET1980WJu0f5IMTdv5bMdrxvhh12l6/Tb3Pe3vqZ6gPQAASI7AKgAA2DDigmZJzoeNF3bOJIgZdt6mv8k5m6Bq2uuz6W87Tj1twoKczRIWfDVpn0a9bbAxahyTdayl8eq5vnrOp3G/AQBAaxBYBQAAG0JcZmKS+rVyvhHtgu5bs/qn8b2YfO9J2zfjGMS0fdL6Zp4PW0/SdlH9612nzf1sxP03/V4BAEDzEVgFAAAbVtw/YcLqw4JyJv0acT4qSNjq/jbnbee1rTed36Z/2sHTOKb9G1Vf7/mooOF6Gjet9jb9CKYCALD2EFgFAAAbUpLMxXrqw/YgjRuvEeObzmd73vZ6TM438vsKa5+0fz3B1bjMxaj+tsHbpPX1ZGAmaW+TwdmK9dm0N62PG5fgKgAAawuBVQAAgIq4TEaT+qix6x0v6fxpjN+s9Teyvt72rRAWfI1qX087m/42/VrRvlnrD7uPNvPb1gMAgLWBwCoAAIBPozIn4zIl0xgvzfNB86d9/Wnct6j+tu3ijmlLug6bzMZ6MyjrzbBM83zQPGm1T3tdad53AACwdhFYBQAAiBH3T52k9UkzL9fqeEnnSavedB1R7RsdTDWVNLhm2s+kPmoc0yBmknlbcd6kX5LrSnofAQDA+pBGYDWbwjoAAADWpNrMMv/Rk7Q+k8ks//nPZ7PZ2H5rZTx/vXc+m82G9stkMqHrsan3zx22viTto/qHjZe0HHUM+96C/qL6hbWP+r5NxjH5HYSNGzdv3O/PZLyoo8dknqDfic18Uf/9UVsPAAA2JjJWAQDAhmKTCZm0PkmdScZoXH2z54uqN1lD0vFM+9cznomw+ZIG3fztm5G5ajOOzfhx8zZyvqTrMa0nmAoAwJ2DjFUAAABLJhlx9Wa6xmXQBdXHZdQlzfCLykBNuz4uQzGqnUmmatR9DeofNF6ax7D54r4v/19Ypm9YxmlcZrC/Xdg6asdLWh91nUl+r3H/uQkb1/+f17j6oGNYMLa2nqAqAACoRcYqAACAmpPJeqfUe0GmesaxHc+kf+2xWcLmTxqMs+1n2t6kPq3MzkbVN3L9tu0AAMD6RsYqAABACuIy2vxaVZ/WMSwDNag+qF3Y3pxh46S9p2pUf5PxGrHHatw6wtYf9Jck4zWsfVC7qPHixolbVzOOnqB6m8xU2/kAAACCkLEKAAAQI409QtPcs9RkTa1YTzPaJ+3fCv5gXj2Zq/6y7bym7eutT2OPUtN1p7leMlMBANi4yFgFAABoEpMMuiQZcUGZgFGZmnHrSTJfVH1chqvt+qPGr/2LWq9tZqrJX+36bf5MM1lNvp/a/v5yWPva67DNeI1qZ7rusGPcHqhR33PS9Xji1lPbHgAAwAYZqwAAAHVIK8PU384L/iSpt513rWWmpt1/LfIH9+rdgzXNzNSg8ZvdrhXrAwAAGxMZqwAAAC1mk7kXlXHnHy8q8zXtzNakmaaNah/XP2oP1rQyLJMew9bj/0srk9UmwzOon819j7vOesfzjkHbHsQdo9oTVAUAAI1GxioAAEADtDoT1B9USmOPWJP2zewfNl7Q+LXHsPlMy0FBu7hyElHz2fZPc54k7W3Xneb8AAAAQchYBQAAWKNqgz5JMu7i2ptktnrnbDIKbdqb7sFq0z+NjMiwzNCgPVBty1Hz2WRo1l5vUIapTWZrVP80M0uTtPekmYlKUBUAALQaGasAAAAt1OrM1rXSL2qcNMZbS9IODiYdL41+jWjv7wcAANAoZKwCAACsc0kyW732jchErfeY1nxBGZdhf828PpOM0ahyPZmtcfOZjuf9+X93STNVPWlkogatDwAAYC0jYxUAAGAdqDdzs1mZrrX9vc+SUg2WNXNPVdtyUIZmmpmp/nKS8aPGsekfdJ2m/QEAAFqNjFUAAIANojaIlSRD0KZ/vZmnUXu8ppFZarPHqUkmab3lNPdcjTuazJc047VZRwAAgDsBGasAAAB3sGZnupqM08rHvOMySeMyMFvxwqR6M0RNxkuaecqLpAAAwHpFxioAAAAipZnpmnamaSMyWdPKdPVff1T7Rh6D7kfSvU1t74vJMeh3BQAAsJGQsQoAAIBVTPYoTTJeo8a/E4Tdj6CM0HoyRIPmSWNcAACA9YSMVQAAADREUEZiksxXk0xL76+e8e+Eo0lmsKeezNmgeTwEVQEAAMyRsQoAAICGCdvLc63suboeRGWuAgAAIBkyVgEAALCmmezNudEzVcOOUZm8AAAAaD0yVgEAAAAAAABsKGSsAgAAAAAAAEALEFgFAAAAAAAAAEsEVgEAAAAAAADAEoFVAAAAAAAAALBEYBUAAAAAAAAALBFYBQAAAAAAAABLBFYBAAAAAAAAwBKBVQAAAAAAAACwRGAVAAAAAAAAACwRWAUAAAAAAAAASwRWAQAAAAAAAMASgVUAAAAAAAAAsERgFQAAAAAAAAAsEVgFAAAAAAAAAEsEVgEAAAAAAADAEoFVAAAAAAAAALBEYBUAAAAAAAAALBFYBQAAAAAAAABLBFYBAAAAAAAAwBKBVQAAAAAAAACwRGAVAAAAAAAAACwRWAUAAAAAAAAASwRWAQAAAAAAAMASgVUAAAAAAAAAsERgFQAAAAAAAAAsEVgFAAAAAAAAAEsEVgEAAAAAAADAUlurFwAAAAAAAAAArfb1r389tO4P//APV50jYxUAAAAAAADAhhcUPI06T2AVAAAAAAAAALQ6iBoWVJUIrAIAAAAAAADAMi+YGhVUlaSM67puMxYEAAAAAAAAAGvBzMxM3WOQsQoAAAAAAAAAlgisAgAAAAAAAIAlAqsAAAAAAAAAYInAKgAAAAAAAABYIrAKAAAAAAAAAJYIrAIAAAAAAACApf8Pnf5e43qcgREAAAAASUVORK5CYII=" height="600" width="800" />
<img src="data:image/png;base64,iVBORw0KGgoAAAANSUhEUgAABVYAAAJcCAYAAAASBf/6AAAAAXNSR0IArs4c6QAAIABJREFUeJzs3XecXVW99/HP2nufNn0mvZIAqYQkJAihBEGQJhKqgFevqHQLWFDwUnw9inofFZ8LItdGkd5ESgglgPTQOymk9zKTTJ9zzi7r+eOcOZnJzCRzICEGv+/XS8nM2Xvttfc588/3/NZvGWutRURERERERERERER6zdnZExARERERERERERHZ1ShYFRERERERERERESmSglURERERERERERGRIilYFRERERERERERESmSglURERERERERERGRIilYFRERERERERERESmSglURERERERERERGRIilYFRERERERERERESmSglURERERERERERGRIilYFRERERERERERESmSglURERERERERERGRIilYFRERERERERERESmSglURERERERERERGRIilYFRERERERERERESmSglURERERERERERGRIilYFRERERERERERESmSglURERERERERERGRIilYFRERERERERERESmSglURERERERERERGRIilYFRERERERERERESmSglURERERERERERGRIilYFRERERERERERESmSglURERERERERERGRIilYFRERERERERERESmSglURERERERERERGRIilYFRERERERERERESmSglURERERERERERGRIilYFRERERERERERESmSglURERERERERERGRIilYFRERERERERERESmSglURERERERERERGRIilYFRERERERERERESmSglURERERERERERGRIilYFRERERERERERESmSglURERERERERERGRIilYFRERERERERERESmSglURERERERERERGRIilYFRERERERERERESmSglURERERERERERGRIilYFRERERERERERESmSglURERERERERERGRIilYFRERERERERERESmSglURERERERERERGRIilYFRERERERERERESmSglURERERERERERGRIilYFRERERERERERESmSglURERERERERERGRIilYFRERERERERERESmSglURERERERERERGRIilYFRERERERERERESmSglURERERERERERGRIilYFRERERERERERESmSglURERERERERERGRIilYFRERERERERERESmSt7MnsL2lgzQbWutY1byauvRG1rfWUpuuoz7TQIvfQmQjLBBzYsTdGDWJamqS1Xxl3GkkvcTOnr6IiIiIiIiIiIjsAj4VweqmdD3v187ltfVvMn/jh6xr20BoQyIijDUYY3CMwQLWgsFiAcc4pMM0Rw07nIQb39m3ISIiIiIiIiIiIruIXTpYXdawgvsXPcycNa/SErTgGINjHIxx8HDBuGBzx0ZEGAxuPmA1Bqy1lMfKOGPsKRhjduq9iIiIiIiIiIiIyK5jlwxWM2GW+z98mDsW3IO1FtdxiTuxzgeZXKaaW/ofMbR0KOkww8bMRhxjAEM28jlxjy8yoLT/zrgNERERERERERER2UXtcsFqEIX892vX8tq6V/GMh3Fyy/sLjAEsQRQS2ogJNeP43LDPsmDTQl5a+zKG3PGWiFKvhBP3OG4n3YmIiIiIiIiIiIjsqna5YHXm4sd4dd0rxEyMjqv325f3h1GIbwPGV4/hq2NPJxVLcd+HD/DS2ldwjINDrlo1E2b4xvivUpYo21m3IiIiIiIiIiIiIruoXSpYXdeynhs+uCVXqZoPVa1tD1QjwihkcOlgztv764zrM4a317/LL1+7mpaghZiTv1ULgQ0YWDqQz+926M67GREREREREREREdll7VLB6v0fPkRoQzwnvylVPlzNhFlqEjV8ZcyXOGz4dCIbceP7t/Hw0keJOTE84xWOt+SC1XMnnEnSS+7EuxEREREREREREZFd1S4TrDZnW3h61fPEnFguHSXXbxXg9FEncdzux1CVrGRN01p+8epvWdK0jIQTBwqHgwU/8tm//77sO3CfT/4mRERERERERERE5FNhlwlWF2z8kJaglbgTxxLh24AxVaO4YO+z2L16BAAvr3md37xxDdkw0ylUNeT+L7KWmBPj7L2/hmOcnXYvIiIiIiIiIiIismvbZYLVuRsXAJaIXJXqV0efzow9jyXhJQC4f+FMbp57GwbwnNzSf2vAtJer2lzLgB9PuYhBZQN3yj2IiIiIiIiIiIjIp8MuE6yuallNZCMq45V8f59vMan/BAAslpmLHufP791I0k1iMLQv/jftJxtIh1kOHjSN6cMO2CnzFxERERERERERkU+PXSJYDaKADxsWs1fNeH449TsMKO1XeG3Wose5/t2/5EJVA1ibq1YlV61qAT/0GVE+nIv2OV8tAERERERERERERORj2yWCVT/0+eyggzhp9BcpiZUUfv/4kqe45t0/UeKmOlWn2vzyf4slE2bZrXwYvzzwCkriJV3GFhERERERERERESmWsbY9hvzXFdkIC7gdqk0/qJ3Hj1/4KTHHxRjD5ruwhDYishGe43HokOl8fa//oCJRvjOmLiIiIiIiIiIiIp9Cu0SwuqWWbAvfnP0dWv0WTD5sjazFcQwJN8XYqlFM7j+RAwbuy8CyAZurWUVERERERERERES2g12iFUBHkY34y/u3kLYBgyt2Y3DpYIaWDWRE+VAGlfRnQGk/apLVO3uaIiIiIiIiIiIi8im2y1WshlHIpnQ9ZfESEm4y1wYgCrFhNle96ngYx93Z0xQREREREREREZFPsV0uWMVabJgh2rgMlr5EtPRVbP0qwmwz1rg4yTJM1TDMoLG4w/fD6TcKo/6qIiIiIiIiIiIish3tvGDVWqLWOuymZUS1i8E4OP1HY8r646SqwEt0f1rrRoIPHsb/4HHCuqUQZCAMwDjguIABG2GxgMGpGkxs9KHExh+D03/sJ3qLIiIiIiIiIiIi8un0yQeroU+w6i2yr91GuPxN8NtyoSiADcGNYaqHEtv9QLyxR+L02QPTXcgahVi/Fdu0jnD9AsKVbxIsew1bvxJrba4dgHHARhCF4Hh4ow4ifvC3cPvs/onesoiIiIiIiIiIiHy6fKLBalS3iPRTvyNYMgcD4HhgTOeDrAVsLgzF4gyaQHz/r+Dtfkj3AWvHU7MtRJuWEyyYTfbtB7AtGzFuLB/cWogicFzi+3+V+H7/iYmX7ZgbFRERERERERERkU+1TyxY9Rf+k/RDl2H9dC7s7MhGuUDVRoDJLek35P4dhRBFuMMmkTjiYtxeLue3rRvxFzxF5plrId0MXjz/goXQxxk0ltRxV+HUjNietykiIiIiIiIiIiL/Bj6RYNV//VbanroGYwwYF8hfMoqwNsIkSnFqhmNKaiDIYBvXEjWtAz+Tq2h1vPxyfkPy2CuJjf9Cr68dNa0j+/z1ZN99GNOhQtZGASZRTsnJv8YdMnUH3LWIiIiIiIiIiIh8Wu3wYNVf8CRt91+MceOdlv3bMMCtGUb84LPxhu2HSVbkAlQbYYM0tmUD4cblBAufJXjv4dwGVY4LQZbE0f9FfPIpvZ+Ejci+fQ+Z2VfnMl0n39M1CiFRQsl/3oZbNWT73riIiIiIiIiIiIh8au3QYDWsXUTLjadjjNshVDXYIE1szGEkj7oMk6re5jhR/XKyb96D/9qduaX8UUjq9OvwRhxY1HyCxc/S9o9LIQoKG2bZMMCpHkrpmbdjYqlib1FERERERERERET+DTk7amDrt9L2j4tzP3SsVA0yxPY6ltQXf9WrUBXAqRpO8rAfUPKfN+MM2guLpe2hy7HpxqLm5O1+CMkvXJHv55rLk43rEdUtJTPnhqLGEhERERERERERkX9fOyxYzb79d6LaJRinw0ZVUYhTM4TkkZfClhtY9YI7YDwlp11HbNIMbP1q/HlPFD1GbMxRJA65AIIM+R2yMF4C/+W/EdYtLnq8LYVh+JHOCcKQT2gfMaIoIgiCHXI9ay1BGBLu4PsJw5AgCIiiaIdd419FJszS4rdst/GCKKDFb8XyyXzeREREREREREQ+jbwdMahtXk/22esxXgI6hjdRSPILP8fESz/y2CZeRuqoyzHGIfPin4nvfXzRIW1s6hn4cx8n2vBhrq+rMdggi//abbhHXUZ74Fq4HwtLly3DdRxSJSk2bdrEsKFDSaVyrQOCIOC119/gvr//naXLljJu7Dh+cuklJBOJbq/v+z5Lli5lzsuv8Oabb1K7YQPZIKCqooK9JkzgkOkHM27cOBLxeK/vqbaujob6BioqK2hqaqK6qorq6s0VwQ0NDbzx5ps889xzLFu6jJaWVvrUVDNm7FgOPugg9p6wF4ke5rst69dv4O133uHZ555j3rx51Dc0kIjFqa6pprKikv79+1FZVUVpSSkVlRVUV1XR2tpK3caNpNva+PIZZ1BVVbnVa2QyWZYuW8aLL73EK6++ytrVa2hta6WmTw0jhu/GtGnT2HfqVAYPHpTbJG0r3lj3NkEUUOqlqMvUE9qI6UOm4Tm9+3NIBxleWfs6FbEyHOOwPl1HdbySqQMnE9mIN9a+RVPQQkvQQrlXSplXxqZMPW1BmqaglciGlHhJYm6CYWWDGVo2mL4lfbq9VmQjfvf6H3i37n2+N/l89h00pVdz7EkYhfzqlf/H/IYF/N+D/g+DygZ+rPFERERERERERP5d7ZBgNTv3Mazflg9W88Is7uhD8Qbt/fEv4HgkPn8pPPM/uesUGawaL0F8+nm03fNdTD5MM24c//1ZxA8+D6e0X6fjLZYrr7ySV197Dc/zcByHxx6dRSqVor6hgSt/+lMeeeQRjHGIoogwCPG8ro82iiKef+FFrvvD9bzyystgLbFEHMc4BIFPGEY8+dRTXHPNtey332e4/LLLGDd2TK/uafaTT3HZ5ZdRWlJKOp3m4ot/yFnf+AZhGDJz1qNcddVVrF27FmstrusSi3mAYfbs2Vx33XVMmTKVX1z1M/bYffdeP8c1a9fy57/8hTvuvJOmxiYGDBjAcccdx7AhQwijiNdef50nnnicrO/jeR6pkhLKy8rZtGlj7jmFIalUki+fcUaP17DW8tzzL/D73/+eN996i0wmQ79+/Tj44IPp168fa9eu5bHHH+f2O24nmUxxwgkncO7ZZ7P77iN7HPPRpU/y/JqX8ByX0EaMrtydQ4Yc0Ov7DmzAH97+Cy1BC44x+FHAqXvMyAerlj++fxNrWtaSdBNkI5+4E2OvmvHE3Th+lGVxw1JqMxtxjYODg+d4HD70UL489hSqkp0D5iAKWNK4lMZsIzfOvZ1J/fcm9hGqvdu9vu4tXlr7Mq5x2dBap2BVREREREREROQj2v7BapjFf++hzi0A8uKf+Uqnfqsfh3HjJD938Uc+3xs6BadiALa1PreRlTHYbJpwxRs4Y4/qdKxjDKVlZVhr8X2f/gP6U1NdQ0trKxd869vMmTOHeDyOMYYwDBk9ejSe63Yao76hgcuvuJIHHniAfv36cfHFF3PgAQeQSqWwNsJay+wnn+J///d/iaKQ119/jRknnsgfrruOIz532DbvZ8jgQWBz1bBBEDBu7DjCMOSyK37KbbfeQv8BAzjqqKMZNmwoYRAyf8F83nrrLazj4Hkeb77xOjNOOJEH7r+fPfbYdrj63vvv8/VvfIO6ujpiXozf/vY3HHfsFygtLSkcc449i6XLlnHhRd9j7twPKCsr46qf/4x9951KY2MjmUyWlpbmfMjbVWtrK7/+7W+59dbbsNZSVlbK//vd7/jsIYdQVra56rmxsYnnX3iRH/34R9xz9908+OCD/PH66znkkOndjlsRLyXmeLjGxTER5fEKHNP7rhgJJ07/kr4sa2rLjeE4BPnXjDHUJGrY0Fab22fNRhw97HDOmnRm4fy2IM3i+qX8+b2bWdy4BGstM5c9yju17/Lzg66gb6qmcGw6SNOYbcJzPJY3r+SNdW+z/+B9ez3XjrJhlhvevxXPiWGJWNO6jons9ZHGEhERERERERH5d7fdg9Vw03Js7ZLcEvt2UYSpGIQ7cNz2vtxHZhJlOIMmEHz4LMbNh2qOgz9vNrGxR7JlO4B+ffsShiGO49C/bz+Mgf+55lqeffZZhgwZwpgxY/CDgLkffMDqVau6XO/WW2/j3nvv4UcX/4izvvkNysvLuxwzbuxYjjj8c5xzzrnU1tWBtVx88cX886knqazc+lL5WCyO57o4jsEYg+M4/PHPf+Huu+/i6t9dzecPP4KKivLCMvkgCFjw4Yd8/wc/ZMmSJSSSSTKZDOddcAEP/uP+QpuD7qxevYZTTzsdG0UYx+FnP/sZXzr1lK7P2BhGjhjBzTfdyMmnnsqK5Su46KKLuP/vf2fkyBFbvZ8gCPjRJT9h1qxHSCTiJJIpbrvlFsaPG9vl2IqKco495ihGjtyNk04+BWst3zjrLO668w6mTum6dN44Hk57wG8tJV5qm+0Dtrwvx3FxjYMBfBtSE8+9P44xVCXKiWyEYxwc42CdzmOnvCR79R3LVQdexiUv/JQVTStJOgmWN69k1uLH+Opemyt4N6UbSIdpDAYHw10L/s7UgZN73bago+dWvsTKllUk3Dh+FFGfri96DBERERERERERydnum1dFa97H2s4bCtkowB0+BeMlt/flPhanrG+nQM04LtG6udhsa5djS1IpoijCdR1KS0t59NHHuP766/n+977PzIcf4sYb/sqtN9/EQw8+yHe/850u52+qr+eSSy7hexdd2G2o2m7c2LH8+te/xvd9XM+joaGBm27+2zbvpaK8nMhawJBIJPjt1Vdz7bXX8tCDD3LKSSdRWVnR6V49z2P8uHHc+re/UVlZSRAExONxFi1axJNPPd3jday1/Pbqq/GzWYwxjBkzlhNPmLHVuVVXVfGD730fgNa2Vr71ne8QBMFWz7n9jruYNWsmqVSSTCbLddde022o2tG4sWM555xzCIIAz3M5/4Jv0dzc3OW4oSUDyEY+BghsSHVi66H1lhzjUBWrILBh/meDmw/nDYZM6OMZF2PANU6PW0SVxks5bdRJ+FHuWSTcOE+ueo62oK1wTH2mnij/9+QZlw8bFvH2uneLmi9Aq9/GLfPuxDMe2Nw8a9N1RY8jIiIiIiIiIiI52z9Y3bQcs0W1J8bg9O19785Piimp3iIENtiWTdhM1zCuvqGBRCKO4zgsXLSQS//rJ/zyF1fx/e9dSN8+fXAdB9d1GTZ0CPvuO7XL+ccecwznnXNOr+b1mX2nMmnSJHzfJ5FIcP8/HqCtLb3Vc9LZDPFYrv2CMYY33nidy/7rv7YZRvbt24crr7iCTCYDQCzmcc+99xBFUbfHr123jlmPPkoikcD3fc44/TRisW33/DzowAMpKysj5sWYP38eL815ucdjN2yo5Vf//SsSiSS+7zN9+nT233//bV4D4LRTTyWRSOC6HrW1tdx5191djklHWWImhgXiTozmsK3rQFthMKS8RGFfNte4tIaZwuvlsVJCG2EtZKOAgcm+PY41tGwwrtPeNsLQ6rfS2iHYb8g0Ya0t/EW5jsOt8+/BD/2i5jx72dNsaKvFNe0BMNS21WF7jH1FRERERERERGRrtn+w2rgWu0WwaqIQUzF0e1/q40uUQhRu/tkYbOhjW7pW8sUSCXJxlKGuto6xY8dx+mmn9fpSU6fsQyKR2PaBgOu6TNt/f6IoxDGGjRvraGpu2uo55WXlWHIVpVEUMaD/AGYcf3yvrjd9+sFUVlXmK3I9Fiz4kJaWlm6PnTd/PplMptBuYPKkyb26RmlpCcOGDSOyFsdxeXjmzB6PveXWW8lkMjiOQxhGfP3MM3Gd3n1UBw4cwD6TJxPmK3DvvueeQmjczhi3UL0bWUvS7bntQXeMMWSsX1iOH9iQPvGqwuuV8XLCfDWrga1uNhXL9yJujzc94xJz44XX6zMNm8NPAw4uCxo+ZG7d/F7Ptz5dz23z7yHePq4BjGFdW23RAa2IiIiIiIiIiORs92DVZltgyyo4Y8Dvurx+p2vd2LkXLIBxsJuWdTk0Hotj81WcQRhy7jln43nbf++vdoMHDya3sj8XALa0bP35lZVu3swpCAL2nzat0wZP2zp36j5TCcMAYwwtLc09Xm/hh4sKy95dz6Uk1bv2Do7jUFNTU2insGjRIoIg7HJca2srDz7wAPF4nCiKqK6uZuLEvXt1jfbrTJo8mTCK8DyP5cuXs2z5ik7HlHslRDbCGIiIKP8ILSpiThJLVAizS2ObN+0yxoF83XbCjdMYdK2Abre6ZS0WizEQ2pDRVaMoj5cVXl/buh5jDJZcCGwAz3j8+f2/4Ydbb6fQ7oGFj9Aa5N5Pi8XmWwE0ZOppC7ZeCS0iIiIiIiIiIt3b7sEqbowtg1ULRJuWbvdLfVxRW+OWTQswUUDkdK0wdD03H0pZEokE48eP36Fzq6ysJOpQTetso2IzHt9c5WhtxKRJk3p9LcdxGD16VD5wA2uhqZvepACtbS354DAXzmX93lc8RmHYYfMsv9tl6IsWLWbN2rW4rksYhkycOJHqqqoux23NbsN3K7SjCIKAVVtsJhZ3Y4WA0VqL1837vS1x4xXmb7Ek3c3VyA1+E/H2SlQLjuk+gLfW8sTyp3FwsNYSRCGnjz6pQzVtxMqmlRigLFZKZbySiAjXuCxpXMrLa17d5jxXNa3m74sfxjEOQ0oHUZWozgW5GNJhhpZ/xS88RERERERERER2Ads9WDWxEsyWwxqXaPV7YLvv27lTWIttXNc12nM8TNi1is9z3XwQF1FTU0NFecUOnd7ceXNxXZf2kDoW23p17KZNG4HcMnVrYeSIEUVdr6KyAms3LznvuNFVR+PGjs1vPGUJw5BkonfVnmEUUVtbmy/ANVRUVHa7vH/R4sUEYS5QtlHE8OHDNs+rF6y19OvXlzAfSltraWpq7HSMZ9zCmJZcBWixYo5bqCC1NtdntTCHfAVq+0+mw2vtIhvx0KJZzFn3Ko5xyERZzpvwdcb2HV04JhNkWNW6Bmth98qRnD/xm4Q2wpC73u3z7yUbZrf6LG6fdw+RDTEYvj3pHIaXDyn0FQ6jkFa/uP6yIiIiIiIiIiKSs93XsjsVA9iyYtU4LuG6eURtDTgl1dv7kh+J9VuIahdhtgz3bISpGNTleNf1cmGstZSVlROLF1/luC2NjU0sX7Gc+//xAHfccQfxeAKsxTFmm/1ZW9vaCmFoLBajqWnrPVm3tGH9epKJRK4HKqZTBWxHI0fuXmiBEIYhi5csYeTIbYe4zU3NrFq1CsdxyGQyTJw4sdsq3EWLFhUC11g8zlNPPsW6tetpbm4ikUxRVlpKPB4jkUxiDKTb0mSyWVpbW2ltbaGirJyly5YRT+RaN4RhSDbbc1VtzPF4ctWzrGxeScyJ4zkOdZlNRBZibpISJ45PSDbKEkQ+KSdBebyMd+re3xymdpNBt3dxsNYShD5BFGIMtPptLGlYxj8WPczLa1/DMYZUrIzv7nUehw47uNMYbUGaxmwTmFyV7b4DJjO13yRe3/A2MSfGsublPLviBY4YcVi397a4fgnPrnkRi+XwYYcwpmYUcSdeqLSNiGjxu++lKyIiIiIiIiIiW7f9g9WqoblQqeMvjcGmWwiXvogz/gvb+5IfSbRxGbapFtwOj8BarOPglPbrcrwx5Ptp5v7dfT1nL68dWTbVb2L58hWsWLGCRYsX8fbb7/D222+TTqfp268vY8aMYf78+bmw1BiicOvVvh0rTD3XpS1dXCWibf+ftRhjKC0t6fa43UeOYJ999uGNN17HGMMjs2Zx+Oe6D/Y6mvPKyzS3tJBKpXCMw1FHHtntcavWrMFx3cI9baqv57nnnyORSJBKpXA9j3jMI8w/j1gsRhiGuQpUa1mSXobjGvr26UsURaRKSigvL+/2Wrn30dCUaeTdjXNxjIODQ8xNEs+HphnrE9kQsFgbYXBwjaE525JrN9DDB8EU/mt4cPHDvLn+TTzjsbJ5NfXZeuJOnEl9J3DAoP2ZNugz9Cvp02WMxmwTQZTro1oZr8R1XE7ecwavrn8Tay0xE+P2Bfdx8NADSG7RJzayEbfMvQssxJw4p+w5A2MM1cmqwtce1loaMg09vGMiIiIiIiIiIrI12z9Y7T+60IOzE+OQfeVWvDFHYrayS/onJVj8fD4o68hiEuWY0poux7f3H80t/e6uO+i2NTc38/js2cya9Sgvv/wyra0tlJWVM3HiRA797KFccP559O/fn4EDB/LQww9z6aU/IZlMYhxDa1vve2FaclWnRckvjW8PaNNt3Qezruty5RWXc/yMGXiex2OPPcb5553Lnnvs0ePQbek011xzDbFYjLa2Vk499UvsNX5cl+OiKKKpoaEwh9bWVv77l7/k6KOPIgwj4ok4ruPiug5RFGGMwXFcIhtho4jIWqIoIgpD/CDAdRwSiQSO03UpfvstB1HAKXvM4LSxJ+fC2cJjy3Vp3fKdbl/+f+0bf+Tp1c8R67F/avtQhoSb4INN83EAx7hERBw74kjO3OvLPbZcAGjMNBHaXGjcv6QvAOP6jGFS3wm8V/cBnhNjfdt6Hl/6FMfveWync+fWzue1DW9iLRy72xEMKs9VYfdP9c3PKmd964Yery8iIiIiIiIiIj3b/sFqzQic6iFEm1ZDh6XexvUI184jmD+b2Phjtvdli2L9Vvx3HsQ4W9y+jXCrh2G8VJdzoigqpFHt1ZHFeOHFl7jk0ktZvXoVYRhxwLQDuOCC89hn8mTKysq6HN/Y2ITjOFgb4bkeyWSRO9cXmasmEolCWOm5Lmwl8Bs3diy//vWv+dGPfkwQpDnr7HO48Ya/dtvXtaGhkYsv+TGLFi4iCEMOOOBArrz8sm7bABhjiMVjRFGE67pYG1FVVdVjxWk796O0Cs4Xm0ZExJwYjnF69czc/DGO42AwW/0Y2Pz4J+55PNkgzc1zb8czhpjxeGjpLKYPmcae1T0H0qta1uQ/Z4bKeK6nr+u4fHXM6fy5gb1UAAAgAElEQVTwhctxscQcjzsW3MchQw+iKlkJ5MLiv35wC2Aoi5dwyqgTCmP2TfUpzM0xDsuaVm77pkVEREREREREpIvtv3mVl8TdYzo2v4S5EzdO+vFfEjWv396XLUqw8Fmi+lWdgl/IbZbk7n4gdFPhGEURhTSuyHLVOS+/zJlnnsmGDRtwXY8LL7yQm266gekHH9xtqApQW1uL53m5jZFcl0R86z1WOyd8pug5Dho0mHS6DWstrudRkuq+FUC7E44/nhtuuIGpU6eyds0ajp9xAr/+zW954cWXeP2NN3nxpZe49fY7OOqYY3js0UdJplJc8uMf89e//IlUqmtwDblgtW/fvrRP3nU9Vq9ZW9yN9FaHfhWhDYs+3Ww1hbWFdhEGQ4TlpFHHc/Tww0lHWYwxRFHEFXN+wbqWnv8WljQsA2MwBvokN1dRj+kzimkD9sUPfRwcGv0m/rHw4cLrr6x+jfn1H2KJ+NIeJ1Kdqiq8VhGv2NymwBhq0xuJ/pU2lRMRERERERER2UVs94pVgNjEGfiv3dHl98ZxINNCeuYVpE65dqe0BIha60g/+RvwugaVxhi8EdO6Py+KCjva5/pt9u56TU3NfPu7F+J6HjaKOPLzR3Lhd77dbcVmRxXl5fi+j+d5uK5DPNH9ZlLtKisrsVEExuA4Dn7QTbC9FdlsFmOcXLDqOCS2cT2Agw88gKbGJt555weUlpXy4EMPcc+99+ZaJVhLKpVi36n7cuhhhzL9oIMYMKD/NsecsNde3BaExPIfjXXrtn+wGtpcZW5uub4hjIoPVoMOYawBArv5eTvGKXw+DIY2vwXHGM6eeCaLG5fzYf1CYq5HU7aZ373xB35+4GV4buc/xchaVreswWBwjEN1cnM4aozhy2NOYc6617BAwolz/+KZfHH3o6lIVnDT3DtwjENNooajRx7eadyUl8J0+D6lIdtAEAXE3W2/3yIiIiIiIiIistkOCVbdmpG4u+1LuPRV2DI89eIES18l88jlJI/5KXhFLnH/OGxE+qnfQssmjLdFkBSFmJrhOP1GdXtqoWKVfCuAXpaEPvf8C2ysq6OkpIRMJsPXvvaf2wxVgUJVI5AP17a+Tr2kZHOFqe/7lPdQCduThsZG3PZNo1xnm3P0fZ+f/fwqbr3tNn74wx/y1a/8B8lEgjAMyWQyGMchmUgQjxcX2E2YMAHHdQCL53m8+tprBEGI53XfJ/WjyITZQsWpMQbfFhdCA2SiACdfTWowZIJM4bXqWBXZMEvCi9OxtjXuxrli/4s576nv0xa0EXdjvL9xLn989ybOn/TNTu+xH2apbavFYHCNS1m88/s5smoE+/afzJsb3sFzcm0T7v3wAYaVD2V16xoia/nKmFMpjZd2Oq88XpZ7b/OhcmOmiUyYVbAqIiIiIiIiIlKk7d4KAADjED/ovB77kBovjv/BE7TNuhLr935Tpo/FRqT/eTXhB0/AlqEqYEOf+NTTMT0EvVG0eaMrS+9brL711lv5Jf2WWCxGVVXVtk8CGhoa8DwX13UJo4jW1q0/p3Q6U+iL6mez9Ovfr3cTzNu4aWPhevTietf/8U/ccOMNTJkyhXPPPovysjJisRjJZJLKykoqysuLDlUB9txzT0aPGk0QBHiex7vvvsOSJUuKHmdrmoI2XJPb3ssxDs1B9xt1bY0fZXKRqc2Fsy0dxgiiINeNwUImzFAZ29wjtjJZyU/3v4TABrnPhBPjkWWP8dSyZzqN3xakqc80gIGEmyCxRfBpjOH00ScDuc9jzHg8tvxJ/vL+34g5MariFUwbvF+XeSe8BC4ukNuEKx2mafOLv38RERERERERkX93OyZYBbzBE3BHfxaCbA8HxAnmPkXb3RcQ1S/fUdMAcptVpZ/4Bf4rd4DbTZGujTAlVcTGfr7HMTpuXpWPVnt17abmxlyvTWOw1hL0col+W7oNYza/PdsKchubmgr/dl2XTfUNvbpOu0Q8ge/7AESWQrVsd5qamrnhhhtIpUoYNHBgodJ1e4jHYnzrggvIZvNziSL+euON+Srh4oVhd8v8QyJr821WDdkw080xPbNYkk4MPwqwgGdc6rL1hdcb/CZc4+aPBT/s/J6P6TOK8yZ8k0zkYwzEnTjXvvMnljesKByzMb2JdJSbV8pLdltROrpmT6b2m0RY6GecD9Yjn6+M/RLl8a5VyzHHI+Em8p9egx/5tH5SX26IiIiIiIiIiHyK7LBgFeOS/NwPwIsVdjbvwvUIV71Py81fxX//IQh7CGE/hnD9fFrv/hbZN+/vtlIVwPppEoddhElV9zhOOpPGyVc5Wtv7itWamj7YfIzl+1mWLlu2zXMam5qYM+dlnHw7ANdxiMW33o+2ubkZyBWtup5LXV1d7yaY19LcUliKbozBbKX1wOo1a/B9H9d1+HDhQtrS6aKutS1HHH44U6dOIZPJEI8nuO+++3j11deKHueDD+Yy67HHuvw+5STwIx9DLoQsdbvfTKsn1lra/EzhGflRSFmHMRqzzbmKWJMLMtenu74Xx4w8gn3770M29PPP3XL5nF/QmGkEYFXzmtymUhbKYqV4TtcvBBzjcNrokzrF/JaIyngVhw07pNu5x904JbFU4YzIWlY2ry7q/kVEREREREREZEcGq4BTOYTksVdi/TQ9Vni6Hvhp2h7+Ka13nU+w9CVs8PGDuqhhJemnr6b15q8SrXoX081mVQCEPu5uU4mNP3ar46XicfwgwDiGrO/3UAnZ1WcPOYQwX/3peTH+9/r/JZPpOUBuaGzkO9/9LosXL8LJV4KmexFcJhLxfMWpwfcDbJEbMm2s34TjeoRhiOM4lJaW9nhs/379cF0X13FZtnQp51/wLR56+BFefuVV5i9YwPLly3n33fdYuGgx69atZ82aNdRt3Eg607vK0Hg8xu+vuZZ+/fqSzWaJxWKcfe45PP3PZ7Z9Mrkq11mPPcaJJ59EGHR9Ditb1hJzY2DAc1xqM5t6NW5hfGvZlG3EM257112yYa7C1lpL3PEIbIi1ENkIS9fqX9dx+cGUb1OdrCaMQjzjsimziate/g3Z0GdjelNuEzAsZbEyXNP9n+qomj2Z3HcigQ3yQXHAjN2PIRXrPixubxNgsfn+sLC6ZftvECYiIiIiIiIi8mm3Qzav6ig27mjCNe+TfeV2TKyHcNM4GC9OuOodWu/5Lk7f3YlPOhF3t/1wKgZhegiJtmRbNxJuWEDw/iP4c5/Ahj7G9SDfU7KLKAQvTuq4n2O23GRrC14sFzrGYjH8bJYw7N2S/n0mT+LAaQcw5+U5JBJJ5s79gEt/8hN+8pNL6dunT+G4bNbnvfff4/wLvsURhx/B1VefykUXXUQymaKxqZF33nmHgw86qMfr1Dc0FCpOHcehbmPvw8IoirBRRBjmNomKorAQBnensrKCo446ivvuvZeS0lLmzJnDiy++WNhgytpcOwLjODj5FgglJSXU1NQwZZ99OPaYY9hnyj6kkj1vXDZgQH/uuO12vnn22SxduhRrI847/zzO+PJ/8I0zv8aggQOJxTq/Zy0tLcybP58//fkvPPLITEaO3J3p0w/uMnaY72/avhw+HbZhrd1qlW5H1kaE1ieyEa7j4jkuG/OtACyWZr8Fh3x1M5Z0D18UVCTKuWTqhVz8wpU4xsUzHh9sms8tH9xJY7ap8H6mvCROD8GqYxy+NvZ03njubSJjKfVKOWL4oT3O3XNcqpLV2PbOBQY2tBVX3SwiIiIiIiIiIp9AsAqGxPRvEdUtIVj8Us+VowCOlwujapeSmf2b3M81w/CGT8Gp3g2nYiAkK8FvAycGjsG21BE1rCZc8z7hqrehrTGXoTru1sNSGwGW1Gl/wKkYvM27WLlyNcZANpOhra0tt7N6L8RiMX72s59x1jnnsHTJEhKJOA/PfJiX5szhqKOOYuDAgbQ0N/PE7NnMXzCfH3zv+5x/3rlYaxkzeixz580lFotxzrnncdqXvsSAgQP5+plfI7HFxlCtLa1kfR8LBEHAunXrejU/yPUhra2rIwpDAmtpbW0j3ZamtKSk2+Mdx+HKKy4nmUjw0MMPA7lKzSiKcoFlFBEEQeEZOcbQGAQ0NDSwcOFC7rrrLiZOmsQvr7qK0aNH9Tiv3XYbzr1338U1v7+O2267jTCMuO2WW7jn7ruYuPckJk6aSFlZGZ7nsWbNGp6cPZsVK1eQTKa48MKL+MbXz6Smumt7h6ZMC9koS9JNEkQh9ekGQhvimd79OWQjnw2tdQQ2xLEu6TCDse1L6yPq2jbi2wDHxDEYljev6nGs8X3Hccaok7ltwT3EnRie4/HA4pk4xuAYhyAKcy0BtmJk9Qj27T+Zl9a+yoxRx1KzlZYWAAk3jh8FuK4DWJY3rSgqWBYRERERERERETD2o+4KVCTrp2l74EcEC5/vuXK1u/NshCksazdYA8bxcsFolAtHcy85YBysMd11c91yUAizpE78v3ijj9jmHKIo4v/87OcsW76c0tJSamvr+NUvrmLEiN16fR8NjY388Y9/4q6776a5qQnjGMIgJIxC4vEEhx56GBd+99uMGzu2cM7GTZv4n/+5ljfeeJ3IWnbbbTgzjp/BEYd/rsuGUY/MepQbb7qRwYOH0NDQwO4jd+fyy37Sq7CsLZ3me9//AZBbor6xfhO/++1vGDhgwFbPa2lp4b9//RtuueUWUqkUgwcPpv+A/lRX11BWUkJjUxP1mzaxZu1a1q9fTxAExPOBcDabJZlI8MjMmQwdOmSbc1y8eAl33Hkns598krVr15LJZHAdB+M4BIGP58XYY489OOXkkznqyCN7HNMCL69+Ddc4+DbA2oiUm2LSgL17XG7f5XkFaV5c/QrV8UpawlY841KTqGZMn1FENuKVNa8Td2K0hG14xqU8VsaEfuN7HC8bZHlyxbNUxsuxBkrcFCVektYwQ1uQpn+yD3vW7L7VOdW21vHuxrlM6TeRykTFVo9dsHEhdW0bCU0uCC/zSpncf28FqyIiIiIiIiIiRfjEglUA67fS9tClBB8+j/FidLuh1Y4WhVgsqRm/JNaLULWd7/t4nocxBj8IcB2n11WrHdXV1bF4yVLeefcd4rE4EyZMYOiQIfTt26fHYCubzWKtJZHoOZAOggAw+aX8UaFtQW9YawmCYPP9+T6u6271/l559VUuv+JKVqxYwYUXfpdjjz6Gmppqkslkp9A3CALS6TSrV6/h9jvv5I47bsfzYjjGkM6kmTbtAG664a9dguKeNDU1s37DBtatW8fcuR9gjGHUqNEMHz6MgQMGbPUZiYiIiIiIiIiIbC+faLAKQJAmM+evZF+8KbeFvdO7QG17sEEWU1pD6oRf4Q2d+old99Pm3r/fzyWX/JiSklLuu/ceRu25Z6/PnfnILH548cX5INUSBCGzHpnJyBEjdtyERUREREREREREtrPiSy4/Li9J4uBvkTrt9zg1w7BBJrc0f0eyETb08UZNp/RrtyhU/Rjeefc9Lr30UqyF6667rqhQFeALxx7DaaeeSjqdBgxRFLJ48ZIdM1kREREREREREZEd5JMPVvO83fan5Ks3kzj8+xCLQ5jNbyjVe9uMY22E9dM4ZTWkvvgzSk74DU75wI8853932WyWSy69FGsjxo4dx7T9PvORxvniF7+Yf/NyGybl2hiIiIiIiIiIiIjsOnq3DfoOYuJlJPb9CrHRn8N/9wH8t/6BbanLveh4uVYBWzu/u19am9vwykaY8r4kpn2T2NjPY1JV233+/26Wr1jBkiVLMMZh7wl79bqH65YGDhpIMpXEWou1lv79+2/nmYqIiIiIiIiIiOxYOzVYbedUDCZx0PnEp5xBsOR5/AXPEi6dA9nW/BEGjNMhaLW5f+erHgthKkAsiTd8CrEJx+HtNg2T3PoO6dJ7y5evwPd9rLVUVlZ+5HEcx8FxDL4fUlpayvDhw3p9bltbG9Za4vE4nrf54xtFEUEYYsh9LBxjOr0eBAHdtRNuP8b3feLxeOH31lp83ycWi3W7qZi1lnQ6TRRFXTbsapfJZAjDEM/zOo0dRVFhs7D2DcLaf9d+Pd/3O43lOE631wiDkHQmjeu6JJPJLa4RdvpuwlqL67pdxml/Nh2D8vYqYs/zCnPr+BzaNzrr7rl0HK/9mPYxHMfp9L5ArhK647NoH6e370n7ex/vIeiPoijfegKSyWSn6wRBQGRtly9p2ufY/hy2fDZRFBWeZXefLQvE8s8om812mnPH+2h/Xt09y4/6xYWIiIiIiIiIfDL+JYLVdiZVRWz8ccTGH0fUtJaobinh2g+IahcS1S7BttZh/Sy5YNXBeHFMSTVOzQic/qNx+4/G6bsHTsWgnX0rn0rtgZTrumzcuPEjj7Nu/XoymSxhGDLj+Bn0qanZ5jktLS08/fTTzF+4EMc4lJaWcOC0A9hrr/EYY1i0aBGzn3qaIAwJw5BEIsH4MWM48MADiMViPPDQQ2yorSOTSWMjWwhfz/rG14miiFtuu52Je0/g4IMOAmDFypU89tjjfPG44xg4cECnuTQ3N/PoY4+zfMUKAPrW9OHoo48sVN62tbXxyiuv8NY77xKGIfF4jKn77MP++++P4zgsW76C2bNnc9hhh7LnHnsAsGTJEp548im+fPpplJaWctfd99DY3EwYBGAMiXicvcaPY9r++xeC0UWLFvHPZ5+lvr4Bx3WZOGECBx90IIlEgnnz5/PPZ54lzD8P8pHz1KlTmJ6/x3aPPvY49fX1nHH6abiui7WWmY/MwlrLCTOOZ+HCRTz9zD/JZn3CMMRxHPr2qeHQz36WwYMHdxqrra2Nu++9j9Z0G4cefDDjx48H4MmnnmLh4iUMGTyI4487rnD8ihUreGjmI+yxxx4c9fkjCr+vq63j7vvuY9p+n2HKlCmF3937j/s59aST6NOnD5ALTWc+8ggrV63mjC+dSlV1daf5rFy5kn8++xzr168HA/379Wf6QQex227DiaKIh2bOZPWaNQR+Phw1uef0n1/5CplMhocfnklkI07JX9P3fe6+916am1vYe8IEDjxgGk/MfpIVK1bQlslgowgwhFHAN792JqmSFDffcgsjR4zkiMM/hzGG1tZWbr3jDo496iha29qYOWsWnuuRSqUIgoB0JkNJKsW5Z5+1zb8LEREREREREdl5/qWC1Y6c8oE45QPxRkzL/SLIYP1WbBhALAXZFoyXwMRKwItvfTDZLnbbbXihym7uvHmFqrtivfTSnEL14plnfm2bx/u+z31/v58NdXV87rOHUlZaytz583h41izAMmHCBLLZLE1NTUw/6EDKyspYvWYNL73yCmVlZUydOoVN9fXYKOLwQw/F8zxsZMFAPB6nubmZtrY2XprzMmNHj6Fvv774fkBTe7DZgbWWWY8+RmNTIyfOmEEUhcx+6mluvf0Ovn3B+cTjcR6f/STzF8xn/8/sx5DBg1i1ejX/fO55LHDgAQcQhgGNzc2dqlL9rE9zczNRGGKtpXZjHQP69WPM2LFEYUhtbR3Pv/gSZaVlTJo0kdWrV3PP3+9n3JgxHDr9ENZtWM8zzz1PNpvhmKOPJpPJ0NTcxKHTD6GysiK/P5wtBJIdNbc009DY2Knqsrm5ufBzJpuhqamZ6QcdSHl5Oel0htfffJN7/34/Z3/zG6RSqcJ5URTR0NBA1vdZvHQp48ePJ51OM3fefPwgoLm5pdO1337nXRqbGvlg7gdMP+hASkpKAAjDgNbWVp5+5lmGDx9O3759CcOApqbmfFCcU19fz7wFHxKFIe/PnctBBx5YeG3Dhg3cfuddDBo0kC8cfTShjXju+Re48557OPesb1JZWcmm+nqSiSQHHLIfjnGw5CLoklSKpsam3GcgClmxYgV9+vShoaGRtWvXYRxDW1sbAI1NjWSyWQ47ZDrxeBxrwdqIVEmKKAxpbWvj9TffZOyY0QwbNowoimhuaiaTyTCgf3+O/vznaW1t5Znnnmf4sGHsNX4cjtO1OllERERERERE/rX8ywarXXiJXJDa/nOibGfO5t/S0CFDGDV6NPPmzmX+/Pm88+67TM1XE/bWpvp6brrxRsIw5NxzzmXM6FHbPGfRokWsXL2ar375DIYNy7UNGDV6FGEY8c9nn2P8+PH5Kk7DxL33prSsjL333psVK1ayZOlSpk6dgjEOlZWVTJgwocv4HQPFx554nDNOP514PkDess+vtZaNmzZRXV1F//79KC0tpW+fPqzfUIsxhrraOubOm8fRn/88kydPAmDPPfckFovxwosvMXHvvfPhm+20/Ns4+X+3L50PI0aOGMGUyZOBXFuB9+d+QG1trgfxM889z4D+/fnicV/AcRz22HMPqio39xE2GBzjMGniRJKpzS0CutPeZqB9+bsxBi8WK4TKBoPjtI+VC1GTiQQPzJxJOp3uFKwCuI7DgH79WL58BUEQ0NTURBiGVJR3/pttaWlhwcKF7LfvZ3jnvfeYP38+++yzT+E5GGMIwpBnnn2Ok088AZOvmDYdFu7PnTePyooKBg0cyNvvvMtn9t238HyfefY5qqqrOO3UUwstBYYNHcqiRYsLXwgYC3369ClU1nYUhiHGGCorKlm4cBGTJ09m1apVJOLx3PtUmIYhkUwyceLELmM0NzdjjMF1HR574gm+/rWvFSq/gyCgqqqKqqoqMpkM/3z2OYYPH9btXERERERERETkX8+uE6zKTheLxfjFz3/OSSefDMBll1/BLX+7mb7dVEF2p65uI9+58LusWbuWzx76WS668Dvd9pbc0voNG0gmEl02uRo2dCgfLlpIU2NjPqyyrFmzloqKclavXcvG+k2MGTMaAC/fvuC22+8giCKwluqqKo7/4nGFOUyauDfvvPc+CxYsoE+fPkQ26jIXx3E44nOHce/9/+D6P/6JwYMGM3bsaCbsldvMa9nyZbiOw6BBAzudt/vIkTz7/AvU19cXlvJ36fja4VH8f/buPi6q8973/hdEnFHxgQchAsI0GCIWjYqmPmQwu9aYVrujpkkDNuk5O5Huc9K+smHvfRPp2WnOKQltD9y90+y22OzT1ApJjNHumN2oSRtnGvWuj4kGCZGdgaIpKpggBlCQOX+smWEGhoelKKif9+uVJsxa61rXutZi+vLrdf3WyPCRqv7YpdDQUHW63WpsPKvOS51KvW2qLl26pJMnT2r2HXcE1AtNS5sW0Jzb7damzZsDQsCvLlvW436NCB2h1tZWvbLpVV+JhFOnTysu1hhvo5yxW3v+/z/LMmqU3JI+qPhAUxITFRER0WOMLnV2KiEhXkeOfqCmpiadPPmJJk2apDGjrTrXfN633/Hj1ers7NRdixaqo71dBw4d0owZM4zx8QTPGbNnaf+BQ6qprdW4ceMCRq3dc8yiBQt029Sp+tdflqqurk633nqrLl68qJOffKKpKSm+oLW5uVkhISG6bepUhY0MM+rAhofrL3V12lhWrk63W52XLilxSqK+fPfdCg0Nkdvtli05SR9WfaTW1lbV1tYqPiFBZxsbjVnPMkpjtLa06Lfl5UaZCbdbY0ZbtfK++xTqqQWdnjZdHxw7pg8++EBTp041ykb73fCO9naFhISo81LPZw4AAAAAAAxPBKsw5YvT0/Tr//Nv+rvHHlNl5TE9+M2H9Owzz+iOmTMCXjTk7/z58zp4+LD++Z/+WZ/89a/61re+pfx//qde9+/OWzagRwjrCac6fEvDQ/Tv//GGL7BKnTpVczMyJBnBYGhoqCbfcotCQqROt1tjx3bNoLzU2alpt0+T1WLVW3/8oxbfZQ8IvvzdeuutWvt3/1UVFRX62FWjP/zxHR08dFgPZ2fr0qVOhYSGBASekhFWSp4XSIWESm637zPv55JfHdvQETrX3KzKqo9Uf+qUxo4ZrYfXZCs2Nlaff/65Ojs7FRraRygdYrQZExMjq9UiTy2AXsc8NDRUY8eOVajnnXChZ0L8MswQuTvdqjtRp6Zz59TS2qo70mfob+5e3ONFVJIx03PixImKi4vVR8eP6y91dbr1CzZ9+umn6mw659vn4KGDsiUnSZKSk5N08L33VF9fr/j4eElGWYFZM2cqRCF6c8dO3Z2ZqRGhI+Tt2MmTJ9Xa2qa42FiFh4crKjJSBw8d1he+8AXJ7VZnZ6fvmWlvb1f5y6/o/PnPFRoaorlz5uiuuxYpJMT4C4OEhHjJ7dalTrdi/ILnS52XlJiYqI+qq/Wf//mfOtPYoHkZGfpzY2PXBbuNZys+7hYjjJV8L9Jyy3i2bps6VbFxsdrx1tuel511Gzf/F/MBAAAAAIDrAsEqTFu4YIHe2r5DP33uOW3btk3feOABpaWl6Z577lFiQrxGhBlvQG/5/LwqP/xI27a9rsbGBs2ceYd+9KMf6a67FmlEt+CxLxMnTFDbhQs6d+6coqOjfZ83nj2rkNBQRUREqKGhQaEjQrTiq19TZOREWS1WjRk7RpIRMLo73RoXEaG7717co313Z6fxaid3p770pTt1tOIDOf70J4WO6NnHlpYWHTt2TFOnTtWiRYu0aNEi1dTU6KVNr+r0mdNKTExQe3uHPv30U8XExPiOO32mQZJbY8aMMV4o1dlpLCn3uHSpU263W5c6jX9fuNCmjNlztGjRQn3wwQd6c+dOffrZZ4qNjZXFYlHkxIlqaAx8gVhlZaUuXerUF784XZKxpP/uxZmyWPouBXCp85LCw8P1ta/e6/vs5U2vqsNTCsBbtmDVffcpPDxc5S+/otOnTqmjoyNoUOuWZLVYdVvKVDnffVdut1vz77xTjY1nfbFhY2OjGj/9TE3nmvXz0vWSJwQ9+sEHRrAaYswWDQkN1YIF83W0okJ/3PWOUSLA8+wcOnRIoSEh2rxlq0JCQnSxvV1NTU1q+uwzTZg4UVGRkTpz5ozcbrfCw8O1auV9Ot98Xtv+4/fquGRcW3t7h+LiYrU4M7PHdXR2dsrtlsaPH/4uQywAACAASURBVK/EhAQ5/vQnhYSEaPLkyb6xMcavU+HhI/U3f3N3z7FwuxUiqeNSh2akp+vQ4fe04+231dnZqe65vTE2/c/gBgAAAAAAwwPBKi5LYmKC/vePf6R/eOIJHT58WH/4wx+1ffubOn36jEJDQ+V2d8pisWrKlER9JydHdvtdsiUn9xvyBZNy6616x+HUjp079ZUlSzR69Gh9/PHHOvze+5o7Z7bCw8PV0WG89Ck6OkqRkZE92nB3dqq9wwg8vS/gkiSr1WrMagwJ0cWLxsu47vnKV/Ta1t95ZmMGziAMCwvTn3bv0ftHjmrVyvtktVjV2HhWIZ4XYcXExCgmMlLb33pLVqtVEydO1OnTp7Xz7bdlS0o2QuK2No0YEapD773n62tlVZVGhI7QaKvV17dOtxE2Tp8+XZVVVfrdv7+uv/v2I4qZNElzM+Zo+863VFFRoaQpU3SmoUH/8eZ2TZmSaASrbmOWbsOZBk2YMN53FWFhYT1qonZ6lq93dHQYL/Zyu436qr7as8a/3W63Ro0apeX33qv/s2GDtu/Yqfv+9utBZ+de6rykuLhYXWxvl9ViUUxMjNrb29XZacwufv/IEVlGjdJ9X/+6wsJGKCQkVBXHKnT4vfdlv+suoxxASIg62ttlmThRf7N4sX6/Y7tGho1U2IgROnfunKo/dulL8+Zq6tSpcrultrZWbfndv+vI0Q9kt9+l+V/6kjb/bqv27N2r9C9+UaOtVtXV1am9/aLfXXWrra1N55rO+WabhihEoyyjFOop2TAyLEwJkyer4lilkqdM0dixY3XhwgVfKQC3u1Odlzp19uxZX9kB/2fLLWPW9YgRI3TPV5ao7OVXPOUO/B9Qty/cBwAAAAAA1weCVVy2kJAQJcRPVkL8ZK1Y/jV1dHTo4sV236rmESNGaOTIkQOqo9qXiHHj9M0HvqFt//F7bdr8msLDw/X5559r+u3TtGjhQklSWNgIWUZZel1JHRERoTMNDXrl1Vd1qbNTIQpRZ2en/nbFco0fP15Wi0VhYUaQZrPZNO3221Vb95ceoWF4eLhWr7xPb/z+Tb20aZPCR4ar+Xyz5s+bp5iYGIWGhupvv/517XjrLW353e80evQYff75ecVPNsYoJDRU1tGjtWzpUv3hj++o/OVXJEkXLl7Uiq99VaNGjdKFCxdksVh9L1gKDQ3VPV/5ispffkV/2r1H9319hdLT03X2s8+08w9/0NjRY9TS1qpbbrlFy7/6VWPsPeOx7fe/N2bsSrp0qUN3zJgh+113BVyTxTKqK2D2GGWxKMQTEIaFhclisfi2x0yK0ZcXL5Zz97uqq6tTUlKS77iQkBBZPOFwZGSkIiLGKjE+XlarVSNGjNC4iAi1traq+uOPdee8uZoyJdF3rNViUcWxStXV1WnSpEmyWEb5ZqdOn56mj6qP65NP/qrQ0FC5XDWyjrYqIyNDo0eP9rUxI/2LOvbhh7rzznmaOjVFixfdpf2HDuroBxXGLOrWVqXceqsyZs/21EIdo1NnTqvs5Zd94+R2u3X/ypWyWqyyev4iID4+XqNHj9YXvmBTeHi4LBaLwkcZs3VHjx6jT89+qk2bX/M8W8Ys1q8tW6bJk2+R1WrxlUxISEhQxqxZqqis1AjP8+Ydt1EWi++eAwAAAACA4S/E7f9KdAAAAAAAAABAvwZe6BIAAAAAAAAAIIlgFQAAAAAAAABMI1gFAAAAAAAAAJMIVgEAAAAAAADAJIJVAAAAAAAAADCJYBUAAAAAAAAATCJYBQAAAAAAAACTCFYBAAAAAAAAwCSCVQAAAAAAAAAwiWAVAAAAAAAAAEwiWAUAAAAAAAAAkwhWAQAAAAAAAMAkglUAAAAAAAAAMIlgFQAAAAAAAABMCrsajTY1NencuXPq6Oi4Gs0DAAAAAAAAQL/CwsI0btw4jR8/fvDbHuwGm5qadP78eUVERCgs7KrktgAAAAAAAADQr46ODp0/f16SBj1cHfTk89y5cxo/fjyhKgAAAAAAAIAhFR4ertDQUDU1NQ3/YLWjo0MjRoyQ2+0e7KYBAAAAAAAAwJQRI0ZclZKlvLwKAAAAAAAAAEwiWAUAAAAAAAAAk65KIVTKAAAAAAAAAAC4kTFjFQAAAAAAAABMYsYqAAAAAAAAAJjEjFUAAAAAAAAAMIlgFQAAAAAAAABMohQAAAAAAAAAAJjEjFUAAAAAAAAAMGlYzlhtfLdYP3ilpo89kvXgD/K0KOqKTnN1tJzQuxsrFbv2K5oadIdzOvjzp/RipVULv/d9fXPq6GCN6PjLP9Rzu9XHPlff8Ze/q+d2B9sSpojIZKXdu1qrvpSgoendcNKod4t/oFfiv6effbPrrreceFev/Pp1HTndqg6FKSJ+hr665kEtSmDEAAAAAAAArndXJVgdHFYl3zlb8UF7GKtY67Xuz8A0HnpFrxyN1/d63WOc5nz7MVX+4Bfa/evXNef731T33LTl+Ov69e5mRSzOHbJQtUuw+9Cqk4eO6M9lxTrRmq/8u2OHqnPDVsvxl/XD53arNXKaFmcv1lQd1643d+mVHx3XiSEMywEAAAAAADA4hnGwGqs77/3m8JyVeqVGp2nVYwt17Lnd+vkraSr8LzO6Zn22HNErP9+t1uQH9f3VtqHspUcv9+Gbp/TW//qhXn/99zqy6L9oxsgh6dwwdUp/fnm3miMWK/fp1TLuYprSvvQlY8x+9abu/LH3cwAAAAAAAFyPhmUpAO/xbrdbA2mq5cSftWXL6zpU3WwsuU6Zra+vWqU7fUuuG/Vu8dPalPCIvhv2pn7hOC1FzNO3C9Zoxmjp3LHXVbZllypPdyjMmqSFjzymaUe/r1+eeEBP5S1S1ADPc/yV7+lnuyWpRs99d7e08Lt67sHgBQGsKSv07YVH9LPdv9bPUwqUtyjK6OfPf61DStIDjyxUpNstt6nr636+7p/3PQ497oPnf4Pfh0matSher29pVFOTW+4oSWrRiT9v0ZY3j6rmbKs6JIVFxGvGvdl6YJFfyYCWE3p3U5nePHJSzR2Xs0+LDv4iX79p6XZ/Dv5C+b+pVNIDP1TeonHeT419rY+q+NszNHJQnpfX9GLZblU3dyhs0mxl//0Kz/gYY6VzdappDVP8VzKV7LmHgWPm0okmt5LHCQAAAAAAANepYTxjdWBajr+iwp/tVmv8PK16ZLYiO6rleHOXyn5cqZrvFuhB/yXXfy7TL2Lv1IPfuVftZ61KHm0c/6NfGsc/8MhsjTzp0Jsv/EiHrJIizZ0nduF3lN2+SWX7IrXiO0sUP66vJfKjNfXBx5R5pESOLS/q3Wl5mlb5orbUjtS87/y9b4aoqesbqCDjcDmaG89KmiR5ZqueeqtEP952VvHzVil7dqSszSe1e9ebOrSpRK3WH+jv54yT1Kh3f/FjbTqbosxVj2hapHT20NvasunHOtFRoO8vjh3QPsnpSdKmo6ppWaQoT/9PVh+XJNVW16h9kRGiqqVS+yqlaY+kGKHqFT4v5w7+Qj/4TaUUn6ns7GlStUPbfvaiIvwHZtwcfbtwTpARa9HJmlOSdaESCFUBAAAAAACua9d5sFqjN1/YreakVXoqb7Fn5mKa0u6crdd/+GO9/co+Lf7+YvnizY5pyv7ug5ozuuv4117YrdakB1Tgnfk4J03p04zwrStYHeB5EtKUkhwh7YtVclpaLy+v8pes1bmrVPP0Fm154UeKPXVS1oXf1ao0bwdNXt9A9RgHs9p16mCZfuVolZLu1LRxRl+P7G5WxMK/V+6DUz1Za5rSZsfqxf/nBR2qPiXNGSc1VurPtdK873xPq9M8zaVNk7X1+9p05LgaF8cqaiD7TJ2hSL2p6pPSnKme8x/qUEREhJorj+ukZihZUnv1UVUqRdlTR5sfz2DPy6ZKyf95SUtTespGPf3L2n5H7dSuX+jFQ1LSA4uVfLlDDwAAAAAAgGFheJYCkCTVatPT39OmHluT9MC/5GphlKSag9rXKs1assC3bN4Qr8wlKXq7fJeO1GdqSaxnS9I0JVn9lrV7jk9fMi/geGvKl7Ukfre2eq7FPeDzdFs+P5CLjczUIw8c1DObanUyIlP/8ECKrN5jzV6f291t7Lt/3ss49MLY3tt9kBSRrkd8JQuStOSpIi3xns+7T9hkpcRLh1padNHt1siICEWGSYe2vaxpEfcqPWGcRsqq2Y8Wa7b32IHsMylF6dYO7Tvi0gMpyVLjCdW0xmtJVoq2l9foRINbSVGS69gRKWmVbo1wy+26wufl1HEdDfa8TFuiJZH7tK3H+Hu1qGbL8/qZ45TiV/6zchdGXvHvCAAAAAAAAIbWMJ6xalXSvFnd3kYvSbGaZPX8Z3u7WhWphNieb04aFzlJUrUaz0m9TulsbVWr4pUc3/34KMUnSTo5SOfpR9TtdypetdK9mYEzGa/yeQcmyH2wJmjqjBSlJ8eqZ8/a1dJ4SidPn9bp45U6cvSoqk9LUrPOSYoaOUMrstNVW7ZHv/nJHinMqsjkdC1ZskSzpsUaNVYHso+SlT4rTI6j1Tq1KlmRJ4+r1pqiVXdOU3q5Q8dPtmth1EkdPdyhyCUpxuzSKx3Pc406q0gt7HF8hCIn9T6CLUc2GaHqA+uUu/BGfBsbAAAAAADAzWcYB6uTdOeyB3U1c6j29var1/gNY+D3ofHQC3q+7KjOGm+tUuS4WCXNmqf0ww4d9tsvavajemr2OZ2oPKp9u3brUPU+bfrlPm1JekDrchcqaoD7JE9Ll/YcUXXjEk2qPCqlP6pkJens7VJZZY0UW6ujrValp1zV5FnSSIVZe9vWog93H1ZH0gN6hFAVAAAAAADghjEsSwH4VrCrn+XqYSNl1VmdOHVR7kmBswjPnT0tKV6xkUYb3iX6/svUwyLGyarDqjl5Ue5I/+PP6tRJv/1NnMfX+EBLAQRecODYmb2+s+fU4narK+M7qxMnJcV3tRtsHPrvXf9lA3Run8p/c1Stsx7Wv2TNVtdwntLbhx063OOcEYq/fYFW3r5AK9WuU47n9ezWbXK4Fmhl8sD2CUtJ1+3aoOMnXWr5sEO3L0+S223V5JRIdRw+qWPHj+isdZ5mJXn6f4XPiyIiFRn0+EadqpV0e7Bnv1UtrZLiJ3UrPwAAAAAAAIDrWehQd+CKJM/SPKt0+O09Ohuw4aQcb1dLEbcrJbKXY/2OP/r2vsDjTx2So7bnfpd9nss14PNaZbVKqq3VKb+9Wiv36XDHVehXMKdrVC0pfZ5/qCrp5D7t8+t8e+VW/c8n/4e21vgfPFLjIsaZ2keSZE1WepJ01PGGjp6NVEq8ESnHJt+usJO7tdVRq7BZ6V3lFa70PsZO06yInse3VjvkONvbQZFa+A8/1U8fSOmjYQAAAAAAAFxvhnEpgIFI1rK/W6BDz2/VMz85qZVfnqXIjmo5tjv04dkILXh8ieL7Oz5rlnb/26t65ie1WvnlWbI279Eb2yp1LqzbfgM8j9VqlXRYb7+dovZpKZoWP67naQf9+qxKmXe7wj506N+eD9OKL6dI1Q5td7RqUpLU//vqB8GkFN0etkf7/u0nsj6wXLdHtOrsYYfeOHRS7X5jOTIlXbeHOeR4/ic6tyxT8+Ij1Hxyjxzbjyos6RvKTJZGtve/jyFSKemR6nijWrVhC7TCu+I/PkUp2qMPT4dp1ookv05e6fMSryWPLNA+v+ON5+Womns9plqbnnhee5K+oX/5h4W6Gvk7AAAAAAAArr1hWQrAe7jb3f8SdMut39CT/5ikrVvf0NYN+9ShMEXcukDfWrtMs2Mtnr64fUu73d2WY1u++LD+x9oIbXhpj17dsE9hliQt+K85itzxr/qd3/4DO49kuf0efTmpVI43NujDo/fr6ScWqt9oteuCe4zdQM8bMethPdHyqja84VB5qUOWSela/sTDit2zTv8qd7/jELRbvu4NoBRAxCw9/ESLXt3whnaXl8oRZtHEpHm6/x9zFLnnf+r/21OtExcXaOLIW/WNJ/+7Jm7YKuf2cmNGbViEbl2wVk+unKaJbrfcYQPYx3PaSbd+URY51ZZ+u6Z4P7ck6fbJ0oefpGtWaljAmF7x83LrN/TkP07WqxuM42WZpPT7vqVZ+3+rP6jn/fMbxQGNOQAAAAAAAK4PIe4rLogayOVyady4K5mlORycleMn/0u/i1+r/zdr2lB3BgAAAAAAAMAVOHfunGw226C2eX3XWL1SrYdU+k//otJ93Qpknj2qw59ISUlX+23yAAAAAAAAAK5H13mN1StkTdHclFb99tXnVXp6mey3Rqj17GH94Xf79UnEAv332VTEBAAAAAAAANATpQB0VpVby/Xqvlp92tZh1PKctVwrV86T5yXzAAAAAAAAAK5jV6MUwFUJViMiIgazSQAAAAAAAAC4bM3NzdRYBQAAAAAAAIChRrAKAAAAAAAAACYRrAIAAAAAAACASQSrAAAAAAAAAGASwSoAAAAAAAAAmESwCgAAAAAAAAAmEawCAAAAAAAAgEkEqwAAAAAAAABgUthgN2ixWNTc3DzYzQIAAAAAAADAZbFYLIPe5qAHq21tbbolLm6wmwUAAAAAAACAy/LX+vpBb5NSAAAAAAAAAABgEsEqAAAAAAAAAJhEsAoAAAAAAAAAJhGsAgAAAAAAAIBJBKsAAAAAAAAAYBLBKgAAAAAAAACYRLAKAAAAAAAAACYRrAIAAAAAAACASQSrAAAAAAAAAGASwSoAAAAAAAAAmESwCgAAAAAAAAAmEawCAAAAAAAAgEkEqwAAAAAAAABgEsEqAAAAAAAAAJhEsAoAAAAAAAAAJg3DYLVKG3NytLb7P0UONfh2KdPanDJVDWU3AROqynK0tiz4E9vgKAp8vgf9fA1yFHl+j3rpA4BBwv8/AQAAAMBNYxgGqwZ7bqnWl3r/KVS2yrXuRgqFGhx6NqdIjsFM03CVGaH/xmH5GPbRt6odKnPZlVdaqvXZqde8Zzeevp+DvkL0oTecn2EAAAAAAK4vwzZYDRStzJV2yXmAWUC4LqVmX9tQs8f5bAmKumZnBwAAAAAAuPGFDXUHBkODo0jryl3GD7YsPZOfqWjvxqoyrS1x+va1ZRXqycxoz6YcFTsV9Lg+2+wmoB17ri/QqirLUbHssjudMjbblF2Yr8zoKm0sKJdLkqugSCrMV2Z0H+esKtParZJdTjld3jZ8HdWzBSe0qjRbxlkb5CgqUN3KUq1JlYwZaiXq6p73c2O/PfO7jYeM/leV5WiL7JLTKVeQ6/ff1zdee+d79jPaLnP1HJP+xivgnCtPaF2JZLc75XT2vH/GtRvjGNiW99qylFhebly7LUvPPCr9yrt/wDX1Nkb+GuQo8uxTkiN59hnocxI4Xv7jY5Pd3u1MfT0HQcdDPfo294DnfBkHfM//upy9WjLPpf9M8RvDqjKt3ZrQs989Pq/SxpytSvQ+ewFj7/dMNjj0bMFeLfA9o8bYGuPleTYT7XI6nT2ei77vqd84Bnl2eu1PH8f0+QybGGv/Z6XBUeQ5V4nWetvuo28Bgv6e9/FsBny3Bfte6H7O4M9w4Pmv8T33HpuVqLJyp984+y4k8LtEduV5v+u6PSv+YxP0u73b9QV+Z3l+PrHS07++vze7X4//+ezdf6EBAAAAADes62TGaoMcW52SPUM98q6qMq0rTzSWOZeWKi/Rv2RAlTaW1Cm70FNSINcuV/kOY9ZrVZmK67L0jN9xv/Kuy++zzW49cxT5tVOo7LoSPeu/vt9Zp0TP+fPsLpW94FCDUrWmMEs2/3Civ3O6nNLKUq0v7RbKRE/XAptT+33lNCu0x2XXXF8IUKK6rELf9TtLBl5+wOWUVpWWan0foXLwMXlBZYm5XWUc6kp8S4/7G6+e53SqLqHQ7/694Ol/gxwvlCvRWzKiMEs259aAa3OVn9Dc0lKtL82V3VWudS9Ij3n3dZVre1WQMSrMUl3QMYpWZn6u7PILWQLu2cDLVTQ4XlCZvGOwUnK6ujb2++wFG48gffNKzdb6XLuMQCpfDyyyy7W3wlfPteqAU7b503ve39QM2V17VdG1o5y2+ZruDc4Kusb+mSyprGDgNSWddQnGtfeYwdv3Pe392Qnsz/rcRF9/Ao/Jld3Z7fez756aG2tJ0Zn5yjM2dgV0ZsYq4Pe8r2ez+3dboue7RX2MR999H5p7Lkkule31bC/MksoL/L4vun2X2Jza4mhQsGelrqSs7+/2gOtrUMVeySb/n12yZ3j/4qPv782A66kqU7HT7vseSKxzCgAAAABwcxi2waqzxP/lVQVGEBXkD+VVB5yyZd3jC1xT78mSzVcyIFVr/ILIhvq6wIN94ZqxdNo3c7PPNv15/jC+0hsCGiUL/IMr2Vf6zh+VYOv1evs/pzcs7S5a0+fb5Dxg7NlQsVcubwDdUKE9LpsWTI/2Nqpsm0t7KgYYLAULsgfKF4hFKzO/a7ZX/+PV/Zx2reoaQHWNoH+7khpPyKVAXeMZpUSbugLE6DglenfyBNG+c0RnapV9YGNUdcA/7B9ouQpjDLrCzFQty+q6qoE8B8HHY4ACwqUq7Xf6PR+BO2qu3zgEBLBVB+T0ex6jM1fKLr9wvx9Bg1yjpT7uafdxM/Z9MjO6R3+Umq31pdlK7WWsA563Pl3hWEuXMVZ+19Hvs+lS2Q7fF1jXX0ZUHZDTlqVlXQ+Rsm0DuT9Dcc89V+39TojO1Cq7fN9n0Zn5fmFso+q6/ZI7t3rC5OhMPembta9evtujlGhzqa7R05bma9V8GT/7/4XUAL43/a8n6PcAAAAAAOCmMGxLAQRfjt1dg+rrJJezQGvL/T+3qb5BSo0OXEZqs/lFI6nZWp8rrS3J6bbcs782/T8z/qDv9GvD05IaB36p/V9HP0dHT58vW/kBVWWnSie8s67kCaYStcrMdNNBEJ2Zr2dUpHUFOSqT1LVseLDGyxC43Nd2ecFX4wm55FRxTrdZZvZGqc8oyLhntvlmK5caY5C4sqvt6DhvzHtlz8HAGOHZlooGZU6vV51tvpb1cpmpGXa5tlaoIXO66utsWnCPsWODceFXpWZr7/e057h59d6f3o+5Vq5orPp8NlO1pjRXyinR2m5lDhqMh0jrcgIeItkG8BANxT2XbEr0azgqwSad8PzQrdxB11d4tDLzC6Wigq7r9C757/W73fhLqLIDVVqjA3ImZmhNXKKKD1RpTcaJrr+QMvW9GeR7ICpBNt8FAAAAAABuZMM2WB2YaMUlSrb5/jX5/Pjehu6ZyeSpm+jjmdkmeerrlZRpbml2320GMGZC2lcGD4EH/qKtfq6jv9QxeroW2Mq1vypDcto1N9vbvQTZtDdIIHz1RWfma32m8d9VZTkqfsGh6fnTB2m8JDU4tMXZs86jaVEJssnuV6N2oIx75jrRXwDb44RKtEl7/G6KMZM6QVf8HAyQNzyr0l5p/qO99z41Q3bXVlVUSXs0X495J04aFy6zV96vPu9pz3Hz6r0/vR9zrVzRWPX7bKZqTWmp1kiesSrRxoxSrTEeol7q/fbzEF3rey5J8swi9TTceMI7LdUoAdNVc9VTO9l3nDFr2fiaMWqi/sox3di3l+/21OnzZdtbr6qEOtkzsqVUyb61Xg45jZ8lk9+bQb4HgsyeBwAAAADcmIZtKYCBSs3wq5sq4w/Ra3P8a//Vqd5bk3Nr18yvBkeR1hY5fEuCo+MSfW9O779NL88y/K1d7VSV5QS0O3jX0RdPP0pK5PR/+3v0dC3wX8JatUNlviWunkDAtyy6SvtNlAaMSrD5LXs3llx7VZXlaK1fXdCoBJuUGKfoQRwvg3dZr1S1o/zywgxPjdotvgKKVdqYkzOgOpypGfaAMei1DnDgCTV9vs3vXgeO3ZU9BwOUmiG7q1zF5S4lxvWVHBmzW8tKyuVKjOsK1FIzApaBNzi2di0Tj45TovyfuQMyV3Gyt3vqGTf/+rDe56xbf9Tg0LM5RXI0dD+mStvLu0oD9PUMD5q+xqo/fT2bvmv07hunRO/MT8/93R4wHjm+uqX9dHgI7nnX0n8jXFfXrHt5Q0t5vr+8nxpj0XVNRoieGBfd53e7ouOU6NqrLXvlmSUbpUTt1Z46v3vS5/dmkBHLsPuVPvGUBgAAAAAA3BSu8xmrklKz9UxWkdbl5Hg+sCm70DPDK/UeZdsKVFaQozLZlJ2bJVuJZyZSZr7yTuT4LZc1jovur81uonu0Y1deqTFTrM+5YZ5ZpmUFOarLLdUaE+cM3tx82eSSAmoZGi+rqcvpWlpuzy311XxNvSdLtoJyT9/tys7yW4Lb3/kyV8peXuJZpmxTdpZd8kwuTM0uVHZRgdZ6L0V25ZV6KhBe7nj17IBW2ctV7Fnua881XkxUZ3pKXc8xkj1X64POVk7VXLtUXJKjuqxCPZnZ7Z7ZgtcB7tl1Ywy8S7ztdrvkLf972c9BYN9WDWBfp7P/gM8IjZwBQZc8L197tiBHa3v00ahjuq7cM572LGXbui6vT/3c0x7Pji1Lz+QbZw3sj99z3v0Yv3vb1zPcz6h0ew4Cn5XUDLtUUqK1dcbS9N7Hqt8B6ePZzNSTuSe01lduQ7JlFWqN8QXWYzxsWYWeWeJ9993X/2t1zz1t2bVVa3Nc3fpq1CstK/GUO7DnKs/uVPGJxqDXKHuu1qdKSu3ju90THDudds9S/2jFJbrk0kq/e9L392bPAfP8znruhc1u9ythUaWNOVuVWJjf+/EAAAAAgOtWiNvtdg9mgy6XS7fExQ1mkxgQ/gCPgWtwFGndiZW9vKU9YEc9W3DiMkol4Lp1Le+5p9zDAr63AAAAAABX2V/r6wPfvzQIrvtSAPCoOiCnbb56Wa0K+DGWvQfOSOxlz4q9XS/1wU2Bew4AAAAAwMBc/6UA4HmTuv9yV6AXDQ49W1Aul3fZdO87ylFU4Hn5GxHbzYF7DgAAAACAGZQCAAAAAAAAAHBDrUrOywAAIABJREFUoxQAAAAAAAAAAAwDBKsAAAAAAAAAYBLBKgAAAAAAAACYRLAKAAAAAAAAACYRrAIAAAAAAACASQSrAAAAAAAAAGASwSoAAAAAAAAAmESwCgAAAAAAAAAmEawCAAAAAAAAgEkEqwAAAAAAAABgEsEqAAAAAAAAAJhEsAoAAAAAAAAAJhGsAgAAAAAAAIBJBKsAAAAAAAAAYFLYUHcAuFY+a2pS02ef6eLFi0PdFQB9CA8P1/gJEzRh/Pih7goAAAAAAL0axsFqgxxFBSpzeX+2KbswX5nRQ9mnnqrKclSsXK3PTu398waHni0ol6vH0YHXVFWWo2KnZM8t1ZqA5qq0MadEzl7GoMFRpHV75+uZ/ExFD+Dzm9FnTU26cOGCkm02jRo1aqi7A6APFy5cUH19vZqamjSecBUAAAAAMEwN02DVCBLrsgq1Pt8TCTY49GxBjvZkFerJ4ZauDkjPULSqLEfFLzg03S/4tNlsch6o0ppUv2S16oCc17SvN56mzz4jVAWuE6NGjVJcXJxqXC6CVQAAAADAsDUsa6xWlZXIac8NDFCjM/Vkrl2u8h2qGrquDarUe7Jkc+1VRYPfh4mJsjkPBFxjQ32dbHa7bNe6gzeQixcvEqoC15FRo0ZRtgMAAAAAMKwNwxmrVdrvlOy5qT03pWbIrhLtr8pWapRDzxacUKLdKaff8nnvcnqD3yzRqjKtLZHsnv0lyeY/+9V/ub7NLrucqpvftT2gXXvPpf+DJiFDC2yea0yVpAZV7JUWrEzQHmfdFTUdcA22rIASAQ2OIq0rd/XcVlWmtVslu5xyumzK/sf52vO/9yrRLjmdnv0DxqN7CQe78kqzleo9v7KUXVfu2W5XXmmG9ueUeGbkdu3bo79Xc8wBAAAAAAAAk4ZfsNpQrzrZtCAq2MYoJdqkPfUNUpQkOVWXUKj1pb4ipSquy9IzpUYoWFWWo+IdVcr0BXJ++1eVaW3JC3JMz1dmdIMcL5RLWYVanxntC2Ft8z1dchT5tWsEh886/EJZZ4nWBlurb+/7Uqt2lMtly9JjAZUNojR9vk1l3nIADRXao/l6LEraM6AB7O1kPcfmV47pxjVUlWldeaLySvN9Aei6sriuINPllHJLtT5VUoNDe+SSU7laX+qtH1uijRlGsN3geEFliblan58qb8i6xXGP31jtlQpLtT7a2FacI+WVlmqNp/yDd99+xxwAAAAAAAAYQsMvWDXFpgXT/YK21Gytz/f+0KD6OkmJ/vvbtcobzEUlyCbPDNCGCu1x2bTgUc+21HuUbXN6gswGVex1yb4y3zO7M1qZK+0q21qhhsxMT7O9vbzKn0tlBTkqC/jMrrzSni+Wip4+X7a99WpQqlSxV67ElYpW/YBGpE+ucm2vytSaVCk1u1RPevt6wClbVqFvpmjqPVmyFRxQVXaq5zO75gZcnk3Z93g+iI4LGOLozHyt9/3UqDqXpPl+O9hXeurMRisuUVJihuccRmhu3JG+x5xoFQAAAAAAAENt+AWr0XFKlEt1jVLPBM0I6hJX9hKt+S/nl022gRYlbTwhlxK1KmizxjmdJTndXiBlV+MAm5enP10vr/K+nOseBV3cHh2nRNdWVTRMl/a6ZF+ZKvURrEbHJUquEwo6ZF6p2VqfK631uw6jfIIRQLucBVpbHtjf+gYF719fqsq0tsRXb2Dg9yBA32NOsAoAAAAAAIChNvyCVaVqrl0q9i6F91d1QE7ZlWesMu+hake5XH6zR3vOGu1FVIJs2msEiT1SO2MmpX2lsdS9xzkH0n4PqVpTmKVnCwq0MS5Yu6maa3dpy44dksuuVb1cb38aT7ikxJVdQWRqttaXZkvy1FQtKdPc0mzFJUq2+b0sszeVHjfIsdXpV7vWWMJvvoRB32MOAAAAAAAADLXQoe5AMKnZubI7S/Sswy9NbHDo2RKnbL3N8vSqqzcyyAaHtgSrexpM9HQtsLm0p8Jzvqodfi9fitb0+TY5tzp82WZVWY7WFjkuJ+v0O2emHsuyyVlSFjScTc2wy+V0ymXP6H/WaGqG7HKquMyvJc/12zNSPT8WBfQ5Oi5RsiUoynuu8h2+fjQ4irQ2J3i/BsJ1wpPGBoyjGVdpzAEAAAAAAIBBMgxnrEpSqtaUFspR5L883abswlL19e4iozZoudbllEu2LOVl2VTsqVXa9/LxaGU+mqU9BZ7z2bOUbet6WVR0Zr7yTuQY7Uryr41qrhxAt7NmrpS9vETFRQl6Jj+z28UYYakyBjJlM1VrSnOlnMCXaBlL/Xu7BpuyC7ONcUnN1jNZRVqXkxOwzfxkUU8t1BJPP+y5yrM7VXzC/AL+vsYcAAAAAAAAGGohbrfbPZgNulwu3RIXN5hNDgFjCXsdS9FvGMePH1f6jBlD3Q0AJhw9ckRTp04d6m4AAAAAAG4Af62vl+3yXgbUq2FZCuDaq9LGnCL5Kg9U7VCZy6bEqCHtFAAAAAAAAIBhapiWArjWUrUsS1pXkKMyzyf23L7LDgAAAAAAAAC4eRGsekRn5mt9Zv/7AQAAAAAAAAClAAAAAAAAAADAJIJVAAAAAAAAADCJYBUAAAAAAAAATCJYBQAAAAAAAACTCFYBAAAAAAAAwCSCVQAAAAAAAAAwiWAVAAAAAAAAAEwiWAUAAAAAAAAAkwhWcVMIDw/XhQsXhrobAAbowoULCg8PH+puAAAAAADQK4JV3BTGT5ig+vp6wlXgOnDhwgXV19drwoQJQ90VAAAAAAB6FTbUHQCuhQnjx6upqUk1LpcuXrw41N0B0Ifw8HBNmDBB48ePH+quAAAAAADQK4JV3DTGjx9PUAMAAAAAAIBBQSkAAAAAAAAAADCJYBUAAAAAAAAATCJYBQAAAAAAAACTCFYBAAAAAAAAwCSCVQAAAAAAAAAwiWAVAAAAAAAAAEwiWAUAAAAAAAAAkwhWAQAAAAAAAMAkglUAAAAAAAAAMIlgFQAAAAAAAABMIlgFAAAAAAAAAJMIVgEAAAAAAADAJIJVAAAAAAAAADCJYBUAAAAAAAAATCJYBQAAAAAAAACTCFYBAAAAAAAAwKSwoe5Ad3+trx/qLgAAAAAAAAAYZm6JixvqLgQYdsHqcBsgAAAAAAAAAOiOUgAAAAAAAAAAYBLBKgAAAAAAAACYRLAKAAAAAAAAACYRrAIAAAAAAACASQSrAAAAAAAAAGASwSoAAAAAAAAAmESwCgAAAAAAAAAmEawCAAAAAAAAgEkEqwAAAAAAAABgEsEqAAAAAAAAAJhEsAoAAAAAAAAAJhGsAgAAAAAAAIBJBKsAAAAAAAAAYBLBKgAAAAAAAACYFDbUHeiu8cKn+nnlC9rXcEifXvxsqLuD69TE8AmaFz1b/23ao4oaNbHPfT///HM5nU7V1NaqpaXlGvXwxjV69GglJyXJbrdrzJgxQ90dAAAAAACAq2LYzVh97lipdnzyR0JVXJFPL36mHZ/8Uc8dK+1333d27dKxykpC1UHS0tKiY5WVemfXrqHuCgAAAAAAwFUz7ILVP585MNRdwA1kIM9TTU3NNejJzYdxBQAAAAAAN7JhF6ye7/h8qLuAG8hAnqcLFy5cg57cfBhXAAAAAABwIxt2wSoAAAAAAAAADHcEqwAAAAAAAABgEsEqAAAAAAAAAJhEsAoAAAAAAAAAJhGsAgAAAAAAAIBJBKsAAAAAAAAAYBLBKgAAAAAAAACYFDbUHbj67lfpisc1Jzz41pqaxbr/4LXtz1NzpKcPbg669SH7G8qLGRt0W/OZ53W3M/hx172Un+qdmSn66P3lyqke6s4MnuU5BZoZ7fdBW612Fm/U/iHrUU/Lcwo0U++rsPSNoe4KAAAAAADAdeMmCFYNQUPJORt0IHmXNutahatGyHtb0/N6uq/dLr6n4m1P6CX/z1J+qndmPq7NczZf4yAYl2XuGuUtTZKl4X0VFnYFlstzCrS0IEexhaUixgQAAAAAALh+3dylAA4+rG3NUnJU/lD3pH/VT2jX9dLXm95crbF7QtVus0DfKN2p2rZozcxZPkR9AwAAAAAAwGC4aWasBne/Jo+SdCHws8DSAX/Rttce9pthmq/Nq5cpWb1t7+14v89jHteBFYt6zko12feeJQ4C+9K9rEDgrN3ersP4XP4lEuZs0IFk+bXdNfP2budmz2zaOxThO9F2ZewsMv475ad6Z2akPjoTqTkxY7tm43Y7pubMe5c9EsPO3FTFWtpU6ww2J3W/NhZ3KwSwPEcFAfUCpLbanSreuF/ScuUUzJTef1+aOVPRPbZ7TrkmT0uTLEGOl6S5WpO3VF2bG/Q+M2YBAAAAAACuyM09Y3XO1zUn/LwOfuwJAZWvzauNwDDjtcXKeG2xis9EasXqDXpKkhEoLlPUma7t25qnaMXS/AEcv1k5257XwYtGwJlhNlSds0ErIqSaRqOvTy19XHMubPedJ+O17aqRX1/mbFBezFlt825//z0p5tsqTenvOop0tNvM2KeipkiK1OQUzwcpi3Rb+Hl99MlmI3SdeYcaa/z6EbFMB5b6z6ydojmWd43t257QS8rX5pl3SL7zb5di/ILZ613sGFl0Xp8NpJDq3DXKmzlWtTsLVVho/LOztk2WJLvWzO3aLXpmvE56the+3xCw3QhV1dXGzlopaamMSbHLlVOwVLGndvq1P1YzC3LEnFkAAAAAAIDLd9PMWI2IeVwHVj/e7dPzOuj/sqQ5aUq++J6K/WqxvuR8UYtXPK7F9vv1tDNFUd1egvX0zsVds1X7PX6AnQ2/Q3mrdymv28f+L9oKOK8kIxDtmoH60JhISWe7Nlc/obt9L4Xq+zqebvyLViSn6SlJTytf6RF/0cEzkbpt8v1S9WY9NDlFERertataemrpFKl5u1/d1yLdX5OmA77jPX1vLPKd6yH7om7j5D0mcoADdB1o+1ynBrLf/o3qPoF1f9Up2ZNiA5urPdQ1w/SNk2qYOVNjYiVprlJjLWqr3SnfBFX/NpfHK7qtVjv9Zrfu3+hUat5Spa6Zqzc2DqfXaAEAAAAAAFw/bppgNWAZ/JwNOpA8RTU1gW+gf2hMpBQ+JWio2SxJKtJrZxYpzxfSdlt63+/xAxTs5VW96L7c33uil5zvavXqZVqxepdWqHsZgL6vQwePqSZ5kWeGapyiLp7Va59LcyYv0kParNssY9Xc9K5e0v0qHSU1N/kNYo/jJem8Gpu6Nt9mGStdqA+8vqazatYNFKxaxii2/738GEv+uwoCtAVsPd/r9NdYjbH0vn3uhLGSJVpLCwq0tNu2tqBHAAAAAAAAYCBummA1wMGHVTzmDeUl79Jmdc0Cvc0ytt9Q8yXncs82oxapEVwawaT6Pf7+QbuEp5bu0ooIyQhFl+tp72e+PYp0/2vGLFEjfDVCVG/A2td1PK1qNV5cptsm36+HlCI1vaiXDqZodXKablO+0iPO66OPN/d+PSlxipLUOGhXe5059bnaFKsJcyUFyzuX56gg9XPtLN6o/XPXKG9pkiwy6qIWbtxvlAdYai6W7U3sGIvUVmuca1BaBAAAAAAAgHQT11h9yfmiDl6UkpO99VOlj9rOS+GRum1ALRTpfr/apulzzB5/JfKVHmGUBsjwe6HU5FHB937JudxT7/W8IsYv0kMBW3teh7RZu5rOK2L817V6vIxaqirS0eYpSl+apmSd1SfVxn6fXJAiLCmBJxwfqQjfPj191HZeGhUX2I/xkTdOjdX9G1XVYFHS7GBVTOdqTWq0dP4z7Zc0NzVWlrZa7Sws7HrZVOwYWYIcGdwpfd4mjZ0wN/jWz9suY/YsAAAAAAAA+nPTBqvSZuVUvqdmTdFiuzHz8iXnu4EvgJKMt9qv3qXNcyRjducuvWP3m6k5J03J+ouOHhzI8b0EkZcpakxXP55a+rjm+NVNfcj+hg6s7gqNpfu1eLx3CX/f1yFJL31SrebwKUoO7wpIP2o7r+SIKVLzsYB6rIpY5rk+ScrX5uTAfbp7yfmuasLv0Frf+T3H3EDeOFSrtuiZKsgJDFeX5yxVkqVB75e+0fWhf/A5d43yZkZr4Par6lSbLEmz/V5GNVdr8gqUt2au9m+sUoOiNdO/H3PXKK+gQDm8vQoAAAAAAOCy3ZylALyqn9CuL+zSipjHtXnOZt1/sEj3vyZtXr1MB1Yv8+3W9dKoIt3/fpzemen/IizjBVhGiNjf8d4XQy3TgdVpgXVNTQnSj+btKj6zSHkxnpdGOZfrtqW7fDVWvftkeOqs9n0dkqrf1UfT7tCcC10B6UufVGttzB1q9HsRlQ4+rIymn+qdmbt0INnvPDv99gnW/9ekzau7zl9z5j01xwxO4Dws7N+o4v1ztSZvqQoKZnZ93larnYVdy/L3byxWbE6BZhYUyNirTbU739eYpTMVmzo3eCmBHqcqltbkaamvDaOsgHcGbGmhlFMwM6AfDe8Xyj/bBQAAAAAAgDkhbrfbPZgNulwu3RIXd9nHL/r9vYPYG0B696tv9rm9uKTkGvXk5pOXmzvUXQAAAAAAANBf6+tls9kGtc2buBQAAAAAAAAAAFweglUAAAAAAAAAMIlgFQAAAAAAAABMIlgFAAAAAAAAAJMIVgEAAAAAAADAJIJVAAAAAAAAADCJYBUAAAAAAAAATBp2werYsDFD3QXcQAbyPI0aNeoa9OTmw7gCAAAAAIAb2bALVu+MyRjqLuAGMpDnKTk5+Rr05ObDuAIAAAAAgBtZ2FB3oLvvpeUoLGSE9jUc0qcXPxvq7uA6NTF8guZFz9Z/m/Zov/vevXixRoSGqqa2Vi0tLdegdze20aNHKzkpSXa7fai7AgAAAAAAcNWEuN1u92A26HK5dEtc3GA2CQAAAAAAAACX7a/19bLZbIPa5rArBQAAAAAAAAAAwx3BKgAAAAAAAACYRLAKAAAAAAAAACYRrAIAAAAAAACASQSrAAAAAAAAAGASwSoAAAAAAAAAmESwCgAAAAAAAAAmEawCAAAAAAAAgEkEqwAAAAAAAABgEsEqAAAAAAAAAJhEsAoAAAAAAAAAJhGsAgAAAAAAAIBJBKsAAAAAAAAAYBLBKgAAAAAAAACYRLAKAAAAAAAAACYRrAIAAAAAAACASQSrAAAAAAAAAGDSoAerISEh6rh0abCbBQAAAAAAAADTOi5dUkhIyKC3O+jB6mirVc3NzYSrAAAAAAAAAIZUx6VLamxslNVqHfS2Q9xut3swG7zk6WxbW5suEa4CAAAAAAAAGCIjRoyQxWLRhAkTFB4ePqhtD3qwCgAAAAAAAAA3Ol5eBQAAAAAAAAAmEawCAAAAAAAAgEkEqwAAAAAAAABgEsEqAAAAAAAAAJhEsAoAAAAAAAAAJhGsAgAAAAAAAIBJBKsAAAAAAAAAYBLBKgAAAAAAAACYRLAKAAAAAAAAACYRrAIAAAAAAACASQSrAAAAAAAAAGASwSoAAAAAAAAAmESwCgAAAAAAAAAmEawCAAAAAAAAgEkEqwAAAAAAAABgEsEqAAAAAAAAAJhEsAoAAAAAAAAAJhGsAgAAAAAAAIBJBKsAAAAAAAAAYBLBKgAAAAAAAACYFDbUHQAAAMBVcHqXiku264z357Rvqejh6UPZI48Kbcj/rfStIvl35/SuYpX8ZZnRx+599/Jdw2ntKi7R9jMxWpabp8WTurWz/YxiluUqz39Dd6d3qbjkoOZ0O75Hbzfka/uUwLYqNuTrt8ckqef5g5/nL1pW9LCGw+gDAABg8BCsAgAA3GgqNij/t2e0LLfIF/pVbMhXfvEy5eYtVl854PDRPbQ0AtkNFV2BbEyMdPDYaS2e5N3ptI4dND7v22nt+u12nVHfO3oD1JgpfkfuKtZvzyxTbtFiTarYoPySDYrpLTT1BcRp/XUIAAAA1yGCVQAAgBvKae3afkxp3yoKmEk5/eFcLSsu0faKxXp4ujHj86BidObMGaV9q0gPTzeCy2PeA7yzQz0zLmPSjunYMe+mrnDTO0NUilFamnRMy7rNKu15zOWZrjlp0vYzp32fxMyZozMHj+n04v/b3r3H1nnmd2L/nkOKki/y+HY0tmNLY2tmEpFxJwlnksnsGJG86YZts0AXC7jbCwUb2O4fadGiEtDSW7SzRguY2EIC0na32yJdu2SBNtNNt2lmtmyStbQ7k8TNhLnYIZVMxnGsGY9tHtvy6MLLub394z0kDylK1OuZxCPn8wFsiec953me9+gQIL78Pb/nQBkWLy1mPuMZb8xl/nrv0NnZzDdG02heVRO7/oxy7Y3JTI7OZm7gSvN8M43x0XK+sfGMZjbzC8nY9ntbD7cnJzI/e/593C8AAN/v9FgFAPgwWVrMfHM041eFmAfSaCSL8wsbjzQbE5menu4HrbNpTpzI9PR0pk9MpLE4l7MbGeZimgfLa5OjyeLc2SwlydLZzM4lEyemMz09kSxuBpULM2UwOT09nenJ0SzOnhoY7/1YyPxi0mgMpMWNRhrN+Swurd/6fDI+ev061KWzmZ1rZGLi4HWedCBHT07v0DphKc3m4BoaOdhIms0dbmzseKanT+bortWzAADcrFSsAgD8JdE42EjOb/s6yXqQeHT9woHGtnCykfHRMkwcGx/Negnn0uJ8mqMT/crYsUxMNLJ4PlkPQUcn+8Hk2EQmGqdzvpms9yFYnJ3K1PYFbtkx38zc6akt1aKNiRM5uSXrHMv46GzmFpdy9ECyOJ+MTx7Yco/bLczNpTE5nbGc3TL2jWmW9wAAABGsAgD8pbWl+nNhJlOzi4NXc3Dg740dGrM2d0kZt4enjYHKzu2tAcrDq7asbrPH6sJMpmaTiR1OiRobH83sfDNZama+2cjE9RrILsxkNpOZLjsVvA9lhaqN/QAAJIJVAIAPlwOjZY/Rq/p+LmVxvpnRiZ1SxYXMzC4OhJ0LmZnavZ5zewXstqvbDp9a9z5KPseOZ3J0KrOnzl59+NbYeEZn53P2YDPN0YmMJVm4xjAL84vJ4mKmBtLeudOnkh3XuZOyncJ8cyll6W1ZwdrYKXUGAOBDT49VAIAPlQM5OnF1T9OFmdOZy0QmbuAAqaWzc1nc/Wk5MDo+0It1IXPrJ1VlLOOjzczNLawPmFNTU5m5VuJ5A8aOT2a0OZe5q8Zo5GBjMXNzzYxe3Vh22xjTZc/X9T6y1wx/r61xsFEemJUkC/NZzE79bAEA+MtAxSoAwIfN2PFMnzibU4M9SkcnM33yWglg2R/1dH/rfmNiMhON2bKf6PUOXzpwNJMT8zl9eipzGR3osZqMHT+RiVOnN6pDGxMnctVZUNVuqr/GmSxMTwwuIqPjjczNNb6rgHNhZipzB0/k5C4p64GjJzN5fiqnp+ayXpVbTltW+R6sGNQCAHDzqhVFUXzQiwAA4Ga3lLOnTmd+fPdwEgAAPgxUrAIA8P5sP/BqdDLTQlUAAP6SULEKAAAAAFCRilUA4IO1dDanTs8NnBU/msnp49m5XWa53XzjjKTGxJZT4hdmplIWUG4/lGghM1Oz5YFM13zN+pDVt7JvHWPb+gfvb3Qy0+uNRrfd9+C81x1vu+YLeebk83ll/etjT2fmqSOV1v/n41yeO/5s8vRMBpfTfOGZnHztiXKN29e+buAezj13PM+eSY5tGyfnnsvx8sIu93suzx3/Yg6d+kIev16/2O/CwsxUZptbP1flv+/5TEwfz9jCTKbmDm69vvNAuz9vcNwq1z4UtJsAAL6/CFYBgA/OwkymZpPJ6emtQeTUqTR3OARo6exs5sdP9LeblyHL7NnRnDx6IEtnT5Xh1vTRHFiYydTpmTSmj2csSzl7ajbNifJ1CzNTOT3T6AecS2k2k9HJ6fd/sNLCTGYzmenp/hFGM1OZnVnoj7+QmdNzaUxO5+RYud5TZ0/k5NHk7Ox8xk9Ml/e4dDanTs/m7OjJHG1eb7xtzj2X48+ez5OnZvKFxvpDx3P8mSdz6guPX/fcqe8fh/PkltCzDGSf++xmkHr48OGcefFcnjqyGaCee/FMDh8+fHUo+xdt6WzmmqMZzXwWl47mwHeT940dz/SHMxEFAPhQEqwCAB+QhczMJpPTx9M4eypT/TLU0cnpnDyRnJo9m9FtlXsHjp7Myc2vytPg5xezdPRAmuebaYyPls8fG89oZjO/kIyNNXO+2cj4aDnS2PhoMjufhYxlLOW1g99NArktDNsy/lIzzYxmYmz7eo/m6MnNO8mB0Yw35jK/uJSjR68z3paJm3nhi2dy7OmZLZWYR546lSefOZkvnXs8Tx0pg9Yvnj+cV155JYefPJUvPJ688MzJPL+eSB7uh7DNF/LMyddy8NiZnDlTXhqsEm2+8ExOPv9KksM5diw5kyeuqiothzuVL3xXpaFH8tljyRffaCZH+uM89liOPf9izj11JP0Z8+KZY3nsyfN55bVqo5977ni+mGPJmTNlKHt4MIQuQ93yVo7l6Zmnslvt79LifDI+mYnM5vTcQo5WSegXZjI110yj2UyzMZETE+dzeqNidaA6uzGa0SwmE9M53n9LmhvfM+vV2WWI30wyOzVTVjlv6YG7c+XzwsxU5pqNNJvNjarpwYrpLRXc1xxvayX5xi8qttzf5/P5fDXvTmz+EmNhZipzB/vjD459raryxmhGb/zdBQD4c1f/oBcAAPwltTCf5sRExpbOZnZ+PCempzM9PZnMnc3SgaOZaMxncen6QzTPN5NGIwf6laeNxnoUU4alzeZSstRMM41sXjqYRpppLqV/rZm501OZmprK1Kmz2WXKXS01m/05kjTPp7n+9yQHGo3ysavvJOe3rP8a4215ycv5yivH8tmrkr9G7j+YnHnx3MYjr+SxnJqZyRceb+Tccyfz/MGnMzMzk5mZp3PslefzpY2nnsn5Q6cyMzOTp48lZ774QrnW5gv5h88nT56ayczME8mZzTrR5gvP5NnzT+bUzExmTj2ZPH8yz53Ld+GihkGqAAAgAElEQVRcXjyTHLx/8I7vz6HDZ7JxS+dezJljn82j73OGV84kT/TXe3jj/pt54ZmydcHMzExOPXk+z+56I0tZnE/GRw/kwNGJjC7OZ6HqYprJ+InpTG/7JcLS2dnMZaL8vphIFrd8aBYzn8lMT09ncrSZudmzWcpYjp+YSGMj8FzIzGwzEyemMz09nRMTzcyd3fnT3Uz5/be18ns60ycmkrnTmVlIcp3xFmZOZ65Rrmd6cjSLs6eyMdXG/f1sfny8kcX59XdoIfOL/V94LJ3NqY2xT2QiczldTlquZ3E0k9PTmZ48mObV3zwAAB8YFasAwAdiqdksg8TmXDI+0Q+VxnJ8vZDzYDLfTK7ZbHJhph+4lFvuz18rcNkxyBy8th5ElVV3m20C3s9Nnc3sXDJxogzJlprN8kZ2sTAzm8XRyau3gW8b70bde+hwMljJefD+jWD2yFMzmdl8ZrY+9XAee7R85pHPHkvOl482X/5KXjn2RL/dwJH87JOHc+a1JGnm5a+8ksOP/Vw5fuPxPHHs+X61afnaM88e71eADjg2+MUref7k8Tw/8MjhJ0/lC1sC43vz6GOH83y/HcC5F8/k2GefSt648fdk6/yfLZfXeDSPrd9/P6h+oj9v4/EvDLxP17C0mPmMZ7Isk8746HqVdJXFDIT+mwNncb6Z0Yn+v/vYRCYai+v/HEm2VWDP7T7L1mrv7Uto9D9f5bwbld8HjmZidC5zzasD2c3xFjK/mIxO9m96bCITjdMD34+b93eg0Ujm+tXXC/NZbIxn4kCydHY+zcZ4yls6kKMTo5mba2Yp5S9PGhOTZWXs+np2v10AgL8QglUA4ANxoNEoK0pHBxPUhcxMzWd8+nhyPjl4rX2/CzOZmm1m4sTJ/lbkskL1/E7PbRxMY+cr5Tb+6Y0VlYHOVdvut25zvubhVv3DqBqT0xu9YQ80dt8Sv3nw0bY0bofx3q/Dh+7d/GKHA6M2c86DuX+HJb/92vU7mb7y/MkcH0xGj729+dcdD6/asrrNHqvnnsvxZ5Mndmgl0Hj0sRz+yhtpJnnxzOEc+tm872B1y/ux7u3XKvdrXVqcT7PZzOmpwaivYrK6UzVyv4L5Oi/aIYzdbizHTzRz6vRUGURu216/dQlbV9CcO50tt5TmruMtzk5lanDM5lLSyNb7GxvPaObSXEoW5hfT6P9CZamcdNv7mDT7leg38LsJAIAPhGAVAPhgjI2nMTWXhaPHM3nwVKamZpOU/RnHls7mVHO9EnCrpbOncnqukcnpkwPh54E0Gsl8cyllQDuwtf5AM43MZ/PS+a2tAba7Kug6kKMnp3P0eveyEfRuC0EbB9PoV8xuVLA2xvvj9wPbxmSmt4eq1xpvyzofzWOHn8+L557KkS3VnWUV6bEnduoO2swL5Z7+zDzeKL9+5mR2a1N6VQXsNtvD09L76Adw5Kk8fex4nn3m0NWHbzUezWP5h3n5hYM5c/ixnPpen8x176Ec3vWdGLSQubnmtoPPFjIzNZezS2PX/7zs6jq/KKjiwNGcnC5XsnT21A1XY1/zMLcdxyvXO7HDYXNX90Uoq3rnFhcy3mxkfGLgBaOTO65t4eY4gQ0A+EtKj1UA4AMyluOT5UE7zaMny/6M09M53jibU6fnMz65Q3Xdwkw/VL36EJ7GwUaa84tl9dvCfBYzmvGxpAypmpnvN2xdmF9MRsczljIcmppZT3+WcnZucXMb9I3a6A+5Q7B0oJFGFlO2ldy6zXqjL+X2MOl642294zz+xLGcefaZvDBQ3XjuuZN5Pk/mZ3c7dSlJzn1p8xCr68306GM5fOaL/XnO5UsbL2rk0ccOb/Zizbk8d/x4nnnh/TfCPPLU9r6vG6vI/QdfyfPPn8nhxx7docrzu9S4Pwez2ce1+cIzOf7MC9duI7HlM7a5xsHP2vtXHnS2ONfv+bswt1ExfcOWzubU1MyWbHN7Zequ82YhM1NTOXV26TrjjWV8tJm5uYWBeacyc41ms2Pjo2nOzWYu61v/kwOj42kszm30ZV2Y2ex3XD5/rpx36WzmFnceFwDgg6BiFQD44Iwdz/SJMoiZ3XhwdFs16qaF+TJVmZ0a2HS8viX56MlMnp/qbyduDLQJOJCjJydzfqq/vbmxue3+wNGTmZyZysZwo5OZrrjvfmlxfuMArM2NzOt9W8sDhU6d7m+T3hi/7EuZzGbrrZzIZK433jZHnsrMqRfyzGCP0mNPZ+YL10pVyzD2+Wf7W/ePPZ2nj50pe6LusDt+82WP5+ee/EpOnjye53MsTz65WcHaePwLefq14zm53gvg2NP9ati3rznc9ZU9XE8++1w+O/PU1iufPZacOb/RB3ZQ2WLgicxcXTp7w/M+derJPHPyeI4nSY7l6ZnH0+hXoR7cFnSXAf3ktn+TMpicm5vLwuh3t3/9wNHJTMyfLj/Po9t7rF7rRY00MpfZqZlMTh/P5MSpnF7/gDUmcuLk7p/trd9HGfjMHrjmeGPHT2Ti1OlsXjpRVrzuFK6OjWc0i2kO/gLjwNGcnDyfqY3P/Ggmp9f7yx7P5OhU/3t+NBMTjcz3X7YwM5W5g9dozQEA8BegVhRF8UEvAgCAm0XZPuArj53KF3bohfrBOZfnnkueet/B6vexpX4V965VzAAA/EVSsQoAcBP6uZ/7uVy+fPnPfZ6ZmZn+oVJnNh/sV6UeP378z33+G1Gu8cXks099z9f08z//87nrrru+p2PeiIWZqcwObHsf/R4cYgYAwPeWilUAgJtQp9PJ//qbL+fl1r4U7VZ61/qJrtb/81rX6/XcO1LLv/fJu/OxBx+4obnfWLqQb3x7OWtrrRTXHPj6arVa7vnILRl75J6M7NlzQ6/5/W+8kr0HD6XVaiVFeUvXur3aTo/Vyit7asnI20v5+KFDNzTvuXPn8sgjj2Tv3r3lXP0fn2u12sZzBh8riuKa115//fXUarU88MCNvdcAAHz/EqwCANyEnv7Ff5537ro/h0aSdHsZ/ImuSNEPHNfjxdpA0Lj1R796vZ7loeGce+Pd/P2ffDCHDz103Xl/b+HV/M43lnP3bbV0O71+oLt1zK1z75zp1uu11IeGc+HyWo7/a0eyd+/Idec9+9LLueeHH83Q8kq6xdZxa9d6UX8JRS2pFZsPDQ3Vc6Vez63fOp/Rj3/8uvMuLCxkbKzspDr4Y/NgeLr+98E/N5ZQ27q6Wq2WVquVK1eufCCVsAAAfO9oBQAAcJP5td+azzf3359PFu0svb26kSyWOeL6/2tl8FgUSa3Wf8r2oLOWFEX2DtXzww99NP/NmZfzj568drB6ZXk5X128mMbt9bzRXN6Ysz9Mav0/B0bfOl+tllpRbKxxqF7LfR+9J7985qU8MfHpa877jVdfzW2f+MHUlldysd3OYGCcfs3sRpi7ZdLB6HU9Wa0lnU7u2X97/jRDOfDOO7n3nnt2nLfdbueOO+5IknS73S3XarVaer3eRnDa6/XKabfVLOxUwzAyMpKXXnopn/70te8ZAIDvf4JVAICbzFe+/lrufejRvNH8zkBmuEPIuP5VrdiaeG6z2ummeO9SmrXrV41+49XX85H9t+att9/ux5RbA85c9ViyvV51sH623Unefvdiltfa153366+dz8OHHs67731nM8FNUhS9FEn21GvpFUm718tQvVZWp9Yy8NyBvgFFkaIocuHKldx+1135+p9+45rB6oULF1Kv15NsBqfrgWqv18uePXvS7XbT7XYzPDzcX9PWatXtLQKSZGhoKJcuXbruPQMA8P1PsAoAcJO5srycKytrabc7W8pE17q9jQBx71B94BW1fnuArWFnsRFxFsnKWtm79DouXb6Sy8vDWWt1B8LN9SXs1He0vNbt9tLt9TI8VM9G7Nsvdb2y0s7qrvNezmqnl3Y/3Eyvl16SvbV6Prn/1jRGhrPWK/L66lrOL68OtAZYD3l3CJW7tbTa7XSuXLnmvK1Wq1+pWlwVrP7ar/1qPv3pz+TcuXN56KGH8olPfCK9Xi+dTifDw8Mb1aydTueqdgBJWQ0LAMDNTbAKAHCT6fZ6ubi8lqLdSVIGmJ1ekZ84dG/+ysMH8jvn385XXl3KUH2zdnXdekHl9kLObm0oK7tUjhZFkcsr7ay217fFbz8ianu1atLpdnPn/n353L/yYH7go3eUFaW1Wr715sV8+Te+kV5qu8+bIiuddtrd7pY1H7l7f+4e2ZOvX0nuGUkO33Zrur0i37h8JcO12pbq2FotW6LlXq2WtU43Q9c5fKsoykC12+2l1+tuvH8jIyO5666789WvfjWtVitjY2M5c+ZM9u/fn8OHD+fP/uzPcuedd2Z1dS2PPPJw/7Wb/VgBAPhwEKwCANxket1eLq2spdYPJLtFkVv2DOfvfO6Tufu2ffnRB+/Jb/3ZUr6z0iqDzI1XrleubloPKddSz9pa57rzFkWR5ZVOOq3udeLIgXX2ityydzj/7r/+aD56z+1brrXa3aytdVIUtRuYt2xX0OqU4Wan6OWekZHcPbInv/Fe8ty3k/v3JicPJR+7dV/OX1lOpyjvs1300ukVGa4lg0d6DRVFVrud3LbLjXQ73XQ6nXQ63Y3YuLXWyg/90A/lV37lV/JTP/VTefmll3L5ypW88cYbuXz5cr7+9a/n4YcfzoV3L+SRRx5Ot7PZn3V9uvUKWAAAbl6CVQCAm0zRK3JppZV6q50iSa+XrLQ6efnbF/KZQ4381qtLefPSSrr9cLHWP7yq2yvSK4oMD5VVoyk2e38O9ZK1Xbbkp0iWV9rptvpBYVFsnl51VX/XZHWtnR/9wfu2hqpFkXa3l+XVdlZanXSLWtqtrQdDXTVtUWS100mr20mRsjo3I2VEuXglWe0l59eSpVbyyVuH8tMfvSe9foy60i1y7juX8sqlKxmu15Ki7Dk7VAxlrdPNrbtExN1eN91uZ6MlQJL0ut3s27c39957b+6999780R/9UR588MGsLC/nnXfeSa/XTafTzcrqarrdTjoDr03KUFXlKgDAzU+wCgBwk+kVRS6ttVJfa2/Edd1ekf/0//5a7tu/L29cWslqp5ehWi2pbVZ83nvrSO65dSSvf2cla91u9g0P9+PQZKhXlD1br6NIsrLWSbfd2bIlf/D6YHOA1VY3d96xb+P62lonv/BPfzdLF5bT7SVrrV66RTfdzu4Vq2vtTtY63X6w2ku7W1Z89pKs9JK9teTry0mnSIr0D5wqko/dkozfc1fa3V7+5OKlDNfrSYoM1Yus7TJvknS7ZUjaGXhurd9m4OLFi1leXs7IyEheeumlrKys5NFHH82f/umruXJlOUNDw+l1e1temySdTkfFKgDAh4BgFQDgJtPtdvPG8kruTCe9oki3V2RkqJ6/9zM/kkfuvSOvNL+T/+xXvpYv/MyP5dOH7s3iGxfyu998O//+XzmSe2/bm8U338vfm/vdvPzme9k7NJRaLem0e+murF133qJILlxay956N71iMFZdj1I361W73V4uLbeyOlCN+p3Lq/nthTdzebWdvcND2bd3KK1OkdaugW4vl9ut9DplxWq71y37rSZp98pgtVZL/vG3y6B1Pdzt9JKDtyTPHk4+ecdtOXfhvXR65Zb+er2X5VZr15YGnXY77XY7nU47Gyn18HA6e/bk059/LHfed18+9kNH8uV/9uXc9/DD+dRP/ETeuXQpKXp58IEfyEq7nV630+9tW3Z5bbdbKlYBAD4EBKsAADeZIkWWLi1ntd7JvuGhdHpFbh2u51M/cHcONz6SvcP1XFxt5ZF7bs+R++7KD370zvzNH31k4/U//rED+fm/8dn8zP/0/+bCWiu1Wi0XW2u5p7tbBWeR9y6vZd9QJyN76gNVq+udW/tb5XvJnbfvzX2N23P3QMXq8PBQPv7QXVlrd7Pa6ub1pUtZbrWzt757xerltVZ6rVaGa7W0e720+mttFWWwWq8ly72kXWzGvd0iWV5OvtNJ7q7X0u6uB8JJJykD3d16rPa6abVa6XTaqdXqydBQ6s2l7Dv7z/MzrdUUv/9iUqvnP9izJ93m61n7k8X8Ow8fTnHPgbT37smlP/l6Ovc/kKJeT4oiRVFkpNVOUahYBQC42QlWAQBuNkWSbicXV1ZzeXgotXot7WIorU4Z1q22u7nU7qTd325eS/JffPlr+fXFb+b03/xcfvKR+/KJj96Z+++8La9+441+EjmUDO1WRVlLr0guLrcyMlzPnqF6+q1at7QEuLLazmM/+mD+wyfGy1LSvrs/ckv+87/9+dRqyVd+93ye+YXfzNDQcPbeWrtqpu033O52stZqp14r2x6sH2TVKpLlogxzP3dHcmAkWa+RbfeSz9yRHNyX/OE7V3JxdTXD9Xo6RZGiVk+6neyWrK63AWi12mVf2pG9uetL/1f2rFzJSuOjGb58Kft/818mRS+dw0eyp9vKnt//nRSfOJKRQw9n7/478u1ON+2HHkqt00lRFOm029EJAADg5idYBQC46RTlf0UvvVavPBCqt2cjwyyKcnt9p9+H9LV3Lubvn3kprXcv5x+/+Mf5yUfuS5IMF71kpZXsHU6GaskuVZRFihRFOf5au5tWu5t6vZ56eUJWav2IdbVV9kIdDFXX1evlY0vvrmRlrZPbbxvObrviiyLpdrrpdLspiqKsWO0Hq+0iWSnfikzel4zedvXrF995N2e/9UbWOt20a93y0K6heopud9dWAN1uN512O91+G4L0ehk+/2pGHjmcPX/jifSe/x/T3n9HsrqS+l/5fDqdXvKLM6n93m+ntXw5e4f3ZOjHP5flBx5Ivd0u19zpqFgFAPgQEKwCANxsin6J5nrZY69Ivd87NClPne+trmWl37t0rd3NcLeXVq1Iux/uJUnR65WJZNFLilp52tMNKWcqUlaPdvtf1fqXiiJ5650r+f1zb+aBj+7PgbvLtLPV7uaPX307vV6RhVeWMjxUv+Hb7XQ3D5DqdHvp9spZe0lavaRTS5rtHV+db126kjcuXsq+4eGsx5m1FCm63V1bAfS63XS6nXQ6nRS1cjHDayup//aL6X3mcxl+t5nuE5NJu5VavZ782I+ls28kxVtvpPf5x9P58i9n6FuvpfPop1LrdFKrpQxpBasAADc9wSoAwM1oPRRN0i8j3QxW14PXvvVKy/R62RJlFgPBaq+eDO0W9pU1qdeqMC36axkZGc5vvfxGfv23z+c//ls/ln97YixJ8u57y/m7/+Bf5uJKO8ND9ezdU1ar7hbnFinS6XTS6Zbhca/Xy3srK0l6+eSt9bSKZH89OfWt5EI7uWO4zIi7RfLDt9fy1z72UFqdbn7z9W9nZGgoRZJ60Q9Wd9HtdtJpd9LtV7cW9SK1okht3y3JUD212+5I/bbbk9Zaim4nw197Mb27701v7EDqvV5GDj6U3ptvpt3pZKjbTa1/L70bDrEBAPh+JVgFALgp9cPTWm0jZN3YeV9L0utmPbKsJRsBam0gFa0V648Xm3++79WUJ96XLQpq5bpqKfuSbs5YVnXWyutl44Dd+qsmKYp0ut10u50ktRRFkTcvXcl7K2v5N+65Jb/wZvL6avLaajL1ajLcH7LVSx7cl/ziaPLj992bF1//dtrdTmqp9cPnbordeqx2e+l0O2l32klqSb2eTi+pd7spavX0il663U5qRS+1Wi3dfquEpEh38eWs/fHX07nn7rLitTPYCkCwCgBws7ux/VcAAHx/WS8dXQ9Ve0X21Msf7fYO1VNLcsvwUJJkuF4rt573ii1tT2sbgep6uHoD8/YD0aIfSW7+Vz7eG3istkOP1dQ2W6/2NkbZ/VZ7vV4/5Oym1+tludXKl7/xau4YSv7Bx5PDtyTL3bJStVX02wMUydvtZLVXtpDt9brlYVTdsgK119v9nouiV/Z37R9i1e71cqHTzsXli1m9dCnfWXojnQcezMrtd2T57WY6j34qa5fey/If/F5qnxrPynA9F9udsqVAp2wp0Ov3igUA4OamYhUA4GY10KdztdPO35n9tXzklr15+8pqasP1/Ndf/v/yj/7FS7mwvJpWu5PsHco/+8NX89f/23+aXlHkpW8tJUP1fuVrLzdSPFrLUD8UrA08tvnV+hFW5fp2WnNSFLUURb9atailVt9l4qJIr9dLd2Drfi3J1779Zu677db81Uc+ll9+NDlzIXm3s7mWTpH80K3JQ3uTr771Xi6vtbJ3qJ6kll7RP7xrF71ekW63m26/v2sxPJzvPPRw2l/6pfSe/S9Tv3wpF1/5j1K0Wql12sk/+d9Tu3IpxfLlFL/+/6R450LW/pO/m+7aamr9A7e6glUAgA8FwSoAwM1ovQVAyi333U4vv/YHf1pWntZrycie/IuF1zbbBYzsSWq1vHHhUr701oXydSNDSb2+WbFa330zU6tbZK3dW9/0X4ajtaIflA42Hyiy1u6mu6WXaJFWp5dWu5uhehnA1odq6fR2/5F0/QCrrY0Fkv/z3Nfz6oX3cvTQQ/npO/entu1ArFa7kxe/+U5+9Rt/mlpRpNPrpVaU1bpDuwW6/Ym73e5mqLuynIt/9Wey8sAPpP5OM1lZTnHlStmvtVa2KajvuyW57bZkZG86hx5J98EHU6yulqFy+j1wAQC46QlWAQBuMkW/12dZsToQDo4MrT+hvDZcT2rrQWNvPQlN9g78CLgeqg7XUtSuH6yODNfz0595MBfeuWXrNv/NRHVLkepaq5MDd9268fXwUD2fOfLRrLY3+8EO7xnO7Xt3u9+kXq+l2+32X1fbuDJcq2X+22/mD958K7ftGUl9/Xp/Td2iyKW1tdTrtQzV6ul1y0YFQ7VahupD/V60O6vX66nVauXhWf3erOkW6Q7vSevHfnzzvd14KwbeiPWFdzuptVobl4uiSL1e27lNAgAANxXBKgDATebArSPJnr3p76vfvLC1OPRqg4/VBh4resm+23Jn/fJ1573zjlvz40fuyOtv1NLb1q91J612L3fu30xN6/V6PnnwrnT7r+32itx71/60lt+77ji3jYz0z7uqpdPppF4faDeQWoZr5Zb9i6urW2611r9er6WsPC265ZlfRZFbbrk1vdWV3HbHrbmW22+/Pc1mMw888ECuXL5S9qlNLUk3tVar3x+2tr6M9KcZfOiq88D27t2bFNfoPwsAwE1FsAoAcJP5qdGP5b879we52HgoubB03arL61rf/n/bHcnIvvy1/dcPOA8+eH9++1dfyoMHH8lbSxfS3qgg7Q838NxaUR4kNTw0tPHY3pE9KVJLL0k9tdyxf19uufX2DK++ft15f+jQofzmSwu594d/OO82m+m0O9vawfbD020FowOXNx+vJ7ffcktuu/POrPzWy3nkr//sNefdv39/avV6vvnN8zl06FCWl5fT6+3el/Va9uzZk5GRkXzlq1/NT/7k5973OAAAfH+oFTrnAwDcVN5777389//z/5L/4Y8u5s1b709RdAZKIwcjx8FDpq6ROA4N5ZbWlTxefyv/1d/+t/IjP/Ij15y3KIr8wUt/mBdf+lbuve+h9Ip+5er2afvT9Yoid+7fm3s+ckuKJO1WN6+/fTlFkj1DQ1lZvpLWxW/miX/zX83tt99+zXmXl5fzv/0f/yRfu7yc/Z/4RHpFtpSC1vq9TcuUt9jxVtfXWK8Ppb2yktXFl/O3fvKz+dznPpc9e/Zcc+633norv/RLv5QrV67krjs/kl45ef/92By41q9fXZ+7VsvWr+u19Lq9vPPOO/mRH/3R/PRP/3RZvQoAwE1LsAoAcBN688038xu/8RtZ+PoraXW639XW8vvvvTOf/9zncuTIkeuGjEnS6/Xy1ltv5c9eO5+1Vjv1685bxo3rP23Wko0K1yLJXR+5Ix//+OHceuu1t+Ove/fdd/Piiy/mD//4j8v7zWZ+eq3oePDxjb8XyR233pKf+Myn86lPfSr79u3bde4LFy7k1VdfzYULF3Z97rUURZE9e/bk/vvvz8GDB29oXgAAvr8JVgEAAAAAKrr+0a8AAAAAAFxFsAoAAAAAUJFgFQAAAACgIsEqAAAAAEBFglUAAAAAgIoEqwAAAAAAFQlWAQAAAAAqEqwCAAAAAFQkWAUAAAAAqEiwCgAAAABQkWAVAAAAAKAiwSoAAAAAQEWCVQAAAACAigSrAAAAAAAVCVYBAAAAACoSrAIAAAAAVCRYBQAAAACoSLAKAAAAAFCRYBUAAAAAoCLBKgAAAABARYJVAAAAAICKBKsAAAAAABUJVgEAAAAAKhKsAgAAAABUJFgFAAAAAKhIsAoAAAAAUJFgFQAAAACgIsEqAAAAAEBFglUAAAAAgIoEqwAAAAAAFQlWAQAAAAAqEqwCAAAAAFQkWAUAAAAAqEiwCgAAAABQkWAVAAAAAKAiwSoAAAAAQEWCVQAAAACAigSrAAAAAAAVCVYBAAAAACoSrAIAAAAAVCRYBQAAAACoSLAKAAAAAFCRYBUAAAAAoCLBKgAAAABARYJVAAAAAICKBKsAAAAAABUJVgEAAAAAKhKsAgAAAABUJFgFAAAAAKhIsAoAAAAAUJFgFQAAAACgIsEqAAAAAEBFglUAAAAAgIoEqwAAAAAAFQlWAQAAAAAqEqwCAAAAAFQkWAUAAAAAqEiwCgAAAABQkWAVAAAAAKAiwSoAAAAAQEWCVQAAAACAigSrAAAAAAAVCVYBAAAAACoSrAIAAAAAVCRYBQAAAACoSLAKAAAAAFCRYBUAAAAAoCLBKgAAAABARYJVAAAAAICKBKsAAAAAABUJVgEAAAAAKhKsAgAAAABUJFgFAAAAAKhIsAoAAAAAUJFgFQAAAACgIsEqAAAAAEBFglUAAAAAgIoEqwAAAAAAFQlWAQAAAAAqEqwCAAAAAFQkWAUAAAAAqEiwCgAAAABQkWAVAAAAAKAiwSoAAAAAQEWCVQAAAACAigSrAAAAAAAVCVYBAMRRSugAAAOxSURBVAAAACoSrAIAAAAAVCRYBQAAAACoSLAKAAAAAFCRYBUAAAAAoCLBKgAAAABARYJVAAAAAICKBKsAAAAAABUJVgEAAAAAKhKsAgAAAABUJFgFAAAAAKhIsAoAAAAAUJFgFQAAAACgIsEqAAAAAEBFglUAAAAAgIoEqwAAAAAAFQlWAQAAAAAqEqwCAAAAAFQkWAUAAAAAqEiwCgAAAABQkWAVAAAAAKAiwSoAAAAAQEWCVQAAAACAigSrAAAAAAAVCVYBAAAAACoSrAIAAAAAVCRYBQAAAACoSLAKAAAAAFCRYBUAAAAAoCLBKgAAAABARYJVAAAAAICKBKsAAAAAABUJVgEAAAAAKhKsAgAAAABUJFgFAAAAAKhIsAoAAAAAUJFgFQAAAACgIsEqAAAAAEBFglUAAAAAgIoEqwAAAAAAFQlWAQAAAAAqEqwCAAAAAFQkWAUAAAAAqEiwCgAAAABQkWAVAAAAAKAiwSoAAAAAQEWCVQAAAACAigSrAAAAAAAVCVYBAAAAACoSrAIAAAAAVCRYBQAAAACoSLAKAAAAAFCRYBUAAAAAoCLBKgAAAABARYJVAAAAAICKBKsAAAAAABUJVgEAAAAAKhKsAgAAAABUJFgFAAAAAKhIsAoAAAAAUJFgFQAAAACgIsEqAAAAAEBFglUAAAAAgIoEqwAAAAAAFQlWAQAAAAAqEqwCAAAAAFQkWAUAAAAAqEiwCgAAAABQkWAVAAAAAKAiwSoAAAAAQEWCVQAAAACAigSrAAAAAAAVCVYBAAAAACoSrAIAAAAAVCRYBQAAAACoSLAKAAAAAFCRYBUAAAAAoCLBKgAAAABARYJVAAAAAICKBKsAAAAAABUJVgEAAAAAKhKsAgAAAABUJFgFAAAAAKhIsAoAAAAAUJFgFQAAAACgIsEqAAAAAEBFglUAAAAAgIoEqwAAAAAAFQlWAQAAAAAqEqwCAAAAAFQkWAUAAAAAqEiwCgAAAABQkWAVAAAAAKAiwSoAAAAAQEWCVQAAAACAigSrAAAAAAAVCVYBAAAAACoSrAIAAAAAVCRYBQAAAACoSLAKAAAAAFCRYBUAAAAAoCLBKgAAAABARYJVAAAAAICKBKsAAAAAABUJVgEAAAAAKhKsAgAAAABUJFgFAAAAAKhIsAoAAAAAUJFgFQAAAACgIsEqAAAAAEBFglUAAAAAgIoEqwAAAAAAFQlWAQAAAAAqEqwCAAAAAFQkWAUAAAAAqEiwCgAAAABQ0f8P/PxNcUWv+u4AAAAASUVORK5CYII=" height="600" width="800" />]]>
  </system-out>
</testsuite> <!-- testcases.LoginTest -->
