<?xml version="1.0" encoding="UTF-8"?>
<!-- Generated by org.testng.reporters.JUnitReportReporter -->
<testsuite skipped="0" hostname="LAPTOP-JEI8AS0O" name="testcases.DashboardTest" tests="2" failures="0" timestamp="2022-08-13T15:22:48 EDT" time="0.970" errors="0">
  <testcase name="GetDashboardQuickLaunchItems_004" time="0.650" classname="testcases.DashboardTest"/>
  <system-out>
    <![CDATA[<img src="data:image/png;base64,iVBORw0KGgoAAAANSUhEUgAABVYAAAJcCAYAAAASBf/6AAAAAXNSR0IArs4c6QAAIABJREFUeJzs3XeYVdW9//H32nufMmd6Y2aYoQ69gw2VAcEeNdbYYlDUeHPNTeINSW4wicj1JqTZ4i83ieZGgxi7KGoiRkEFK12kF2GoM2d6OW2X9fvjnBkYGBhIlGK+rzwmzNlrr732nvP4PPnw3d+ltNYaIYQQQgghhBBCCCGEEABMnTq1yzHGUViHEEIIIYQQQgghhBBCfKFIsCqEEEIIIYQQQgghhBBHSIJVIYQQQgghhBBCCCGEOEISrAohhBBCCCGEEEIIIcQRkmBVCCGEEEIIIYQQQgghjpAEq0IIIYQQQgghhBBCCHGEJFgVQgghhBBCCCGEEEKIIyTBqhBCCCGEEEIIIYQQQhwhCVaFEEIIIYQQQgghhBDiCEmwKoQQQgghhBBCCCGEEEdIglUhhBBCCCGEEEIIIYQ4QhKsCiGEEEIIIYQQQgghxBGSYFUIIYQQQgghhBBCCCGOkHWsF/BZqY81UNm8k62N29jRsotdrbupi9UTc2N42gOdGqjA05ozS07lthFTMJRky0IIIYQQQgghhBBCiCNzQgerCTfBqpq1LNz5Lqtq1lAfr8clGaIqFEopAJQCpVUyW1VgezYndRstoaoQQgghhBBCCCGEEOIfcsIGq2vrNvLUumdZUbsKNBgolGFgYQLJqlTXc8kN5OChabVbUErheA6jCkYwumjEMb4DIYQQQgghhBBCCCHEieqEDFbX123iJ+/9D7aXwDQslNLoVJWqpz0czyE/mM9ZpeNIeAne3f1BslpVazzghkHXYBkn5K0LIYQQQgghhBBCCCGOAydcutgUb+IXS+7D8RJYholOJqpopbE9hyxfBlf3v4JBeQNYtOt95m17Aw+NoRQJN8HE0gkMyC0/1rchhBBCCCGEEEIIIYQ4gZ1wwerLW15jd6SakBls/8z2HCxlcUXfS/hy+Zeoj9XzwPLfUdm8HcuwUpWsGp/pZ/KQa9p7rwohhBBCCCGEEEIIIcQ/4oQKVhtijby69XUChh8NaK1xtcvY4lO5buBV9Mwq47VP3+CR1Y8B4DMsNKCUIuHEmTzoegpCBcf0HoQQQgghhBBCCCGEECe+EypY3dSwhcZEE0HDj60d8gK53Dr0Rs4sPY24G+e3yx/mjR0LMJWFgYFGoxQ4nkOvrJ5cXH7Bsb4FIYQQQgghhBBCCCHEF8AJFaxuqN+I1h6OdjmrtIKvDb6WwlA+NdE6frnkQdbVr8NSPpRib+9VrdFovjXyG4R8acf6FoQQQgghhBBCCCGEEF8AJ0yw6mmPj2vXYCqTb464jXN6TcBQBlWt1fxiyQNsbNiM3/ShNaCT5ygg4sS4ffitDMrvfyyXL4QQQgghhBBCCCGE+AI5YYLVqBPFb/i4e+ydnFQ0EoBwpJa7P/g5O1t24Td8QLKfalu6GnXiXFH+Zb5Uft4xXLkQQgghhBBCCCGEEOKL5oQJVg1l8K1R/0ZhavMp27V5cPnv2N6yM7mZldKgdfuGVoYyuLb/lVw/+CuYyjzGqxdCCCGEEEIIIYQQQnyRnDDBapqVRpqV7JGqteYv655jcfVSAlYaMRyUVvhNP6XpJZzabTSnl5xK/5zex3jVQgghhBBCCCGEEEKIL6ITJljd15bGShZUfcTpZePpnVZA7/QSuqUXUZheREGoAKWMY71EIYQQQgghhBBCCCHEF9gJGaz2yCjmjxN+jnIdvNYarGgjOmGj3WpwHXQwB+UPHetlCiGEEEIIIYQQQgghvqCOn2BVe+h4C9hRCGSgfGlwkMpTX+MOvNWv4q2fj1O/g5jWyU2rDBNt+jHzyjDKRmGVV2CWDEcFMo/yzQghhBBCCCGEEEIIIb7IlNZaH8sF6NYw9uaFuJsX4tZsgUQUglmYuT0wSwZj9j4ds3AAWIG958Qa8Rp3opur8eorcXeuxN2zFq85DG0hKwAKo7Af/lGXYQ25COVPPzY3KYQQQgghhBBCCCGEOGFMnTq1yzHHLlj1HBKfzCXx/mN4DTvBMJK9UZWB9jwUHlqDMkzM7sPwjb4cq//ZKCvY6XS6tRY3vBFn41vY616HaDMYBhpQWmN2H0qg4t8xe556dO9TCCGEEEIIIYQQQghxQjlug1UdbyL+1gPYK14Cw0z+A+B5oN2945SBArTWKMDsdRKB8bdjlow45Pxeww4Sq17C/ugJtGujTAvtOqAUwUnfwT/6GjCOny4IQgghhBBCCCGEEEKI48dxGaxqO0L0xe/hbPkQZfkBlQxTNRilQzF7nISRnod2HXTjTrzwJtyqDckWAdoD00fwil/j6zuuy2u54fXE5v0Ub9caMH2gNdq1CZx2A4EJ3wZlfv43LIQQQgghhBBCCCGEOKEcf8Gq9oj+fSb2sudRvlTPVM/BSM8ncPZ3McvHH/iqv2vjNe7A2biAxIo56PqdYFqkfeVBrN6nd33JWCOxv/8cZ+0bYFpoACdB8Pz/wj/q6s/8FoUQQgghhBBCCCGEECe2wwlWjaOwjnb2Jy/hLH1un1DVRaXnJ0PSged13j/V9GHk9cF/2s2k3/An/Kd9De25RF/6ITra0OU1VTCb4AV3YQ2aBI6NApTpIz7v57i1Wz7bGxRCCCGEEEIIIYQQQvxLOGrBqte0m9iC34DlT36gAe2RdunPMQoHHtYcKr2QwMT/JHTlr9GRehIfv3h45/nSCJ73I1RRf3BdUAYoRXz+feA5R3wv8XicSDSK53mHHKe1JhaL0RqJEI/Hj/g6XUkkErRGIsRi//zctm0TiUSIRKIkEgkcxzno/R1ukbPjukSjUSKRCIlE4p9e47HgaY+qSJioE/uH50i4NtWRGrxjtE+cEEIIIYQQQgghhPjsHbUdnOxlT0G0EaxUtaoTw3fGzZilo454LqvfREJXP0TsrYfwj7kG5Uvr8hwVzCJ43p1EZ08BPDD9OFvew9mzGqv7yA5jq6qq+eDDD8nNzcH1PCrOPBPLsmhqauL5OXOYN28eTc0tPPTAA5SX9z3gWjt37WLhwkW8/fY7fLp1K7FYlPy8PIYNH8748RWMO+MMAoHAIddb39DA++9/QEZGBg0NDYw78wzy8vLQWrNi5ce89tprrPrkExoaGgiF0ijvW86ECROYeNYE0tK6fh4ArZEIy5avYMH8+SxfsYLW1lZQCtMwyM3NobCwG+mhEMFgkFAoRGNzEzXVYb71rW8xZPCgTue0bYcVK1fw1ttv88EHH1JXV4fWmszMTIYMHszZZ5/NKaecTG5OTqfnb6jfzEd7lpBhpVMbq2d0t5GMKTr0ZmUAH+1Zxub6LQTMADXxOi7sdTY9sspYumc5y8OrcLVDrj+HqBuj1Y7QlGjBxSFkhSgKdWNgbn+G5A8kbb+q6ZZEC99a8H1OKRrD1JP+A0Md2d9FaDT/98njLNz5HvdP+BlF6d2O6HwhhBBCCCGEEEIIcXw6KsGqbq0hseqV5AZSAFpDIB3/6H+8x6lVPoG0UF5yrsM9p3gwZq+TcLctA9NCKYX98dwDgtVP1qzme9/7HhoYO/Y0Jk6YwO49e/jG7d9k9SerMA0TZRj49wtHW1paeOzPj/P/fvv/8Pl8DBs2jJ49e5CIx1m2bBlLly7lqaeeYvz48cy4+266lxQfdK3RaJQ7f/QjIpEIpmny8tyXCAaD/PyXv+TJJ59EobB8FtrTxBMJVq5cyQsvvMBpY8fy85k/o6y09JDPYvWatUyfPp0lS5bQu08fbr3lFsaMGY1pmHy8ahWPPvoo7733HpmZWXzlK1/BcVxqwjU0NDYSj3devbl+wwbue+AB3nzjDUzT4rrrrmPs2LFkhEJs2rKZOXPm8ORTTzFo8CDuvusuzjj9wB65cTvGE+ufxWdYaK3pm9PrkPfRpro1zKx1T+JLfcdOLz6FHsCK8Cc8v/kl0sw0PDy+OuBqemT2IOHF2dzwKfN3vEPcjWEpH70zezL1pG/RI2vvs6uO1BD34ryz8z0u7XshA/L6H9Z62uxs2sUrW/+GpUzizolZtSuEEEIIIYQQQgghDnRUglWnai26tQ7lS1UDujbW0AsxMv+56j2zZPiRnWBYWAMm4W5b0v6zu+VddKwRFcxuH5YeSsfn82HbNv369SMSifIf3/wPVi5fTm5+Hk7CJp6Ikx4KtZ8TiUa57Rv/ztKlS/n5zJlUjBtHTm4OlmniuC5VVdXc/8ADzJ07lwUL5tPU2Mjjs/6M3+/vdKnpoXQKCwuprKwkKysLv8/PHd/9HhvWr2Pmz37GsGHDyMvNo7aulgUL3uK3//u/aO3xwfvv861vf4cnn5hNMNhJz1pgzdp1XHPtNTQ3NXPNNdcw/a6fkJ6e3n584MABnH/eufzgv6bx9zf/TmtLK/8143sEAoGDtgdYumw5N918My3NTQwcOIiHfvMb+vcrbz8+btyZXH/ttTz73PP8+Mc/5sabpvCH3/+OSRMndpjHVZqA4cc0DLTWmMp36N9pit/y4zf9mMpEofCbyedqGRZ+w4/GI8uXwSXlFxDcpyr10vKL+NXS37CtuZItzZ/y08W/5v7xPyMtVQVdH29Mtj5QMGfTq3z/lG8fdtWqpz0eX/c0CoUGmhLNh3WeEEIIIYQQQgghhDj+HZUeq+62xah9wiiNxup7JqCOxuU7MPL7oNuuqwy8lhq85j0dxhTk5+N4LgDpaek8/MdH2FNdzZ8efZQXX3iB5557lrvvnoFt761AbG5qpqmxiVdffpnLL7uUgoJ8LNMEwDJNSruX8NN7/puzzjoL0zRZsmQJc1959aDrtCyTtGAApRSWafKjn/yEgN/Hy3Nf4qorr2TQwIF061bI4EGDuP3fv8F9996L1hBMS2P58uW8Of+tTueNRqN87/vfJx6PU1BYyA//6wcdQtU2WVlZ/PR/7iE7O5u/PPkEj/zxj8nnZxgYRsevTV1dHbd/85vEo1Hy8vL5w+9/3yFUbeP3+7n+umv50kUX4bku37j9drZu29ZhTKaVjlIKrcFDk+vPOugz2lfQ8Ke+ThqlFBm+VOhtKJQyUCiUYRFzO1aNlmV25xvDb0ZrD5/ys7N1F6tq1rQf39O6JxnUGhbv7fmQLQ2fHtZ6ANbUrOPd3R/iN5Ihb3U0fNjnCiGEEEIIIYQQQojj29EJVnevAWNvcawyLIyc7kfj0gdSJsrcpwpSgxfe3GFIY1MjlmkSCASY89IcXnvtNZ579hkmnTWBXj17MnDAAK6/9hqKioraz0lLC3Lffb+mXyeBYptAIMDt//4NHNfD8lnMmTMH27Y7HWtZFqbPj1KKuvp6Vq9Zw8yf/ZTMzMxOx59/3rnccMMNRKNRAgE/zz//LI5z4MZcn6xew7q1awHFl7/8ZfLy8g663vz8PM6edDZ+f4Df/e737KmqOmCM1prfPPRbwuFqXM/jO9/+Nr169jjonEopvn7rrZiWies4/Pa3/9thMyxHO4ACBYYyiOvOn8/+QlZasiuEUqAUtk4G45lWOlp7uFoTMHz4jQOLtLtnFJPuy8DDw8BgW3Nl+7GmeDMeHmiFRvP0+hfw9KE3LQNwPIfH1z2NoVRb3kt9rOGw7kUIIYQQQgghhBBCHP+OSrCqW2ugvWJVJytGg51vXvT5L8ZLhm8kwzxlGHh1HasmNclQD6WoDof5/ve+T0nxwfuhQrLCc0D/rvtvlpaWkpuTg1IG27dvJxaPdzrONE3SQyE8zyMej/Pt//gPMjIyDjn31Vdd1X7umrXraI1EDhizePHiVMWpZuTIkQcc39/AAQMwDINYPMay5csPOL57zx6eevopgsE00kMhzjvv3C7n7N27F8XFxfh8fl57bR51dfXtx0zD2vul1BA0D73JV5uIl8CnzFT7AIOQmXzdP9efjaNdDKWwlEFnVdKu5ya/EiSrZPMCue3HqqM1oFNV1srio+plbGnY2uV6luxZzid1a7CUCSp5fkOi6bDuRQghhBBCCCGEEEIc/45KsJosJWyrSkwlWNH6g43+fCkDHJt9AzYd7xhA+nx+NBrXcSgtLeXUU075zC4f8PvJz89Haw/HcYgfIlhNCwRwXRfLNBk5YkSXc+fl55Gbm4v2IBJppaWl5YAxn27diuWzAEVmxoEtAPaXkZnZvkHYzh27Dji+cOEibNvGdV1OPvkkCgsKup4zPZ3yvuVorYnFY6xZs/fV+zQzmPymaI1GtwekXUkzg3h4aK1RKAKpHqutbgRLmRhK4em2itiOqiNhmhPJZxUwfIzpNgqAuJtgd+seTMMkGY0m/zN73TO4qYrYzkTtKH9e+ySWsjBVskJWKUU4EkZz+JutCSGEEEIIIYQQQojj19EJVpXZ8WfPxms+Nv0mdbQBve+r3J4HZscNktp6ozquy9AhQwjts0nVP8vTmmg00n4dy+p8/zCtk71ClVIEgkHy8w/+yv6+687Py0vFfxCLHRja5ufn47rJANJzu36lvaGhHmWoZJ9Rf8fn5HkeHy1ejGmaOI7DaaeNxTTNg8y0zzotKxkAa43j2DTvEwD7Ut8VDR02oepKhi+tfZMpRbLyFaAp0YJlWKljBtZ+rQCaEy3MXvc0Go3jOdwyZDK5aclqatdzqInWAnBR7wsImgEsZbK4aikb6zq2j9jX+7sWs7npU/rnlHNZ+cU4notCUROtJeEeXmsDIYQQQgghhBBCCHF86zzV+4ypjHy8hh2o9oBV4W77CF//s47G5TvwwptSe7SnamgNg/03eTdNE3SyY0B6ejqm+c/lz1prGhob2bRpM0/85Qmqq8MYysAwDfy+zne9V0rR2NyM3+/HMBTGYQSWnudhOzaGkdysKRA48DX6k08awx9+/3tMy2Tb9u1dzrlp4+b23qUDBgzocCyRSLBlyxYMw8A0Td6cP5+mpmbq6mrJzMomEPARDATxtEcsGicWjxGNRulWWMiSpUsxTZPW1gQtzftU1qbeyVep/3p244t0SyvANCyanRYMZRI0gxgYRL0YrmcTMtPYHalCKaNDuApgpOZr+40n3ARBM0BTvJl1dRt5fO2TfNq8jdxANpMHXc+5vSe2LyViR2lMNOF6Dl/qfS5+w8dTm57HMiz+uHoWvxg3I1XNulfUjjJr3ZNYyuQr/S8jZIV4euPzmMqkKdFE1I62V9MKIYQQQgghhBBCiBPXUQlWzW798bYvA5IhlDItnHWvo8f9GyqYfTSWkOTauNs+glQYltxUyEPldNxsSalk9Ko1GEbXgeb+6usb2LptK5u3bGHD+g1s2LSRutp6EokYfXr3IS8vj7raWswuKlbbqlYNw6C1k9f69+elzmm7h8xOerKOGTOGvLw8GpsaefONN7lx8tfwHWQNTc3NvP3OWyilKCkpZtiwoR2Ot0YihMPhZJCrFDU1Yd5Z+A6h9HTSQyECgQDxeBzLNPD7/TiOi+M6bN6yhV69etGzZw+01pSU7Ne/NtUC10DxafM2qmJhDEz8ph+fYeF6Hgltg/bQ2iPNSqMh3rj33APm0qmK0TA/fu9/yPZlUBWtoS5Wx8iCEZzdcyKnlZxEaUZJh1PD0RocXPxmgAx/Ohf2OZdnNs3BNEzW1W/g4/AnjC7q2Kf2lS2vsTtSxaiC4ZxcNJotjVsxUotqsJsPa+MrIYQQQgghhBBCCHH8OzrBaskwbP303g+Ugdccxt6wAP+Iy47GEgBwG3fi7loN+74Orl2M4sEdxiX7dKb+7B1+ELZz1y6eefZZnnnmGerrG+jXrx/nnnsuk2/4Gj16lFFaWkosGuX6G75GXV0tluUjEong93ddwajUgZsuHTAGUpW2Cr/fTyweI5usDmPycnOZMWMG37njOyxZuoRXXnmVyy+79IC5PK15+OFHqKmtxTRM7rrrrgOCWp9lkUj1iI1EIkz/yV2MG3dmh7UahtEhJG4LfoH2Pyc309pHarMoUNwx6nb65vTu8t5Xh9dy5/v/zQHJqgadCldzgnmAYmXtaixlYZkW1w64goH5nW86Vh9rwHFt8kN5GIZBQSCfc3pM4M0d72Aqkz+tmc19BUPwpVpJ1EfreWbTiygFNw6+DtMwyfRlglIowHYTNCWayUvL7fR6QgghhBBCCCGEEOLEcXSC1e7DwRcEz937qrcVJP7WA1jlZ2KkFx6NZWB/8jK4CbCCJBM3DcFsjP2CLs/zkq+Tq2TAeDhWr1nDlJtvpqqqmp69evF///dHTh4z5oDX8ZuammhtbQUgEAig9g8VU5RS7ZtGHS7TNPGnNrzy+XwHDWO/dOEF1NffzQMP3M+dP7qTpuYmzjv3XHJzctBaUx0O86c/Pcpjjz1GXl4eP/rxjzh74sQD5tGAlWplYJkmkUi00x6rbb1i2+/rsChc7eI3Om+VcKBkVeoBn6pkr1YPTZoV4ocnfYeHVv6BNXXrcFyHXy9/iF+cOaPTsHN36x48NLnBbAJm8vd4Vf/LeHvne2g0nzZt492dH3BWzwoAXtj0Co2JRs4oOo2Becmw1m/6CJlBYm4crT3qYvX0zu55mPckhBBCCCGEEEIIIY5XR2XzKiO7O0bv09DePjuyGyZEm4nN+xn6KGzo4zZsx17yFJh+2jpu4rmYpcMw0jvuZO/tW6V6GOFmU1MzU6bcTF1dPd1Lu/PE449z5umnd9rj1LEdHMfB8zQBv699o6z9aa1Jz0jHcZwD13QQhmGiANd1sSyTUFrnm24ZhsHXbvgqDz74G5Qy+NnPfsYNX5vMLV//OlNuuZWvTb6R999/n+9OncrLc+dy1RVXdBqIpgWDlJWV4rrJwHznrh1drrErer9X5R3tHGRkR452k39QbfOkqmF1skrWAGJOhOKMbtwx+t/J8icreasiVdy3/LfYnXwHd7TsxkCR7c/CSDXiLc3szkW9z8f2bCxl8fj6Z4i7Capbw8z99K/4DD83DLq6vfeqUgaZ/qzkN05BVaT6yB6IEEIIIYQQQgghhDguHZWKVZRJ4ORriGx8a58PNVh+3I0Lib/5C4Jn/yAVen72dKKF+Os/QztxlLlPBaR28Q0+v73naptkiKkAdVgVq2/Of5PqcDU+y8dVV15Fzx5lhxzveS6e52Ga1oGvwacopbAsH45t4/r9ZHTSL3V/8UQc27FRCkzDxLIO3h/2w48WM+Oee5gy5Wauvfor+P0+wrW1aK0pyMsnNzeHYDB4yOv5/X5Gjx7D8mXLQSnWrF3f/sr/P8r23GS1cOqxO+7hBasRN3nfmmSQaqdC/IJgPrZn4zN9KCDqxChOL+Inp3yf77/7EyxlsTK8isfW/IVbh09ur3p1PZc9kSo0mvxgfnuwCnBh73N4dds80JrqSDV/2/J3drbuIubGOL/n2ZTn9m0fG/IFyfRlUhWpxkXTnOi6V64QQgghhBBCCCGEOP4dlYpVALN0NFbZKNg/KLN82MvnEHvjF+hE5DO/rrajxF7/Ke7WxfuFqh6EcrH6jjvgnLbqUKXA8w4drGqtWbjoXQKBIChFWWnpIccn7ASO4+L3+4nGoh16ju6/hkQikWqdoAmFOq8+3ZfrONi2jWVaaDTxVP/T/YXDNXxt8tdwbZtvffN2evQoo6ioiGFDhjB86FBKSoq7DFXbfPmSi9EqGbLOn/8m1dXhwzrvYFrdaPIPSqFQNDuH951wvAQKAwPwtEfUjQHJClhN8nmaysSnkn+XMDC/P18feiNxL4Hf8PHilldZtOOD9vmiTozqSBiFQbY/s8O1umeWcH6Ps7G1i9/0MWvdU7y5/W0sZXFJ3ws7BMs+w0eGP5TsGas19fGGf/zhCCGEEEIIIYQQQojjxlELVpXpJ3DWtzsPEi0/9sq5RF/8Ll7Nps/sml7TbmIvT8Ne8waYHXt1asfGP/ZGVCe9NR3XSdUtpran70IikUiN1zQ1Nx1yrM/y0drailLqoNWqAI7j0NraimWZaA119V0Hclrr1Gv5yQ4GiUTnLRbmvPgitu1QUFiAz/fPFS0PHjSIcyadTTwep6Wlhcdnzz6i82tqajp8J/yGiac9FJCMRA+vz2zICqbaBiT7qSa85L3XxBrwGSZKJdsFtH0OcFHf85lUNqE9XL1/+W/ZXP8pAHWxehoTTSgDcoI5B1zvy+UXEjQCqU4RmoSXYGJpBeU5fTqMM5RBlj8LjcZQiqrWMG5b2wIhhBBCCCGEEEIIccI6asEqgFk6Ev/pN4Id6+SgD3frUlpn30JiyRPoln+8F6WOt2B/8hKRv9yKs2lRx0pVFHgORn5P/COvPMgEGk8ng7B4InHQqlJIvrI/ZvQoEokEpmHw9oK32vui7i+eSHD//ffjOA6u6x6yFYDjOMTiMZRKvtoejXZduRmLxYnF4niexjAUmZmdtw+Ix+NYlsXateuY+8orhGtqiEQiOI5DJBIhGo0Sj8cPeh/7MgyD6dPvIisrC9M0+eP//R9PP/tsl+dprXn2uef53R8e7lDhGXcSqNTr/JoDe64eTH2sERMD0GgNPpVsg+DoRCqaVSTcBMY+1zKUwa1DJ1OU1g2tPVzt8tPFv6Yl0UrCTZDwEiityEn1Y91XSUYxk3pMwPbs9k3OvjLgsg4tA9rkBrPRaBQGVdHqw25vIIQQQgghhBBCCCGOX0enx2o7RWDszbjbFuPuWo2yAuytSNRgWuDEib95H4mlT+EbcQlWv4kYOWUoX9qhp/ZcvMadONs+wPl4Lm7VekClKlX3CUa1C1qTdvE9KH96p1NlZ+fguA6mYeLYXW+sdeEFF3Lf/Q/gui6Lly7ld394mK/fcnOH1+nXrVvPjP/+b4YOHUrfvn3Ztm0rlZWV1NXX072k5IA5HdfFTtiQChkPVn26r1B6iEQ8jtYaz9MHDYQnTZrIbx56iEQiwZ3T7iQvP5/s7GwCfj8a8Pt8BIJBAoEARUVFDBk8mDPOOJ0+vXt3Ol9JcTF/fOQRvvGNf6Ourp7p06ezY8dOrr/2Gkr2u7eEbbNmzVr+9OifePHFF/nD7//Q4XjcjeNpD8swUdqjxY52ed8AlmFiawe/Sv4zcjkcAAAgAElEQVS+GxJNlNKduJsKxlUyWHX32wQsO5jFf518B1MX/gif4SMcDfP7j//EoNz+aK0xlXnQnrFX9ruEv1fOJ+7anNxtND2yOu+tGzADGBgopaiL1RFxogSsAzc2E0IIIYQQQgghhBAnjqMcrILyp5N22a+IPHEzuqk6GaZ2GKDA8qObq4kvfJjEu49idOuHWTwEo7AcI7sErGCyV6tpopurcOsqcXevxtuzFuKtgAKjk1vTGu15BC+Yhlky/KBr3L17N67jELdj2IlEaqOpg28EVVJSzK9++Uu+c8cdaK158MEHeHfRIk4bexo+y8fHqz5m2fIVTP3P/+Taa65mwHMD+K8f/pC62lpu/fptjK+o4Morr6R/v/L2OWPRGFVVe9r7pLa0NHf5bOvr60nYCeyETUN9PZFIlLS0AwPpIYMHc/999/Gbhx5i+/bthMNhqqqqkm0EANM0SGaRCkMplGEQCAS47rpr+c63v02okznHjB7FM08/wy9//SveeONNHvrNb5j15z9TMX48ffv0IZSeTmNDA4uXLGbVqk/o3bs3f37sz4yv6Njj1tMenvbQmGjAdjvvE3vAvccaU9WiKtlKIJUpGxg42iWgTOKeTX28gaxAx56pA/L6MWXwV3l07RP4TT+Ldn3Ah3uW4Df8eHhYnX2XgG7phZzbcyIvbnmV6/pf2Wm1KkC6lU5yWy1F3E1QE60jt5P2AkIIIYQQQgghhBDixKH0od5z/xy5jTuJPX07bsPO/V7V74TnQXL7HyAZ+KEUuq36MFWRqJSR2uypE1qjPYfAhNsJnDYFOPjO9Rs3buL5F+aQX5CP6zpMufFGAoGuKwxXfvwxj8+ezQcffEhdbS2GaZKdncWkiWcz5aYb6ds32X/TdV1eefWvfPTRRxiGwcknn8T4igpyc/f2e91TVcWsWY9TUFBIdXU1l1xyEUOHDDnk9Tdu2sScF1+iIL+AcE0Nt94yhfy8vE7HNre0cN/99/Pkk08ycuQoBgwcQElxCfl5eTQ0NFBVXcXG9RtZvnIFjuNgmibRaITrr/8qM6bfddCg2XEcPv54Fa/89a+8u2gRu3bvxnEcLNMkLRTizDPP4KIvXcQZp4/tdEOunS17qGqtwmf6cDyHolA3umcUd/nsNzd8SkuiBWUYuK5Dn+ze5ASz+bRhG42JJgzDwPVcBucNIGgduDFX3E2wrGoFISsNn+kn3QqS8FxanVb6ZPUiO3BgOwCApngzm5u2MrJg6EGD1epImO3NO/GZPlzPpW9274POJ4QQQgghhBBCCCGOvalTp3Y55pgFqwBeQyWxV+/G3bESLB+kemQeiqZjJLr/z51fKFmJGZj4bfwnXQ8HCcAOek2tD/o6eGdja2pqCYerSQuF6FZYSHp65y0HjpUPPvyQaXf+iPy8fO6+ezoD+vfD7/cfMM62bTZs2sTPf/4LPvroQ3w+P7FYjLkvvcSQwYO6vE5ra4T6hnoaGxtJS0ujID+frCwJFIUQQgghhBBCCCHE8e24D1YBdKyR+Ad/wl78ZLLydP/WAIc7D/sHrKl95V0HI7MbwS9Nx+p12j+/4BPc2nXrufiSSxgwYABP/eUJsrOzuzynqamZm26+mTVr1mDbCaZPn87kG244CqsVQgghhBBCCCGEEOLoO5xg9chKNz8HKphN8Kz/JO3a32L2GAWe015hekTz7PuDBlwbPA//6CsIffWPEqoC8USCu6bfhW0nmPrd7x5WqAqQlZXJ9ddfh23bmIZJTU3t57xSIYQQQgghhBBCCCGOb0d986qDsXqcgnnVMNzNb5FYOQd3+8pkwKpMtFJdv4qvNehUz1XDwBpyHv7RV2GWjv78F3+C2Lx5C6s+XkVWVhZ9+vQ+onN79uiJaZo4jkOvnj0/pxUKIYQQQgghhBBCCHFiOG6CVQDlS8MadCFWv0m4e1bjbPsIZ8u7eOEtyUpWndzASnkuGMkd4JObVSmw/JjdBmD2PhVrwCTM/PKDb2T1L6quro6EbeMPBA5rM64OFKA1lmXRf8CAQw71PI+du3ZhJxKkp6dTVFQEQDyeIFwTxnWTFcnZWVnk5OSgtaaqqppEIoHWGo3GNE26l5TQ3NKCY9sUFBQAUN/QgOs47T+3SSQS7N69G9d1yc3NIzc3p/1Ya2uEcDgMaPLy8tr7vNbV1eE4Dt26dQOgoaEBJzV3TW0tkdYInvZQKHJyc8jepz9sa2uE6upqDENRVFREMBjEcRyqqqpxXAd0st+uP+CnpLi4/S8G4vE44ZoaunXrht/nw7ZtqqqrKS4qwrYdwjXh5DPQmrS0NLoVFnb4SwXXdamqrkZrTUlxMYZh0NraSrimhrzc3PZ7cxyHnbt2UVJc3N4/NxaLUVNTS/fuJRiGkVpvFcXFxe2bkTU3N9Pc0kL3kpIOz9d1PaqqqojHYwSDQYpT95RIJNhTVYXWGjR42iMzI4Pc3Fz2VFVhKNU+trm5mbq6evLz8wgEAlRVV+O5LlonvzMZGekUFBRQVVVFRkYGGRkZAITDYdLS0nBdl7r6eizLQimFY9sEg2kUFxcd8vsohBBCCCGEEEII8Xk4roLVdlYAs2wMZtkY/KfeiG6pxquvxGvchY42JEMrO4bhD6HSslG5PTHyemGE8sA6wsDwX4jP78MyTRKJBA0NjZSVlh72uZVbK4nFYowaM5qB/fsddJxt2/xt3uts3fopubm51NXXM2LYcM6aMJ76+jqeff55cnNzwdM0NDbypQsuoLy8L3PmvoRlmmRkZOJ5HmnBIBdecD4fr/yYJcuXc9stN5ORkcHixUtobm7iyiuuaL9mIh5n7iuv0NTSgmmY1NXXccWll9KrVy/27NnDnJfmYpkmls9Hc3Mzl196KT16lPH+hx9SV1/P166/HoAVK1ZQU1vHVVdewVtvvc3O3bvJzcnGsR2i8Rhf/tJF9OjZg5qaGp59YQ5+n0UinsDy+bjumqsBeOb558nJziYYDOB5Hnk5uRSd1609uKyurua5F+bw1euvo1thIY2NTTz3/Avc+LUbqKmpYe6rr1KUCnrr6uoYOWIEFePGYRjJrh2xWIyX5r5MS2sLt06ZQm5uLu++9z4rPl7JmaefzplnnAHAxo2beOGll7joggsYNWokAFVVVTzz3PN86YLzGTp0KM3NzTz7wgvcetNNZGRmorXmb/PmsXVbJf926y3trSISiQR//dtrbN+5g5ysbMK1tQwbMphzzj6b2ro6nn72ObqnQl7P8+jbty/Dhw3luedfwHVdbr15CllZWbz19tusXb+B8845m7LSMp559jny8vIIBPzYtkPfPn3Iycnhb6/Nw+f3c901V2OaJm/Mn8/ggQPx+/0sWbaM1tZWEgmb3JwciouLKC4+97C/x0IIIYQQQgghhBCfleMzWN2H8qWhcnth5PY61ks54Q0ZNIic3ByqqqpZvnw5w4YOOazzYvE4jz/xOMpQ/GjanYesdl2xYgWVlZVMvuEGMjMzqaqq4slnnqV/v3KCwTS0p7nyssvIyMjg7XcW8s6iRZSUFOM4DmdVVDBo0KDkRBqUoQBNLBZj4aJ3ufCC81GGQu23TVlNbS3btu9g8levp7CwkI8WL6axqQnXdXnt9b/Tt08fJp41AcMwWLZsGS+9/DK33jwFn+XrOJdSqWtCwk4wasRwJowfj9aal15+mfc/+pDSslL+9tprDBrQn4px40gkErw273VqamspLChAex4XXXgBhYWFydvQuj0U3XsZhd/na7tke0Wq52lCaWlcfdVV+Hw+Nm7cyMuv/pWRI0aQk7O3Atfn8+GzfOzatZusrCx27dpFwB/A83RqHo9Vq1dTUlTE8o9XMmzY0GSVJ8mWGm/MX0B5eXl72NvWobi+vp7q6jDZ2Vms37CRU085GYDlK1awe/dubkz9Tnfv2s1HixcTj8dRgGkYXHnF5R2+F5FIBNNMVsXW1taSlpZGVVWYQMCf7NqR2jPvyxdflAzaUzzPw+/3sXV7JevXr2fIkCF4WuN5msGDBzNw4EDeffc9duzaydVXXonRfg9CCCGEEEIIIYQQR9dxH6yKz05mZibf/94PmPq973LvffdxyiknM2jgwEOeE43FuOvuu1m6dCk//OG09rCtM1prNmzezOiRe4PA7t2706OslPUbNjJ82FCUYVBfX08sFiMcDpOVmYllWQR8PpauWEnljh3J1/MLCznl5JNxPU2vnj3ZvGULlZWVZGZm0tTQ1OG6eXl5dCss4NnnX6BXzx4MHDCAvn370tzcTG1tLRecd2776/BDhw7lvQ8/pLo6jGF0Esol8z4sy6Kqupo1a9biui7h6jCnnXoKzc3N7Kmu5sILLsCyLCzL4orLLwOguakZ0zRZuOhdMjIzcByH3r16M3TI4PbplWGg0by9cCEBf4BINIKnNUopDENh2zZr164lEAiwZcundOtWSCgU2ucZg8+y6N+vH7v37KFbt0JMy6K4uBjXdYBkpWttbQ3XXXMNTz7zLHv27KGsrAxPe2Tn5OD3WSx6911OPukkLNNs3/nt41WrGDJoEOXlfXn1tdcYPWoklmWx6pPVjBk9mqysLGKxGKH0EBMmjMeyLLTWeNrjjTfn4/P5iMXjnDW+gmAwiGlalPctY/v27QSDQQJBP2mhIJ7npu7X4O13FhIKhbBtmyGDB9O7dy8Mw2Rgv3689c5CSktLSQum4Tg2SqlkGJz6XysVTgshhBBCCCGEEEIcCxKs/ou54vJLqaur5Ze/+hWXX3ElP585k/HjK8jJzu7Qy7O5pYVPVn3Cffffz/IVK7j77ruZcuONXW4i5joOltXxa2UaJradSP2keeVvr2EZBlnZ2e2hp+NpMtJDdCsoxHGSr3lDsrVAr549GDFsKG+8OZ+yslJMs2MFaDAY5KorrmDjxk1s2LiRF19+mfFnnkl5eTlAh4pRpZIVr57nYhgQ8O8TzmkwUnMbhkFjYxOfrFnD1q1bmVBRwYgRI6iurm6fZ39tIWN2Vhb5+fk4rkNmRnqn40LBNNJTx3Rq0zWlFI7jsmXrNjZv2UJJcTFfufLK9lA4OQZsx6Fnjx6s27CeVZ+spntJCfF4nLaEdO26dWSkp6O1Jj8vl6XLl1NWVoZCEfD5OPfss3luzhwy0tPx+/0YhoFt23yyejVjTz0Vv99PpDXKnj176NGjB4l4HF8qxNywYQOL3nsP23a49JKLCYXSUSjy83IJBALYto1lmmitcV2XPr17s3HTJhK2Tc+yHtTV16WqVTWe1mRnZ5Gbk4tt26SlBYFkH9pTTz6ZjZs38dY7C/E8r0MI3vbok593/C4IIYQQQgghhBBCHC0SrP6LMU2Tf7vt65xyyik8+thj/PjHPyGUHmLQoEHk5+XhoWlqbOTTT7fS3NTE+LMm8D//cw8Du9iwCpLBYGn37qxZu54xY8bg8/loaWmhcscOzj/nHAzDwFAGl15yMfl5ee2hXjwex3Uchg0dSr9UGNpGa000EuX0sWNZvXYtK1etYsjAQR3GrFu/nsrt2znvnHMYMWI477//PqtWr2HYsGH4AwE2bdrcvkHV9srtOI5DYWEh1eEadu3e3T5PNB5De8mQM5FIMGjgAM44/XTenD+ftevXMWrUSHJzkwHirl27yM/PR2vNa6/NY8CA/hQVFaE9zamnntK+idT+tOehlMFpp51KVlYW9fX1rNuwPhnKeh5paWl8+eKL2L59Oy/OfZmqqip69drbBkMDjuuQnZONZVosWbaMy758CZs2bsLyWdi2zZq161BK8fKrf8VxbHbs2EkkEsHn8xGNRSnsVsj4ceOY9/e/kx4KYVkWe/bsIRqNsWbdetau30Ag4Gf5ihX06NGD/v37s37jBkaOHMGIESMoLi7hL08/RSJhEwppUIrTTjutQ8jZ3NyM47rk5iZD05WrVnHZJZdQXRNOtQJI/m7HnnoqofS94bPrurieB0oxftw4/vjoY9iOQ7++fTo8AyGEEEIIIYQQQohjTYLVf1FjRo9izOgH2L1nD1u3bmP79u00NDSQlhYkGEyjZ88e9O3Tp71X6OE6ecwYNm3ewjPPPkef3r1Zu349hfn5DOjfj5raWjTJCtNgMNh+jtbJcG7J0qXs2VOVfKVdw8knn4RhKOKxOKZpcs6kSTw6axbxRKLDNUuKinnl1b8SiUTpXlLMshUrGTlyBKFQiHMmnsUrf/0bzS3N+Cwfy1asoOLMM0lPT6dP7168s2gRc195heysLFavXsPFF30JSAariXgcpRTjzjyTRx59lPnzF3DBBedz/rnnMveVVwnX1NDQ0MjmLVsYO/Y0dOqV/rffWUhOTg6u65AWTGPMmNHtFZ+e1mjPIxqNkZWVheM47SGj53m4roPruvTu3ZsRw4cz56W53DLlJjIzM9seFrFojGAgQGn37mzaspn8vDxWRiIUFBaybds2otEot91yC/6AH8dx+PPjs1n58SpKu3fHcVw812Xo0CEsX7mS2tpa4vE4H3z0EaNGjeSs8eNRSlFTU8OsJ55gfEMDZ5w+llmzn+DJp5+hvE9fKndUopQiNzcHz/PQ2mP+/AUEAn4c16W4qIju3bsTj8cJBgMUdevGnqoq8vLzaW1pxfM8kjvQaRa8/TZZWdm4rkNmRgZDhw5Fe26q5UA6Z00Yz19fm5c6J8l1XBzbPvIvvRBCCCGEEEIIIcRnyLz77rvvPtaLEMdOZkYGPcrKGDp0CCedNIaRI0YwdMgQykpLSU8/8DX2rgSDQfr3KycaixGuraVvn96cNWECgWAQ1/WwLJOeZWXtQWMb0zCxLItEIo7retiOTc8ePQj4/WTn5FBQUEAoFCI9FKKgoICiVAVq2zX7lZdTW1NLbX0dQ4cM4aTRozFNk8LCQspKu1MVriGeiHPm6WMZPnwYSinS09PpWVZGdThMNBbj1FNOYdDAgSil8DyP4qIicnNzsSyLsu7dqWtooKy0lKKiIkqKitm5axehUIgLzjuXgoKC9mAVBbadwLYdDENRVlq6d6MorbF8Pnr26NH+ir9Sil49e2JZFsFgGj3KyjAMg+7dS3Ach1AoRPY+FbCGYdC9pITMzCwyMjIoL++LRpOfl0c8Eadvnz6UlnbHMAwsyyInJxlcFhYWkJaWRklJCT6fj+4lJQSDQYqLi2hqbuak0aMJhUIYhkEoFEIpRWZGBnl5efTvV45t21SHw3Tr1o1JEyZQWFjYvgmVqz0c2yZhO4TS0igq6oZpGvTp3ZusrExycrLp3asXWmtKiovJyspur3C17QS242CaFmWlpRimSXFJMRnp6eTn5WOaBmWlpe1VwFprsrOzKS4u7rI1hRBCCCGEEEIcT8LhMIsWLWLBggXMmzePdevWUVNTQ3Z29j/0/8H/Wcn9VH5Iz5496d69+1G/vjjx3XnnnTzwwAM8+eSTfPLJJ5x99tnHekmfmddff73LMUq3JSNCCCGEEEIIIYQQ4jMXiUR44oknWLhwYftn+fn51NbWtv9cUVHBV7/61Q4bGH/eHn74YRYtWkRFRQVf//rXj9p1xRfDd77zHZYvX97hs9GjR/Pggw8eoxV9tqZOndrlGAlWhRBCCCGEEEKI49DaRyczs/Im7p0+ic6atHV1/JDC85kxdSEV905n0hGeHJ4/g6nbrmbWlMGf63W+KLZt28bMmTOJRCKMGzeO888/v8NeGtu2bWPevHksWrSIUCjEtGnTOhz/PCxcuJA5c+ZQU1PT/llBQQGXX345FRUVn+u1xRfH4MF7/x3wy1/+kh/84AcArF279lgt6TN1OMGqbKkthBBCCCGEEEIctxbyv48eGFKE589g5oJjsBxxRCKRCDNnzkRrzT333MNtt91Gr169CIfDrFu3jnA4TK9evbjtttuYNm0aWuv2EPbzMnv2bB555JEOoSpATU0NjzzyCC+88MLndm1I/oXAjPnhAz6bPPlROnzTw/OZMXkG+w3dT5j5Mw6c77iz9tED7+9o2vdZHtZz7dp7771HY2MjjY2NjB8/nnPOOYfx48fT2NjIe++995ks+0Qgm1cJIYQQQgghhBDHq54VVFR+wFoGs7c2LMyqhTBxYjkLKvcZu/ZRJndIWycybdYUBpMMrj7odROVjz3GZsq56Uf7VSWmzi2/6V6mTyoE1vLo5Jm0zzZxGrOmDE5Wqz62GZjJ5MqbuHd6Ca9MfoZe0ypYOPMxNgOUH6KK9hBrJLXOvYf3PRZm/oypPLY5dehQ1ziOzJ49m0gkwj333NNehTp79uwOvRsHDRrEHXfcweDBg7njjjuYOXMms2fP5rbbbvvM17Nt27Yu+0a++OKLnHTSSZ9b1WxBr3I2L1xFeFLb7y/M7spyyssX8MHaKbQVQYZXLWRzeQW3H++/5H9Rr7/+Opdccgn33nsvAK7rcu+997Jr1y5ef/11zjjjjGO8wqNDKlaFEEIIIYQQQojjVgnDKyr5YN9St/AqFlLB2H1zr7WPMnlmJTfdO4tZs2Yxa9Y0JrKAmftUuy54bBtXz5rFrFnTmZTX+bn7hqpMa5vrXm6qnMmM+WEKJ03n3pvKk0Fre7C5mcdmts09i2k9H2PqjPkcUBDXxRrD82ckWxuk5rn3pkpmzphPOBWqLqy4N3Ve6hqdVPIeT9o2qho3blynoeqgQYNIS0tj3bp1PPzww0Dy1epx48axaNEiwuHPvgpz3rx5hzVu316wn7XC4RWUb95Ge71s6vt8dUU5lbv33nPNts2UVww/7sPzE07hJKbP+mxac1x88cXYtt3hn8/jLwSOZ1KxKoQQQgghhBBCHMcKh1dQ+cpa2kr5wqsWQsXtFLBP+DV4CrNm7XvWYMZOhA7dAiaO5YCuqDXzmTFzAROnzWoPWsLzn2HBxGnMah9cyKTbb2Lh1FdYO2kKBZ2sceK0vVWngy++ifKpC1kVnsSkDks61BrX8spjm5k4bXp7kFY4aTqzJgFrH+UxbuLefZKgwVOmMXHyM8y/+Pjt3bps2TIAzj///PbPKioqqKmp4fLLL6dXr14sXbqUBx98sH1s2/hFixaxbNmyDud+FvZ//f9gKisrux70jyosoScL2R2GwYVAzTY29xzL4OEV8L9tlaxhdldCz7Ftv9yOFdQTp83iYC1+O1Q9pyqtgVS/31RVNeXc1Nb3t60P8E3/n717j4+qvvM//p7JJCSBBJgkBEswQ0PQYHHX4ArIRApFbX9q1e6WcOlSbHdtFymypmXrhYLVli4VC1Xp1m0fsPwkXPa39VL7sFgrhUQBC7jVQuRWAoTKJROEQK4zc35/nJnJzGSSzCQhmZDX8/FILXPO+Z7vOd8z33POZz7ne67VunXmgnnzVmq+1viysxWUyd1OObEIKSOsniHZ2VM1b94JrSsr0sql01S9dq6Wq2Xec28/qRLftKxo6xY87nH1Ws1dLk2duk3bfPssZFvbcc8996iiokJnzpyR3W7+UlNTU6MLFy7onnvuaXdZt9utZre7zemJNptstr4RsuwbtQQAAAAAoL/KGqeiE6/7hgMwhwEomp8lfRhh3lYBm/YKPqp1y49KmqoZQUGq6uNHpW3LNbfVGK5tFZan3OBoa9Y1ulZHdbxaihiFjVTHcx/rhPJUFGH+cx+fkI5uU8ncda3WO6+NGsWD48ePS1LII/W5ublatGiRJDOj1Z9BmpGRETJP8PLd6aOPPopqvisaWFWBJk49qi0fntO0aVmq2LVNUyc+IGVJ1x7dYgbks6p1/OhUTSyQzEDjcp2Yt1Lrp2X5jp8n9XaEoGFL1rMZnH37yRI9+fZKLZ1WrbUl63Tto+u1tMAXkCxZq2sCQ00c1brjM7R+/QO+zOoSrZm3UuvXZ/mGvzB/VChQRUg5qliruSHlROOc3l4TVMa5t/VkScuPBBVrS8wfEtZPU5YqtHbuNikvmheKdbZu23Qi19xWc9vX6O1x7QeLX3zxRU2aNEllZWU6d+6ciouLJUlvvPGGPvroI/3N3/yNXnzxxXazV8+cPt3mtJycnHZrHE8IrAIAAAAAENeyNK7ohNa8fU5Lx5mPTbcadzIoWDnVF1ipWDtXyzsoeeqj6zVx11wtXzsxKGNOYRl0Yavq7GZ0so6S+syYqsGqq6uVmRkpsmy+NX316tWqq6tTRkZGINjql5GREXV26ZVwJV+eJfnGWT1ubt/HJ/KUe7fkD7juqpZUvUvbpk7UA5I5VMDRqZqx1Nf6WdM0Y+o6X2A2uNRz+rDsqPKK5vuOkyxNW7rezJqueF3bNFWPFviLmKGp65abY7pmSlKe5t1d4K+c8pSnonG+Uq65tmUVFbu0LW+eVrakZ2teXknI2LAdM+sVUH1cRyWZodMK7domTX3Uf6wX6O55edoWzcgM7dUt8mHoM1Uz/FHUzFzlqe2g+qlTp/Tqq6/q+uuvV0ZGhm644QbV1NQEhrKQpBtuuEEZGRkaPXq01qxZo3vvvVcjRowIKcdmsyk9PV0XL15stY709PQ+k60qEVgFAAAAACDuZfkek66QOQxAlkIDnOc+LNPRdoKhkZmZpuaj+8u1dqL5eHVmbp5U9rHOqSDKQKYvO9U/cxvZp+3WMTjLNSt80rWSb0zOvhRYzczMbDNDtKysTHV1dRo5cqQef/xxpaamhkx3uVwqiD5SF5VYM2CPHz9+xV5glTWuSHllH+vcuY9DfigomDhVy3dV6O7cE8ozo62+wOM2LQ9PoZ4anhJdreNHpWtntD5Kzn18QsoriphAHYu2sqfzAuMaRCdkuIK8POV1sV4d1q2rG+6zc+dOTZw4UVlZWfJ4PPrc5z6no0eP6rQv+3T48OHKy8uTx+NRfn6+hgwZop07d+of/uEfWpU1ZMgQ1V66JMPrDXxmsVo1ZMiQ7qlsDyGwCgAAAABAvMsapyKVaPm6PM1b2UYA50RLMPTc20+agZt2hwLwlz1N8+eVqWT5Wk1c/4AKfNl8a94eFxhrMXgsx0i2bUWS2egAACAASURBVHlbd/sySiteX6ejUx/V0vDob7t1NDPzSoLKMR9Llh5db2behWTVBqbF8gh2z8rNzVV5eXnEAOX999+vgoICXX/99a2CqpGGEOgO0b64Knj+K/YioqxrdO3RXaqulo5eO7ElYJ6Zq7wTH+tDSUV3B2dRTtWMiG0dfIBlyvxNoHWQs7uC81nXXCvlFUWRPV2htXO3KNc3XEFIYPfc29qyrfUYr13Vbt266T1oR44c0fjx4+X2jY+ampqqcePGady4cSHz+acPHTpUR44ciViW1WrV4PR0ffLJJ4HPBqeny2q1dk9le0jfqi0AAAAAAP1SlsYV5Ul5RRoXIaKTNW2+5mmdSubO1dy5c1VyfIZWzsuTtu1SRTSlT5uveXnbtHxthaQCPbBynrSuRHP95QW9ICdrXJHyti3X3LlrA2VPvfZ4YN3LT8zTyghZqR3VMWvaUj16bcv0uctPaN7KB1SgLE1b+qimblseqE+8B1UlqbCwUFLkgObWrVv1n//5n21OC16+O1RUVKi8vDymZfxB4SujQBOnntCuXSc0dWJQK2aNU5HKVHbiWl2TFfRZ3jZtedsfHazQ2rlz9eTb4dFC8ztytOzDQByxYu1czV1bIRVM1FRt0y7fAXvu7S3aJv8YrrFUe6KmHl2n1/0H/rm39eTcuVrb6kuWqdy8oyr70KxJ9fGj0rXXBAU8fdnZ8v0QEbRf7p6Xp21b3vZtg/lSt0CpucHfaXPog9jr1jnnz5+X1WpVU1NTTH9Wq1Xnz5+PWGZ6erosvkCqxWpVenp691S2B5GxCgAAAABAHCp4YL2CRmJU1rSlWj+trX8HjScZEDQ9rCxlTdPS4MLCl281va1lK7RLkiY+oPUPPNDBvB3UUb5tjlCMVKAH1q9XxElxKisrS06nU+Xl5SoqKgp5tL+iwox2hb8kyh8AdTqdysrqvoEPVq1a1anlli9frv/4j//otnoEy8yVtq2T5t0d/GmWrrn2qI5qRlDQ3AysH59bosBT7lMfNV9kFZaKmTVtqR49Prflcfi8eVq51CzpgZXz9GTJXM01J/iC9rEqCCtHypu3Uq1/R8jStPnzVFbir/NUPbo+MMCrZkxdp+XL52qbpKmPmj8a+IfBCN2GPE2dmif/sKf+sWHNYRHyNG/eVCmQ7NpO3bohY/X8+fOy2Wxqbm6OaTmbzabz589r6NChraZZfY/+n6+p0ZAhQ/pctqokWQzDMHq7EgAAAAAAoC+q0FozfTRCcAl1dXX613/9V1ksFj366KOBx/uPHz+uvXv3avz48YHP/C+0MgxDP/nJT1oNEdAVL730UqsgbjSuvfZafeUrX+m2eiB2wcNw9OYYw3/4wx908OBBTZgwIabldu/ereuuu06f/exn25zn9OnTGj58eFer2O1KSko6nIeMVQAAAAAAgCsgNTVVjz32mH74wx9qyZIlKioq0h133KHc3NyQIOubb76psrIypaSk6LHHHuvWoKqkiMHR48ePq76+PvDvlJSUK/ayKvR9ly9fVkJCgjweT0zLJSQk6PLly+3OE49B1WgRWAUAAAAAAJ1kPqKPtuXm5uonP/mJXnrpJZWVlamszHx2OzMzU9XV1YH5nE6nvvKVr3R7ULUtH330kTZs2BD495w5cwisok35+fl67bXX9Mc//lHJyckaOHCg0tLSNHDgQCUnJ0uSGhoadPnyZdXW1ury5ctqaGiQFF3mZ1/FUAAAAAAAAAA94Ny5c9q3b5+OHz+u6upqZWZmKjc3V4WFhd06pmo06urq9OKLL2rfvn0qLCzUgw8+2GNBXaAviCYgTGAVAAAAAAAAAIJEE1jte6/bAgAAAAAAAIBeRmAVAAAAAAAAAGJEYBUAAAAAAAAAYkRgFQAAAAAAAABiRGAVAAAAAAAAAGJk6+0KAAAAxMq47FLjjuflrtwto+58R3P7/mu50tW6ClhkHXyNUu79d1mzRvd2ZQAAAIC4RsYqAADocxq2rVLzgd92GFQ1DENmQJWganQMeS/8VXUvf7u3KwIAAADEPQKrAACgz3Ef2xnVfIRTO8eoPdPbVQAAAADinu3y5cu9XQcAAIDYNEV5/WIhtNpZXCMCAAAA7bOZj8gBAAAALbhGBAAAANrHUAAAAAAAAAAAECMCqwAAAAAAAAAQIwKrAAAAAAAAABAjAqsAAAAAAAAAECMCqwAAAAAAAAAQIwKrAAAAAAAAABAjAqsAAAAAAAAAECMCqwAAAAAAAAAQIwKrAAAAAAAAABAjAqsAAAAAAAAAECNbb1egTYdKNX9VuRyzntLiooz253WVacWSnZr01GJ1NGu3LtsDXGUrtGRjZesJjll6anGRzCofUun8VdKiNZo9xr9Mjhatma0xbZbZ9vQr75BK57+ikXG6z3uMq0wrlmxUhNY1ORdpzZ1n4vr4jI15nJZHmuRcpDWze+loLJ2vVTLX7ypboSUn7+uduhwq1fxXRgZ9r3u8Aiqdv0pVbfa5HU1vr+hSmV1UtH1O0LES0tfFCd/5qTVnF/vVON/uPixxxptKHpnWekLNb1S79uluWUfyAzuVqLbKe0KpJXdJf56kuq3dsrqYJc54U8lZh9XwwkNq7oX1t3k9E9b/u8pWaMnOSVfg+HepbMUSnbzPvFbq+7q3z45lv/fqubJPa+s6yKFZV8V1HgAA/VOcBlZdKnulXE6nU+Ubt+pQ0RUMAGYUafGaoitVeveIEHQ6VDpfS1ao7QtgR5VeWVGmr4dPP1Tqu7HJuXL1RXRCjr22bvjGxP/xGZNINw/mjcaKkZ0I2HWDMbPXaE2PrzWO7fylSrMXhx2HLpWtMG8GHT1Rh0N7VB7vgcUI9XOVrdCS+aWdD672he3uy1oFUYuV8tAipT2gbguuogOtrmfMc9/80pbPM4oW66o67V1p3dRns997SuvrIFfZCi1ZUqrsXkt4AAAAXRGfgVXXAe2sdOq+xTdL5au059BsjQm70jhUOl/+hCGH0xk8xcyGXDRJO1f5sgEds/TU4mxtDfxKHHRRE5Kx6lt2Vo42bvT/ntzVDKQrY8yds+RYclIuqY0b8EmalLNTB1xFIRdvh/b4AtYR0wbjSFhGmHNRaMAxuP19M5g3ZZEy41xlWrHkpO7zfRaaNRPnWQLBx6d827FIWuXf+EBWqz/zNex47WA/xocxunOWQ0t2HpCryB9QMm+2W5opLNgUlu0byGx3lWnFL6VJORu1sVySc5GeGvlKWBZOaIa3P2P1qZGv+I6LVZpfZa7PVTpfr4xcpEk7V/nqYh4v2VuD+p+QbKCwbJSgIIKZ4TNJs6o2BrYrsGxQOy2Zf7JX+5ycSZNUteeQQjpd1wHtlFNOR7mqpMiZ/jFkpR4qna9XRs5SzsaNgX3lDMm4N3fQkvkbfZ+HHQ+9mOHcnoyi++Tc+IrOuKQxGVJHx8MvNSmwD26e5tCet8O3O7y/Cv5+H1Lp/D0aOatKGzdWSo5ZemTSTj178j4t0iq1dBFrdOeZoDJC9l3YflXw8RzF+bCt72GgfpG3PX5sVv0L+UotuUupdz7tyyQ1g6225Ja5jJOrdGnLZvMfhS9o0NRCWSJNkyTdoNSSnUrw/csTnqH6qY1KK/GFuhr2hWWPmlmt/mXDy05+YKcS7UFlBQWKkx/YKevlfbKOLJRFtXJvu0P1+4LLq5WnJvY9dOVlqGjxIp2cv0qlNwcd874+W2Hfk8jfi/DzeKRjL6PlWF81PyiLs52+Jfx8Mm6c9OHgkO/AlcuujV5UfbZfq2z7lu90+H5v63zVsu9bzpUZaq9NouhLOqpXW+dO/+a2dzz0geugjLGT5NDJwL+Dn6SRFHrOdUV+YsIx6yktzt7a9rS4vdAFAKDvi8vAquvATlU679MYjZGc0qo9hzQ76ILxUOl8raqapafWFCnDf1EshyYF5qjUxlcm6ak1a5Thu8BeMt+hWU+t0ZoM3/JbD6ko4pVVpTbu9C9rlr2q9OY4vCHs2Nibc/TLAy4VBd3o7il36uZFiu/AaiBAs8a86HaVacWSFSrzXSiHtr9/fv9N2c1yKjQY33I8Bd04rFncsmyfyhIo16o9i7RmzWzfflml+eVO374yj9dXyu4MCta1vR/jl7kdOyc9pTWLfaHQ0vlaUprt+x4eUumSjcpZtEaLx8j89/wlKs1eo9kZkio3msuu8YVoy6Jba0bRYj2l0McbXZIqN76iScF9x5L5cszylX+oVPNX+bPqWwK2a8a0bMeKsqAbmvKNOumffqhU81f9UmVjF6tozGytWaReHgrAJ3usJu3cqkNmDyzJ/A5p0n0audN3k54xVpMcG7UzqH85tMccuiXa71Hlxp2B/eoqW6Elq0p185rZGlO0WGuyg4dF8PXxOYu0ZvEYRcpwi08dHw/B+0CSvnZj6HAQLcO2LG7pv0IyYsu18eQirVnjD9buNH+MXLRGZhexQktWzVe50zePq0wrlryisjsXqygjfL/61+c7JjOk9s+H7XwPx0TxXYgbT8tbc5dsg4slyQyq1v1GtS+YAUtzCIGvK6VwsxmonFoobyBY+oRSSxYp9c7NLcFTe4aMbZNUu8+37Gc2KnnrLDX4JifYpeaVk9QgMxia/NAL0gsPqdkXVLWeXKXaLZsDZQ+aIV3astkMqqbuU8NKXyD2zo1K+0xwQFhKGGkPlK3w8nwB4UBF4soY3eyUXmn5RSJE+Pek/fO4malZNesprQkKnK4oe0qLFz8lhTwZEkXfEnI+MY/rlusLlw7srJTzvsXx32dLvnNOlWY9tSYo4Lmq7Wvcts5Xkc6VHV5btdOXRFOvtuqSId+TWC39ZMi6+8h1kOvATmnW16M7f46ZbV4D+pf1nSfuK8qQ1N40AABwpVgNw1B8/R3U1o2Vco7Pl2EYyr9jphzlr2hHdcv0PeWS816n7IYhw7DL+bWZckiBMqTg6fka75TkvFdOuzk9f7xTqjqt6qD5Iy9rV8FER8i8Pf8nSeGfVWvHLzeq0jle+UH1Vvgy+eOVs3N/S90P7lG5c7zyA7P3Xju3vf5q7XilXM6HZwW2zbA79bWZ0satB832m/WCXviOv43M7XQGtt9s7/I9BwPl7d/pP54OautGaebXgpedpYed5XplR3Wv7g/DMGSEtGHkfSU5NPOOfN9+KdBEh+SYeYdvX5nHa+XJ6qj2Y/y0u/mdd0wsMNvl4FZt1Ex9zWkPzJM/62E5ff1A9Y5XVO6YqTvy/cvna9YLL2hWfss+mlhgDyq/9Xco5Pui4Olh8ypC3yGn7vXXLX+8nKrSaX+9nA8H6uHvm7Rxqw76yw6ud/54OVWpk9Vt17M32keGXQUTq7TnoP/zau3fKXOfBvab71gL9C8Htac8fL8H/4X1OWH71V4wUQ7ffmy1Lw5u1cZKpx6elR+yX0PPCz39F7mtDpauUrljogrs0R4P5ryRy/WdC4O+w3bn1zTT0dJfSQqcKwPLBx1j5n4N7zP8x5xdzu+8oBdmtSxvzh/d+bC972HH296Nx2s38FyulWVgvswM1kkhwwI0Hzmsttf0tOpWhmWk1uxQ/b7gZTNkKQxa159bgqwNf9onIzlftkIpccZtSmjYp8ZAhurTqvtzpSwj71OypIa1k1QbnN26db884dWp2d8SN73zBiWoUm5/efseUuPJ2qj2R7Ce+N4YhiF7jv/cFT6fwr4nHZzHff1FoI/2Heff8f/b3Kio+5bQ80nY9UX1fu2sdGp8fqz7oZu/A1H12eZ+euGF7wT63cD1ccTzn2I4X3V8bSW1c20dTb3arIt5rdNyHeQvb5by4/Y6qFIbl8zX/Pktf0s2VgYd/0bYdUlLW7cqr3qHfrlRmvn9oG2MZhp//PHHH3/88Rf1XzTiL2P10F6VO2bq+/6fbTPGaqJjk3b5M6NcZ1QlhyYG//iakd3hiKGOnD78a235aj0UnmHqmKnvz+rot+0xGp/zamA4gEN7y+UcP0vS3itU0e7gUlWlVL76odaD+zvD5iz7sb63qbLV5DHjndLqvTo0a4zGuA5oV6VT946R79ipVPn3HtKmsKIdM7t3K3pSTnakYzv6/dizKrUp4v7/vr7jy6hwnamSKsv1vYdazaWZklxVlVLOvb2XIeTIibhul7nDW39Xe3eHd0rG2ImqetP3aKnrgHZpor6WIR0Im8exqcocjsR1RlWOibrjCjSK60yV5JgYus+j6POvuMpNEY5Rpx5+wcw2PdTV4yHSuU4Zyo55w3MUsYsIcmjjQ1odqKdDE6OpXjvfw6vhuxD62L0/IPm0mk/epuTP7FTaZ9SJF1/VyjgX9M99H8s7tVCWLClhYJpU93HoS6XO1ciQPaSE8JdwtQqu+ucbnCE1HA6Z3nzBpeSsGKobjzo4j0fsL9osKva+Zcx4p/TqGbk0RhmuKlU6x8fF0y7R9NkBrjL9+HubWl6c2dWvZXddW3WqXua1Ts69fek6yKGZ3/9OaMbsoY16aPWrKrvjOzFk0h7Sxu9tkmZ+P8Iy7U0DAADdzRZtBLZnuFT2arlUqdY3rJVv6pBzpvKN4F9tQ2cJ/Sxseqtoc2gEuq1ljeBf5bu6eZ1gGJKcD+v5mfkRJ4bWyax3cJ3zx+do9ZuH5Jwp7S13avxMQ8bhtpbvWZHa0M/58POKvMmGXGXPaOnmSklOPfz8t5Wvw9q0YLUC7ZY/Xk6t1t5DM2U/vUuVznuDMnsdKn7y2xEvNHv3u2AEZSgEfxx0fCr8WG29TPh/29uPvSN0/x/etECry1uyi8y6SXIU68lvR3ok3lDL4RthGyJ8n9v+Dofu69BlwuaM1HdEmt7Od9UVVT16r69pYciwF2hC1VrtqP62xh7YJU14wMw0klr6UnuBJjg2Bb5nIfO0WXQb+63NftiQ2umD2+tDrri2jtHgenb6eGjr3BS0jmjOV0ETAn1F0DLm98+3Lc8XKcNVpmeW7o7qfNhSlTY78SjPW51n6XiWqCQMTJNx2exZAgHVBt9j94UvaNDUlu1o3nJHyKP4aSV3RRhntfu1BFQr1bzyDjX4HvW/0rrzXNFW/yqZwXjHCLtCzm+Rvv8dnMfNoV/a6kdDj//2ru8in3NlXl9Uvqr91U4N31su5/iZvXztIEXdZ7vK9MzSzaqUeW3w7XxfHyB1vN+D12WEtWWH11aukGV9VWopP4Z6tX/ujLx34u86KEK/nn+7ih1LtWt/tZxBO7Htc6RLZc+sVrnzYT0fdP1kam8aAAC4Eqy9XYEQrgPaXelQ8ZPP6/nng/6eLJZD5dp7WFLGcOWoUqeCX8LgOh06OD9a5I+Xs3yvDh/eaw4D0Nv16ZBdIxxS1WlXG9NdOrC7Us6Hn9fzz89sY3t8j+vtLTPnHe+bK9Kxc9XqaD/Gh/yZT6rYUa7Vz5TJX9OM4TlS5Sm11Ux2c8MUb1sWr/XqnAyNnSDtPnBYB3ZLE8ZGSnnJ0NgJDt/3rK15uqEmkY6HPtDnd/l4iNhfuXS62zb8sPaW+863EX/EaF9729e3vgtPyGqXvBc2+/5/rdzbwh67j2TrLNWunKSGk7WyZN2mxKjWlSZLcMZo4TWy+rJYPZdrpdRrQsvJsvuCx8WyZaXJ8+dJql05K6phUpsvuKRke+BFWJIvizUuHdbecilneBT16+A83tH5o8N5O+xb8jXeWandB8rMH6vj5qKq4z7bdWC3Kp0P6/nnIwcaO7/qrl1bda1e7V3r9I3roGBRfQckucrWanOlUw9H2GHtTQMAAFdGXAVWXQd2q9IxQa2uBzOKdK9TKt97WFK+bi92qPxVfyDGpbK1m1XZqjSY8jXeWa7Vq8tbAoxxLUNF9zpVuXmtygLXwi6VPbNAz7R8EHSh7PtlPqyU/PFOqXyzNlc6NCLwJKXv2Fm9KZD1KB3WpgULtOmwrjLR7cfel6GiB4rlqNyspf5GyL/dDLYGN8rhTVqwwGy3jKJ75azcrN8FJre/XebN824d8E12lb3a+rHA7tgSX73WBtXDVfaMFgQFjfuSjLETpM2rtVkR+uSgeRzlm9udp8taHQ++Pt95b1w/4tj146F1f+W/Yb632zY8OBhyWJuWRn8ube972He+C8VKeeguJdT8Jmic1ODgp/myqpbM2CeUWrJTqXe2LG/LSpNxbkf7QdggCaNf8AVPi5UyqVAW35iszVt2yJNcqAEzilvW9RmHjJOvBAKp1sH+ab56t7eira/I3eCQzV9e4QsaEDSEQPxoya6LLg7UwXnc11+8GnTsHd60QAsineQ72bfkj3eqcvPmuPuxOpo+O/gHD1fZM0FDgHRFN1xbdbpe/mud37Ws21WmZxY8ozJXX7kOknT4d9pc2RKot49wSOV7A9t0+HdBffPhTVq6WSp+MkJyQXvTAADAFRNHQwEc1pubK+UonhfxcdLRhZOln76qsuklcjpLtLDqW1q6wHz0bnJxsRyVu1sG6JdCHpVs9fhipEcs21o2MLmXhgIIqlt7cwXXO7zOowsnS+VS4WjfdoU8Xt4bDBmq1OalCxT68KRDxctK5BxdrGXFK7UsaLqjeJlKnHYZhuScV6zdy5bK1/yavHCZil9bps17Dql4tO9ScnShJqtc7zgm+F56YX5s9x07qxe0XLVPXvicZo5u+zGyntHGY7/Bx6eC/r8ReZmQ46Xd/dg7R3P490uSZHeqZGGVvvXT1XpmxDKVODPkLFmoqm+tVkszTdbC52ZqtGHI0GgVLyvWymULtCAweaGec9rV8sRh0DpGF2vh5G/pp7794CheqGLHT1Xl/74E9Q/2gglybF6tBeXm+oIfh/SXa/4n7NFqw5Bh+OvVcmzKUaxlJeYLO1qqFmlZmcds5U+1dMFu83vQ40HDsPrYCzTBIWmC76ViLQdjy/5oNU9bRYfut9Z9cst8rfsou5wly6SVy7TA3+CTF+q54tG994hjVH1orMdD63LtzhIt00ota9lwLXyu2Pc9iOJ81eoR2uA+Y7SKF07Wt1Yv8P3Q4FDxsoWavOyn2n2gWk5nR+W38z007O1ue68NBWA3H90PZpxcpdqQF0bdoDT/GKqqlXvbb+SZepcSRhdL+8KnyxxnNephAGrlPmdXcslOJUvmcAOBMVqfVt1KKbVkkdJKFgXq5h9ioH7nbRo0tWWa58+r5B69SLZPPSEp0jivm1X/Qn5QeZVyn6yVLcYxVrt1KABJKg/u102O4mV6zpkRWFfwcRZcD/+/2j+P233nj/Bjb7QMQyqY4NDm1QtUPnmhnpuZ337fEt4v+fmuL1TYi32QpFj7bLtznop3LwtcO2vyQi0rfk3LNu/RoeLRgdF8I+/30HWFnyvz222T9vuSjBjqFfnc6bvWCTSiuW6n3ZBhj8froLavf0cH+n5zn/j35+SFCzW5/DXJMHRoj/lZqzImL9RCtT3tOTJYAQC4Yiznz5+Pl8gqAKBPcal85TppXm8EgtHfJfzyC71dhaue5+tv9HYV4tBhbV64T4U/LSYrEAAA4Cr31FNPdThPHGWsAgD6FFeFdmuCvmoPy+gCcFXgGjGCw3v1zq2FmtFrT/0AAAAgnsTVGKsAgL7h8OaH9fD3d2vCVyfH/OIjAOh7XHrn2Yf18PPSgmJyVQEAAGCyuFwufnAHAAB9SuLauzqeCV3S/MBversKAAAAQK/5wQ9+0OE8ZKwCAAAAAAAAQIwYYxUAAACtcI0IAAAAtI/AKgAAAFrhGhEAAABoH4FVAAAAtMI1IgAAANA+xlgFAAAAAAAAgBiRsQoAAIBWuEYEAAAA2kdgFQAAAK1wjQgAAAC0j6EAAAAAAAAAACBGZKwCAACgFa4RAQAAgPZZLv7kNq6aAQBA3+Jp6u0aXP0Sknq7BgAAAECvWXby5g7nscli6YGqAAAAoE/hGhEAAABol03uxt6uAwAAAOIN14gAAABAu3h5FQAAAAAAAADEiMAqAAAAAAAAAMSIwCoAAAAAAAAAxIjAKgAAAAAAAADEiMAqAAAAAAAAAMSIwCoAAAAAAAAAxIjAKgAAAAAAAADEiMAqAAAAAAAAAMSIwCoAAAAAAAAAxIjAKgAAAAAAAADEiMAqAAAAAAAAAMSIwCoAAAAAAAAAxIjAKgAAAAAAAADEiMAqAAAAAAAAAMSIwCoAAAAAAAAAxIjAKgAAAAAAAADEiMAqAAAAAAAAAMSIwCoAAAAAAAAAxMhmGL1dBQAAAAAAAADoW2zEVQEAAAAAAAAgNjaDlFUAAAAAAAAAiAkZqwAAAAAAAAAQI8ZYBQAAAAAAAIAYkbEKAAAAAAAAADFijFUAAAAAAAAAiBEZqwAAAAAAAAAQI8ZYBQAAAAAAAIAYEVgFAAAAAAAAgBgxxioAAAAAAAAAxIgxVgEAAAAAAAAgRjYvkVUAAAAAAAAAiInNy1AAAAAAAAAAABATXl4FAAAAAAAAADFijFUAAAAAAAAAiJHNyyCrAAAAAAAAABATXl4FAAAAAAAAADFiKAAAAAAAAAAAiJHNy9urAAAAAAAAACAmNlv6sN6uAwAAAAAAAADEj0sdz2IxDFJWAQAAAAAAAMCvpKSkw3msPVAPAAAAAAAAALiqEFgFAAAAAAAAgBgRWAUAAAAAAACAGBFYBQAAAAAAAIAYEVgFAAAAAAAAgBgRWAUAAAAAAACAGBFYBQAAAAAAAIAYEVgFAAAAAAAAgBgRWAUAAAAAAACAGBFYBQAAAAAAAIAYEVgFAAAAAAAAgBgRWAUAAAAAAACAGBFYBQAAAAAAAIAYEVgFAAAAAAAAgBjZrkShFy5c0MWLF+V2u69E8QAAAAAAAAD6OZvNpvT0dA0ePLh31t/dBV64cEGXLl1SWlqabLYrErcFAAAAAAAA0M+53W5dunRJknoluNrtkc+LFy9q8ODBBFUBAAAAAAAAXDFJSUmyWq26cOHC1RFYdbvdSkhIkGEY3V00AAAAAAAAAAQkJCT02nCkvLwKAAAAAAAAAGJEYBUAAAAAAAAAYnRFL66FNwAAIABJREFUBkJlGAAAAAAAAAAAVzMyVgEAAAAAAAAgRmSsAgAAAAAAAECMyFgFAAAAAAAAgBgRWAUAAAAAAACAGDEUAAAAAAAAAADEiIxVAAAAAAAAAIhRXGasHt70Lf30nQgTbGkakT9Bt//97RqfndqldbTNpfKVy7RZxVpW4lRGl+frbb56jlio52bm93ZlAAAAAAAAgKvCFQmsdo8UOSYUakRQDevPVKji8Fta9/RuffDP39UDN6b3XvUAAAAAAAAA9FtxHFjN1oQvzJQzPBW07oA2Pf0zvbP2P5X/REnr6QAAAAAAAABwhcXlUACG738Nw1CrolIKVPzPU7Tv2e16bdsxTf57h29Cnap2/0q/euNDVdbUyy3JljZCN35hjmY4cxQYOKCuSuVbNuiND06p1h1pHv86m1V36E1t3vyGKs66ZUsZphvvmRdxPtf+/6e1//WOjtdLKcNu1D3zZsiZEzpUQV3Vbv3qV69p35FauWVT2uhCffFLX9KEkPmi2QaXylc+qS05X9W3bG/oZ9vPSmm3aN7jX9GNqdLFA/+jdRve0ZFat2zDCjXnX+7x1dPgpWIAAAAAAABAN4njjNV2OJyabt+uXx+plEsOZUg687tnteLXNRpxy5c0p9CulNpTeucPb2jflmdVn7JM/zI+XZJL5T9boS01ozXlS19VgV2q2feWfrVlharcj+uJz2a3rOPUa3r2Z9kq/NIcfdPuVsWvN2v7lmel9H/XvBsTQ+b72S/SVfDFOfpmWr32vfUrbVlxWKe+tUzF+eZ8dYc36wfPvaP6EbfoS18tlN19RNvf+IM2rKhQ5bceV3G+GTKNbht8dm/Qz7InqPibX1BzTYocqdLFvT/Tsv+qkEZM0Zw5BdKR7fr1c+uUduVbBAAAAAAAAOhX+mZgVWmyZ0uqOKMaSRmq1Afv1Cpt8r/okeJ8meHMsRpbmK11//YL7TtyRhqfLrkqtPu4dMs3F+rvx/qKGluglPontOWDw3J9NrvlJVRuu77w+L/pdl+sdWx+imr/7Rfa98FhzbtxbEtV3HZ94fEnWuYbn6/sp3+gX7+2W9NLnMpQpd74xTuqzf2SlpZ81lf+WI2dUKjXnl6htza/p88+8VllR7sNgfUWaM63ijU+kPBaqf/ZUiHlztDj/pdpjR2rcaNf0pP/cbw7dz4AAAAAAADQ78XnUABGy/+JXFSK0oZKgeEClKvpS3+k6f5l/LPZPqXRI6R9dXVqMgwlpqXJbpP2/XqTCtK+oHE56UpUigr/aaUKA8v6lh4xWTcNC1q/v6wzNao2DGX45xs9XbcEz6dhumnyCP365d2quDBZk2v26r166abpt8oeXDeN0JTpo/VW6R/0wekpmp4d5Tb4p+QWKDclaL1nDuvDemnc9FtC1pNSMF3T7e/p1wZDAQAAAAAAAADdpY9mrF7U2VORPm9WneuMTp09q7OHK/TBhx/qyFlJqtVFSRmJN+qeOeN0fMO7+q8fvyvZUmR3jNP06dN1U0G2QkZFtSVGWkFrw+xKD/soY0SupPd1pkZSc7PqZVdOduvy0u3DJB2R66KkwCgEHWxDW/W46FKN7Jrcaj1psg+LblMAAAAAAAAARKePBlZrdOaspNwc2X2fuPb9Qs9v+FA15hufZE/PVu5Nt2jc+9v1ftCSGYX/pKWFF1VV8aHe+8M72nfkPW35j/f0q9wZeuyRyW0HLmOWovQUSc3RLxHtNsQmUbaUTi8MAAAAAAAAIIK4HAogUI7aGAqgcp/eq5eGFeaZj71ffE+l//Wh6m+aq+/NLpQ9kLR5Rm+9v13vywh9vF5pGnH9rbr/+lt1v5p1ZvvzWv7yr7X92K263yHffOHLtP7ckKSai6ozDAXHLmtOHZc0TEPTDBl1iUpRjarONMkYFppNerHmrKQRyrYbMi5Evw0R65dmlz3ielw6c1zS9d3XLgAAAAAAAEB/Z+3tCsSsvkJbfrld9bbr9fmbfM/Pn63UEUnjbgkOSEo69Z7eq2n5Z3PFy/r+o0v0cmVwgYlKTwt/mD8GH20PWYfqj+itt05Jows1OkWS4ybdkiK9/9a7qglZ8JS2v3VESrteo+3Rb0Obsgt0U1rr9dQf2a7t0SwPAAAAAAAAIGpxPBTAWb332y06FVTD+rMf6sMjtXIrTbcu+KoK/fHQYaN1ve1dvffLHytlxt26Pq1eNe9v1+v7Tqk5aPnE0eN0vW27tj//Y138/BTdMiJNtafe1fbffihb7pc1xdGJaqbV6K0f/lin7v+cbko8pe2/3a6P6nP15dm3+MZedejzX79V+55/WT/88Snd/7mbZHcfMeerSdOtC6ZrRAzb0LYRmv7VW/Ve0HpSat/V67/+ULWd2CwAAAAAAAAAbYvLoQDMpet1/L13dTzoc1vyUOXedJc+d/d0FdiD1pN2k+YuqtN/r39d75T+XNttyRqae4v+4dvfkP3d72v1u0dU1XSrhibm6cuPPqSh61/Wjt+W6n3fWKZ5tz6oR+8v0FDDMIcf8NXCCBkKIPxz37/HzdKivD/q5/9dqvcapOTcm/SPD85W4dCWYQyS876sR7+dq5dffl0vr39PbtmUlner/vHBz6swO9ncjqi3oa36+dfzKf33enM9Sh6mcff9o2764//V733zAwAAAAAAAOg6i9HN0bZjx44pPb0Lj9YDAAAAAAAAQJQuXryoUaNGdWuZJSUlHc7T98ZYBQAAAAAAAIBeRmAVAAAAAAAAAGJEYBUAAAAAAAAAYhSXL68CAAAAAAAAgHhGxioAAAAAAAAAxIjAKgAAAAAAAADEiMAqAAAAAAAAAMSIwCoAAAAAAAAAxIjAKgAAAAAAAADEiMAqAAAAAAAAAMSIwCoAAAAAAAAAxIjAKgAAAAAAAADEyNbdBSYnJ6u2tra7iwUAAAAAAACAVpKTk3tlvd0eWG1oaNA1w4d3d7EAAAAAAAAA0MrHp0/3ynoZCgAAAAAAAAAAYkRgFQAAAAAAAABiRGAVAAAAAAAAAGJEYBUAAAAAAAAAYkRgFQAAAAAAAABiRGAVAAAAAAAAAGJEYBUAAAAAAAAAYkRgFQAAAAAAAABiRGAVAAAAAAAAAGJEYBUAAAAAAAAAYkRgFQAAAAAAAABiRGAVAAAAAAAAAGJEYBUAAAAAAAAAYkRgFQAAAAAAAABiRGAVAAAAAAAAAGJEYBUAAAAAAAAAYmTr7Qp0n4N66RvPakfwR6Nm64ffnaLMGEqp3v4jPVZ6TKNm/0CPTuloSf86b1PJz+fouo4L1/LHS3WsE/XqOTFuEwAAAAAAANAPXR2B1YMb9OCzO1p/fqxUj32jKqYAYeaU7+rFKd1aOwAAAAAAAABXmasgsFqt7S/7gqq3PaIX51zX8vmPHteGYzu0csPNvs8jZGP6grL+DNVIGav+z0yjNOcH31XEZFZ/Rmp783SodebtbY/8XF/xbdbBDd/Qyh3Bn/nm92fBBmXFzhlZqg2+gsIzcKPapsD2KGzfAgAAAAAAAP1b3x9jtXq/3j0m87H/kMBfpqZ89xHdJkk79uhgZ4sPCUBK0jFtePxH2l4dPudBveQLQt72SGeDqtXa/qOw4Qwk7Xh2Q+z1P9YSVDX/+YtAnaPbph1a6Q+qmpXQS53diQAAAAAAAMBVJu4yVpvXTItp/sTPfd0M/o0cHmHM0uv0d7dJO3ac1Olq6bqYg50H9dvSYwrO6PQHJd/dX60pgSEDTupXP9ohM777g0B2aewyNeW7P1fLSAT+rNvO1N9fZ38Zx3TSJSkz2m1qyYr1Tz/pq0SsbQQAAOJL4vy3e7sKAAAAQJ8Xd4HVuFJ9WicladQk3eALaoaOwery/feYjvlSO0cO755XUvkf+e+0QJ0zdcOkUQpUMOptuk1/5wsQZw4fKSk4wxUAAAAAAADo3+I2sBp1JkX1do2SdOzkaVXrOmX6sjzfnfQDPXrDfv2qg+Bk9emTXa6rJGnUKI06dkw7Xt6uz393SoTs2Wj4s0tHac4Pfq4X5/j/3d4ivkBpDyLLBQCAvomnTgAAAIDu0/fHWM28QbeOknSsVI9tOCgpU1P+abZU+rgeDIwROlKhiaTmo/VStfbvbCdqmTlcI2WW/Vv/+KIHN+jBb3xDD24IHnD0NpV897v60m1h88YqMF6sP5vUpZNtVO+kuQGq3r8ztlzSqLcJAAAAAAAAQFviNmM1epmacv9t2vDsDmnHs3owQobqqNl3ynyqPUMjR0k6dkwbHv+GNnRY9nX6/OxR2lF6TDue/UbQS6VGac6d10lhr5S67s7ZGrWjtOOs1WOleuwbpeGV1A//qZ3pPhk5oyQd07HSx/Vg5Fm6dZsAAAAAAAAAtNb3M1Yl6bo5evHnj+i2Dmc0s1lHBf59m0oeaX+pzCnf1Q9njwr57LZHzJc+RZhZ/zx7VOezVv3Lt6xILz5ymyTzxVLmLP+kOSGzRLPd4auJYZsAAAAAAAAAtGIxDMPozgKPHTuma4YP7/Ty/rG/um8cz4N66RvPSr433AMAAPRX3X+dBQAAAPS+j0+f1qhRozqeMQYlJSUdznMVDAXQkev0lZ//vLcrAQAAAAAAAOAq0g8Cq+0zDEN1dXWqq6uT1zA0YECSrNaE3q5WRF6vV42NjbJYLBqYmqrU1FRZLJberla3oj3iC+0RX2iP+EJ7xBfaAwAAAEBP69eBVcMwdOHiRRmGV8Oys2SzJcocGcFQ9w6Q0HXm/ZZFFovkdrt1/vwn+uTCBQ1OT5fVenUMlUt7xBfaI77QHvGF9ogvtAcAAACA3tCvA6v19fUyDI+ysrJkGIbcbre6ecjZbmexWGS1WpWZmaHqapfq6+s1cODA3q5Wt6A94gvtEV9oj/hCe8QX2gMAAABAb+jXgdXLly8ra1imDMOQx+OV1xvfN2EmQ4Zh3owNGTJY1edcV82NGO0RX2iP+EJ7xBfaI77QHgAAAAB6Q78OrHq8XiUmJqq52S2Pxxv32S1+hmGOw2az2eTtI3WOBu0RX2iP+EJ7xBfaI77QHgAAAAB6Q78ezCshIUFer3kD1lduwiQF6msYhhIS4vPFHJ1Be8QX2iO+0B7xhfaIL7QHAAAAgN7QrzNW/W/g7Ws3YpL6XH2jQXvEF9ojvtAe8YX2iC+0BwAAAIDe0K8zVgEAAAAAAACgM/p1xqoU+hheV3k8bl2+eEHnPq7S4T/t0fvvbtPZv55Sk9sjW1KyrskdrZuLPqe/K5qqwXZ7t9T7atOd7dGT+mKdo3El2sP/uG4wi8US+OsOtEfH6K+6jv4qvtBfAQAAAOhp/T6wKhky38zbuZsawzDkaW7Sx5WH9b/lv9eBP72vs+eq1Vh3SfJ6ZbVaZLNKRnO9jlf8ryoP7tef9/1RXyieo0/nXy+brXNNYNb3arwRi709Ghsb1dTUpOTkZCUmJraa7vV6VV9fL0lX7I3LtEcHpRiGZHikxnOy1bytRNfvZLv8gSyeRnkGjlHzkClqzvyCvKkOyZrU5YAF7dHG0vRX3Yz+Kr7QXwEAAADoWQRWJfnvwTpzM+b1ePSX/e9ra+mLOvGXo7pQ75bbsGhgcpKaZaipwSNbgkUJVinBapUhj/60c5vOnj2juQ/9q8aM/UzM6+yuLJl41VF7GIahxsZGNTc3yzAMvf/++zpw4IAmT54sh8PRav76+npt3bpViYmJuuuuuwKfWywWJSUlKSmpazfG/b09oivELevF/UqqelFJ534ji/tiYJKt/q+y1eyUzbVNjSO/KU/GFBkJKZ1eFe3RNvqr7kd/FV/orwAAAAD0pH4fWDWMrj0++En1Gf3+f/6vKo8cUqPHqkaPRYm2BFkkpSQlyuOxqN7tkcfjlcViKDFBslktOlbxgbas/YXm/9sTGpqR0Yl6G+piUk5c6qg9vF6vzlZX6fCJXTpXUyW3263qv3p0vsajP37wG1WcbD1ssLvZ0Mdn3LJYpDfKfhb4PDExScMyrlXeyL9Tlv1TXXojc39tj+gK8cpSV6nEE+uUePp1yXNZRqvhnZtlq94leaQG21B5hoyXLLRHOPqr+EJ/FV/orwAAAAD0tH4fWG0R+12N4fVq/x/LdeB/98mSkKjLTYaaPNLAlAQl2BJkeA0NSEqQxSI1Waxq9njU5DZkJBhKHpCoP733rra9+Ya++OWZMT5ia9b16r4Ri7xx1a7T2r3/v3Wg6n9U31wtWQ0leK+RdXCWTtSfkNH8SYSibEpIHS3J0P6zBwMfWyxWDazO1vnav9eEz8xQxtBsWa2deZ9b/22PqLgvK/H0m0o8/XupsUGG2gpAGLK6/iRb2u/kGZgvJQ3t5Appj4hL0F9dQfRX8YX+CgAAAEDP6OeBVSPw5890iUVTY4P+tKtM9c1eedxeXWryKinBqkEpiRqdm6kDR87I6/WaM1ukpMQEyTDk9UqyGEqyWfW711/TlOl3yp6ZGcOaLUFjsl1Nd2Ptt0dTU5MOHntXx12/lSXRpaHpVtkSJYvOSjrrmyvSTbAh6XDE6YZxVq7GP+jjszdpSHpmJx/L7J/tES1Lc60SzrwjXXK1E6TwaW6Utfp9WUbUyJs4pFProz0io7/qbvRX8YX+CgAAAEDP6+eBVcn/ogvD8MacMXLxkxqd/espNXqkerdXVouhQQMSNDo3S3dMzldqcpLK9xyVDMkiye025DG88ngMWSyGPEaCThw/rqoTlTE+XmvILPFqvAlruz1qamp0qeGAkgd8rKxhNg0cZJUtyaKuDFFnGJLhPq0LF83HdDv3eG3/bI9oWd31slw4LqM5uuw6y4VTUvOlLoyRSHtEQn91JdBfxRf6KwAAAAA9i8BqF1y+eEHNTY2SJUEpiRaNyB6qm/92tMYXZCvbnqq7p92gnGuGaN/+KlWd/kT19c1qckuN8sjtkdwer6yy6uihQ/rM3xbGlH3UHx8brKur08DUeuUkW2TPsCk5xSqL1bwl7SxDkuH16HJVY5dedtIf2yNahiEZTZLRHF0QyGi2SN6urxOh6K96Fv1V30R/BQAAACAW/T6waj4y2LmXRyQPHCRvQpJsVunTeQ7d/+V7NSYnTUZtlbzuBqXYBmjKxAJNHD9G51y1+vjMJzrruqjqmku6cKleJ89cVMWxanm93phvkq/Wl1201x6GYWhQSooGp2RoiN0mW2L3rNOiRFWdTuzSC0/6Y3tEXYZ1gIwBI6VPPo5u/sRPyUhI6WLgiPYIR3/V/eiv4gv9FQAAAICe1u8Dq1LLTU2sN0aDBg/VgIFpShxwQbff80Xdctvn1Fh9VPUNLlktVsmSoCZDSkiyKCdnkHKvvUbyetTcUCd5GnXgL2e1+CdvyvHpvEA9ouPPebo678Taa49PZTyoUaOWd8NKvFJznYz6C/JcqlbTxd2ynnxH3kGZsqSPkJE0SBarTbJGk7XUf9sjquVtA+XOvEWWMwelpsvtz2yxyjPkRnkTh3YhUEF7REJ/dWXQX8UX+isAAAAAPanfB1aD74VivTFKGpCsMePGa2jaAI2/5WZZEgZICcmyJg2SYbVJFmtg+LRmw1Cz2yOvx5CnyVCixZDH69WIkSM1ctSoTtyUXZ03Ye21hz9Dy+v1qr6+XhcuXJDNZtPgwYN18eJFNTc3y2KxKCMjQzU1NfJ6vUpLS9PAgQNVXV0tt9ut4cOHy2i8pKaTf5S1arcs7gZZB9o1JjtdFsMlz+kjch9xyZOULmN4oYys66UB6WZbtl/z7t8ZcaAr3w8/r22gmj99tyw1J5VQ+XvJ0xR5RkuCvFlj1Zx7p7wDBncpA4z2aI3+qvvRX8UX+isAAAAAPa3fB1YlrwzD26nHWyXp5qLP6k/uC7JZPLJYrbIOGKSE5MHyNiWEBCoMGZLHI7kb5W1ulLxe1dS69aVZX9GQofZOPlp7Nd6Mtd0ewYGKv/71r9q1a5fS09M1YcIEvf/++3K5XEpMTNTtt9+ud955R3V1dSosLNR1112n9957T+fPn9esL92l5gOv6WLF75WRe4Os9nxZLBZZBgySJWGAEgbnKMnrltv1FzUd2KLmQSNkjPk/kn20ZG3769If2yNahiRj4AhZCoqlpiZZT+2Vmi4FRUEsUuIAee35chd8WW779fIa/iU7h/aIjP6qu9FfxRf6KwAAAAA9i8CquvbiiBzHp9U4vkjV584pLeMaJQwYpITUwS0zBF72a8hIcJs3T9YEuQ2bUodfr5ucU2N6CUxona/OG7H22sN/A+pwOORwOAKfT58+PWS+L37xiyHL3HnnnVJTrTx/Wi/r6T8r89M3SoZXFm+zZLHK6/qLLClDZVhtslgssiYNUlLOjVLlbjXv+YWMv/2qNKygzWBFf22PqMuwJKh52DgZN39TtkGvy1q1T5ZLZyWvR0bqUBnDCuS+7gtyX/O38tpSuqnOtEc4+qvuR38VX+ivAAAAAPQkAqs+nc0YsdkS5Si4Ud5LZ+WuvyQlJishxS4ZkuFukiwW312TIa+nSWpqkMVilZGarU8X3qjk1NROZqpc3TdhkdrDn/3l8Xh0+fJlVVdXKykpSXa7XS6XS83NzUpISNCwYcNUXV2t5uZmpaWlKSkpSRc+qZH9498otfI3SnRMldFcK8/5k5I1QZbEFBlej9R4yQxaGIa8n1TJOvhTShx+vbwH35b7z5tlTFwoDcxqq8ZXfqf0oi5nVLkbZP3kuCzn/yJjYJY8+dMli02SRfI2y+JtlPXMB7Kd/4s86Tny2vPlHZQdxSPNbda483XtA+iv4gv9VXyhvwIAAADQU/p9YLXlDcKdvxFLHJAiq224GpvrlGRtVkJymiRD3qbLLekzhlfeBvPxREviIMk+RoMGZ3fhrc7dk5kTb9prD3+gwuv1qq6uTmfPnlVqaqoGDhyo8+fPq66uTsnJyRoyZIhqampUX18vSUpNTVXDqT1KPP7/ZEtJk+qOy5J6jRKGjpDF2yA1NkmyyGi+JHklWQxZklKk5suyJAyQNS1b1hPvyDPi72Tk/5+IL4jpj+0RXQFeJXxSqcS/vCVb1XuyXjpjBu+SB8sYkCZZrLI0XZLqamRpuCBZbfImD5F36Cg1j5qi5k/fLsOW3Ml6x17deEd/FV/or+IL/RUAAACAnkZgNegmrCsZLt6EJNV7PLK63UpKTlJC8hBZrUlm1pe88jY3yTAkiy1FxsAR8g4cLnMww84GKry6GrNcOmoPwzDkaajXgEvnlTN4kBKaGmVralB2draam5tls9lks9mUnZ0tt9utlJQU2RKsGmz8r1KSG2Ud/GnJaJTFWyfDapXhcUtei2RYzKbwmtl6kkWGp1Gy2GRNHiR5m2Q59Lq8js9KSYMi1Kt/tkcwq9Xaap6EMx9qwJ83y+ppkLKukydnvCyXq2X96z5Zqw/JIkOGxSpj8Eh58u+QkWqXpeGCrOcrNeDDTUpwHVXDjbNlDBwWKNNiscjr9XZQb9qjPfRX3YP+Kr7QXwEAAADoaf0+sNp9LPJYk3XhUrWGWKxKThsqrzVB8jTJcDfJYnhltSWq0T1IntRrZElIljmgIWJhGIa8Ho8aT1bqkz+WK3GEQ4lDM3T2Qq3q6+uVnJyspKQknT17VvX19crMzFR6wkUNrt8vW0qi/n979xoj13XYCf5fVd1sdvMpkZKoJ0XZMePIluPYpu2MRTLO7MTJUvB4dqgdiII1H5J4EWD9QRIWSrzSYiXI8QK0ZpHdnYU8XixkWMKsiIwzEDMbz2YcivZYsSzL9tiywNhWWw/LLYmUxFe/q2o/VFV39aO6+zZfze7fDyDU6qq+deqeqnPP/d9zzq2vXpVSyqlVjycpp5Su1FNujPxq/qvXGsOH6vUkpUqSekqVrpRe/3FKx46kfuUHLug+WIqqpZM5Pt6f7vK69HZtTildKSUZv/L6jF72Jzk59mLeHPtpRmvH01d5Z6746L/Ipm/+3+n62d9mfPsf5NhHb81rI9/LUPVoespX5tLu3VnbdU3Kld6UKj2plwZTz3gGx1/LeHUoays3pFJfc6Hf9kVMe3U+aK+WJu0VAABwtghWc3ZGgDWUMnz6RH7xwrO58t0fyiVXvSPdpaQ2PpyRt1/Lmz/9YUbHqulbuzXl5Izm/tXrrZFKy22US+f6mJhaWyqlXq6kNnQ648NDqVZrGR0dzdjYWJKkWq1mdHQ04+PjGR8fT2X05XSXB1PpqiY5nVqt1LgBT70rSSWlejn1eiM0qqWUVGupV9McCFZOxodTSlKujqb2xvOpbfmtmaVegfXRbjzD+cWp/5DXhp5KX+WKdJfXN0Zq1cczXD2W4fGjGaufTr1eTbm0Kpf0HM77f+euXPbuT2bgirX54ZsP5a2Rf0i9PpZSqSvdpTXp7dqc1V2bU0pjZNlo7XiGqq/nqr7d2b7uX6Zc7+tc6hVeHwujvTpz2qulRXsFAACcXys+WK237oB9BkFFvd44HRqvJ5VKKaWTL+f5/3gkfVe/O5dcuTWjgyfz9ks/Sc/Y0ay5entOjdWyqqua7nIp5fLiR4EtxzXZ5qqP3t7enDx5MuPDQ0nfmnT/7j9Nd3U8ldSyYcOGrF69Ot3d3SmXy9mwYUNGR0fT29ubnqHBlLtqKVXWJaWRVDKacrpTL1VSr5eTcjm1eimpllNOKfVSUivVmyPBKqmPn04p46mXSykNvtbxc7LS6qNdpdSbSmlVhsbfyND4G3Nus1ofztHhH+SZow/m5mv+1zz1yu0Zqh5te83RjNRHMzL6VjL60xl/31XuTTk9835fV3J9zLcN7dXZob1aWrRXAADA+bbig9X2ESKLCSrqSYZqpRwbLefYaHL18Fi2XnVN+tYPZeD1F/Piq/3p6unNxo1rcsWll2c0XfnPAyfz2ngp164r57qNPbmktyuVAoFFafFLHV4EOtfHJZdcktdeey1HT57Ope94d7aUJvfZpmlb2bx588TP3eOVlMvjKW+8MaUrfj+1X/77lIbeSL02kiSppTvl5s2ca/X8EGXQAAAgAElEQVRyUimlXE9jem2tlFL1ZErlWspdpVRnKddKrY+WUqmUSqknG1e9M5ev/mDGaqcyVH0jw9Vjc265WhvJaO3ElJBidqWsrmxKb9dl6S6tyYbuG1IudTfGd81SppVeH/P9tfbqbNJeLS3aKwAA4PwSrE6MbqkVDirGk7wxXsnPhyv55XBXtq3vyuZaOV313my++qqsf8eHc2JkNCmX0td7abpH30zX6dezddMl+bd/P5gXXnw1H7p6XXa/c2Ped9W6rOtZWHW07ny8PKcNdq6Pcrmcq666Kq+99trE6K5KZeYdr2cYTdaXu5KTz6W+9fbkXZ9N6dRPUhp8NamOpZRK6se+n/rQW6lXmolFM6yo16pJ/VSyKqmPl1Pv3TDLlN+VWR8tlVI1PaOv5NdHe/Luyu6crgzn1dVD+cngf8rx0f6OW67V60m9lFpt7v12Sc878+7eXbmq2pe+9KQ+koyVfpnhytWNkXvTS7zC66MT7dW5oL1aWrRXAADA+SVYzdQ7CS/USEr5yWg5r9RW5e1aOYOpZ1ullK5Lr0n9eDXV7t4Md12SoVf/95SrL2Z07a70rPtwei+9MX3dm1LJz/LT14/n1bdO5ccDb+cPfuOy/MGvX55Nfd0LKG8WFaxcLOaqj3Xr1qVWq+X48eM5ffr0vHdbTpJTtXo211ena+zV1F74PzKw9tYMdW1LV+WGrOoay8ax57O6frox7bZSTi2l1FNujDCqDiWVkZR6Sql1dad66a91CCpWZn2USqWsqr6RtS/+q3S/dSil8RPpW3VZNlz2TzO26Z/lO6/t77jdWrmWej2pjs293951yZ68+9hz6X7jYMpjR1Pv2pjRTb+b+tbPZTCdgqOVWR+daK/OHe3V0qK9AgAAzqcVH6xOrsm28L8ZT/LMeCX/kK6sXlXJYL2et8bq+fYbp1O+ZH3ef9lNKQ0O59Srf52rRv6vrF5zOoNDT+X46ffnzb5PpL7+4/knN1ya08cvyzO/OJqfHz2Rx54dzli1lv/mvVdmw+q5q2U5n3/NVx/lcjkbN27MmjVrMjw8nGq1Ou8JaXf6UjtxXTJ0LKWTP07lzWN5e/j6VNOXjT2ns6Hn5ZRyMimXU6qXUqqUGjeFqY2lVh5KVif1rnJqPdelunF7hzIvTwv5fnSPHU3Xq99IvTrYuGP58LF0D/5lrrvub/Kt4f+l49+NN0eXjQ1X5yzDNas/kK6XPp+MH08t5SQn0jX0H9N1zX+feml9hzIvT0utvfrUe7bkkt65w9WVXB/aq/NLewUAAJxvKz5YTabe8GIhXih15fvlrmzu7c7bI/W8Vq+m2l3K8Wopj//ydH7yei0frr+WG976SjauL6VUrWd192tZW/r/cmr42bx16q/z/p5P5vqdv5s/HR7JL15/O6+fPJ2/+i+v5PK1q/KP37k5PV3lBZZ7+VlIfXR3d6e7e/7Rcg0bM1j+3VROH8mq8ulc3j2QdZU3Uksl3aVkVUoplcpJyklKSeqplKqplcdSXlVPqVJKvauc01f+Tmrd6zru+BVbH9VaaifHkrTXx+n0lDdmfI4QYqxUTeqZ8zlJ0lNan/qJwdSnbH80qdWSSue1FFdsfUxzLturDau78l//+uXaK+3VkqG9AgAAzifBatsdhBcSVJwoVXK4VklXb3eGU8rLtfGcLNXSXU5KPaWMZlXePjqQsRN/nSu6f5LaNf9j6iOvpnLsQHrqr2ZVz+tZv/obOXbqO9mw9l/ld379N/PIyaFUT4/mpaNv52s/eCVXr1+dm7asTanU+QYxjXXeluOZWLH6WIiRkZG8Ofqu1Md/P5cOH8qVa45nTddoGmP5So1/9erE7iw1ltJLuZLUy6XUy/UMr78pQ5fvTr1xZjzjNVZyfdSrldSH1iT18cnfVVZnrDqc0aHOU5/Hm1Nr53pOkoyNj6Q2siGl6vDkL0vdqdfKqZdnL9dKro9257q9+qsfvJwbLu3TXmmvlgjtFQAAcH7NP8xohVjIOXE9yc9SzvFVXentquRX1VoG6uM5Wa7lZLmeU5VausdP5tI3nst1J/5D+qrjKff/vyn33pTxG/63jG/4dDK8OatGqrl8zWjW9Pak1tWV9HQl5XJqY+P53s9ez989/3pOjc49Kma5O5ujd37603/I977/o6zd/i9y+qo/yi9ObM5wdVUaIUXSqNl6Ss1/KdVTKtdTqjTCimrvVTl55b9ItefKxi2cV6C56mOsa1PGNv6j1AZ7Uhtcldrg6oxe/U/z41f+KmPDtc7/Rmqp1+pzP2e4ludf+9uMbfmDtu33ZGzT7oyV163YdQmXSnv1X/qPaq+ivVpqtFcAAMD5ssJHrE7ePbher897Y5HhUjm/KJVS7q5krFTP0dRystw43e0q1VOpjWfjL3+RK984nC3rj2V8+30pjbya8nP/a7o2viu1Kz+R6toPJANfyonadfnx6ffkif6BpJ7Ua/WUarWMjY3m+Vffzhsnt2RN9+y5d7lczuRUx+V0olasPhZq4Fe/yrPPPpuXX3klv/+J30v3pf88r574y2xd91oqpbZAqDGrNqVSM7oodWes68ocv/SfZbj3N9IYVDSzTCu5PkqlUoZXbUrlfZ9J1+prkxOvZvSS6zL0zn+c7/3oz+Zcj7DaXUu9lnnXLPz+S3+dG7bfk76sSffbv0x947Wpbt+T4fLa1GszR4Ct5PpoN3Ie2qvxsar2Snu1RGivAACA82+FB6stC5vG+VY1eatUSk+pnOF6PW/VajmdesrlpFJP+o69ng0vPJN3jf8wfV3rkxefSunqj6T2jv8ueevZlPv/n1R6VmdkZFVeXPVf5dGXT+TE0Gjq42OpjY6lNj6eerWUV46ezFunRnL9pb2zl/YsTjtdms7u+yuVyhkcPJ1XX3klf/mXf5mbP/bbGez+/awtP5uN5VdSHx9OtZbU6o3RXZVKUu7ekOHeG3Nq3c4M925PSp3XR1zJ9VGv1zNaTaobtqdn53vy1qkXcuTlr+f5Z+/JW6denHPo2PjqRggyPjJ3IPXqGz/JYyP/c9593Z6867f+22zovS4jI2OpVmcPOFZyfbQ7XtNenR/aq6VFewUAAJw/gtVMnkvNd3IzXqtndLyWkWo1o6VSTlXrGarXU07SNTycdf/wk7xz4O+z7fJj6bp+b9JdSe0Xh1PuXp36Fe9JbfN1qf/yr/LqyJYczrV5+tUTqQ8OpXrydOojI0m1nlKtlEo9Kc1xctiY3bl8T8QWWh8LtXHjxoyNjWV0dDRj42P53rM/zPved1N6et6ZzasGUh47npHxUkar5YyOjqQ6fDq9q7dl9SUfSLl77dRCzUJ9JOPj4ymPJf2v/ud89/lHMjTy9rzbrY41tjc+Nt9Iv1oGjh7JyVNH07vq0vRefWXGx8c7Plt9NFRrtYzWtVfnmvZqadFeAQAA59OKD1br9ckRI/OdGG8qVbN9fDQ/OF3O0VVdGRyvZbRWb6x89+bbubT/R/nN2s+z6dRrKf/4b5N3/qPUt/5uaiNvpn70ZymPvpmTw6vyo6H35m9PVHP87ROpnhxKfWg4Ga+nXO7K5jW92fmuy3Pl+tVzjLoptd35+GzvkQurSH0s1DXXXptNmzfnF/396VuzJi+99FI2bNiQ3r7fyFDt1/L28bdz/PjxRpgx0pOR4e6sX1/NO+pvZcuVq1OpVOYps/pIknqtlNXdl6Sr1Jt6bf6gonHDlllnK8+qq7wmPV0bU6/NHZqoj4aNqZ/z9urSvtXaK+3VkqG9AgAAzrcVH6y2Roos5KR4dSl5f7ma9WNDeXasksGxesq1Wo6XSqmNjqderWe83JN6rZTyi8+mPvCzlK58V2rv+Ehy6Y0Zf+Fv0n90Vb41sjk/Oz2W8cFaumulbOzry8YNXbl6/ep8aOsl+cgNm3Pp2lWdS1xvlfns7IGlZeH1sVAbN27MRz7y0Qz86lc5depUxkZHc+zYsRw7ejQ/ffPN/OLFF/PWm29mbGwstVotq1Z154rLr8iaNWuy+bLLFhBUqI8kqVarueLS92TLpt/IqeE3Uqt1HqVVVKW8Kldtvimb1r+r45TaFvXR0HMe2qv3X7sxH3vnZdor7dUSob0CAADOL8FqkiInY2tLyXtSzTX1am6uJL+o1fNKNTmxujdvb/m1/Psfv5yj43352Npf5rrxgZT6n0n9Vz9N/bKrc6Lck+8ff09Orr08H7n2svRVKtmwqpLLe1flqg092dTXnU1rV2V1d6VxX5KOU2tLy/xGF2c3rCiXy3nve2/K+Nh4/u7QN3Lq5Klcdtllefvtt/Pss9/LyMhIqtVaqtXx1Gq1nD7dGJJUrpRTqVTmLYf6aBgfH8+aVVfmg9v/ZQaH38ov3/h+6nPuk4Xtr3Kpkmsv/0B+61370rfq8oyNzR2AqI9J57q9unTNqvSu0l4l2qulQ3sFAACcP4LVTE4bXOiJcTnJpaXk0kpyXTkZrdczvqonpz/yW3lhY1++98Pv5+9/2Z+bL309u9e+nMvHfpX6az/PC13vyfG178wn3/eOXHLJJamUk65SKV3lUrorpZQai60l9XlO75p3Pl6eitfHQvT09OQDH/xgrrn2mrz++hvZdv31OXHyRAYGBvLzn/881ep46vV6SqVSLr/8irzvN38z73jnr6VcLs1bDvUxaWxsPJvW3Zh/suN/yg9++m/zyhvPpquyOuvXXJm1vZdn9ap1qddreevky3n75EupVsfT070277zm49m49pqUSqUMjZ7IqcHXcuL0QMZrI7l+y4dz0w1707fq6oyOjs1fYvUxhfbqXNJeLS3aKwAA4PwSrE5Y3IlNdynpLpWScrJ+w7pc8aEP5D3v3p4fPfd8/ubvn8lfv3ZF/uDKY7l+zWCePLEtl91wfa7fsinlcvksl3+5Ofsnmt3d3bn66mty1VVXp1QqZcPGjfnne2/N66+/nmPH3ki1WsvatWtz5ZVXZt269c0ptaWzXo6L08Lqo16vZ3ysnt7Ktdl50/+QlEdSLnelUurJ6Oh46vXGHl3duyovvfbd9PZsyCdv/le5fstvZ2R4NEljBNeqnkrGayOp1cZSr67O+Fh9ATeNWUm0V0uL9mpp0V4BAADnx4oPVttvdlGrnfmJUKlUyvp16/KPPrIjN9347nzv+z/M13/4XFYN17P9196RG3/9XUlyRq9VKpXTGpmz3Jzt+uj8Oo19t3r16lx33XW57rrrZn3OQvax+pipVqtlfDwplSpp7JuhKY8PD4/lsnXvz/hINVes/1COv316yuNDQ2mOiOxKvT7/qK926mPhtFdnRnu1tGivAACA823FB6vJ5MnY2bZu3brs3vmxfOD970u9Xs+aNWvmvbHIQpztaadLzbmqj3NFfcz1t53/bmRkZNF/O9/fqY/itFeLo71aWrRXAADA+bSig9XGGnXJ5FKB5+bkZu3atVNe88w11jecWONwmThf9XH2qY+lRX2cCe3Vwvh+LC3qAwAAuBBW9MJ51WotXV3lVCrllMsXz0lNqVRKuVxKV1f5nE4/Pd/Ux9KiPpYW9bG0qI+lRX0AAAAXwooesVopN2720dPTnbGxxo0qarValupAl1IpKZfL6e7uSk9Pd5JSKpXlU4XqY2lRH0uL+lha1MfSoj4AAIALYUX34teuXZsTJ05n/fq+1Ov1dHWNZXy8umSnEJZKpVQq5axevSp9fT05eXIoq3tWX+hinTXqY2lRH0uL+lha1MfSoj4AAIALYUUHq6tXr87I6GhOnBjKunWr09vb03YittROxhprsHV1NW4mc/LkcJJKent7L2yxziL1sbSoj6VFfSwt6mNpUR8AAMCFsKKD1VKplHVr12Z0dDRvvXU6tVp1ya/NVqvVUilX0tvbl97e3pTLy2eZXPWxtKiPpUV9LC3qY2lRHwAAwIWwooPVJKlUGqNEjBRZGtTH0qI+lhb1sbSoj6VFfQAAAOeb4REAAAAAAAUJVgEAAAAACloGwepADtzal96+vvTeeiADZ227T2f/Wd/m+dj20ved/X3p7bs1B5bqmx84kFv7+tK7/+kOD9+a3r6+dHh4aXt6f+O7Muu//fnOhfpszrPPl6/m/j4n733xdXlRf8bPlfbvzpQd01aHffvznYKbta/bjuHTjgutfdPb15dbCx0w2rc589+tBwYu2H5f8sc/AACgkIs/WB34Zg4cbP588EC+6WSFJWbgwK1LJzTZcXeGBgczNDiYQ/cnyZ585YXB5u/uzocvdPnOiaezf6lexHj6cO5t/Xzf4cKhHBfI0y9Ofp7a65AzdDAvvtT6eSDfnDi4F7Ulex9vtmsvPJJbkuT+QxNt3+N7t5yV0i41S+pYAwAAK8RFH6wOfPNAnkjywP33JzmYA2ctWd2RuwcHM/T43izPUzAWa8vexzM0OJi7d8z/3IEDt2bbHYsNBy6E5fa5fzr7+3Yv2eDrO4fvS7InD9y/J8l9+aZQ5OLQdhFv4MWnk+zJLXsuaImWjXsPt74EL+XFg8kte87Nji3Sjl8MLr5jDQAALA8XebDaGtFyf26+e2ceSPLEgW9OG5nWPk1z5lTNxrS8yX+Toz2mT6OdOrVw//79U6YnTkwrPNCc0nym06kH2rYzY7pih/fU/Jv2KZMzpjtOmQq+VKcjTpvG2XHa7YV57zO2O62uJur96f0TJ7r37r5YprlP/dzP+rnu25/vtO/LKZ/zRdTdlJffP/V12h6a8l2d/t2atW4HcuDWZqh68I5sm/j9AspxXjydb96XZM/e3H773tyS9lCprZy37s/+WadKz/d4+6amtlfJmU5Jnquep0/Dbq+PaXU3fQmIOdu9peGW++/PLRMX8ZrHoD07MpHP2deLdH8euD+TI7ebI4F37Gjt2Tea77Xt+3oGS4hMaccn6uxAW9twaw48faBjezTX8aR9CYNOyxgc+GyHx+eslw6fhYvyWAMAAMvDxR2stpYBuH9nPpwdufn+zFgO4Dv7d+fe3J9DE1MC78vutpOR3fclDxwazNDgC/nKnuTe3bOHLAMHPptPH5x87tan75u1SPe+uDWPDw6m/5E9ycE78tXFnN8MHMitN9yRJ5pTF/sf2ZN7d08Li/Y8kv7p72nLzdm7J3nijq8230PrpP+R3L6j8X57d9+XWx55oTkV/GA+fcOFCpU6GciBW2/Ipw+21dl9u5snnkvxvQ/kwGfvyBOtMh26Pzl4Rz57YCDZcXfjc5Dm5+YiHho15XOd+7J7/9b0t33OPztRP53qbp7vYsvBHblrlse/s78vu+9rLVtwKA8cvCPb2r7Hs9ftlux9/FAeSJI9j6R/8PHs3bLAcpwPzeDolr03Z0vz8zvrcgAHn87Wv2i1UbN8bud7PEl23J6v7Gm/8DQZ6t5ceGjyfPXc9tjgoTyQg/n0Zw9kIFty896p7WJjxsGefOX2HfO0e0vI1q3ZkeSJF1/KxKjKvTuztfW4fb1oW7fuSfJ0XhpojQS+PzfvbD16WfbefX/aR3ZPzFjZeXba1icOJLe32vEczKd3v9hojw41Xnf3vG1OkoED+ewdB9seS56447PT9u3BZO8sj8977O/wWVhGxxoAALjYXNTB6vSTqg/v7LQcwH3Z3deX/S/tzeODM086GiM8XmquyTbbOpNtI2N3JMmW5gneTK2ybNna+O/TLxY/U53+vrbcvLdthFRz7bjHt+arfX3pveGOPDHxl82T6daJZzN4vmXvzdmSyWnHe5tn9439tcSmH08JyzMZmB74ZgaW8ntvjYi87u5luYbfLVuvSzL5uW7t19b/J5mn7lrm/i5O/m0jvGqsZTk9mGpeRGmGkIur23nKcR5MLfe0z2+7iffd4TnzPZ62x1oXntpD3aIFn6eeP3z3YIYGb89Lt/ald9oyDI22rDUyt3Xxo1H+udu9peTmyc9fa1Rl8/vRYF8v1nUT5Xi6Wd6tk4F1kuxozEyZ8p4mjstnwY6tjTq6bmtzXdbmfm/9f9NC2pwn7rghvbceyNa7BzPUvKgzafJvG2FyY23ZOetlQe0rAABwvl3EweosJ1XNk5/2E40P3/7IxAnRvbunTbtrjixKkty3e47p+41RSTNO8s6xVnlbAWJjhFRrKuDuPP3IC5M35mjasvfuiRPP1gilvVOGSR3Mp29obnd3Y9TtYsLfc65VH3035NMHkxx8MS8uyffeHrJPbn+5zcTcsbVAJDRr3c3zXVyIg3dkW3MKbKP6GiPbmg8uuG7PuBxnxcxRjK2QeupyAFPNd8FmrsfbQ5rpwdCidKjnxrT3G/LpHYeaoyjbC7E3d7VCyWkXP1pmb/eWltbIyi/uvy+zBXv29SI1L6g8cWD/rOWdclFletB4FtwyJSCfT4c2p7Xfk7Y2q9jsiDnrpcNnAQAAuDAu3mC1dVLVHHnWfhIyZTmALc0RaRPTmNun5c1y5+CJac3trktjUMn5PYFpLDvQ9u/uHW2jVg51GBXZOvHcn8+2jVCa1H4X+CV8h+S2OzhP3LF+qb73HXdPbO9Q84S605ISK8JsdZfM811cgNZyCxP/2keBFajbMy3H2dC6k3xbWNwKZ2ZdDqCpMT26c9A95+MTI9w+my8uemp6m1nruRUYP5L+DqOAW6P7vvjZ2S5+dGj3lphWcPpEpwtu9vUitZb0OZgnMvvneOp7OnvLABTXuc1pjCRuLc+QpOByI3PWS6f2FQAAuCAu2mC1NWWutY7Z0JSgZPLGIu03u9iy9/Fm8LUj122ZdvOKLXvzeDMVm3kyN32K7UAO7J99jdWzYeoUzllulpQ0p0gn3/lq+3T4htaSCE8cTB64e/Lu7tOXSjizG6qcI9PXmpzt5iRL6r1PvdnTh+9urNXbClumTJVf7uasu7m/i3Obvn7ytH0+Z902L4pMOJNynD2NUYwzA5RGWaZN5Z9YJ7PD1Of5Hp/QmqLeCK0WNTU9Wdh3tHkRauDA/inT05NMTOd+4uDB5P67J8LxBbV7S0VrqYp02o/29WJtnfjCdvgct7+ns7kMQAFztjlTbl62I3c3L9ouZDTsnPUyz2dhRR1rAABgCem60AVYnFaAMHMEzsRIogPfzMDevdn7+AvJrTdkd18rCN2Tr7zQHOGx9/H059Zs2903cUJ6yyMvZLZBO1v2/kW+cuBgPr27L/dmT77yyP3JwTMMVw/ekW19d0z51S2PvJDH9+5No9i703vf9HLtzV88ciBP3NH82z3354E99+Xep1/MQHY0Tt5b69BNP+nccXeGDiW9u29Ib/NlHzg0fe2386UxjfLT7b/a80j6H5+lziZGZO04v+/9vsn93/LAocHcPuU3O3L34KGkb3dbXd6fQ4N7p5Znd1/jpluP711cwHJR2DJH3WXu7+I8Pnz3YA6lL7snPjP351BrX85Zt82Aq/mZeeDQYO4+g3KcHc2RhrOEQq3RePcefnqyHdrzSLYe7kvv7g5lne/xNhPt4wKnpt/b1jY23J9Dg3fPWc93H7o/9+6+r/nY/Xng/oO5975G+Nd4xdbI8mmjDbfM1e4tNa330NqPnZdesK+LmdhvHaf4T76ns7kMQCFztTlbZj6W+w9laCEH2jnrZe72dWUdawAAYOko1ev1+tncYH9/f67csvju/Ni//niSpPtPvnG2inRuNO8K/MChwSVxMgosN09nf9/uOUKS+R6fReuu44KXc8++Pme+s7+xzrLj7+JcNP0sAAAo4FcDA9m2bdtZ3eZdd90173Mu2qUAzrfGVL/Jm9w01jLck0L3ugC4gCaWUFns1HQWzL4+VzqP+AYAADjfBKsL9OG7GzeheOKOG9Lb15dtdxy8gNPoAYporC277Y6DyZ5H8hcarnPIvj5nnt6f3r7duTfJA4fctAkAALjwLAUAALBC6GcBALAcWQoAAAAAAOAiIVgFAAAAAChIsAoAAAAAUJBgFQAAAACgIMEqAAAAAEBBglUAAAAAgIIEqwAAAAAABQlWAQAAAAAKEqwCAAAAABQkWAUAAAAAKEiwCgAAAABQkGAVAAAAAKCgrgtdgE7G/vXHL3QRAAAAAABmZcQqAAAAAEBBS27EaveffONCFwEAAAAAYE5GrAIAAAAAFCRYBQAAAAAoSLAKAAAAAFCQYBUAAAAAoCDBKgAAAABAQYJVAAAAAICCBKsAAAAAAAUJVgEAAAAAChKsAgAAAAAUJFgFAAAAAChIsAoAAAAAUJBgFQAAAACgIMEqAAAAAEBBglUAAAAAgIIEqwAAAAAABQlWAQAAAAAKEqwCAAAAABQkWAUAAAAAKEiwCgAAAABQkGAVAAAAAKAgwSoAAAAAQEGCVQAAAACAggSrAAAAAAAFCVYBAAAAAAoSrAIAAAAAFCRYBQAAAAAoqOtCF+DMHclXP/NQDnd4dNttD+ZPd20+N6/86GfyxcPJzjsfzu3bz8lLnIHO+2V6eYu/jyP56meeyYce3pfOT2+9/s7c9fC+bD/6ZP78c4+lf9tt+fw9u7L4GjmaJ7/w5eQP78muzcnRJ7+QP3us/5zW8zl7jdY+af1/wX1zPt57MtvnY2odcCamfU8udHEWrFnuM/4+Axevzv2Mc31cah3/Wselc98fu8ja6un9i3YXYbt99Mkv5N/kD8/pZwoAYLGMWF2BDj/0mfz5k0cn/n/7vofzpYeLhKqdg+xJ23P7ww/nS2f1BORonvzC5/Jo25nC5l335EsPP3wRdraP5KvTT3r6H8uffeHJHO30JxfI1M/HzDoAgHb9j31uSj/jXCvWj1nh+h/Lnz165EKXYsFaIToAwFK1DEastsw1iqAVBm3LvtuuzaOPNWLBxoiKtAVFbdtoG2G579rH8mgzSZx3FMaRR/PHD03GjpPPn220w8zfTe1Absu+B6eOCmyNypj/PXd4TrN8/Y99OU/e2Nj2jJEe097D5OiG9lD1cL74mcPZeefD+cRAc+Tkzp3J4cPpz7bse/BTeflzs4/ueO7Rz8y6PyvmJ38AABQOSURBVGeOOGkfFXdjnpuop/48+rnP5Nu3PZg/ypdnjtqcPlJj55350r5WCSb3+b7bXs6jrX095TmdPJevfuax5vtv1U3bZ2uirmb73TRHnmlsZ+J1m+XqfyrPHd2VXZtn+bw062XmZ3C2crWqe659uiubF/A5n9zGg7n2azPr4OILtS8+C28X2r57U0YlTbsg0v55X2Bb19727LzzznP0ToGLT4d+xivHkkw9jsx8/gKPye3H9W235a6PTi3B1GPdIra58858/pqvTRkFuyjT+h9T29GZFyYnHp/t+N7qi03vJ0zsxgX0W2aMTm1u4/AzObJv+9T+7qxlnnb82Xlb9r38WB7tn6zDefsZi9gvrW21v3b/Y5/LHz/V3GbHfioAwPm3wkas9k+EqknS/9iX8+dTOnOH88XpV/H7J4OGxv9+Ll/tdKF/ekev+fw/fvRIku350M7Ga3y39fcT4doHZwlVm+X93KOZePqUE5NmeYuOcNy+L3ftbGz75WOzPH70yfz5tPew0NEN/YcPN096PpobO/Vui+zPxZht+tvhh/LHM/bT4cmTreZz5itH/2OPtY3UbdXN5tz40W1J+vPt55qvcPS5fLs/c++HTddk25TXbY3wLT69fvZyFTSjXr6c8zjYiDnM1y4cffILbe1Cfx798tfy8pQtzDLK/PBDM0eTzfEZmPoayeGHFjJqHWChfZe5jsnTZnj0P5YvLmgEY4FtHn4o/+aphbybOczS/2jv4xx5dOZsj4l2dvsHszNJ/1PPTeyXI880dtrOD84SqjbLfMajgucpc448OvX4c/ix4jNWFrFfDj/0hc59kDPopwIAnAtLbsTq2L/+eKHnd//J/9n8qTGCcqqZI7taV8kbHf3+9Oe2fP7htqvfLw/kaLa3XfWe3EYr4Dj8zJHcvn36KIGjefJrzU7w9Kv2h7+WJ3/vnuz6YGNE58sDR5Ptm6d1mo/muaf6k1lGKP67J38vf7rrWL57OFOuyjfK81j+5siuQqMrNl3TCAJb5ZhVh5EQtz98ZzJ9lO3AxM6dMkJudgvdn9Ntzq57HkymjQQ9+uTUZx35eqPzPjkaojUSYuZ+mr4225z7Y8r7a23zcL57ZF9uv/Gj2Zb+idE5R597qlGGj97YefTE5hvz29uS/v7G0gzNT8Li1m7rUK55d+nUjUwbgdsM3qe8gdnroOh3lkmT7Vcn87cLf9M86Z0ywqf9JLV5AWfGd+Kxr+fIrvbPW6fPwJEZrzH9IpLPAKw8c/e/JgPBhfZdOh2Tjz75tcYxcsaxbv4yLnybjf7amUw4bx37Z/QBv/ZkPnHPrsZyBfsmn9/qhzba2cbF98OHJ2etfLdx5T0f2p4C7fg0/Y/lzz7z2Ixfb7vt9xr9t3nKfOyZ9hlem+deu3WR+6VZotln+Oy6J5/PtPXkWx2/Dv1Ux6OVqftPvnGhiwDACrbkgtVza1t+uzmEsBUuToRfzRGEMzqLOz810dHbvOtT2fnYQzncDF+nmBileFs+MfHQ9nzitm05/Fiz47z9g9mZwzn81HM5uuvGDLycTHSacywv9yeznaD0v3IsOTrQGIU2Syd53kCwiFbgd/ih/PFClz9omjNIbGnfn61Acrb9uSiTJyL/bKK8m7PrUzvz6EOtQHuiIM39nmxvBt7zF70VGjdHqfa3wunWPmtMrcsr/Wn/rM1uc3bd83C2TBnJczhf/MzLnZcPKFyuAhuZGF07uQ2WggW2C23tzkQ71Xze0UZD0xg9P6XpeDlTvhKdPgOzvMZEW3b23iiwjEyEaPP2XSb+ouMx+dgrzQs7sxzr5ilFgW1O9tcWq7XNyYulTf2vpP06Zac1Q1tl/PZzR7NrSytIbQag87XjCz7cTw0w5y7z0WY/ta0/03ZReKHm2y+t9/3o5z6TR5PMe5H5DPqpAADnwpINVhd+5bE1MvIc3al1xgjWDjZvybWZJZidom1EwpE0gtjmMgDzl6Gz9nXMFqLVyb12y2x/0wj8drVNO5uyrtWCX6WDhe7PZPKEbME25dpZ0/Gzo3NY2TrJO5zvHvlgGmdDcywD0GZyBEtrfzeWFNi1a+ZzWydWCy/XLArv0/kZJTBzhEzx9msR5mkX5te84LPpjDaSxGcALmZn3n4trv/V6LusBI3wM1+fXIv0Sw/PskRC28X3J689nPkv0CYT7Xinp01fT32ijzHfdptlXowF9zOaofD2ffnSw/vaAufJNfxnn401Tz/V8WhFMUIZgKVgyQarS8bEzYQyOXXs2i3ZnGTqKUEr1Guf3taaQrst1zbDi4kr8w81R0t8cPu0v+90gnKkEdye6QL9R5/Mv2ufXtZRY83P2yem3E3uhzPSvj+b08Om78+JqXqtxxdsc7Zcm6S/NU26OV2uuURDI0he/Ilc/1PP5eiuxjTExvTsyXC6Nfr28EMPJZl/9G7rBGJylEWn0TKt0SiTr1mkXBNbWfQ+5cJaYLvQ1u5MtFNNmxtfis4jeuY7eW5dNJrjNQBm1Wo/OvZd5r+41Jph1Jo6vjmTy5Ms1rnc5uyB4JF8dUrfqzUatF3r4ntzHdO2C7TztuPz2bwrf3rnKzNuXjp3mZMjjcZ/Mow98vWOSzB06mfM9xqTRbwnX9qViaVm5l8m6hz1UwEAClpGwersa3w11mA6kyFZ/W3Tk5qb/OBsHb3JKeczpju1TX+fOoW2PdycHPU4/X00OqOTHe6p0+nmuPN8kk77pTW9bIZZbsDV+IPpIzAb291224P5o04vPavO+7PV+Z451a3DNnbemc9fM/WR7b93W7YdfmzmNqYs0bBIM6YyttXflOlx848ymVgGYcZ7nfzbRqA2c38VKdfC92lRk3Uw712JWYDZvqeNMHW+dqEVyE+0O9u2TV3WpNXmzPKdWNhFmlleA2BBFtt3mTSxvEmH9UIXY7Ztbtu2kDnundvq7RMXWKf3Ae9sW1u1Q1+1aaIPk2kXaM+4HU/z5qWH88XD/Xn0y0/mxnt2tV0Unq3M2ycGA8zVh5ivnzH3a2zquF7u9L52Y/s7c9edyRcX1E8FADg/yhe6AEvettuyb2f7/z7Y+Yr79n350p07p/xq220PTgueGicZSWYsA7B51z35/G3bZvx96/W273s4d03dfHbeWfwu8jvvfLjziIdZ3kOyM3fdM3UdskWbY39u3vWH2de26Z133pmpJWmE13PavCt/+uBtmVLCnXfmS2dhGYNtt93WVp5t2fdg+wjCZjCeLKxzP1s5p5xobs6uP2x/fGfumlEv85dr/n1a1ALqgLNqvnZh86572tqFnbnrnk/l2inP3p7bH55e7+3f6YWV4a4p39vbzvBzBKwUZ9532Z7bH5x6PNx3Jv2QWba57bYH80cfPcNNznZc33ZbPr9ve+P17tw59ffN5x5+pm3UbvMi7cwLtGfejifJ9n3NbfQ/ln/z5NF5ypxk+74px59tt905pU/ReNvz9DPmfI3GTTGnb3PqMe5TU7c3bz8VAOD8KtXr9frZ3GB/f3+u3LJl0X/fWivngq/Z11qP6kyn3s+ita7WfNOiuLjMnN7PSrH4NQrP1OTdsWfctfkctF3A8nPh2q8LaGJ2zuQyK/pmC9E65pyj+xpAQUvmvBGAJeFXAwONWUhn0V133TXvc5bRUgAXi8k718+9xikXl9b6pgu52QScLa11hWfeLXq+dX4BVqxN1zSXTJk+NV/fDACAYpZssFouX+BVCtbekJ2f/GRu2nhD1pbLZ2XNhMEXv5X/9KO3c8knP5nPfnRP3m0hhuXh2I/yxFMvJjd9Mnfs+3huvlzFcv5s3/dg9r08bY26nXcaNQ0sygXvf50Pl/9OPveFzY1j94SNee/HP5brV8DbX7y12bbzk/nkTVtz2VnqGwMAXOyWbLB6wfVtzc17tp7lTX4st5zdTbIUbHpvbtnz3gtdClaszdl1z8PZdaGLAXAxcexehL5c/7E9uf5CFwMAYAlxsRkAAAAAoCDBKgAAAABAQYJVAAAAAICCBKsAAAAAAAUJVgEAAAAAChKsAgAAAAAUJFgFAAAAAChIsAoAAAAAUJBgFQAAAACgIMEqAAAAAEBBglUAAAAAgIIEqwAAAAAABQlWAQAAAAAKEqwCAAAAABQkWAUAAAAAKEiwCgAAAABQkGAVAAAAAKAgwSoAAAAAQEGCVQAAAACAggSrAAAAAAAFCVYBAAAAAAoSrAIAAAAAFCRYBQAAAAAoSLAKAAAAAFCQYBUAAAAAoCDBKgAAAABAQYJVAAAAAICCBKsAAAAAAAUJVgEAAAAAChKsAgAAAAAUJFgFAAAAAChIsAoAAAAAUJBgFQAAAACgIMEqAAAAAEBBglUAAAAAgIIEqwAAAAAABQlWAQAAAAAKEqwCAAAAABQkWAUAAAAAKEiwCgAAAABQkGAVAAAAAKAgwSoAAAAAQEGCVQAAAACAggSrAAAAAAAFCVYBAAAAAAoSrAIAAAAAFCRYBQAAAAAoSLAKAAAAAFCQYBUAAAAAoCDBKgAAAABAQYJVAAAAAICCBKsAAAAAAAUJVgEAAAAAChKsAgAAAAAUJFgFAAAAAChIsAoAAAAAUJBgFQAAAACgIMEqAAAAAEBBglUAAAAAgIIEqwAAAAAABQlWAQAAAAAKEqwCAAAAABQkWAUAAAAAKEiwCgAAAABQkGAVAAAAAKAgwSoAAAAAQEGCVQAAAACAggSrAAAAAAAFCVYBAAAAAAoSrAIAAAAAFCRYBQAAAAAoSLAKAAAAAFCQYBUAAAAAoCDBKgAAAABAQYJVAAAAAICCBKsAAAAAAAUJVgEAAAAAChKsAgAAAAAUJFgFAAAAAChIsAoAAAAAUJBgFQAAAACgIMEqAAAAAEBBglUAAAAAgIIEqwAAAAAABQlWAQAAAAAKEqwCAAAAABQkWAUAAAAAKEiwCgAAAABQkGAVAAAAAKAgwSoAAAAAQEGCVQAAAACAggSrAAAAAAAFCVYBAAAAAAoSrAIAAAAAFCRYBQAAAAAoSLAKAAAAAFCQYBUAAAAAoCDBKgAAAABAQYJVAAAAAICCBKsAAAAAAAUJVgEAAAAAChKsAgAAAAAUJFgFAAAAAChIsAoAAAAAUJBgFQAAAACgIMEqAAAAAEBBglUAAAAAgIIEqwAAAAAABQlWAQAAAAAK6rrQBQAAAAAAWEruuuuueZ9jxCoAAAAAQEGCVQAAAACAggSrAAAAAAAFCVYBAAAAAAoSrAIAAAAAFCRYBQAAAAAoSLAKAAAAAFCQYBUAAAAAoCDBKgAAAABAQYJVAAAAAICCBKsAAAAAAAUJVgEAAAAAChKsAgAAAAAUJFgFAAAAAChIsAoAAAAAUJBglRXj6ae/naef/vaFLgYAwIqh/wUALGeCVVaE77Z16HXuAQDOPf0vAGC5E6yybP3wB8/khz94puPj3/rW3+Vb3/q781giAIDlTf8LAFhJBKssS+0d+h/+4Jl8aMdvT/z/jh2/PaVDr3MPAHDm9L8AgJWm60IXAM6XHW2dewAAzj39LwBgOTNilWXpfb/5wVl/bvnYx35n1p8BAFgc/S8AYKUxYpVl5/nnf5Rk9g59u1aH/hv/6etJko//7u+d24IBACxT+l8AwEpkxCrLyvPP/5ck9ST15s9za3Xqp/8MAMDC6H8BACuVYBUAAAAAoCDBKsvKu99906w/d9I+/cxUNACA4vS/AICVyhqrLDutDv0LPz+SJLnhHdtnfd7rr/8yiQ49AMCZ0v8CAFYiI1ZZllqd+uk/t7Q69dN/BgBgcfS/AICVRrDKivHKy/155eX+C10MAIAVQ/8LAFjOBKssS+3Tz254x/YpHfpXXu7P5ZdfPfH/7T8DALA4+l8AwEpjjVWWrU5re7Xo0AMAnF36XwDASmLEKivCNddum/VnAADODf0vAGC5M2KVFUOHHgDg/NL/AgCWMyNWAQAAAAAKEqwCAAAAABQkWAUAAAAAKEiwCgAAAABQkGAVAAAAAKAgwSoAAAAAQEGCVQAAAACAggSrAAAAAAAFCVYBAAAAAAoSrAIAAAAAFCRYBQAAAAAoSLAKAAAAAFCQYBUAAAAAoCDBKgAAAABAQYJVAAAAAICCBKsAAAAAAAUJVgEAAAAAChKsAgAAAAAUJFgFAAAAAChIsAoAAAAAUJBgFQAAAACgIMEqAAAAAEBBglUAAAAAgIIEqwAAAAAABQlWAQAAAAAKEqwCAAAAABQkWAUAAAAAKEiwCgAAAABQkGAVAAAAAKAgwSoAAAAAQEGCVQAAAACAggSrAAAAAAAFCVYBAAAAAAoSrAIAAAAAFCRYBQAAAAAoSLAKAAAAAFCQYBUAAAAAoCDBKgAAAABAQYJVAAAAAICCBKsAAAAAAAUJVgEAAAAAChKsAgAAAAAUJFgFAAAAAChIsAoAAAAAUJBgFQAAAACgIMEqAAAAAEBBglUAAAAAgIIEqwAAAAAABQlWAQAAAAAKEqwCAAAAABQkWAUAAAAAKEiwCgAAAABQkGAVAAAAAKAgwSoAAAAAQEGCVQAAAACAggSrAAAAAAAFCVYBAAAAAAoSrAIAAAAAFCRYBQAAAAAoSLAKAAAAAFCQYBUAAAAAoCDBKgAAAABAQYJVAAAAAICCBKsAAAAAAAUJVgEAAAAAChKsAgAAAAAUJFgFAAAAAChIsAoAAAAAUJBgFQAAAACgIMEqAAAAAEBBglUAAAAAgIIEqwAAAAAABQlWAQAAAAAKEqwCAAAAABQkWAUAAAAAKEiwCgAAAABQkGAVAAAAAKAgwSoAAAAAQEGCVQAAAACAggSrAAAAAAAFCVYBAAAAAAoSrAIAAAAAFCRYBQAAAAAoSLAKAAAAAFCQYBUAAAAAoKD/H++WkoMuiHkjAAAAAElFTkSuQmCC" height="600" width="800" />
<img src="data:image/png;base64,iVBORw0KGgoAAAANSUhEUgAABVYAAAJcCAYAAAASBf/6AAAAAXNSR0IArs4c6QAAIABJREFUeJzs3XeYVdW9//H32nufMmd6Y2aYoQ69gw2VAcEeNdbYYlDUeHPNTeINSW4wicj1JqTZ4i83ieZGgxi7KGoiRkEFK12kF2GoM2d6OW2X9fvjnBkYGBhIlGK+rzwmzNlrr732nvP4PPnw3d+ltNYaIYQQQgghhBBCCCGEEABMnTq1yzHGUViHEEIIIYQQQgghhBBCfKFIsCqEEEIIIYQQQgghhBBHSIJVIYQQQgghhBBCCCGEOEISrAohhBBCCCGEEEIIIcQRkmBVCCGEEEIIIYQQQgghjpAEq0IIIYQQQgghhBBCCHGEJFgVQgghhBBCCCGEEEKIIyTBqhBCCCGEEEIIIYQQQhwhCVaFEEIIIYQQQgghhBDiCEmwKoQQQgghhBBCCCGEEEdIglUhhBBCCCGEEEIIIYQ4QhKsCiGEEEIIIYQQQgghxBGSYFUIIYQQQgghhBBCCCGOkHWsF/BZqY81UNm8k62N29jRsotdrbupi9UTc2N42gOdGqjA05ozS07lthFTMJRky0IIIYQQQgghhBBCiCNzQgerCTfBqpq1LNz5Lqtq1lAfr8clGaIqFEopAJQCpVUyW1VgezYndRstoaoQQgghhBBCCCGEEOIfcsIGq2vrNvLUumdZUbsKNBgolGFgYQLJqlTXc8kN5OChabVbUErheA6jCkYwumjEMb4DIYQQQgghhBBCCCHEieqEDFbX123iJ+/9D7aXwDQslNLoVJWqpz0czyE/mM9ZpeNIeAne3f1BslpVazzghkHXYBkn5K0LIYQQQgghhBBCCCGOAydcutgUb+IXS+7D8RJYholOJqpopbE9hyxfBlf3v4JBeQNYtOt95m17Aw+NoRQJN8HE0gkMyC0/1rchhBBCCCGEEEIIIYQ4gZ1wwerLW15jd6SakBls/8z2HCxlcUXfS/hy+Zeoj9XzwPLfUdm8HcuwUpWsGp/pZ/KQa9p7rwohhBBCCCGEEEIIIcQ/4oQKVhtijby69XUChh8NaK1xtcvY4lO5buBV9Mwq47VP3+CR1Y8B4DMsNKCUIuHEmTzoegpCBcf0HoQQQgghhBBCCCGEECe+EypY3dSwhcZEE0HDj60d8gK53Dr0Rs4sPY24G+e3yx/mjR0LMJWFgYFGoxQ4nkOvrJ5cXH7Bsb4FIYQQQgghhBBCCCHEF8AJFaxuqN+I1h6OdjmrtIKvDb6WwlA+NdE6frnkQdbVr8NSPpRib+9VrdFovjXyG4R8acf6FoQQQgghhBBCCCGEEF8AJ0yw6mmPj2vXYCqTb464jXN6TcBQBlWt1fxiyQNsbNiM3/ShNaCT5ygg4sS4ffitDMrvfyyXL4QQQgghhBBCCCGE+AI5YYLVqBPFb/i4e+ydnFQ0EoBwpJa7P/g5O1t24Td8QLKfalu6GnXiXFH+Zb5Uft4xXLkQQgghhBBCCCGEEOKL5oQJVg1l8K1R/0ZhavMp27V5cPnv2N6yM7mZldKgdfuGVoYyuLb/lVw/+CuYyjzGqxdCCCGEEEIIIYQQQnyRnDDBapqVRpqV7JGqteYv655jcfVSAlYaMRyUVvhNP6XpJZzabTSnl5xK/5zex3jVQgghhBBCCCGEEEKIL6ITJljd15bGShZUfcTpZePpnVZA7/QSuqUXUZheREGoAKWMY71EIYQQQgghhBBCCCHEF9gJGaz2yCjmjxN+jnIdvNYarGgjOmGj3WpwHXQwB+UPHetlCiGEEEIIIYQQQgghvqCOn2BVe+h4C9hRCGSgfGlwkMpTX+MOvNWv4q2fj1O/g5jWyU2rDBNt+jHzyjDKRmGVV2CWDEcFMo/yzQghhBBCCCGEEEIIIb7IlNZaH8sF6NYw9uaFuJsX4tZsgUQUglmYuT0wSwZj9j4ds3AAWIG958Qa8Rp3opur8eorcXeuxN2zFq85DG0hKwAKo7Af/lGXYQ25COVPPzY3KYQQQgghhBBCCCGEOGFMnTq1yzHHLlj1HBKfzCXx/mN4DTvBMJK9UZWB9jwUHlqDMkzM7sPwjb4cq//ZKCvY6XS6tRY3vBFn41vY616HaDMYBhpQWmN2H0qg4t8xe556dO9TCCGEEEIIIYQQQghxQjlug1UdbyL+1gPYK14Cw0z+A+B5oN2945SBArTWKMDsdRKB8bdjlow45Pxeww4Sq17C/ugJtGujTAvtOqAUwUnfwT/6GjCOny4IQgghhBBCCCGEEEKI48dxGaxqO0L0xe/hbPkQZfkBlQxTNRilQzF7nISRnod2HXTjTrzwJtyqDckWAdoD00fwil/j6zuuy2u54fXE5v0Ub9caMH2gNdq1CZx2A4EJ3wZlfv43LIQQQgghhBBCCCGEOKEcf8Gq9oj+fSb2sudRvlTPVM/BSM8ncPZ3McvHH/iqv2vjNe7A2biAxIo56PqdYFqkfeVBrN6nd33JWCOxv/8cZ+0bYFpoACdB8Pz/wj/q6s/8FoUQQgghhBBCCCGEECe2wwlWjaOwjnb2Jy/hLH1un1DVRaXnJ0PSged13j/V9GHk9cF/2s2k3/An/Kd9De25RF/6ITra0OU1VTCb4AV3YQ2aBI6NApTpIz7v57i1Wz7bGxRCCCGEEEIIIYQQQvxLOGrBqte0m9iC34DlT36gAe2RdunPMQoHHtYcKr2QwMT/JHTlr9GRehIfv3h45/nSCJ73I1RRf3BdUAYoRXz+feA5R3wv8XicSDSK53mHHKe1JhaL0RqJEI/Hj/g6XUkkErRGIsRi//zctm0TiUSIRKIkEgkcxzno/R1ukbPjukSjUSKRCIlE4p9e47HgaY+qSJioE/uH50i4NtWRGrxjtE+cEEIIIYQQQgghhPjsHbUdnOxlT0G0EaxUtaoTw3fGzZilo454LqvfREJXP0TsrYfwj7kG5Uvr8hwVzCJ43p1EZ08BPDD9OFvew9mzGqv7yA5jq6qq+eDDD8nNzcH1PCrOPBPLsmhqauL5OXOYN28eTc0tPPTAA5SX9z3gWjt37WLhwkW8/fY7fLp1K7FYlPy8PIYNH8748RWMO+MMAoHAIddb39DA++9/QEZGBg0NDYw78wzy8vLQWrNi5ce89tprrPrkExoaGgiF0ijvW86ECROYeNYE0tK6fh4ArZEIy5avYMH8+SxfsYLW1lZQCtMwyM3NobCwG+mhEMFgkFAoRGNzEzXVYb71rW8xZPCgTue0bYcVK1fw1ttv88EHH1JXV4fWmszMTIYMHszZZ5/NKaecTG5OTqfnb6jfzEd7lpBhpVMbq2d0t5GMKTr0ZmUAH+1Zxub6LQTMADXxOi7sdTY9sspYumc5y8OrcLVDrj+HqBuj1Y7QlGjBxSFkhSgKdWNgbn+G5A8kbb+q6ZZEC99a8H1OKRrD1JP+A0Md2d9FaDT/98njLNz5HvdP+BlF6d2O6HwhhBBCCCGEEEIIcXw6KsGqbq0hseqV5AZSAFpDIB3/6H+8x6lVPoG0UF5yrsM9p3gwZq+TcLctA9NCKYX98dwDgtVP1qzme9/7HhoYO/Y0Jk6YwO49e/jG7d9k9SerMA0TZRj49wtHW1paeOzPj/P/fvv/8Pl8DBs2jJ49e5CIx1m2bBlLly7lqaeeYvz48cy4+266lxQfdK3RaJQ7f/QjIpEIpmny8tyXCAaD/PyXv+TJJ59EobB8FtrTxBMJVq5cyQsvvMBpY8fy85k/o6y09JDPYvWatUyfPp0lS5bQu08fbr3lFsaMGY1pmHy8ahWPPvoo7733HpmZWXzlK1/BcVxqwjU0NDYSj3devbl+wwbue+AB3nzjDUzT4rrrrmPs2LFkhEJs2rKZOXPm8ORTTzFo8CDuvusuzjj9wB65cTvGE+ufxWdYaK3pm9PrkPfRpro1zKx1T+JLfcdOLz6FHsCK8Cc8v/kl0sw0PDy+OuBqemT2IOHF2dzwKfN3vEPcjWEpH70zezL1pG/RI2vvs6uO1BD34ryz8z0u7XshA/L6H9Z62uxs2sUrW/+GpUzizolZtSuEEEIIIYQQQgghDnRUglWnai26tQ7lS1UDujbW0AsxMv+56j2zZPiRnWBYWAMm4W5b0v6zu+VddKwRFcxuH5YeSsfn82HbNv369SMSifIf3/wPVi5fTm5+Hk7CJp6Ikx4KtZ8TiUa57Rv/ztKlS/n5zJlUjBtHTm4OlmniuC5VVdXc/8ADzJ07lwUL5tPU2Mjjs/6M3+/vdKnpoXQKCwuprKwkKysLv8/PHd/9HhvWr2Pmz37GsGHDyMvNo7aulgUL3uK3//u/aO3xwfvv861vf4cnn5hNMNhJz1pgzdp1XHPtNTQ3NXPNNdcw/a6fkJ6e3n584MABnH/eufzgv6bx9zf/TmtLK/8143sEAoGDtgdYumw5N918My3NTQwcOIiHfvMb+vcrbz8+btyZXH/ttTz73PP8+Mc/5sabpvCH3/+OSRMndpjHVZqA4cc0DLTWmMp36N9pit/y4zf9mMpEofCbyedqGRZ+w4/GI8uXwSXlFxDcpyr10vKL+NXS37CtuZItzZ/y08W/5v7xPyMtVQVdH29Mtj5QMGfTq3z/lG8fdtWqpz0eX/c0CoUGmhLNh3WeEEIIIYQQQgghhDj+HZUeq+62xah9wiiNxup7JqCOxuU7MPL7oNuuqwy8lhq85j0dxhTk5+N4LgDpaek8/MdH2FNdzZ8efZQXX3iB5557lrvvnoFt761AbG5qpqmxiVdffpnLL7uUgoJ8LNMEwDJNSruX8NN7/puzzjoL0zRZsmQJc1959aDrtCyTtGAApRSWafKjn/yEgN/Hy3Nf4qorr2TQwIF061bI4EGDuP3fv8F9996L1hBMS2P58uW8Of+tTueNRqN87/vfJx6PU1BYyA//6wcdQtU2WVlZ/PR/7iE7O5u/PPkEj/zxj8nnZxgYRsevTV1dHbd/85vEo1Hy8vL5w+9/3yFUbeP3+7n+umv50kUX4bku37j9drZu29ZhTKaVjlIKrcFDk+vPOugz2lfQ8Ke+ThqlFBm+VOhtKJQyUCiUYRFzO1aNlmV25xvDb0ZrD5/ys7N1F6tq1rQf39O6JxnUGhbv7fmQLQ2fHtZ6ANbUrOPd3R/iN5Ihb3U0fNjnCiGEEEIIIYQQQojj29EJVnevAWNvcawyLIyc7kfj0gdSJsrcpwpSgxfe3GFIY1MjlmkSCASY89IcXnvtNZ579hkmnTWBXj17MnDAAK6/9hqKioraz0lLC3Lffb+mXyeBYptAIMDt//4NHNfD8lnMmTMH27Y7HWtZFqbPj1KKuvp6Vq9Zw8yf/ZTMzMxOx59/3rnccMMNRKNRAgE/zz//LI5z4MZcn6xew7q1awHFl7/8ZfLy8g663vz8PM6edDZ+f4Df/e737KmqOmCM1prfPPRbwuFqXM/jO9/+Nr169jjonEopvn7rrZiWies4/Pa3/9thMyxHO4ACBYYyiOvOn8/+QlZasiuEUqAUtk4G45lWOlp7uFoTMHz4jQOLtLtnFJPuy8DDw8BgW3Nl+7GmeDMeHmiFRvP0+hfw9KE3LQNwPIfH1z2NoVRb3kt9rOGw7kUIIYQQQgghhBBCHP+OSrCqW2ugvWJVJytGg51vXvT5L8ZLhm8kwzxlGHh1HasmNclQD6WoDof5/ve+T0nxwfuhQrLCc0D/rvtvlpaWkpuTg1IG27dvJxaPdzrONE3SQyE8zyMej/Pt//gPMjIyDjn31Vdd1X7umrXraI1EDhizePHiVMWpZuTIkQcc39/AAQMwDINYPMay5csPOL57zx6eevopgsE00kMhzjvv3C7n7N27F8XFxfh8fl57bR51dfXtx0zD2vul1BA0D73JV5uIl8CnzFT7AIOQmXzdP9efjaNdDKWwlEFnVdKu5ya/EiSrZPMCue3HqqM1oFNV1srio+plbGnY2uV6luxZzid1a7CUCSp5fkOi6bDuRQghhBBCCCGEEEIc/45KsJosJWyrSkwlWNH6g43+fCkDHJt9AzYd7xhA+nx+NBrXcSgtLeXUU075zC4f8PvJz89Haw/HcYgfIlhNCwRwXRfLNBk5YkSXc+fl55Gbm4v2IBJppaWl5YAxn27diuWzAEVmxoEtAPaXkZnZvkHYzh27Dji+cOEibNvGdV1OPvkkCgsKup4zPZ3yvuVorYnFY6xZs/fV+zQzmPymaI1GtwekXUkzg3h4aK1RKAKpHqutbgRLmRhK4em2itiOqiNhmhPJZxUwfIzpNgqAuJtgd+seTMMkGY0m/zN73TO4qYrYzkTtKH9e+ySWsjBVskJWKUU4EkZz+JutCSGEEEIIIYQQQojj19EJVpXZ8WfPxms+Nv0mdbQBve+r3J4HZscNktp6ozquy9AhQwjts0nVP8vTmmg00n4dy+p8/zCtk71ClVIEgkHy8w/+yv6+687Py0vFfxCLHRja5ufn47rJANJzu36lvaGhHmWoZJ9Rf8fn5HkeHy1ejGmaOI7DaaeNxTTNg8y0zzotKxkAa43j2DTvEwD7Ut8VDR02oepKhi+tfZMpRbLyFaAp0YJlWKljBtZ+rQCaEy3MXvc0Go3jOdwyZDK5aclqatdzqInWAnBR7wsImgEsZbK4aikb6zq2j9jX+7sWs7npU/rnlHNZ+cU4notCUROtJeEeXmsDIYQQQgghhBBCCHF86zzV+4ypjHy8hh2o9oBV4W77CF//s47G5TvwwptSe7SnamgNg/03eTdNE3SyY0B6ejqm+c/lz1prGhob2bRpM0/85Qmqq8MYysAwDfy+zne9V0rR2NyM3+/HMBTGYQSWnudhOzaGkdysKRA48DX6k08awx9+/3tMy2Tb9u1dzrlp4+b23qUDBgzocCyRSLBlyxYMw8A0Td6cP5+mpmbq6mrJzMomEPARDATxtEcsGicWjxGNRulWWMiSpUsxTZPW1gQtzftU1qbeyVep/3p244t0SyvANCyanRYMZRI0gxgYRL0YrmcTMtPYHalCKaNDuApgpOZr+40n3ARBM0BTvJl1dRt5fO2TfNq8jdxANpMHXc+5vSe2LyViR2lMNOF6Dl/qfS5+w8dTm57HMiz+uHoWvxg3I1XNulfUjjJr3ZNYyuQr/S8jZIV4euPzmMqkKdFE1I62V9MKIYQQQgghhBBCiBPXUQlWzW798bYvA5IhlDItnHWvo8f9GyqYfTSWkOTauNs+glQYltxUyEPldNxsSalk9Ko1GEbXgeb+6usb2LptK5u3bGHD+g1s2LSRutp6EokYfXr3IS8vj7raWswuKlbbqlYNw6C1k9f69+elzmm7h8xOerKOGTOGvLw8GpsaefONN7lx8tfwHWQNTc3NvP3OWyilKCkpZtiwoR2Ot0YihMPhZJCrFDU1Yd5Z+A6h9HTSQyECgQDxeBzLNPD7/TiOi+M6bN6yhV69etGzZw+01pSU7Ne/NtUC10DxafM2qmJhDEz8ph+fYeF6Hgltg/bQ2iPNSqMh3rj33APm0qmK0TA/fu9/yPZlUBWtoS5Wx8iCEZzdcyKnlZxEaUZJh1PD0RocXPxmgAx/Ohf2OZdnNs3BNEzW1W/g4/AnjC7q2Kf2lS2vsTtSxaiC4ZxcNJotjVsxUotqsJsPa+MrIYQQQgghhBBCCHH8OzrBaskwbP303g+Ugdccxt6wAP+Iy47GEgBwG3fi7loN+74Orl2M4sEdxiX7dKb+7B1+ELZz1y6eefZZnnnmGerrG+jXrx/nnnsuk2/4Gj16lFFaWkosGuX6G75GXV0tluUjEong93ddwajUgZsuHTAGUpW2Cr/fTyweI5usDmPycnOZMWMG37njOyxZuoRXXnmVyy+79IC5PK15+OFHqKmtxTRM7rrrrgOCWp9lkUj1iI1EIkz/yV2MG3dmh7UahtEhJG4LfoH2Pyc309pHarMoUNwx6nb65vTu8t5Xh9dy5/v/zQHJqgadCldzgnmAYmXtaixlYZkW1w64goH5nW86Vh9rwHFt8kN5GIZBQSCfc3pM4M0d72Aqkz+tmc19BUPwpVpJ1EfreWbTiygFNw6+DtMwyfRlglIowHYTNCWayUvL7fR6QgghhBBCCCGEEOLEcXSC1e7DwRcEz937qrcVJP7WA1jlZ2KkFx6NZWB/8jK4CbCCJBM3DcFsjP2CLs/zkq+Tq2TAeDhWr1nDlJtvpqqqmp69evF///dHTh4z5oDX8ZuammhtbQUgEAig9g8VU5RS7ZtGHS7TNPGnNrzy+XwHDWO/dOEF1NffzQMP3M+dP7qTpuYmzjv3XHJzctBaUx0O86c/Pcpjjz1GXl4eP/rxjzh74sQD5tGAlWplYJkmkUi00x6rbb1i2+/rsChc7eI3Om+VcKBkVeoBn6pkr1YPTZoV4ocnfYeHVv6BNXXrcFyHXy9/iF+cOaPTsHN36x48NLnBbAJm8vd4Vf/LeHvne2g0nzZt492dH3BWzwoAXtj0Co2JRs4oOo2Becmw1m/6CJlBYm4crT3qYvX0zu55mPckhBBCCCGEEEIIIY5XR2XzKiO7O0bv09DePjuyGyZEm4nN+xn6KGzo4zZsx17yFJh+2jpu4rmYpcMw0jvuZO/tW6V6GOFmU1MzU6bcTF1dPd1Lu/PE449z5umnd9rj1LEdHMfB8zQBv699o6z9aa1Jz0jHcZwD13QQhmGiANd1sSyTUFrnm24ZhsHXbvgqDz74G5Qy+NnPfsYNX5vMLV//OlNuuZWvTb6R999/n+9OncrLc+dy1RVXdBqIpgWDlJWV4rrJwHznrh1drrErer9X5R3tHGRkR452k39QbfOkqmF1skrWAGJOhOKMbtwx+t/J8icreasiVdy3/LfYnXwHd7TsxkCR7c/CSDXiLc3szkW9z8f2bCxl8fj6Z4i7Capbw8z99K/4DD83DLq6vfeqUgaZ/qzkN05BVaT6yB6IEEIIIYQQQgghhDguHZWKVZRJ4ORriGx8a58PNVh+3I0Lib/5C4Jn/yAVen72dKKF+Os/QztxlLlPBaR28Q0+v73naptkiKkAdVgVq2/Of5PqcDU+y8dVV15Fzx5lhxzveS6e52Ga1oGvwacopbAsH45t4/r9ZHTSL3V/8UQc27FRCkzDxLIO3h/2w48WM+Oee5gy5Wauvfor+P0+wrW1aK0pyMsnNzeHYDB4yOv5/X5Gjx7D8mXLQSnWrF3f/sr/P8r23GS1cOqxO+7hBasRN3nfmmSQaqdC/IJgPrZn4zN9KCDqxChOL+Inp3yf77/7EyxlsTK8isfW/IVbh09ur3p1PZc9kSo0mvxgfnuwCnBh73N4dds80JrqSDV/2/J3drbuIubGOL/n2ZTn9m0fG/IFyfRlUhWpxkXTnOi6V64QQgghhBBCCCGEOP4dlYpVALN0NFbZKNg/KLN82MvnEHvjF+hE5DO/rrajxF7/Ke7WxfuFqh6EcrH6jjvgnLbqUKXA8w4drGqtWbjoXQKBIChFWWnpIccn7ASO4+L3+4nGoh16ju6/hkQikWqdoAmFOq8+3ZfrONi2jWVaaDTxVP/T/YXDNXxt8tdwbZtvffN2evQoo6ioiGFDhjB86FBKSoq7DFXbfPmSi9EqGbLOn/8m1dXhwzrvYFrdaPIPSqFQNDuH951wvAQKAwPwtEfUjQHJClhN8nmaysSnkn+XMDC/P18feiNxL4Hf8PHilldZtOOD9vmiTozqSBiFQbY/s8O1umeWcH6Ps7G1i9/0MWvdU7y5/W0sZXFJ3ws7BMs+w0eGP5TsGas19fGGf/zhCCGEEEIIIYQQQojjxlELVpXpJ3DWtzsPEi0/9sq5RF/8Ll7Nps/sml7TbmIvT8Ne8waYHXt1asfGP/ZGVCe9NR3XSdUtpran70IikUiN1zQ1Nx1yrM/y0drailLqoNWqAI7j0NraimWZaA119V0Hclrr1Gv5yQ4GiUTnLRbmvPgitu1QUFiAz/fPFS0PHjSIcyadTTwep6Wlhcdnzz6i82tqajp8J/yGiac9FJCMRA+vz2zICqbaBiT7qSa85L3XxBrwGSZKJdsFtH0OcFHf85lUNqE9XL1/+W/ZXP8pAHWxehoTTSgDcoI5B1zvy+UXEjQCqU4RmoSXYGJpBeU5fTqMM5RBlj8LjcZQiqrWMG5b2wIhhBBCCCGEEEIIccI6asEqgFk6Ev/pN4Id6+SgD3frUlpn30JiyRPoln+8F6WOt2B/8hKRv9yKs2lRx0pVFHgORn5P/COvPMgEGk8ng7B4InHQqlJIvrI/ZvQoEokEpmHw9oK32vui7i+eSHD//ffjOA6u6x6yFYDjOMTiMZRKvtoejXZduRmLxYnF4niexjAUmZmdtw+Ix+NYlsXateuY+8orhGtqiEQiOI5DJBIhGo0Sj8cPeh/7MgyD6dPvIisrC9M0+eP//R9PP/tsl+dprXn2uef53R8e7lDhGXcSqNTr/JoDe64eTH2sERMD0GgNPpVsg+DoRCqaVSTcBMY+1zKUwa1DJ1OU1g2tPVzt8tPFv6Yl0UrCTZDwEiityEn1Y91XSUYxk3pMwPbs9k3OvjLgsg4tA9rkBrPRaBQGVdHqw25vIIQQQgghhBBCCCGOX0enx2o7RWDszbjbFuPuWo2yAuytSNRgWuDEib95H4mlT+EbcQlWv4kYOWUoX9qhp/ZcvMadONs+wPl4Lm7VekClKlX3CUa1C1qTdvE9KH96p1NlZ+fguA6mYeLYXW+sdeEFF3Lf/Q/gui6Lly7ld394mK/fcnOH1+nXrVvPjP/+b4YOHUrfvn3Ztm0rlZWV1NXX072k5IA5HdfFTtiQChkPVn26r1B6iEQ8jtYaz9MHDYQnTZrIbx56iEQiwZ3T7iQvP5/s7GwCfj8a8Pt8BIJBAoEARUVFDBk8mDPOOJ0+vXt3Ol9JcTF/fOQRvvGNf6Ourp7p06ezY8dOrr/2Gkr2u7eEbbNmzVr+9OifePHFF/nD7//Q4XjcjeNpD8swUdqjxY52ed8AlmFiawe/Sv4zcjkcAAAgAElEQVS+GxJNlNKduJsKxlUyWHX32wQsO5jFf518B1MX/gif4SMcDfP7j//EoNz+aK0xlXnQnrFX9ruEv1fOJ+7anNxtND2yOu+tGzADGBgopaiL1RFxogSsAzc2E0IIIYQQQgghhBAnjqMcrILyp5N22a+IPHEzuqk6GaZ2GKDA8qObq4kvfJjEu49idOuHWTwEo7AcI7sErGCyV6tpopurcOsqcXevxtuzFuKtgAKjk1vTGu15BC+Yhlky/KBr3L17N67jELdj2IlEaqOpg28EVVJSzK9++Uu+c8cdaK158MEHeHfRIk4bexo+y8fHqz5m2fIVTP3P/+Taa65mwHMD+K8f/pC62lpu/fptjK+o4Morr6R/v/L2OWPRGFVVe9r7pLa0NHf5bOvr60nYCeyETUN9PZFIlLS0AwPpIYMHc/999/Gbhx5i+/bthMNhqqqqkm0EANM0SGaRCkMplGEQCAS47rpr+c63v02okznHjB7FM08/wy9//SveeONNHvrNb5j15z9TMX48ffv0IZSeTmNDA4uXLGbVqk/o3bs3f37sz4yv6Njj1tMenvbQmGjAdjvvE3vAvccaU9WiKtlKIJUpGxg42iWgTOKeTX28gaxAx56pA/L6MWXwV3l07RP4TT+Ldn3Ah3uW4Df8eHhYnX2XgG7phZzbcyIvbnmV6/pf2Wm1KkC6lU5yWy1F3E1QE60jt5P2AkIIIYQQQgghhBDixKH0od5z/xy5jTuJPX07bsPO/V7V74TnQXL7HyAZ+KEUuq36MFWRqJSR2uypE1qjPYfAhNsJnDYFOPjO9Rs3buL5F+aQX5CP6zpMufFGAoGuKwxXfvwxj8+ezQcffEhdbS2GaZKdncWkiWcz5aYb6ds32X/TdV1eefWvfPTRRxiGwcknn8T4igpyc/f2e91TVcWsWY9TUFBIdXU1l1xyEUOHDDnk9Tdu2sScF1+iIL+AcE0Nt94yhfy8vE7HNre0cN/99/Pkk08ycuQoBgwcQElxCfl5eTQ0NFBVXcXG9RtZvnIFjuNgmibRaITrr/8qM6bfddCg2XEcPv54Fa/89a+8u2gRu3bvxnEcLNMkLRTizDPP4KIvXcQZp4/tdEOunS17qGqtwmf6cDyHolA3umcUd/nsNzd8SkuiBWUYuK5Dn+ze5ASz+bRhG42JJgzDwPVcBucNIGgduDFX3E2wrGoFISsNn+kn3QqS8FxanVb6ZPUiO3BgOwCApngzm5u2MrJg6EGD1epImO3NO/GZPlzPpW9274POJ4QQQgghhBBCCCGOvalTp3Y55pgFqwBeQyWxV+/G3bESLB+kemQeiqZjJLr/z51fKFmJGZj4bfwnXQ8HCcAOek2tD/o6eGdja2pqCYerSQuF6FZYSHp65y0HjpUPPvyQaXf+iPy8fO6+ezoD+vfD7/cfMM62bTZs2sTPf/4LPvroQ3w+P7FYjLkvvcSQwYO6vE5ra4T6hnoaGxtJS0ujID+frCwJFIUQQgghhBBCCCHE8e24D1YBdKyR+Ad/wl78ZLLydP/WAIc7D/sHrKl95V0HI7MbwS9Nx+p12j+/4BPc2nXrufiSSxgwYABP/eUJsrOzuzynqamZm26+mTVr1mDbCaZPn87kG244CqsVQgghhBBCCCGEEOLoO5xg9chKNz8HKphN8Kz/JO3a32L2GAWe015hekTz7PuDBlwbPA//6CsIffWPEqoC8USCu6bfhW0nmPrd7x5WqAqQlZXJ9ddfh23bmIZJTU3t57xSIYQQQgghhBBCCCGOb0d986qDsXqcgnnVMNzNb5FYOQd3+8pkwKpMtFJdv4qvNehUz1XDwBpyHv7RV2GWjv78F3+C2Lx5C6s+XkVWVhZ9+vQ+onN79uiJaZo4jkOvnj0/pxUKIYQQQgghhBBCCHFiOG6CVQDlS8MadCFWv0m4e1bjbPsIZ8u7eOEtyUpWndzASnkuGMkd4JObVSmw/JjdBmD2PhVrwCTM/PKDb2T1L6quro6EbeMPBA5rM64OFKA1lmXRf8CAQw71PI+du3ZhJxKkp6dTVFQEQDyeIFwTxnWTFcnZWVnk5OSgtaaqqppEIoHWGo3GNE26l5TQ3NKCY9sUFBQAUN/QgOs47T+3SSQS7N69G9d1yc3NIzc3p/1Ya2uEcDgMaPLy8tr7vNbV1eE4Dt26dQOgoaEBJzV3TW0tkdYInvZQKHJyc8jepz9sa2uE6upqDENRVFREMBjEcRyqqqpxXAd0st+uP+CnpLi4/S8G4vE44ZoaunXrht/nw7ZtqqqrKS4qwrYdwjXh5DPQmrS0NLoVFnb4SwXXdamqrkZrTUlxMYZh0NraSrimhrzc3PZ7cxyHnbt2UVJc3N4/NxaLUVNTS/fuJRiGkVpvFcXFxe2bkTU3N9Pc0kL3kpIOz9d1PaqqqojHYwSDQYpT95RIJNhTVYXWGjR42iMzI4Pc3Fz2VFVhKNU+trm5mbq6evLz8wgEAlRVV+O5LlonvzMZGekUFBRQVVVFRkYGGRkZAITDYdLS0nBdl7r6eizLQimFY9sEg2kUFxcd8vsohBBCCCGEEEII8Xk4roLVdlYAs2wMZtkY/KfeiG6pxquvxGvchY42JEMrO4bhD6HSslG5PTHyemGE8sA6wsDwX4jP78MyTRKJBA0NjZSVlh72uZVbK4nFYowaM5qB/fsddJxt2/xt3uts3fopubm51NXXM2LYcM6aMJ76+jqeff55cnNzwdM0NDbypQsuoLy8L3PmvoRlmmRkZOJ5HmnBIBdecD4fr/yYJcuXc9stN5ORkcHixUtobm7iyiuuaL9mIh5n7iuv0NTSgmmY1NXXccWll9KrVy/27NnDnJfmYpkmls9Hc3Mzl196KT16lPH+hx9SV1/P166/HoAVK1ZQU1vHVVdewVtvvc3O3bvJzcnGsR2i8Rhf/tJF9OjZg5qaGp59YQ5+n0UinsDy+bjumqsBeOb558nJziYYDOB5Hnk5uRSd1609uKyurua5F+bw1euvo1thIY2NTTz3/Avc+LUbqKmpYe6rr1KUCnrr6uoYOWIEFePGYRjJrh2xWIyX5r5MS2sLt06ZQm5uLu++9z4rPl7JmaefzplnnAHAxo2beOGll7joggsYNWokAFVVVTzz3PN86YLzGTp0KM3NzTz7wgvcetNNZGRmorXmb/PmsXVbJf926y3trSISiQR//dtrbN+5g5ysbMK1tQwbMphzzj6b2ro6nn72ObqnQl7P8+jbty/Dhw3luedfwHVdbr15CllZWbz19tusXb+B8845m7LSMp559jny8vIIBPzYtkPfPn3Iycnhb6/Nw+f3c901V2OaJm/Mn8/ggQPx+/0sWbaM1tZWEgmb3JwciouLKC4+97C/x0IIIYQQQgghhBCfleMzWN2H8qWhcnth5PY61ks54Q0ZNIic3ByqqqpZvnw5w4YOOazzYvE4jz/xOMpQ/GjanYesdl2xYgWVlZVMvuEGMjMzqaqq4slnnqV/v3KCwTS0p7nyssvIyMjg7XcW8s6iRZSUFOM4DmdVVDBo0KDkRBqUoQBNLBZj4aJ3ufCC81GGQu23TVlNbS3btu9g8levp7CwkI8WL6axqQnXdXnt9b/Tt08fJp41AcMwWLZsGS+9/DK33jwFn+XrOJdSqWtCwk4wasRwJowfj9aal15+mfc/+pDSslL+9tprDBrQn4px40gkErw273VqamspLChAex4XXXgBhYWFydvQuj0U3XsZhd/na7tke0Wq52lCaWlcfdVV+Hw+Nm7cyMuv/pWRI0aQk7O3Atfn8+GzfOzatZusrCx27dpFwB/A83RqHo9Vq1dTUlTE8o9XMmzY0GSVJ8mWGm/MX0B5eXl72NvWobi+vp7q6jDZ2Vms37CRU085GYDlK1awe/dubkz9Tnfv2s1HixcTj8dRgGkYXHnF5R2+F5FIBNNMVsXW1taSlpZGVVWYQMCf7NqR2jPvyxdflAzaUzzPw+/3sXV7JevXr2fIkCF4WuN5msGDBzNw4EDeffc9duzaydVXXonRfg9CCCGEEEIIIYQQR9dxH6yKz05mZibf/94PmPq973LvffdxyiknM2jgwEOeE43FuOvuu1m6dCk//OG09rCtM1prNmzezOiRe4PA7t2706OslPUbNjJ82FCUYVBfX08sFiMcDpOVmYllWQR8PpauWEnljh3J1/MLCznl5JNxPU2vnj3ZvGULlZWVZGZm0tTQ1OG6eXl5dCss4NnnX6BXzx4MHDCAvn370tzcTG1tLRecd2776/BDhw7lvQ8/pLo6jGF0Esol8z4sy6Kqupo1a9biui7h6jCnnXoKzc3N7Kmu5sILLsCyLCzL4orLLwOguakZ0zRZuOhdMjIzcByH3r16M3TI4PbplWGg0by9cCEBf4BINIKnNUopDENh2zZr164lEAiwZcundOtWSCgU2ucZg8+y6N+vH7v37KFbt0JMy6K4uBjXdYBkpWttbQ3XXXMNTz7zLHv27KGsrAxPe2Tn5OD3WSx6911OPukkLNNs3/nt41WrGDJoEOXlfXn1tdcYPWoklmWx6pPVjBk9mqysLGKxGKH0EBMmjMeyLLTWeNrjjTfn4/P5iMXjnDW+gmAwiGlalPctY/v27QSDQQJBP2mhIJ7npu7X4O13FhIKhbBtmyGDB9O7dy8Mw2Rgv3689c5CSktLSQum4Tg2SqlkGJz6XysVTgshhBBCCCGEEEIcCxKs/ou54vJLqaur5Ze/+hWXX3ElP585k/HjK8jJzu7Qy7O5pYVPVn3Cffffz/IVK7j77ruZcuONXW4i5joOltXxa2UaJradSP2keeVvr2EZBlnZ2e2hp+NpMtJDdCsoxHGSr3lDsrVAr549GDFsKG+8OZ+yslJMs2MFaDAY5KorrmDjxk1s2LiRF19+mfFnnkl5eTlAh4pRpZIVr57nYhgQ8O8TzmkwUnMbhkFjYxOfrFnD1q1bmVBRwYgRI6iurm6fZ39tIWN2Vhb5+fk4rkNmRnqn40LBNNJTx3Rq0zWlFI7jsmXrNjZv2UJJcTFfufLK9lA4OQZsx6Fnjx6s27CeVZ+spntJCfF4nLaEdO26dWSkp6O1Jj8vl6XLl1NWVoZCEfD5OPfss3luzhwy0tPx+/0YhoFt23yyejVjTz0Vv99PpDXKnj176NGjB4l4HF8qxNywYQOL3nsP23a49JKLCYXSUSjy83IJBALYto1lmmitcV2XPr17s3HTJhK2Tc+yHtTV16WqVTWe1mRnZ5Gbk4tt26SlBYFkH9pTTz6ZjZs38dY7C/E8r0MI3vbok593/C4IIYQQQgghhBBCHC0SrP6LMU2Tf7vt65xyyik8+thj/PjHPyGUHmLQoEHk5+XhoWlqbOTTT7fS3NTE+LMm8D//cw8Du9iwCpLBYGn37qxZu54xY8bg8/loaWmhcscOzj/nHAzDwFAGl15yMfl5ee2hXjwex3Uchg0dSr9UGNpGa000EuX0sWNZvXYtK1etYsjAQR3GrFu/nsrt2znvnHMYMWI477//PqtWr2HYsGH4AwE2bdrcvkHV9srtOI5DYWEh1eEadu3e3T5PNB5De8mQM5FIMGjgAM44/XTenD+ftevXMWrUSHJzkwHirl27yM/PR2vNa6/NY8CA/hQVFaE9zamnntK+idT+tOehlMFpp51KVlYW9fX1rNuwPhnKeh5paWl8+eKL2L59Oy/OfZmqqip69drbBkMDjuuQnZONZVosWbaMy758CZs2bsLyWdi2zZq161BK8fKrf8VxbHbs2EkkEsHn8xGNRSnsVsj4ceOY9/e/kx4KYVkWe/bsIRqNsWbdetau30Ag4Gf5ihX06NGD/v37s37jBkaOHMGIESMoLi7hL08/RSJhEwppUIrTTjutQ8jZ3NyM47rk5iZD05WrVnHZJZdQXRNOtQJI/m7HnnoqofS94bPrurieB0oxftw4/vjoY9iOQ7++fTo8AyGEEEIIIYQQQohjTYLVf1FjRo9izOgH2L1nD1u3bmP79u00NDSQlhYkGEyjZ88e9O3Tp71X6OE6ecwYNm3ewjPPPkef3r1Zu349hfn5DOjfj5raWjTJCtNgMNh+jtbJcG7J0qXs2VOVfKVdw8knn4RhKOKxOKZpcs6kSTw6axbxRKLDNUuKinnl1b8SiUTpXlLMshUrGTlyBKFQiHMmnsUrf/0bzS3N+Cwfy1asoOLMM0lPT6dP7168s2gRc195heysLFavXsPFF30JSAariXgcpRTjzjyTRx59lPnzF3DBBedz/rnnMveVVwnX1NDQ0MjmLVsYO/Y0dOqV/rffWUhOTg6u65AWTGPMmNHtFZ+e1mjPIxqNkZWVheM47SGj53m4roPruvTu3ZsRw4cz56W53DLlJjIzM9seFrFojGAgQGn37mzaspn8vDxWRiIUFBaybds2otEot91yC/6AH8dx+PPjs1n58SpKu3fHcVw812Xo0CEsX7mS2tpa4vE4H3z0EaNGjeSs8eNRSlFTU8OsJ55gfEMDZ5w+llmzn+DJp5+hvE9fKndUopQiNzcHz/PQ2mP+/AUEAn4c16W4qIju3bsTj8cJBgMUdevGnqoq8vLzaW1pxfM8kjvQaRa8/TZZWdm4rkNmRgZDhw5Fe26q5UA6Z00Yz19fm5c6J8l1XBzbPvIvvRBCCCGEEEIIIcRnyLz77rvvPtaLEMdOZkYGPcrKGDp0CCedNIaRI0YwdMgQykpLSU8/8DX2rgSDQfr3KycaixGuraVvn96cNWECgWAQ1/WwLJOeZWXtQWMb0zCxLItEIo7retiOTc8ePQj4/WTn5FBQUEAoFCI9FKKgoICiVAVq2zX7lZdTW1NLbX0dQ4cM4aTRozFNk8LCQspKu1MVriGeiHPm6WMZPnwYSinS09PpWVZGdThMNBbj1FNOYdDAgSil8DyP4qIicnNzsSyLsu7dqWtooKy0lKKiIkqKitm5axehUIgLzjuXgoKC9mAVBbadwLYdDENRVlq6d6MorbF8Pnr26NH+ir9Sil49e2JZFsFgGj3KyjAMg+7dS3Ach1AoRPY+FbCGYdC9pITMzCwyMjIoL++LRpOfl0c8Eadvnz6UlnbHMAwsyyInJxlcFhYWkJaWRklJCT6fj+4lJQSDQYqLi2hqbuak0aMJhUIYhkEoFEIpRWZGBnl5efTvV45t21SHw3Tr1o1JEyZQWFjYvgmVqz0c2yZhO4TS0igq6oZpGvTp3ZusrExycrLp3asXWmtKiovJyspur3C17QS242CaFmWlpRimSXFJMRnp6eTn5WOaBmWlpe1VwFprsrOzKS4u7rI1hRBCCCGEEEIcT8LhMIsWLWLBggXMmzePdevWUVNTQ3Z29j/0/8H/Wcn9VH5Iz5496d69+1G/vjjx3XnnnTzwwAM8+eSTfPLJJ5x99tnHekmfmddff73LMUq3JSNCCCGEEEIIIYQQ4jMXiUR44oknWLhwYftn+fn51NbWtv9cUVHBV7/61Q4bGH/eHn74YRYtWkRFRQVf//rXj9p1xRfDd77zHZYvX97hs9GjR/Pggw8eoxV9tqZOndrlGAlWhRBCCCGEEEKI49DaRyczs/Im7p0+ic6atHV1/JDC85kxdSEV905n0hGeHJ4/g6nbrmbWlMGf63W+KLZt28bMmTOJRCKMGzeO888/v8NeGtu2bWPevHksWrSIUCjEtGnTOhz/PCxcuJA5c+ZQU1PT/llBQQGXX345FRUVn+u1xRfH4MF7/x3wy1/+kh/84AcArF279lgt6TN1OMGqbKkthBBCCCGEEEIctxbyv48eGFKE589g5oJjsBxxRCKRCDNnzkRrzT333MNtt91Gr169CIfDrFu3jnA4TK9evbjtttuYNm0aWuv2EPbzMnv2bB555JEOoSpATU0NjzzyCC+88MLndm1I/oXAjPnhAz6bPPlROnzTw/OZMXkG+w3dT5j5Mw6c77iz9tED7+9o2vdZHtZz7dp7771HY2MjjY2NjB8/nnPOOYfx48fT2NjIe++995ks+0Qgm1cJIYQQQgghhBDHq54VVFR+wFoGs7c2LMyqhTBxYjkLKvcZu/ZRJndIWycybdYUBpMMrj7odROVjz3GZsq56Uf7VSWmzi2/6V6mTyoE1vLo5Jm0zzZxGrOmDE5Wqz62GZjJ5MqbuHd6Ca9MfoZe0ypYOPMxNgOUH6KK9hBrJLXOvYf3PRZm/oypPLY5dehQ1ziOzJ49m0gkwj333NNehTp79uwOvRsHDRrEHXfcweDBg7njjjuYOXMms2fP5rbbbvvM17Nt27Yu+0a++OKLnHTSSZ9b1WxBr3I2L1xFeFLb7y/M7spyyssX8MHaKbQVQYZXLWRzeQW3H++/5H9Rr7/+Opdccgn33nsvAK7rcu+997Jr1y5ef/11zjjjjGO8wqNDKlaFEEIIIYQQQojjVgnDKyr5YN9St/AqFlLB2H1zr7WPMnlmJTfdO4tZs2Yxa9Y0JrKAmftUuy54bBtXz5rFrFnTmZTX+bn7hqpMa5vrXm6qnMmM+WEKJ03n3pvKk0Fre7C5mcdmts09i2k9H2PqjPkcUBDXxRrD82ckWxuk5rn3pkpmzphPOBWqLqy4N3Ve6hqdVPIeT9o2qho3blynoeqgQYNIS0tj3bp1PPzww0Dy1epx48axaNEiwuHPvgpz3rx5hzVu316wn7XC4RWUb95Ge71s6vt8dUU5lbv33nPNts2UVww/7sPzE07hJKbP+mxac1x88cXYtt3hn8/jLwSOZ1KxKoQQQgghhBBCHMcKh1dQ+cpa2kr5wqsWQsXtFLBP+DV4CrNm7XvWYMZOhA7dAiaO5YCuqDXzmTFzAROnzWoPWsLzn2HBxGnMah9cyKTbb2Lh1FdYO2kKBZ2sceK0vVWngy++ifKpC1kVnsSkDks61BrX8spjm5k4bXp7kFY4aTqzJgFrH+UxbuLefZKgwVOmMXHyM8y/+Pjt3bps2TIAzj///PbPKioqqKmp4fLLL6dXr14sXbqUBx98sH1s2/hFixaxbNmyDud+FvZ//f9gKisrux70jyosoScL2R2GwYVAzTY29xzL4OEV8L9tlaxhdldCz7Ftv9yOFdQTp83iYC1+O1Q9pyqtgVS/31RVNeXc1Nb3t60P8E3/n717j4+qvvM//p7JJCSBBJgkBEswQ0PQYHHX4ArIRApFbX9q1e6WcOlSbHdtFymypmXrhYLVli4VC1Xp1m0fsPwkXPa39VL7sFgrhUQBC7jVQuRWAoTKJROEQK4zc35/nJnJzGSSzCQhmZDX8/FILXPO+Z7vOd8z33POZz7ne67VunXmgnnzVmq+1viysxWUyd1OObEIKSOsniHZ2VM1b94JrSsr0sql01S9dq6Wq2Xec28/qRLftKxo6xY87nH1Ws1dLk2duk3bfPssZFvbcc8996iiokJnzpyR3W7+UlNTU6MLFy7onnvuaXdZt9utZre7zemJNptstr4RsuwbtQQAAAAAoL/KGqeiE6/7hgMwhwEomp8lfRhh3lYBm/YKPqp1y49KmqoZQUGq6uNHpW3LNbfVGK5tFZan3OBoa9Y1ulZHdbxaihiFjVTHcx/rhPJUFGH+cx+fkI5uU8ncda3WO6+NGsWD48ePS1LII/W5ublatGiRJDOj1Z9BmpGRETJP8PLd6aOPPopqvisaWFWBJk49qi0fntO0aVmq2LVNUyc+IGVJ1x7dYgbks6p1/OhUTSyQzEDjcp2Yt1Lrp2X5jp8n9XaEoGFL1rMZnH37yRI9+fZKLZ1WrbUl63Tto+u1tMAXkCxZq2sCQ00c1brjM7R+/QO+zOoSrZm3UuvXZ/mGvzB/VChQRUg5qliruSHlROOc3l4TVMa5t/VkScuPBBVrS8wfEtZPU5YqtHbuNikvmheKdbZu23Qi19xWc9vX6O1x7QeLX3zxRU2aNEllZWU6d+6ciouLJUlvvPGGPvroI/3N3/yNXnzxxXazV8+cPt3mtJycnHZrHE8IrAIAAAAAENeyNK7ohNa8fU5Lx5mPTbcadzIoWDnVF1ipWDtXyzsoeeqj6zVx11wtXzsxKGNOYRl0Yavq7GZ0so6S+syYqsGqq6uVmRkpsmy+NX316tWqq6tTRkZGINjql5GREXV26ZVwJV+eJfnGWT1ubt/HJ/KUe7fkD7juqpZUvUvbpk7UA5I5VMDRqZqx1Nf6WdM0Y+o6X2A2uNRz+rDsqPKK5vuOkyxNW7rezJqueF3bNFWPFviLmKGp65abY7pmSlKe5t1d4K+c8pSnonG+Uq65tmUVFbu0LW+eVrakZ2teXknI2LAdM+sVUH1cRyWZodMK7domTX3Uf6wX6O55edoWzcgM7dUt8mHoM1Uz/FHUzFzlqe2g+qlTp/Tqq6/q+uuvV0ZGhm644QbV1NQEhrKQpBtuuEEZGRkaPXq01qxZo3vvvVcjRowIKcdmsyk9PV0XL15stY709PQ+k60qEVgFAAAAACDuZfkek66QOQxAlkIDnOc+LNPRdoKhkZmZpuaj+8u1dqL5eHVmbp5U9rHOqSDKQKYvO9U/cxvZp+3WMTjLNSt80rWSb0zOvhRYzczMbDNDtKysTHV1dRo5cqQef/xxpaamhkx3uVwqiD5SF5VYM2CPHz9+xV5glTWuSHllH+vcuY9DfigomDhVy3dV6O7cE8ozo62+wOM2LQ9PoZ4anhJdreNHpWtntD5Kzn18QsoriphAHYu2sqfzAuMaRCdkuIK8POV1sV4d1q2rG+6zc+dOTZw4UVlZWfJ4PPrc5z6no0eP6rQv+3T48OHKy8uTx+NRfn6+hgwZop07d+of/uEfWpU1ZMgQ1V66JMPrDXxmsVo1ZMiQ7qlsDyGwCgAAAABAvMsapyKVaPm6PM1b2UYA50RLMPTc20+agZt2hwLwlz1N8+eVqWT5Wk1c/4AKfNl8a94eFxhrMXgsx0i2bUWS2egAACAASURBVHlbd/sySiteX6ejUx/V0vDob7t1NDPzSoLKMR9Llh5db2behWTVBqbF8gh2z8rNzVV5eXnEAOX999+vgoICXX/99a2CqpGGEOgO0b64Knj+K/YioqxrdO3RXaqulo5eO7ElYJ6Zq7wTH+tDSUV3B2dRTtWMiG0dfIBlyvxNoHWQs7uC81nXXCvlFUWRPV2htXO3KNc3XEFIYPfc29qyrfUYr13Vbt266T1oR44c0fjx4+X2jY+ampqqcePGady4cSHz+acPHTpUR44ciViW1WrV4PR0ffLJJ4HPBqeny2q1dk9le0jfqi0AAAAAAP1SlsYV5Ul5RRoXIaKTNW2+5mmdSubO1dy5c1VyfIZWzsuTtu1SRTSlT5uveXnbtHxthaQCPbBynrSuRHP95QW9ICdrXJHyti3X3LlrA2VPvfZ4YN3LT8zTyghZqR3VMWvaUj16bcv0uctPaN7KB1SgLE1b+qimblseqE+8B1UlqbCwUFLkgObWrVv1n//5n21OC16+O1RUVKi8vDymZfxB4SujQBOnntCuXSc0dWJQK2aNU5HKVHbiWl2TFfRZ3jZtedsfHazQ2rlz9eTb4dFC8ztytOzDQByxYu1czV1bIRVM1FRt0y7fAXvu7S3aJv8YrrFUe6KmHl2n1/0H/rm39eTcuVrb6kuWqdy8oyr70KxJ9fGj0rXXBAU8fdnZ8v0QEbRf7p6Xp21b3vZtg/lSt0CpucHfaXPog9jr1jnnz5+X1WpVU1NTTH9Wq1Xnz5+PWGZ6erosvkCqxWpVenp691S2B5GxCgAAAABAHCp4YL2CRmJU1rSlWj+trX8HjScZEDQ9rCxlTdPS4MLCl281va1lK7RLkiY+oPUPPNDBvB3UUb5tjlCMVKAH1q9XxElxKisrS06nU+Xl5SoqKgp5tL+iwox2hb8kyh8AdTqdysrqvoEPVq1a1anlli9frv/4j//otnoEy8yVtq2T5t0d/GmWrrn2qI5qRlDQ3AysH59bosBT7lMfNV9kFZaKmTVtqR49Prflcfi8eVq51CzpgZXz9GTJXM01J/iC9rEqCCtHypu3Uq1/R8jStPnzVFbir/NUPbo+MMCrZkxdp+XL52qbpKmPmj8a+IfBCN2GPE2dmif/sKf+sWHNYRHyNG/eVCmQ7NpO3bohY/X8+fOy2Wxqbm6OaTmbzabz589r6NChraZZfY/+n6+p0ZAhQ/pctqokWQzDMHq7EgAAAAAAoC+q0FozfTRCcAl1dXX613/9V1ksFj366KOBx/uPHz+uvXv3avz48YHP/C+0MgxDP/nJT1oNEdAVL730UqsgbjSuvfZafeUrX+m2eiB2wcNw9OYYw3/4wx908OBBTZgwIabldu/ereuuu06f/exn25zn9OnTGj58eFer2O1KSko6nIeMVQAAAAAAgCsgNTVVjz32mH74wx9qyZIlKioq0h133KHc3NyQIOubb76psrIypaSk6LHHHuvWoKqkiMHR48ePq76+PvDvlJSUK/ayKvR9ly9fVkJCgjweT0zLJSQk6PLly+3OE49B1WgRWAUAAAAAAJ1kPqKPtuXm5uonP/mJXnrpJZWVlamszHx2OzMzU9XV1YH5nE6nvvKVr3R7ULUtH330kTZs2BD495w5cwisok35+fl67bXX9Mc//lHJyckaOHCg0tLSNHDgQCUnJ0uSGhoadPnyZdXW1ury5ctqaGiQFF3mZ1/FUAAAAAAAAAA94Ny5c9q3b5+OHz+u6upqZWZmKjc3V4WFhd06pmo06urq9OKLL2rfvn0qLCzUgw8+2GNBXaAviCYgTGAVAAAAAAAAAIJEE1jte6/bAgAAAAAAAIBeRmAVAAAAAAAAAGJEYBUAAAAAAAAAYkRgFQAAAAAAAABiRGAVAAAAAAAAAGJk6+0KAAAAxMq47FLjjuflrtwto+58R3P7/mu50tW6ClhkHXyNUu79d1mzRvd2ZQAAAIC4RsYqAADocxq2rVLzgd92GFQ1DENmQJWganQMeS/8VXUvf7u3KwIAAADEPQKrAACgz3Ef2xnVfIRTO8eoPdPbVQAAAADinu3y5cu9XQcAAIDYNEV5/WIhtNpZXCMCAAAA7bOZj8gBAAAALbhGBAAAANrHUAAAAAAAAAAAECMCqwAAAAAAAAAQIwKrAAAAAAAAABAjAqsAAAAAAAAAECMCqwAAAAAAAAAQIwKrAAAAAAAAABAjAqsAAAAAAAAAECMCqwAAAAAAAAAQIwKrAAAAAAAAABAjAqsAAAAAAAAAECNbb1egTYdKNX9VuRyzntLiooz253WVacWSnZr01GJ1NGu3LtsDXGUrtGRjZesJjll6anGRzCofUun8VdKiNZo9xr9Mjhatma0xbZbZ9vQr75BK57+ikXG6z3uMq0wrlmxUhNY1ORdpzZ1n4vr4jI15nJZHmuRcpDWze+loLJ2vVTLX7ypboSUn7+uduhwq1fxXRgZ9r3u8Aiqdv0pVbfa5HU1vr+hSmV1UtH1O0LES0tfFCd/5qTVnF/vVON/uPixxxptKHpnWekLNb1S79uluWUfyAzuVqLbKe0KpJXdJf56kuq3dsrqYJc54U8lZh9XwwkNq7oX1t3k9E9b/u8pWaMnOSVfg+HepbMUSnbzPvFbq+7q3z45lv/fqubJPa+s6yKFZV8V1HgAA/VOcBlZdKnulXE6nU+Ubt+pQ0RUMAGYUafGaoitVeveIEHQ6VDpfS1ao7QtgR5VeWVGmr4dPP1Tqu7HJuXL1RXRCjr22bvjGxP/xGZNINw/mjcaKkZ0I2HWDMbPXaE2PrzWO7fylSrMXhx2HLpWtMG8GHT1Rh0N7VB7vgcUI9XOVrdCS+aWdD672he3uy1oFUYuV8tAipT2gbguuogOtrmfMc9/80pbPM4oW66o67V1p3dRns997SuvrIFfZCi1ZUqrsXkt4AAAAXRGfgVXXAe2sdOq+xTdL5au059BsjQm70jhUOl/+hCGH0xk8xcyGXDRJO1f5sgEds/TU4mxtDfxKHHRRE5Kx6lt2Vo42bvT/ntzVDKQrY8yds+RYclIuqY0b8EmalLNTB1xFIRdvh/b4AtYR0wbjSFhGmHNRaMAxuP19M5g3ZZEy41xlWrHkpO7zfRaaNRPnWQLBx6d827FIWuXf+EBWqz/zNex47WA/xocxunOWQ0t2HpCryB9QMm+2W5opLNgUlu0byGx3lWnFL6VJORu1sVySc5GeGvlKWBZOaIa3P2P1qZGv+I6LVZpfZa7PVTpfr4xcpEk7V/nqYh4v2VuD+p+QbKCwbJSgIIKZ4TNJs6o2BrYrsGxQOy2Zf7JX+5ycSZNUteeQQjpd1wHtlFNOR7mqpMiZ/jFkpR4qna9XRs5SzsaNgX3lDMm4N3fQkvkbfZ+HHQ+9mOHcnoyi++Tc+IrOuKQxGVJHx8MvNSmwD26e5tCet8O3O7y/Cv5+H1Lp/D0aOatKGzdWSo5ZemTSTj178j4t0iq1dBFrdOeZoDJC9l3YflXw8RzF+bCt72GgfpG3PX5sVv0L+UotuUupdz7tyyQ1g6225Ja5jJOrdGnLZvMfhS9o0NRCWSJNkyTdoNSSnUrw/csTnqH6qY1KK/GFuhr2hWWPmlmt/mXDy05+YKcS7UFlBQWKkx/YKevlfbKOLJRFtXJvu0P1+4LLq5WnJvY9dOVlqGjxIp2cv0qlNwcd874+W2Hfk8jfi/DzeKRjL6PlWF81PyiLs52+Jfx8Mm6c9OHgkO/AlcuujV5UfbZfq2z7lu90+H5v63zVsu9bzpUZaq9NouhLOqpXW+dO/+a2dzz0geugjLGT5NDJwL+Dn6SRFHrOdUV+YsIx6yktzt7a9rS4vdAFAKDvi8vAquvATlU679MYjZGc0qo9hzQ76ILxUOl8raqapafWFCnDf1EshyYF5qjUxlcm6ak1a5Thu8BeMt+hWU+t0ZoM3/JbD6ko4pVVpTbu9C9rlr2q9OY4vCHs2Nibc/TLAy4VBd3o7il36uZFiu/AaiBAs8a86HaVacWSFSrzXSiHtr9/fv9N2c1yKjQY33I8Bd04rFncsmyfyhIo16o9i7RmzWzfflml+eVO374yj9dXyu4MCta1vR/jl7kdOyc9pTWLfaHQ0vlaUprt+x4eUumSjcpZtEaLx8j89/wlKs1eo9kZkio3msuu8YVoy6Jba0bRYj2l0McbXZIqN76iScF9x5L5cszylX+oVPNX+bPqWwK2a8a0bMeKsqAbmvKNOumffqhU81f9UmVjF6tozGytWaReHgrAJ3usJu3cqkNmDyzJ/A5p0n0audN3k54xVpMcG7UzqH85tMccuiXa71Hlxp2B/eoqW6Elq0p185rZGlO0WGuyg4dF8PXxOYu0ZvEYRcpwi08dHw/B+0CSvnZj6HAQLcO2LG7pv0IyYsu18eQirVnjD9buNH+MXLRGZhexQktWzVe50zePq0wrlryisjsXqygjfL/61+c7JjOk9s+H7XwPx0TxXYgbT8tbc5dsg4slyQyq1v1GtS+YAUtzCIGvK6VwsxmonFoobyBY+oRSSxYp9c7NLcFTe4aMbZNUu8+37Gc2KnnrLDX4JifYpeaVk9QgMxia/NAL0gsPqdkXVLWeXKXaLZsDZQ+aIV3astkMqqbuU8NKXyD2zo1K+0xwQFhKGGkPlK3w8nwB4UBF4soY3eyUXmn5RSJE+Pek/fO4malZNesprQkKnK4oe0qLFz8lhTwZEkXfEnI+MY/rlusLlw7srJTzvsXx32dLvnNOlWY9tSYo4Lmq7Wvcts5Xkc6VHV5btdOXRFOvtuqSId+TWC39ZMi6+8h1kOvATmnW16M7f46ZbV4D+pf1nSfuK8qQ1N40AABwpVgNw1B8/R3U1o2Vco7Pl2EYyr9jphzlr2hHdcv0PeWS816n7IYhw7DL+bWZckiBMqTg6fka75TkvFdOuzk9f7xTqjqt6qD5Iy9rV8FER8i8Pf8nSeGfVWvHLzeq0jle+UH1Vvgy+eOVs3N/S90P7lG5c7zyA7P3Xju3vf5q7XilXM6HZwW2zbA79bWZ0satB832m/WCXviOv43M7XQGtt9s7/I9BwPl7d/pP54OautGaebXgpedpYed5XplR3Wv7g/DMGSEtGHkfSU5NPOOfN9+KdBEh+SYeYdvX5nHa+XJ6qj2Y/y0u/mdd0wsMNvl4FZt1Ex9zWkPzJM/62E5ff1A9Y5XVO6YqTvy/cvna9YLL2hWfss+mlhgDyq/9Xco5Pui4Olh8ypC3yGn7vXXLX+8nKrSaX+9nA8H6uHvm7Rxqw76yw6ud/54OVWpk9Vt17M32keGXQUTq7TnoP/zau3fKXOfBvab71gL9C8Htac8fL8H/4X1OWH71V4wUQ7ffmy1Lw5u1cZKpx6elR+yX0PPCz39F7mtDpauUrljogrs0R4P5ryRy/WdC4O+w3bn1zTT0dJfSQqcKwPLBx1j5n4N7zP8x5xdzu+8oBdmtSxvzh/d+bC972HH296Nx2s38FyulWVgvswM1kkhwwI0Hzmsttf0tOpWhmWk1uxQ/b7gZTNkKQxa159bgqwNf9onIzlftkIpccZtSmjYp8ZAhurTqvtzpSwj71OypIa1k1QbnN26db884dWp2d8SN73zBiWoUm5/efseUuPJ2qj2R7Ce+N4YhiF7jv/cFT6fwr4nHZzHff1FoI/2Heff8f/b3Kio+5bQ80nY9UX1fu2sdGp8fqz7oZu/A1H12eZ+euGF7wT63cD1ccTzn2I4X3V8bSW1c20dTb3arIt5rdNyHeQvb5by4/Y6qFIbl8zX/Pktf0s2VgYd/0bYdUlLW7cqr3qHfrlRmvn9oG2MZhp//PHHH3/88Rf1XzTiL2P10F6VO2bq+/6fbTPGaqJjk3b5M6NcZ1QlhyYG//iakd3hiKGOnD78a235aj0UnmHqmKnvz+rot+0xGp/zamA4gEN7y+UcP0vS3itU0e7gUlWlVL76odaD+zvD5iz7sb63qbLV5DHjndLqvTo0a4zGuA5oV6VT946R79ipVPn3HtKmsKIdM7t3K3pSTnakYzv6/dizKrUp4v7/vr7jy6hwnamSKsv1vYdazaWZklxVlVLOvb2XIeTIibhul7nDW39Xe3eHd0rG2ImqetP3aKnrgHZpor6WIR0Im8exqcocjsR1RlWOibrjCjSK60yV5JgYus+j6POvuMpNEY5Rpx5+wcw2PdTV4yHSuU4Zyo55w3MUsYsIcmjjQ1odqKdDE6OpXjvfw6vhuxD62L0/IPm0mk/epuTP7FTaZ9SJF1/VyjgX9M99H8s7tVCWLClhYJpU93HoS6XO1ciQPaSE8JdwtQqu+ucbnCE1HA6Z3nzBpeSsGKobjzo4j0fsL9osKva+Zcx4p/TqGbk0RhmuKlU6x8fF0y7R9NkBrjL9+HubWl6c2dWvZXddW3WqXua1Ts69fek6yKGZ3/9OaMbsoY16aPWrKrvjOzFk0h7Sxu9tkmZ+P8Iy7U0DAADdzRZtBLZnuFT2arlUqdY3rJVv6pBzpvKN4F9tQ2cJ/Sxseqtoc2gEuq1ljeBf5bu6eZ1gGJKcD+v5mfkRJ4bWyax3cJ3zx+do9ZuH5Jwp7S13avxMQ8bhtpbvWZHa0M/58POKvMmGXGXPaOnmSklOPfz8t5Wvw9q0YLUC7ZY/Xk6t1t5DM2U/vUuVznuDMnsdKn7y2xEvNHv3u2AEZSgEfxx0fCr8WG29TPh/29uPvSN0/x/etECry1uyi8y6SXIU68lvR3ok3lDL4RthGyJ8n9v+Dofu69BlwuaM1HdEmt7Od9UVVT16r69pYciwF2hC1VrtqP62xh7YJU14wMw0klr6UnuBJjg2Bb5nIfO0WXQb+63NftiQ2umD2+tDrri2jtHgenb6eGjr3BS0jmjOV0ETAn1F0DLm98+3Lc8XKcNVpmeW7o7qfNhSlTY78SjPW51n6XiWqCQMTJNx2exZAgHVBt9j94UvaNDUlu1o3nJHyKP4aSV3RRhntfu1BFQr1bzyDjX4HvW/0rrzXNFW/yqZwXjHCLtCzm+Rvv8dnMfNoV/a6kdDj//2ru8in3NlXl9Uvqr91U4N31su5/iZvXztIEXdZ7vK9MzSzaqUeW3w7XxfHyB1vN+D12WEtWWH11aukGV9VWopP4Z6tX/ujLx34u86KEK/nn+7ih1LtWt/tZxBO7Htc6RLZc+sVrnzYT0fdP1kam8aAAC4Eqy9XYEQrgPaXelQ8ZPP6/nng/6eLJZD5dp7WFLGcOWoUqeCX8LgOh06OD9a5I+Xs3yvDh/eaw4D0Nv16ZBdIxxS1WlXG9NdOrC7Us6Hn9fzz89sY3t8j+vtLTPnHe+bK9Kxc9XqaD/Gh/yZT6rYUa7Vz5TJX9OM4TlS5Sm11Ux2c8MUb1sWr/XqnAyNnSDtPnBYB3ZLE8ZGSnnJ0NgJDt/3rK15uqEmkY6HPtDnd/l4iNhfuXS62zb8sPaW+863EX/EaF9729e3vgtPyGqXvBc2+/5/rdzbwh67j2TrLNWunKSGk7WyZN2mxKjWlSZLcMZo4TWy+rJYPZdrpdRrQsvJsvuCx8WyZaXJ8+dJql05K6phUpsvuKRke+BFWJIvizUuHdbecilneBT16+A83tH5o8N5O+xb8jXeWandB8rMH6vj5qKq4z7bdWC3Kp0P6/nnIwcaO7/qrl1bda1e7V3r9I3roGBRfQckucrWanOlUw9H2GHtTQMAAFdGXAVWXQd2q9IxQa2uBzOKdK9TKt97WFK+bi92qPxVfyDGpbK1m1XZqjSY8jXeWa7Vq8tbAoxxLUNF9zpVuXmtygLXwi6VPbNAz7R8EHSh7PtlPqyU/PFOqXyzNlc6NCLwJKXv2Fm9KZD1KB3WpgULtOmwrjLR7cfel6GiB4rlqNyspf5GyL/dDLYGN8rhTVqwwGy3jKJ75azcrN8FJre/XebN824d8E12lb3a+rHA7tgSX73WBtXDVfaMFgQFjfuSjLETpM2rtVkR+uSgeRzlm9udp8taHQ++Pt95b1w/4tj146F1f+W/Yb632zY8OBhyWJuWRn8ube972He+C8VKeeguJdT8Jmic1ODgp/myqpbM2CeUWrJTqXe2LG/LSpNxbkf7QdggCaNf8AVPi5UyqVAW35iszVt2yJNcqAEzilvW9RmHjJOvBAKp1sH+ab56t7eira/I3eCQzV9e4QsaEDSEQPxoya6LLg7UwXnc11+8GnTsHd60QAsineQ72bfkj3eqcvPmuPuxOpo+O/gHD1fZM0FDgHRFN1xbdbpe/mud37Ws21WmZxY8ozJXX7kOknT4d9pc2RKot49wSOV7A9t0+HdBffPhTVq6WSp+MkJyQXvTAADAFRNHQwEc1pubK+UonhfxcdLRhZOln76qsuklcjpLtLDqW1q6wHz0bnJxsRyVu1sG6JdCHpVs9fhipEcs21o2MLmXhgIIqlt7cwXXO7zOowsnS+VS4WjfdoU8Xt4bDBmq1OalCxT68KRDxctK5BxdrGXFK7UsaLqjeJlKnHYZhuScV6zdy5bK1/yavHCZil9bps17Dql4tO9ScnShJqtc7zgm+F56YX5s9x07qxe0XLVPXvicZo5u+zGyntHGY7/Bx6eC/r8ReZmQ46Xd/dg7R3P490uSZHeqZGGVvvXT1XpmxDKVODPkLFmoqm+tVkszTdbC52ZqtGHI0GgVLyvWymULtCAweaGec9rV8sRh0DpGF2vh5G/pp7794CheqGLHT1Xl/74E9Q/2gglybF6tBeXm+oIfh/SXa/4n7NFqw5Bh+OvVcmzKUaxlJeYLO1qqFmlZmcds5U+1dMFu83vQ40HDsPrYCzTBIWmC76ViLQdjy/5oNU9bRYfut9Z9cst8rfsou5wly6SVy7TA3+CTF+q54tG994hjVH1orMdD63LtzhIt00ota9lwLXyu2Pc9iOJ81eoR2uA+Y7SKF07Wt1Yv8P3Q4FDxsoWavOyn2n2gWk5nR+W38z007O1ue68NBWA3H90PZpxcpdqQF0bdoDT/GKqqlXvbb+SZepcSRhdL+8KnyxxnNephAGrlPmdXcslOJUvmcAOBMVqfVt1KKbVkkdJKFgXq5h9ioH7nbRo0tWWa58+r5B69SLZPPSEp0jivm1X/Qn5QeZVyn6yVLcYxVrt1KABJKg/u102O4mV6zpkRWFfwcRZcD/+/2j+P233nj/Bjb7QMQyqY4NDm1QtUPnmhnpuZ337fEt4v+fmuL1TYi32QpFj7bLtznop3LwtcO2vyQi0rfk3LNu/RoeLRgdF8I+/30HWFnyvz222T9vuSjBjqFfnc6bvWCTSiuW6n3ZBhj8froLavf0cH+n5zn/j35+SFCzW5/DXJMHRoj/lZqzImL9RCtT3tOTJYAQC4Yiznz5+Pl8gqAKBPcal85TppXm8EgtHfJfzyC71dhaue5+tv9HYV4tBhbV64T4U/LSYrEAAA4Cr31FNPdThPHGWsAgD6FFeFdmuCvmoPy+gCcFXgGjGCw3v1zq2FmtFrT/0AAAAgnsTVGKsAgL7h8OaH9fD3d2vCVyfH/OIjAOh7XHrn2Yf18PPSgmJyVQEAAGCyuFwufnAHAAB9SuLauzqeCV3S/MBversKAAAAQK/5wQ9+0OE8ZKwCAAAAAAAAQIwYYxUAAACtcI0IAAAAtI/AKgAAAFrhGhEAAABoH4FVAAAAtMI1IgAAANA+xlgFAAAAAAAAgBiRsQoAAIBWuEYEAAAA2kdgFQAAAK1wjQgAAAC0j6EAAAAAAAAAACBGZKwCAACgFa4RAQAAgPZZLv7kNq6aAQBA3+Jp6u0aXP0Sknq7BgAAAECvWXby5g7nscli6YGqAAAAoE/hGhEAAABol03uxt6uAwAAAOIN14gAAABAu3h5FQAAAAAAAADEiMAqAAAAAAAAAMSIwCoAAAAAAAAAxIjAKgAAAAAAAADEiMAqAAAAAAAAAMSIwCoAAAAAAAAAxIjAKgAAAAAAAADEiMAqAAAAAAAAAMSIwCoAAAAAAAAAxIjAKgAAAAAAAADEiMAqAAAAAAAAAMSIwCoAAAAAAAAAxIjAKgAAAAAAAADEiMAqAAAAAAAAAMSIwCoAAAAAAAAAxIjAKgAAAAAAAADEiMAqAAAAAAAAAMSIwCoAAAAAAAAAxMhmGL1dBQAAAAAAAADoW2zEVQEAAAAAAAAgNjaDlFUAAAAAAAAAiAkZqwAAAAAAAAAQI8ZYBQAAAAAAAIAYkbEKAAAAAAAAADFijFUAAAAAAAAAiBEZqwAAAAAAAAAQI8ZYBQAAAAAAAIAYEVgFAAAAAAAAgBgxxioAAAAAAAAAxIgxVgEAAAAAAAAgRjYvkVUAAAAAAAAAiInNy1AAAAAAAAAAABATXl4FAAAAAAAAADFijFUAAAAAAAAAiJHNyyCrAAAAAAAAABATXl4FAAAAAAAAADFiKAAAAAAAAAAAiJHNy9urAAAAAAAAACAmNlv6sN6uAwAAAAAAAADEj0sdz2IxDFJWAQAAAAAAAMCvpKSkw3msPVAPAAAAAAAAALiqEFgFAAAAAAAAgBgRWAUAAAAAAACAGBFYBQAAAAAAAIAYEVgFAAAAAAAAgBgRWAUAAAAAAACAGBFYBQAAAAAAAIAYEVgFAAAAAAAAgBgRWAUAAAAAAACAGBFYBQAAAAAAAIAYEVgFAAAAAAAAgBgRWAUAAAAAAACAGBFYBQAAAAAAAIAYEVgFAAAAAAAAgBjZrkShFy5c0MWLF+V2u69E8QAAAAAAAAD6OZvNpvT0dA0ePLh31t/dBV64cEGXLl1SWlqabLYrErcFAAAAAAAA0M+53W5dunRJknoluNrtkc+LFy9q8ODBBFUBAAAAAAAAXDFJSUmyWq26cOHC1RFYdbvdSkhIkGEY3V00AAAAAAAAAAQkJCT02nCkvLwKAAAAAAAAAGJEYBUAAAAAAAAAYnRFL66FNwAAIABJREFUBkJlGAAAAAAAAAAAVzMyVgEAAAAAAAAgRmSsAgAAAAAAAECMyFgFAAAAAAAAgBgRWAUAAAAAAACAGDEUAAAAAAAAAADEiIxVAAAAAAAAAIhRXGasHt70Lf30nQgTbGkakT9Bt//97RqfndqldbTNpfKVy7RZxVpW4lRGl+frbb56jlio52bm93ZlAAAAAAAAgKvCFQmsdo8UOSYUakRQDevPVKji8Fta9/RuffDP39UDN6b3XvUAAAAAAAAA9FtxHFjN1oQvzJQzPBW07oA2Pf0zvbP2P5X/REnr6QAAAAAAAABwhcXlUACG738Nw1CrolIKVPzPU7Tv2e16bdsxTf57h29Cnap2/0q/euNDVdbUyy3JljZCN35hjmY4cxQYOKCuSuVbNuiND06p1h1pHv86m1V36E1t3vyGKs66ZUsZphvvmRdxPtf+/6e1//WOjtdLKcNu1D3zZsiZEzpUQV3Vbv3qV69p35FauWVT2uhCffFLX9KEkPmi2QaXylc+qS05X9W3bG/oZ9vPSmm3aN7jX9GNqdLFA/+jdRve0ZFat2zDCjXnX+7x1dPgpWIAAAAAAABAN4njjNV2OJyabt+uXx+plEsOZUg687tnteLXNRpxy5c0p9CulNpTeucPb2jflmdVn7JM/zI+XZJL5T9boS01ozXlS19VgV2q2feWfrVlharcj+uJz2a3rOPUa3r2Z9kq/NIcfdPuVsWvN2v7lmel9H/XvBsTQ+b72S/SVfDFOfpmWr32vfUrbVlxWKe+tUzF+eZ8dYc36wfPvaP6EbfoS18tlN19RNvf+IM2rKhQ5bceV3G+GTKNbht8dm/Qz7InqPibX1BzTYocqdLFvT/Tsv+qkEZM0Zw5BdKR7fr1c+uUduVbBAAAAAAAAOhX+mZgVWmyZ0uqOKMaSRmq1Afv1Cpt8r/okeJ8meHMsRpbmK11//YL7TtyRhqfLrkqtPu4dMs3F+rvx/qKGluglPontOWDw3J9NrvlJVRuu77w+L/pdl+sdWx+imr/7Rfa98FhzbtxbEtV3HZ94fEnWuYbn6/sp3+gX7+2W9NLnMpQpd74xTuqzf2SlpZ81lf+WI2dUKjXnl6htza/p88+8VllR7sNgfUWaM63ijU+kPBaqf/ZUiHlztDj/pdpjR2rcaNf0pP/cbw7dz4AAAAAAADQ78XnUABGy/+JXFSK0oZKgeEClKvpS3+k6f5l/LPZPqXRI6R9dXVqMgwlpqXJbpP2/XqTCtK+oHE56UpUigr/aaUKA8v6lh4xWTcNC1q/v6wzNao2DGX45xs9XbcEz6dhumnyCP365d2quDBZk2v26r166abpt8oeXDeN0JTpo/VW6R/0wekpmp4d5Tb4p+QWKDclaL1nDuvDemnc9FtC1pNSMF3T7e/p1wZDAQAAAAAAAADdpY9mrF7U2VORPm9WneuMTp09q7OHK/TBhx/qyFlJqtVFSRmJN+qeOeN0fMO7+q8fvyvZUmR3jNP06dN1U0G2QkZFtSVGWkFrw+xKD/soY0SupPd1pkZSc7PqZVdOduvy0u3DJB2R66KkwCgEHWxDW/W46FKN7Jrcaj1psg+LblMAAAAAAAAARKePBlZrdOaspNwc2X2fuPb9Qs9v+FA15hufZE/PVu5Nt2jc+9v1ftCSGYX/pKWFF1VV8aHe+8M72nfkPW35j/f0q9wZeuyRyW0HLmOWovQUSc3RLxHtNsQmUbaUTi8MAAAAAAAAIIK4HAogUI7aGAqgcp/eq5eGFeaZj71ffE+l//Wh6m+aq+/NLpQ9kLR5Rm+9v13vywh9vF5pGnH9rbr/+lt1v5p1ZvvzWv7yr7X92K263yHffOHLtP7ckKSai6ozDAXHLmtOHZc0TEPTDBl1iUpRjarONMkYFppNerHmrKQRyrYbMi5Evw0R65dmlz3ielw6c1zS9d3XLgAAAAAAAEB/Z+3tCsSsvkJbfrld9bbr9fmbfM/Pn63UEUnjbgkOSEo69Z7eq2n5Z3PFy/r+o0v0cmVwgYlKTwt/mD8GH20PWYfqj+itt05Jows1OkWS4ybdkiK9/9a7qglZ8JS2v3VESrteo+3Rb0Obsgt0U1rr9dQf2a7t0SwPAAAAAAAAIGpxPBTAWb332y06FVTD+rMf6sMjtXIrTbcu+KoK/fHQYaN1ve1dvffLHytlxt26Pq1eNe9v1+v7Tqk5aPnE0eN0vW27tj//Y138/BTdMiJNtafe1fbffihb7pc1xdGJaqbV6K0f/lin7v+cbko8pe2/3a6P6nP15dm3+MZedejzX79V+55/WT/88Snd/7mbZHcfMeerSdOtC6ZrRAzb0LYRmv7VW/Ve0HpSat/V67/+ULWd2CwAAAAAAAAAbYvLoQDMpet1/L13dTzoc1vyUOXedJc+d/d0FdiD1pN2k+YuqtN/r39d75T+XNttyRqae4v+4dvfkP3d72v1u0dU1XSrhibm6cuPPqSh61/Wjt+W6n3fWKZ5tz6oR+8v0FDDMIcf8NXCCBkKIPxz37/HzdKivD/q5/9dqvcapOTcm/SPD85W4dCWYQyS876sR7+dq5dffl0vr39PbtmUlner/vHBz6swO9ncjqi3oa36+dfzKf33enM9Sh6mcff9o2764//V733zAwAAAAAAAOg6i9HN0bZjx44pPb0Lj9YDAAAAAAAAQJQuXryoUaNGdWuZJSUlHc7T98ZYBQAAAAAAAIBeRmAVAAAAAAAAAGJEYBUAAAAAAAAAYhSXL68CAAAAAAAAgHhGxioAAAAAAAAAxIjAKgAAAAAAAADEiMAqAAAAAAAAAMSIwCoAAAAAAAAAxIjAKgAAAAAAAADEiMAqAAAAAAAAAMSIwCoAAAAAAAAAxIjAKgAAAAAAAADEyNbdBSYnJ6u2tra7iwUAAAAAAACAVpKTk3tlvd0eWG1oaNA1w4d3d7EAAAAAAAAA0MrHp0/3ynoZCgAAAAAAAAAAYkRgFQAAAAAAAABiRGAVAAAAAAAAAGJEYBUAAAAAAAAAYkRgFQAAAAAAAABiRGAVAAAAAAAAAGJEYBUAAAAAAAAAYkRgFQAAAAAAAABiRGAVAAAAAAAAAGJEYBUAAAAAAAAAYkRgFQAAAAAAAABiRGAVAAAAAAAAAGJEYBUAAAAAAAAAYkRgFQAAAAAAAABiRGAVAAAAAAAAAGJEYBUAAAAAAAAAYmTr7Qp0n4N66RvPakfwR6Nm64ffnaLMGEqp3v4jPVZ6TKNm/0CPTuloSf86b1PJz+fouo4L1/LHS3WsE/XqOTFuEwAAAAAAANAPXR2B1YMb9OCzO1p/fqxUj32jKqYAYeaU7+rFKd1aOwAAAAAAAABXmasgsFqt7S/7gqq3PaIX51zX8vmPHteGYzu0csPNvs8jZGP6grL+DNVIGav+z0yjNOcH31XEZFZ/Rmp783SodebtbY/8XF/xbdbBDd/Qyh3Bn/nm92fBBmXFzhlZqg2+gsIzcKPapsD2KGzfAgAAAAAAAP1b3x9jtXq/3j0m87H/kMBfpqZ89xHdJkk79uhgZ4sPCUBK0jFtePxH2l4dPudBveQLQt72SGeDqtXa/qOw4Qwk7Xh2Q+z1P9YSVDX/+YtAnaPbph1a6Q+qmpXQS53diQAAAAAAAMBVJu4yVpvXTItp/sTPfd0M/o0cHmHM0uv0d7dJO3ac1Olq6bqYg50H9dvSYwrO6PQHJd/dX60pgSEDTupXP9ohM777g0B2aewyNeW7P1fLSAT+rNvO1N9fZ38Zx3TSJSkz2m1qyYr1Tz/pq0SsbQQAAOJL4vy3e7sKAAAAQJ8Xd4HVuFJ9WicladQk3eALaoaOwery/feYjvlSO0cO755XUvkf+e+0QJ0zdcOkUQpUMOptuk1/5wsQZw4fKSk4wxUAAAAAAADo3+I2sBp1JkX1do2SdOzkaVXrOmX6sjzfnfQDPXrDfv2qg+Bk9emTXa6rJGnUKI06dkw7Xt6uz393SoTs2Wj4s0tHac4Pfq4X5/j/3d4ivkBpDyLLBQCAvomnTgAAAIDu0/fHWM28QbeOknSsVI9tOCgpU1P+abZU+rgeDIwROlKhiaTmo/VStfbvbCdqmTlcI2WW/Vv/+KIHN+jBb3xDD24IHnD0NpV897v60m1h88YqMF6sP5vUpZNtVO+kuQGq3r8ztlzSqLcJAAAAAAAAQFviNmM1epmacv9t2vDsDmnHs3owQobqqNl3ynyqPUMjR0k6dkwbHv+GNnRY9nX6/OxR2lF6TDue/UbQS6VGac6d10lhr5S67s7ZGrWjtOOs1WOleuwbpeGV1A//qZ3pPhk5oyQd07HSx/Vg5Fm6dZsAAAAAAAAAtNb3M1Yl6bo5evHnj+i2Dmc0s1lHBf59m0oeaX+pzCnf1Q9njwr57LZHzJc+RZhZ/zx7VOezVv3Lt6xILz5ymyTzxVLmLP+kOSGzRLPd4auJYZsAAAAAAAAAtGIxDMPozgKPHTuma4YP7/Ty/rG/um8cz4N66RvPSr433AMAAPRX3X+dBQAAAPS+j0+f1qhRozqeMQYlJSUdznMVDAXQkev0lZ//vLcrAQAAAAAAAOAq0g8Cq+0zDEN1dXWqq6uT1zA0YECSrNaE3q5WRF6vV42NjbJYLBqYmqrU1FRZLJberla3oj3iC+0RX2iP+EJ7xBfaAwAAAEBP69eBVcMwdOHiRRmGV8Oys2SzJcocGcFQ9w6Q0HXm/ZZFFovkdrt1/vwn+uTCBQ1OT5fVenUMlUt7xBfaI77QHvGF9ogvtAcAAACA3tCvA6v19fUyDI+ysrJkGIbcbre6ecjZbmexWGS1WpWZmaHqapfq6+s1cODA3q5Wt6A94gvtEV9oj/hCe8QX2gMAAABAb+jXgdXLly8ra1imDMOQx+OV1xvfN2EmQ4Zh3owNGTJY1edcV82NGO0RX2iP+EJ7xBfaI77QHgAAAAB6Q78OrHq8XiUmJqq52S2Pxxv32S1+hmGOw2az2eTtI3WOBu0RX2iP+EJ7xBfaI77QHgAAAAB6Q78ezCshIUFer3kD1lduwiQF6msYhhIS4vPFHJ1Be8QX2iO+0B7xhfaIL7QHAAAAgN7QrzNW/W/g7Ws3YpL6XH2jQXvEF9ojvtAe8YX2iC+0BwAAAIDe0K8zVgEAAAAAAACgM/p1xqoU+hheV3k8bl2+eEHnPq7S4T/t0fvvbtPZv55Sk9sjW1KyrskdrZuLPqe/K5qqwXZ7t9T7atOd7dGT+mKdo3El2sP/uG4wi8US+OsOtEfH6K+6jv4qvtBfAQAAAOhp/T6wKhky38zbuZsawzDkaW7Sx5WH9b/lv9eBP72vs+eq1Vh3SfJ6ZbVaZLNKRnO9jlf8ryoP7tef9/1RXyieo0/nXy+brXNNYNb3arwRi709Ghsb1dTUpOTkZCUmJraa7vV6VV9fL0lX7I3LtEcHpRiGZHikxnOy1bytRNfvZLv8gSyeRnkGjlHzkClqzvyCvKkOyZrU5YAF7dHG0vRX3Yz+Kr7QXwEAAADoWQRWJfnvwTpzM+b1ePSX/e9ra+mLOvGXo7pQ75bbsGhgcpKaZaipwSNbgkUJVinBapUhj/60c5vOnj2juQ/9q8aM/UzM6+yuLJl41VF7GIahxsZGNTc3yzAMvf/++zpw4IAmT54sh8PRav76+npt3bpViYmJuuuuuwKfWywWJSUlKSmpazfG/b09oivELevF/UqqelFJ534ji/tiYJKt/q+y1eyUzbVNjSO/KU/GFBkJKZ1eFe3RNvqr7kd/FV/orwAAAAD0pH4fWDWMrj0++En1Gf3+f/6vKo8cUqPHqkaPRYm2BFkkpSQlyuOxqN7tkcfjlcViKDFBslktOlbxgbas/YXm/9sTGpqR0Yl6G+piUk5c6qg9vF6vzlZX6fCJXTpXUyW3263qv3p0vsajP37wG1WcbD1ssLvZ0Mdn3LJYpDfKfhb4PDExScMyrlXeyL9Tlv1TXXojc39tj+gK8cpSV6nEE+uUePp1yXNZRqvhnZtlq94leaQG21B5hoyXLLRHOPqr+EJ/FV/orwAAAAD0tH4fWG0R+12N4fVq/x/LdeB/98mSkKjLTYaaPNLAlAQl2BJkeA0NSEqQxSI1Waxq9njU5DZkJBhKHpCoP733rra9+Ya++OWZMT5ia9b16r4Ri7xx1a7T2r3/v3Wg6n9U31wtWQ0leK+RdXCWTtSfkNH8SYSibEpIHS3J0P6zBwMfWyxWDazO1vnav9eEz8xQxtBsWa2deZ9b/22PqLgvK/H0m0o8/XupsUGG2gpAGLK6/iRb2u/kGZgvJQ3t5Appj4hL0F9dQfRX8YX+CgAAAEDP6OeBVSPw5890iUVTY4P+tKtM9c1eedxeXWryKinBqkEpiRqdm6kDR87I6/WaM1ukpMQEyTDk9UqyGEqyWfW711/TlOl3yp6ZGcOaLUFjsl1Nd2Ptt0dTU5MOHntXx12/lSXRpaHpVtkSJYvOSjrrmyvSTbAh6XDE6YZxVq7GP+jjszdpSHpmJx/L7J/tES1Lc60SzrwjXXK1E6TwaW6Utfp9WUbUyJs4pFProz0io7/qbvRX8YX+CgAAAEDP6+eBVcn/ogvD8MacMXLxkxqd/espNXqkerdXVouhQQMSNDo3S3dMzldqcpLK9xyVDMkiye025DG88ngMWSyGPEaCThw/rqoTlTE+XmvILPFqvAlruz1qamp0qeGAkgd8rKxhNg0cZJUtyaKuDFFnGJLhPq0LF83HdDv3eG3/bI9oWd31slw4LqM5uuw6y4VTUvOlLoyRSHtEQn91JdBfxRf6KwAAAAA9i8BqF1y+eEHNTY2SJUEpiRaNyB6qm/92tMYXZCvbnqq7p92gnGuGaN/+KlWd/kT19c1qckuN8sjtkdwer6yy6uihQ/rM3xbGlH3UHx8brKur08DUeuUkW2TPsCk5xSqL1bwl7SxDkuH16HJVY5dedtIf2yNahiEZTZLRHF0QyGi2SN6urxOh6K96Fv1V30R/BQAAACAW/T6waj4y2LmXRyQPHCRvQpJsVunTeQ7d/+V7NSYnTUZtlbzuBqXYBmjKxAJNHD9G51y1+vjMJzrruqjqmku6cKleJ89cVMWxanm93phvkq/Wl1201x6GYWhQSooGp2RoiN0mW2L3rNOiRFWdTuzSC0/6Y3tEXYZ1gIwBI6VPPo5u/sRPyUhI6WLgiPYIR3/V/eiv4gv9FQAAAICe1u8Dq1LLTU2sN0aDBg/VgIFpShxwQbff80Xdctvn1Fh9VPUNLlktVsmSoCZDSkiyKCdnkHKvvUbyetTcUCd5GnXgL2e1+CdvyvHpvEA9ouPPebo678Taa49PZTyoUaOWd8NKvFJznYz6C/JcqlbTxd2ynnxH3kGZsqSPkJE0SBarTbJGk7XUf9sjquVtA+XOvEWWMwelpsvtz2yxyjPkRnkTh3YhUEF7REJ/dWXQX8UX+isAAAAAPanfB1aD74VivTFKGpCsMePGa2jaAI2/5WZZEgZICcmyJg2SYbVJFmtg+LRmw1Cz2yOvx5CnyVCixZDH69WIkSM1ctSoTtyUXZ03Ye21hz9Dy+v1qr6+XhcuXJDNZtPgwYN18eJFNTc3y2KxKCMjQzU1NfJ6vUpLS9PAgQNVXV0tt9ut4cOHy2i8pKaTf5S1arcs7gZZB9o1JjtdFsMlz+kjch9xyZOULmN4oYys66UB6WZbtl/z7t8ZcaAr3w8/r22gmj99tyw1J5VQ+XvJ0xR5RkuCvFlj1Zx7p7wDBncpA4z2aI3+qvvRX8UX+isAAAAAPa3fB1YlrwzD26nHWyXp5qLP6k/uC7JZPLJYrbIOGKSE5MHyNiWEBCoMGZLHI7kb5W1ulLxe1dS69aVZX9GQofZOPlp7Nd6Mtd0ewYGKv/71r9q1a5fS09M1YcIEvf/++3K5XEpMTNTtt9+ud955R3V1dSosLNR1112n9957T+fPn9esL92l5gOv6WLF75WRe4Os9nxZLBZZBgySJWGAEgbnKMnrltv1FzUd2KLmQSNkjPk/kn20ZG3769If2yNahiRj4AhZCoqlpiZZT+2Vmi4FRUEsUuIAee35chd8WW779fIa/iU7h/aIjP6qu9FfxRf6KwAAAAA9i8CquvbiiBzHp9U4vkjV584pLeMaJQwYpITUwS0zBF72a8hIcJs3T9YEuQ2bUodfr5ucU2N6CUxona/OG7H22sN/A+pwOORwOAKfT58+PWS+L37xiyHL3HnnnVJTrTx/Wi/r6T8r89M3SoZXFm+zZLHK6/qLLClDZVhtslgssiYNUlLOjVLlbjXv+YWMv/2qNKygzWBFf22PqMuwJKh52DgZN39TtkGvy1q1T5ZLZyWvR0bqUBnDCuS+7gtyX/O38tpSuqnOtEc4+qvuR38VX+ivAAAAAPQkAqs+nc0YsdkS5Si4Ud5LZ+WuvyQlJishxS4ZkuFukiwW312TIa+nSWpqkMVilZGarU8X3qjk1NROZqpc3TdhkdrDn/3l8Xh0+fJlVVdXKykpSXa7XS6XS83NzUpISNCwYcNUXV2t5uZmpaWlKSkpSRc+qZH9498otfI3SnRMldFcK8/5k5I1QZbEFBlej9R4yQxaGIa8n1TJOvhTShx+vbwH35b7z5tlTFwoDcxqq8ZXfqf0oi5nVLkbZP3kuCzn/yJjYJY8+dMli02SRfI2y+JtlPXMB7Kd/4s86Tny2vPlHZQdxSPNbda483XtA+iv4gv9VXyhvwIAAADQU/p9YLXlDcKdvxFLHJAiq224GpvrlGRtVkJymiRD3qbLLekzhlfeBvPxREviIMk+RoMGZ3fhrc7dk5kTb9prD3+gwuv1qq6uTmfPnlVqaqoGDhyo8+fPq66uTsnJyRoyZIhqampUX18vSUpNTVXDqT1KPP7/ZEtJk+qOy5J6jRKGjpDF2yA1NkmyyGi+JHklWQxZklKk5suyJAyQNS1b1hPvyDPi72Tk/5+IL4jpj+0RXQFeJXxSqcS/vCVb1XuyXjpjBu+SB8sYkCZZrLI0XZLqamRpuCBZbfImD5F36Cg1j5qi5k/fLsOW3Ml6x17deEd/FV/or+IL/RUAAACAnkZgNegmrCsZLt6EJNV7PLK63UpKTlJC8hBZrUlm1pe88jY3yTAkiy1FxsAR8g4cLnMww84GKry6GrNcOmoPwzDkaajXgEvnlTN4kBKaGmVralB2draam5tls9lks9mUnZ0tt9utlJQU2RKsGmz8r1KSG2Ud/GnJaJTFWyfDapXhcUtei2RYzKbwmtl6kkWGp1Gy2GRNHiR5m2Q59Lq8js9KSYMi1Kt/tkcwq9Xaap6EMx9qwJ83y+ppkLKukydnvCyXq2X96z5Zqw/JIkOGxSpj8Eh58u+QkWqXpeGCrOcrNeDDTUpwHVXDjbNlDBwWKNNiscjr9XZQb9qjPfRX3YP+Kr7QXwEAAADoaf0+sNp9LPJYk3XhUrWGWKxKThsqrzVB8jTJcDfJYnhltSWq0T1IntRrZElIljmgIWJhGIa8Ho8aT1bqkz+WK3GEQ4lDM3T2Qq3q6+uVnJyspKQknT17VvX19crMzFR6wkUNrt8vW0qi/j979x5fVZnn+f6z9iU3rkKCASQxhi6Mt7K6BAnT3OLMdHWJ3VOD0DOgEc7pbg/MHJ0hvs5L5CiCB605L0KPPd3y0qkzYCg50yBTPS1WV9VpA0I3qKilZWGkBSMBMZAQ7rnsy1rnj7X2LdnXXHeS7/v1ykvZe+1nPet59n72Wr/9e55l5eVg4MIMXgFcGHiwcNmZX86fZdrpQ5YFGG7AwnB7MC78FuPiCayp3x/SNshGQeMaVwKNeF3jyPcUYuDBAAJTb8VXtJZr/tO0+b/EZ16hwD2Tmyv/DZMP78Bz8u8JzPohFyuXc77rIzqCreS6pjLJu4ixnltwufMx3LlYRjsWAdoD5wkEOxjrvg23NWaoD3sY03g1GDReZSeNVyIiIiIi0l8UWKV/MsBsBp03rvL1Vx8ztWI2N00rx2uAGeik6/J52r78FJ8/SMHYUlzQp7l/lhXKVBppWS6J+yM8tdYwsFxuzI4bBDo7CAZNfD4ffr8fgGAwiM/nIxAIEAgEcPvO4HW14/YEgRuYpmHfgMfyAG4My4Vl2UEjEwOCJlYQJxHMBYFODMAV9GG2NGAW/27PWo/C/ogWoJOvr/+c8x1HKXDfjNc13s7UsgJ0Bi/SGWjFb93AsoK4jBxuyj3E9xbXUFTxRzTfPJZP27ZxqeufsCw/huHBa4wh31NInqcQAzuzzGdeoSN4gWkFi5g1bhUuqyBxrUd5f6RH41XfabzKLhqvRERERERkcI36wKoVugN2HwIVlmVfDgUscLsNjGtnaPjVCQqmV3DT1FJ87de43PQ5uf5WxkyfxXW/SY4niNdl4HL1PgtsJK7Jlqw/8vPzuXbtGoHODigYg/eBf4U3GMCNyYQJE8jLy8Pr9eJyuZgwYQI+n4/8/HxyO9pxeUwM9zgwunDjw4UXy3BjWS5wuTAtA4IuXBhYBpiG5WSCubECNzAIYLkMjPbzCd8no60/ormNfNxGDh2BFjoCLUnLDFqdtHZ+woetW5h/y3/m6NlH6Ai2Ru3TR5flo8t3CXxf9ni9x5WPi9yUn9fR3B+pytB41T80XmUXjVciIiIiIjLYRn1gNTpDpDeBCgvoMA0u+lxc9MH0Tj+l026hYHwHzRdOc/pcI57cfCZOHMPNk6bgw8M/Nl/jfMBgxjgXJRNzuSnfgzuDgIXR+6UOh4HE/XHTTTdx/vx5Wq/dYFJ5BcVGpM0mdyulsLAw/P/egBuXK4Br4p0YN/8B5jf/E6OjBcvsAsDEi8u5mbNpucBt4LKwp9eaBkbwGobLxOUxCMap12jtjxDDMHAbuUzMmcmUvPvwm9fpCLbQGbyYtOSg2YXPvBoTpIjPIM89mXxPEV5jDBO8t+EyvHZ+V5wfNVLwAAAgAElEQVQ6jfb+SPVqjVf9SeNVdtF4JSIiIiIig0uB1XB2i5lxoCIAtATcnOp0802nh7LxHgpNFx4rn8Lp0xhffj9Xu3zgMijIn4TX14bnxgVKJ9/Ef3+vna9On2P29HEsmjmR704bx7jc9LojdOfjkTltMHF/uFwupk2bxvnz58PZXW53zzte9+CD8S4PXDuOVfoIfOcJjOufY7Sfg6AfAzfWxV9jdVzCcjsRCydYYZlBsK5DDlgBF1b+hDhTfkdnf4S4jSC5vrPc7sulwr2IG+5OzuV18Hn7O1zxNSYs2bQssAxMM3m73ZQ7k4r8hUwLFlBALlYX+I1v6HRPtzP3utd4lPdHIhqvBoLGq+yi8UpERERERAaXAqvE3kk4XV0YfO5zcdbM4bLpoh2LMreBZ9ItWFeCBL35dHpuouPcX+IKnsY3diG54+4nf9KdFHgn4+YkX164wrlL1/lt82V+eEcRP7x9CpMLvGnUl14FVoaLZP0xbtw4TNPkypUr3LhxI+XdlgGumxaFVh4e/znMr/6K5rHL6fCU4XHfRo7Hz0R/A3nWDXvarduFiYGFy84wCnaAuwsj18D0eAlO+p0EgYrR2R+GYZATbGHs6T/He+kgRuAqBTlFTCj6V/gn/2veP781Ybmmy8SyIOhP3m7fuWkJFReP423Zj8vfiuWZiG/yA1ilG2gnUeBodPZHIhqvBo7Gq+yi8UpERERERAbTqA+sRtZkS/81AeDDgJt/wkNejpt2y+KS3+JIyw1cN43ne0X3YLR3cv3c20zr+n/IG3OD9o6jXLnxPdoKfoA1vop/edskblwp4sOvWznVepXdH3fiD5osvXsqE/KSd8tIvv5K1R8ul4uJEycyZswYOjs7CQaDKS9IvRRgXi2BjosY136Lu+0ilztvJUgBE3NvMCH3DAbXwOXCsAwMt2HfFMb0Y7o6IA8sjwszt4TgxFkJ6jwypfP58Ppb8Zyrxwq223cs77yIt30fJSW/4B86/1PC1wWc7DJ/ZzBpHW7J+z6ephchcAUTF3AVT8ev8Nzyv2MZ4xPUeWTKtvHqR3cVc1N+8uDqaO4PjVeDS+OViIiIiIgMtlEfWIXYG16k4yvDw69dHgrzvVzusjhvBQl6Da4EDfZ8c4PPL5jcb53ntkt1TBxvYAQt8rznGWv8f1zv/JhL19/me7l/xK0LHmB9ZxdfX7jMhWs3+JvfnGXK2Bz++cxCcj2uNOs98qTTH16vF683dbacbSLtrgdw3zhBjusGU7zNjHO3YOLGa0AOBobhAlyAAVi4jSCmy48rx8JwG1geFzemLsb0jkvY8KO2P4Im5jU/EN0fN8h1TSSQJAjhN4JgkXQbgFxjPNbVdqyY8n1gmuBOvJbiqO2PbgZyvJqQ5+HB26dovNJ4lTU0XomIiIiIyGBSYDXqDsLpBCquGm4OmW48+V46MThjBrhmmHhdYOQa+Mjhcmsz/qtvc7P3c8xb/k+srnO4L+4l1zpHTu4FxufVc/H6+0wY++csvv1eXr/WQfCGj6bWy/zsk7NMH5/HPcVjMYzEN4ix13kbiVdimfVHOrq6umjzfQcr8AdM6jzI1DFXGOPxYefyGfafFQw3p2EvpYfLDZbLwHJZdI6/h44pi7DsK+Me+xjN/WEF3VgdY8AKRB5z5+EPduLrSDz1OeBMrU22DYA/0IXZNQEj2Bl50PBimS4sV/x6jeb+iDbQ49XffHKG2yYVaLzSeJUlNF6JiIiIiMjgSp1mNEqkc01sASdxcSXHQ77HzbdBk2YrwDWXyTWXxXW3iTdwjUktxym5+nMKggFcjX+HK/8eArf9FwITqqGzkJyuIFPG+BiTn4vp8UCuB1wuTH+Aj05e4EDDBa77kmfFjHT9mb3z5Zf/xEe//oyxs/4NN6b9KV9fLaQzmIMdpAC7Zy0M5w/DwnBZGG47WBHMn8a1qf+GYO5U+xbOo1Cy/vB7JuOf+M8w23Mx23Mw2/PwTf9X/Pbs3+DvNBP/dZlYppV8m06ThvN/j7/4h1Hl5+KfvAi/a9yoXZcwW8ar3zS2arxC41W20XglIiIiIiKDZZRnrEbuHmxZVsobi3QaLr42DFxeN37DohWTay77ctdjWLjNABO/+ZqpLYcoHn+RwKznMLrO4Tr+n/FM/A7m1B8QHPt9aH6Nq2YJv71xF281NoMFlmlhmCZ+v4+Gc5dpuVbMGG/8uLfL5SIy1XEkXahl1h/pav72Wz7++GPOnD3LH/zg9/FOephzV/dROu48biMqIGTPqsUwnNCF4cXvmcqVSf+azvw7sJOKetZpNPeHYRh05kzG/d3H8eTNgKvn8N1UQsfMf85Hnz2TdD3CoNfEMkm5ZuGvm97mtllPU8AYvJe/wZo4g+CsJXS6xmKZPTPARnN/ROsahPEq4A9qvNJ4lSU0XomIiIiIyOAb5YHVkPSmcV4KwiXDINdw0WlZXDJNbmDhcoHbgoKLF5jw1Yd8J/ApBZ7xcPooxvS5mOX/G1z6GFfjX+POzaOrK4fTOf+CN85c5WqHDyvgx/T5MQMBrKDB2dZrXLrexa2T8uPXth+nnWan/j0+w3DR3n6Dc2fPsm/fPub/3jzavX/AWNfHTHSdxQp0EjTBtOzsLrcbXN4JdObfyfVxC+jMnwVG4vURR3N/WJaFLwjBCbPIXXAXl65/xYkzv6Th46e5dP100tSxQJ4dBAl0JQ9InWv5nN1dm6goWcJ3fvePmZBfQleXn2AwfoBjNPdHtCumxqvBofEqu2i8EhERERGRwaPAKpFrqVQXNwHTwhcw6QoG8RkG14MWHZaFC/B0djLunz5nZvN7lE25iOfWZeB1Y359CJc3D+vmuzALS7C++RvOdRVziBl8cO4qVnsHwWs3sLq6IGhhmAZuC4wkF4f27M6ReyGWbn+ka+LEifj9fnw+H/6An48+/pTvfvcecnNnUpjTjMt/ha6AgS/owufrIth5g/y8MvJu+j4u79jYSsWh/oBAIIDLD43n/pFjDa/T0XU5ZblBv11ewJ8q08+kufUE1663kp8zifzpUwkEAgm3Vn/YgqaJz9J4NdA0XmUXjVciIiIiIjKYRn1g1bIiGSOpLownG0FmBXx8csNFa46H9oCJz7Tsle/aLjOp8TPuNU8x+fp5XL/9e5j5z7BKH8DsasNqPYnL18a1zhw+67ibv78a5MrlqwSvdWB1dELAwuXyUDgmnwXfmcLU8XlJsm6MqDsf93eLDK1M+iNdt8yYweTCQr5ubKRgzBiampqYMGEC+QV30GH+DpevXObKlSt2MKMrl65OL+PHBym3LlE8NQ+3252izuoPAMs0yPPehMfIxzJTByrsG7bEna0cl8c1hlzPRCwzedBE/WGbiDXg49WkgjyNVxqvsobGKxERERERGWyjPrAayhRJ56I4z4DvuYKM93fwsd9Nu9/CZZpcMQxMXwAraBFw5WKZBq7TH2M1n8SY+h3M8rkw6U4CX/2CxtYc/qGrkJM3/ATaTbymwcSCAiZO8DB9fB6zS29i7m2FTBqbk7jGVqjO/dMC2SX9/kjXxIkTmTu3kuZvv+X69ev4fT4uXrzIxdZWvmxr4+vTp7nU1obf78c0TXJyvNw85WbGjBlDYVFRGoEK9QdAMBjk5kl3UTz5Dq53tmCaibO0MuV25TCt8B4mj/9Owim1IeoPW+4gjFffmzGR35tZpPFK41WW0HglIiIiIiKDS4FVIJOLsbEG3EWQW6wg893wtWlxNghX8/K5XPw7/M/fnqE1UMDvjf2GkkAzRuOHWN9+iVU0nauuXH595S6ujZ3C3BlFFLjdTMhxMyU/h2kTcplc4GXy2BzyvG77viQJp9YaI/xGF/0brHC5XNx99z0E/AEOHKzn+rXrFBUVcfnyZT7++CO6uroIBk2CwQCmaXLjhp2S5HK7cLvdKeuh/rAFAgHG5EzlvlmraO+8xDctv8ZK2ibptZfLcDNjyvf53e+spCBnCn5/8gCI+iNioMerSWNyyM/ReAUar7KHxisRERERERk8CqwSmTaY7oWxC5hkwCQ3lLjAZ1kEcnK5Mfd3+WpiAR99+mve+6aR+ZMusGjsGab4v8U6f4qvPHdxZexM/ui75dx00024XeAxDDwuA6/bwLAXWwMrxeWdc+fjkSnz/khHbm4u37/vPm6ZcQsXLrRQduutXL12lebmZk6dOkUwGMCyLAzDYMqUm/nuvfdSPvN3cLmMlPVQf0T4/QEmj7uTfzlnI598+d852/IxHnce48dMZWz+FPJyxmFZJpeuneHytSaCwQC53rHMvKWKiWNvwTAMOnxXud5+nqs3mgmYXdxafD/33LaMgpzp+Hz+1DVWf8TQeDWQNF5lF41XIiIiIiIyuBRYDevdhY3XAK9hgAvGTxjHzbO/z10Vs/jseAO/eO9D3j5/Mz+cepFbx7Tz7tUyim67lVuLJ+Nyufq5/iNN/19oer1epk+/hWnTpmMYBhMmTuThZcu5cOECFy+2EAyajB07lqlTpzJu3HhnSq3R7/UYntLrD8uyCPgt8t0zWHDP/wGuLlwuD24jF58vgGXZLZqXn0PT+WPk507gj+b/ObcWz6Or0wfYGVw5uW4CZhem6ccK5hHwW2ncNGY00XiVXTReZReNVyIiIiIiMjhGfWA1+mYXptn3CyHDMBg/bhz/bO4c7rmzgo9+/Sm//PQ4OZ0Ws36nnDtv/w5An/ZlGC5CmTkjTX/3R+L92G2Xl5dHSUkJJSUlcbdJp43VHz2ZpkkgAIbhxm6bjpjnOzv9FI37HoGuIDePn82Vyzdinu/owMmI9GBZqbO+oqk/0qfxqm80XmUXjVciIiIiIjLYRn1gFSIXY/1t3LhxLFrwe3z/e9/FsizGjBmT8sYi6ejvaafZZqD6Y6CoP5K9NvHrurq6ev3aVK9Tf2RO41XvaLzKLhqvRERERERkMI3qwKq9Rh1ElgocmIubsWPHxuyz7+z1DcNrHI4Qg9Uf/U/9kV3UH32h8So9+nxkF/WHiIiIiIgMhVG9cF4waOLxuHC7Xbhcw+eixjAMXC4Dj8c1oNNPB5v6I7uoP7KL+iO7qD+yi/pDRERERESGwqjOWHW77Jt95OZ68fvtG1WYpkm2JroYBrhcLrxeD7m5XsDA7R45Xaj+yC7qj+yi/sgu6o/sov4QEREREZGhMKrP4seOHcvVqzcYP74Ay7LwePwEAsGsnUJoGAZut4u8vBwKCnK5dq2DvNy8oa5Wv1F/ZBf1R3ZRf2QX9Ud2UX+IiIiIiMhQGNWB1by8PLp8Pq5e7WDcuDzy83OjLsSy7WLMXoPN47FvJnPtWifgJj8/f2ir1Y/UH9lF/ZFd1B/ZRf2RXdQfIiIiIiIyFEZ1YNUwDMaNHYvP5+PSpRuYZjDr12YzTRO3y01+fgH5+fm4XCNnmVz1R3ZRf2QX9Ud2UX9kF/WHiIiIiIgMhVEdWAVwu+0sEWWKZAf1R3ZRf2QX9Ud2UX9kF/WHiIiIiIgMNqVHiIiIiIiIiIiIiGRIgVURERERERERERGRDI2AwGoze5cXkF9QQP7yvTT3W7kfsLXfyxyMsrPf+1sLyC9Yzt5sPfjmvSwvKCB/6wcJnl5OfkEBCZ7Obh9stT8rcf+28v5QvTdTtPnI5bT3gBx77/tyWL/HB0r0ZyemYaL6sGAr72dYrNo66ju82/dCqG3yCwpYntEXRnSZPf+W720esnbP+u8/ERERERHJyPAPrDYfZu9+5//37+WwLlYkyzTvXZ49QZM5T9HR3k5HezsHNwMsoe6rduexp7h/qOs3ID5ga7b+iPHBIZ4N/f9zhzIOyskQ+eB05P0U3YfSR/s53RT6/2YOh7/cM1XMsj3OuPbV6zwEsPlgeOzbs6y4X2qbbbLqu0ZEREREZJQY9oHV5sN7eQt4YfNmYD97+y2yOoen2tvp2LOMkXkJJr1VvGwPHe3tPDUn9bbNe5dT9lhvgwNDYaS97z9ga8GirA18vX/oOWAJL2xeAjzHYQVFhoeoH/GaT38ALOGhJUNaoxHj2UOhD0ETp/fDQ0sGpmEzGceHg+H3XSMiIiIiMjIM88BqKKNlM/OfWsALwFt7D3fLTIueptlzqqY9LS/yF8n26D6NNnZq4datW2OmJ4anFe51pjT3dTp1c1Q5PaYrJjgm5zXRUyZ7THeMmQqerdMRu03jTDjtdmiOvUe53foq3O8fbA1f6D67aLhMc49938d9Xxds5f3otox5n/ei72J2vzV2P1FPxXxWu3+24vZtM3uXO0HV/Y9RFn48jXoMig84/BywZBmPPLKMh4gOKkXVc/lWtsadKp3q+eiiYscr6OuU5GT93H0adnR/dOu77ktAJB33ssNDmzfzUPhHPOc7aMkcwvE5tXUvbeaFzUQyt51M4DlzQi3b4hxr1Oe1D0uIxIzj4T7bGzU2LGfvB3sTjkfJvk+ilzBItIzB3icSPJ+0XxK8F4bld42IiIiIyMgwvAOroWUANi/gfuYwfzM9lgN4f+sinmUzB8NTAp9jUdTFyKLn4IWD7XS0f0XdEnh2UfwgS/PeJ6jeH9m29IPn4lbp2dOl7Glvp/H1JbD/MX7am+ub5r0sv+0x3nKmLja+voRnF3ULFi15ncbux1Q8n2VL4K3HfuocQ+ii/3UemWMfb/6i53jo9a+cqeD7qb5tqIJKiTSzd/ltVO+P6rPnFjkXntl47M3sfeIx3grV6eBm2P8YT+xthjlP2e8DnPfNME6Ninlf8xyLtpbSGPU+fyLcP4n6LsVnMWT/HGriPP/+1gIWPRdatuAgL+x/jLKoz3H8vi1m2Z6DvACw5HUa2/ewrDjNegwGJ3D00LL5FDvv37jLAez/gNK/CI1Rcd63qZ4HmPMIdUuif3iKBHXnZ5yanKqfo55rP8gL7Kf6ib00U8z8ZbHjoj3jYAl1j8xJMe5lkdJS5gBvnW4inFW5bAGloefV1r1WWroE+ICm5lAm8GbmLwg9W8SypzYTndkdnrGyoH/G1rf2wiOhcZz9VC86bY9HB+39Lko55gDNe3nisf1Rz8Fbjz3RrW33w7I4z6f87k/wXhhB3zUiIiIiIsPNsA6sdr+oun9BouUAnmNRQQFbm5axp73nRYed4dHkrMkWb53JqMzYOQDFzgVeT6G6FJfa//3gdOZXqt2Pq3j+sqgMKWftuD2l/LSggPzbHuOt8Cudi+nQhacTeH5o2XyKiUw7XuZc3dvtlWXTj2OC5UQCpnsP05zNxx7KiCx5akSu4fdQaQkQeV+H2jX0byBF34Uk/yxGXmsHr+y1LLsHppwfUZwgZO/6NkU9BkFsvbu9f6OFjzvBNqmeJ+q50A9P0UHdTCueop/vf6qdjvZHaFpeQH63ZRjssSyUmRv68cOuf/JxL5vMj7z/QlmVzufDprburZJwPT5w6lsaCVgDzLFnpsQcU/h7uR/MKbX7qKTUWZfVaffQvx3pjDlvPXYb+cv3UvpUOx3OjzoRkdfawWR7bdmk/ZLW+CoiIiIiIoNtGAdW41xUORc/0Rca9z/yeviC6NlF3abdOZlFADy3KMn0fTsrqcdF3gAL1TcUQLQzpEJTARfxwetfRW7M4She9lT4wjOUobQsJk1qP9W3OeUusrNuexP8HXCh/ii4jer9wP7TnM7KY48OskfKH2kzMeeUZhASitt3KT6L6dj/GGXOFFi7++zMNufJtPu2z/XoFz2zGENB6tjlAGKl+sEm2fPRQZrugaFeSdDP9rT326iec9DJooyuxDJqQkHJbj9+hMQf97JLKLOydutzxAvsqa17yflB5a29W+PWN+ZHle6Bxn7wUEyAPJUEY06o3SFqzMpsdkTSfknwXhARERERkaExfAOroYsqJ/Ms+iIkZjmAYicjLTyNOXpaXpw7B4enNUcrwU4qGdwLGHvZgai/p+ZEZa0cTJAVGbrw3MoTURlKEdF3gc/iOyRH3cE5fMf6bD32OU+FyzvoXFAnWlJiVIjXd5Dis5iG0HIL4b/oLLAM+rav9egPoTvJRwWLQ8GZuMsBOOzp0YkD3UmfD2e4PUFtr6emR4nbz6GA8es0JsgCDmX31T4R78ePBONelgkFTt9K9IOb2rqXQkv67Oct4r+PY4+p/5YByFziMcfOJA4tzwBkuNxI0n5JNL6KiIiIiMiQGLaB1dCUudA6Zh0xgZLIjUWib3ZRvGyPE/iaQ0lxt5tXFC9jjxMV63kx132KbTN7t8ZfY7U/xE7hjHOzJHCmSMP7P42eDm8LLYnw1n544anI3d27L5XQtxuqDJDua03GuzlJVh177M2e7n/KXqs3FGyJmSo/0iXtu+SfxeS6r5/crc2T9q3zo0hYX+rRf+wsxp4BFLsu3abyh9fJTDD1OdXzYaEp6nbQqldT0yG9z6jzI1Tz3q0x09OB8HTut/bvh81PhYPjaY172SK0VAWJ2lFt3Vul4Q9sgvdx9DH15zIAGUg65sTcvGwOTzk/2qaTDZu0X1K8F0bVd42IiIiISBbxDHUFeicUQOiZgRPOJNp7mOZly1i25ytYfhuLCkKB0CXUfeVkeCzbQyPLKVtUEL4gfej1r4iXtFO87C+o27uf6kUFPMsS6l7fDPv7GFzd/xhlBY/FPPTQ61+xZ9ky7GovIv+57vVaxl+8vpe3HnNeu2QzLyx5jmc/OE0zc+yL99A6dN0vOuc8RcdByF90G/nObl842H3tt8FiT6Osjn5oyes07onTZ+GMrDmDe+zPRdo/5IWD7TwS88gcnmo/CAWLovpyMwfbl8XWZ1GBfdOtPct6F2AZFoqT9B3JP4sp3P9UOwcpYFH4PbOZg6G2TNq3ToDLec+8cLCdp/pQj/7hZBrGCQqFsvGePfRBZBxa8jqlhwrIX5SgrqmejxIeH9Ocmv5s1Nho28zB9qeS9vNTBzfz7KLnnOc288Lm/Tz7nB38s/cYyizvlm1YnGzcyzahYwi1Y+KlF9TWmQm3W8Ip/pFj6s9lADKSbMwp7vkcmw/Skc4XbdJ+ST6+jq7vGhERERGR7GFYlmX1Z4GNjY1MLe796bz/lSoAvGvr+6tKA8O5K/ALB9uz4mJUREaaD9hasChJkCTV83GE7jquwMvAU1sPmPe32uss6/u3d4bNeZaIiIiISAa+bW6mrKysX8usqalJuc2wXQpgsNlT/SI3ubHXMlxCRve6EBEZQuElVHo7NV3SprYeKIkzvkVERERERAabAqtpuv8p+yYUbz12G/kFBZQ9tn8Ip9GLiGTCXlu27LH9sOR1/kID1wBSWw+YD7aSX7CIZ4EXDuqmTSIiIiIiMvS0FICIiIjIKKHzLBEREREZibQUgIiIiIiIiIiIiMgwocCqiIiIiIiIiIiISIYUWBURERERERERERHJkAKrIiIiIiIiIiIiIhlSYFVEREREREREREQkQwqsioiIiIiIiIiIiGRIgVURERERERERERGRDCmwKiIiIiIiIiIiIpIhBVZFREREREREREREMqTAqoiIiIiIiIiIiEiGFFgVERERERERERERyZACqyIiIiIiIiIiIiIZ8gx1BRLxv1I11FUQERERERERERERiUsZqyIiIiIiIiIiIiIZyrqMVe/a+qGugoiIiIiIiIiIiEhSylgVERERERERERERyZACqyIiIiIiIiIiIiIZUmBVREREREREREREJEMKrIqIiIiIiIiIiIhkSIFVERERERERERERkQwpsCoiIiIiIiIiIiKSIQVWRURERERERERERDKkwKqIiIiIiIiIiIhIhhRYFREREREREREREcmQAqsiIiIiIiIiIiIiGVJgVURERERERERERCRDCqyKiIiIiIiIiIiIZEiBVREREREREREREZEMKbAqIiIiIiIiIiIikiEFVkVEREREREREREQypMCqiIiIiIiIiIiISIYUWBURERERERERERHJkAKrIiIiIiIiIiIiIhlSYFVEREREREREREQkQwqsioiIiIiIiIiIiGRIgVURERERERERERGRDCmwKiIiIiIiIiIiIpIhBVZFREREREREREREMqTAqoiIiIiIiIiIiEiGFFgVERERERERERERyZACqyIiIiIiIiIiIiIZ8gx1BfruBD99fBuHEjxbtmIL6xcWDsye33ic2kOwYN2rPDJrQHbRB4nbpXt9Mz+OE/z08Q+Z/epKEm8e2v8Cal5dyazWd3lpw24ay1bw4tML6X2PtPLuj38Cf/I0Cwuh9d0f88zuxgHt5wHbR6hNQv/OsG0G49gh3vsjtg+kL7p9Toa6Omlz6t3nz7OIDF+JzzMG+nsp9P0X+l4a+POxYTZWdz+/iDYMx+3Wd3/Mf+VPBvQ9JSIiItJbylgdhQ5te5yX3m0N/3vWyld57dVMgqqJA9kRs3jk1Vd5rV8vQFp598cbeCPqSqFw4dO89uqrw/Bk+wQ/7X7R07ibZ378Lq2JXjJEYt8fPftAREQkWuPuDTHnGQMts/OYUa5xN8+8cWKoa5G2UBBdREREJFuNgIzVkGRZBKFgUBkrV8zgjd12WNDOqCAqUBRVRlSG5coZu3nDiSSmzMI48QZ/ti0SdoxsHy/boedjsSeQZazcEpsVGMrKSH3MCbZx6te4+ye8e6dddo9Mj27HEMluiA6qHqL28UMsWPcqP2h2MicXLIBDh2ikjJVbfsSZDfGzO46/8Xjc9uyZcRKdFXcnx8P91MgbGx7nyIot/Ck/6Zm12T1TY8E6XlsZqkGkzVeuOMMbobaO2SaR4/z08d3O8Yf6Juq9Fe6reI91c+JDu5zwfp16NR7leOtCFhbGeb84/dLzPRivXqHuTtamCylM430eKWMLM37Wsw+GX1B7+El/XIj67MVkJXX7QST6/Z7mWBc99ixYt26AjlREhp8E5xlnLwKx3yM9t0/zOzn6e71sBTWVsTWI/a7rRZkL1vHiLT+LyYLtlW7nH7HjaM8fJsPPx/t+D52LdT9PCDdjGuctPaQM50cAACAASURBVLJTnTIOfciJlbNiz3fj1rnb98+CFaw8s5s3GiN9mPI8oxftEioret+NuzfwZ0edMhOep4qIiIgMvlGWsdoYDqoCNO7+CS/FnMwdorb7r/iNkUCD/c8N/DTRD/3dT/Sc7f/sjRPALGYvsPdxLPT6cHDtvjhBVae+G94gvHnMhYlT30wzHGetpGaBXfaZi3Geb32Xl7odQ7rZDY2HDjkXPZXcmejsNpP27I14098ObePPerTTocjFlrNNqno07t4dlakb6ptC7qwsAxo5ctzZQ+txjjSSvB0m30JZzH5DGb6ZT6+PX68M9eiXnzCIyUaSRKpxofXdH0eNC4288ZOfcSamhDhZ5oe29cwmS/IeiN0HHNqWTta6iEi65y7JvpO7zfBo3E1tWhmMGZR5aBv/9Wg6R5NEnPOP6HOcE2/0nO0RHmdn3ccCoPHo8XC7nPjQbrQF98UJqjp17nNWcIo6c+KN2O+fQ7szn7HSi3Y5tO3Hic9B+nCeKiIiIjIQsi5j1f9KVUbbe9dud/7PzqCM1TOzK/QruX2i30gjK3jx1ahfv88008qsqF+9I2WEAhyHPjzBI7O6Zwm08u7PnJPg7r/aH/oZ7/7+0yy8z87oPNPcCrMKu500t3L8aCPEyVD8H+/+PusXXuTYIWJ+lbfrs5tfnFiYUXbF5FvsQGCoHnElyIR45NV10D3LtjncuDEZcvGl257dFbLw6S3QLRO09d3YrU780j55j2RDhDIherZT97XZkrZHzPGFyjzEsRMreeTOSspoDGfntB4/ateh8s7E2ROFdzKvDBob7aUZnHdC79ZuS1CvlE0aW0i3DFwn8B5zAPH7INPPrERExq9EUo8Lv3AuemMyfKIvUp0fcHp8Jnb/khMLo99vid4DJ3rso/uPSHoPiIw+yc+/IgHBdM9dEn0nt777M/s7ssd3Xeo6pl+mfb7Wlwnnoe/+HueAP3uXHzy90F6uYGVk+9B5qD3O2j++HzoUmbVyzP7lndmzyGAc76ZxN888vrvHw2Urft8+f0tR54sfRs/wKky+dmsv28WpUfwZPguf5kW6rScfOvFLcJ6q76PRybu2fqirICIio1jWBVYHVhnznBTCUHAxHPxyMgh7nCwu+FH4RK9w4Y9YsHsbh5zga4xwluIKfhB+ahY/WFHGod3OifOs+1jAIQ4dPU7rwjtpPgPhk2YucqYR4l2gNJ69CK3NdhZanJPklAHBTIQCfoe28WfpLn/gSBpIDIluz1BAMl579krkQuRfh+tbyMIfLeCNbaGAdrgiTrvDLCfgnbrqoaCxk6XaGApOh9rMnlrH2Uai32vxFbLw6VcpjsnkOUTt42cSLx+Qcb0yKCScXRspQ7JBmuNC1LgTHqec7VrtgcbOno8ZOs4Q85FI9B6Is4/wWNZ/ByoiI0g4iJby3CX8ioTfyRfPOj/sxPmuS1GLDMqMnK/1VqjMyI+ljsazRP9OmWjN0FAdjxxvZWFxKJDqBEBTjeNpf93HBjCT17nVOU+NOp+J+lE4XanaJXTcb2x4nDeAlD8y9+E8VURERGQgZG1gNf1fHkOZkQN0p9YeGawJFBYzgziB2RhRGQknsAOxzjIAqeuQWPQ6ZukIneTOKI73GjvgtzBq2lnMulZp7yWBdNsTIhdkaZvMjLjR8f6ROFgZusg7xLET92FfDSVZBiBKJIMl1N72kgILF/bcNnRhlX694si4TVNTlkDPDJnMx69eSDEupOb84DO5T4UAeg+IDGd9H796d/5ln7uMBnbwk19G1iJ97dU4SyRE/fj+7oxDpP6BFsLjeKLNuq+nHj7HSFWuU+feSPs8wwkKz1rJa6+ujAo4R9bwjz8bK8V5qr6PRhVlKIuISDbI2sBq1gjfTIjI1LEZxRQCsZcEoaBe9PS20BTaMmY4wYvwL/PbnGyJ+2Z1e32iC5QTduC2rwv0t77L/4ieXpaQvebnI+Epd5F26JPo9nSmh3Vvz/BUvdDzaSukeAbQGJom7UyXc5ZosAPJvb+Qazx6nNaF9jREe3p2JDgdyr49tG0bkDp7N3QBEcmySJQtE8pGiewzk3qFS+l1m8rQSnNciBp3wuOUo9D+UCTO6El18Rz60SjJPkRE4gqNHwnPXVL/uBSaYRSaOl5IZHmS3hrIMuMHBE/w05hzr1A2aLTQj+/OOqZRP9CmHMdTKVzI+nVne9y8NHmd4YQ9+EeCsSd+mXAJhkTnGan2Eani07y2kPBSM6mXiRqg81QRERGRDI2gwGr8Nb7sNZj6kpLVGDU9ySnyvngnepEp5z2mO0VNf4+dQhsd3IxkPXY/DvtkNHLCHTudLsmd54FE7RKaXtZDnBtw2S/onoFpl1u2Ygt/mmjXcSVuz9DJd8+pbgnKWLCOF2+JfWbW76+g7NDunmXELNHQSz2mMkb1X8z0uNRZJuFlEHoca+S1dkCtZ3tlUq/02zRTkT5IeVdiSUO8z6kdTE01LoQC8uFxp6wsdlmT0JgT5zOR3o80cfYhIpKW3p67RISXN0mwXmhvxCuzrCydOe6Jx+pZ4R9Yu58DrotaWzXBuaojfA5Dtx9o+zyO49y89BC1hxp54yfvcufTC6N+FI5X51nhZIBk5xCpzjOS72NywvVyu59r2+UvoGYd1KZ1nioiIiIyOFxDXYGsV7aClQui/7kl8S/us1by2roFMQ+VrdjSLfBkX2QAPZYBKFz4NC+uKOvx+tD+Zq18lZrY4lmwLvO7yC9Y92rijIc4xwALqHk6dh2yXkvSnoUL/4SVUUUvWLeO2JrYweukCheyfssKYmq4YB2v9cMyBmUrVkTVp4yVW6IzCJ3AOKR3ch+vnjEXmoUs/JPo5xdQ06NfUtcrdZtmKo0+kH6ValwoXPh01LiwgJqnf8SMmK1n8cir3fs9+jOdXh1qYj63K/r4PhKR0aLv5y6zeGRL7Pfhyr6ch8Qps2zFFv60so9FxvteL1vBiytn2ftbtyD2cWfbQx9GZe06P9L2/IG27+M4wKyVThmNu/mv77amqDMwa2XM90/ZinUx5xT2Yac4z0i6D/ummN3LjP2O+1FseSnPU0VEREQGl2FZltWfBTY2NjK1uLjXrw+tlTPka/aF1qPq69T7OELraqWaFiXDS8/p/TJa9H6Nwr6K3B27x12bB2DsEpGRZ+jGryEUnp0TWWZF52bpCH3nDNB9DUQylDXXjSIikhW+bW62ZyH1o5qampTbjKClAIaLyJ3rk69xKsNLaH3TdG42IdJfQusK97xbdKp1fkVERq3JtzhLpnSfmq9zMxERERHJjAKrgyhyx1NYsE6/9I8YUevSlq34E904QTj++ef9Us6dd9yRcptZK7ew8ky3NeoWrFPWtIj0yrXr14e6CgMv7/v8+zWN1Gw/GvVgCUs3/BHTrl/n2pBVLNu10xkE8NOudpIskDfUFRAREUFLAYiI9Fn3qbT/tOgv0wqKJnP888/7XIaISCrdx6/O6r8dopqIiGQmr+4PAV03ioiITUsBiIiMMO0f/rBXryu47+f9XBMRERERERER6W+uoa6AiIiIiIiIiIiIyHCjwKqIiIiIiIiIiIhIhhRYFREREREREREREcmQAqsiItmqpZ7nq6t5vr6l22M7aEj5uhTb9LpKm3h0x0CUnLz8hh3d2iGlBnZUV/No+C9Ve7TwzqZq+n5o0eU0sKN6E+9kUm0REREREREZNnTzKhGRLHdq534aqlZTke4LWk9zaoDqUlS1kV0DVHZiLZxrAkrTf0XDjpeoX7yeXasrnH9X8+KmUrZtrKJoYCrpKOKBjXX2/7Z8y2mgZED3JyIiIiIiIkNFgVURkaxWzqpV8OKOhnCQMFpL/SbW7bTDqOWranm+qpUdLx0A4MUdc7u9poV3NtWwMxR1LV/lBBob2FH9EvXOw1Xr61hd4QQjDzgPOkHKlvpNrDu9nF2rKyLPly+migOwvI7VFQ3sqN4Di6H+wCm7/rUbeaAIO5O2ZqcT9F3MM3VOsLhhB4++dAAop2pxzxZoqX/FrvOpV3jn7o08UBRd36hyoo7zXBOUzy8MP1Kxus4JCNttcHh+Lc9XFdn73lPKto132xu+F6pLqB0Sb/+bTTU0lSym/kDP7ZuW11Kyxz7WU6/Uc8/GqeyP08YiIiIiIiIyfGkpABGRbHf3ElY17ek5pbxhB+t2lvBMXR276tZTurOGHQ0VrF6/GFjMM90jdy2tTFtbxy5n+6pTh/lNC7TU77GzO+vq2LV+MfV76mlpqeevDywOl111oNv+G3bwYuj5taWcjkmRPcXp0rXsqqvjmcWn2Lm/AWhgR81h5tfa+9+2qokXdziPv3SAqvV17KpbS0lTz1zboqq1rCqH8lVreaCohXc2vcTpVbWRcjbVE9s0RTywdhXsrLGXAejxfGL1TaVsC7XDS6mXU6hnrlOPcrvdutWhnHJWra2CeG2cZp1EREREREQkOyljVYYNl8uF4XJhAEHTImhamBZYznNul0GOx41pWXT5g3T6/HT5g3T4AnR0+SmZMoGx7sv4L32A4RmL4R6D4S7AcOeDKw/DnYfhysFw5RD0XcHlHY9lBrCMHCzLwLQsLNPEsqyhbgoZdYp4YO18nt/fwANLIo+2fNsEi5c72ZoVzF0Mf/1tC0xNVEwFFTFZq+WsAorunk/5zpd49ICdSblrI0AL88t38mL1ATtbtW6jvU+nqIb37McrAIruZn45NEXtqnSqPeG+sLQcTuNMiz9FfU01O8NbvUfDXKhnMc/YBXHPfGf7hFppOlXO/LV2+XbdT9MKsVP8i6p4vq7KruuOatZV73Sybgt7lBitfP7ddjkVc6liD+dSRD/LS+3yiqYmn/Afv41FRERERERkOFNgVbKSYRhguAiaFm63C4/Hw8Wr7Vy63sHVdh/tnX46/QE6fAE6w39+On0Bgmb8wOfyBXdQkNPMjS+3pVUHV14x7rzpuPOn4xozE8+YMlx5xRjemzCsIKYZwLS8WJaFqYCrDLSiKv6YanZ8tqr3ZThT7qvW17ErNGXfKfv5uirn+Wo70Fm3mgc21vGAs0xAKCC4JPkeUogzbb9hR59KTEfF6jp2Lann+Zr3aFjdtyPotQRtrNUAZHg5yZs12zlauYbah2dGPd7GkZe3cO7BWmIeTqfEN2vYfjTOEz32MdjsYzo2ewNPzps0hPWI1XbkZbbsg6UbnqTP1Wo7wstbjjF7w5PMI+r/k5Xblmy77GwzERERkYGkwKpkhaAFN7oCeD0exhfkcqW9i7Otl/j24jXOtV2n7VrHoNfJ7GzG7GzGf/mjHs+5cgtx503HyCkit2gxOePvwPCMIRgMYllugqaJZZqDXmfJLgX3/bxfy6tYvZ73ql/iFPZCpEVTS2DnezSsrqCCBt47AKXrU9yaqXwVSyqAhveoB1Zhr9P6V6zl+arV7Kot5fma0/Z6qK/Av9tYxeq6Wko21cRkpFbMXQwvOftu+YzDp1LcW6poKqXs5K/rl/B8VZG9Vuvh+WzbOJcqXuK9htVUVLTwm8OnUtztqZCS8lMc/qyFB6qKaPnsMKfK5xObh2oHg0+vctZFDR97KYUUQQmcOm3nuDa8d8BpBdupw5/RUlVFUcN71FPCM0XJt09X3DYWGa6Ovs2Rqn4I7IV0D6K2HeHlLdt5897MA7UjWxtfHIPKSjj2RRvzFLwUERERGXIKrMqgM1wuLAu6ghY5XjcGBt+2XuXbtmt823adb9uuEwhmd1DS7GrF7GoFwNfy9wAYnvF4xt+Fd/I8vBPuxZ03DTPQgWnkYAaDmAq0jirHP/98AEqtYMmqcupDc+krVrNt1SbWVVcDzs2rKoCWUsrZ2fPmVRVzqTr1kjMtfhWryg/Q1AoPVK1l/qYaHnXKrVpfR0UR/Lv5m+xtwZ5GXwEt30b2/czianupgPLFVJWnrvvq2lU8XxPaz2KeqauiCFi9frGTxVlO1eJ4BRUxrQRO7XRuXrVxPU3VPctJvK/QdqspAormLoaXnCzcxbF3yyovOc1fVVdzKtQOAEm2T6poKqWcYucr9WzbGKeN0y9JJKuUlMC+XUe4/cl5DEhob9I8Hqzcx/ZPTvLwTEVWw07Ws4/ZbLj3HFu213Ny3sP0qXUmzePJ2nn2/7f1RwVFRERERh/D6uf5y42NjUwtLu716/2v2GviedfWp9hShhOXy4XPBMu06AqaNF24wrmLdiD1anvXoNRh+YI7mJrzNVd/8x8GZX/gwjPhbrw33W8HXCfcRTAQIBg0FWQdYULjVsioG79a6nm+5jDzazfyQIqEWRHJLt3Hr87qv02ytb0UAGvWwPbtfLM0NOW751IA9pR1J8+9ZCkbEgRhT75Zw3Z6Tvvv/njS8tqO8PKWfU5WfUnMNPmYpQaiMmNPvlnD21TC0aM0hcqLLqekkkqO8k1oWvvJN6kJF1SSZCq+3Rb7win+layptQOgKfeZtFzn9dM28OS8NqcfnPY++Sb2P0OB1m5T8mPqDiWhfku2FEBMvaLaLvSapdPZt+9obHlxlgJI1P4i/SGv7g+BUXjeJSIicX3b3ExZWVm/lllTU5NyG2WsyoAxDIMOv0lBfi7nL93g06+aOXH24lBXaxCZBK58SuDKp/Y/DQ85U/4l+VP/kJxxv0Mw4CcYREFWGZ6c9VpDylfVKqgqMmrM5OE1ldQkypo8+SZb9k1nTe2TzHSCbVvenJJ+UK3tCG8fhco1M+OUZwfrIuWd5M0t+5i+ppYnQ0HGLW8ypfZhJh15me3fLGVD7TwmOUHhl6dFgn5NR2FNbW0kGLlrHyzdQG04GAkls7H3sf0blm6otYOOJ9+kJkHGbtuRXeybvobaJ2cSCjS+faQqwT4T171nS53kk6MlzN4wCZhE1dIStoQyemfeSyXb+eTkw8ycCbR9wbGmEmY/Oil+3VNmu9ptEa5X2xFe3uIs/2AfBfuOzWZDba0TGN7Cm1N6LtvQFtP+dlu8fETrr4qIiMjIosCq9LvrXUFycnIIBk0++7qF356+QEdXYKirNfSsAL7zP8d3/udgeMkpqiJ36kPkjasg6G8naHkVZB0h+msZgDvvuKNfyhkQFavZVbd6qGshIkNl5sOsqaxh+5v3UvtwbKDs5CdHoXKNE7ibxLwHK9m3/RNOPjwzfjDv6HZqut3AqmTphnCg7uQnRylZuiH82plVSynZ4pR38hOOUsma8JMPU1sL0MaRY02UzH7UCX7OtIORx76gbZ4z/b3y3kh9YoKRwMwqlpYc5Vi4Rk3sqz/JvIdn2vt4Mn6zTJr3JLXhf7VxrgmYHbVB9D5PfsLRkqVsiBwYS0u2RAKk0U5+wtHKB6l1qjfp9tmU7Au16UzurSSydELbOZoqH+TJSfZxPxxV2bYL3wDT41c+chTMezJyFLSdo8dhPOgElWOWbYh+H7TxxbEmKh980ml/533wtt3+Cq2KiIjISKHAqvSLgGnRFYQJY/I4c+4Cx09f4PylG0Ndrexl+fFd+CW+C78EVw45hYvILf4h3pwiLNc4AqY+msNdX4OiA7NGq4hI/7EDnNt5894NTAs/2saFb6Bkdgahs8ruU/6n82A4q9Eur+noFmr2Rb+ohAttMMneWZxAnR3UnP5gmvVoO0cT04lsPokp4fjjTB6uXQM1UQHgRNPauy0ZUJLkZnxt9oGxJfbAKLnQBt2ClEfePgpNR3sEoEPZsNHBZj45SuW9D0deG7U0QUmyCsUcRtQU/pKSbvcULGFaVPUmTSuBcz2OjnNNcHR7DbFVrqQNFFgVERGREUPRG+k1wzDoCFiMyc/l3IUr/PbrC3x5Tnc/yJjpw3fhV/gu/AoML3m3/DH5M/4tZtBHwMyjn5dBlkH0iyZXr173gxJlLovIMDBpHo8uPcaWt+upjDzIlOnQdK534bNJ855kzbkatr88zVlH1S6vZHaCKeT2zuIE6yYxrQSO9QhSJtrxNEo4RmRzO6AbiRjP5OHaWh4GZ2r8dt68t/v0dzsA2mPN0US7tA8s4fqzkWK/4FhTZdQaqs7DR14OZ+BOmnQ7s0v28cnJe+FoJeG46sl69kW/1lniIKm2I7x9NGq9V2dd1YSbn2uK86jd/pUP9lwiQERERGQk6d1Vv4xuhgvTcNPut/j1qfO89vZH/OzIFwqq9gfLT+eZn3LpyIN0fPWXeMwLeN0+XG5jqGsmIiLSw6R5j7KUoxyNiq3NvLcSjn7CSSCcbRk9BT6FmQ+vobJpH7uOtIXLa9pX75RnBxRrat60/z3zXio5yieRJ3m55mWOtE3i9tklNB37wrnh/Unq9zVRMvv2+EHMSbczu8Se7m+X8wXHmrqXGdp2CtO7ZW1GawqdD52sj7qJVbwDvZfKpn3Ux9S9hjdPxm7W9sUxmuK036TbZ1PSdIwv2gDs4z26fTvfLK3qtu03XGiDcF+kpYnIYUTdxMp5LtJOznq49/aonV2ft48QaraTb9ZQ83Lk3yIiIiIjgTJWJW2W4cLr9fLRl99y4mwrLVfah7pKI5qv5R18Le/gGX8X+SWPkjvuLgJBi6Cp30NERCRbhNZQjQrYzXyYDUtfZkvoLqolS9mQUdqisx7qvtBNkbqVRwlLN4SyN2fy8IalvLylhtCzlWucGzU52a/hqfaVa+wbUyU6jifXcC483b+Sykr4BmDSPJ5cc46aLTWEJu2XLN3Awz2KCrWFU0blGtZUHmV7wuzdnnWPXlvWZgeEwzfyitmdnaUaWvt10u2zKQFm3x61L2fd1n1bathHCUvXLKVku5OZm6AlwuumOtP4K9esofLodiKHUcLSaZ9Q46S+9qxzqJhu7U8la2q1vqqIiIiMLIbVz/OMGxsbmVpc3OvX+1+pAsC7tr6/qiR9FLQMXG4PjecvUf9JI13+4FBXqVeWL7iDqTlfc/U3/2Goq9Irrpwi8mb8W/Km/YhA5yUCVt5QV0kcoXEr5J8W/SV33nFHn5YCOP7559l98yoRGRG6j1+d1X87RDUREclMXt0fArpuFBER27fNzZSVlfVrmTXhH/YTU+qbJBQ0oTMILde6+H8PfsbfHTs5bIOqI4Hpa6H91F/QdngxvuZ95OV6cBv+oa6WDIaWep6vrmZHQ7JNNvFosg1iNLCjehPvtPS+vMz25+x1RzXP17ektX8RERERERGRbKelAKQHf8Ckw4mfHvj0a862Xh3aCkkPnWfeoPObfYwpf5LcyfPwBz2YltZhHalaPjsMixdz+r0GqKjohxIrWF23MekWRVUb2ZXk+dbTpzLcZwvnmoDS9PYvIiIiIiIiku0UWJUwC7jaGWBMXi4ffP41J85eHOoqSTJmJze+/E90nJ3BmJnryCkoxW/m08+re8iQa+E3h2H+2iXwyiu807KRB4qcpxp28OhLB4ByqhaHtm9gR/UeSlaVsHOn/dyq2uU01bxEPVC+qpbnq1rtbWo3cs9nm1h3uoSqAweoB1i8nl2rK2ip38S608vZtRp2VNuvBahaX8dqdvDiAYCX2DG3lpI9NTSVLKb+QBOrajfyQGuoXpHXLPn2FXaeAk69wjt3L6epxt7/A0UtvLOpxn6Ocvv1zmN2mQci++2PmLKIiIiIiIhIP9FSAAJAp98kNzeP46dbefXnHymoOoyYHWe49tl/5PqJLXi4hNflG+oqSX9q+YzDJct5oKiIe+bD4c9C8+cb2PHSAarW17Grbi0lTdEZpKfYeXouu+rqeGbxKXbWvMfcujq2rSrn1OHP6DED/wDMratjV+0qyg/siZmi31K/h/rF69lVV8eu9Yup31NPS8VqnlkMLF4fDnbWM5dddXbQtwF737ucfda/10BR1VpWlUP5qrWRwDDQsKOGnSWh8kvYWbOD0AID9U4521aV2/vtz3YVERERERER6SMFVke5oGXg9uZw4txl/vxn7/HrU81DXSXppcDlj7hybAUdp18lN9eN2xUY6ipJP2j57DClc+3oZdHd8yEUGG14j3oWYz9VxD3zy2NeV+W8prC0HBbPpQIomloSfyflpRQCFE21Z+pHKbp7PuUHXuLR6mp2sJpdG6soiltEYfj/Kyoq7Gza6mrW7Uy2ZIC9PECorlTMpYomzrXElpmw3iIiIiIiIiJDSEsBjFIulwufaXGm9Tr1nzTS6VcQbqTwnf87fOf/jvyyNeTe/AN8Ae9QV0l6rYH9O09RTzWR+92W85uWKh4YrCoUVfF8XZWz7EA19SzmmbrVSV7gTO1nFdvq6qB+E+tOD1ZlRURERERERAaPAqujkdVJ0NfBmLFTef+LLxRUHaE6Grfjbz3EuLv/bwJBi2BQCeqD7QclZt8KaHiP+vJVbIvKEm2p38S6/Q08sHouVbzEew2rqaho4TeHT8EAJHa21G/ir1jL81Wr2VVbyvM16UVJq5ZXUUQL7yStVxHTSmDnew2srqhwsnBLeKYIzvXbEYiIiIiIiIgMDAVWRxmX1U7L6YOc+MeXmHH3I6xY/O/5L397bKirJQMkcO04l448yJhZz5AzcTa+YO5QV2nUOP75530uo+G9A5TPr42Zel9093zKd75Hw+rVrF6/2MkiLadqcXnCcvqiqGot8zfV8OhO+99V6+uoAFpKy2Gnc/Oq2Fdwz/xydjr1WrVqMRz+lhYqmFYCp3baN68KqVhdy6pNNTxaDaGbV1XQosCqiIiIiIiIZD3D6udbiDc2NjK1uLjXr/e/UgWAd219ii0lI1aQvPwCPv3Vf+TimX8MP1z5x/s51ebilx8mWwdxZFi+4A6m5nzN1d/8h6GuypDw3jSbcXe+iL+rk6DlHurqjCihcStE45eIDBfdx6/O6r8dopqIiGQmr+4PAZ13iYiI7dvmZsrKyvq1zJqampTbaG7waGC247vRxIH/VhkTVAU4+tdLuKt0Ch6X3gojnf/SMdr+4V9A+6d43V1DXR0RERERERERkWFNSwGMcIbVwbkT+2j8+LWE2zR9tps//eHDbN//BUEvQAAAIABJREFU0SDWTIbKteP/JzmFi8gve5wA47AsBdX7W38sAwBw5x139Es5IiIiIiIiItL/FFgdoQyCeL0ePnr7P3Kt5XjSbU++v43i7yzh9+4q4R9+2zRINZSh5Gs9iK/1IBPv20XQNZ6g6R3qKo04fQ2K9ldwVkREREREREQGhgKrI5BhtnP90gk+/cUTab/m/b0PM/+RXymwOspc/vBRxlZsxjP2LgJW3lBXZ8T57bJlvXrdXXv39nNNRETSM27s2KGugohIWvxDXQERERG0xuoIY2H6Wvj6k9cyCqoC+DvbOH/qV/yvP7h3gOom2ep6w3P4zv8NOa7Ooa6KiIiIiIiIiMiwocDqCGFZQXJyvPz67TV807CvV2UcP/AM43INvnvbzf1cO8l2nU11tJ/cSm6ONdRVEREREREREREZFhRYHQmsALl5eRyqW0RX+/k+FfXrn6+h6t5b+6liMpz42o5w5aP/hdxcNy6NDCIiIiIiIiIiSSl8MsxZQR9uV5CD/20uZrCrz+VdvfAZl899xMqqu/qhdjLcmF3nufSPv487eAG3yxzq6oijYUc1j1aH/nbQ4DzeUr+JR3c0AA3sqN7EOy29KLylnuejyox9alPUfqt5vr43O+imYQePbqqnH0oSERERERERGVIKrA5jVrALrOsc/uk/79dyP/m7NUyZUEBZ8cR+LVeGjysfrcK8dACPodsCDK0W3tlUzYusZ1ddnf23Hl7sEQitYHXdRh4o6sUuWk9zKu6u6/mrnbCq1tlv7SrYWcOOeBHYTFSsZtfGKnpTVREREREREZFs4hnqCkjvWMEOAp0XOPY3jwxI+Z8ffJY/WvR/8Z9/9v6AlC/Z78aXtYyZlYd7/ByClneoqzM6tXzG4VOLeWZjReSxitVsq20gNuWzgR3VeyiptYOrDTuqefGA/Uz5qlqeryqipX4T606XUHXgAPUAi9ezazXseMne8MUdc9m1Omo/rac5RQl/HIqAFlXxfF1VpGr1m1i30wnJLl5vv7Zhx//P3p3HR1Xf+x9/nzOTyR7CMkhQEnFcCAgi2hLFKBnaKq51KS5t0kStrXTRkt5rQ28L2Cpt7w9aN7pq0qStSqttLde1JL2XVgGtRRGiSIRE9mHPPpmZ8/tjAgQIkGVmzgRez8eDx73OnPP9vgN1Hg/efuZ7VLhY8qpG1e4r5Vnu162VJco9cP2yfC2cUa9Zi3O0cI5X7tpyFXbuf3ANdZ9fvmrNLa3oLIE9Kl7QxyIZAAAAAIAIYWJ1AAoFm9S6vy5qpaok7fjoVbXu26CbpoyJ2h6If80fPCRr/0o5zYDdUU5JvtXLVOfJ0bAjXne7c+U+Rqnoq57XZcK1TDkViw4dEVAj5XVOn3pqFmupL1clZQWSCjS7a6kqSbklml1Qo4c7jwE4bFK1tjxcklZWqqpygYob5h96v65B2TMrVTXzM8r31Gh55+s76+vkndF1UrVW5fNr5C07fI1j5a9dUiEVL1BVZaUWFksVS/o7OgsAAAAAQP8wsTrAhIJNavK9q/eWPhD1vVY+d6sK7npTQ9OTtauxNer7IT41ffCQUs8rkyNjsoKWy+44pxR3Vnav79lZXyfVzFdhzaHXPKt9miBJB0pad5ZyerBWbkmlqkrUOS1apMLOSdEJWxukuhrNKqo4dPHyWpXkSVK2Rrolya0J+R4t2+qTcndqeU2B8kqkQwfEblW9CnRrbvjaaXMqJUm1y7vPPzevQHXzS1VYEc5QdWh4FgAAAAAAW1CsDiBWoFF7N/9T7//joZjtWbfyUd1e8FU9/sKbMdsT8af5g/lKPfcBOQZdQrkaS8Ny5Kmr107psDNJa8uL9GzOAn31GLcd/Pp8F77qfuToPAagtrxIzx4oabt8df9QsOWH3zY+X1q0Wr6selUX5Kmkh9t1l18qUVVlSfhIgdIiVXiKw8cJ9PFHAgAAAACgvzgKYIDwt2yVb+OrMS1VJalhdZWCbTt11cVnx3RfxJ/mdT9SaO/rchh+u6MMGOf/4Q99+nWQe7zyPTV6uOv38GvL9XBNgW49qngMG5bjUV3Fks7B0FqVH/k1/h7yVc9T4VEPyZJystzhSdqaxZ1HDIQfsDW32nf0Iu7xytcyPbG4Rt68I0pYd5ZydOCogENrHCt/bXn4/7q9c1RVVtD7HwgAAAAAgAhjYnUAsEKtatmzTutX/NSW/Zc/e628d7+lV99er1DIlgiIE80f/lip5/6nHIMuZXL1BNasXRuBVdyaNmeBNK9UhUUHXivQ7AMPhOruDu8cza4v0sNF4e/Se4oXaG6u5Nt6jC2G5cijiqMeXnXkOl3Xkkq0sLhzclQKT6963TqqhZVb02Zkq2J+dudX/rvKVcmC4s4jBiR5irXQ65Zb3edXbpmWF3VeK4+KF5QwrQoAAAAAsJVhWZYVyQU3bNigrBEj+nx/x6LwwXkJM/vzvdWTh6GAmvfUatWLM23NcfbkWRp6zi36+f/8y9Yc/THj8rHKcm3U/nfvtzvKgJd+/nyFXB5ZZprdUeLCgc+tA/j8AjBQ8PkFYKDi740AgK62btum0aNHR3TN0tLSE17DxGocM2TJCjbbXqpK0voVCzXinGs1Zdwo/XPNx3bHgc0a3ytTxoRHFEo8WyHLsDtO3InMtKo0buzYiKwDAAAAAAAij2I1jiUmp6j615fbHeOglc99Tpd9/hWKVUiS9r97nwbnPS9/MFkRHnw/KfS3FI1UOQsAAAAAAKKDYjVOOR0BvbH4RrtjHMbfukvbP3pNd37mMj316iq74yAO7Fl5m4Zc+qLa2nigVXdm/OXWPt23+IZnI5wEAAAAAABEmml3ABzNCDVrTc131bo//iZD11SXKSPZ1ITRp9kdBfEg5Ne+VTPlcnbYnQQAAAAAACCmKFbjTahFH695Wrs+/ofdSY5p1UszNe3CM+2OgTgRbFqn1g0/V4LZbncUAAAAAACAmKFYjSOW1a59295Uw7u/sTvKce3b/o72bv23vuAdb3cUxIn27S+pY/ff5TCDdkcBAAAAAACICc5YjROGgupo2aY1Nf9ld5QeWfXil1Vw5wqdedogbdy+z+44iAMt6x9RxgUemUlnK0S/Ghm+as0trVDdES97ihdortfdy8VqVV60WNkL5mhab2+Ni/UBAAAAAIgvFKtxwuGQ3vzzF+yO0Str/v49fXbq9/XTP62wOwrixP53vqH0C34mw3WmLMuyO85JwqPiiJSVuSqpnBOJQDatDwAAAABAfKFYjQehZq38y512p+i1HR+9opyJd+qmKbl6/p+1dsdBnGj58MdKn/Co/AGH3VFOcuEJURVI1TV1OqyArS1X4fwaSR55C6RqzVBViQ5OlE5YPU+z6rPlralRtSQVlKmqJDe8anmRHq4J79B1Mra7133Vh9apL75XORWvnmB9n5bOK1VFnaSCAnlrGphwBQAAAAAMWJyxajPDatfWD55XW9MWu6P0yZvP36ozTxukIelJdkdBnAi2bJB/25/lMAN2RzlJ1KmitEiFRYd+ldceeq8+Z6aqKis1u6BOFUtqJdWqfH6NvGWVqqqcqeyGIw8S6FQj5VVWqmpBsTw1i7XUJ/mq5+lhlamqslJVlWXKqVh03Ne7rjPXm9mD9RepQsVaWFmpqjyFS1cAAAAAAAYoJlZtZBiGQoFmbXj7l3ZH6Ze6lY/pjoKZevyFN+2OgjjRsvFJDRo2VSFjGEcC9NvxjwLIyQq/MSzHI9VLql2uahVodq4kuTUhv/P1o5bN0TBJcmcpp/OlnfV1Us18FdZ0uWy1TyOP8fqEruuccH2f3l1WJ0/+TLklKTdPXjX06HcAAAAAAIB4RLFqI4fh179fud/uGP3WsLpSZ4y7TVde5NEr/zrGdBxOOY3vztKgi3+jdr/dSdAb3T0Yq7a8+9d9jJwCAAAAAE5hFKs2MYyANn/wZ7Xs3WB3lIh4/Zmr5b37Lb32rzqF7A6DuBDy+9S6sVyJo76gjmCC3XFssfiGZ2O/aW6evJqv5bUlys0NT4kqu2e3DsvxqK5iiWq9JcpVrcqL5ktllbr2WK/3Klh4erZi2Wr5vF65a5erWlJx739CAAAAAADiAsWqDQzDkEJtqlv5qN1RIqphzTO655qb9PP/+ZfdURAn2rb8Qa7TpslMyFEodGodCbBm7doIrRQ+Y7Wi60ueYi2ck3WM63NVUlagwvlFqpZH3gJPj3dye+dodn2RHi6q6dxmgebmSsrt/nXf1t79JG7vTBUvK9Wsoorww6t6dzsAAAAAAHHFsCJ8AOKGDRuUNWJEn+/vWBT+q3bCzJP3O6YOs0P/fvFeNe36wO4oEZdfWKN/bdinf6752O4oR5lx+VhluTZq/7sD//iFAcWRrMF5f1F7+8n7MKsDn1sHxM/nl09L55VqWf7RX+O3XW25CudLsytLlGt3FuAUFr+fXwBwfKfC3xsBAD23dds2jR49OqJrlpaWnvAaJlZjzFRQ29a/eFKWqpK04rkZuuyOl+KyWIVNgq1q/nCBks+8Vx0hl91pTgHhr+of/CuGp1gL46RU9VXP06yKQ+cwe8sqKVUBAAAAAAMWxWoMGYYhQwF9+Mb/sztK1PhbfNq+Yanu/MyleurVVXbHQZzw73hFiSOmy0wao1Do5D+FN1LHAIwbO7YPd+WqpLJSJRFJEFlu7xxV8f1/AAAAAMBJgmI1hkwjoHdevs/uGFG3ZukDuqL4n5pw5nC9u3GH3XEQJ1rW/1TpFzwmf8hhd5SY6FspekjkzmgFAAAAAADRQLEaIw6HId9Hr2m/b43dUWJi1Utf1aeu/RXFKg4KtmxUYO9bcmRcomDw5J9alaQnr27t0313vZgc4SQAAAAAACDSTLsDnDICTrlHT9Og0ybanSQm9m1fpT3b/q07CsbbHQVxpGndf8vp5GMHAAAAAAAMfDQcMWBYTq38jV//ftqpSdf+Sp+88Wm7I8XEqv+5RyMyk5UzfJDdURAvgi1q3/JHOZmVBwAAAAAAAxzFagw4HE6tWtymN3/TpkXePdq1fpS8d7+lcQUP2R0t6tb+7xzdOGWM3TEQR1o2/FJOmlUAAAAAADDA0W5EmWE5teKpw89ZXPLtFjldLbqtokBTS97Qhyt+os1rF9uUMLq2172snIl36cYpufrTP2vtjoM40fTho0o68ysKBPlvO8flq9bc0grVHfGyt2yBsheXqmFGpUpybUkGAAAAAMApj2I1ysLTqo1HvR7wS7+9o0mjL0vQp78zS2dOvEv/fvFetez9yIaU0bXyuc/Je/ebGpyWpD1NbXbHQRzwb1+ilJwiGUa6LMuyO06c86h4wRxNcx/x8pxKW9IAAAAAAIAwitUoMqwErXjy+E8F3/CPDv1yeofyv5aqyTc/q0bfGr31QnGMEsZO3crH9XnvvXr8hTftjoI40bzuR0oZ86A6AobdUQYgn5bO65xYVbkKF0te1ai6TpKnWAvneOWWVFtepIdrDtxToNmVJcqt7dn13rID07C1Ki+ar2pJxyx5AQAAAAA4BfE93ChyOJxa9YeeTWgue7xFi7x71LTtHHnvfkvnTSmLcrrYqn/3N7L8u/XpSWfZHQVxomPvvxRq+UimycfQ8dWporRIhUWdv8q7OVKjrkHZMytVVVkmb12FltRKUq2UV6mqykpVVS5QsadGy2uPc31tuR6uKdDsykpVLShW/fxy1cqnpfPmS2Wd65Rlq2JRtXyx++EBAAAAAIhbTKxGiWElaPmvW3p935/ua1ba8Fbdsuh6TS2+VrX/eEjb178YhYSx9/rTV8t791t67e2T77gD9E3bpt8r5dz/UijE1OqxdTclemS1ma2RbkkapmyP1CBJylVu7hFTqMe53re1QSqYoVxJcns1t1KSarW8TqqeX9Q5sRrO867Py9QqAAAAAOCUR7EaJQ6HU+/8cX+f7m3aEVLFLY0aM92lqd+cI89FM/XmX4rU0bY7wilj7+O1i/Xlq2/QL1582+4oiAMdu9+QIb8MI4mzViOt88FXKl6gqkqFjw7o00J8/R8AAAAAgO5QrEZBX6dVj/T+S369/5Jf3v/IVP4XXtXuzSu16qWZEUhonw9f/7HyPdM1Zewo/XPtx3bHQRxoa6hSYvaX1BGwO0nk3fViss0JCnSr1y35qrWsTso5zpXurGypYrlqS3KV66vW3NJlyl8wU9meOlUsqdW0klyptlyF8xU+qzVmPwMAAAAAAPGJYjUK+jOt2p3q/25R9X+3aMYvLlDBXSvVsLpKdSsfi9j6sbbiuVt12R0vUqxCktS25XmlnDVTHQG/3VEias3atfYGcI9XvqdCDxfVSJ5iFRdIy7b6pKxjXJ9booXF8zSrqEiS5CleoGlutzSnTA1F81VYIx2YXqVUBQAAAABAMqwIf/92w4YNyhoxos/3dywKnwKYMLP6BFfGJ8NK0Jvlfr3zx549tKq3hp5t6ob/lypXcodW15Rp98f/jMo+0TZu2o/kGnapnnp1Vcz2nHH5WGW5Nmr/u/fHbE/0TMpZX5Nz+HUKBIJ2R+mTA59bBwzUzy8Apx4+vwAMVAP9740AgMjaum2bRo8eHdE1S0tLT3gNj+OOsGCbGbVSVZJ2rQ/pqc826o1fW5rwqZ9o8i1/1ED8Y1yz9AFlJDs0/szhdkdBHGj9uEpOBw+wAgAAAAAAAwdHAUSQw+HQx6tic1DkO39o1zt/aNeVc0+T9+6V8m38u1b/7Vsx2TtSVr38NX36ml9o9cYddkeBzayOferY+7YcaRcqGByYU6tdReoYgHFjx0ZkHQAAAAAAEHkUqxEU9Dv13gtNMd3zlbmtekWtuqPiEhXcuUIfvbVI9e/+JqYZ+mrftre1d/s7uqPgfP2+5j2748BmLRufVPr4nyg4ACewu9PfUtT2M1oBAAAAAMBxUaxGimHIkLTlHXsebf774madMcmp6d+/V9kTivTOq/dr/47VtmTpjX8vuVsFd61UzvBBqt+xz+44sFGw+UMFGtfITL1AoVDI7jgR8frv8vt036WfXxbhJAAAAAAAINJOjtGwOOAwHXr/FXufar7p7YB+dc1+rVqcoIuufVKf+Ozvbc3TU2v/d65uvHSM3TEQBzp2LZPDHPhHAQAAAAAAgJMfxWqEhPwOrV3SbncMSdLK8jYtmrZXez4aJe/db2ns1AftjnRc29e/qNb9DbrhkvPsjgKb+X01cjgT7I4BAAAAAABwQhSrEWAYhtqbLO3eGF+Tdn99oFW/uma3UtI/pYI7l2tk7s12Rzqmlc/dorNHDlZmWpLdUWAjK9isYHOdTJOPJgAAAAAAEN9oLyLAsBx678/xMa16JH+LVHVbk155sFWei/5Dl93xspIzRtkdq1t1by7SF7zj7Y4Bm7VteUEmxwGE+ao1t2ielvqOfK1ctbaFOpChSIVH/Cq3NRQAAAAAALFFsRoBpunU+6/GZ7F6QN3/duiX0/fr/ZdTdcnnntdF1z1pd6Sj1L9TrpB/jz496Sy7o8BG7b4aOZwuu2PghDwqXlCpqsrwr4XFHlUvrpbvxDcCAAAAAHBScNodYKAzTVO7NwbVuseyO0qPLHusVcsea9VNj42R9+639PGaxfrwjR/bHeugN56eLu/db+m1tz+yOwrsEmpTsPEDmYlnKxQK2Z0mrvmq52nWsnwtnOOVW7UqL1qs7AVzNGH1PM2qz1dxQ4Uq6iQVlGlhzmLNCv+DZleWKFc+LZ1XGn5fkjzF4XVqy1W4WPKqRtV1XV4/QRb3+Hx5Kuq1U5JbUm15kR6uObD0As31usOTrqUVCm/pUfGCOZrmlqRalRfNV7XUJV/4NZVVqiS382etn6GqEqm8aLFUIFXXZGt25bXacvDn6LLmYXsdWPPwXCooU1VJbgT+JAAAAAAApyImVvvJ6nDo3efb7I7Ra89/vVlVd+zV0KwbdcUX/6HhZ33G7kgHfbx2sb589UV2x4CN2ra+IIfRYXeMOFGnitIuX7k/WBaeQM0yaWalqhYUy1MzX09opqoqy+RVjZbXSvLt1MiZByZOy+StW6Z3D4yb1jUoe+aB1yu0pAdf8fetXqY6T46GKVyCPqyyg2vnVCzSUp9Uu6RCKl7QOeEqVSypleTT0nnzVX/w9QY9PO9Ek691qs+ZqarKEg2rXqQKFWthZaWqyrJVsahaPtWqvHSZ8hdUHlqzvFbyVevZmgLNPvAz1yw+/JgFAAAAAAB6gYnVfnKlOrXub367Y/TJ/q0hld/cqLHXJuqK+34gzye+rjf/9HkF/PttzfXh6z9WvudqXZo7Sq/XfmxrFtjD76tR6rn/KQUH5r9bkdV1slOdk5j1PbgtXxPckpSlHHmUPT68QLZHapAkd+4RU6seFR+8OVsj3ZI07ND1RwkXvhWH5QxPttbW10k181VYc+hqz2qf5uYVqG5+qQorwj9TlVeSatVQ51H+zHC+Q5OvWcf98XKywtfvrK+TJ39meKI2t0RVc8K/R/WqU/Vh+ZartuRa5Xsq9HBRTXhatXLOiX4XAQAAAAA4JorVfjAdDq37W7usAf5t5bVL2rV2Sbu8/5Gpy4uqtXvzcq166Wu2Zlr5/G2acvsSitVTldWh4P41MpPHKBTkQVZRUVuuwvk18pZVqio3fIxA7xwqfA8cSTChy3kBB7/+f5gSVVWWhK8vLVKFp1gL5xy/QO27Q1//7yp3TqWmdR4zUFgjeTuPGgAAAAAAoLc4CqAfQh0Obfr3yfN15er/btUTBbsVar1QBXeu1FkXz7QtS3vzNu3Y+HeVfGaibRlgr9bNf5Rptdodo18u/fyyPv3qKXdWtlQXPtdUtcs7zyjtBU+xrs3t471dc3jnaHZ2hWaVh88MGJbjUV3FEoX/qVblRUUqrw2fb1peG76+qqyg8+5hyvbUadnq8HfyDx0pEJ6Wrd/qk+TTu8u6PwBhWI5HdctWh48OqC1XYVG5at1ZylGNnq3uXLN6ngrnVcvnq9bcedXyKVcllQtU7OnHDw0AAAAAOOUxsdoPDhna9l7A7hgR9+yXmjV8jEPX/ahQZ4y9Ve8t/bZ2b34j5jne+9u3dEXx6zr/TLfe28hBiKeaYNM6OZwuBQboaQBr1q6N/ia5efJqfudX2wvk7e29dfM1q6hCKihWsadGDTv7EaWkTN6i+SpUmapK5mh2fVE4lzqnV3Ml5ZZpeVGRCsOvqnhBidySps0pU0NRqQorpPCkafhIgQn5HlVUhI8O8BZ034K6veG9ZhWFv/TvLatUrqTcBcWaW3r0ml/Nn3fwWhWUqYppVQAAAABAHxmWZUX0cfYbNmxQ1ogRfb6/Y1G4GkiY2Z/5qdhwKEm/vHqP3TGiauKtibrkS8lq3V+vFc99Lub7Z464SBde83MtfH55v9eacflYZbk2av+790cgGWJh8CUvqD2QIEX2YyriDnxuHTAQPr8AQOLzC8DANZD+3ggAiL6t27Zp9OjREV2ztLT0hNdwFEAfmQ6Hdqw7+c9+XPVsu372qb3a/l6WvHe/pfOn/Tim++/d9i/t3f6ubp96fkz3RXzo2L9GDpOPKQAAAAAAEH84CqCvQqYaVpw856ueyEvfa5HUos9XTlHBnStU9+bjalhdFZO9/73kLhXctVLZ7kFq8O2LyZ6IDx2731BSxkQNtOdXReoYgHFjx0ZkHQAAAAAAEHkUq30U6jC1ZfWpU6we8LuiZo36hFPT535VORcUa9VLX1Pjrtqo77v2f+fpxvw5euTPK6K+F+JHYN9qGVZAksPuKL3W31I0Jme0AgAAAACAPqNY7aOkdPOkfHBVT3z8ZkC/vGa/8r6UrItvq1TT7g/05p+/ENU9t6//H+VcUKIbLjlXf3ljXVT3QvwItmyQ4XBJgQE2strpiRdX9em+r149McJJAAAAAABApHF4YR8YpqndGwdm0RNJy3/VqkXT9mhf/Wh5735LuZfPiep+K5+7RWePHKpBqYlR3QfxJdD4gUzOWQUAAAAAAHGGtqIPHIapj9869Y4BOJa/fKtZT96wW2mZV2pqyRvKOu+zUdtr/VtPqHDahKitj/gT2LNcpsOwOwYAAAAAAMBhKFb7oKPN1OZVFKtdte2XKm9t0mvz23TOJ8s05Y6XlJR+esT3aVhVLsu/V5+adFbE10Z86tj7jkzLb3cMAAAAAACAw1Cs9kFCoqmtp+j5qieyfmmHfnHVPq17NVWX3voXTbr2VxHf4/Wnr9IFo0+L+LqIT4HGNQoF9tsdwz615SosKjr0q/xED4urVXnRPC319XtjlR/Yc161ul/uwDXlOiyVr1pze5S161LlR69zHL7qeZ3r+7R0XpF6sxUAAAAAAJFAsdpLhmHI32ypbZ9ld5S49n+PtOmJgt1q2z1W3rve1Dl5pRFdf9PaP+rLV0+K6JqIX6bDJcM4FY8DqFX5/Bp5yypVVVmpqsoyeWvma251v1vTE/JVL1Z98QJVVVZqdnaFlhyzuPTI46nR8i7v+1YvU12U8+2sP7CDW9PmVKokN8obAgAAAABwBKfdAQYa0zRV9wbHAPTUc19tVuaoVt30yC0a+cXPau3/zZVvw9J+r7vu9R8q33OV8nLP0PLaTRFIingWbN0sI2mMLOsU+w8avq2ql0f5ww68kKuSyspD79eWq3B+zcF/9JYdXTDWlhfp4c5LPMULNNfrDk+UllZ0lp8eFS+Yo2nuw+9zZ2WrbvFq+bxZWl5ToLySY8fMzy/Qsq0+Kdctyad3l0neAo+qj5vTp6XzStWQXaDqmgYV35t96MeunqdZFerMVavyovmda3Vm3Vne+TPNV3neAmUvLlXDjEpdu3WeZtVny1tTE76+oExVJbkKT7WWqqJOUkGBvDUNyu7mZwYAAAAAoDeYWO2lYMDQvi1Bu2MMKHs/Dumpmxr1j8dDGnfFfOXN+ItMZ0q/133zT7drythREUiIeBds/kiGeQp+XLm9+mqxVFEa/kr+kZOqtcrrnGTmNl79AAAgAElEQVSt1MJij6qXHz5W6quep4dVdnDaNadikZb6pNolFVLnNOrCYqmiu3HU3BLNzq7QrKLlyqss0XEHQrNypGWrw8cF+FZrmfKVl9OznNXKU1XlHE3LPHBxuWYty9fCyjma5vZp6bz50oGJ3bJsVSyqli+3RLMLJBWUHT2pWiPlVVaqakGxPDWLtdQn+aoXqULFWlhZqao8HSp8AQAAAADoByZWeytgqHlnyO4UA9J7L7TrvRfa9envDNXU4v/Tro9f1zuvfKPP67U1bdWOjX9Xyacnq/y1VRFMingTbKmXU36div8tyO2doyqvFD7PtFSFFYcmU3Nzcw+fBi04/N6d9XVSzXwVHhoWlWe1T3PzClQ3v1SFFeEJ0PD6XYWnRFW2QMUNpXq2+lp9VYs0q35G5wToEYaNV74W6V2fVxNWL5PyZ2qYlh18+3g5PTnDuixUo4fne1S8oEThYdKdaqiTqucXdSlDPXrX59XIY/2GeXI0TJLcWQp3uz69u6xOnvyZ4TVz8+RVw7HuBgAAAACgxyhWe8myDDX5KFb747WHWvTaQy269dcXqeDOldq46kltePsXfVrrvb99S1cUv65xOW6tqY/+uZOwR7B1s0wrIMlldxQbhY8BuLZ6nmYtr1VJ7rDw19s7JzFVPU+z6o++6+DX/w9ToqrKkvBX7kuLVOEp1sI5Xh246sD5qnNz3dKcMjUUlWqWJG/ZseZW3ZqQLz2xulZaJuXPdEurD7zn61HOsALNLpMeXlStCQfzdH9UAc+qAgAAAADYjWK1lxwOJlYj5dm7m3XaOIeum1+sUeNu1+ql39KeLW/1ep13Xv66rrzm5xSrJ7FQ6yYZDpc0wE7h+OrVE/u3QG25Cuc3HFUsdp3y9M7wyi2fli6rk7IPv31Yjkd1FUtU6y1R7sEp1ErlLS/S8rxKlXjnqCqrXIWLD7/v0PmqXrmVq2uLPaqukLKH6Zjc4/OlRYu1rC5bt3Zzdunxch4mt0Szs4v0RPV4zfUOU7anThVLajWt5MDUqzS78jgHvh6dTBPyPapY1vnz1C5XtaTiXqwAAAAAAEB3KFZ7yZlkqpmJ1YjZviaoX1/fqEmfT1LenT9Ty74NWvHcjF6tsXfbv7Rvx3u6ber5eubv70UpKewUat8mw5Ekqc3uKD22Zu3a/i+SW6KFxZ1TpQdeKyhTVUm4uZyQ71HF/CJVy6Pi4gJp2Vb5lHXwdrd3jmbXF+nhovBX8D3FCzQ3V1JumZYXFakw/GqXr94f2nd2dpFmFVUc2nPBVs0tLdfIY5236h6vfFWoomCGwo+LOvjGMXIeu6XNvbZYKl2kpePnaNqcMjUUHTjOIDy9mivJl+ORKjofXnWC30a3d6aKl5WGf56CAh118gEAAAAAAH1gWBF+zPaGDRuUNWJEn+/vWBT+K2/CzPh8vEiCI1k/v3K33TFOWlf/IEWjpyRp+0evaU11Wa/uLbhrpf647H01+PZ1+/6My8cqy7VR+9+9PxJREWOZn/yDOqw0RfgjKyIOfG4dEK+fX9BhU6/HfSAXcIrg8wvAQBXvf28EAMTW1m3bNHr06IiuWVpaesJrmFjtBcMw1LqPadVoevG/WiSzRZ+vvFxT71yu9Ssf0ab3nu7RvbX/96BuvOx7euTPK6KcEnYItm2RkXReXBariG++6nmaVVF38J+9ZZWUqgAAAACAfqNY7QXD4HzVmAhJv/tCs3IucerK792vMy+4U6te/qqadq077m3bPlyi7AnFuuGS8/SXNz6IUdiBK3H8X5WaKXXUXadG/USZnokyD7uiQe3LXpB5ydeU4JQUWKXmN76pdkmpF9XI2Vigfcf/I4mowP735EzJlUL8O4jecXvnqIrv/wMAAAAAeqEnE6vmCa/AQYZhqHEbpU6s1L8R0C+n79OavyTpE5/9nS6+ofKE96x87hadPXKIBqUkxiDhADbyJ0rOTDv0z1u+qb3LCrR7WYF2161SSFJo7wtqHnmZHM4GtS97WUHn2XKNDN+b4FqlthiWqpJkBVtkiH//AAAAAABAfKBY7QXDMLR38wB7LPlJ4PVftGqRd48aN3nkvfstjcn/7nGvr3trkQo/NSFG6Qaim5WeM1EKNHX7bmrWRJmBVWpd/dwx37d2hSdXY8kKtkoW//4BAAAAAID4QLHaC0G/qaYdTMzZ5c+zmlV+825lDJmuqSWvK+uc67q9rn7VU7I69mraxMgeWnyySBxfrAStUuuubh7CNvInSkiRggeK0y3/UDCQrcT8q+Ro+YcaZc+0qhSeWBUTqwAAAAAAIE5QrPaCFZKafBQ7dmrZLf1mRpOW/sivcy75L025/UW5UoYfdd3rv79KEz0jbEgY50b+RMmZUkd99xOnqVkTZapBgYPF6XNqfKPziIB//ejgtKrG/1VD8ms0JP83So1RdCvYIsPgwVUAAAAAACA+UKz2gsNp6KzLE3ThbYnKne7S6CkJGnG+U4NON+VKsTvdqWXda3794sp9qqtJ12V3vKhJ1/ziqGs2rX1OX756kg3p4lfi0LNlKk0JnhoNOS1bUpoSPH9V+khJulmmS1LLWjV3d/PBs1UfUFKm1FH3uDoC2UoYf3NswgdbY7MPAAAAAABADzjtDjCQhJwB5Uy1dJaZIIfpkGkYMkxDhmHIMA5dZ4Uky5JCAUuhoBTskILtljraQupokzpaLflbLHW0WPI3W2pvtNTWGFL7fktt+y217rPUsieklj0hBVrs+3kHgpoFrapZ0KpbfjZO3rve1Mfv/V4frviJJGnd6/N1mecq5Y05Xcvf32xz0vjQvvq6Q5Oq5/5GQ04boo6669S4RdLIy+RwSqGm9d3eG55WLVC7HlBSrAJ3YQVbZXT9Fw0AAAAAAMBGFKu9EFRAs5Z+U1ubtnb7vtN0anDSYA1KHKSMxIyDv9JcaUp1pSo1IVUZqYOUOihNKc5UDXIkKsHhUoIjQU7TKYfpkMM0ZZiGTMOQDitrLVkhKRgMP78n6LcU7JACbZK/JaiONh0sa9ubLPmbDi9rW/aG1LrXOmnL2j/e26LBZ7bpsws/p6zzbtTa//2edtb/XW/9+Q5NufUvFKu9YLV389CqzmnV1nWS9CO17b1MqZ6vSWpQ+zEechXxXCfj/3ABAAAAAMCARbHaC5YVksN0HPP9QCggX4tPvhZfxPbsWtZmJmUqPTFd6a70g2VtmitNqWlpSstMV4ozRemOJLmdiXKaCXI6wmWtaRoyDfOYZW0oJIUCUqhD6mi3FGgL//K3hidqO1ostTcfKmvb9ltq22epdV98lbV7NoZUflOTxt+UqCn3/kjtzVu08rlb5av/PxV/+mK1tHfYHTG+rPuidnd9CNWWb2rvlmNce8R7h02+xogVbJFpOiVxzioAAAAAALAfxWovBK2gHMaxi9VoiFZZOyRpiAYlDtKgpEEHy9p0V3p4staVqtTUVKVmpivVkaoMZ5ISHYlymk45HU45O8ta4wRlbbDDUiggBf0KF7Ut1mHHILR3HoPQ3hhSW2OXsnZ3Z1nb1refb/Xz7Vr9fLs+8123pt75unY2LFNmakJnwP7//sEeVqhV4WOhg3ZHAQAAAAAAoFjtjZBlxbxYjYZAKKAdLTu0o2VHxNZ0mS5lJmUeLGszEjOUnpiutIS0g2VtSlqK0ganK9WZqnRHkoY5XHI5XHKYR5S15uHnaIZCltRlsjbYYYXL2nZLgVapvTkkf+d5tf7m8FEI7Y0hNbwV0Ad/26/8r02WaZgampGiwL6I/ciIMSvQIhkOUawCAAAAAIB4QLHaC6FQSKZp2h0jLvlD/qiWtZnJmeGp2i5lbZorTckpyUrOSFaaM10ZzmQlOpPkciSEy1rDIdM0ww8X6yxrjRRPxPIhxqyArGCL+NgCAAAAAADxgIaiF+w4CuBUdlhZu6d/a00YPkE/8P5AppkQmXCIOcORIplJkgJ2RwEAAAAAABDjl71g6eQ4CuBUNPeKOeH/x3TZGwR950iSoZDdKQAAAAAAACRRrPaaw6RYHWhmXzZbaverpT0gwzBkJp1udyT0gWEmyQpxvioAAAAAAIgPFKu9YMiQafBbNpCclnqa8s7Ik+Xv0KYmqSNkKWFYvt2x0AeGI0mWxcQqAAAAAACID7SEvWAYBhOrA8xPrvyJNv32t0rIzNS63UE1+6WEQRfYHQt9YDiSJVl2xwAAAAAAAJBEsdorhiXOWB1A7r34Xjma2mS1tysQCCoQkna1BOVIH2N3NPSFmSTLolgFAAAAAADxgWK1NwyDYnUAmX72dK0pKtYwr1e+tvBr25pDMp0Z9gZDn4QnVg27YwAAAAAAAEiiWO0Vp+nkKIABovz6cm178X8kSUnZ2fpoT/ihR74WS4ZhSpSrA47hSBLFKgAAAAAAiBcUq73gkMnDqwaA286/TelK1KZFP1P6hAmSacrXcugr5MGQpcRhV9iYEH1hmEmy+PcPAAAAAADECVqKXjBNhzKTMu2OgRO44/w79P7X75MkDb/2WjW1H/4k+eYOS87MSXZEQ7+EJCXYHQIAAAAAAEASxWqvOOXUGRln2B0Dx/H49Me1a8Vy+bdvlyRlTJyo+v2HF6u7W0NyZoyzIx76IWHQePHoKgAAAAAAEC8oVnvDsnRm5pl2p8AxeM/06vSUEdrw/R9IksykJDlSUrR+z+HFqq/FkukaYkdE9IOZnC0rFDrxhQAAAAAAADFAsdoLlmUpKy3L7hg4hm9M/rrWz3vw4D9n3Xqr/P7gUddtbgzJMHgI2UBjJo2QZTGzCgAAAAAA4gPFai9YlqV0V7qcptPuKDjCjz71IzV+8IEaV606+NqQ/Hxtbe2+iAtZlhKGTYtVPESAmTCYYhUAAAAAAMQNitVeavQ36vT00+2OgS4mDJ+gMUPO04ff+s/DXk887TSt3330xKoktXZYShh8USziIQLMpCxZwVa7YwAAAAAAABxEsdpLrR2tGpk+0u4Y6OJ7V3xXGx999LDXhlxxhUIhS43+7u/Z02bJmXF+DNIhEsykkbJCAbtjAAAAAAAAHESx2kuhUIiJ1Tgy+7LZ8m/foV1/+9thrw+/6irtaTv218Z9zSGZSSOiHQ8R4kgaKUuciwsAAAAAAOIHxWovpSWk6fQMitV4MDxluPLOyNP799x71Hsp552njfuP/QT5zU0hmWZCNOMhghwp2bLEnxcAAAAAAIgfFKu9lOxIUs6gHLtjQNJPr/qpNv32t0e9njhypEyXSx8fp1gNhMIPsHIOnhzNiIgQR+pZCvHgKgAAAAAAEEcoVnspFApxxmocuPfie+Vobte2Z5456r0RN92klvYTn8fpD0quIRSrA4HpSJUVOnZRDgAAAAAAEGsUq33gMBxKTUi1O8YpbfrZ07Wm8Ivdvpc5ebI2N514jT2tITkzxkc4GSLOcMiRdo4sJlYBAAAAAEAcoVjtg7ZAGw+wstFT1z+lHS+/fMz3EwYP1ge7gydcZ2drSGbyqEhGQxQ4M8YrGOhBUw4AAAAAABBDFKt9YMhQVnqW3TFOSTPGzlCGktTw+OPdvj/8hhsUCAQV6MG3xrc0hmQ6EiOcEJGWMGiCLCPJ7hgAAAAAAACHoVjtgwQjQYOTBtsd45T0+Qmf1/v3ffOY7w+bNk0724werdUakCzLkiN9XKTiIQoShnxSoSDHAAAAAAAAgPhCsdoHpmXoM57P2B3jlPP49Me1e8UK+bduPeY1yTk5+mjviR9cdUBHSHINvTQS8RAlzrRzFeLBVQAAAAAAIM5QrPaBZVkamjyUqdUYKjizQKenjNCG7//gmNekjRsnwzS1o7nn0437/ZJz0IRIREQUOFLOUijYbncMAAAAAACAo1Cs9lGzv1kXjbzI7hinjPsmf0Pr5z143GtOu/567W878UOruvI1B2Umj+5PNESRc9D5sqyeHe0AAAAAAAAQSxSrfZTmTNXkkZPtjnFK+OG0H6rxww/VuGrVca/LmHihPm7s3Vmc25qCMp0p/YmHKEoY/EmFrAS7YwAAAAAAAByFYrWvQtKkrEl2pzjpjR8+XrlDx+jDWd86/oVOpxypKfpwT+/O4tzXLhmGITM5px8pES3OjPM5XxUAAAAAAMQlp90BBrJdrbs0fvh4rd6x2sYU1+mhm76k8W1Ldf2Lj0jnPqTfTxqvtMOu2aSlz7yk4Td9SeNdkvyr9avnv6O/Srrv6hd03q7rNXOFLeFPaM4V39PGRx894XWn3367Ojp6dwzAAR1BSwlDp6h9U32f7kd0GAmDZVjhM40BAAAAAADiDROr/RAIdOjikRfbmKCzVHV1eWndd3THM9fr+meu1/Vvr1aTpKYdL+mRc/M02rVJS59Zqk2u0co7V9K5D2ly0mq9FKelatllZerY7tOuv/3thNcOufxybW3pWwHX1CG5Mif26V5Ej2voFAX5bz8AAAAAACBOUaz2w2DXYH1y5Cdt2v1AqdqkJn/3V9x39nil+Vfr6eq/HvP9vZvDk6vxZnjKcF1yxiWqvecrPbreNWKE1u/u28TqzuagzNRz+3QvoifxtOkKWRSrAAAAAAAgPlGs9oPDcCgjKUPuFLdNCTZp6TNPa0N3b537kCZnSJsOFKfrlmuD/wxNu22azti/Qt9RfE+r/vTKn2jzM0/36NrB+fmyLEv7j1Ewn8j25qAcroy+3YyoMBypcqSdzfmqAAAAAAAgbjEO1k8t/hZdlHWRXq57OcY7/1Xfef6vkq7TQ928e9/Z45WmTVqx4sjrO9+/+gXt3Xy95P29XhiepnBJO1OPRD/4CX3loq/I0eLX1t/+rkfXD58+XXtb+34O585WSTIkZ6YU2NvndRA5CcMuVyjQLj6iAAAAAABAvGJitZ8ynBmafPpku2Mc4ToNT5K0/4Pui9KDZ6vep+nDpdVv/0qr/Wdosve6GOfs3tXnXK01hV/s8fWpY8Zo4/7+TTYGQiElugv6tQYiJynrGgUt14kvBAAAAAAAsAnFaj8ZljRp5CS7Yxzu3DyNdklNbR91+3Y8n6361PVPacfLPZ/+dZ12mkyXSw39LFZbAoacPMAqPphJcqadxzEAAAAAAAAgrlGsRkBj235NHBF/pdze5m6q03O7nq36iF7aIY2f9CWNd23SimM85CpWbsm9RRlKVsPjj/f4nqxbblFre6Dfe+9qCcqZPrbf66D/XO6pCna02h0DAAAAAADguDjAMAJchkvj3OO0atsqG3Y//OxUSdK67+iOdce4/Ij3/lp9R9xMrhZeUKjVX7qnV/dk5uWpvrn/e+9osnTmoMH9Xwj9ljTi6s5jAJhYBQAAAAAA8YuJ1UgISTPGzpAhw+4kA9Zj0x/T7jdXyr91a6/uSxg8WOt2Bfu9/9bmkAzDIf5bg83MRDnTx3IMAAAAAAAAiHsUqxGyp3WPrj/vertjDEgFZxbojJQsbZj3/V7d577uOgUDQfkj1MGFLEsuHmBlq4TBeQr4m+yOAQAAAAAAcEIUqxGSYqbo5tyb7Y4xIH1j8je0ft6Dvb7PPW2adrZFbkq4pcNSwuCLI7Yeei8l54sKKsnuGAAAAAAAACdEsRoplqX2jjZdcsYldicZUH447Ydq+vBDNa7q/fm0yaNHq25v/x9cdcCeVksOHmBlG0d6rpQwRBbHAAAAAAAAgAGAYjWC0pxp+uyYz9odY8AYP3y8coeO0YezvtXre1PHjZNhmtrRbEUsj68lJEfSaRFbD72TMurzCjGtCgAAAAAABgiK1QhyyCF3iltnDT7L7igDwpzLv6eNjz3Wp3tPu/ZaNbb3/6FVXW3aH5JhJkR0TfSMkTBYzsyLFAwyrQoAAAAAAAYGitUIswIhffY8plZP5NtTvq2OHT7teu21Pt2fMWmSPm6M3LSqJIUUfoBVwpBLI7ouTix51O0KRrYnBwAAAAAAiCqK1QhLT0hX3hl5SnOl2R0lbrlT3Lp01KWqvecrfVvANOVMTdW63ZGfbmwPSgmDPxnxdXF8SSNvUiAY2aIcAAAAAAAgmihWo6Cxdb9uOO8Gu2PErUeu/Kk2P/N0n+8fefvt8vsj99Cqrva0huQcND4qa6N7SVnXKxhoszsGAAAAAABAr1CsRkG6M103jrnR7hhx6csXfVmOFr+2/vZ3fV5j6BVXaFtrBEN1saslJDPp9Ogsjm4lZRcqEHTYHQMAAAAAAKBXKFajpNXfok+d9Sm7Y8Sda865RmsKv9ivNVwjRqhuT3QO5NzcFJLpSIzK2jiaM/NiWUaiLItjAAAAAAAAwMBCsRolSUaSbh13q90x4spT1z+pba+90q81MqdMkSTta49EoqO1BSRLknPQBdHZAIdJHnWbgiGX3TEAAAAAAAB6jWI1SizLUmpCqsYP57xOSbol9xZlKEWbHnmsX+sMnz5de9uiO93YHggpYXBeVPeAlDAkT2bquQqFIv8QMgAAAAAAgGijWI2iBCtBd026y+4YcaHwgkJ9cP83+71OWm6u6vdHt4hr9Bs8wCoGUs/5DwWCCXbHAAAAAAAA6BOK1SiyQiG5E4fJO9prdxRbPTb9Me1+c6Xat2zp1zqu4cNlJiZq477oFqs7W4IyU0ZHdY9TXWLW9QrJxdmqAAAAAABgwKJYjbIEJejrn/i63TFsMzVnqs5IydKGed/v91ojbr5Zbe2BCKQ6vi2NQTmcyVHf51SW6vm6AkGH3TEAAAAAAAD6jGI1BlramzXz4pl2x7DFfXn3af28ByOyVmbeJdrcHJGljqvRL1kymFqNkpTRX1FHR4fdMQAAAAAAAPqFYjUGEpSgS864RKMyRtkdJaYe8j6kpvXr1bhqVUTWcw0donW7ghFZ60QCQUuuoZfFZK9TieFIVdLpNykYmz9GAAAAAACAqKFYjREzZOi+yffZHSNmxrnH6Xz3OH34zdKIrOe++moFAkG1x+gB8o1+yZU5MTabnUJSzylVh59WFQAAAAAADHwUqzGSYCQoxZmsqTlT7Y4SE/OumKuNjz4WsfXcn/60drUbEVvvRHa2BGWknB2z/U4FZkqOnJmfUDDEA6sAAAAAAMDAR7EaQ0MShugbk79hd4yoe2DKA/L7fNr12msRWzN59Ght2BO7ScftzUE5XOkx2+9UkHLmlxUIJdgdAwAAAAAAICIoVmPINEztb9uveybdY3eUqHGnuDVl1BS9/6WvRGzN1DFjJNPUtuYYnQMgaVerJBkyXO6Y7XkySzr9c3JkTFAoFLs/QwAAAAAAgGiiWI2xFCNZl+dcrjMyzrA7SlT89MqfavMzT0d0zeHXXadmf+wLuUAwJNewy2O+78nGSBiilDPvUkeAjxsAAAAAAHDyoOmwgctK0Lcu+ZbdMSLuyxd9Wc4Wv7b+9ncRXXfQRRfp46aILtkjzQFDzkE8wKq/MiYsVHuH3SkAAAAAAAAii2LVDpY0LHnYSfcgq2vOuUZrvlgS8XWdaWn6YFfsnyS/qyUoR3puzPc9mSSPKpScQ2VxBAAAAAAAADjJUKzaxGUl6IsTiuyOETFPXf+ktr32ihThAi3rjjvk9wciumZP7Wi25HBl2rL3ycBMGqmkUbepI+iwOwoAAAAAAEDEUazaKMWRqh9O+6HdMfrt5tyblaEUbXrksYivPfSKK7S9zYj4uj2xrTkkw3BIpsuW/Qe69PP/W/4OPmIAAAAAAMDJidbDRoYlnZF2ugonFNodpV+KLijSB/d/MyprJ2Zl6aPd9kysSlIwZMnlnmbb/gNVypl3yzLTZVmW3VEAAAAAAACigmLVZi655D3Tq0kjJtkdpU8evepR7X5rpdq3bIn42pmXXCLLkva0R3zpHmsNWErIHJh/NnYxk7PlOm26AiGn3VEAAAAAAACihmI1DqQaKfr2Zd9Wuivd7ii9MjVnqkaljdSGud+PyvrDr75a+9rtnXjc3RqSI32crRkGmkEX/kL+YLLdMQAAAAAAAKKKYjVOBPwdevSqR+2O0Sv3Tb5P6x/8QdTWTx07VvX77X2avK/ZkiPRbWuGgSTjwl+qoyNodwwAAAAAAICoo1iNE07DKX/Ar29f9m27o/TIQ96H1PxRnRrffjsq6ycMHSpHYqI27rO3WP24MSTD5CvtPZF67gOynMMVsvhYAQAAAAAAJz8akDgyOCFT2emjdFPuTXZHOa6xw8bqfPc4rbt/VtT2GPG5z6mt3b6HVnUVsiwlDLnM7hhxLTHrBjkGTVbQctkdBQAAAAAAICYoVuPMMNcwXXP2NTp/+Pl2RzmmeVPnaeMTT0R1j8F5edrSEtUteqwtICUM+aTdMeKWM32sknNKFLCS7I4CAAAAAAAQMxSrcSjdTNODUx9UoiPR7ihHeWDKA+rw+bTr5Veiuo9r2DCt2x0fZ3XuaQ3JmRG/RbetzCRlXPCI/AEmVQEAAAAAwKmFYjVO+dvb9bNrfmZ3jMMMTR6qKaOm6P0vfSWq+7ivvlrBYEht8XESgHa2hmQmjbQ7RlzK/MTv1B4nRzYAAAAAAADEEsVqnDJlKsVM1g8KfmB3lIMevepRbX7m6ajvM+xTn9KuVivq+/TU5v0hmXE4PWy39HHzFbBcsqz4+bMCAAAAAACIFYrVOGZapk5PPV1f/8TX7Y6ieybdI2drh7b+9ndR3yv5rLO0YW8o6vv0lD8kWZKcgy60O0rcSMv9nqzkMQqFHHZHAQAAAAAAsAXFapxLdaToE1mf0Nc/aW+5eu2512pNUXHU90k591wZDoe2NsdPsSpJ7YGQEobk2R0jLqSN+a7MtEkKiSleAAAAAABw6qJYHQCSjERdPOJifTPvm7bs/+R1v9b2116VQtEvO0+7/nq1tMfHQ6u62u83lDBovN0xbJd63ndkpl+kgMXDqgAAAAAAwKmNYnWASDaSdP7QcXpgygMx3ffm3Js1yEzVx488GpP9Bl10kRqaYrJVr+xsDshMOdPuGLZKPW+2zIxPUKoCAAAAAACIYnVASXem69zMc/Sd/O/EbM+iC4r0wZHoxOsAAAfySURBVP2zYrafMz1dH+yKv4nVLU0hmY4ku2PYJu2878jM+KSClKoAAAAAAACSKFYHnHRnukaljdIPvD+I+l6PXvWo9rz9lto3b476XpKUdfvtCnTEX6kqSU1+ybIkM/Vsu6PEXOp5s2UMmkypCgAAAAAA0AXF6gA0xDVYpyeP1MLPLIzaHlfkXKFRaafro+/Ni9oeRxpy+eXa1hqz7XqtI2TJNfQyu2PEVOqY78kclKdgyGl3FAAAAAAAgLhCsTpApTpT5U4cpsenPx6V9e+ffL/WP/j9qKx9LEmnn666PYGY7tkbjX5Dzozz7Y4RMxkTn5BSJlCqAgAAAAAAdINidQBLNBM11DVET17/ZETXfcj7kJo/qlPj229HdN3jGTR5sixL2tMWsy17bVdLUI60c+yOEROZn3xWlmu0LDPF7igAAAAAAABxiWJ1gHPIoTQjVZU3VkZkvbHDxup89ziti+EDqyRp+DXXaH+7FdM9e2trU1CmM83uGFFlJp2uIfnV6rAyFAzZnQYAAAAAACB+UayeBAwZSrIS9ZsbfqOx7rH9Wmve1Hna+MQTEUrWc2ljx6q+Mb6bvD1tkmGYMhNPsztKVCQMvVyDLvyl2lrbZFnxXXIDAAAAAADYjWL1ZGFJyUrSd/O/q8IJhX1a4j+n/KcCvp3a9fIrEQ53fM7Bg+VIStKGvfFdrEpSIGQpYejldseIuOQz71LqOd9Se4dhdxQAAAAAAIABgWL1JOMImrpy9Ge08DMLZRo9/+MdmjxUl426TLVf+nIU03Uv65Zb1NYevw+t6qqpQ0rInGh3jIhKH/uQEoZ/Vv4AD6kCAAAAAADoKYrVk5BLLo1MztKfbv2TLhxxYY/ueeSqR7T52WejnKx7g6dM0ZYWW7butd0tQZlpY+yOERlmkjIueFxKm6hAyGF3GgAAAAAAgAGFYvUkZcpUe2ub7r34Xt058c7jXnvPpHvkagtoa1VVjNIdzjVsmD7cHbRl797a1hySw5Vpd4x+SxxxtYZcukTBxLMVDPH1fwAAAAAAgN6iWD3JZToGafL/b+9eYqOq4jiO/2bmzqvtTDudKQzSpJWKQmwFWkpjaUyLLQSppGEBcQMRFholpAkrE13IkoXGhIRNBXZdsCIh0sRUWJBAiGGFiRs1QR6hSFvLozP36aKCorzazszt0O9ne+ee88sks/nlP+cs26AjW4+oMlz5xM/0v96vK3ueXb4WS2bLFjm2o+nyOAlAY/c9BQJBKVjhd5Q5S771lWINnyiXM+W5C/9cWwAAAAAAgIWIYnURSEVSqg2ndGLghDrrOx979u37Qxob/V6y/Wk2M319Gs+X18Sk43qK1vX4HWPWIumNqu0alRtfLcvhpw8AAAAAADAftCuLhBEw5Jmu9q79UAc2HJAk7Vi1Q9XBSl39+hvfclU0Nem3yfI4BuChB5Yno6bV7xizUrX6S8VXfqZcLi/X8fyOAwAAAAAAUPa4BnyRSYaSWr+0Tce2H1O6Iq0rH33sW5Z4U5MChqEb90zfMszFeM7V8uSbfsd4IUaiWYmWw7KdoCybv/0DAAAAAAAUChOri1AsGFMylJA5MaHswIBvOZYODOhBvrymVaWZc1ZD0YzfMZ6rcsWnqmo+rLwpOQ6lKgAAAAAAQCFRrC5SruvKi8VV3dWltlOnlOnrK3mGmrY2/X6v5NvO2/W7rgKBkN8xnipW/4Fqu35QcMl2mZbfaQAAAAAAAF5OFKuLnGsYypumXtm9W81Hj6qiqalkexvJpH6+U34Tq5LkeVI40+13jMeEazcq9fYpRet3K5fLybHL87sFAAAAAAAoBxSrkCS5sZgCdXVaeeiQXj14UMFotKj7ZXfulGXZRd2jmKZtT+FUu98xJEnBigYlW4dU+cbnMu2ILJvLqQAAAAAAAIqNy6vwiOd5ciIRJTo6tKajQ3fOndO148flTk8XfK90d7fGcoGCr1sqE9OuliZ8vsAqGFHVqi8UrmmXZUu2xTmqAAAAAAAApcLEKv7HDQRkBQJK9fRo3fCwGvbvVzAeL+gesfp6/TJevhOrtx+4CsaW+bN5MKZ4wx6lOr9TILFBedOV61KqAgAAAAAAlBITq3gqR5JjWarp7lamt1d3Rkd1dWho3hOs1e3t8iSN5woS0xc37rpamy3ucQn/FYwtV7xxnyKZd+TYtvI5s6T7AwAAAAAA4B8Uq3gux/PkWJaqN23Sunff1e2REY2dPq3ctWtzWq9u61bdzZf3hKXpzhydYNSslz35Y1H3MqrXqKJxn0KVr8l2QxSqAAAAAAAACwDFKl6YY9tyJKU2b1a6t1fWrVu6PjysifPnZ7VOoqVFP02V/wVLeUeKpDqKVqxG6jYp3rBXgXC1bCcs23Q1M0cMAAAAAAAAv1GsYtYcx5EjKZjNqmFwUI2Dg/rjzBndPHlS9tTUM981kkmF4nH9ejVfmrBF9GdeSte0FHTNgJGcKVQb98nzPNlOWJ7lSSrvCV8AAAAAAICXDcUq5sx13Ud1X+22bVrS36+JS5c0fvasJi9efOI72V27lM+X76VV/3b7vq26dMP8FwpVKFrXo2h2m4zKFbLMnEwr9PfD8p/sBQAAAAAAeBlRrKIgHk6xVrW3K9naKiMW09TlyxobGdHkhQuPPlfb2anr87v7asG4ec9V85LY3F4ORhTJ9CiafU9GYpVcOyfHiyqXdyVFCpoTAAAAAAAAhfcXzPAEZBF1bsoAAAAASUVORK5CYII=" height="600" width="800" />
Exp: [Assign Leave, Leave List, Timesheets, Apply Leave, My Leave, My Timesheet]
Act: [Assign Leave, Leave List, Timesheets, Apply Leave, My Leave, My Timesheet]]]>
  </system-out>
  <testcase name="GetDashboardQuickLaunchItemsCount_006" time="0.320" classname="testcases.DashboardTest"/>
  <system-out>
    <![CDATA[<img src="data:image/png;base64,iVBORw0KGgoAAAANSUhEUgAABVYAAAJcCAYAAAASBf/6AAAAAXNSR0IArs4c6QAAIABJREFUeJzs3XeYVdW9//H32nufMmd6Y2aYoQ69gw2VAcEeNdbYYlDUeHPNTeINSW4wicj1JqTZ4i83ieZGgxi7KGoiRkEFK12kF2GoM2d6OW2X9fvjnBkYGBhIlGK+rzwmzNlrr732nvP4PPnw3d+ltNYaIYQQQgghhBBCCCGEEABMnTq1yzHGUViHEEIIIYQQQgghhBBCfKFIsCqEEEIIIYQQQgghhBBHSIJVIYQQQgghhBBCCCGEOEISrAohhBBCCCGEEEIIIcQRkmBVCCGEEEIIIYQQQgghjpAEq0IIIYQQQgghhBBCCHGEJFgVQgghhBBCCCGEEEKIIyTBqhBCCCGEEEIIIYQQQhwhCVaFEEIIIYQQQgghhBDiCEmwKoQQQgghhBBCCCGEEEdIglUhhBBCCCGEEEIIIYQ4QhKsCiGEEEIIIYQQQgghxBGSYFUIIYQQQgghhBBCCCGOkHWsF/BZqY81UNm8k62N29jRsotdrbupi9UTc2N42gOdGqjA05ozS07lthFTMJRky0IIIYQQQgghhBBCiCNzQgerCTfBqpq1LNz5Lqtq1lAfr8clGaIqFEopAJQCpVUyW1VgezYndRstoaoQQgghhBBCCCGEEOIfcsIGq2vrNvLUumdZUbsKNBgolGFgYQLJqlTXc8kN5OChabVbUErheA6jCkYwumjEMb4DIYQQQgghhBBCCCHEieqEDFbX123iJ+/9D7aXwDQslNLoVJWqpz0czyE/mM9ZpeNIeAne3f1BslpVazzghkHXYBkn5K0LIYQQQgghhBBCCCGOAydcutgUb+IXS+7D8RJYholOJqpopbE9hyxfBlf3v4JBeQNYtOt95m17Aw+NoRQJN8HE0gkMyC0/1rchhBBCCCGEEEIIIYQ4gZ1wwerLW15jd6SakBls/8z2HCxlcUXfS/hy+Zeoj9XzwPLfUdm8HcuwUpWsGp/pZ/KQa9p7rwohhBBCCCGEEEIIIcQ/4oQKVhtijby69XUChh8NaK1xtcvY4lO5buBV9Mwq47VP3+CR1Y8B4DMsNKCUIuHEmTzoegpCBcf0HoQQQgghhBBCCCGEECe+EypY3dSwhcZEE0HDj60d8gK53Dr0Rs4sPY24G+e3yx/mjR0LMJWFgYFGoxQ4nkOvrJ5cXH7Bsb4FIYQQQgghhBBCCCHEF8AJFaxuqN+I1h6OdjmrtIKvDb6WwlA+NdE6frnkQdbVr8NSPpRib+9VrdFovjXyG4R8acf6FoQQQgghhBBCCCGEEF8AJ0yw6mmPj2vXYCqTb464jXN6TcBQBlWt1fxiyQNsbNiM3/ShNaCT5ygg4sS4ffitDMrvfyyXL4QQQgghhBBCCCGE+AI5YYLVqBPFb/i4e+ydnFQ0EoBwpJa7P/g5O1t24Td8QLKfalu6GnXiXFH+Zb5Uft4xXLkQQgghhBBCCCGEEOKL5oQJVg1l8K1R/0ZhavMp27V5cPnv2N6yM7mZldKgdfuGVoYyuLb/lVw/+CuYyjzGqxdCCCGEEEIIIYQQQnyRnDDBapqVRpqV7JGqteYv655jcfVSAlYaMRyUVvhNP6XpJZzabTSnl5xK/5zex3jVQgghhBBCCCGEEEKIL6ITJljd15bGShZUfcTpZePpnVZA7/QSuqUXUZheREGoAKWMY71EIYQQQgghhBBCCCHEF9gJGaz2yCjmjxN+jnIdvNYarGgjOmGj3WpwHXQwB+UPHetlCiGEEEIIIYQQQgghvqCOn2BVe+h4C9hRCGSgfGlwkMpTX+MOvNWv4q2fj1O/g5jWyU2rDBNt+jHzyjDKRmGVV2CWDEcFMo/yzQghhBBCCCGEEEIIIb7IlNZaH8sF6NYw9uaFuJsX4tZsgUQUglmYuT0wSwZj9j4ds3AAWIG958Qa8Rp3opur8eorcXeuxN2zFq85DG0hKwAKo7Af/lGXYQ25COVPPzY3KYQQQgghhBBCCCGEOGFMnTq1yzHHLlj1HBKfzCXx/mN4DTvBMJK9UZWB9jwUHlqDMkzM7sPwjb4cq//ZKCvY6XS6tRY3vBFn41vY616HaDMYBhpQWmN2H0qg4t8xe556dO9TCCGEEEIIIYQQQghxQjlug1UdbyL+1gPYK14Cw0z+A+B5oN2945SBArTWKMDsdRKB8bdjlow45Pxeww4Sq17C/ugJtGujTAvtOqAUwUnfwT/6GjCOny4IQgghhBBCCCGEEEKI48dxGaxqO0L0xe/hbPkQZfkBlQxTNRilQzF7nISRnod2HXTjTrzwJtyqDckWAdoD00fwil/j6zuuy2u54fXE5v0Ub9caMH2gNdq1CZx2A4EJ3wZlfv43LIQQQgghhBBCCCGEOKEcf8Gq9oj+fSb2sudRvlTPVM/BSM8ncPZ3McvHH/iqv2vjNe7A2biAxIo56PqdYFqkfeVBrN6nd33JWCOxv/8cZ+0bYFpoACdB8Pz/wj/q6s/8FoUQQgghhBBCCCGEECe2wwlWjaOwjnb2Jy/hLH1un1DVRaXnJ0PSged13j/V9GHk9cF/2s2k3/An/Kd9De25RF/6ITra0OU1VTCb4AV3YQ2aBI6NApTpIz7v57i1Wz7bGxRCCCGEEEIIIYQQQvxLOGrBqte0m9iC34DlT36gAe2RdunPMQoHHtYcKr2QwMT/JHTlr9GRehIfv3h45/nSCJ73I1RRf3BdUAYoRXz+feA5R3wv8XicSDSK53mHHKe1JhaL0RqJEI/Hj/g6XUkkErRGIsRi//zctm0TiUSIRKIkEgkcxzno/R1ukbPjukSjUSKRCIlE4p9e47HgaY+qSJioE/uH50i4NtWRGrxjtE+cEEIIIYQQQgghhPjsHbUdnOxlT0G0EaxUtaoTw3fGzZilo454LqvfREJXP0TsrYfwj7kG5Uvr8hwVzCJ43p1EZ08BPDD9OFvew9mzGqv7yA5jq6qq+eDDD8nNzcH1PCrOPBPLsmhqauL5OXOYN28eTc0tPPTAA5SX9z3gWjt37WLhwkW8/fY7fLp1K7FYlPy8PIYNH8748RWMO+MMAoHAIddb39DA++9/QEZGBg0NDYw78wzy8vLQWrNi5ce89tprrPrkExoaGgiF0ijvW86ECROYeNYE0tK6fh4ArZEIy5avYMH8+SxfsYLW1lZQCtMwyM3NobCwG+mhEMFgkFAoRGNzEzXVYb71rW8xZPCgTue0bYcVK1fw1ttv88EHH1JXV4fWmszMTIYMHszZZ5/NKaecTG5OTqfnb6jfzEd7lpBhpVMbq2d0t5GMKTr0ZmUAH+1Zxub6LQTMADXxOi7sdTY9sspYumc5y8OrcLVDrj+HqBuj1Y7QlGjBxSFkhSgKdWNgbn+G5A8kbb+q6ZZEC99a8H1OKRrD1JP+A0Md2d9FaDT/98njLNz5HvdP+BlF6d2O6HwhhBBCCCGEEEIIcXw6KsGqbq0hseqV5AZSAFpDIB3/6H+8x6lVPoG0UF5yrsM9p3gwZq+TcLctA9NCKYX98dwDgtVP1qzme9/7HhoYO/Y0Jk6YwO49e/jG7d9k9SerMA0TZRj49wtHW1paeOzPj/P/fvv/8Pl8DBs2jJ49e5CIx1m2bBlLly7lqaeeYvz48cy4+266lxQfdK3RaJQ7f/QjIpEIpmny8tyXCAaD/PyXv+TJJ59EobB8FtrTxBMJVq5cyQsvvMBpY8fy85k/o6y09JDPYvWatUyfPp0lS5bQu08fbr3lFsaMGY1pmHy8ahWPPvoo7733HpmZWXzlK1/BcVxqwjU0NDYSj3devbl+wwbue+AB3nzjDUzT4rrrrmPs2LFkhEJs2rKZOXPm8ORTTzFo8CDuvusuzjj9wB65cTvGE+ufxWdYaK3pm9PrkPfRpro1zKx1T+JLfcdOLz6FHsCK8Cc8v/kl0sw0PDy+OuBqemT2IOHF2dzwKfN3vEPcjWEpH70zezL1pG/RI2vvs6uO1BD34ryz8z0u7XshA/L6H9Z62uxs2sUrW/+GpUzizolZtSuEEEIIIYQQQgghDnRUglWnai26tQ7lS1UDujbW0AsxMv+56j2zZPiRnWBYWAMm4W5b0v6zu+VddKwRFcxuH5YeSsfn82HbNv369SMSifIf3/wPVi5fTm5+Hk7CJp6Ikx4KtZ8TiUa57Rv/ztKlS/n5zJlUjBtHTm4OlmniuC5VVdXc/8ADzJ07lwUL5tPU2Mjjs/6M3+/vdKnpoXQKCwuprKwkKysLv8/PHd/9HhvWr2Pmz37GsGHDyMvNo7aulgUL3uK3//u/aO3xwfvv861vf4cnn5hNMNhJz1pgzdp1XHPtNTQ3NXPNNdcw/a6fkJ6e3n584MABnH/eufzgv6bx9zf/TmtLK/8143sEAoGDtgdYumw5N918My3NTQwcOIiHfvMb+vcrbz8+btyZXH/ttTz73PP8+Mc/5sabpvCH3/+OSRMndpjHVZqA4cc0DLTWmMp36N9pit/y4zf9mMpEofCbyedqGRZ+w4/GI8uXwSXlFxDcpyr10vKL+NXS37CtuZItzZ/y08W/5v7xPyMtVQVdH29Mtj5QMGfTq3z/lG8fdtWqpz0eX/c0CoUGmhLNh3WeEEIIIYQQQgghhDj+HZUeq+62xah9wiiNxup7JqCOxuU7MPL7oNuuqwy8lhq85j0dxhTk5+N4LgDpaek8/MdH2FNdzZ8efZQXX3iB5557lrvvnoFt761AbG5qpqmxiVdffpnLL7uUgoJ8LNMEwDJNSruX8NN7/puzzjoL0zRZsmQJc1959aDrtCyTtGAApRSWafKjn/yEgN/Hy3Nf4qorr2TQwIF061bI4EGDuP3fv8F9996L1hBMS2P58uW8Of+tTueNRqN87/vfJx6PU1BYyA//6wcdQtU2WVlZ/PR/7iE7O5u/PPkEj/zxj8nnZxgYRsevTV1dHbd/85vEo1Hy8vL5w+9/3yFUbeP3+7n+umv50kUX4bku37j9drZu29ZhTKaVjlIKrcFDk+vPOugz2lfQ8Ke+ThqlFBm+VOhtKJQyUCiUYRFzO1aNlmV25xvDb0ZrD5/ys7N1F6tq1rQf39O6JxnUGhbv7fmQLQ2fHtZ6ANbUrOPd3R/iN5Ihb3U0fNjnCiGEEEIIIYQQQojj29EJVnevAWNvcawyLIyc7kfj0gdSJsrcpwpSgxfe3GFIY1MjlmkSCASY89IcXnvtNZ579hkmnTWBXj17MnDAAK6/9hqKioraz0lLC3Lffb+mXyeBYptAIMDt//4NHNfD8lnMmTMH27Y7HWtZFqbPj1KKuvp6Vq9Zw8yf/ZTMzMxOx59/3rnccMMNRKNRAgE/zz//LI5z4MZcn6xew7q1awHFl7/8ZfLy8g663vz8PM6edDZ+f4Df/e737KmqOmCM1prfPPRbwuFqXM/jO9/+Nr169jjonEopvn7rrZiWies4/Pa3/9thMyxHO4ACBYYyiOvOn8/+QlZasiuEUqAUtk4G45lWOlp7uFoTMHz4jQOLtLtnFJPuy8DDw8BgW3Nl+7GmeDMeHmiFRvP0+hfw9KE3LQNwPIfH1z2NoVRb3kt9rOGw7kUIIYQQQgghhBBCHP+OSrCqW2ugvWJVJytGg51vXvT5L8ZLhm8kwzxlGHh1HasmNclQD6WoDof5/ve+T0nxwfuhQrLCc0D/rvtvlpaWkpuTg1IG27dvJxaPdzrONE3SQyE8zyMej/Pt//gPMjIyDjn31Vdd1X7umrXraI1EDhizePHiVMWpZuTIkQcc39/AAQMwDINYPMay5csPOL57zx6eevopgsE00kMhzjvv3C7n7N27F8XFxfh8fl57bR51dfXtx0zD2vul1BA0D73JV5uIl8CnzFT7AIOQmXzdP9efjaNdDKWwlEFnVdKu5ya/EiSrZPMCue3HqqM1oFNV1srio+plbGnY2uV6luxZzid1a7CUCSp5fkOi6bDuRQghhBBCCCGEEEIc/45KsJosJWyrSkwlWNH6g43+fCkDHJt9AzYd7xhA+nx+NBrXcSgtLeXUU075zC4f8PvJz89Haw/HcYgfIlhNCwRwXRfLNBk5YkSXc+fl55Gbm4v2IBJppaWl5YAxn27diuWzAEVmxoEtAPaXkZnZvkHYzh27Dji+cOEibNvGdV1OPvkkCgsKup4zPZ3yvuVorYnFY6xZs/fV+zQzmPymaI1GtwekXUkzg3h4aK1RKAKpHqutbgRLmRhK4em2itiOqiNhmhPJZxUwfIzpNgqAuJtgd+seTMMkGY0m/zN73TO4qYrYzkTtKH9e+ySWsjBVskJWKUU4EkZz+JutCSGEEEIIIYQQQojj19EJVpXZ8WfPxms+Nv0mdbQBve+r3J4HZscNktp6ozquy9AhQwjts0nVP8vTmmg00n4dy+p8/zCtk71ClVIEgkHy8w/+yv6+687Py0vFfxCLHRja5ufn47rJANJzu36lvaGhHmWoZJ9Rf8fn5HkeHy1ejGmaOI7DaaeNxTTNg8y0zzotKxkAa43j2DTvEwD7Ut8VDR02oepKhi+tfZMpRbLyFaAp0YJlWKljBtZ+rQCaEy3MXvc0Go3jOdwyZDK5aclqatdzqInWAnBR7wsImgEsZbK4aikb6zq2j9jX+7sWs7npU/rnlHNZ+cU4notCUROtJeEeXmsDIYQQQgghhBBCCHF86zzV+4ypjHy8hh2o9oBV4W77CF//s47G5TvwwptSe7SnamgNg/03eTdNE3SyY0B6ejqm+c/lz1prGhob2bRpM0/85Qmqq8MYysAwDfy+zne9V0rR2NyM3+/HMBTGYQSWnudhOzaGkdysKRA48DX6k08awx9+/3tMy2Tb9u1dzrlp4+b23qUDBgzocCyRSLBlyxYMw8A0Td6cP5+mpmbq6mrJzMomEPARDATxtEcsGicWjxGNRulWWMiSpUsxTZPW1gQtzftU1qbeyVep/3p244t0SyvANCyanRYMZRI0gxgYRL0YrmcTMtPYHalCKaNDuApgpOZr+40n3ARBM0BTvJl1dRt5fO2TfNq8jdxANpMHXc+5vSe2LyViR2lMNOF6Dl/qfS5+w8dTm57HMiz+uHoWvxg3I1XNulfUjjJr3ZNYyuQr/S8jZIV4euPzmMqkKdFE1I62V9MKIYQQQgghhBBCiBPXUQlWzW798bYvA5IhlDItnHWvo8f9GyqYfTSWkOTauNs+glQYltxUyEPldNxsSalk9Ko1GEbXgeb+6usb2LptK5u3bGHD+g1s2LSRutp6EokYfXr3IS8vj7raWswuKlbbqlYNw6C1k9f69+elzmm7h8xOerKOGTOGvLw8GpsaefONN7lx8tfwHWQNTc3NvP3OWyilKCkpZtiwoR2Ot0YihMPhZJCrFDU1Yd5Z+A6h9HTSQyECgQDxeBzLNPD7/TiOi+M6bN6yhV69etGzZw+01pSU7Ne/NtUC10DxafM2qmJhDEz8ph+fYeF6Hgltg/bQ2iPNSqMh3rj33APm0qmK0TA/fu9/yPZlUBWtoS5Wx8iCEZzdcyKnlZxEaUZJh1PD0RocXPxmgAx/Ohf2OZdnNs3BNEzW1W/g4/AnjC7q2Kf2lS2vsTtSxaiC4ZxcNJotjVsxUotqsJsPa+MrIYQQQgghhBBCCHH8OzrBaskwbP303g+Ugdccxt6wAP+Iy47GEgBwG3fi7loN+74Orl2M4sEdxiX7dKb+7B1+ELZz1y6eefZZnnnmGerrG+jXrx/nnnsuk2/4Gj16lFFaWkosGuX6G75GXV0tluUjEong93ddwajUgZsuHTAGUpW2Cr/fTyweI5usDmPycnOZMWMG37njOyxZuoRXXnmVyy+79IC5PK15+OFHqKmtxTRM7rrrrgOCWp9lkUj1iI1EIkz/yV2MG3dmh7UahtEhJG4LfoH2Pyc309pHarMoUNwx6nb65vTu8t5Xh9dy5/v/zQHJqgadCldzgnmAYmXtaixlYZkW1w64goH5nW86Vh9rwHFt8kN5GIZBQSCfc3pM4M0d72Aqkz+tmc19BUPwpVpJ1EfreWbTiygFNw6+DtMwyfRlglIowHYTNCWayUvL7fR6QgghhBBCCCGEEOLEcXSC1e7DwRcEz937qrcVJP7WA1jlZ2KkFx6NZWB/8jK4CbCCJBM3DcFsjP2CLs/zkq+Tq2TAeDhWr1nDlJtvpqqqmp69evF///dHTh4z5oDX8ZuammhtbQUgEAig9g8VU5RS7ZtGHS7TNPGnNrzy+XwHDWO/dOEF1NffzQMP3M+dP7qTpuYmzjv3XHJzctBaUx0O86c/Pcpjjz1GXl4eP/rxjzh74sQD5tGAlWplYJkmkUi00x6rbb1i2+/rsChc7eI3Om+VcKBkVeoBn6pkr1YPTZoV4ocnfYeHVv6BNXXrcFyHXy9/iF+cOaPTsHN36x48NLnBbAJm8vd4Vf/LeHvne2g0nzZt492dH3BWzwoAXtj0Co2JRs4oOo2Becmw1m/6CJlBYm4crT3qYvX0zu55mPckhBBCCCGEEEIIIY5XR2XzKiO7O0bv09DePjuyGyZEm4nN+xn6KGzo4zZsx17yFJh+2jpu4rmYpcMw0jvuZO/tW6V6GOFmU1MzU6bcTF1dPd1Lu/PE449z5umnd9rj1LEdHMfB8zQBv699o6z9aa1Jz0jHcZwD13QQhmGiANd1sSyTUFrnm24ZhsHXbvgqDz74G5Qy+NnPfsYNX5vMLV//OlNuuZWvTb6R999/n+9OncrLc+dy1RVXdBqIpgWDlJWV4rrJwHznrh1drrErer9X5R3tHGRkR452k39QbfOkqmF1skrWAGJOhOKMbtwx+t/J8icreasiVdy3/LfYnXwHd7TsxkCR7c/CSDXiLc3szkW9z8f2bCxl8fj6Z4i7Capbw8z99K/4DD83DLq6vfeqUgaZ/qzkN05BVaT6yB6IEEIIIYQQQgghhDguHZWKVZRJ4ORriGx8a58PNVh+3I0Lib/5C4Jn/yAVen72dKKF+Os/QztxlLlPBaR28Q0+v73naptkiKkAdVgVq2/Of5PqcDU+y8dVV15Fzx5lhxzveS6e52Ga1oGvwacopbAsH45t4/r9ZHTSL3V/8UQc27FRCkzDxLIO3h/2w48WM+Oee5gy5Wauvfor+P0+wrW1aK0pyMsnNzeHYDB4yOv5/X5Gjx7D8mXLQSnWrF3f/sr/P8r23GS1cOqxO+7hBasRN3nfmmSQaqdC/IJgPrZn4zN9KCDqxChOL+Inp3yf77/7EyxlsTK8isfW/IVbh09ur3p1PZc9kSo0mvxgfnuwCnBh73N4dds80JrqSDV/2/J3drbuIubGOL/n2ZTn9m0fG/IFyfRlUhWpxkXTnOi6V64QQgghhBBCCCGEOP4dlYpVALN0NFbZKNg/KLN82MvnEHvjF+hE5DO/rrajxF7/Ke7WxfuFqh6EcrH6jjvgnLbqUKXA8w4drGqtWbjoXQKBIChFWWnpIccn7ASO4+L3+4nGoh16ju6/hkQikWqdoAmFOq8+3ZfrONi2jWVaaDTxVP/T/YXDNXxt8tdwbZtvffN2evQoo6ioiGFDhjB86FBKSoq7DFXbfPmSi9EqGbLOn/8m1dXhwzrvYFrdaPIPSqFQNDuH951wvAQKAwPwtEfUjQHJClhN8nmaysSnkn+XMDC/P18feiNxL4Hf8PHilldZtOOD9vmiTozqSBiFQbY/s8O1umeWcH6Ps7G1i9/0MWvdU7y5/W0sZXFJ3ws7BMs+w0eGP5TsGas19fGGf/zhCCGEEEIIIYQQQojjxlELVpXpJ3DWtzsPEi0/9sq5RF/8Ll7Nps/sml7TbmIvT8Ne8waYHXt1asfGP/ZGVCe9NR3XSdUtpran70IikUiN1zQ1Nx1yrM/y0drailLqoNWqAI7j0NraimWZaA119V0Hclrr1Gv5yQ4GiUTnLRbmvPgitu1QUFiAz/fPFS0PHjSIcyadTTwep6Wlhcdnzz6i82tqajp8J/yGiac9FJCMRA+vz2zICqbaBiT7qSa85L3XxBrwGSZKJdsFtH0OcFHf85lUNqE9XL1/+W/ZXP8pAHWxehoTTSgDcoI5B1zvy+UXEjQCqU4RmoSXYGJpBeU5fTqMM5RBlj8LjcZQiqrWMG5b2wIhhBBCCCGEEEIIccI6asEqgFk6Ev/pN4Id6+SgD3frUlpn30JiyRPoln+8F6WOt2B/8hKRv9yKs2lRx0pVFHgORn5P/COvPMgEGk8ng7B4InHQqlJIvrI/ZvQoEokEpmHw9oK32vui7i+eSHD//ffjOA6u6x6yFYDjOMTiMZRKvtoejXZduRmLxYnF4niexjAUmZmdtw+Ix+NYlsXateuY+8orhGtqiEQiOI5DJBIhGo0Sj8cPeh/7MgyD6dPvIisrC9M0+eP//R9PP/tsl+dprXn2uef53R8e7lDhGXcSqNTr/JoDe64eTH2sERMD0GgNPpVsg+DoRCqaVSTcBMY+1zKUwa1DJ1OU1g2tPVzt8tPFv6Yl0UrCTZDwEiityEn1Y91XSUYxk3pMwPbs9k3OvjLgsg4tA9rkBrPRaBQGVdHqw25vIIQQQgghhBBCCCGOX0enx2o7RWDszbjbFuPuWo2yAuytSNRgWuDEib95H4mlT+EbcQlWv4kYOWUoX9qhp/ZcvMadONs+wPl4Lm7VekClKlX3CUa1C1qTdvE9KH96p1NlZ+fguA6mYeLYXW+sdeEFF3Lf/Q/gui6Lly7ld394mK/fcnOH1+nXrVvPjP/+b4YOHUrfvn3Ztm0rlZWV1NXX072k5IA5HdfFTtiQChkPVn26r1B6iEQ8jtYaz9MHDYQnTZrIbx56iEQiwZ3T7iQvP5/s7GwCfj8a8Pt8BIJBAoEARUVFDBk8mDPOOJ0+vXt3Ol9JcTF/fOQRvvGNf6Ourp7p06ezY8dOrr/2Gkr2u7eEbbNmzVr+9OifePHFF/nD7//Q4XjcjeNpD8swUdqjxY52ed8AlmFiawe/Sv4zcjkcAAAgAElEQVS+GxJNlNKduJsKxlUyWHX32wQsO5jFf518B1MX/gif4SMcDfP7j//EoNz+aK0xlXnQnrFX9ruEv1fOJ+7anNxtND2yOu+tGzADGBgopaiL1RFxogSsAzc2E0IIIYQQQgghhBAnjqMcrILyp5N22a+IPHEzuqk6GaZ2GKDA8qObq4kvfJjEu49idOuHWTwEo7AcI7sErGCyV6tpopurcOsqcXevxtuzFuKtgAKjk1vTGu15BC+Yhlky/KBr3L17N67jELdj2IlEaqOpg28EVVJSzK9++Uu+c8cdaK158MEHeHfRIk4bexo+y8fHqz5m2fIVTP3P/+Taa65mwHMD+K8f/pC62lpu/fptjK+o4Morr6R/v/L2OWPRGFVVe9r7pLa0NHf5bOvr60nYCeyETUN9PZFIlLS0AwPpIYMHc/999/Gbhx5i+/bthMNhqqqqkm0EANM0SGaRCkMplGEQCAS47rpr+c63v02okznHjB7FM08/wy9//SveeONNHvrNb5j15z9TMX48ffv0IZSeTmNDA4uXLGbVqk/o3bs3f37sz4yv6Njj1tMenvbQmGjAdjvvE3vAvccaU9WiKtlKIJUpGxg42iWgTOKeTX28gaxAx56pA/L6MWXwV3l07RP4TT+Ldn3Ah3uW4Df8eHhYnX2XgG7phZzbcyIvbnmV6/pf2Wm1KkC6lU5yWy1F3E1QE60jt5P2AkIIIYQQQgghhBDixKH0od5z/xy5jTuJPX07bsPO/V7V74TnQXL7HyAZ+KEUuq36MFWRqJSR2uypE1qjPYfAhNsJnDYFOPjO9Rs3buL5F+aQX5CP6zpMufFGAoGuKwxXfvwxj8+ezQcffEhdbS2GaZKdncWkiWcz5aYb6ds32X/TdV1eefWvfPTRRxiGwcknn8T4igpyc/f2e91TVcWsWY9TUFBIdXU1l1xyEUOHDDnk9Tdu2sScF1+iIL+AcE0Nt94yhfy8vE7HNre0cN/99/Pkk08ycuQoBgwcQElxCfl5eTQ0NFBVXcXG9RtZvnIFjuNgmibRaITrr/8qM6bfddCg2XEcPv54Fa/89a+8u2gRu3bvxnEcLNMkLRTizDPP4KIvXcQZp4/tdEOunS17qGqtwmf6cDyHolA3umcUd/nsNzd8SkuiBWUYuK5Dn+ze5ASz+bRhG42JJgzDwPVcBucNIGgduDFX3E2wrGoFISsNn+kn3QqS8FxanVb6ZPUiO3BgOwCApngzm5u2MrJg6EGD1epImO3NO/GZPlzPpW9274POJ4QQQgghhBBCCCGOvalTp3Y55pgFqwBeQyWxV+/G3bESLB+kemQeiqZjJLr/z51fKFmJGZj4bfwnXQ8HCcAOek2tD/o6eGdja2pqCYerSQuF6FZYSHp65y0HjpUPPvyQaXf+iPy8fO6+ezoD+vfD7/cfMM62bTZs2sTPf/4LPvroQ3w+P7FYjLkvvcSQwYO6vE5ra4T6hnoaGxtJS0ujID+frCwJFIUQQgghhBBCCCHE8e24D1YBdKyR+Ad/wl78ZLLydP/WAIc7D/sHrKl95V0HI7MbwS9Nx+p12j+/4BPc2nXrufiSSxgwYABP/eUJsrOzuzynqamZm26+mTVr1mDbCaZPn87kG244CqsVQgghhBBCCCGEEOLoO5xg9chKNz8HKphN8Kz/JO3a32L2GAWe015hekTz7PuDBlwbPA//6CsIffWPEqoC8USCu6bfhW0nmPrd7x5WqAqQlZXJ9ddfh23bmIZJTU3t57xSIYQQQgghhBBCCCGOb0d986qDsXqcgnnVMNzNb5FYOQd3+8pkwKpMtFJdv4qvNehUz1XDwBpyHv7RV2GWjv78F3+C2Lx5C6s+XkVWVhZ9+vQ+onN79uiJaZo4jkOvnj0/pxUKIYQQQgghhBBCCHFiOG6CVQDlS8MadCFWv0m4e1bjbPsIZ8u7eOEtyUpWndzASnkuGMkd4JObVSmw/JjdBmD2PhVrwCTM/PKDb2T1L6quro6EbeMPBA5rM64OFKA1lmXRf8CAQw71PI+du3ZhJxKkp6dTVFQEQDyeIFwTxnWTFcnZWVnk5OSgtaaqqppEIoHWGo3GNE26l5TQ3NKCY9sUFBQAUN/QgOs47T+3SSQS7N69G9d1yc3NIzc3p/1Ya2uEcDgMaPLy8tr7vNbV1eE4Dt26dQOgoaEBJzV3TW0tkdYInvZQKHJyc8jepz9sa2uE6upqDENRVFREMBjEcRyqqqpxXAd0st+uP+CnpLi4/S8G4vE44ZoaunXrht/nw7ZtqqqrKS4qwrYdwjXh5DPQmrS0NLoVFnb4SwXXdamqrkZrTUlxMYZh0NraSrimhrzc3PZ7cxyHnbt2UVJc3N4/NxaLUVNTS/fuJRiGkVpvFcXFxe2bkTU3N9Pc0kL3kpIOz9d1PaqqqojHYwSDQYpT95RIJNhTVYXWGjR42iMzI4Pc3Fz2VFVhKNU+trm5mbq6evLz8wgEAlRVV+O5LlonvzMZGekUFBRQVVVFRkYGGRkZAITDYdLS0nBdl7r6eizLQimFY9sEg2kUFxcd8vsohBBCCCGEEEII8Xk4roLVdlYAs2wMZtkY/KfeiG6pxquvxGvchY42JEMrO4bhD6HSslG5PTHyemGE8sA6wsDwX4jP78MyTRKJBA0NjZSVlh72uZVbK4nFYowaM5qB/fsddJxt2/xt3uts3fopubm51NXXM2LYcM6aMJ76+jqeff55cnNzwdM0NDbypQsuoLy8L3PmvoRlmmRkZOJ5HmnBIBdecD4fr/yYJcuXc9stN5ORkcHixUtobm7iyiuuaL9mIh5n7iuv0NTSgmmY1NXXccWll9KrVy/27NnDnJfmYpkmls9Hc3Mzl196KT16lPH+hx9SV1/P166/HoAVK1ZQU1vHVVdewVtvvc3O3bvJzcnGsR2i8Rhf/tJF9OjZg5qaGp59YQ5+n0UinsDy+bjumqsBeOb558nJziYYDOB5Hnk5uRSd1609uKyurua5F+bw1euvo1thIY2NTTz3/Avc+LUbqKmpYe6rr1KUCnrr6uoYOWIEFePGYRjJrh2xWIyX5r5MS2sLt06ZQm5uLu++9z4rPl7JmaefzplnnAHAxo2beOGll7joggsYNWokAFVVVTzz3PN86YLzGTp0KM3NzTz7wgvcetNNZGRmorXmb/PmsXVbJf926y3trSISiQR//dtrbN+5g5ysbMK1tQwbMphzzj6b2ro6nn72ObqnQl7P8+jbty/Dhw3luedfwHVdbr15CllZWbz19tusXb+B8845m7LSMp559jny8vIIBPzYtkPfPn3Iycnhb6/Nw+f3c901V2OaJm/Mn8/ggQPx+/0sWbaM1tZWEgmb3JwciouLKC4+97C/x0IIIYQQQgghhBCfleMzWN2H8qWhcnth5PY61ks54Q0ZNIic3ByqqqpZvnw5w4YOOazzYvE4jz/xOMpQ/GjanYesdl2xYgWVlZVMvuEGMjMzqaqq4slnnqV/v3KCwTS0p7nyssvIyMjg7XcW8s6iRZSUFOM4DmdVVDBo0KDkRBqUoQBNLBZj4aJ3ufCC81GGQu23TVlNbS3btu9g8levp7CwkI8WL6axqQnXdXnt9b/Tt08fJp41AcMwWLZsGS+9/DK33jwFn+XrOJdSqWtCwk4wasRwJowfj9aal15+mfc/+pDSslL+9tprDBrQn4px40gkErw273VqamspLChAex4XXXgBhYWFydvQuj0U3XsZhd/na7tke0Wq52lCaWlcfdVV+Hw+Nm7cyMuv/pWRI0aQk7O3Atfn8+GzfOzatZusrCx27dpFwB/A83RqHo9Vq1dTUlTE8o9XMmzY0GSVJ8mWGm/MX0B5eXl72NvWobi+vp7q6jDZ2Vms37CRU085GYDlK1awe/dubkz9Tnfv2s1HixcTj8dRgGkYXHnF5R2+F5FIBNNMVsXW1taSlpZGVVWYQMCf7NqR2jPvyxdflAzaUzzPw+/3sXV7JevXr2fIkCF4WuN5msGDBzNw4EDeffc9duzaydVXXonRfg9CCCGEEEIIIYQQR9dxH6yKz05mZibf/94PmPq973LvffdxyiknM2jgwEOeE43FuOvuu1m6dCk//OG09rCtM1prNmzezOiRe4PA7t2706OslPUbNjJ82FCUYVBfX08sFiMcDpOVmYllWQR8PpauWEnljh3J1/MLCznl5JNxPU2vnj3ZvGULlZWVZGZm0tTQ1OG6eXl5dCss4NnnX6BXzx4MHDCAvn370tzcTG1tLRecd2776/BDhw7lvQ8/pLo6jGF0Esol8z4sy6Kqupo1a9biui7h6jCnnXoKzc3N7Kmu5sILLsCyLCzL4orLLwOguakZ0zRZuOhdMjIzcByH3r16M3TI4PbplWGg0by9cCEBf4BINIKnNUopDENh2zZr164lEAiwZcundOtWSCgU2ucZg8+y6N+vH7v37KFbt0JMy6K4uBjXdYBkpWttbQ3XXXMNTz7zLHv27KGsrAxPe2Tn5OD3WSx6911OPukkLNNs3/nt41WrGDJoEOXlfXn1tdcYPWoklmWx6pPVjBk9mqysLGKxGKH0EBMmjMeyLLTWeNrjjTfn4/P5iMXjnDW+gmAwiGlalPctY/v27QSDQQJBP2mhIJ7npu7X4O13FhIKhbBtmyGDB9O7dy8Mw2Rgv3689c5CSktLSQum4Tg2SqlkGJz6XysVTgshhBBCCCGEEEIcCxKs/ou54vJLqaur5Ze/+hWXX3ElP585k/HjK8jJzu7Qy7O5pYVPVn3Cffffz/IVK7j77ruZcuONXW4i5joOltXxa2UaJradSP2keeVvr2EZBlnZ2e2hp+NpMtJDdCsoxHGSr3lDsrVAr549GDFsKG+8OZ+yslJMs2MFaDAY5KorrmDjxk1s2LiRF19+mfFnnkl5eTlAh4pRpZIVr57nYhgQ8O8TzmkwUnMbhkFjYxOfrFnD1q1bmVBRwYgRI6iurm6fZ39tIWN2Vhb5+fk4rkNmRnqn40LBNNJTx3Rq0zWlFI7jsmXrNjZv2UJJcTFfufLK9lA4OQZsx6Fnjx6s27CeVZ+spntJCfF4nLaEdO26dWSkp6O1Jj8vl6XLl1NWVoZCEfD5OPfss3luzhwy0tPx+/0YhoFt23yyejVjTz0Vv99PpDXKnj176NGjB4l4HF8qxNywYQOL3nsP23a49JKLCYXSUSjy83IJBALYto1lmmitcV2XPr17s3HTJhK2Tc+yHtTV16WqVTWe1mRnZ5Gbk4tt26SlBYFkH9pTTz6ZjZs38dY7C/E8r0MI3vbok593/C4IIYQQQgghhBBCHC0SrP6LMU2Tf7vt65xyyik8+thj/PjHPyGUHmLQoEHk5+XhoWlqbOTTT7fS3NTE+LMm8D//cw8Du9iwCpLBYGn37qxZu54xY8bg8/loaWmhcscOzj/nHAzDwFAGl15yMfl5ee2hXjwex3Uchg0dSr9UGNpGa000EuX0sWNZvXYtK1etYsjAQR3GrFu/nsrt2znvnHMYMWI477//PqtWr2HYsGH4AwE2bdrcvkHV9srtOI5DYWEh1eEadu3e3T5PNB5De8mQM5FIMGjgAM44/XTenD+ftevXMWrUSHJzkwHirl27yM/PR2vNa6/NY8CA/hQVFaE9zamnntK+idT+tOehlMFpp51KVlYW9fX1rNuwPhnKeh5paWl8+eKL2L59Oy/OfZmqqip69drbBkMDjuuQnZONZVosWbaMy758CZs2bsLyWdi2zZq161BK8fKrf8VxbHbs2EkkEsHn8xGNRSnsVsj4ceOY9/e/kx4KYVkWe/bsIRqNsWbdetau30Ag4Gf5ihX06NGD/v37s37jBkaOHMGIESMoLi7hL08/RSJhEwppUIrTTjutQ8jZ3NyM47rk5iZD05WrVnHZJZdQXRNOtQJI/m7HnnoqofS94bPrurieB0oxftw4/vjoY9iOQ7++fTo8AyGEEEIIIYQQQohjTYLVf1FjRo9izOgH2L1nD1u3bmP79u00NDSQlhYkGEyjZ88e9O3Tp71X6OE6ecwYNm3ewjPPPkef3r1Zu349hfn5DOjfj5raWjTJCtNgMNh+jtbJcG7J0qXs2VOVfKVdw8knn4RhKOKxOKZpcs6kSTw6axbxRKLDNUuKinnl1b8SiUTpXlLMshUrGTlyBKFQiHMmnsUrf/0bzS3N+Cwfy1asoOLMM0lPT6dP7168s2gRc195heysLFavXsPFF30JSAariXgcpRTjzjyTRx59lPnzF3DBBedz/rnnMveVVwnX1NDQ0MjmLVsYO/Y0dOqV/rffWUhOTg6u65AWTGPMmNHtFZ+e1mjPIxqNkZWVheM47SGj53m4roPruvTu3ZsRw4cz56W53DLlJjIzM9seFrFojGAgQGn37mzaspn8vDxWRiIUFBaybds2otEot91yC/6AH8dx+PPjs1n58SpKu3fHcVw812Xo0CEsX7mS2tpa4vE4H3z0EaNGjeSs8eNRSlFTU8OsJ55gfEMDZ5w+llmzn+DJp5+hvE9fKndUopQiNzcHz/PQ2mP+/AUEAn4c16W4qIju3bsTj8cJBgMUdevGnqoq8vLzaW1pxfM8kjvQaRa8/TZZWdm4rkNmRgZDhw5Fe26q5UA6Z00Yz19fm5c6J8l1XBzbPvIvvRBCCCGEEEIIIcRnyLz77rvvPtaLEMdOZkYGPcrKGDp0CCedNIaRI0YwdMgQykpLSU8/8DX2rgSDQfr3KycaixGuraVvn96cNWECgWAQ1/WwLJOeZWXtQWMb0zCxLItEIo7retiOTc8ePQj4/WTn5FBQUEAoFCI9FKKgoICiVAVq2zX7lZdTW1NLbX0dQ4cM4aTRozFNk8LCQspKu1MVriGeiHPm6WMZPnwYSinS09PpWVZGdThMNBbj1FNOYdDAgSil8DyP4qIicnNzsSyLsu7dqWtooKy0lKKiIkqKitm5axehUIgLzjuXgoKC9mAVBbadwLYdDENRVlq6d6MorbF8Pnr26NH+ir9Sil49e2JZFsFgGj3KyjAMg+7dS3Ach1AoRPY+FbCGYdC9pITMzCwyMjIoL++LRpOfl0c8Eadvnz6UlnbHMAwsyyInJxlcFhYWkJaWRklJCT6fj+4lJQSDQYqLi2hqbuak0aMJhUIYhkEoFEIpRWZGBnl5efTvV45t21SHw3Tr1o1JEyZQWFjYvgmVqz0c2yZhO4TS0igq6oZpGvTp3ZusrExycrLp3asXWmtKiovJyspur3C17QS242CaFmWlpRimSXFJMRnp6eTn5WOaBmWlpe1VwFprsrOzKS4u7rI1hRBCCCGEEEIcT8LhMIsWLWLBggXMmzePdevWUVNTQ3Z29j/0/8H/Wcn9VH5Iz5496d69+1G/vjjx3XnnnTzwwAM8+eSTfPLJJ5x99tnHekmfmddff73LMUq3JSNCCCGEEEIIIYQQ4jMXiUR44oknWLhwYftn+fn51NbWtv9cUVHBV7/61Q4bGH/eHn74YRYtWkRFRQVf//rXj9p1xRfDd77zHZYvX97hs9GjR/Pggw8eoxV9tqZOndrlGAlWhRBCCCGEEEKI49DaRyczs/Im7p0+ic6atHV1/JDC85kxdSEV905n0hGeHJ4/g6nbrmbWlMGf63W+KLZt28bMmTOJRCKMGzeO888/v8NeGtu2bWPevHksWrSIUCjEtGnTOhz/PCxcuJA5c+ZQU1PT/llBQQGXX345FRUVn+u1xRfH4MF7/x3wy1/+kh/84AcArF279lgt6TN1OMGqbKkthBBCCCGEEEIctxbyv48eGFKE589g5oJjsBxxRCKRCDNnzkRrzT333MNtt91Gr169CIfDrFu3jnA4TK9evbjtttuYNm0aWuv2EPbzMnv2bB555JEOoSpATU0NjzzyCC+88MLndm1I/oXAjPnhAz6bPPlROnzTw/OZMXkG+w3dT5j5Mw6c77iz9tED7+9o2vdZHtZz7dp7771HY2MjjY2NjB8/nnPOOYfx48fT2NjIe++995ks+0Qgm1cJIYQQQgghhBDHq54VVFR+wFoGs7c2LMyqhTBxYjkLKvcZu/ZRJndIWycybdYUBpMMrj7odROVjz3GZsq56Uf7VSWmzi2/6V6mTyoE1vLo5Jm0zzZxGrOmDE5Wqz62GZjJ5MqbuHd6Ca9MfoZe0ypYOPMxNgOUH6KK9hBrJLXOvYf3PRZm/oypPLY5dehQ1ziOzJ49m0gkwj333NNehTp79uwOvRsHDRrEHXfcweDBg7njjjuYOXMms2fP5rbbbvvM17Nt27Yu+0a++OKLnHTSSZ9b1WxBr3I2L1xFeFLb7y/M7spyyssX8MHaKbQVQYZXLWRzeQW3H++/5H9Rr7/+Opdccgn33nsvAK7rcu+997Jr1y5ef/11zjjjjGO8wqNDKlaFEEIIIYQQQojjVgnDKyr5YN9St/AqFlLB2H1zr7WPMnlmJTfdO4tZs2Yxa9Y0JrKAmftUuy54bBtXz5rFrFnTmZTX+bn7hqpMa5vrXm6qnMmM+WEKJ03n3pvKk0Fre7C5mcdmts09i2k9H2PqjPkcUBDXxRrD82ckWxuk5rn3pkpmzphPOBWqLqy4N3Ve6hqdVPIeT9o2qho3blynoeqgQYNIS0tj3bp1PPzww0Dy1epx48axaNEiwuHPvgpz3rx5hzVu316wn7XC4RWUb95Ge71s6vt8dUU5lbv33nPNts2UVww/7sPzE07hJKbP+mxac1x88cXYtt3hn8/jLwSOZ1KxKoQQQgghhBBCHMcKh1dQ+cpa2kr5wqsWQsXtFLBP+DV4CrNm7XvWYMZOhA7dAiaO5YCuqDXzmTFzAROnzWoPWsLzn2HBxGnMah9cyKTbb2Lh1FdYO2kKBZ2sceK0vVWngy++ifKpC1kVnsSkDks61BrX8spjm5k4bXp7kFY4aTqzJgFrH+UxbuLefZKgwVOmMXHyM8y/+Pjt3bps2TIAzj///PbPKioqqKmp4fLLL6dXr14sXbqUBx98sH1s2/hFixaxbNmyDud+FvZ//f9gKisrux70jyosoScL2R2GwYVAzTY29xzL4OEV8L9tlaxhdldCz7Ftv9yOFdQTp83iYC1+O1Q9pyqtgVS/31RVNeXc1Nb3t60P8E3/n717j4+qvvM//p7JJCSBBJgkBEswQ0PQYHHX4ArIRApFbX9q1e6WcOlSbHdtFymypmXrhYLVli4VC1Xp1m0fsPwkXPa39VL7sFgrhUQBC7jVQuRWAoTKJROEQK4zc35/nJnJzGSSzCQhmZDX8/FILXPO+Z7vOd8z33POZz7ne67VunXmgnnzVmq+1viysxWUyd1OObEIKSOsniHZ2VM1b94JrSsr0sql01S9dq6Wq2Xec28/qRLftKxo6xY87nH1Ws1dLk2duk3bfPssZFvbcc8996iiokJnzpyR3W7+UlNTU6MLFy7onnvuaXdZt9utZre7zemJNptstr4RsuwbtQQAAAAAoL/KGqeiE6/7hgMwhwEomp8lfRhh3lYBm/YKPqp1y49KmqoZQUGq6uNHpW3LNbfVGK5tFZan3OBoa9Y1ulZHdbxaihiFjVTHcx/rhPJUFGH+cx+fkI5uU8ncda3WO6+NGsWD48ePS1LII/W5ublatGiRJDOj1Z9BmpGRETJP8PLd6aOPPopqvisaWFWBJk49qi0fntO0aVmq2LVNUyc+IGVJ1x7dYgbks6p1/OhUTSyQzEDjcp2Yt1Lrp2X5jp8n9XaEoGFL1rMZnH37yRI9+fZKLZ1WrbUl63Tto+u1tMAXkCxZq2sCQ00c1brjM7R+/QO+zOoSrZm3UuvXZ/mGvzB/VChQRUg5qliruSHlROOc3l4TVMa5t/VkScuPBBVrS8wfEtZPU5YqtHbuNikvmheKdbZu23Qi19xWc9vX6O1x7QeLX3zxRU2aNEllZWU6d+6ciouLJUlvvPGGPvroI/3N3/yNXnzxxXazV8+cPt3mtJycnHZrHE8IrAIAAAAAENeyNK7ohNa8fU5Lx5mPTbcadzIoWDnVF1ipWDtXyzsoeeqj6zVx11wtXzsxKGNOYRl0Yavq7GZ0so6S+syYqsGqq6uVmRkpsmy+NX316tWqq6tTRkZGINjql5GREXV26ZVwJV+eJfnGWT1ubt/HJ/KUe7fkD7juqpZUvUvbpk7UA5I5VMDRqZqx1Nf6WdM0Y+o6X2A2uNRz+rDsqPKK5vuOkyxNW7rezJqueF3bNFWPFviLmKGp65abY7pmSlKe5t1d4K+c8pSnonG+Uq65tmUVFbu0LW+eVrakZ2teXknI2LAdM+sVUH1cRyWZodMK7domTX3Uf6wX6O55edoWzcgM7dUt8mHoM1Uz/FHUzFzlqe2g+qlTp/Tqq6/q+uuvV0ZGhm644QbV1NQEhrKQpBtuuEEZGRkaPXq01qxZo3vvvVcjRowIKcdmsyk9PV0XL15stY709PQ+k60qEVgFAAAAACDuZfkek66QOQxAlkIDnOc+LNPRdoKhkZmZpuaj+8u1dqL5eHVmbp5U9rHOqSDKQKYvO9U/cxvZp+3WMTjLNSt80rWSb0zOvhRYzczMbDNDtKysTHV1dRo5cqQef/xxpaamhkx3uVwqiD5SF5VYM2CPHz9+xV5glTWuSHllH+vcuY9DfigomDhVy3dV6O7cE8ozo62+wOM2LQ9PoZ4anhJdreNHpWtntD5Kzn18QsoriphAHYu2sqfzAuMaRCdkuIK8POV1sV4d1q2rG+6zc+dOTZw4UVlZWfJ4PPrc5z6no0eP6rQv+3T48OHKy8uTx+NRfn6+hgwZop07d+of/uEfWpU1ZMgQ1V66JMPrDXxmsVo1ZMiQ7qlsDyGwCgAAAABAvMsapyKVaPm6PM1b2UYA50RLMPTc20+agZt2hwLwlz1N8+eVqWT5Wk1c/4AKfNl8a94eFxhrMXgsx0i2bUWS2egAACAASURBVHlbd/sySiteX6ejUx/V0vDob7t1NDPzSoLKMR9Llh5db2behWTVBqbF8gh2z8rNzVV5eXnEAOX999+vgoICXX/99a2CqpGGEOgO0b64Knj+K/YioqxrdO3RXaqulo5eO7ElYJ6Zq7wTH+tDSUV3B2dRTtWMiG0dfIBlyvxNoHWQs7uC81nXXCvlFUWRPV2htXO3KNc3XEFIYPfc29qyrfUYr13Vbt266T1oR44c0fjx4+X2jY+ampqqcePGady4cSHz+acPHTpUR44ciViW1WrV4PR0ffLJJ4HPBqeny2q1dk9le0jfqi0AAAAAAP1SlsYV5Ul5RRoXIaKTNW2+5mmdSubO1dy5c1VyfIZWzsuTtu1SRTSlT5uveXnbtHxthaQCPbBynrSuRHP95QW9ICdrXJHyti3X3LlrA2VPvfZ4YN3LT8zTyghZqR3VMWvaUj16bcv0uctPaN7KB1SgLE1b+qimblseqE+8B1UlqbCwUFLkgObWrVv1n//5n21OC16+O1RUVKi8vDymZfxB4SujQBOnntCuXSc0dWJQK2aNU5HKVHbiWl2TFfRZ3jZtedsfHazQ2rlz9eTb4dFC8ztytOzDQByxYu1czV1bIRVM1FRt0y7fAXvu7S3aJv8YrrFUe6KmHl2n1/0H/rm39eTcuVrb6kuWqdy8oyr70KxJ9fGj0rXXBAU8fdnZ8v0QEbRf7p6Xp21b3vZtg/lSt0CpucHfaXPog9jr1jnnz5+X1WpVU1NTTH9Wq1Xnz5+PWGZ6erosvkCqxWpVenp691S2B5GxCgAAAABAHCp4YL2CRmJU1rSlWj+trX8HjScZEDQ9rCxlTdPS4MLCl281va1lK7RLkiY+oPUPPNDBvB3UUb5tjlCMVKAH1q9XxElxKisrS06nU+Xl5SoqKgp5tL+iwox2hb8kyh8AdTqdysrqvoEPVq1a1anlli9frv/4j//otnoEy8yVtq2T5t0d/GmWrrn2qI5qRlDQ3AysH59bosBT7lMfNV9kFZaKmTVtqR49Prflcfi8eVq51CzpgZXz9GTJXM01J/iC9rEqCCtHypu3Uq1/R8jStPnzVFbir/NUPbo+MMCrZkxdp+XL52qbpKmPmj8a+IfBCN2GPE2dmif/sKf+sWHNYRHyNG/eVCmQ7NpO3bohY/X8+fOy2Wxqbm6OaTmbzabz589r6NChraZZfY/+n6+p0ZAhQ/pctqokWQzDMHq7EgAAAAAAoC+q0FozfTRCcAl1dXX613/9V1ksFj366KOBx/uPHz+uvXv3avz48YHP/C+0MgxDP/nJT1oNEdAVL730UqsgbjSuvfZafeUrX+m2eiB2wcNw9OYYw3/4wx908OBBTZgwIabldu/ereuuu06f/exn25zn9OnTGj58eFer2O1KSko6nIeMVQAAAAAAgCsgNTVVjz32mH74wx9qyZIlKioq0h133KHc3NyQIOubb76psrIypaSk6LHHHuvWoKqkiMHR48ePq76+PvDvlJSUK/ayKvR9ly9fVkJCgjweT0zLJSQk6PLly+3OE49B1WgRWAUAAAAAAJ1kPqKPtuXm5uonP/mJXnrpJZWVlamszHx2OzMzU9XV1YH5nE6nvvKVr3R7ULUtH330kTZs2BD495w5cwisok35+fl67bXX9Mc//lHJyckaOHCg0tLSNHDgQCUnJ0uSGhoadPnyZdXW1ury5ctqaGiQFF3mZ1/FUAAAAAAAAAA94Ny5c9q3b5+OHz+u6upqZWZmKjc3V4WFhd06pmo06urq9OKLL2rfvn0qLCzUgw8+2GNBXaAviCYgTGAVAAAAAAAAAIJEE1jte6/bAgAAAAAAAIBeRmAVAAAAAAAAAGJEYBUAAAAAAAAAYkRgFQAAAAAAAABiRGAVAAAAAAAAAGJk6+0KAAAAxMq47FLjjuflrtwto+58R3P7/mu50tW6ClhkHXyNUu79d1mzRvd2ZQAAAIC4RsYqAADocxq2rVLzgd92GFQ1DENmQJWganQMeS/8VXUvf7u3KwIAAADEPQKrAACgz3Ef2xnVfIRTO8eoPdPbVQAAAADinu3y5cu9XQcAAIDYNEV5/WIhtNpZXCMCAAAA7bOZj8gBAAAALbhGBAAAANrHUAAAAAAAAAAAECMCqwAAAAAAAAAQIwKrAAAAAAAAABAjAqsAAAAAAAAAECMCqwAAAAAAAAAQIwKrAAAAAAAAABAjAqsAAAAAAAAAECMCqwAAAAAAAAAQIwKrAAAAAAAAABAjAqsAAAAAAAAAECNbb1egTYdKNX9VuRyzntLiooz253WVacWSnZr01GJ1NGu3LtsDXGUrtGRjZesJjll6anGRzCofUun8VdKiNZo9xr9Mjhatma0xbZbZ9vQr75BK57+ikXG6z3uMq0wrlmxUhNY1ORdpzZ1n4vr4jI15nJZHmuRcpDWze+loLJ2vVTLX7ypboSUn7+uduhwq1fxXRgZ9r3u8Aiqdv0pVbfa5HU1vr+hSmV1UtH1O0LES0tfFCd/5qTVnF/vVON/uPixxxptKHpnWekLNb1S79uluWUfyAzuVqLbKe0KpJXdJf56kuq3dsrqYJc54U8lZh9XwwkNq7oX1t3k9E9b/u8pWaMnOSVfg+HepbMUSnbzPvFbq+7q3z45lv/fqubJPa+s6yKFZV8V1HgAA/VOcBlZdKnulXE6nU+Ubt+pQ0RUMAGYUafGaoitVeveIEHQ6VDpfS1ao7QtgR5VeWVGmr4dPP1Tqu7HJuXL1RXRCjr22bvjGxP/xGZNINw/mjcaKkZ0I2HWDMbPXaE2PrzWO7fylSrMXhx2HLpWtMG8GHT1Rh0N7VB7vgcUI9XOVrdCS+aWdD672he3uy1oFUYuV8tAipT2gbguuogOtrmfMc9/80pbPM4oW66o67V1p3dRns997SuvrIFfZCi1ZUqrsXkt4AAAAXRGfgVXXAe2sdOq+xTdL5au059BsjQm70jhUOl/+hCGH0xk8xcyGXDRJO1f5sgEds/TU4mxtDfxKHHRRE5Kx6lt2Vo42bvT/ntzVDKQrY8yds+RYclIuqY0b8EmalLNTB1xFIRdvh/b4AtYR0wbjSFhGmHNRaMAxuP19M5g3ZZEy41xlWrHkpO7zfRaaNRPnWQLBx6d827FIWuXf+EBWqz/zNex47WA/xocxunOWQ0t2HpCryB9QMm+2W5opLNgUlu0byGx3lWnFL6VJORu1sVySc5GeGvlKWBZOaIa3P2P1qZGv+I6LVZpfZa7PVTpfr4xcpEk7V/nqYh4v2VuD+p+QbKCwbJSgIIKZ4TNJs6o2BrYrsGxQOy2Zf7JX+5ycSZNUteeQQjpd1wHtlFNOR7mqpMiZ/jFkpR4qna9XRs5SzsaNgX3lDMm4N3fQkvkbfZ+HHQ+9mOHcnoyi++Tc+IrOuKQxGVJHx8MvNSmwD26e5tCet8O3O7y/Cv5+H1Lp/D0aOatKGzdWSo5ZemTSTj178j4t0iq1dBFrdOeZoDJC9l3YflXw8RzF+bCt72GgfpG3PX5sVv0L+UotuUupdz7tyyQ1g6225Ja5jJOrdGnLZvMfhS9o0NRCWSJNkyTdoNSSnUrw/csTnqH6qY1KK/GFuhr2hWWPmlmt/mXDy05+YKcS7UFlBQWKkx/YKevlfbKOLJRFtXJvu0P1+4LLq5WnJvY9dOVlqGjxIp2cv0qlNwcd874+W2Hfk8jfi/DzeKRjL6PlWF81PyiLs52+Jfx8Mm6c9OHgkO/AlcuujV5UfbZfq2z7lu90+H5v63zVsu9bzpUZaq9NouhLOqpXW+dO/+a2dzz0geugjLGT5NDJwL+Dn6SRFHrOdUV+YsIx6yktzt7a9rS4vdAFAKDvi8vAquvATlU679MYjZGc0qo9hzQ76ILxUOl8raqapafWFCnDf1EshyYF5qjUxlcm6ak1a5Thu8BeMt+hWU+t0ZoM3/JbD6ko4pVVpTbu9C9rlr2q9OY4vCHs2Nibc/TLAy4VBd3o7il36uZFiu/AaiBAs8a86HaVacWSFSrzXSiHtr9/fv9N2c1yKjQY33I8Bd04rFncsmyfyhIo16o9i7RmzWzfflml+eVO374yj9dXyu4MCta1vR/jl7kdOyc9pTWLfaHQ0vlaUprt+x4eUumSjcpZtEaLx8j89/wlKs1eo9kZkio3msuu8YVoy6Jba0bRYj2l0McbXZIqN76iScF9x5L5cszylX+oVPNX+bPqWwK2a8a0bMeKsqAbmvKNOumffqhU81f9UmVjF6tozGytWaReHgrAJ3usJu3cqkNmDyzJ/A5p0n0audN3k54xVpMcG7UzqH85tMccuiXa71Hlxp2B/eoqW6Elq0p185rZGlO0WGuyg4dF8PXxOYu0ZvEYRcpwi08dHw/B+0CSvnZj6HAQLcO2LG7pv0IyYsu18eQirVnjD9buNH+MXLRGZhexQktWzVe50zePq0wrlryisjsXqygjfL/61+c7JjOk9s+H7XwPx0TxXYgbT8tbc5dsg4slyQyq1v1GtS+YAUtzCIGvK6VwsxmonFoobyBY+oRSSxYp9c7NLcFTe4aMbZNUu8+37Gc2KnnrLDX4JifYpeaVk9QgMxia/NAL0gsPqdkXVLWeXKXaLZsDZQ+aIV3astkMqqbuU8NKXyD2zo1K+0xwQFhKGGkPlK3w8nwB4UBF4soY3eyUXmn5RSJE+Pek/fO4malZNesprQkKnK4oe0qLFz8lhTwZEkXfEnI+MY/rlusLlw7srJTzvsXx32dLvnNOlWY9tSYo4Lmq7Wvcts5Xkc6VHV5btdOXRFOvtuqSId+TWC39ZMi6+8h1kOvATmnW16M7f46ZbV4D+pf1nSfuK8qQ1N40AABwpVgNw1B8/R3U1o2Vco7Pl2EYyr9jphzlr2hHdcv0PeWS816n7IYhw7DL+bWZckiBMqTg6fka75TkvFdOuzk9f7xTqjqt6qD5Iy9rV8FER8i8Pf8nSeGfVWvHLzeq0jle+UH1Vvgy+eOVs3N/S90P7lG5c7zyA7P3Xju3vf5q7XilXM6HZwW2zbA79bWZ0satB832m/WCXviOv43M7XQGtt9s7/I9BwPl7d/pP54OautGaebXgpedpYed5XplR3Wv7g/DMGSEtGHkfSU5NPOOfN9+KdBEh+SYeYdvX5nHa+XJ6qj2Y/y0u/mdd0wsMNvl4FZt1Ex9zWkPzJM/62E5ff1A9Y5XVO6YqTvy/cvna9YLL2hWfss+mlhgDyq/9Xco5Pui4Olh8ypC3yGn7vXXLX+8nKrSaX+9nA8H6uHvm7Rxqw76yw6ud/54OVWpk9Vt17M32keGXQUTq7TnoP/zau3fKXOfBvab71gL9C8Htac8fL8H/4X1OWH71V4wUQ7ffmy1Lw5u1cZKpx6elR+yX0PPCz39F7mtDpauUrljogrs0R4P5ryRy/WdC4O+w3bn1zTT0dJfSQqcKwPLBx1j5n4N7zP8x5xdzu+8oBdmtSxvzh/d+bC972HH296Nx2s38FyulWVgvswM1kkhwwI0Hzmsttf0tOpWhmWk1uxQ/b7gZTNkKQxa159bgqwNf9onIzlftkIpccZtSmjYp8ZAhurTqvtzpSwj71OypIa1k1QbnN26db884dWp2d8SN73zBiWoUm5/efseUuPJ2qj2R7Ce+N4YhiF7jv/cFT6fwr4nHZzHff1FoI/2Heff8f/b3Kio+5bQ80nY9UX1fu2sdGp8fqz7oZu/A1H12eZ+euGF7wT63cD1ccTzn2I4X3V8bSW1c20dTb3arIt5rdNyHeQvb5by4/Y6qFIbl8zX/Pktf0s2VgYd/0bYdUlLW7cqr3qHfrlRmvn9oG2MZhp//PHHH3/88Rf1XzTiL2P10F6VO2bq+/6fbTPGaqJjk3b5M6NcZ1QlhyYG//iakd3hiKGOnD78a235aj0UnmHqmKnvz+rot+0xGp/zamA4gEN7y+UcP0vS3itU0e7gUlWlVL76odaD+zvD5iz7sb63qbLV5DHjndLqvTo0a4zGuA5oV6VT946R79ipVPn3HtKmsKIdM7t3K3pSTnakYzv6/dizKrUp4v7/vr7jy6hwnamSKsv1vYdazaWZklxVlVLOvb2XIeTIibhul7nDW39Xe3eHd0rG2ImqetP3aKnrgHZpor6WIR0Im8exqcocjsR1RlWOibrjCjSK60yV5JgYus+j6POvuMpNEY5Rpx5+wcw2PdTV4yHSuU4Zyo55w3MUsYsIcmjjQ1odqKdDE6OpXjvfw6vhuxD62L0/IPm0mk/epuTP7FTaZ9SJF1/VyjgX9M99H8s7tVCWLClhYJpU93HoS6XO1ciQPaSE8JdwtQqu+ucbnCE1HA6Z3nzBpeSsGKobjzo4j0fsL9osKva+Zcx4p/TqGbk0RhmuKlU6x8fF0y7R9NkBrjL9+HubWl6c2dWvZXddW3WqXua1Ts69fek6yKGZ3/9OaMbsoY16aPWrKrvjOzFk0h7Sxu9tkmZ+P8Iy7U0DAADdzRZtBLZnuFT2arlUqdY3rJVv6pBzpvKN4F9tQ2cJ/Sxseqtoc2gEuq1ljeBf5bu6eZ1gGJKcD+v5mfkRJ4bWyax3cJ3zx+do9ZuH5Jwp7S13avxMQ8bhtpbvWZHa0M/58POKvMmGXGXPaOnmSklOPfz8t5Wvw9q0YLUC7ZY/Xk6t1t5DM2U/vUuVznuDMnsdKn7y2xEvNHv3u2AEZSgEfxx0fCr8WG29TPh/29uPvSN0/x/etECry1uyi8y6SXIU68lvR3ok3lDL4RthGyJ8n9v+Dofu69BlwuaM1HdEmt7Od9UVVT16r69pYciwF2hC1VrtqP62xh7YJU14wMw0klr6UnuBJjg2Bb5nIfO0WXQb+63NftiQ2umD2+tDrri2jtHgenb6eGjr3BS0jmjOV0ETAn1F0DLm98+3Lc8XKcNVpmeW7o7qfNhSlTY78SjPW51n6XiWqCQMTJNx2exZAgHVBt9j94UvaNDUlu1o3nJHyKP4aSV3RRhntfu1BFQr1bzyDjX4HvW/0rrzXNFW/yqZwXjHCLtCzm+Rvv8dnMfNoV/a6kdDj//2ru8in3NlXl9Uvqr91U4N31su5/iZvXztIEXdZ7vK9MzSzaqUeW3w7XxfHyB1vN+D12WEtWWH11aukGV9VWopP4Z6tX/ujLx34u86KEK/nn+7ih1LtWt/tZxBO7Htc6RLZc+sVrnzYT0fdP1kam8aAAC4Eqy9XYEQrgPaXelQ8ZPP6/nng/6eLJZD5dp7WFLGcOWoUqeCX8LgOh06OD9a5I+Xs3yvDh/eaw4D0Nv16ZBdIxxS1WlXG9NdOrC7Us6Hn9fzz89sY3t8j+vtLTPnHe+bK9Kxc9XqaD/Gh/yZT6rYUa7Vz5TJX9OM4TlS5Sm11Ux2c8MUb1sWr/XqnAyNnSDtPnBYB3ZLE8ZGSnnJ0NgJDt/3rK15uqEmkY6HPtDnd/l4iNhfuXS62zb8sPaW+863EX/EaF9729e3vgtPyGqXvBc2+/5/rdzbwh67j2TrLNWunKSGk7WyZN2mxKjWlSZLcMZo4TWy+rJYPZdrpdRrQsvJsvuCx8WyZaXJ8+dJql05K6phUpsvuKRke+BFWJIvizUuHdbecilneBT16+A83tH5o8N5O+xb8jXeWandB8rMH6vj5qKq4z7bdWC3Kp0P6/nnIwcaO7/qrl1bda1e7V3r9I3roGBRfQckucrWanOlUw9H2GHtTQMAAFdGXAVWXQd2q9IxQa2uBzOKdK9TKt97WFK+bi92qPxVfyDGpbK1m1XZqjSY8jXeWa7Vq8tbAoxxLUNF9zpVuXmtygLXwi6VPbNAz7R8EHSh7PtlPqyU/PFOqXyzNlc6NCLwJKXv2Fm9KZD1KB3WpgULtOmwrjLR7cfel6GiB4rlqNyspf5GyL/dDLYGN8rhTVqwwGy3jKJ75azcrN8FJre/XebN824d8E12lb3a+rHA7tgSX73WBtXDVfaMFgQFjfuSjLETpM2rtVkR+uSgeRzlm9udp8taHQ++Pt95b1w/4tj146F1f+W/Yb632zY8OBhyWJuWRn8ube972He+C8VKeeguJdT8Jmic1ODgp/myqpbM2CeUWrJTqXe2LG/LSpNxbkf7QdggCaNf8AVPi5UyqVAW35iszVt2yJNcqAEzilvW9RmHjJOvBAKp1sH+ab56t7eira/I3eCQzV9e4QsaEDSEQPxoya6LLg7UwXnc11+8GnTsHd60QAsineQ72bfkj3eqcvPmuPuxOpo+O/gHD1fZM0FDgHRFN1xbdbpe/mud37Ws21WmZxY8ozJXX7kOknT4d9pc2RKot49wSOV7A9t0+HdBffPhTVq6WSp+MkJyQXvTAADAFRNHQwEc1pubK+UonhfxcdLRhZOln76qsuklcjpLtLDqW1q6wHz0bnJxsRyVu1sG6JdCHpVs9fhipEcs21o2MLmXhgIIqlt7cwXXO7zOowsnS+VS4WjfdoU8Xt4bDBmq1OalCxT68KRDxctK5BxdrGXFK7UsaLqjeJlKnHYZhuScV6zdy5bK1/yavHCZil9bps17Dql4tO9ScnShJqtc7zgm+F56YX5s9x07qxe0XLVPXvicZo5u+zGyntHGY7/Bx6eC/r8ReZmQ46Xd/dg7R3P490uSZHeqZGGVvvXT1XpmxDKVODPkLFmoqm+tVkszTdbC52ZqtGHI0GgVLyvWymULtCAweaGec9rV8sRh0DpGF2vh5G/pp7794CheqGLHT1Xl/74E9Q/2gglybF6tBeXm+oIfh/SXa/4n7NFqw5Bh+OvVcmzKUaxlJeYLO1qqFmlZmcds5U+1dMFu83vQ40HDsPrYCzTBIWmC76ViLQdjy/5oNU9bRYfut9Z9cst8rfsou5wly6SVy7TA3+CTF+q54tG994hjVH1orMdD63LtzhIt00ota9lwLXyu2Pc9iOJ81eoR2uA+Y7SKF07Wt1Yv8P3Q4FDxsoWavOyn2n2gWk5nR+W38z007O1ue68NBWA3H90PZpxcpdqQF0bdoDT/GKqqlXvbb+SZepcSRhdL+8KnyxxnNephAGrlPmdXcslOJUvmcAOBMVqfVt1KKbVkkdJKFgXq5h9ioH7nbRo0tWWa58+r5B69SLZPPSEp0jivm1X/Qn5QeZVyn6yVLcYxVrt1KABJKg/u102O4mV6zpkRWFfwcRZcD/+/2j+P233nj/Bjb7QMQyqY4NDm1QtUPnmhnpuZ337fEt4v+fmuL1TYi32QpFj7bLtznop3LwtcO2vyQi0rfk3LNu/RoeLRgdF8I+/30HWFnyvz222T9vuSjBjqFfnc6bvWCTSiuW6n3ZBhj8froLavf0cH+n5zn/j35+SFCzW5/DXJMHRoj/lZqzImL9RCtT3tOTJYAQC4Yiznz5+Pl8gqAKBPcal85TppXm8EgtHfJfzyC71dhaue5+tv9HYV4tBhbV64T4U/LSYrEAAA4Cr31FNPdThPHGWsAgD6FFeFdmuCvmoPy+gCcFXgGjGCw3v1zq2FmtFrT/0AAAAgnsTVGKsAgL7h8OaH9fD3d2vCVyfH/OIjAOh7XHrn2Yf18PPSgmJyVQEAAGCyuFwufnAHAAB9SuLauzqeCV3S/MBversKAAAAQK/5wQ9+0OE8ZKwCAAAAAAAAQIwYYxUAAACtcI0IAAAAtI/AKgAAAFrhGhEAAABoH4FVAAAAtMI1IgAAANA+xlgFAAAAAAAAgBiRsQoAAIBWuEYEAAAA2kdgFQAAAK1wjQgAAAC0j6EAAAAAAAAAACBGZKwCAACgFa4RAQAAgPZZLv7kNq6aAQBA3+Jp6u0aXP0Sknq7BgAAAECvWXby5g7nscli6YGqAAAAoE/hGhEAAABol03uxt6uAwAAAOIN14gAAABAu3h5FQAAAAAAAADEiMAqAAAAAAAAAMSIwCoAAAAAAAAAxIjAKgAAAAAAAADEiMAqAAAAAAAAAMSIwCoAAAAAAAAAxIjAKgAAAAAAAADEiMAqAAAAAAAAAMSIwCoAAAAAAAAAxIjAKgAAAAAAAADEiMAqAAAAAAAAAMSIwCoAAAAAAAAAxIjAKgAAAAAAAADEiMAqAAAAAAAAAMSIwCoAAAAAAAAAxIjAKgAAAAAAAADEiMAqAAAAAAAAAMSIwCoAAAAAAAAAxMhmGL1dBQAAAAAAAADoW2zEVQEAAAAAAAAgNjaDlFUAAAAAAAAAiAkZqwAAAAAAAAAQI8ZYBQAAAAAAAIAYkbEKAAAAAAAAADFijFUAAAAAAAAAiBEZqwAAAAAAAAAQI8ZYBQAAAAAAAIAYEVgFAAAAAAAAgBgxxioAAAAAAAAAxIgxVgEAAAAAAAAgRjYvkVUAAAAAAAAAiInNy1AAAAAAAAAAABATXl4FAAAAAAAAADFijFUAAAAAAAAAiJHNyyCrAAAAAAAAABATXl4FAAAAAAAAADFiKAAAAAAAAAAAiJHNy9urAAAAAAAAACAmNlv6sN6uAwAAAAAAAADEj0sdz2IxDFJWAQAAAAAAAMCvpKSkw3msPVAPAAAAAAAAALiqEFgFAAAAAAAAgBgRWAUAAAAAAACAGBFYBQAAAAAAAIAYEVgFAAAAAAAAgBgRWAUAAAAAAACAGBFYBQAAAAAAAIAYEVgFAAAAAAAAgBgRWAUAAAAAAACAGBFYBQAAAAAAAIAYEVgFAAAAAAAAgBgRWAUAAAAAAACAGBFYBQAAAAAAAIAYEVgFAAAAAAAAgBjZrkShFy5c0MWLF+V2u69E8QAAAAAAAAD6OZvNpvT0dA0ePLh31t/dBV64cEGXLl1SWlqabLYrErcFAAAAAAAA0M+53W5dunRJknoluNrtkc+LFy9q8ODBBFUBAAAAAAAAXDFJSUmyWq26cOHC1RFYdbvdSkhIkGEY3V00AAAAAAAAAAQkJCT02nCkvLwKAAAAAAAAAGJEYBUAAAAAAAAAYnRFL66FNwAAIABJREFUBkJlGAAAAAAAAAAAVzMyVgEAAAAAAAAgRmSsAgAAAAAAAECMyFgFAAAAAAAAgBgRWAUAAAAAAACAGDEUAAAAAAAAAADEiIxVAAAAAAAAAIhRXGasHt70Lf30nQgTbGkakT9Bt//97RqfndqldbTNpfKVy7RZxVpW4lRGl+frbb56jlio52bm93ZlAAAAAAAAgKvCFQmsdo8UOSYUakRQDevPVKji8Fta9/RuffDP39UDN6b3XvUAAAAAAAAA9FtxHFjN1oQvzJQzPBW07oA2Pf0zvbP2P5X/REnr6QAAAAAAAABwhcXlUACG738Nw1CrolIKVPzPU7Tv2e16bdsxTf57h29Cnap2/0q/euNDVdbUyy3JljZCN35hjmY4cxQYOKCuSuVbNuiND06p1h1pHv86m1V36E1t3vyGKs66ZUsZphvvmRdxPtf+/6e1//WOjtdLKcNu1D3zZsiZEzpUQV3Vbv3qV69p35FauWVT2uhCffFLX9KEkPmi2QaXylc+qS05X9W3bG/oZ9vPSmm3aN7jX9GNqdLFA/+jdRve0ZFat2zDCjXnX+7x1dPgpWIAAAAAAABAN4njjNV2OJyabt+uXx+plEsOZUg687tnteLXNRpxy5c0p9CulNpTeucPb2jflmdVn7JM/zI+XZJL5T9boS01ozXlS19VgV2q2feWfrVlharcj+uJz2a3rOPUa3r2Z9kq/NIcfdPuVsWvN2v7lmel9H/XvBsTQ+b72S/SVfDFOfpmWr32vfUrbVlxWKe+tUzF+eZ8dYc36wfPvaP6EbfoS18tlN19RNvf+IM2rKhQ5bceV3G+GTKNbht8dm/Qz7InqPibX1BzTYocqdLFvT/Tsv+qkEZM0Zw5BdKR7fr1c+uUduVbBAAAAAAAAOhX+mZgVWmyZ0uqOKMaSRmq1Afv1Cpt8r/okeJ8meHMsRpbmK11//YL7TtyRhqfLrkqtPu4dMs3F+rvx/qKGluglPontOWDw3J9NrvlJVRuu77w+L/pdl+sdWx+imr/7Rfa98FhzbtxbEtV3HZ94fEnWuYbn6/sp3+gX7+2W9NLnMpQpd74xTuqzf2SlpZ81lf+WI2dUKjXnl6htza/p88+8VllR7sNgfUWaM63ijU+kPBaqf/ZUiHlztDj/pdpjR2rcaNf0pP/cbw7dz4AAAAAAADQ78XnUABGy/+JXFSK0oZKgeEClKvpS3+k6f5l/LPZPqXRI6R9dXVqMgwlpqXJbpP2/XqTCtK+oHE56UpUigr/aaUKA8v6lh4xWTcNC1q/v6wzNao2DGX45xs9XbcEz6dhumnyCP365d2quDBZk2v26r166abpt8oeXDeN0JTpo/VW6R/0wekpmp4d5Tb4p+QWKDclaL1nDuvDemnc9FtC1pNSMF3T7e/p1wZDAQAAAAAAAADdpY9mrF7U2VORPm9WneuMTp09q7OHK/TBhx/qyFlJqtVFSRmJN+qeOeN0fMO7+q8fvyvZUmR3jNP06dN1U0G2QkZFtSVGWkFrw+xKD/soY0SupPd1pkZSc7PqZVdOduvy0u3DJB2R66KkwCgEHWxDW/W46FKN7Jrcaj1psg+LblMAAAAAAAAARKePBlZrdOaspNwc2X2fuPb9Qs9v+FA15hufZE/PVu5Nt2jc+9v1ftCSGYX/pKWFF1VV8aHe+8M72nfkPW35j/f0q9wZeuyRyW0HLmOWovQUSc3RLxHtNsQmUbaUTi8MAAAAAAAAIIK4HAogUI7aGAqgcp/eq5eGFeaZj71ffE+l//Wh6m+aq+/NLpQ9kLR5Rm+9v13vywh9vF5pGnH9rbr/+lt1v5p1ZvvzWv7yr7X92K263yHffOHLtP7ckKSai6ozDAXHLmtOHZc0TEPTDBl1iUpRjarONMkYFppNerHmrKQRyrYbMi5Evw0R65dmlz3ielw6c1zS9d3XLgAAAAAAAEB/Z+3tCsSsvkJbfrld9bbr9fmbfM/Pn63UEUnjbgkOSEo69Z7eq2n5Z3PFy/r+o0v0cmVwgYlKTwt/mD8GH20PWYfqj+itt05Jows1OkWS4ybdkiK9/9a7qglZ8JS2v3VESrteo+3Rb0Obsgt0U1rr9dQf2a7t0SwPAAAAAAAAIGpxPBTAWb332y06FVTD+rMf6sMjtXIrTbcu+KoK/fHQYaN1ve1dvffLHytlxt26Pq1eNe9v1+v7Tqk5aPnE0eN0vW27tj//Y138/BTdMiJNtafe1fbffihb7pc1xdGJaqbV6K0f/lin7v+cbko8pe2/3a6P6nP15dm3+MZedejzX79V+55/WT/88Snd/7mbZHcfMeerSdOtC6ZrRAzb0LYRmv7VW/Ve0HpSat/V67/+ULWd2CwAAAAAAAAAbYvLoQDMpet1/L13dTzoc1vyUOXedJc+d/d0FdiD1pN2k+YuqtN/r39d75T+XNttyRqae4v+4dvfkP3d72v1u0dU1XSrhibm6cuPPqSh61/Wjt+W6n3fWKZ5tz6oR+8v0FDDMIcf8NXCCBkKIPxz37/HzdKivD/q5/9dqvcapOTcm/SPD85W4dCWYQyS876sR7+dq5dffl0vr39PbtmUlner/vHBz6swO9ncjqi3oa36+dfzKf33enM9Sh6mcff9o2764//V733zAwAAAAAAAOg6i9HN0bZjx44pPb0Lj9YDAAAAAAAAQJQuXryoUaNGdWuZJSUlHc7T98ZYBQAAAAAAAIBeRmAVAAAAAAAAAGJEYBUAAAAAAAAAYhSXL68CAAAAAAAAgHhGxioAAAAAAAAAxIjAKgAAAAAAAADEiMAqAAAAAAAAAMSIwCoAAAAAAAAAxIjAKgAAAAAAAADEiMAqAAAAAAAAAMSIwCoAAAAAAAAAxIjAKgAAAAAAAADEyNbdBSYnJ6u2tra7iwUAAAAAAACAVpKTk3tlvd0eWG1oaNA1w4d3d7EAAAAAAAAA0MrHp0/3ynoZCgAAAAAAAAAAYkRgFQAAAAAAAABiRGAVAAAAAAAAAGJEYBUAAAAAAAAAYkRgFQAAAAAAAABiRGAVAAAAAAAAAGJEYBUAAAAAAAAAYkRgFQAAAAAAAABiRGAVAAAAAAAAAGJEYBUAAAAAAAAAYkRgFQAAAAAAAABiRGAVAAAAAAAAAGJEYBUAAAAAAAAAYkRgFQAAAAAAAABiRGAVAAAAAAAAAGJEYBUAAAAAAAAAYmTr7Qp0n4N66RvPakfwR6Nm64ffnaLMGEqp3v4jPVZ6TKNm/0CPTuloSf86b1PJz+fouo4L1/LHS3WsE/XqOTFuEwAAAAAAANAPXR2B1YMb9OCzO1p/fqxUj32jKqYAYeaU7+rFKd1aOwAAAAAAAABXmasgsFqt7S/7gqq3PaIX51zX8vmPHteGYzu0csPNvs8jZGP6grL+DNVIGav+z0yjNOcH31XEZFZ/Rmp783SodebtbY/8XF/xbdbBDd/Qyh3Bn/nm92fBBmXFzhlZqg2+gsIzcKPapsD2KGzfAgAAAAAAAP1b3x9jtXq/3j0m87H/kMBfpqZ89xHdJkk79uhgZ4sPCUBK0jFtePxH2l4dPudBveQLQt72SGeDqtXa/qOw4Qwk7Xh2Q+z1P9YSVDX/+YtAnaPbph1a6Q+qmpXQS53diQAAAAAAAMBVJu4yVpvXTItp/sTPfd0M/o0cHmHM0uv0d7dJO3ac1Olq6bqYg50H9dvSYwrO6PQHJd/dX60pgSEDTupXP9ohM777g0B2aewyNeW7P1fLSAT+rNvO1N9fZ38Zx3TSJSkz2m1qyYr1Tz/pq0SsbQQAAOJL4vy3e7sKAAAAQJ8Xd4HVuFJ9WicladQk3eALaoaOwery/feYjvlSO0cO755XUvkf+e+0QJ0zdcOkUQpUMOptuk1/5wsQZw4fKSk4wxUAAAAAAADo3+I2sBp1JkX1do2SdOzkaVXrOmX6sjzfnfQDPXrDfv2qg+Bk9emTXa6rJGnUKI06dkw7Xt6uz393SoTs2Wj4s0tHac4Pfq4X5/j/3d4ivkBpDyLLBQCAvomnTgAAAIDu0/fHWM28QbeOknSsVI9tOCgpU1P+abZU+rgeDIwROlKhiaTmo/VStfbvbCdqmTlcI2WW/Vv/+KIHN+jBb3xDD24IHnD0NpV897v60m1h88YqMF6sP5vUpZNtVO+kuQGq3r8ztlzSqLcJAAAAAAAAQFviNmM1epmacv9t2vDsDmnHs3owQobqqNl3ynyqPUMjR0k6dkwbHv+GNnRY9nX6/OxR2lF6TDue/UbQS6VGac6d10lhr5S67s7ZGrWjtOOs1WOleuwbpeGV1A//qZ3pPhk5oyQd07HSx/Vg5Fm6dZsAAAAAAAAAtNb3M1Yl6bo5evHnj+i2Dmc0s1lHBf59m0oeaX+pzCnf1Q9njwr57LZHzJc+RZhZ/zx7VOezVv3Lt6xILz5ymyTzxVLmLP+kOSGzRLPd4auJYZsAAAAAAAAAtGIxDMPozgKPHTuma4YP7/Ty/rG/um8cz4N66RvPSr433AMAAPRX3X+dBQAAAPS+j0+f1qhRozqeMQYlJSUdznMVDAXQkev0lZ//vLcrAQAAAAAAAOAq0g8Cq+0zDEN1dXWqq6uT1zA0YECSrNaE3q5WRF6vV42NjbJYLBqYmqrU1FRZLJberla3oj3iC+0RX2iP+EJ7xBfaAwAAAEBP69eBVcMwdOHiRRmGV8Oys2SzJcocGcFQ9w6Q0HXm/ZZFFovkdrt1/vwn+uTCBQ1OT5fVenUMlUt7xBfaI77QHvGF9ogvtAcAAACA3tCvA6v19fUyDI+ysrJkGIbcbre6ecjZbmexWGS1WpWZmaHqapfq6+s1cODA3q5Wt6A94gvtEV9oj/hCe8QX2gMAAABAb+jXgdXLly8ra1imDMOQx+OV1xvfN2EmQ4Zh3owNGTJY1edcV82NGO0RX2iP+EJ7xBfaI77QHgAAAAB6Q78OrHq8XiUmJqq52S2Pxxv32S1+hmGOw2az2eTtI3WOBu0RX2iP+EJ7xBfaI77QHgAAAAB6Q78ezCshIUFer3kD1lduwiQF6msYhhIS4vPFHJ1Be8QX2iO+0B7xhfaIL7QHAAAAgN7QrzNW/W/g7Ws3YpL6XH2jQXvEF9ojvtAe8YX2iC+0BwAAAIDe0K8zVgEAAAAAAACgM/p1xqoU+hheV3k8bl2+eEHnPq7S4T/t0fvvbtPZv55Sk9sjW1KyrskdrZuLPqe/K5qqwXZ7t9T7atOd7dGT+mKdo3El2sP/uG4wi8US+OsOtEfH6K+6jv4qvtBfAQAAAOhp/T6wKhky38zbuZsawzDkaW7Sx5WH9b/lv9eBP72vs+eq1Vh3SfJ6ZbVaZLNKRnO9jlf8ryoP7tef9/1RXyieo0/nXy+brXNNYNb3arwRi709Ghsb1dTUpOTkZCUmJraa7vV6VV9fL0lX7I3LtEcHpRiGZHikxnOy1bytRNfvZLv8gSyeRnkGjlHzkClqzvyCvKkOyZrU5YAF7dHG0vRX3Yz+Kr7QXwEAAADoWQRWJfnvwTpzM+b1ePSX/e9ra+mLOvGXo7pQ75bbsGhgcpKaZaipwSNbgkUJVinBapUhj/60c5vOnj2juQ/9q8aM/UzM6+yuLJl41VF7GIahxsZGNTc3yzAMvf/++zpw4IAmT54sh8PRav76+npt3bpViYmJuuuuuwKfWywWJSUlKSmpazfG/b09oivELevF/UqqelFJ534ji/tiYJKt/q+y1eyUzbVNjSO/KU/GFBkJKZ1eFe3RNvqr7kd/FV/orwAAAAD0pH4fWDWMrj0++En1Gf3+f/6vKo8cUqPHqkaPRYm2BFkkpSQlyuOxqN7tkcfjlcViKDFBslktOlbxgbas/YXm/9sTGpqR0Yl6G+piUk5c6qg9vF6vzlZX6fCJXTpXUyW3263qv3p0vsajP37wG1WcbD1ssLvZ0Mdn3LJYpDfKfhb4PDExScMyrlXeyL9Tlv1TXXojc39tj+gK8cpSV6nEE+uUePp1yXNZRqvhnZtlq94leaQG21B5hoyXLLRHOPqr+EJ/FV/orwAAAAD0tH4fWG0R+12N4fVq/x/LdeB/98mSkKjLTYaaPNLAlAQl2BJkeA0NSEqQxSI1Waxq9njU5DZkJBhKHpCoP733rra9+Ya++OWZMT5ia9b16r4Ri7xx1a7T2r3/v3Wg6n9U31wtWQ0leK+RdXCWTtSfkNH8SYSibEpIHS3J0P6zBwMfWyxWDazO1vnav9eEz8xQxtBsWa2deZ9b/22PqLgvK/H0m0o8/XupsUGG2gpAGLK6/iRb2u/kGZgvJQ3t5Appj4hL0F9dQfRX8YX+CgAAAEDP6OeBVSPw5890iUVTY4P+tKtM9c1eedxeXWryKinBqkEpiRqdm6kDR87I6/WaM1ukpMQEyTDk9UqyGEqyWfW711/TlOl3yp6ZGcOaLUFjsl1Nd2Ptt0dTU5MOHntXx12/lSXRpaHpVtkSJYvOSjrrmyvSTbAh6XDE6YZxVq7GP+jjszdpSHpmJx/L7J/tES1Lc60SzrwjXXK1E6TwaW6Utfp9WUbUyJs4pFProz0io7/qbvRX8YX+CgAAAEDP6+eBVcn/ogvD8MacMXLxkxqd/espNXqkerdXVouhQQMSNDo3S3dMzldqcpLK9xyVDMkiye025DG88ngMWSyGPEaCThw/rqoTlTE+XmvILPFqvAlruz1qamp0qeGAkgd8rKxhNg0cZJUtyaKuDFFnGJLhPq0LF83HdDv3eG3/bI9oWd31slw4LqM5uuw6y4VTUvOlLoyRSHtEQn91JdBfxRf6KwAAAAA9i8BqF1y+eEHNTY2SJUEpiRaNyB6qm/92tMYXZCvbnqq7p92gnGuGaN/+KlWd/kT19c1qckuN8sjtkdwer6yy6uihQ/rM3xbGlH3UHx8brKur08DUeuUkW2TPsCk5xSqL1bwl7SxDkuH16HJVY5dedtIf2yNahiEZTZLRHF0QyGi2SN6urxOh6K96Fv1V30R/BQAAACAW/T6waj4y2LmXRyQPHCRvQpJsVunTeQ7d/+V7NSYnTUZtlbzuBqXYBmjKxAJNHD9G51y1+vjMJzrruqjqmku6cKleJ89cVMWxanm93phvkq/Wl1201x6GYWhQSooGp2RoiN0mW2L3rNOiRFWdTuzSC0/6Y3tEXYZ1gIwBI6VPPo5u/sRPyUhI6WLgiPYIR3/V/eiv4gv9FQAAAICe1u8Dq1LLTU2sN0aDBg/VgIFpShxwQbff80Xdctvn1Fh9VPUNLlktVsmSoCZDSkiyKCdnkHKvvUbyetTcUCd5GnXgL2e1+CdvyvHpvEA9ouPPebo678Taa49PZTyoUaOWd8NKvFJznYz6C/JcqlbTxd2ynnxH3kGZsqSPkJE0SBarTbJGk7XUf9sjquVtA+XOvEWWMwelpsvtz2yxyjPkRnkTh3YhUEF7REJ/dWXQX8UX+isAAAAAPanfB1aD74VivTFKGpCsMePGa2jaAI2/5WZZEgZICcmyJg2SYbVJFmtg+LRmw1Cz2yOvx5CnyVCixZDH69WIkSM1ctSoTtyUXZ03Ye21hz9Dy+v1qr6+XhcuXJDNZtPgwYN18eJFNTc3y2KxKCMjQzU1NfJ6vUpLS9PAgQNVXV0tt9ut4cOHy2i8pKaTf5S1arcs7gZZB9o1JjtdFsMlz+kjch9xyZOULmN4oYys66UB6WZbtl/z7t8ZcaAr3w8/r22gmj99tyw1J5VQ+XvJ0xR5RkuCvFlj1Zx7p7wDBncpA4z2aI3+qvvRX8UX+isAAAAAPa3fB1YlrwzD26nHWyXp5qLP6k/uC7JZPLJYrbIOGKSE5MHyNiWEBCoMGZLHI7kb5W1ulLxe1dS69aVZX9GQofZOPlp7Nd6Mtd0ewYGKv/71r9q1a5fS09M1YcIEvf/++3K5XEpMTNTtt9+ud955R3V1dSosLNR1112n9957T+fPn9esL92l5gOv6WLF75WRe4Os9nxZLBZZBgySJWGAEgbnKMnrltv1FzUd2KLmQSNkjPk/kn20ZG3769If2yNahiRj4AhZCoqlpiZZT+2Vmi4FRUEsUuIAee35chd8WW779fIa/iU7h/aIjP6qu9FfxRf6KwAAAAA9i8CquvbiiBzHp9U4vkjV584pLeMaJQwYpITUwS0zBF72a8hIcJs3T9YEuQ2bUodfr5ucU2N6CUxona/OG7H22sN/A+pwOORwOAKfT58+PWS+L37xiyHL3HnnnVJTrTx/Wi/r6T8r89M3SoZXFm+zZLHK6/qLLClDZVhtslgssiYNUlLOjVLlbjXv+YWMv/2qNKygzWBFf22PqMuwJKh52DgZN39TtkGvy1q1T5ZLZyWvR0bqUBnDCuS+7gtyX/O38tpSuqnOtEc4+qvuR38VX+ivAAAAAPQkAqs+nc0YsdkS5Si4Ud5LZ+WuvyQlJishxS4ZkuFukiwW312TIa+nSWpqkMVilZGarU8X3qjk1NROZqpc3TdhkdrDn/3l8Xh0+fJlVVdXKykpSXa7XS6XS83NzUpISNCwYcNUXV2t5uZmpaWlKSkpSRc+qZH9498otfI3SnRMldFcK8/5k5I1QZbEFBlej9R4yQxaGIa8n1TJOvhTShx+vbwH35b7z5tlTFwoDcxqq8ZXfqf0oi5nVLkbZP3kuCzn/yJjYJY8+dMli02SRfI2y+JtlPXMB7Kd/4s86Tny2vPlHZQdxSPNbda483XtA+iv4gv9VXyhvwIAAADQU/p9YLXlDcKdvxFLHJAiq224GpvrlGRtVkJymiRD3qbLLekzhlfeBvPxREviIMk+RoMGZ3fhrc7dk5kTb9prD3+gwuv1qq6uTmfPnlVqaqoGDhyo8+fPq66uTsnJyRoyZIhqampUX18vSUpNTVXDqT1KPP7/ZEtJk+qOy5J6jRKGjpDF2yA1NkmyyGi+JHklWQxZklKk5suyJAyQNS1b1hPvyDPi72Tk/5+IL4jpj+0RXQFeJXxSqcS/vCVb1XuyXjpjBu+SB8sYkCZZrLI0XZLqamRpuCBZbfImD5F36Cg1j5qi5k/fLsOW3Ml6x17deEd/FV/or+IL/RUAAACAnkZgNegmrCsZLt6EJNV7PLK63UpKTlJC8hBZrUlm1pe88jY3yTAkiy1FxsAR8g4cLnMww84GKry6GrNcOmoPwzDkaajXgEvnlTN4kBKaGmVralB2draam5tls9lks9mUnZ0tt9utlJQU2RKsGmz8r1KSG2Ud/GnJaJTFWyfDapXhcUtei2RYzKbwmtl6kkWGp1Gy2GRNHiR5m2Q59Lq8js9KSYMi1Kt/tkcwq9Xaap6EMx9qwJ83y+ppkLKukydnvCyXq2X96z5Zqw/JIkOGxSpj8Eh58u+QkWqXpeGCrOcrNeDDTUpwHVXDjbNlDBwWKNNiscjr9XZQb9qjPfRX3YP+Kr7QXwEAAADoaf0+sNp9LPJYk3XhUrWGWKxKThsqrzVB8jTJcDfJYnhltSWq0T1IntRrZElIljmgIWJhGIa8Ho8aT1bqkz+WK3GEQ4lDM3T2Qq3q6+uVnJyspKQknT17VvX19crMzFR6wkUNrt8vW0qi/j979x5fVZnn+f6z9iU3rkKCASQxhi6Mt7K6BAnT3OLMdHWJ3VOD0DOgEc7pbg/MHJ0hvs5L5CiCB605L0KPPd3y0qkzYCg50yBTPS1WV9VpA0I3qKilZWGkBSMBMZAQ7rnsy1rnj7X2LdnXXHeS7/v1ykvZe+1nPet59n72Wr/9e55l5eVg4MIMXgFcGHiwcNmZX86fZdrpQ5YFGG7AwnB7MC78FuPiCayp3x/SNshGQeMaVwKNeF3jyPcUYuDBAAJTb8VXtJZr/tO0+b/EZ16hwD2Tmyv/DZMP78Bz8u8JzPohFyuXc77rIzqCreS6pjLJu4ixnltwufMx3LlYRjsWAdoD5wkEOxjrvg23NWaoD3sY03g1GDReZSeNVyIiIiIi0l8UWKV/MsBsBp03rvL1Vx8ztWI2N00rx2uAGeik6/J52r78FJ8/SMHYUlzQp7l/lhXKVBppWS6J+yM8tdYwsFxuzI4bBDo7CAZNfD4ffr8fgGAwiM/nIxAIEAgEcPvO4HW14/YEgRuYpmHfgMfyAG4My4Vl2UEjEwOCJlYQJxHMBYFODMAV9GG2NGAW/27PWo/C/ogWoJOvr/+c8x1HKXDfjNc13s7UsgJ0Bi/SGWjFb93AsoK4jBxuyj3E9xbXUFTxRzTfPJZP27ZxqeufsCw/huHBa4wh31NInqcQAzuzzGdeoSN4gWkFi5g1bhUuqyBxrUd5f6RH41XfabzKLhqvRERERERkcI36wKoVugN2HwIVlmVfDgUscLsNjGtnaPjVCQqmV3DT1FJ87de43PQ5uf5WxkyfxXW/SY4niNdl4HL1PgtsJK7Jlqw/8vPzuXbtGoHODigYg/eBf4U3GMCNyYQJE8jLy8Pr9eJyuZgwYQI+n4/8/HxyO9pxeUwM9zgwunDjw4UXy3BjWS5wuTAtA4IuXBhYBpiG5WSCubECNzAIYLkMjPbzCd8no60/ormNfNxGDh2BFjoCLUnLDFqdtHZ+woetW5h/y3/m6NlH6Ai2Ru3TR5flo8t3CXxf9ni9x5WPi9yUn9fR3B+pytB41T80XmUXjVciIiIiIjLYRn1gNTpDpDeBCgvoMA0u+lxc9MH0Tj+l026hYHwHzRdOc/pcI57cfCZOHMPNk6bgw8M/Nl/jfMBgxjgXJRNzuSnfgzuDgIXR+6UOh4HE/XHTTTdx/vx5Wq/dYFJ5BcVGpM0mdyulsLAw/P/egBuXK4Br4p0YN/8B5jf/E6OjBcvsAsDEi8u5mbNpucBt4LKwp9eaBkbwGobLxOUxCMap12jtjxDDMHAbuUzMmcmUvPvwm9fpCLbQGbyYtOSg2YXPvBoTpIjPIM89mXxPEV5jDBO8t+EyvHZ+V5wfNVLwAAAgAElEQVQ6jfb+SPVqjVf9SeNVdtF4JSIiIiIig0uB1XB2i5lxoCIAtATcnOp0802nh7LxHgpNFx4rn8Lp0xhffj9Xu3zgMijIn4TX14bnxgVKJ9/Ef3+vna9On2P29HEsmjmR704bx7jc9LojdOfjkTltMHF/uFwupk2bxvnz58PZXW53zzte9+CD8S4PXDuOVfoIfOcJjOufY7Sfg6AfAzfWxV9jdVzCcjsRCydYYZlBsK5DDlgBF1b+hDhTfkdnf4S4jSC5vrPc7sulwr2IG+5OzuV18Hn7O1zxNSYs2bQssAxMM3m73ZQ7k4r8hUwLFlBALlYX+I1v6HRPtzP3utd4lPdHIhqvBoLGq+yi8UpERERERAaXAqvE3kk4XV0YfO5zcdbM4bLpoh2LMreBZ9ItWFeCBL35dHpuouPcX+IKnsY3diG54+4nf9KdFHgn4+YkX164wrlL1/lt82V+eEcRP7x9CpMLvGnUl14FVoaLZP0xbtw4TNPkypUr3LhxI+XdlgGumxaFVh4e/znMr/6K5rHL6fCU4XHfRo7Hz0R/A3nWDXvarduFiYGFy84wCnaAuwsj18D0eAlO+p0EgYrR2R+GYZATbGHs6T/He+kgRuAqBTlFTCj6V/gn/2veP781Ybmmy8SyIOhP3m7fuWkJFReP423Zj8vfiuWZiG/yA1ilG2gnUeBodPZHIhqvBo7Gq+yi8UpERERERAbTqA+sRtZkS/81AeDDgJt/wkNejpt2y+KS3+JIyw1cN43ne0X3YLR3cv3c20zr+n/IG3OD9o6jXLnxPdoKfoA1vop/edskblwp4sOvWznVepXdH3fiD5osvXsqE/KSd8tIvv5K1R8ul4uJEycyZswYOjs7CQaDKS9IvRRgXi2BjosY136Lu+0ilztvJUgBE3NvMCH3DAbXwOXCsAwMt2HfFMb0Y7o6IA8sjwszt4TgxFkJ6jwypfP58Ppb8Zyrxwq223cs77yIt30fJSW/4B86/1PC1wWc7DJ/ZzBpHW7J+z6ephchcAUTF3AVT8ev8Nzyv2MZ4xPUeWTKtvHqR3cVc1N+8uDqaO4PjVeDS+OViIiIiIgMtlEfWIXYG16k4yvDw69dHgrzvVzusjhvBQl6Da4EDfZ8c4PPL5jcb53ntkt1TBxvYAQt8rznGWv8f1zv/JhL19/me7l/xK0LHmB9ZxdfX7jMhWs3+JvfnGXK2Bz++cxCcj2uNOs98qTTH16vF683dbacbSLtrgdw3zhBjusGU7zNjHO3YOLGa0AOBobhAlyAAVi4jSCmy48rx8JwG1geFzemLsb0jkvY8KO2P4Im5jU/EN0fN8h1TSSQJAjhN4JgkXQbgFxjPNbVdqyY8n1gmuBOvJbiqO2PbgZyvJqQ5+HB26dovNJ4lTU0XomIiIiIyGBSYDXqDsLpBCquGm4OmW48+V46MThjBrhmmHhdYOQa+Mjhcmsz/qtvc7P3c8xb/k+srnO4L+4l1zpHTu4FxufVc/H6+0wY++csvv1eXr/WQfCGj6bWy/zsk7NMH5/HPcVjMYzEN4ix13kbiVdimfVHOrq6umjzfQcr8AdM6jzI1DFXGOPxYefyGfafFQw3p2EvpYfLDZbLwHJZdI6/h44pi7DsK+Me+xjN/WEF3VgdY8AKRB5z5+EPduLrSDz1OeBMrU22DYA/0IXZNQEj2Bl50PBimS4sV/x6jeb+iDbQ49XffHKG2yYVaLzSeJUlNF6JiIiIiMjgSp1mNEqkc01sASdxcSXHQ77HzbdBk2YrwDWXyTWXxXW3iTdwjUktxym5+nMKggFcjX+HK/8eArf9FwITqqGzkJyuIFPG+BiTn4vp8UCuB1wuTH+Aj05e4EDDBa77kmfFjHT9mb3z5Zf/xEe//oyxs/4NN6b9KV9fLaQzmIMdpAC7Zy0M5w/DwnBZGG47WBHMn8a1qf+GYO5U+xbOo1Cy/vB7JuOf+M8w23Mx23Mw2/PwTf9X/Pbs3+DvNBP/dZlYppV8m06ThvN/j7/4h1Hl5+KfvAi/a9yoXZcwW8ar3zS2arxC41W20XglIiIiIiKDZZRnrEbuHmxZVsobi3QaLr42DFxeN37DohWTay77ctdjWLjNABO/+ZqpLYcoHn+RwKznMLrO4Tr+n/FM/A7m1B8QHPt9aH6Nq2YJv71xF281NoMFlmlhmCZ+v4+Gc5dpuVbMGG/8uLfL5SIy1XEkXahl1h/pav72Wz7++GPOnD3LH/zg9/FOephzV/dROu48biMqIGTPqsUwnNCF4cXvmcqVSf+azvw7sJOKetZpNPeHYRh05kzG/d3H8eTNgKvn8N1UQsfMf85Hnz2TdD3CoNfEMkm5ZuGvm97mtllPU8AYvJe/wZo4g+CsJXS6xmKZPTPARnN/ROsahPEq4A9qvNJ4lSU0XomIiIiIyOAb5YHVkPSmcV4KwiXDINdw0WlZXDJNbmDhcoHbgoKLF5jw1Yd8J/ApBZ7xcPooxvS5mOX/G1z6GFfjX+POzaOrK4fTOf+CN85c5WqHDyvgx/T5MQMBrKDB2dZrXLrexa2T8uPXth+nnWan/j0+w3DR3n6Dc2fPsm/fPub/3jzavX/AWNfHTHSdxQp0EjTBtOzsLrcbXN4JdObfyfVxC+jMnwVG4vURR3N/WJaFLwjBCbPIXXAXl65/xYkzv6Th46e5dP100tSxQJ4dBAl0JQ9InWv5nN1dm6goWcJ3fvePmZBfQleXn2AwfoBjNPdHtCumxqvBofEqu2i8EhERERGRwaPAKpFrqVQXNwHTwhcw6QoG8RkG14MWHZaFC/B0djLunz5nZvN7lE25iOfWZeB1Y359CJc3D+vmuzALS7C++RvOdRVziBl8cO4qVnsHwWs3sLq6IGhhmAZuC4wkF4f27M6ReyGWbn+ka+LEifj9fnw+H/6An48+/pTvfvcecnNnUpjTjMt/ha6AgS/owufrIth5g/y8MvJu+j4u79jYSsWh/oBAIIDLD43n/pFjDa/T0XU5ZblBv11ewJ8q08+kufUE1663kp8zifzpUwkEAgm3Vn/YgqaJz9J4NdA0XmUXjVciIiIiIjKYRn1g1bIiGSOpLownG0FmBXx8csNFa46H9oCJz7Tsle/aLjOp8TPuNU8x+fp5XL/9e5j5z7BKH8DsasNqPYnL18a1zhw+67ibv78a5MrlqwSvdWB1dELAwuXyUDgmnwXfmcLU8XlJsm6MqDsf93eLDK1M+iNdt8yYweTCQr5ubKRgzBiampqYMGEC+QV30GH+DpevXObKlSt2MKMrl65OL+PHBym3LlE8NQ+3252izuoPAMs0yPPehMfIxzJTByrsG7bEna0cl8c1hlzPRCwzedBE/WGbiDXg49WkgjyNVxqvsobGKxERERERGWyjPrAayhRJ56I4z4DvuYKM93fwsd9Nu9/CZZpcMQxMXwAraBFw5WKZBq7TH2M1n8SY+h3M8rkw6U4CX/2CxtYc/qGrkJM3/ATaTbymwcSCAiZO8DB9fB6zS29i7m2FTBqbk7jGVqjO/dMC2SX9/kjXxIkTmTu3kuZvv+X69ev4fT4uXrzIxdZWvmxr4+vTp7nU1obf78c0TXJyvNw85WbGjBlDYVFRGoEK9QdAMBjk5kl3UTz5Dq53tmCaibO0MuV25TCt8B4mj/9Owim1IeoPW+4gjFffmzGR35tZpPFK41WW0HglIiIiIiKDS4FVIJOLsbEG3EWQW6wg893wtWlxNghX8/K5XPw7/M/fnqE1UMDvjf2GkkAzRuOHWN9+iVU0nauuXH595S6ujZ3C3BlFFLjdTMhxMyU/h2kTcplc4GXy2BzyvG77viQJp9YaI/xGF/0brHC5XNx99z0E/AEOHKzn+rXrFBUVcfnyZT7++CO6uroIBk2CwQCmaXLjhp2S5HK7cLvdKeuh/rAFAgHG5EzlvlmraO+8xDctv8ZK2ibptZfLcDNjyvf53e+spCBnCn5/8gCI+iNioMerSWNyyM/ReAUar7KHxisRERERERk8CqwSmTaY7oWxC5hkwCQ3lLjAZ1kEcnK5Mfd3+WpiAR99+mve+6aR+ZMusGjsGab4v8U6f4qvPHdxZexM/ui75dx00024XeAxDDwuA6/bwLAXWwMrxeWdc+fjkSnz/khHbm4u37/vPm6ZcQsXLrRQduutXL12lebmZk6dOkUwGMCyLAzDYMqUm/nuvfdSPvN3cLmMlPVQf0T4/QEmj7uTfzlnI598+d852/IxHnce48dMZWz+FPJyxmFZJpeuneHytSaCwQC53rHMvKWKiWNvwTAMOnxXud5+nqs3mgmYXdxafD/33LaMgpzp+Hz+1DVWf8TQeDWQNF5lF41XIiIiIiIyuBRYDevdhY3XAK9hgAvGTxjHzbO/z10Vs/jseAO/eO9D3j5/Mz+cepFbx7Tz7tUyim67lVuLJ+Nyufq5/iNN/19oer1epk+/hWnTpmMYBhMmTuThZcu5cOECFy+2EAyajB07lqlTpzJu3HhnSq3R7/UYntLrD8uyCPgt8t0zWHDP/wGuLlwuD24jF58vgGXZLZqXn0PT+WPk507gj+b/ObcWz6Or0wfYGVw5uW4CZhem6ccK5hHwW2ncNGY00XiVXTReZReNVyIiIiIiMjhGfWA1+mYXptn3CyHDMBg/bhz/bO4c7rmzgo9+/Sm//PQ4OZ0Ws36nnDtv/w5An/ZlGC5CmTkjTX/3R+L92G2Xl5dHSUkJJSUlcbdJp43VHz2ZpkkgAIbhxm6bjpjnOzv9FI37HoGuIDePn82Vyzdinu/owMmI9GBZqbO+oqk/0qfxqm80XmUXjVciIiIiIjLYRn1gFSIXY/1t3LhxLFrwe3z/e9/FsizGjBmT8sYi6ejvaafZZqD6Y6CoP5K9NvHrurq6ev3aVK9Tf2RO41XvaLzKLhqvRERERERkMI3qwKq9Rh1ElgocmIubsWPHxuyz7+z1DcNrHI4Qg9Uf/U/9kV3UH32h8So9+nxkF/WHiIiIiIgMhVG9cF4waOLxuHC7Xbhcw+eixjAMXC4Dj8c1oNNPB5v6I7uoP7KL+iO7qD+yi/pDRERERESGwqjOWHW77Jt95OZ68fvtG1WYpkm2JroYBrhcLrxeD7m5XsDA7R45Xaj+yC7qj+yi/sgu6o/sov4QEREREZGhMKrP4seOHcvVqzcYP74Ay7LwePwEAsGsnUJoGAZut4u8vBwKCnK5dq2DvNy8oa5Wv1F/ZBf1R3ZRf2QX9Ud2UX+IiIiIiMhQGNWB1by8PLp8Pq5e7WDcuDzy83OjLsSy7WLMXoPN47FvJnPtWifgJj8/f2ir1Y/UH9lF/ZFd1B/ZRf2RXdQfIiIiIiIyFEZ1YNUwDMaNHYvP5+PSpRuYZjDr12YzTRO3y01+fgH5+fm4XCNnmVz1R3ZRf2QX9Ud2UX9kF/WHiIiIiIgMhVEdWAVwu+0sEWWKZAf1R3ZRf2QX9Ud2UX9kF/WHiIiIiIgMNqVHiIiIiIiIiIiIiGRIgVURERERERERERGRDI2AwGoze5cXkF9QQP7yvTT3W7kfsLXfyxyMsrPf+1sLyC9Yzt5sPfjmvSwvKCB/6wcJnl5OfkEBCZ7Obh9stT8rcf+28v5QvTdTtPnI5bT3gBx77/tyWL/HB0r0ZyemYaL6sGAr72dYrNo66ju82/dCqG3yCwpYntEXRnSZPf+W720esnbP+u8/ERERERHJyPAPrDYfZu9+5//37+WwLlYkyzTvXZ49QZM5T9HR3k5HezsHNwMsoe6rduexp7h/qOs3ID5ga7b+iPHBIZ4N/f9zhzIOyskQ+eB05P0U3YfSR/s53RT6/2YOh7/cM1XMsj3OuPbV6zwEsPlgeOzbs6y4X2qbbbLqu0ZEREREZJQY9oHV5sN7eQt4YfNmYD97+y2yOoen2tvp2LOMkXkJJr1VvGwPHe3tPDUn9bbNe5dT9lhvgwNDYaS97z9ga8GirA18vX/oOWAJL2xeAjzHYQVFhoeoH/GaT38ALOGhJUNaoxHj2UOhD0ETp/fDQ0sGpmEzGceHg+H3XSMiIiIiMjIM88BqKKNlM/OfWsALwFt7D3fLTIueptlzqqY9LS/yF8n26D6NNnZq4datW2OmJ4anFe51pjT3dTp1c1Q5PaYrJjgm5zXRUyZ7THeMmQqerdMRu03jTDjtdmiOvUe53foq3O8fbA1f6D67aLhMc49938d9Xxds5f3otox5n/ei72J2vzV2P1FPxXxWu3+24vZtM3uXO0HV/Y9RFn48jXoMig84/BywZBmPPLKMh4gOKkXVc/lWtsadKp3q+eiiYscr6OuU5GT93H0adnR/dOu77ktAJB33ssNDmzfzUPhHPOc7aMkcwvE5tXUvbeaFzUQyt51M4DlzQi3b4hxr1Oe1D0uIxIzj4T7bGzU2LGfvB3sTjkfJvk+ilzBItIzB3icSPJ+0XxK8F4bld42IiIiIyMgwvAOroWUANi/gfuYwfzM9lgN4f+sinmUzB8NTAp9jUdTFyKLn4IWD7XS0f0XdEnh2UfwgS/PeJ6jeH9m29IPn4lbp2dOl7Glvp/H1JbD/MX7am+ub5r0sv+0x3nKmLja+voRnF3ULFi15ncbux1Q8n2VL4K3HfuocQ+ii/3UemWMfb/6i53jo9a+cqeD7qb5tqIJKiTSzd/ltVO+P6rPnFjkXntl47M3sfeIx3grV6eBm2P8YT+xthjlP2e8DnPfNME6Ninlf8xyLtpbSGPU+fyLcP4n6LsVnMWT/HGriPP/+1gIWPRdatuAgL+x/jLKoz3H8vi1m2Z6DvACw5HUa2/ewrDjNegwGJ3D00LL5FDvv37jLAez/gNK/CI1Rcd63qZ4HmPMIdUuif3iKBHXnZ5yanKqfo55rP8gL7Kf6ib00U8z8ZbHjoj3jYAl1j8xJMe5lkdJS5gBvnW4inFW5bAGloefV1r1WWroE+ICm5lAm8GbmLwg9W8SypzYTndkdnrGyoH/G1rf2wiOhcZz9VC86bY9HB+39Lko55gDNe3nisf1Rz8Fbjz3RrW33w7I4z6f87k/wXhhB3zUiIiIiIsPNsA6sdr+oun9BouUAnmNRQQFbm5axp73nRYed4dHkrMkWb53JqMzYOQDFzgVeT6G6FJfa//3gdOZXqt2Pq3j+sqgMKWftuD2l/LSggPzbHuOt8Cudi+nQhacTeH5o2XyKiUw7XuZc3dvtlWXTj2OC5UQCpnsP05zNxx7KiCx5akSu4fdQaQkQeV+H2jX0byBF34Uk/yxGXmsHr+y1LLsHppwfUZwgZO/6NkU9BkFsvbu9f6OFjzvBNqmeJ+q50A9P0UHdTCueop/vf6qdjvZHaFpeQH63ZRjssSyUmRv68cOuf/JxL5vMj7z/QlmVzufDprburZJwPT5w6lsaCVgDzLFnpsQcU/h7uR/MKbX7qKTUWZfVaffQvx3pjDlvPXYb+cv3UvpUOx3OjzoRkdfawWR7bdmk/ZLW+CoiIiIiIoNtGAdW41xUORc/0Rca9z/yeviC6NlF3abdOZlFADy3KMn0fTsrqcdF3gAL1TcUQLQzpEJTARfxwetfRW7M4She9lT4wjOUobQsJk1qP9W3OeUusrNuexP8HXCh/ii4jer9wP7TnM7KY48OskfKH2kzMeeUZhASitt3KT6L6dj/GGXOFFi7++zMNufJtPu2z/XoFz2zGENB6tjlAGKl+sEm2fPRQZrugaFeSdDP9rT326iec9DJooyuxDJqQkHJbj9+hMQf97JLKLOydutzxAvsqa17yflB5a29W+PWN+ZHle6Bxn7wUEyAPJUEY06o3SFqzMpsdkTSfknwXhARERERkaExfAOroYsqJ/Ms+iIkZjmAYicjLTyNOXpaXpw7B4enNUcrwU4qGdwLGHvZgai/p+ZEZa0cTJAVGbrw3MoTURlKEdF3gc/iOyRH3cE5fMf6bD32OU+FyzvoXFAnWlJiVIjXd5Dis5iG0HIL4b/oLLAM+rav9egPoTvJRwWLQ8GZuMsBOOzp0YkD3UmfD2e4PUFtr6emR4nbz6GA8es0JsgCDmX31T4R78ePBONelgkFTt9K9IOb2rqXQkv67Oct4r+PY4+p/5YByFziMcfOJA4tzwBkuNxI0n5JNL6KiIiIiMiQGLaB1dCUudA6Zh0xgZLIjUWib3ZRvGyPE/iaQ0lxt5tXFC9jjxMV63kx132KbTN7t8ZfY7U/xE7hjHOzJHCmSMP7P42eDm8LLYnw1n544anI3d27L5XQtxuqDJDua03GuzlJVh177M2e7n/KXqs3FGyJmSo/0iXtu+SfxeS6r5/crc2T9q3zo0hYX+rRf+wsxp4BFLsu3abyh9fJTDD1OdXzYaEp6nbQqldT0yG9z6jzI1Tz3q0x09OB8HTut/bvh81PhYPjaY172SK0VAWJ2lFt3Vul4Q9sgvdx9DH15zIAGUg65sTcvGwOTzk/2qaTDZu0X1K8F0bVd42IiIiISBbxDHUFeicUQOiZgRPOJNp7mOZly1i25ytYfhuLCkKB0CXUfeVkeCzbQyPLKVtUEL4gfej1r4iXtFO87C+o27uf6kUFPMsS6l7fDPv7GFzd/xhlBY/FPPTQ61+xZ9ky7GovIv+57vVaxl+8vpe3HnNeu2QzLyx5jmc/OE0zc+yL99A6dN0vOuc8RcdByF90G/nObl842H3tt8FiT6Osjn5oyes07onTZ+GMrDmDe+zPRdo/5IWD7TwS88gcnmo/CAWLovpyMwfbl8XWZ1GBfdOtPct6F2AZFoqT9B3JP4sp3P9UOwcpYFH4PbOZg6G2TNq3ToDLec+8cLCdp/pQj/7hZBrGCQqFsvGePfRBZBxa8jqlhwrIX5SgrqmejxIeH9Ocmv5s1Nho28zB9qeS9vNTBzfz7KLnnOc288Lm/Tz7nB38s/cYyizvlm1YnGzcyzahYwi1Y+KlF9TWmQm3W8Ip/pFj6s9lADKSbMwp7vkcmw/Skc4XbdJ+ST6+jq7vGhERERGR7GFYlmX1Z4GNjY1MLe796bz/lSoAvGvr+6tKA8O5K/ALB9uz4mJUREaaD9hasChJkCTV83GE7jquwMvAU1sPmPe32uss6/u3d4bNeZaIiIiISAa+bW6mrKysX8usqalJuc2wXQpgsNlT/SI3ubHXMlxCRve6EBEZQuElVHo7NV3SprYeKIkzvkVERERERAabAqtpuv8p+yYUbz12G/kFBZQ9tn8Ip9GLiGTCXlu27LH9sOR1/kID1wBSWw+YD7aSX7CIZ4EXDuqmTSIiIiIiMvS0FICIiIjIKKHzLBEREREZibQUgIiIiIiIiIiIiMgwocCqiIiIiIiIiIiISIYUWBURERERERERERHJkAKrIiIiIiIiIiIiIhlSYFVEREREREREREQkQwqsioiIiIiIiIiIiGRIgVURERERERERERGRDCmwKiIiIiIiIiIiIpIhBVZFREREREREREREMqTAqoiIiIiIiIiIiEiGFFgVERERERERERERyZACqyIiIiIiIiIiIiIZ8gx1BRLxv1I11FUQERERERERERERiUsZqyIiIiIiIiIiIiIZyrqMVe/a+qGugoiIiIiIiIiIiEhSylgVERERERERERERyZACqyIiIiIiIiIiIiIZUmBVREREREREREREJEMKrIqIiIiIiIiIiIhkSIFVERERERERERERkQwpsCoiIiIiIiIiIiKSIQVWRURERERERERERDKkwKqIiIiIiIiIiIhIhhRYFREREREREREREcmQAqsiIiIiIiIiIiIiGVJgVURERERERERERCRDCqyKiIiIiIiIiIiIZEiBVREREREREREREZEMKbAqIiIiIiIiIiIikiEFVkVEREREREREREQypMCqiIiIiIiIiIiISIYUWBURERERERERERHJkAKrIiIiIiIiIiIiIhlSYFVEREREREREREQkQwqsioiIiIiIiIiIiGRIgVURERERERERERGRDCmwKiIiIiIiIiIiIpIhBVZFREREREREREREMqTAqoiIiIiIiIiIiEiGFFgVERERERERERERyZACqyIiIiIiIiIiIiIZ8gx1BfruBD99fBuHEjxbtmIL6xcWDsye33ic2kOwYN2rPDJrQHbRB4nbpXt9Mz+OE/z08Q+Z/epKEm8e2v8Cal5dyazWd3lpw24ay1bw4tML6X2PtPLuj38Cf/I0Cwuh9d0f88zuxgHt5wHbR6hNQv/OsG0G49gh3vsjtg+kL7p9Toa6Omlz6t3nz7OIDF+JzzMG+nsp9P0X+l4a+POxYTZWdz+/iDYMx+3Wd3/Mf+VPBvQ9JSIiItJbylgdhQ5te5yX3m0N/3vWyld57dVMgqqJA9kRs3jk1Vd5rV8vQFp598cbeCPqSqFw4dO89uqrw/Bk+wQ/7X7R07ibZ378Lq2JXjJEYt8fPftAREQkWuPuDTHnGQMts/OYUa5xN8+8cWKoa5G2UBBdREREJFuNgIzVkGRZBKFgUBkrV8zgjd12WNDOqCAqUBRVRlSG5coZu3nDiSSmzMI48QZ/ti0SdoxsHy/boedjsSeQZazcEpsVGMrKSH3MCbZx6te4+ye8e6dddo9Mj27HEMluiA6qHqL28UMsWPcqP2h2MicXLIBDh2ikjJVbfsSZDfGzO46/8Xjc9uyZcRKdFXcnx8P91MgbGx7nyIot/Ck/6Zm12T1TY8E6XlsZqkGkzVeuOMMbobaO2SaR4/z08d3O8Yf6Juq9Fe6reI91c+JDu5zwfp16NR7leOtCFhbGeb84/dLzPRivXqHuTtamCylM430eKWMLM37Wsw+GX1B7+El/XIj67MVkJXX7QST6/Z7mWBc99ixYt26AjlREhp8E5xlnLwKx3yM9t0/zOzn6e71sBTWVsTWI/a7rRZkL1vHiLT+LyYLtlW7nH7HjaM8fJsPPx/t+D52LdT9PCDdjGuctPaQM50cAACAASURBVLJTnTIOfciJlbNiz3fj1rnb98+CFaw8s5s3GiN9mPI8oxftEioret+NuzfwZ0edMhOep4qIiIgMvlGWsdoYDqoCNO7+CS/FnMwdorb7r/iNkUCD/c8N/DTRD/3dT/Sc7f/sjRPALGYvsPdxLPT6cHDtvjhBVae+G94gvHnMhYlT30wzHGetpGaBXfaZi3Geb32Xl7odQ7rZDY2HDjkXPZXcmejsNpP27I14098ObePPerTTocjFlrNNqno07t4dlakb6ptC7qwsAxo5ctzZQ+txjjSSvB0m30JZzH5DGb6ZT6+PX68M9eiXnzCIyUaSRKpxofXdH0eNC4288ZOfcSamhDhZ5oe29cwmS/IeiN0HHNqWTta6iEi65y7JvpO7zfBo3E1tWhmMGZR5aBv/9Wg6R5NEnPOP6HOcE2/0nO0RHmdn3ccCoPHo8XC7nPjQbrQF98UJqjp17nNWcIo6c+KN2O+fQ7szn7HSi3Y5tO3Hic9B+nCeKiIiIjIQsi5j1f9KVUbbe9dud/7PzqCM1TOzK/QruX2i30gjK3jx1ahfv88008qsqF+9I2WEAhyHPjzBI7O6Zwm08u7PnJPg7r/aH/oZ7/7+0yy8z87oPNPcCrMKu500t3L8aCPEyVD8H+/+PusXXuTYIWJ+lbfrs5tfnFiYUXbF5FvsQGCoHnElyIR45NV10D3LtjncuDEZcvGl257dFbLw6S3QLRO09d3YrU780j55j2RDhDIherZT97XZkrZHzPGFyjzEsRMreeTOSspoDGfntB4/ateh8s7E2ROFdzKvDBob7aUZnHdC79ZuS1CvlE0aW0i3DFwn8B5zAPH7INPPrERExq9EUo8Lv3AuemMyfKIvUp0fcHp8Jnb/khMLo99vid4DJ3rso/uPSHoPiIw+yc+/IgHBdM9dEn0nt777M/s7ssd3Xeo6pl+mfb7Wlwnnoe/+HueAP3uXHzy90F6uYGVk+9B5qD3O2j++HzoUmbVyzP7lndmzyGAc76ZxN888vrvHw2Urft8+f0tR54sfRs/wKky+dmsv28WpUfwZPguf5kW6rScfOvFLcJ6q76PRybu2fqirICIio1jWBVYHVhnznBTCUHAxHPxyMgh7nCwu+FH4RK9w4Y9YsHsbh5zga4xwluIKfhB+ahY/WFHGod3OifOs+1jAIQ4dPU7rwjtpPgPhk2YucqYR4l2gNJ69CK3NdhZanJPklAHBTIQCfoe28WfpLn/gSBpIDIluz1BAMl579krkQuRfh+tbyMIfLeCNbaGAdrgiTrvDLCfgnbrqoaCxk6XaGApOh9rMnlrH2Uai32vxFbLw6VcpjsnkOUTt42cSLx+Qcb0yKCScXRspQ7JBmuNC1LgTHqec7VrtgcbOno8ZOs4Q85FI9B6Is4/wWNZ/ByoiI0g4iJby3CX8ioTfyRfPOj/sxPmuS1GLDMqMnK/1VqjMyI+ljsazRP9OmWjN0FAdjxxvZWFxKJDqBEBTjeNpf93HBjCT17nVOU+NOp+J+lE4XanaJXTcb2x4nDeAlD8y9+E8VURERGQgZG1gNf1fHkOZkQN0p9YeGawJFBYzgziB2RhRGQknsAOxzjIAqeuQWPQ6ZukIneTOKI73GjvgtzBq2lnMulZp7yWBdNsTIhdkaZvMjLjR8f6ROFgZusg7xLET92FfDSVZBiBKJIMl1N72kgILF/bcNnRhlX694si4TVNTlkDPDJnMx69eSDEupOb84DO5T4UAeg+IDGd9H796d/5ln7uMBnbwk19G1iJ97dU4SyRE/fj+7oxDpP6BFsLjeKLNuq+nHj7HSFWuU+feSPs8wwkKz1rJa6+ujAo4R9bwjz8bK8V5qr6PRhVlKIuISDbI2sBq1gjfTIjI1LEZxRQCsZcEoaBe9PS20BTaMmY4wYvwL/PbnGyJ+2Z1e32iC5QTduC2rwv0t77L/4ieXpaQvebnI+Epd5F26JPo9nSmh3Vvz/BUvdDzaSukeAbQGJom7UyXc5ZosAPJvb+Qazx6nNaF9jREe3p2JDgdyr49tG0bkDp7N3QBEcmySJQtE8pGiewzk3qFS+l1m8rQSnNciBp3wuOUo9D+UCTO6El18Rz60SjJPkRE4gqNHwnPXVL/uBSaYRSaOl5IZHmS3hrIMuMHBE/w05hzr1A2aLTQj+/OOqZRP9CmHMdTKVzI+nVne9y8NHmd4YQ9+EeCsSd+mXAJhkTnGan2Eani07y2kPBSM6mXiRqg81QRERGRDI2gwGr8Nb7sNZj6kpLVGDU9ySnyvngnepEp5z2mO0VNf4+dQhsd3IxkPXY/DvtkNHLCHTudLsmd54FE7RKaXtZDnBtw2S/onoFpl1u2Ygt/mmjXcSVuz9DJd8+pbgnKWLCOF2+JfWbW76+g7NDunmXELNHQSz2mMkb1X8z0uNRZJuFlEHoca+S1dkCtZ3tlUq/02zRTkT5IeVdiSUO8z6kdTE01LoQC8uFxp6wsdlmT0JgT5zOR3o80cfYhIpKW3p67RISXN0mwXmhvxCuzrCydOe6Jx+pZ4R9Yu58DrotaWzXBuaojfA5Dtx9o+zyO49y89BC1hxp54yfvcufTC6N+FI5X51nhZIBk5xCpzjOS72NywvVyu59r2+UvoGYd1KZ1nioiIiIyOFxDXYGsV7aClQui/7kl8S/us1by2roFMQ+VrdjSLfBkX2QAPZYBKFz4NC+uKOvx+tD+Zq18lZrY4lmwLvO7yC9Y92rijIc4xwALqHk6dh2yXkvSnoUL/4SVUUUvWLeO2JrYweukCheyfssKYmq4YB2v9cMyBmUrVkTVp4yVW6IzCJ3AOKR3ch+vnjEXmoUs/JPo5xdQ06NfUtcrdZtmKo0+kH6ValwoXPh01LiwgJqnf8SMmK1n8cir3fs9+jOdXh1qYj63K/r4PhKR0aLv5y6zeGRL7Pfhyr6ch8Qps2zFFv60so9FxvteL1vBiytn2ftbtyD2cWfbQx9GZe06P9L2/IG27+M4wKyVThmNu/mv77amqDMwa2XM90/ZinUx5xT2Yac4z0i6D/ummN3LjP2O+1FseSnPU0VEREQGl2FZltWfBTY2NjK1uLjXrw+tlTPka/aF1qPq69T7OELraqWaFiXDS8/p/TJa9H6Nwr6K3B27x12bB2DsEpGRZ+jGryEUnp0TWWZF52bpCH3nDNB9DUQylDXXjSIikhW+bW62ZyH1o5qampTbjKClAIaLyJ3rk69xKsNLaH3TdG42IdJfQusK97xbdKp1fkVERq3JtzhLpnSfmq9zMxERERHJjAKrgyhyx1NYsE6/9I8YUevSlq34E904QTj++ef9Us6dd9yRcptZK7ew8ky3NeoWrFPWtIj0yrXr14e6CgMv7/v8+zWN1Gw/GvVgCUs3/BHTrl/n2pBVLNu10xkE8NOudpIskDfUFRAREUFLAYiI9Fn3qbT/tOgv0wqKJnP888/7XIaISCrdx6/O6r8dopqIiGQmr+4PAV03ioiITUsBiIiMMO0f/rBXryu47+f9XBMRERERERER6W+uoa6AiIiIiIiIiIiIyHCjwKqIiIiIiIiIiIhIhhRYFREREREREREREcmQAqsiItmqpZ7nq6t5vr6l22M7aEj5uhTb9LpKm3h0x0CUnLz8hh3d2iGlBnZUV/No+C9Ve7TwzqZq+n5o0eU0sKN6E+9kUm0REREREREZNnTzKhGRLHdq534aqlZTke4LWk9zaoDqUlS1kV0DVHZiLZxrAkrTf0XDjpeoX7yeXasrnH9X8+KmUrZtrKJoYCrpKOKBjXX2/7Z8y2mgZED3JyIiIiIiIkNFgVURkaxWzqpV8OKOhnCQMFpL/SbW7bTDqOWranm+qpUdLx0A4MUdc7u9poV3NtWwMxR1LV/lBBob2FH9EvXOw1Xr61hd4QQjDzgPOkHKlvpNrDu9nF2rKyLPly+migOwvI7VFQ3sqN4Di6H+wCm7/rUbeaAIO5O2ZqcT9F3MM3VOsLhhB4++dAAop2pxzxZoqX/FrvOpV3jn7o08UBRd36hyoo7zXBOUzy8MP1Kxus4JCNttcHh+Lc9XFdn73lPKto132xu+F6pLqB0Sb/+bTTU0lSym/kDP7ZuW11Kyxz7WU6/Uc8/GqeyP08YiIiIiIiIyfGkpABGRbHf3ElY17ek5pbxhB+t2lvBMXR276tZTurOGHQ0VrF6/GFjMM90jdy2tTFtbxy5n+6pTh/lNC7TU77GzO+vq2LV+MfV76mlpqeevDywOl111oNv+G3bwYuj5taWcjkmRPcXp0rXsqqvjmcWn2Lm/AWhgR81h5tfa+9+2qokXdziPv3SAqvV17KpbS0lTz1zboqq1rCqH8lVreaCohXc2vcTpVbWRcjbVE9s0RTywdhXsrLGXAejxfGL1TaVsC7XDS6mXU6hnrlOPcrvdutWhnHJWra2CeG2cZp1EREREREQkOyljVYYNl8uF4XJhAEHTImhamBZYznNul0GOx41pWXT5g3T6/HT5g3T4AnR0+SmZMoGx7sv4L32A4RmL4R6D4S7AcOeDKw/DnYfhysFw5RD0XcHlHY9lBrCMHCzLwLQsLNPEsqyhbgoZdYp4YO18nt/fwANLIo+2fNsEi5c72ZoVzF0Mf/1tC0xNVEwFFTFZq+WsAorunk/5zpd49ICdSblrI0AL88t38mL1ATtbtW6jvU+nqIb37McrAIruZn45NEXtqnSqPeG+sLQcTuNMiz9FfU01O8NbvUfDXKhnMc/YBXHPfGf7hFppOlXO/LV2+XbdT9MKsVP8i6p4vq7KruuOatZV73Sybgt7lBitfP7ddjkVc6liD+dSRD/LS+3yiqYmn/Afv41FRERERERkOFNgVbKSYRhguAiaFm63C4/Hw8Wr7Vy63sHVdh/tnX46/QE6fAE6w39+On0Bgmb8wOfyBXdQkNPMjS+3pVUHV14x7rzpuPOn4xozE8+YMlx5xRjemzCsIKYZwLS8WJaFqYCrDLSiKv6YanZ8tqr3ZThT7qvW17ErNGXfKfv5uirn+Wo70Fm3mgc21vGAs0xAKCC4JPkeUogzbb9hR59KTEfF6jp2Lann+Zr3aFjdtyPotQRtrNUAZHg5yZs12zlauYbah2dGPd7GkZe3cO7BWmIeTqfEN2vYfjTOEz32MdjsYzo2ewNPzps0hPWI1XbkZbbsg6UbnqTP1Wo7wstbjjF7w5PMI+r/k5Xblmy77GwzERERkYGkwKpkhaAFN7oCeD0exhfkcqW9i7Otl/j24jXOtV2n7VrHoNfJ7GzG7GzGf/mjHs+5cgtx503HyCkit2gxOePvwPCMIRgMYllugqaJZZqDXmfJLgX3/bxfy6tYvZ73ql/iFPZCpEVTS2DnezSsrqCCBt47AKXrU9yaqXwVSyqAhveoB1Zhr9P6V6zl+arV7Kot5fma0/Z6qK/Av9tYxeq6Wko21cRkpFbMXQwvOftu+YzDp1LcW6poKqXs5K/rl/B8VZG9Vuvh+WzbOJcqXuK9htVUVLTwm8OnUtztqZCS8lMc/qyFB6qKaPnsMKfK5xObh2oHg0+vctZFDR97KYUUQQmcOm3nuDa8d8BpBdupw5/RUlVFUcN71FPCM0XJt09X3DYWGa6Ovs2Rqn4I7IV0D6K2HeHlLdt5897MA7UjWxtfHIPKSjj2RRvzFLwUERERGXIKrMqgM1wuLAu6ghY5XjcGBt+2XuXbtmt823adb9uuEwhmd1DS7GrF7GoFwNfy9wAYnvF4xt+Fd/I8vBPuxZ03DTPQgWnkYAaDmAq0jirHP/98AEqtYMmqcupDc+krVrNt1SbWVVcDzs2rKoCWUsrZ2fPmVRVzqTr1kjMtfhWryg/Q1AoPVK1l/qYaHnXKrVpfR0UR/Lv5m+xtwZ5GXwEt30b2/czianupgPLFVJWnrvvq2lU8XxPaz2KeqauiCFi9frGTxVlO1eJ4BRUxrQRO7XRuXrVxPU3VPctJvK/QdqspAormLoaXnCzcxbF3yyovOc1fVVdzKtQOAEm2T6poKqWcYucr9WzbGKeN0y9JJKuUlMC+XUe4/cl5DEhob9I8Hqzcx/ZPTvLwTEVWw07Ws4/ZbLj3HFu213Ny3sP0qXUmzePJ2nn2/7f1RwVFRERERh/D6uf5y42NjUwtLu716/2v2GviedfWp9hShhOXy4XPBMu06AqaNF24wrmLdiD1anvXoNRh+YI7mJrzNVd/8x8GZX/gwjPhbrw33W8HXCfcRTAQIBg0FWQdYULjVsioG79a6nm+5jDzazfyQIqEWRHJLt3Hr87qv02ytb0UAGvWwPbtfLM0NOW751IA9pR1J8+9ZCkbEgRhT75Zw3Z6Tvvv/njS8tqO8PKWfU5WfUnMNPmYpQaiMmNPvlnD21TC0aM0hcqLLqekkkqO8k1oWvvJN6kJF1SSZCq+3Rb7win+layptQOgKfeZtFzn9dM28OS8NqcfnPY++Sb2P0OB1m5T8mPqDiWhfku2FEBMvaLaLvSapdPZt+9obHlxlgJI1P4i/SGv7g+BUXjeJSIicX3b3ExZWVm/lllTU5NyG2WsyoAxDIMOv0lBfi7nL93g06+aOXH24lBXaxCZBK58SuDKp/Y/DQ85U/4l+VP/kJxxv0Mw4CcYREFWGZ6c9VpDylfVKqgqMmrM5OE1ldQkypo8+SZb9k1nTe2TzHSCbVvenJJ+UK3tCG8fhco1M+OUZwfrIuWd5M0t+5i+ppYnQ0HGLW8ypfZhJh15me3fLGVD7TwmOUHhl6dFgn5NR2FNbW0kGLlrHyzdQG04GAkls7H3sf0blm6otYOOJ9+kJkHGbtuRXeybvobaJ2cSCjS+faQqwT4T171nS53kk6MlzN4wCZhE1dIStoQyemfeSyXb+eTkw8ycCbR9wbGmEmY/Oil+3VNmu9ptEa5X2xFe3uIs/2AfBfuOzWZDba0TGN7Cm1N6LtvQFtP+dlu8fETrr4qIiMjIosCq9LvrXUFycnIIBk0++7qF356+QEdXYKirNfSsAL7zP8d3/udgeMkpqiJ36kPkjasg6G8naHkVZB0h+msZgDvvuKNfyhkQFavZVbd6qGshIkNl5sOsqaxh+5v3UvtwbKDs5CdHoXKNE7ibxLwHK9m3/RNOPjwzfjDv6HZqut3AqmTphnCg7uQnRylZuiH82plVSynZ4pR38hOOUsma8JMPU1sL0MaRY02UzH7UCX7OtIORx76gbZ4z/b3y3kh9YoKRwMwqlpYc5Vi4Rk3sqz/JvIdn2vt4Mn6zTJr3JLXhf7VxrgmYHbVB9D5PfsLRkqVsiBwYS0u2RAKk0U5+wtHKB6l1qjfp9tmU7Au16UzurSSydELbOZoqH+TJSfZxPxxV2bYL3wDT41c+chTMezJyFLSdo8dhPOgElWOWbYh+H7TxxbEmKh980ml/533wtt3+Cq2KiIjISKHAqvSLgGnRFYQJY/I4c+4Cx09f4PylG0Ndrexl+fFd+CW+C78EVw45hYvILf4h3pwiLNc4AqY+msNdX4OiA7NGq4hI/7EDnNt5894NTAs/2saFb6Bkdgahs8ruU/6n82A4q9Eur+noFmr2Rb+ohAttMMneWZxAnR3UnP5gmvVoO0cT04lsPokp4fjjTB6uXQM1UQHgRNPauy0ZUJLkZnxt9oGxJfbAKLnQBt2ClEfePgpNR3sEoEPZsNHBZj45SuW9D0deG7U0QUmyCsUcRtQU/pKSbvcULGFaVPUmTSuBcz2OjnNNcHR7DbFVrqQNFFgVERGREUPRG+k1wzDoCFiMyc/l3IUr/PbrC3x5Tnc/yJjpw3fhV/gu/AoML3m3/DH5M/4tZtBHwMyjn5dBlkH0iyZXr173gxJlLovIMDBpHo8uPcaWt+upjDzIlOnQdK534bNJ855kzbkatr88zVlH1S6vZHaCKeT2zuIE6yYxrQSO9QhSJtrxNEo4RmRzO6AbiRjP5OHaWh4GZ2r8dt68t/v0dzsA2mPN0US7tA8s4fqzkWK/4FhTZdQaqs7DR14OZ+BOmnQ7s0v28cnJe+FoJeG46sl69kW/1lniIKm2I7x9NGq9V2dd1YSbn2uK86jd/pUP9lwiQERERGQk6d1Vv4xuhgvTcNPut/j1qfO89vZH/OzIFwqq9gfLT+eZn3LpyIN0fPWXeMwLeN0+XG5jqGsmIiLSw6R5j7KUoxyNiq3NvLcSjn7CSSCcbRk9BT6FmQ+vobJpH7uOtIXLa9pX75RnBxRrat60/z3zXio5yieRJ3m55mWOtE3i9tklNB37wrnh/Unq9zVRMvv2+EHMSbczu8Se7m+X8wXHmrqXGdp2CtO7ZW1GawqdD52sj7qJVbwDvZfKpn3Ux9S9hjdPxm7W9sUxmuK036TbZ1PSdIwv2gDs4z26fTvfLK3qtu03XGiDcF+kpYnIYUTdxMp5LtJOznq49/aonV2ft48QaraTb9ZQ83Lk3yIiIiIjgTJWJW2W4cLr9fLRl99y4mwrLVfah7pKI5qv5R18Le/gGX8X+SWPkjvuLgJBi6Cp30NERCRbhNZQjQrYzXyYDUtfZkvoLqolS9mQUdqisx7qvtBNkbqVRwlLN4SyN2fy8IalvLylhtCzlWucGzU52a/hqfaVa+wbUyU6jifXcC483b+Sykr4BmDSPJ5cc46aLTWEJu2XLN3Awz2KCrWFU0blGtZUHmV7wuzdnnWPXlvWZgeEwzfyitmdnaUaWvt10u2zKQFm3x61L2fd1n1bathHCUvXLKVku5OZm6AlwuumOtP4K9esofLodiKHUcLSaZ9Q46S+9qxzqJhu7U8la2q1vqqIiIiMLIbVz/OMGxsbmVpc3OvX+1+pAsC7tr6/qiR9FLQMXG4PjecvUf9JI13+4FBXqVeWL7iDqTlfc/U3/2Goq9Irrpwi8mb8W/Km/YhA5yUCVt5QV0kcoXEr5J8W/SV33nFHn5YCOP7559l98yoRGRG6j1+d1X87RDUREclMXt0fArpuFBER27fNzZSVlfVrmTXhH/YTU+qbJBQ0oTMILde6+H8PfsbfHTs5bIOqI4Hpa6H91F/QdngxvuZ95OV6cBv+oa6WDIaWep6vrmZHQ7JNNvFosg1iNLCjehPvtPS+vMz25+x1RzXP17ektX8RERERERGRbKelAKQHf8Ckw4mfHvj0a862Xh3aCkkPnWfeoPObfYwpf5LcyfPwBz2YltZhHalaPjsMixdz+r0GqKjohxIrWF23MekWRVUb2ZXk+dbTpzLcZwvnmoDS9PYvIiIiIiIiku0UWJUwC7jaGWBMXi4ffP41J85eHOoqSTJmJze+/E90nJ3BmJnryCkoxW/m08+re8iQa+E3h2H+2iXwyiu807KRB4qcpxp28OhLB4ByqhaHtm9gR/UeSlaVsHOn/dyq2uU01bxEPVC+qpbnq1rtbWo3cs9nm1h3uoSqAweoB1i8nl2rK2ip38S608vZtRp2VNuvBahaX8dqdvDiAYCX2DG3lpI9NTSVLKb+QBOrajfyQGuoXpHXLPn2FXaeAk69wjt3L6epxt7/A0UtvLOpxn6Ocvv1zmN2mQci++2PmLKIiIiIiIhIP9FSAAJAp98kNzeP46dbefXnHymoOoyYHWe49tl/5PqJLXi4hNflG+oqSX9q+YzDJct5oKiIe+bD4c9C8+cb2PHSAarW17Grbi0lTdEZpKfYeXouu+rqeGbxKXbWvMfcujq2rSrn1OHP6DED/wDMratjV+0qyg/siZmi31K/h/rF69lVV8eu9Yup31NPS8VqnlkMLF4fDnbWM5dddXbQtwF737ucfda/10BR1VpWlUP5qrWRwDDQsKOGnSWh8kvYWbOD0AID9U4521aV2/vtz3YVERERERER6SMFVke5oGXg9uZw4txl/vxn7/HrU81DXSXppcDlj7hybAUdp18lN9eN2xUY6ipJP2j57DClc+3oZdHd8yEUGG14j3oWYz9VxD3zy2NeV+W8prC0HBbPpQIomloSfyflpRQCFE21Z+pHKbp7PuUHXuLR6mp2sJpdG6soiltEYfj/Kyoq7Gza6mrW7Uy2ZIC9PECorlTMpYomzrXElpmw3iIiIiIiIiJDSEsBjFIulwufaXGm9Tr1nzTS6VcQbqTwnf87fOf/jvyyNeTe/AN8Ae9QV0l6rYH9O09RTzWR+92W85uWKh4YrCoUVfF8XZWz7EA19SzmmbrVSV7gTO1nFdvq6qB+E+tOD1ZlRURERERERAaPAqujkdVJ0NfBmLFTef+LLxRUHaE6Grfjbz3EuLv/bwJBi2BQCeqD7QclZt8KaHiP+vJVbIvKEm2p38S6/Q08sHouVbzEew2rqaho4TeHT8EAJHa21G/ir1jL81Wr2VVbyvM16UVJq5ZXUUQL7yStVxHTSmDnew2srqhwsnBLeKYIzvXbEYiIiIiIiIgMDAVWRxmX1U7L6YOc+MeXmHH3I6xY/O/5L397bKirJQMkcO04l448yJhZz5AzcTa+YO5QV2nUOP75530uo+G9A5TPr42Zel9093zKd75Hw+rVrF6/2MkiLadqcXnCcvqiqGot8zfV8OhO+99V6+uoAFpKy2Gnc/Oq2Fdwz/xydjr1WrVqMRz+lhYqmFYCp3baN68KqVhdy6pNNTxaDaGbV1XQosCqiIiIiIiIZD3D6udbiDc2NjK1uLjXr/e/UgWAd219ii0lI1aQvPwCPv3Vf+TimX8MP1z5x/s51ebilx8mWwdxZFi+4A6m5nzN1d/8h6GuypDw3jSbcXe+iL+rk6DlHurqjCihcStE45eIDBfdx6/O6r8dopqIiGQmr+4PAZ13iYiI7dvmZsrKyvq1zJqampTbaG7waGC247vRxIH/VhkTVAU4+tdLuKt0Ch6X3gojnf/SMdr+4V9A+6d43V1DXR0RERERERERkWFNSwGMcIbVwbkT+2j8+LWE2zR9tps//eHDbN//BUEvQAAAIABJREFU0SDWTIbKteP/JzmFi8gve5wA47AsBdX7W38sAwBw5x139Es5IiIiIiIiItL/FFgdoQyCeL0ePnr7P3Kt5XjSbU++v43i7yzh9+4q4R9+2zRINZSh5Gs9iK/1IBPv20XQNZ6g6R3qKo04fQ2K9ldwVkREREREREQGhgKrI5BhtnP90gk+/cUTab/m/b0PM/+RXymwOspc/vBRxlZsxjP2LgJW3lBXZ8T57bJlvXrdXXv39nNNRETSM27s2KGugohIWvxDXQERERG0xuoIY2H6Wvj6k9cyCqoC+DvbOH/qV/yvP7h3gOom2ep6w3P4zv8NOa7Ooa6KiIiIiIiIiMiwocDqCGFZQXJyvPz67TV807CvV2UcP/AM43INvnvbzf1cO8l2nU11tJ/cSm6ONdRVEREREREREREZFhRYHQmsALl5eRyqW0RX+/k+FfXrn6+h6t5b+6liMpz42o5w5aP/hdxcNy6NDCIiIiIiIiIiSSl8MsxZQR9uV5CD/20uZrCrz+VdvfAZl899xMqqu/qhdjLcmF3nufSPv487eAG3yxzq6oijYUc1j1aH/nbQ4DzeUr+JR3c0AA3sqN7EOy29KLylnuejyox9alPUfqt5vr43O+imYQePbqqnH0oSERERERERGVIKrA5jVrALrOsc/uk/79dyP/m7NUyZUEBZ8cR+LVeGjysfrcK8dACPodsCDK0W3tlUzYusZ1ddnf23Hl7sEQitYHXdRh4o6sUuWk9zKu6u6/mrnbCq1tlv7SrYWcOOeBHYTFSsZtfGKnpTVREREREREZFs4hnqCkjvWMEOAp0XOPY3jwxI+Z8ffJY/WvR/8Z9/9v6AlC/Z78aXtYyZlYd7/ByClneoqzM6tXzG4VOLeWZjReSxitVsq20gNuWzgR3VeyiptYOrDTuqefGA/Uz5qlqeryqipX4T606XUHXgAPUAi9ezazXseMne8MUdc9m1Omo/rac5RQl/HIqAFlXxfF1VpGr1m1i30wnJLl5vv7Zhx//P3p3HR1Xf+x9/nzOTyR7CMkhQEnFcCAgi2hLFKBnaKq51KS5t0kStrXTRkt5rQ28L2Cpt7w9aN7pq0qStSqttLde1JL2XVgGtRRGiSIRE9mHPPpmZ8/tjAgQIkGVmzgRez8eDx73OnPP9vgN1Hg/efuZ7VLhY8qpG1e4r5Vnu162VJco9cP2yfC2cUa9Zi3O0cI5X7tpyFXbuf3ANdZ9fvmrNLa3oLIE9Kl7QxyIZAAAAAIAIYWJ1AAoFm9S6vy5qpaok7fjoVbXu26CbpoyJ2h6If80fPCRr/0o5zYDdUU5JvtXLVOfJ0bAjXne7c+U+Rqnoq57XZcK1TDkViw4dEVAj5XVOn3pqFmupL1clZQWSCjS7a6kqSbklml1Qo4c7jwE4bFK1tjxcklZWqqpygYob5h96v65B2TMrVTXzM8r31Gh55+s76+vkndF1UrVW5fNr5C07fI1j5a9dUiEVL1BVZaUWFksVS/o7OgsAAAAAQP8wsTrAhIJNavK9q/eWPhD1vVY+d6sK7npTQ9OTtauxNer7IT41ffCQUs8rkyNjsoKWy+44pxR3Vnav79lZXyfVzFdhzaHXPKt9miBJB0pad5ZyerBWbkmlqkrUOS1apMLOSdEJWxukuhrNKqo4dPHyWpXkSVK2Rrolya0J+R4t2+qTcndqeU2B8kqkQwfEblW9CnRrbvjaaXMqJUm1y7vPPzevQHXzS1VYEc5QdWh4FgAAAAAAW1CsDiBWoFF7N/9T7//joZjtWbfyUd1e8FU9/sKbMdsT8af5g/lKPfcBOQZdQrkaS8Ny5Kmr107psDNJa8uL9GzOAn31GLcd/Pp8F77qfuToPAagtrxIzx4oabt8df9QsOWH3zY+X1q0Wr6selUX5Kmkh9t1l18qUVVlSfhIgdIiVXiKw8cJ9PFHAgAAAACgvzgKYIDwt2yVb+OrMS1VJalhdZWCbTt11cVnx3RfxJ/mdT9SaO/rchh+u6MMGOf/4Q99+nWQe7zyPTV6uOv38GvL9XBNgW49qngMG5bjUV3Fks7B0FqVH/k1/h7yVc9T4VEPyZJystzhSdqaxZ1HDIQfsDW32nf0Iu7xytcyPbG4Rt68I0pYd5ZydOCogENrHCt/bXn4/7q9c1RVVtD7HwgAAAAAgAhjYnUAsEKtatmzTutX/NSW/Zc/e628d7+lV99er1DIlgiIE80f/lip5/6nHIMuZXL1BNasXRuBVdyaNmeBNK9UhUUHXivQ7AMPhOruDu8cza4v0sNF4e/Se4oXaG6u5Nt6jC2G5cijiqMeXnXkOl3Xkkq0sLhzclQKT6963TqqhZVb02Zkq2J+dudX/rvKVcmC4s4jBiR5irXQ65Zb3edXbpmWF3VeK4+KF5QwrQoAAAAAsJVhWZYVyQU3bNigrBEj+nx/x6LwwXkJM/vzvdWTh6GAmvfUatWLM23NcfbkWRp6zi36+f/8y9Yc/THj8rHKcm3U/nfvtzvKgJd+/nyFXB5ZZprdUeLCgc+tA/j8AjBQ8PkFYKDi740AgK62btum0aNHR3TN0tLSE17DxGocM2TJCjbbXqpK0voVCzXinGs1Zdwo/XPNx3bHgc0a3ytTxoRHFEo8WyHLsDtO3InMtKo0buzYiKwDAAAAAAAij2I1jiUmp6j615fbHeOglc99Tpd9/hWKVUiS9r97nwbnPS9/MFkRHnw/KfS3FI1UOQsAAAAAAKKDYjVOOR0BvbH4RrtjHMbfukvbP3pNd37mMj316iq74yAO7Fl5m4Zc+qLa2nigVXdm/OXWPt23+IZnI5wEAAAAAABEmml3ABzNCDVrTc131bo//iZD11SXKSPZ1ITRp9kdBfEg5Ne+VTPlcnbYnQQAAAAAACCmKFbjTahFH695Wrs+/ofdSY5p1UszNe3CM+2OgTgRbFqn1g0/V4LZbncUAAAAAACAmKFYjSOW1a59295Uw7u/sTvKce3b/o72bv23vuAdb3cUxIn27S+pY/ff5TCDdkcBAAAAAACICc5YjROGgupo2aY1Nf9ld5QeWfXil1Vw5wqdedogbdy+z+44iAMt6x9RxgUemUlnK0S/Ghm+as0trVDdES97ihdortfdy8VqVV60WNkL5mhab2+Ni/UBAAAAAIgvFKtxwuGQ3vzzF+yO0Str/v49fXbq9/XTP62wOwrixP53vqH0C34mw3WmLMuyO85JwqPiiJSVuSqpnBOJQDatDwAAAABAfKFYjQehZq38y512p+i1HR+9opyJd+qmKbl6/p+1dsdBnGj58MdKn/Co/AGH3VFOcuEJURVI1TV1OqyArS1X4fwaSR55C6RqzVBViQ5OlE5YPU+z6rPlralRtSQVlKmqJDe8anmRHq4J79B1Mra7133Vh9apL75XORWvnmB9n5bOK1VFnaSCAnlrGphwBQAAAAAMWJyxajPDatfWD55XW9MWu6P0yZvP36ozTxukIelJdkdBnAi2bJB/25/lMAN2RzlJ1KmitEiFRYd+ldceeq8+Z6aqKis1u6BOFUtqJdWqfH6NvGWVqqqcqeyGIw8S6FQj5VVWqmpBsTw1i7XUJ/mq5+lhlamqslJVlWXKqVh03Ne7rjPXm9mD9RepQsVaWFmpqjyFS1cAAAAAAAYoJlZtZBiGQoFmbXj7l3ZH6Ze6lY/pjoKZevyFN+2OgjjRsvFJDRo2VSFjGEcC9NvxjwLIyQq/MSzHI9VLql2uahVodq4kuTUhv/P1o5bN0TBJcmcpp/OlnfV1Us18FdZ0uWy1TyOP8fqEruuccH2f3l1WJ0/+TLklKTdPXjX06HcAAAAAAIB4RLFqI4fh179fud/uGP3WsLpSZ4y7TVde5NEr/zrGdBxOOY3vztKgi3+jdr/dSdAb3T0Yq7a8+9d9jJwCAAAAAE5hFKs2MYyANn/wZ7Xs3WB3lIh4/Zmr5b37Lb32rzqF7A6DuBDy+9S6sVyJo76gjmCC3XFssfiGZ2O/aW6evJqv5bUlys0NT4kqu2e3DsvxqK5iiWq9JcpVrcqL5ktllbr2WK/3Klh4erZi2Wr5vF65a5erWlJx739CAAAAAADiAsWqDQzDkEJtqlv5qN1RIqphzTO655qb9PP/+ZfdURAn2rb8Qa7TpslMyFEodGodCbBm7doIrRQ+Y7Wi60ueYi2ck3WM63NVUlagwvlFqpZH3gJPj3dye+dodn2RHi6q6dxmgebmSsrt/nXf1t79JG7vTBUvK9Wsoorww6t6dzsAAAAAAHHFsCJ8AOKGDRuUNWJEn+/vWBT+q3bCzJP3O6YOs0P/fvFeNe36wO4oEZdfWKN/bdinf6752O4oR5lx+VhluTZq/7sD//iFAcWRrMF5f1F7+8n7MKsDn1sHxM/nl09L55VqWf7RX+O3XW25CudLsytLlGt3FuAUFr+fXwBwfKfC3xsBAD23dds2jR49OqJrlpaWnvAaJlZjzFRQ29a/eFKWqpK04rkZuuyOl+KyWIVNgq1q/nCBks+8Vx0hl91pTgHhr+of/CuGp1gL46RU9VXP06yKQ+cwe8sqKVUBAAAAAAMWxWoMGYYhQwF9+Mb/sztK1PhbfNq+Yanu/MyleurVVXbHQZzw73hFiSOmy0wao1Do5D+FN1LHAIwbO7YPd+WqpLJSJRFJEFlu7xxV8f1/AAAAAMBJgmI1hkwjoHdevs/uGFG3ZukDuqL4n5pw5nC9u3GH3XEQJ1rW/1TpFzwmf8hhd5SY6FspekjkzmgFAAAAAADRQLEaIw6HId9Hr2m/b43dUWJi1Utf1aeu/RXFKg4KtmxUYO9bcmRcomDw5J9alaQnr27t0313vZgc4SQAAAAAACDSTLsDnDICTrlHT9Og0ybanSQm9m1fpT3b/q07CsbbHQVxpGndf8vp5GMHAAAAAAAMfDQcMWBYTq38jV//ftqpSdf+Sp+88Wm7I8XEqv+5RyMyk5UzfJDdURAvgi1q3/JHOZmVBwAAAAAAAxzFagw4HE6tWtymN3/TpkXePdq1fpS8d7+lcQUP2R0t6tb+7xzdOGWM3TEQR1o2/FJOmlUAAAAAADDA0W5EmWE5teKpw89ZXPLtFjldLbqtokBTS97Qhyt+os1rF9uUMLq2172snIl36cYpufrTP2vtjoM40fTho0o68ysKBPlvO8flq9bc0grVHfGyt2yBsheXqmFGpUpybUkGAAAAAMApj2I1ysLTqo1HvR7wS7+9o0mjL0vQp78zS2dOvEv/fvFetez9yIaU0bXyuc/Je/ebGpyWpD1NbXbHQRzwb1+ilJwiGUa6LMuyO06c86h4wRxNcx/x8pxKW9IAAAAAAIAwitUoMqwErXjy+E8F3/CPDv1yeofyv5aqyTc/q0bfGr31QnGMEsZO3crH9XnvvXr8hTftjoI40bzuR0oZ86A6AobdUQYgn5bO65xYVbkKF0te1ai6TpKnWAvneOWWVFtepIdrDtxToNmVJcqt7dn13rID07C1Ki+ar2pJxyx5AQAAAAA4BfE93ChyOJxa9YeeTWgue7xFi7x71LTtHHnvfkvnTSmLcrrYqn/3N7L8u/XpSWfZHQVxomPvvxRq+UimycfQ8dWporRIhUWdv8q7OVKjrkHZMytVVVkmb12FltRKUq2UV6mqykpVVS5QsadGy2uPc31tuR6uKdDsykpVLShW/fxy1cqnpfPmS2Wd65Rlq2JRtXyx++EBAAAAAIhbTKxGiWElaPmvW3p935/ua1ba8Fbdsuh6TS2+VrX/eEjb178YhYSx9/rTV8t791t67e2T77gD9E3bpt8r5dz/UijE1OqxdTclemS1ma2RbkkapmyP1CBJylVu7hFTqMe53re1QSqYoVxJcns1t1KSarW8TqqeX9Q5sRrO867Py9QqAAAAAOCUR7EaJQ6HU+/8cX+f7m3aEVLFLY0aM92lqd+cI89FM/XmX4rU0bY7wilj7+O1i/Xlq2/QL1582+4oiAMdu9+QIb8MI4mzViOt88FXKl6gqkqFjw7o00J8/R8AAAAAgO5QrEZBX6dVj/T+S369/5Jf3v/IVP4XXtXuzSu16qWZEUhonw9f/7HyPdM1Zewo/XPtx3bHQRxoa6hSYvaX1BGwO0nk3fViss0JCnSr1y35qrWsTso5zpXurGypYrlqS3KV66vW3NJlyl8wU9meOlUsqdW0klyptlyF8xU+qzVmPwMAAAAAAPGJYjUK+jOt2p3q/25R9X+3aMYvLlDBXSvVsLpKdSsfi9j6sbbiuVt12R0vUqxCktS25XmlnDVTHQG/3VEias3atfYGcI9XvqdCDxfVSJ5iFRdIy7b6pKxjXJ9booXF8zSrqEiS5CleoGlutzSnTA1F81VYIx2YXqVUBQAAAABAMqwIf/92w4YNyhoxos/3dywKnwKYMLP6BFfGJ8NK0Jvlfr3zx549tKq3hp5t6ob/lypXcodW15Rp98f/jMo+0TZu2o/kGnapnnp1Vcz2nHH5WGW5Nmr/u/fHbE/0TMpZX5Nz+HUKBIJ2R+mTA59bBwzUzy8Apx4+vwAMVAP9740AgMjaum2bRo8eHdE1S0tLT3gNj+OOsGCbGbVSVZJ2rQ/pqc826o1fW5rwqZ9o8i1/1ED8Y1yz9AFlJDs0/szhdkdBHGj9uEpOBw+wAgAAAAAAAwdHAUSQw+HQx6tic1DkO39o1zt/aNeVc0+T9+6V8m38u1b/7Vsx2TtSVr38NX36ml9o9cYddkeBzayOferY+7YcaRcqGByYU6tdReoYgHFjx0ZkHQAAAAAAEHkUqxEU9Dv13gtNMd3zlbmtekWtuqPiEhXcuUIfvbVI9e/+JqYZ+mrftre1d/s7uqPgfP2+5j2748BmLRufVPr4nyg4ACewu9PfUtT2M1oBAAAAAMBxUaxGimHIkLTlHXsebf774madMcmp6d+/V9kTivTOq/dr/47VtmTpjX8vuVsFd61UzvBBqt+xz+44sFGw+UMFGtfITL1AoVDI7jgR8frv8vt036WfXxbhJAAAAAAAINJOjtGwOOAwHXr/FXufar7p7YB+dc1+rVqcoIuufVKf+Ozvbc3TU2v/d65uvHSM3TEQBzp2LZPDHPhHAQAAAAAAgJMfxWqEhPwOrV3SbncMSdLK8jYtmrZXez4aJe/db2ns1AftjnRc29e/qNb9DbrhkvPsjgKb+X01cjgT7I4BAAAAAABwQhSrEWAYhtqbLO3eGF+Tdn99oFW/uma3UtI/pYI7l2tk7s12Rzqmlc/dorNHDlZmWpLdUWAjK9isYHOdTJOPJgAAAAAAEN9oLyLAsBx678/xMa16JH+LVHVbk155sFWei/5Dl93xspIzRtkdq1t1by7SF7zj7Y4Bm7VteUEmxwGE+ao1t2ielvqOfK1ctbaFOpChSIVH/Cq3NRQAAAAAALFFsRoBpunU+6/GZ7F6QN3/duiX0/fr/ZdTdcnnntdF1z1pd6Sj1L9TrpB/jz496Sy7o8BG7b4aOZwuu2PghDwqXlCpqsrwr4XFHlUvrpbvxDcCAAAAAHBScNodYKAzTVO7NwbVuseyO0qPLHusVcsea9VNj42R9+639PGaxfrwjR/bHeugN56eLu/db+m1tz+yOwrsEmpTsPEDmYlnKxQK2Z0mrvmq52nWsnwtnOOVW7UqL1qs7AVzNGH1PM2qz1dxQ4Uq6iQVlGlhzmLNCv+DZleWKFc+LZ1XGn5fkjzF4XVqy1W4WPKqRtV1XV4/QRb3+Hx5Kuq1U5JbUm15kR6uObD0As31usOTrqUVCm/pUfGCOZrmlqRalRfNV7XUJV/4NZVVqiS382etn6GqEqm8aLFUIFXXZGt25bXacvDn6LLmYXsdWPPwXCooU1VJbgT+JAAAAAAApyImVvvJ6nDo3efb7I7Ra89/vVlVd+zV0KwbdcUX/6HhZ33G7kgHfbx2sb589UV2x4CN2ra+IIfRYXeMOFGnitIuX7k/WBaeQM0yaWalqhYUy1MzX09opqoqy+RVjZbXSvLt1MiZByZOy+StW6Z3D4yb1jUoe+aB1yu0pAdf8fetXqY6T46GKVyCPqyyg2vnVCzSUp9Uu6RCKl7QOeEqVSypleTT0nnzVX/w9QY9PO9Ek691qs+ZqarKEg2rXqQKFWthZaWqyrJVsahaPtWqvHSZ8hdUHlqzvFbyVevZmgLNPvAz1yw+/JgFAAAAAAB6gYnVfnKlOrXub367Y/TJ/q0hld/cqLHXJuqK+34gzye+rjf/9HkF/PttzfXh6z9WvudqXZo7Sq/XfmxrFtjD76tR6rn/KQUH5r9bkdV1slOdk5j1PbgtXxPckpSlHHmUPT68QLZHapAkd+4RU6seFR+8OVsj3ZI07ND1RwkXvhWH5QxPttbW10k181VYc+hqz2qf5uYVqG5+qQorwj9TlVeSatVQ51H+zHC+Q5OvWcf98XKywtfvrK+TJ39meKI2t0RVc8K/R/WqU/Vh+ZartuRa5Xsq9HBRTXhatXLOiX4XAQAAAAA4JorVfjAdDq37W7usAf5t5bVL2rV2Sbu8/5Gpy4uqtXvzcq166Wu2Zlr5/G2acvsSitVTldWh4P41MpPHKBTkQVZRUVuuwvk18pZVqio3fIxA7xwqfA8cSTChy3kBB7/+f5gSVVWWhK8vLVKFp1gL5xy/QO27Q1//7yp3TqWmdR4zUFgjeTuPGgAAAAAAoLc4CqAfQh0Obfr3yfN15er/btUTBbsVar1QBXeu1FkXz7QtS3vzNu3Y+HeVfGaibRlgr9bNf5Rptdodo18u/fyyPv3qKXdWtlQXPtdUtcs7zyjtBU+xrs3t471dc3jnaHZ2hWaVh88MGJbjUV3FEoX/qVblRUUqrw2fb1peG76+qqyg8+5hyvbUadnq8HfyDx0pEJ6Wrd/qk+TTu8u6PwBhWI5HdctWh48OqC1XYVG5at1ZylGNnq3uXLN6ngrnVcvnq9bcedXyKVcllQtU7OnHDw0AAAAAOOUxsdoPDhna9l7A7hgR9+yXmjV8jEPX/ahQZ4y9Ve8t/bZ2b34j5jne+9u3dEXx6zr/TLfe28hBiKeaYNM6OZwuBQboaQBr1q6N/ia5efJqfudX2wvk7e29dfM1q6hCKihWsadGDTv7EaWkTN6i+SpUmapK5mh2fVE4lzqnV3Ml5ZZpeVGRCsOvqnhBidySps0pU0NRqQorpPCkafhIgQn5HlVUhI8O8BZ034K6veG9ZhWFv/TvLatUrqTcBcWaW3r0ml/Nn3fwWhWUqYppVQAAAABAHxmWZUX0cfYbNmxQ1ogRfb6/Y1G4GkiY2Z/5qdhwKEm/vHqP3TGiauKtibrkS8lq3V+vFc99Lub7Z464SBde83MtfH55v9eacflYZbk2av+790cgGWJh8CUvqD2QIEX2YyriDnxuHTAQPr8AQOLzC8DANZD+3ggAiL6t27Zp9OjREV2ztLT0hNdwFEAfmQ6Hdqw7+c9+XPVsu372qb3a/l6WvHe/pfOn/Tim++/d9i/t3f6ubp96fkz3RXzo2L9GDpOPKQAAAAAAEH84CqCvQqYaVpw856ueyEvfa5HUos9XTlHBnStU9+bjalhdFZO9/73kLhXctVLZ7kFq8O2LyZ6IDx2731BSxkQNtOdXReoYgHFjx0ZkHQAAAAAAEHkUq30U6jC1ZfWpU6we8LuiZo36hFPT535VORcUa9VLX1Pjrtqo77v2f+fpxvw5euTPK6K+F+JHYN9qGVZAksPuKL3W31I0Jme0AgAAAACAPqNY7aOkdPOkfHBVT3z8ZkC/vGa/8r6UrItvq1TT7g/05p+/ENU9t6//H+VcUKIbLjlXf3ljXVT3QvwItmyQ4XBJgQE2strpiRdX9em+r149McJJAAAAAABApHF4YR8YpqndGwdm0RNJy3/VqkXT9mhf/Wh5735LuZfPiep+K5+7RWePHKpBqYlR3QfxJdD4gUzOWQUAAAAAAHGGtqIPHIapj9869Y4BOJa/fKtZT96wW2mZV2pqyRvKOu+zUdtr/VtPqHDahKitj/gT2LNcpsOwOwYAAAAAAMBhKFb7oKPN1OZVFKtdte2XKm9t0mvz23TOJ8s05Y6XlJR+esT3aVhVLsu/V5+adFbE10Z86tj7jkzLb3cMAAAAAACAw1Cs9kFCoqmtp+j5qieyfmmHfnHVPq17NVWX3voXTbr2VxHf4/Wnr9IFo0+L+LqIT4HGNQoF9tsdwz615SosKjr0q/xED4urVXnRPC319XtjlR/Yc161ul/uwDXlOiyVr1pze5S161LlR69zHL7qeZ3r+7R0XpF6sxUAAAAAAJFAsdpLhmHI32ypbZ9ld5S49n+PtOmJgt1q2z1W3rve1Dl5pRFdf9PaP+rLV0+K6JqIX6bDJcM4FY8DqFX5/Bp5yypVVVmpqsoyeWvma251v1vTE/JVL1Z98QJVVVZqdnaFlhyzuPTI46nR8i7v+1YvU12U8+2sP7CDW9PmVKokN8obAgAAAABwBKfdAQYa0zRV9wbHAPTUc19tVuaoVt30yC0a+cXPau3/zZVvw9J+r7vu9R8q33OV8nLP0PLaTRFIingWbN0sI2mMLOsU+w8avq2ql0f5ww68kKuSyspD79eWq3B+zcF/9JYdXTDWlhfp4c5LPMULNNfrDk+UllZ0lp8eFS+Yo2nuw+9zZ2WrbvFq+bxZWl5ToLySY8fMzy/Qsq0+Kdctyad3l0neAo+qj5vTp6XzStWQXaDqmgYV35t96MeunqdZFerMVavyovmda3Vm3Vne+TPNV3neAmUvLlXDjEpdu3WeZtVny1tTE76+oExVJbkKT7WWqqJOUkGBvDUNyu7mZwYAAAAAoDeYWO2lYMDQvi1Bu2MMKHs/Dumpmxr1j8dDGnfFfOXN+ItMZ0q/133zT7drythREUiIeBds/kiGeQp+XLm9+mqxVFEa/kr+kZOqtcrrnGTmNl79AAAgAElEQVSt1MJij6qXHz5W6quep4dVdnDaNadikZb6pNolFVLnNOrCYqmiu3HU3BLNzq7QrKLlyqss0XEHQrNypGWrw8cF+FZrmfKVl9OznNXKU1XlHE3LPHBxuWYty9fCyjma5vZp6bz50oGJ3bJsVSyqli+3RLMLJBWUHT2pWiPlVVaqakGxPDWLtdQn+aoXqULFWlhZqao8HSp8AQAAAADoByZWeytgqHlnyO4UA9J7L7TrvRfa9envDNXU4v/Tro9f1zuvfKPP67U1bdWOjX9Xyacnq/y1VRFMingTbKmXU36div8tyO2doyqvFD7PtFSFFYcmU3Nzcw+fBi04/N6d9XVSzXwVHhoWlWe1T3PzClQ3v1SFFeEJ0PD6XYWnRFW2QMUNpXq2+lp9VYs0q35G5wToEYaNV74W6V2fVxNWL5PyZ2qYlh18+3g5PTnDuixUo4fne1S8oEThYdKdaqiTqucXdSlDPXrX59XIY/2GeXI0TJLcWQp3uz69u6xOnvyZ4TVz8+RVw7HuBgAAAACgxyhWe8myDDX5KFb747WHWvTaQy269dcXqeDOldq46kltePsXfVrrvb99S1cUv65xOW6tqY/+uZOwR7B1s0wrIMlldxQbhY8BuLZ6nmYtr1VJ7rDw19s7JzFVPU+z6o++6+DX/w9ToqrKkvBX7kuLVOEp1sI5Xh246sD5qnNz3dKcMjUUlWqWJG/ZseZW3ZqQLz2xulZaJuXPdEurD7zn61HOsALNLpMeXlStCQfzdH9UAc+qAgAAAADYjWK1lxwOJlYj5dm7m3XaOIeum1+sUeNu1+ql39KeLW/1ep13Xv66rrzm5xSrJ7FQ6yYZDpc0wE7h+OrVE/u3QG25Cuc3HFUsdp3y9M7wyi2fli6rk7IPv31Yjkd1FUtU6y1R7sEp1ErlLS/S8rxKlXjnqCqrXIWLD7/v0PmqXrmVq2uLPaqukLKH6Zjc4/OlRYu1rC5bt3Zzdunxch4mt0Szs4v0RPV4zfUOU7anThVLajWt5MDUqzS78jgHvh6dTBPyPapY1vnz1C5XtaTiXqwAAAAAAEB3KFZ7yZlkqpmJ1YjZviaoX1/fqEmfT1LenT9Ty74NWvHcjF6tsXfbv7Rvx3u6ber5eubv70UpKewUat8mw5Ekqc3uKD22Zu3a/i+SW6KFxZ1TpQdeKyhTVUm4uZyQ71HF/CJVy6Pi4gJp2Vb5lHXwdrd3jmbXF+nhovBX8D3FCzQ3V1JumZYXFakw/GqXr94f2nd2dpFmFVUc2nPBVs0tLdfIY5236h6vfFWoomCGwo+LOvjGMXIeu6XNvbZYKl2kpePnaNqcMjUUHTjOIDy9mivJl+ORKjofXnWC30a3d6aKl5WGf56CAh118gEAAAAAAH1gWBF+zPaGDRuUNWJEn+/vWBT+K2/CzPh8vEiCI1k/v3K33TFOWlf/IEWjpyRp+0evaU11Wa/uLbhrpf647H01+PZ1+/6My8cqy7VR+9+9PxJREWOZn/yDOqw0RfgjKyIOfG4dEK+fX9BhU6/HfSAXcIrg8wvAQBXvf28EAMTW1m3bNHr06IiuWVpaesJrmFjtBcMw1LqPadVoevG/WiSzRZ+vvFxT71yu9Ssf0ab3nu7RvbX/96BuvOx7euTPK6KcEnYItm2RkXReXBariG++6nmaVVF38J+9ZZWUqgAAAACAfqNY7QXD4HzVmAhJv/tCs3IucerK792vMy+4U6te/qqadq077m3bPlyi7AnFuuGS8/SXNz6IUdiBK3H8X5WaKXXUXadG/USZnokyD7uiQe3LXpB5ydeU4JQUWKXmN76pdkmpF9XI2Vigfcf/I4mowP735EzJlUL8O4jecXvnqIrv/wMAAAAAeqEnE6vmCa/AQYZhqHEbpU6s1L8R0C+n79OavyTpE5/9nS6+ofKE96x87hadPXKIBqUkxiDhADbyJ0rOTDv0z1u+qb3LCrR7WYF2161SSFJo7wtqHnmZHM4GtS97WUHn2XKNDN+b4FqlthiWqpJkBVtkiH//AAAAAABAfKBY7QXDMLR38wB7LPlJ4PVftGqRd48aN3nkvfstjcn/7nGvr3trkQo/NSFG6Qaim5WeM1EKNHX7bmrWRJmBVWpd/dwx37d2hSdXY8kKtkoW//4BAAAAAID4QLHaC0G/qaYdTMzZ5c+zmlV+825lDJmuqSWvK+uc67q9rn7VU7I69mraxMgeWnyySBxfrAStUuuubh7CNvInSkiRggeK0y3/UDCQrcT8q+Ro+YcaZc+0qhSeWBUTqwAAAAAAIE5QrPaCFZKafBQ7dmrZLf1mRpOW/sivcy75L025/UW5UoYfdd3rv79KEz0jbEgY50b+RMmZUkd99xOnqVkTZapBgYPF6XNqfKPziIB//ejgtKrG/1VD8ms0JP83So1RdCvYIsPgwVUAAAAAACA+UKz2gsNp6KzLE3ThbYnKne7S6CkJGnG+U4NON+VKsTvdqWXda3794sp9qqtJ12V3vKhJ1/ziqGs2rX1OX756kg3p4lfi0LNlKk0JnhoNOS1bUpoSPH9V+khJulmmS1LLWjV3d/PBs1UfUFKm1FH3uDoC2UoYf3NswgdbY7MPAAAAAABADzjtDjCQhJwB5Uy1dJaZIIfpkGkYMkxDhmHIMA5dZ4Uky5JCAUuhoBTskILtljraQupokzpaLflbLHW0WPI3W2pvtNTWGFL7fktt+y217rPUsieklj0hBVrs+3kHgpoFrapZ0KpbfjZO3rve1Mfv/V4frviJJGnd6/N1mecq5Y05Xcvf32xz0vjQvvq6Q5Oq5/5GQ04boo6669S4RdLIy+RwSqGm9d3eG55WLVC7HlBSrAJ3YQVbZXT9Fw0AAAAAAMBGFKu9EFRAs5Z+U1ubtnb7vtN0anDSYA1KHKSMxIyDv9JcaUp1pSo1IVUZqYOUOihNKc5UDXIkKsHhUoIjQU7TKYfpkMM0ZZiGTMOQDitrLVkhKRgMP78n6LcU7JACbZK/JaiONh0sa9ubLPmbDi9rW/aG1LrXOmnL2j/e26LBZ7bpsws/p6zzbtTa//2edtb/XW/9+Q5NufUvFKu9YLV389CqzmnV1nWS9CO17b1MqZ6vSWpQ+zEechXxXCfj/3ABAAAAAMCARbHaC5YVksN0HPP9QCggX4tPvhZfxPbsWtZmJmUqPTFd6a70g2VtmitNqWlpSstMV4ozRemOJLmdiXKaCXI6wmWtaRoyDfOYZW0oJIUCUqhD6mi3FGgL//K3hidqO1ostTcfKmvb9ltq22epdV98lbV7NoZUflOTxt+UqCn3/kjtzVu08rlb5av/PxV/+mK1tHfYHTG+rPuidnd9CNWWb2rvlmNce8R7h02+xogVbJFpOiVxzioAAAAAALAfxWovBK2gHMaxi9VoiFZZOyRpiAYlDtKgpEEHy9p0V3p4staVqtTUVKVmpivVkaoMZ5ISHYlymk45HU45O8ta4wRlbbDDUiggBf0KF7Ut1mHHILR3HoPQ3hhSW2OXsnZ3Z1nb1refb/Xz7Vr9fLs+8123pt75unY2LFNmakJnwP7//sEeVqhV4WOhg3ZHAQAAAAAAoFjtjZBlxbxYjYZAKKAdLTu0o2VHxNZ0mS5lJmUeLGszEjOUnpiutIS0g2VtSlqK0ganK9WZqnRHkoY5XHI5XHKYR5S15uHnaIZCltRlsjbYYYXL2nZLgVapvTkkf+d5tf7m8FEI7Y0hNbwV0Ad/26/8r02WaZgampGiwL6I/ciIMSvQIhkOUawCAAAAAIB4QLHaC6FQSKZp2h0jLvlD/qiWtZnJmeGp2i5lbZorTckpyUrOSFaaM10ZzmQlOpPkciSEy1rDIdM0ww8X6yxrjRRPxPIhxqyArGCL+NgCAAAAAADxgIaiF+w4CuBUdlhZu6d/a00YPkE/8P5AppkQmXCIOcORIplJkgJ2RwEAAAAAABDjl71g6eQ4CuBUNPeKOeH/x3TZGwR950iSoZDdKQAAAAAAACRRrPaaw6RYHWhmXzZbaverpT0gwzBkJp1udyT0gWEmyQpxvioAAAAAAIgPFKu9YMiQafBbNpCclnqa8s7Ik+Xv0KYmqSNkKWFYvt2x0AeGI0mWxcQqAAAAAACID7SEvWAYBhOrA8xPrvyJNv32t0rIzNS63UE1+6WEQRfYHQt9YDiSJVl2xwAAAAAAAJBEsdorhiXOWB1A7r34Xjma2mS1tysQCCoQkna1BOVIH2N3NPSFmSTLolgFAAAAAADxgWK1NwyDYnUAmX72dK0pKtYwr1e+tvBr25pDMp0Z9gZDn4QnVg27YwAAAAAAAEiiWO0Vp+nkKIABovz6cm178X8kSUnZ2fpoT/ihR74WS4ZhSpSrA47hSBLFKgAAAAAAiBcUq73gkMnDqwaA286/TelK1KZFP1P6hAmSacrXcugr5MGQpcRhV9iYEH1hmEmy+PcPAAAAAADECVqKXjBNhzKTMu2OgRO44/w79P7X75MkDb/2WjW1H/4k+eYOS87MSXZEQ7+EJCXYHQIAAAAAAEASxWqvOOXUGRln2B0Dx/H49Me1a8Vy+bdvlyRlTJyo+v2HF6u7W0NyZoyzIx76IWHQePHoKgAAAAAAEC8oVnvDsnRm5pl2p8AxeM/06vSUEdrw/R9IksykJDlSUrR+z+HFqq/FkukaYkdE9IOZnC0rFDrxhQAAAAAAADFAsdoLlmUpKy3L7hg4hm9M/rrWz3vw4D9n3Xqr/P7gUddtbgzJMHgI2UBjJo2QZTGzCgAAAAAA4gPFai9YlqV0V7qcptPuKDjCjz71IzV+8IEaV606+NqQ/Hxtbe2+iAtZlhKGTYtVPESAmTCYYhUAAAAAAMQNitVeavQ36vT00+2OgS4mDJ+gMUPO04ff+s/DXk887TSt3330xKoktXZYShh8USziIQLMpCxZwVa7YwAAAAAAABxEsdpLrR2tGpk+0u4Y6OJ7V3xXGx999LDXhlxxhUIhS43+7u/Z02bJmXF+DNIhEsykkbJCAbtjAAAAAAAAHESx2kuhUIiJ1Tgy+7LZ8m/foV1/+9thrw+/6irtaTv218Z9zSGZSSOiHQ8R4kgaKUuciwsAAAAAAOIHxWovpSWk6fQMitV4MDxluPLOyNP799x71Hsp552njfuP/QT5zU0hmWZCNOMhghwp2bLEnxcAAAAAAIgfFKu9lOxIUs6gHLtjQNJPr/qpNv32t0e9njhypEyXSx8fp1gNhMIPsHIOnhzNiIgQR+pZCvHgKgAAAAAAEEcoVnspFApxxmocuPfie+Vobte2Z5456r0RN92klvYTn8fpD0quIRSrA4HpSJUVOnZRDgAAAAAAEGsUq33gMBxKTUi1O8YpbfrZ07Wm8Ivdvpc5ebI2N514jT2tITkzxkc4GSLOcMiRdo4sJlYBAAAAAEAcoVjtg7ZAGw+wstFT1z+lHS+/fMz3EwYP1ge7gydcZ2drSGbyqEhGQxQ4M8YrGOhBUw4AAAAAABBDFKt9YMhQVnqW3TFOSTPGzlCGktTw+OPdvj/8hhsUCAQV6MG3xrc0hmQ6EiOcEJGWMGiCLCPJ7hgAAAAAAACHoVjtgwQjQYOTBtsd45T0+Qmf1/v3ffOY7w+bNk0724werdUakCzLkiN9XKTiIQoShnxSoSDHAAAAAAAAgPhCsdoHpmXoM57P2B3jlPP49Me1e8UK+bduPeY1yTk5+mjviR9cdUBHSHINvTQS8RAlzrRzFeLBVQAAAAAAIM5QrPaBZVkamjyUqdUYKjizQKenjNCG7//gmNekjRsnwzS1o7nn0437/ZJz0IRIREQUOFLOUijYbncMAAAAAACAo1Cs9lGzv1kXjbzI7hinjPsmf0Pr5z143GtOu/567W878UOruvI1B2Umj+5PNESRc9D5sqyeHe0AAAAAAAAQSxSrfZTmTNXkkZPtjnFK+OG0H6rxww/VuGrVca/LmHihPm7s3Vmc25qCMp0p/YmHKEoY/EmFrAS7YwAAAAAAAByFYrWvQtKkrEl2pzjpjR8+XrlDx+jDWd86/oVOpxypKfpwT+/O4tzXLhmGITM5px8pES3OjPM5XxUAAAAAAMQlp90BBrJdrbs0fvh4rd6x2sYU1+mhm76k8W1Ldf2Lj0jnPqTfTxqvtMOu2aSlz7yk4Td9SeNdkvyr9avnv6O/Srrv6hd03q7rNXOFLeFPaM4V39PGRx894XWn3367Ojp6dwzAAR1BSwlDp6h9U32f7kd0GAmDZVjhM40BAAAAAADiDROr/RAIdOjikRfbmKCzVHV1eWndd3THM9fr+meu1/Vvr1aTpKYdL+mRc/M02rVJS59Zqk2u0co7V9K5D2ly0mq9FKelatllZerY7tOuv/3thNcOufxybW3pWwHX1CG5Mif26V5Ej2voFAX5bz8AAAAAACBOUaz2w2DXYH1y5Cdt2v1AqdqkJn/3V9x39nil+Vfr6eq/HvP9vZvDk6vxZnjKcF1yxiWqvecrPbreNWKE1u/u28TqzuagzNRz+3QvoifxtOkKWRSrAAAAAAAgPlGs9oPDcCgjKUPuFLdNCTZp6TNPa0N3b537kCZnSJsOFKfrlmuD/wxNu22azti/Qt9RfE+r/vTKn2jzM0/36NrB+fmyLEv7j1Ewn8j25qAcroy+3YyoMBypcqSdzfmqAAAAAAAgbjEO1k8t/hZdlHWRXq57OcY7/1Xfef6vkq7TQ928e9/Z45WmTVqx4sjrO9+/+gXt3Xy95P29XhiepnBJO1OPRD/4CX3loq/I0eLX1t/+rkfXD58+XXtb+34O585WSTIkZ6YU2NvndRA5CcMuVyjQLj6iAAAAAABAvGJitZ8ynBmafPpku2Mc4ToNT5K0/4Pui9KDZ6vep+nDpdVv/0qr/Wdosve6GOfs3tXnXK01hV/s8fWpY8Zo4/7+TTYGQiElugv6tQYiJynrGgUt14kvBAAAAAAAsAnFaj8ZljRp5CS7Yxzu3DyNdklNbR91+3Y8n6361PVPacfLPZ/+dZ12mkyXSw39LFZbAoacPMAqPphJcqadxzEAAAAAAAAgrlGsRkBj235NHBF/pdze5m6q03O7nq36iF7aIY2f9CWNd23SimM85CpWbsm9RRlKVsPjj/f4nqxbblFre6Dfe+9qCcqZPrbf66D/XO6pCna02h0DAAAAAADguDjAMAJchkvj3OO0atsqG3Y//OxUSdK67+iOdce4/Ij3/lp9R9xMrhZeUKjVX7qnV/dk5uWpvrn/e+9osnTmoMH9Xwj9ljTi6s5jAJhYBQAAAAAA8YuJ1UgISTPGzpAhw+4kA9Zj0x/T7jdXyr91a6/uSxg8WOt2Bfu9/9bmkAzDIf5bg83MRDnTx3IMAAAAAAAAiHsUqxGyp3WPrj/vertjDEgFZxbojJQsbZj3/V7d577uOgUDQfkj1MGFLEsuHmBlq4TBeQr4m+yOAQAAAAAAcEIUqxGSYqbo5tyb7Y4xIH1j8je0ft6Dvb7PPW2adrZFbkq4pcNSwuCLI7Yeei8l54sKKsnuGAAAAAAAACdEsRoplqX2jjZdcsYldicZUH447Ydq+vBDNa7q/fm0yaNHq25v/x9cdcCeVksOHmBlG0d6rpQwRBbHAAAAAAAAgAGAYjWC0pxp+uyYz9odY8AYP3y8coeO0YezvtXre1PHjZNhmtrRbEUsj68lJEfSaRFbD72TMurzCjGtCgAAAAAABgiK1QhyyCF3iltnDT7L7igDwpzLv6eNjz3Wp3tPu/ZaNbb3/6FVXW3aH5JhJkR0TfSMkTBYzsyLFAwyrQoAAAAAAAYGitUIswIhffY8plZP5NtTvq2OHT7teu21Pt2fMWmSPm6M3LSqJIUUfoBVwpBLI7ouTix51O0KRrYnBwAAAAAAiCqK1QhLT0hX3hl5SnOl2R0lbrlT3Lp01KWqvecrfVvANOVMTdW63ZGfbmwPSgmDPxnxdXF8SSNvUiAY2aIcAAAAAAAgmihWo6Cxdb9uOO8Gu2PErUeu/Kk2P/N0n+8fefvt8vsj99Cqrva0huQcND4qa6N7SVnXKxhoszsGAAAAAABAr1CsRkG6M103jrnR7hhx6csXfVmOFr+2/vZ3fV5j6BVXaFtrBEN1saslJDPp9Ogsjm4lZRcqEHTYHQMAAAAAAKBXKFajpNXfok+d9Sm7Y8Sda865RmsKv9ivNVwjRqhuT3QO5NzcFJLpSIzK2jiaM/NiWUaiLItjAAAAAAAAwMBCsRolSUaSbh13q90x4spT1z+pba+90q81MqdMkSTta49EoqO1BSRLknPQBdHZAIdJHnWbgiGX3TEAAAAAAAB6jWI1SizLUmpCqsYP57xOSbol9xZlKEWbHnmsX+sMnz5de9uiO93YHggpYXBeVPeAlDAkT2bquQqFIv8QMgAAAAAAgGijWI2iBCtBd026y+4YcaHwgkJ9cP83+71OWm6u6vdHt4hr9Bs8wCoGUs/5DwWCCXbHAAAAAAAA6BOK1SiyQiG5E4fJO9prdxRbPTb9Me1+c6Xat2zp1zqu4cNlJiZq477oFqs7W4IyU0ZHdY9TXWLW9QrJxdmqAAAAAABgwKJYjbIEJejrn/i63TFsMzVnqs5IydKGed/v91ojbr5Zbe2BCKQ6vi2NQTmcyVHf51SW6vm6AkGH3TEAAAAAAAD6jGI1BlramzXz4pl2x7DFfXn3af28ByOyVmbeJdrcHJGljqvRL1kymFqNkpTRX1FHR4fdMQAAAAAAAPqFYjUGEpSgS864RKMyRtkdJaYe8j6kpvXr1bhqVUTWcw0donW7ghFZ60QCQUuuoZfFZK9TieFIVdLpNykYmz9GAAAAAACAqKFYjREzZOi+yffZHSNmxrnH6Xz3OH34zdKIrOe++moFAkG1x+gB8o1+yZU5MTabnUJSzylVh59WFQAAAAAADHwUqzGSYCQoxZmsqTlT7Y4SE/OumKuNjz4WsfXcn/60drUbEVvvRHa2BGWknB2z/U4FZkqOnJmfUDDEA6sAAAAAAMDAR7EaQ0MShugbk79hd4yoe2DKA/L7fNr12msRWzN59Ght2BO7ScftzUE5XOkx2+9UkHLmlxUIJdgdAwAAAAAAICIoVmPINEztb9uveybdY3eUqHGnuDVl1BS9/6WvRGzN1DFjJNPUtuYYnQMgaVerJBkyXO6Y7XkySzr9c3JkTFAoFLs/QwAAAAAAgGiiWI2xFCNZl+dcrjMyzrA7SlT89MqfavMzT0d0zeHXXadmf+wLuUAwJNewy2O+78nGSBiilDPvUkeAjxsAAAAAAHDyoOmwgctK0Lcu+ZbdMSLuyxd9Wc4Wv7b+9ncRXXfQRRfp46aILtkjzQFDzkE8wKq/MiYsVHuH3SkAAAAAAAAii2LVDpY0LHnYSfcgq2vOuUZrvlgS8XWdaWn6YFfsnyS/qyUoR3puzPc9mSSPKpScQ2VxBAAAAAAAADjJUKzaxGUl6IsTiuyOETFPXf+ktr32ihThAi3rjjvk9wciumZP7Wi25HBl2rL3ycBMGqmkUbepI+iwOwoAAAAAAEDEUazaKMWRqh9O+6HdMfrt5tyblaEUbXrksYivPfSKK7S9zYj4uj2xrTkkw3BIpsuW/Qe69PP/W/4OPmIAAAAAAMDJidbDRoYlnZF2ugonFNodpV+KLijSB/d/MyprJ2Zl6aPd9kysSlIwZMnlnmbb/gNVypl3yzLTZVmW3VEAAAAAAACigmLVZi655D3Tq0kjJtkdpU8evepR7X5rpdq3bIn42pmXXCLLkva0R3zpHmsNWErIHJh/NnYxk7PlOm26AiGn3VEAAAAAAACihmI1DqQaKfr2Zd9Wuivd7ii9MjVnqkaljdSGud+PyvrDr75a+9rtnXjc3RqSI32crRkGmkEX/kL+YLLdMQAAAAAAAKKKYjVOBPwdevSqR+2O0Sv3Tb5P6x/8QdTWTx07VvX77X2avK/ZkiPRbWuGgSTjwl+qoyNodwwAAAAAAICoo1iNE07DKX/Ar29f9m27o/TIQ96H1PxRnRrffjsq6ycMHSpHYqI27rO3WP24MSTD5CvtPZF67gOynMMVsvhYAQAAAAAAJz8akDgyOCFT2emjdFPuTXZHOa6xw8bqfPc4rbt/VtT2GPG5z6mt3b6HVnUVsiwlDLnM7hhxLTHrBjkGTVbQctkdBQAAAAAAICYoVuPMMNcwXXP2NTp/+Pl2RzmmeVPnaeMTT0R1j8F5edrSEtUteqwtICUM+aTdMeKWM32sknNKFLCS7I4CAAAAAAAQMxSrcSjdTNODUx9UoiPR7ihHeWDKA+rw+bTr5Veiuo9r2DCt2x0fZ3XuaQ3JmRG/RbetzCRlXPCI/AEmVQEAAAAAwKmFYjVO+dvb9bNrfmZ3jMMMTR6qKaOm6P0vfSWq+7ivvlrBYEht8XESgHa2hmQmjbQ7RlzK/MTv1B4nRzYAAAAAAADEEsVqnDJlKsVM1g8KfmB3lIMevepRbX7m6ajvM+xTn9KuVivq+/TU5v0hmXE4PWy39HHzFbBcsqz4+bMCAAAAAACIFYrVOGZapk5PPV1f/8TX7Y6ieybdI2drh7b+9ndR3yv5rLO0YW8o6vv0lD8kWZKcgy60O0rcSMv9nqzkMQqFHHZHAQAAAAAAsAXFapxLdaToE1mf0Nc/aW+5eu2512pNUXHU90k591wZDoe2NsdPsSpJ7YGQEobk2R0jLqSN+a7MtEkKiSleAAAAAABw6qJYHQCSjERdPOJifTPvm7bs/+R1v9b2116VQtEvO0+7/nq1tMfHQ6u62u83lDBovN0xbJd63ndkpl+kgMXDqgAAAAAAwKmNYnWASDaSdP7QcXpgygMx3ffm3Js1yEzVx488GpP9Bl10kRqaYrJVr+xsDshMOdPuGLZKPW+2zIxPUKoCAAAAAACIYnVASXem69zMc/Sd/O/EbM+iC4r0wZHoxOsAAAfySURBVP2zYrafMz1dH+yKv4nVLU0hmY4ku2PYJu2878jM+KSClKoAAAAAAACSKFYHnHRnukaljdIPvD+I+l6PXvWo9rz9lto3b476XpKUdfvtCnTEX6kqSU1+ybIkM/Vsu6PEXOp5s2UMmkypCgAAAAAA0AXF6gA0xDVYpyeP1MLPLIzaHlfkXKFRaafro+/Ni9oeRxpy+eXa1hqz7XqtI2TJNfQyu2PEVOqY78kclKdgyGl3FAAAAAAAgLhCsTpApTpT5U4cpsenPx6V9e+ffL/WP/j9qKx9LEmnn666PYGY7tkbjX5Dzozz7Y4RMxkTn5BSJlCqAgAAAAAAdINidQBLNBM11DVET17/ZETXfcj7kJo/qlPj229HdN3jGTR5sixL2tMWsy17bVdLUI60c+yOEROZn3xWlmu0LDPF7igAAAAAAABxiWJ1gHPIoTQjVZU3VkZkvbHDxup89ziti+EDqyRp+DXXaH+7FdM9e2trU1CmM83uGFFlJp2uIfnV6rAyFAzZnQYAAAAAACB+UayeBAwZSrIS9ZsbfqOx7rH9Wmve1Hna+MQTEUrWc2ljx6q+Mb6bvD1tkmGYMhNPsztKVCQMvVyDLvyl2lrbZFnxXXIDAAAAAADYjWL1ZGFJyUrSd/O/q8IJhX1a4j+n/KcCvp3a9fIrEQ53fM7Bg+VIStKGvfFdrEpSIGQpYejldseIuOQz71LqOd9Se4dhdxQAAAAAAIABgWL1JOMImrpy9Ge08DMLZRo9/+MdmjxUl426TLVf+nIU03Uv65Zb1NYevw+t6qqpQ0rInGh3jIhKH/uQEoZ/Vv4AD6kCAAAAAADoKYrVk5BLLo1MztKfbv2TLhxxYY/ueeSqR7T52WejnKx7g6dM0ZYWW7butd0tQZlpY+yOERlmkjIueFxKm6hAyGF3GgAAAAAAgAGFYvUkZcpUe2ub7r34Xt058c7jXnvPpHvkagtoa1VVjNIdzjVsmD7cHbRl797a1hySw5Vpd4x+SxxxtYZcukTBxLMVDPH1fwAAAAAAgN6iWD3JZToGafL/b+9eYqOq4jiO/2bmzqvtTDudKQzSpJWKQmwFWkpjaUyLLQSppGEBcQMRFholpAkrE13IkoXGhIRNBXZdsCIh0sRUWJBAiGGFiRs1QR6hSFvLozP36aKCorzazszt0O9ne+ee88sks/nlP+cs26AjW4+oMlz5xM/0v96vK3ueXb4WS2bLFjm2o+nyOAlAY/c9BQJBKVjhd5Q5S771lWINnyiXM+W5C/9cWwAAAAAAgIWIYnURSEVSqg2ndGLghDrrOx979u37Qxob/V6y/Wk2M319Gs+X18Sk43qK1vX4HWPWIumNqu0alRtfLcvhpw8AAAAAADAftCuLhBEw5Jmu9q79UAc2HJAk7Vi1Q9XBSl39+hvfclU0Nem3yfI4BuChB5Yno6bV7xizUrX6S8VXfqZcLi/X8fyOAwAAAAAAUPa4BnyRSYaSWr+0Tce2H1O6Iq0rH33sW5Z4U5MChqEb90zfMszFeM7V8uSbfsd4IUaiWYmWw7KdoCybv/0DAAAAAAAUChOri1AsGFMylJA5MaHswIBvOZYODOhBvrymVaWZc1ZD0YzfMZ6rcsWnqmo+rLwpOQ6lKgAAAAAAQCFRrC5SruvKi8VV3dWltlOnlOnrK3mGmrY2/X6v5NvO2/W7rgKBkN8xnipW/4Fqu35QcMl2mZbfaQAAAAAAAF5OFKuLnGsYypumXtm9W81Hj6qiqalkexvJpH6+U34Tq5LkeVI40+13jMeEazcq9fYpRet3K5fLybHL87sFAAAAAAAoBxSrkCS5sZgCdXVaeeiQXj14UMFotKj7ZXfulGXZRd2jmKZtT+FUu98xJEnBigYlW4dU+cbnMu2ILJvLqQAAAAAAAIqNy6vwiOd5ciIRJTo6tKajQ3fOndO148flTk8XfK90d7fGcoGCr1sqE9OuliZ8vsAqGFHVqi8UrmmXZUu2xTmqAAAAAAAApcLEKv7HDQRkBQJK9fRo3fCwGvbvVzAeL+gesfp6/TJevhOrtx+4CsaW+bN5MKZ4wx6lOr9TILFBedOV61KqAgAAAAAAlBITq3gqR5JjWarp7lamt1d3Rkd1dWho3hOs1e3t8iSN5woS0xc37rpamy3ucQn/FYwtV7xxnyKZd+TYtvI5s6T7AwAAAAAA4B8Uq3gux/PkWJaqN23Sunff1e2REY2dPq3ctWtzWq9u61bdzZf3hKXpzhydYNSslz35Y1H3MqrXqKJxn0KVr8l2QxSqAAAAAAAACwDFKl6YY9tyJKU2b1a6t1fWrVu6PjysifPnZ7VOoqVFP02V/wVLeUeKpDqKVqxG6jYp3rBXgXC1bCcs23Q1M0cMAAAAAAAAv1GsYtYcx5EjKZjNqmFwUI2Dg/rjzBndPHlS9tTUM981kkmF4nH9ejVfmrBF9GdeSte0FHTNgJGcKVQb98nzPNlOWJ7lSSrvCV8AAAAAAICXDcUq5sx13Ud1X+22bVrS36+JS5c0fvasJi9efOI72V27lM+X76VV/3b7vq26dMP8FwpVKFrXo2h2m4zKFbLMnEwr9PfD8p/sBQAAAAAAeBlRrKIgHk6xVrW3K9naKiMW09TlyxobGdHkhQuPPlfb2anr87v7asG4ec9V85LY3F4ORhTJ9CiafU9GYpVcOyfHiyqXdyVFCpoTAAAAAAAAhfcXzPAEZBF1bsoAAAAASUVORK5CYII=" height="600" width="800" />
<img src="data:image/png;base64,iVBORw0KGgoAAAANSUhEUgAABVYAAAJcCAYAAAASBf/6AAAAAXNSR0IArs4c6QAAIABJREFUeJzs3XeYVdW9//H32nufMmd6Y2aYoQ69gw2VAcEeNdbYYlDUeHPNTeINSW4wicj1JqTZ4i83ieZGgxi7KGoiRkEFK12kF2GoM2d6OW2X9fvjnBkYGBhIlGK+rzwmzNlrr732nvP4PPnw3d+ltNYaIYQQQgghhBBCCCGEEABMnTq1yzHGUViHEEIIIYQQQgghhBBCfKFIsCqEEEIIIYQQQgghhBBHSIJVIYQQQgghhBBCCCGEOEISrAohhBBCCCGEEEIIIcQRkmBVCCGEEEIIIYQQQgghjpAEq0IIIYQQQgghhBBCCHGEJFgVQgghhBBCCCGEEEKIIyTBqhBCCCGEEEIIIYQQQhwhCVaFEEIIIYQQQgghhBDiCEmwKoQQQgghhBBCCCGEEEdIglUhhBBCCCGEEEIIIYQ4QhKsCiGEEEIIIYQQQgghxBGSYFUIIYQQQgghhBBCCCGOkHWsF/BZqY81UNm8k62N29jRsotdrbupi9UTc2N42gOdGqjA05ozS07lthFTMJRky0IIIYQQQgghhBBCiCNzQgerCTfBqpq1LNz5Lqtq1lAfr8clGaIqFEopAJQCpVUyW1VgezYndRstoaoQQgghhBBCCCGEEOIfcsIGq2vrNvLUumdZUbsKNBgolGFgYQLJqlTXc8kN5OChabVbUErheA6jCkYwumjEMb4DIYQQQgghhBBCCCHEieqEDFbX123iJ+/9D7aXwDQslNLoVJWqpz0czyE/mM9ZpeNIeAne3f1BslpVazzghkHXYBkn5K0LIYQQQgghhBBCCCGOAydcutgUb+IXS+7D8RJYholOJqpopbE9hyxfBlf3v4JBeQNYtOt95m17Aw+NoRQJN8HE0gkMyC0/1rchhBBCCCGEEEIIIYQ4gZ1wwerLW15jd6SakBls/8z2HCxlcUXfS/hy+Zeoj9XzwPLfUdm8HcuwUpWsGp/pZ/KQa9p7rwohhBBCCCGEEEIIIcQ/4oQKVhtijby69XUChh8NaK1xtcvY4lO5buBV9Mwq47VP3+CR1Y8B4DMsNKCUIuHEmTzoegpCBcf0HoQQQgghhBBCCCGEECe+EypY3dSwhcZEE0HDj60d8gK53Dr0Rs4sPY24G+e3yx/mjR0LMJWFgYFGoxQ4nkOvrJ5cXH7Bsb4FIYQQQgghhBBCCCHEF8AJFaxuqN+I1h6OdjmrtIKvDb6WwlA+NdE6frnkQdbVr8NSPpRib+9VrdFovjXyG4R8acf6FoQQQgghhBBCCCGEEF8AJ0yw6mmPj2vXYCqTb464jXN6TcBQBlWt1fxiyQNsbNiM3/ShNaCT5ygg4sS4ffitDMrvfyyXL4QQQgghhBBCCCGE+AI5YYLVqBPFb/i4e+ydnFQ0EoBwpJa7P/g5O1t24Td8QLKfalu6GnXiXFH+Zb5Uft4xXLkQQgghhBBCCCGEEOKL5oQJVg1l8K1R/0ZhavMp27V5cPnv2N6yM7mZldKgdfuGVoYyuLb/lVw/+CuYyjzGqxdCCCGEEEIIIYQQQnyRnDDBapqVRpqV7JGqteYv655jcfVSAlYaMRyUVvhNP6XpJZzabTSnl5xK/5zex3jVQgghhBBCCCGEEEKIL6ITJljd15bGShZUfcTpZePpnVZA7/QSuqUXUZheREGoAKWMY71EIYQQQgghhBBCCCHEF9gJGaz2yCjmjxN+jnIdvNYarGgjOmGj3WpwHXQwB+UPHetlCiGEEEIIIYQQQgghvqCOn2BVe+h4C9hRCGSgfGlwkMpTX+MOvNWv4q2fj1O/g5jWyU2rDBNt+jHzyjDKRmGVV2CWDEcFMo/yzQghhBBCCCGEEEIIIb7IlNZaH8sF6NYw9uaFuJsX4tZsgUQUglmYuT0wSwZj9j4ds3AAWIG958Qa8Rp3opur8eorcXeuxN2zFq85DG0hKwAKo7Af/lGXYQ25COVPPzY3KYQQQgghhBBCCCGEOGFMnTq1yzHHLlj1HBKfzCXx/mN4DTvBMJK9UZWB9jwUHlqDMkzM7sPwjb4cq//ZKCvY6XS6tRY3vBFn41vY616HaDMYBhpQWmN2H0qg4t8xe556dO9TCCGEEEIIIYQQQghxQjlug1UdbyL+1gPYK14Cw0z+A+B5oN2945SBArTWKMDsdRKB8bdjlow45Pxeww4Sq17C/ugJtGujTAvtOqAUwUnfwT/6GjCOny4IQgghhBBCCCGEEEKI48dxGaxqO0L0xe/hbPkQZfkBlQxTNRilQzF7nISRnod2HXTjTrzwJtyqDckWAdoD00fwil/j6zuuy2u54fXE5v0Ub9caMH2gNdq1CZx2A4EJ3wZlfv43LIQQQgghhBBCCCGEOKEcf8Gq9oj+fSb2sudRvlTPVM/BSM8ncPZ3McvHH/iqv2vjNe7A2biAxIo56PqdYFqkfeVBrN6nd33JWCOxv/8cZ+0bYFpoACdB8Pz/wj/q6s/8FoUQQgghhBBCCCGEECe2wwlWjaOwjnb2Jy/hLH1un1DVRaXnJ0PSged13j/V9GHk9cF/2s2k3/An/Kd9De25RF/6ITra0OU1VTCb4AV3YQ2aBI6NApTpIz7v57i1Wz7bGxRCCCGEEEIIIYQQQvxLOGrBqte0m9iC34DlT36gAe2RdunPMQoHHtYcKr2QwMT/JHTlr9GRehIfv3h45/nSCJ73I1RRf3BdUAYoRXz+feA5R3wv8XicSDSK53mHHKe1JhaL0RqJEI/Hj/g6XUkkErRGIsRi//zctm0TiUSIRKIkEgkcxzno/R1ukbPjukSjUSKRCIlE4p9e47HgaY+qSJioE/uH50i4NtWRGrxjtE+cEEIIIYQQQgghhPjsHbUdnOxlT0G0EaxUtaoTw3fGzZilo454LqvfREJXP0TsrYfwj7kG5Uvr8hwVzCJ43p1EZ08BPDD9OFvew9mzGqv7yA5jq6qq+eDDD8nNzcH1PCrOPBPLsmhqauL5OXOYN28eTc0tPPTAA5SX9z3gWjt37WLhwkW8/fY7fLp1K7FYlPy8PIYNH8748RWMO+MMAoHAIddb39DA++9/QEZGBg0NDYw78wzy8vLQWrNi5ce89tprrPrkExoaGgiF0ijvW86ECROYeNYE0tK6fh4ArZEIy5avYMH8+SxfsYLW1lZQCtMwyM3NobCwG+mhEMFgkFAoRGNzEzXVYb71rW8xZPCgTue0bYcVK1fw1ttv88EHH1JXV4fWmszMTIYMHszZZ5/NKaecTG5OTqfnb6jfzEd7lpBhpVMbq2d0t5GMKTr0ZmUAH+1Zxub6LQTMADXxOi7sdTY9sspYumc5y8OrcLVDrj+HqBuj1Y7QlGjBxSFkhSgKdWNgbn+G5A8kbb+q6ZZEC99a8H1OKRrD1JP+A0Md2d9FaDT/98njLNz5HvdP+BlF6d2O6HwhhBBCCCGEEEIIcXw6KsGqbq0hseqV5AZSAFpDIB3/6H+8x6lVPoG0UF5yrsM9p3gwZq+TcLctA9NCKYX98dwDgtVP1qzme9/7HhoYO/Y0Jk6YwO49e/jG7d9k9SerMA0TZRj49wtHW1paeOzPj/P/fvv/8Pl8DBs2jJ49e5CIx1m2bBlLly7lqaeeYvz48cy4+266lxQfdK3RaJQ7f/QjIpEIpmny8tyXCAaD/PyXv+TJJ59EobB8FtrTxBMJVq5cyQsvvMBpY8fy85k/o6y09JDPYvWatUyfPp0lS5bQu08fbr3lFsaMGY1pmHy8ahWPPvoo7733HpmZWXzlK1/BcVxqwjU0NDYSj3devbl+wwbue+AB3nzjDUzT4rrrrmPs2LFkhEJs2rKZOXPm8ORTTzFo8CDuvusuzjj9wB65cTvGE+ufxWdYaK3pm9PrkPfRpro1zKx1T+JLfcdOLz6FHsCK8Cc8v/kl0sw0PDy+OuBqemT2IOHF2dzwKfN3vEPcjWEpH70zezL1pG/RI2vvs6uO1BD34ryz8z0u7XshA/L6H9Z62uxs2sUrW/+GpUzizolZtSuEEEIIIYQQQgghDnRUglWnai26tQ7lS1UDujbW0AsxMv+56j2zZPiRnWBYWAMm4W5b0v6zu+VddKwRFcxuH5YeSsfn82HbNv369SMSifIf3/wPVi5fTm5+Hk7CJp6Ikx4KtZ8TiUa57Rv/ztKlS/n5zJlUjBtHTm4OlmniuC5VVdXc/8ADzJ07lwUL5tPU2Mjjs/6M3+/vdKnpoXQKCwuprKwkKysLv8/PHd/9HhvWr2Pmz37GsGHDyMvNo7aulgUL3uK3//u/aO3xwfvv861vf4cnn5hNMNhJz1pgzdp1XHPtNTQ3NXPNNdcw/a6fkJ6e3n584MABnH/eufzgv6bx9zf/TmtLK/8143sEAoGDtgdYumw5N918My3NTQwcOIiHfvMb+vcrbz8+btyZXH/ttTz73PP8+Mc/5sabpvCH3/+OSRMndpjHVZqA4cc0DLTWmMp36N9pit/y4zf9mMpEofCbyedqGRZ+w4/GI8uXwSXlFxDcpyr10vKL+NXS37CtuZItzZ/y08W/5v7xPyMtVQVdH29Mtj5QMGfTq3z/lG8fdtWqpz0eX/c0CoUGmhLNh3WeEEIIIYQQQgghhDj+HZUeq+62xah9wiiNxup7JqCOxuU7MPL7oNuuqwy8lhq85j0dxhTk5+N4LgDpaek8/MdH2FNdzZ8efZQXX3iB5557lrvvnoFt761AbG5qpqmxiVdffpnLL7uUgoJ8LNMEwDJNSruX8NN7/puzzjoL0zRZsmQJc1959aDrtCyTtGAApRSWafKjn/yEgN/Hy3Nf4qorr2TQwIF061bI4EGDuP3fv8F9996L1hBMS2P58uW8Of+tTueNRqN87/vfJx6PU1BYyA//6wcdQtU2WVlZ/PR/7iE7O5u/PPkEj/zxj8nnZxgYRsevTV1dHbd/85vEo1Hy8vL5w+9/3yFUbeP3+7n+umv50kUX4bku37j9drZu29ZhTKaVjlIKrcFDk+vPOugz2lfQ8Ke+ThqlFBm+VOhtKJQyUCiUYRFzO1aNlmV25xvDb0ZrD5/ys7N1F6tq1rQf39O6JxnUGhbv7fmQLQ2fHtZ6ANbUrOPd3R/iN5Ihb3U0fNjnCiGEEEIIIYQQQojj29EJVnevAWNvcawyLIyc7kfj0gdSJsrcpwpSgxfe3GFIY1MjlmkSCASY89IcXnvtNZ579hkmnTWBXj17MnDAAK6/9hqKioraz0lLC3Lffb+mXyeBYptAIMDt//4NHNfD8lnMmTMH27Y7HWtZFqbPj1KKuvp6Vq9Zw8yf/ZTMzMxOx59/3rnccMMNRKNRAgE/zz//LI5z4MZcn6xew7q1awHFl7/8ZfLy8g663vz8PM6edDZ+f4Df/e737KmqOmCM1prfPPRbwuFqXM/jO9/+Nr169jjonEopvn7rrZiWies4/Pa3/9thMyxHO4ACBYYyiOvOn8/+QlZasiuEUqAUtk4G45lWOlp7uFoTMHz4jQOLtLtnFJPuy8DDw8BgW3Nl+7GmeDMeHmiFRvP0+hfw9KE3LQNwPIfH1z2NoVRb3kt9rOGw7kUIIYQQQgghhBBCHP+OSrCqW2ugvWJVJytGg51vXvT5L8ZLhm8kwzxlGHh1HasmNclQD6WoDof5/ve+T0nxwfuhQrLCc0D/rvtvlpaWkpuTg1IG27dvJxaPdzrONE3SQyE8zyMej/Pt//gPMjIyDjn31Vdd1X7umrXraI1EDhizePHiVMWpZuTIkQcc39/AAQMwDINYPMay5csPOL57zx6eevopgsE00kMhzjvv3C7n7N27F8XFxfh8fl57bR51dfXtx0zD2vul1BA0D73JV5uIl8CnzFT7AIOQmXzdP9efjaNdDKWwlEFnVdKu5ya/EiSrZPMCue3HqqM1oFNV1srio+plbGnY2uV6luxZzid1a7CUCSp5fkOi6bDuRQghhBBCCCGEEEIc/45KsJosJWyrSkwlWNH6g43+fCkDHJt9AzYd7xhA+nx+NBrXcSgtLeXUU075zC4f8PvJz89Haw/HcYgfIlhNCwRwXRfLNBk5YkSXc+fl55Gbm4v2IBJppaWl5YAxn27diuWzAEVmxoEtAPaXkZnZvkHYzh27Dji+cOEibNvGdV1OPvkkCgsKup4zPZ3yvuVorYnFY6xZs/fV+zQzmPymaI1GtwekXUkzg3h4aK1RKAKpHqutbgRLmRhK4em2itiOqiNhmhPJZxUwfIzpNgqAuJtgd+seTMMkGY0m/zN73TO4qYrYzkTtKH9e+ySWsjBVskJWKUU4EkZz+JutCSGEEEIIIYQQQojj19EJVpXZ8WfPxms+Nv0mdbQBve+r3J4HZscNktp6ozquy9AhQwjts0nVP8vTmmg00n4dy+p8/zCtk71ClVIEgkHy8w/+yv6+687Py0vFfxCLHRja5ufn47rJANJzu36lvaGhHmWoZJ9Rf8fn5HkeHy1ejGmaOI7DaaeNxTTNg8y0zzotKxkAa43j2DTvEwD7Ut8VDR02oepKhi+tfZMpRbLyFaAp0YJlWKljBtZ+rQCaEy3MXvc0Go3jOdwyZDK5aclqatdzqInWAnBR7wsImgEsZbK4aikb6zq2j9jX+7sWs7npU/rnlHNZ+cU4notCUROtJeEeXmsDIYQQQgghhBBCCHF86zzV+4ypjHy8hh2o9oBV4W77CF//s47G5TvwwptSe7SnamgNg/03eTdNE3SyY0B6ejqm+c/lz1prGhob2bRpM0/85Qmqq8MYysAwDfy+zne9V0rR2NyM3+/HMBTGYQSWnudhOzaGkdysKRA48DX6k08awx9+/3tMy2Tb9u1dzrlp4+b23qUDBgzocCyRSLBlyxYMw8A0Td6cP5+mpmbq6mrJzMomEPARDATxtEcsGicWjxGNRulWWMiSpUsxTZPW1gQtzftU1qbeyVep/3p244t0SyvANCyanRYMZRI0gxgYRL0YrmcTMtPYHalCKaNDuApgpOZr+40n3ARBM0BTvJl1dRt5fO2TfNq8jdxANpMHXc+5vSe2LyViR2lMNOF6Dl/qfS5+w8dTm57HMiz+uHoWvxg3I1XNulfUjjJr3ZNYyuQr/S8jZIV4euPzmMqkKdFE1I62V9MKIYQQQgghhBBCiBPXUQlWzW798bYvA5IhlDItnHWvo8f9GyqYfTSWkOTauNs+glQYltxUyEPldNxsSalk9Ko1GEbXgeb+6usb2LptK5u3bGHD+g1s2LSRutp6EokYfXr3IS8vj7raWswuKlbbqlYNw6C1k9f69+elzmm7h8xOerKOGTOGvLw8GpsaefONN7lx8tfwHWQNTc3NvP3OWyilKCkpZtiwoR2Ot0YihMPhZJCrFDU1Yd5Z+A6h9HTSQyECgQDxeBzLNPD7/TiOi+M6bN6yhV69etGzZw+01pSU7Ne/NtUC10DxafM2qmJhDEz8ph+fYeF6Hgltg/bQ2iPNSqMh3rj33APm0qmK0TA/fu9/yPZlUBWtoS5Wx8iCEZzdcyKnlZxEaUZJh1PD0RocXPxmgAx/Ohf2OZdnNs3BNEzW1W/g4/AnjC7q2Kf2lS2vsTtSxaiC4ZxcNJotjVsxUotqsJsPa+MrIYQQQgghhBBCCHH8OzrBaskwbP303g+Ugdccxt6wAP+Iy47GEgBwG3fi7loN+74Orl2M4sEdxiX7dKb+7B1+ELZz1y6eefZZnnnmGerrG+jXrx/nnnsuk2/4Gj16lFFaWkosGuX6G75GXV0tluUjEong93ddwajUgZsuHTAGUpW2Cr/fTyweI5usDmPycnOZMWMG37njOyxZuoRXXnmVyy+79IC5PK15+OFHqKmtxTRM7rrrrgOCWp9lkUj1iI1EIkz/yV2MG3dmh7UahtEhJG4LfoH2Pyc309pHarMoUNwx6nb65vTu8t5Xh9dy5/v/zQHJqgadCldzgnmAYmXtaixlYZkW1w64goH5nW86Vh9rwHFt8kN5GIZBQSCfc3pM4M0d72Aqkz+tmc19BUPwpVpJ1EfreWbTiygFNw6+DtMwyfRlglIowHYTNCWayUvL7fR6QgghhBBCCCGEEOLEcXSC1e7DwRcEz937qrcVJP7WA1jlZ2KkFx6NZWB/8jK4CbCCJBM3DcFsjP2CLs/zkq+Tq2TAeDhWr1nDlJtvpqqqmp69evF///dHTh4z5oDX8ZuammhtbQUgEAig9g8VU5RS7ZtGHS7TNPGnNrzy+XwHDWO/dOEF1NffzQMP3M+dP7qTpuYmzjv3XHJzctBaUx0O86c/Pcpjjz1GXl4eP/rxjzh74sQD5tGAlWplYJkmkUi00x6rbb1i2+/rsChc7eI3Om+VcKBkVeoBn6pkr1YPTZoV4ocnfYeHVv6BNXXrcFyHXy9/iF+cOaPTsHN36x48NLnBbAJm8vd4Vf/LeHvne2g0nzZt492dH3BWzwoAXtj0Co2JRs4oOo2Becmw1m/6CJlBYm4crT3qYvX0zu55mPckhBBCCCGEEEIIIY5XR2XzKiO7O0bv09DePjuyGyZEm4nN+xn6KGzo4zZsx17yFJh+2jpu4rmYpcMw0jvuZO/tW6V6GOFmU1MzU6bcTF1dPd1Lu/PE449z5umnd9rj1LEdHMfB8zQBv699o6z9aa1Jz0jHcZwD13QQhmGiANd1sSyTUFrnm24ZhsHXbvgqDz74G5Qy+NnPfsYNX5vMLV//OlNuuZWvTb6R999/n+9OncrLc+dy1RVXdBqIpgWDlJWV4rrJwHznrh1drrErer9X5R3tHGRkR452k39QbfOkqmF1skrWAGJOhOKMbtwx+t/J8icreasiVdy3/LfYnXwHd7TsxkCR7c/CSDXiLc3szkW9z8f2bCxl8fj6Z4i7Capbw8z99K/4DD83DLq6vfeqUgaZ/qzkN05BVaT6yB6IEEIIIYQQQgghhDguHZWKVZRJ4ORriGx8a58PNVh+3I0Lib/5C4Jn/yAVen72dKKF+Os/QztxlLlPBaR28Q0+v73naptkiKkAdVgVq2/Of5PqcDU+y8dVV15Fzx5lhxzveS6e52Ga1oGvwacopbAsH45t4/r9ZHTSL3V/8UQc27FRCkzDxLIO3h/2w48WM+Oee5gy5Wauvfor+P0+wrW1aK0pyMsnNzeHYDB4yOv5/X5Gjx7D8mXLQSnWrF3f/sr/P8r23GS1cOqxO+7hBasRN3nfmmSQaqdC/IJgPrZn4zN9KCDqxChOL+Inp3yf77/7EyxlsTK8isfW/IVbh09ur3p1PZc9kSo0mvxgfnuwCnBh73N4dds80JrqSDV/2/J3drbuIubGOL/n2ZTn9m0fG/IFyfRlUhWpxkXTnOi6V64QQgghhBBCCCGEOP4dlYpVALN0NFbZKNg/KLN82MvnEHvjF+hE5DO/rrajxF7/Ke7WxfuFqh6EcrH6jjvgnLbqUKXA8w4drGqtWbjoXQKBIChFWWnpIccn7ASO4+L3+4nGoh16ju6/hkQikWqdoAmFOq8+3ZfrONi2jWVaaDTxVP/T/YXDNXxt8tdwbZtvffN2evQoo6ioiGFDhjB86FBKSoq7DFXbfPmSi9EqGbLOn/8m1dXhwzrvYFrdaPIPSqFQNDuH951wvAQKAwPwtEfUjQHJClhN8nmaysSnkn+XMDC/P18feiNxL4Hf8PHilldZtOOD9vmiTozqSBiFQbY/s8O1umeWcH6Ps7G1i9/0MWvdU7y5/W0sZXFJ3ws7BMs+w0eGP5TsGas19fGGf/zhCCGEEEIIIYQQQojjxlELVpXpJ3DWtzsPEi0/9sq5RF/8Ll7Nps/sml7TbmIvT8Ne8waYHXt1asfGP/ZGVCe9NR3XSdUtpran70IikUiN1zQ1Nx1yrM/y0drailLqoNWqAI7j0NraimWZaA119V0Hclrr1Gv5yQ4GiUTnLRbmvPgitu1QUFiAz/fPFS0PHjSIcyadTTwep6Wlhcdnzz6i82tqajp8J/yGiac9FJCMRA+vz2zICqbaBiT7qSa85L3XxBrwGSZKJdsFtH0OcFHf85lUNqE9XL1/+W/ZXP8pAHWxehoTTSgDcoI5B1zvy+UXEjQCqU4RmoSXYGJpBeU5fTqMM5RBlj8LjcZQiqrWMG5b2wIhhBBCCCGEEEIIccI6asEqgFk6Ev/pN4Id6+SgD3frUlpn30JiyRPoln+8F6WOt2B/8hKRv9yKs2lRx0pVFHgORn5P/COvPMgEGk8ng7B4InHQqlJIvrI/ZvQoEokEpmHw9oK32vui7i+eSHD//ffjOA6u6x6yFYDjOMTiMZRKvtoejXZduRmLxYnF4niexjAUmZmdtw+Ix+NYlsXateuY+8orhGtqiEQiOI5DJBIhGo0Sj8cPeh/7MgyD6dPvIisrC9M0+eP//R9PP/tsl+dprXn2uef53R8e7lDhGXcSqNTr/JoDe64eTH2sERMD0GgNPpVsg+DoRCqaVSTcBMY+1zKUwa1DJ1OU1g2tPVzt8tPFv6Yl0UrCTZDwEiityEn1Y91XSUYxk3pMwPbs9k3OvjLgsg4tA9rkBrPRaBQGVdHqw25vIIQQQgghhBBCCCGOX0enx2o7RWDszbjbFuPuWo2yAuytSNRgWuDEib95H4mlT+EbcQlWv4kYOWUoX9qhp/ZcvMadONs+wPl4Lm7VekClKlX3CUa1C1qTdvE9KH96p1NlZ+fguA6mYeLYXW+sdeEFF3Lf/Q/gui6Lly7ld394mK/fcnOH1+nXrVvPjP/+b4YOHUrfvn3Ztm0rlZWV1NXX072k5IA5HdfFTtiQChkPVn26r1B6iEQ8jtYaz9MHDYQnTZrIbx56iEQiwZ3T7iQvP5/s7GwCfj8a8Pt8BIJBAoEARUVFDBk8mDPOOJ0+vXt3Ol9JcTF/fOQRvvGNf6Ourp7p06ezY8dOrr/2Gkr2u7eEbbNmzVr+9OifePHFF/nD7//Q4XjcjeNpD8swUdqjxY52ed8AlmFiawe/Sv4zcjkcAAAgAElEQVS+GxJNlNKduJsKxlUyWHX32wQsO5jFf518B1MX/gif4SMcDfP7j//EoNz+aK0xlXnQnrFX9ruEv1fOJ+7anNxtND2yOu+tGzADGBgopaiL1RFxogSsAzc2E0IIIYQQQgghhBAnjqMcrILyp5N22a+IPHEzuqk6GaZ2GKDA8qObq4kvfJjEu49idOuHWTwEo7AcI7sErGCyV6tpopurcOsqcXevxtuzFuKtgAKjk1vTGu15BC+Yhlky/KBr3L17N67jELdj2IlEaqOpg28EVVJSzK9++Uu+c8cdaK158MEHeHfRIk4bexo+y8fHqz5m2fIVTP3P/+Taa65mwHMD+K8f/pC62lpu/fptjK+o4Morr6R/v/L2OWPRGFVVe9r7pLa0NHf5bOvr60nYCeyETUN9PZFIlLS0AwPpIYMHc/999/Gbhx5i+/bthMNhqqqqkm0EANM0SGaRCkMplGEQCAS47rpr+c63v02okznHjB7FM08/wy9//SveeONNHvrNb5j15z9TMX48ffv0IZSeTmNDA4uXLGbVqk/o3bs3f37sz4yv6Njj1tMenvbQmGjAdjvvE3vAvccaU9WiKtlKIJUpGxg42iWgTOKeTX28gaxAx56pA/L6MWXwV3l07RP4TT+Ldn3Ah3uW4Df8eHhYnX2XgG7phZzbcyIvbnmV6/pf2Wm1KkC6lU5yWy1F3E1QE60jt5P2AkIIIYQQQgghhBDixKH0od5z/xy5jTuJPX07bsPO/V7V74TnQXL7HyAZ+KEUuq36MFWRqJSR2uypE1qjPYfAhNsJnDYFOPjO9Rs3buL5F+aQX5CP6zpMufFGAoGuKwxXfvwxj8+ezQcffEhdbS2GaZKdncWkiWcz5aYb6ds32X/TdV1eefWvfPTRRxiGwcknn8T4igpyc/f2e91TVcWsWY9TUFBIdXU1l1xyEUOHDDnk9Tdu2sScF1+iIL+AcE0Nt94yhfy8vE7HNre0cN/99/Pkk08ycuQoBgwcQElxCfl5eTQ0NFBVXcXG9RtZvnIFjuNgmibRaITrr/8qM6bfddCg2XEcPv54Fa/89a+8u2gRu3bvxnEcLNMkLRTizDPP4KIvXcQZp4/tdEOunS17qGqtwmf6cDyHolA3umcUd/nsNzd8SkuiBWUYuK5Dn+ze5ASz+bRhG42JJgzDwPVcBucNIGgduDFX3E2wrGoFISsNn+kn3QqS8FxanVb6ZPUiO3BgOwCApngzm5u2MrJg6EGD1epImO3NO/GZPlzPpW9274POJ4QQQgghhBBCCCGOvalTp3Y55pgFqwBeQyWxV+/G3bESLB+kemQeiqZjJLr/z51fKFmJGZj4bfwnXQ8HCcAOek2tD/o6eGdja2pqCYerSQuF6FZYSHp65y0HjpUPPvyQaXf+iPy8fO6+ezoD+vfD7/cfMM62bTZs2sTPf/4LPvroQ3w+P7FYjLkvvcSQwYO6vE5ra4T6hnoaGxtJS0ujID+frCwJFIUQQgghhBBCCCHE8e24D1YBdKyR+Ad/wl78ZLLydP/WAIc7D/sHrKl95V0HI7MbwS9Nx+p12j+/4BPc2nXrufiSSxgwYABP/eUJsrOzuzynqamZm26+mTVr1mDbCaZPn87kG244CqsVQgghhBBCCCGEEOLoO5xg9chKNz8HKphN8Kz/JO3a32L2GAWe015hekTz7PuDBlwbPA//6CsIffWPEqoC8USCu6bfhW0nmPrd7x5WqAqQlZXJ9ddfh23bmIZJTU3t57xSIYQQQgghhBBCCCGOb0d986qDsXqcgnnVMNzNb5FYOQd3+8pkwKpMtFJdv4qvNehUz1XDwBpyHv7RV2GWjv78F3+C2Lx5C6s+XkVWVhZ9+vQ+onN79uiJaZo4jkOvnj0/pxUKIYQQQgghhBBCCHFiOG6CVQDlS8MadCFWv0m4e1bjbPsIZ8u7eOEtyUpWndzASnkuGMkd4JObVSmw/JjdBmD2PhVrwCTM/PKDb2T1L6quro6EbeMPBA5rM64OFKA1lmXRf8CAQw71PI+du3ZhJxKkp6dTVFQEQDyeIFwTxnWTFcnZWVnk5OSgtaaqqppEIoHWGo3GNE26l5TQ3NKCY9sUFBQAUN/QgOs47T+3SSQS7N69G9d1yc3NIzc3p/1Ya2uEcDgMaPLy8tr7vNbV1eE4Dt26dQOgoaEBJzV3TW0tkdYInvZQKHJyc8jepz9sa2uE6upqDENRVFREMBjEcRyqqqpxXAd0st+uP+CnpLi4/S8G4vE44ZoaunXrht/nw7ZtqqqrKS4qwrYdwjXh5DPQmrS0NLoVFnb4SwXXdamqrkZrTUlxMYZh0NraSrimhrzc3PZ7cxyHnbt2UVJc3N4/NxaLUVNTS/fuJRiGkVpvFcXFxe2bkTU3N9Pc0kL3kpIOz9d1PaqqqojHYwSDQYpT95RIJNhTVYXWGjR42iMzI4Pc3Fz2VFVhKNU+trm5mbq6evLz8wgEAlRVV+O5LlonvzMZGekUFBRQVVVFRkYGGRkZAITDYdLS0nBdl7r6eizLQimFY9sEg2kUFxcd8vsohBBCCCGEEEII8Xk4roLVdlYAs2wMZtkY/KfeiG6pxquvxGvchY42JEMrO4bhD6HSslG5PTHyemGE8sA6wsDwX4jP78MyTRKJBA0NjZSVlh72uZVbK4nFYowaM5qB/fsddJxt2/xt3uts3fopubm51NXXM2LYcM6aMJ76+jqeff55cnNzwdM0NDbypQsuoLy8L3PmvoRlmmRkZOJ5HmnBIBdecD4fr/yYJcuXc9stN5ORkcHixUtobm7iyiuuaL9mIh5n7iuv0NTSgmmY1NXXccWll9KrVy/27NnDnJfmYpkmls9Hc3Mzl196KT16lPH+hx9SV1/P166/HoAVK1ZQU1vHVVdewVtvvc3O3bvJzcnGsR2i8Rhf/tJF9OjZg5qaGp59YQ5+n0UinsDy+bjumqsBeOb558nJziYYDOB5Hnk5uRSd1609uKyurua5F+bw1euvo1thIY2NTTz3/Avc+LUbqKmpYe6rr1KUCnrr6uoYOWIEFePGYRjJrh2xWIyX5r5MS2sLt06ZQm5uLu++9z4rPl7JmaefzplnnAHAxo2beOGll7joggsYNWokAFVVVTzz3PN86YLzGTp0KM3NzTz7wgvcetNNZGRmorXmb/PmsXVbJf926y3trSISiQR//dtrbN+5g5ysbMK1tQwbMphzzj6b2ro6nn72ObqnQl7P8+jbty/Dhw3luedfwHVdbr15CllZWbz19tusXb+B8845m7LSMp559jny8vIIBPzYtkPfPn3Iycnhb6/Nw+f3c901V2OaJm/Mn8/ggQPx+/0sWbaM1tZWEgmb3JwciouLKC4+97C/x0IIIYQQQgghhBCfleMzWN2H8qWhcnth5PY61ks54Q0ZNIic3ByqqqpZvnw5w4YOOazzYvE4jz/xOMpQ/GjanYesdl2xYgWVlZVMvuEGMjMzqaqq4slnnqV/v3KCwTS0p7nyssvIyMjg7XcW8s6iRZSUFOM4DmdVVDBo0KDkRBqUoQBNLBZj4aJ3ufCC81GGQu23TVlNbS3btu9g8levp7CwkI8WL6axqQnXdXnt9b/Tt08fJp41AcMwWLZsGS+9/DK33jwFn+XrOJdSqWtCwk4wasRwJowfj9aal15+mfc/+pDSslL+9tprDBrQn4px40gkErw273VqamspLChAex4XXXgBhYWFydvQuj0U3XsZhd/na7tke0Wq52lCaWlcfdVV+Hw+Nm7cyMuv/pWRI0aQk7O3Atfn8+GzfOzatZusrCx27dpFwB/A83RqHo9Vq1dTUlTE8o9XMmzY0GSVJ8mWGm/MX0B5eXl72NvWobi+vp7q6jDZ2Vms37CRU085GYDlK1awe/dubkz9Tnfv2s1HixcTj8dRgGkYXHnF5R2+F5FIBNNMVsXW1taSlpZGVVWYQMCf7NqR2jPvyxdflAzaUzzPw+/3sXV7JevXr2fIkCF4WuN5msGDBzNw4EDeffc9duzaydVXXonRfg9CCCGEEEIIIYQQR9dxH6yKz05mZibf/94PmPq973LvffdxyiknM2jgwEOeE43FuOvuu1m6dCk//OG09rCtM1prNmzezOiRe4PA7t2706OslPUbNjJ82FCUYVBfX08sFiMcDpOVmYllWQR8PpauWEnljh3J1/MLCznl5JNxPU2vnj3ZvGULlZWVZGZm0tTQ1OG6eXl5dCss4NnnX6BXzx4MHDCAvn370tzcTG1tLRecd2776/BDhw7lvQ8/pLo6jGF0Esol8z4sy6Kqupo1a9biui7h6jCnnXoKzc3N7Kmu5sILLsCyLCzL4orLLwOguakZ0zRZuOhdMjIzcByH3r16M3TI4PbplWGg0by9cCEBf4BINIKnNUopDENh2zZr164lEAiwZcundOtWSCgU2ucZg8+y6N+vH7v37KFbt0JMy6K4uBjXdYBkpWttbQ3XXXMNTz7zLHv27KGsrAxPe2Tn5OD3WSx6911OPukkLNNs3/nt41WrGDJoEOXlfXn1tdcYPWoklmWx6pPVjBk9mqysLGKxGKH0EBMmjMeyLLTWeNrjjTfn4/P5iMXjnDW+gmAwiGlalPctY/v27QSDQQJBP2mhIJ7npu7X4O13FhIKhbBtmyGDB9O7dy8Mw2Rgv3689c5CSktLSQum4Tg2SqlkGJz6XysVTgshhBBCCCGEEEIcCxKs/ou54vJLqaur5Ze/+hWXX3ElP585k/HjK8jJzu7Qy7O5pYVPVn3Cffffz/IVK7j77ruZcuONXW4i5joOltXxa2UaJradSP2keeVvr2EZBlnZ2e2hp+NpMtJDdCsoxHGSr3lDsrVAr549GDFsKG+8OZ+yslJMs2MFaDAY5KorrmDjxk1s2LiRF19+mfFnnkl5eTlAh4pRpZIVr57nYhgQ8O8TzmkwUnMbhkFjYxOfrFnD1q1bmVBRwYgRI6iurm6fZ39tIWN2Vhb5+fk4rkNmRnqn40LBNNJTx3Rq0zWlFI7jsmXrNjZv2UJJcTFfufLK9lA4OQZsx6Fnjx6s27CeVZ+spntJCfF4nLaEdO26dWSkp6O1Jj8vl6XLl1NWVoZCEfD5OPfss3luzhwy0tPx+/0YhoFt23yyejVjTz0Vv99PpDXKnj176NGjB4l4HF8qxNywYQOL3nsP23a49JKLCYXSUSjy83IJBALYto1lmmitcV2XPr17s3HTJhK2Tc+yHtTV16WqVTWe1mRnZ5Gbk4tt26SlBYFkH9pTTz6ZjZs38dY7C/E8r0MI3vbok593/C4IIYQQQgghhBBCHC0SrP6LMU2Tf7vt65xyyik8+thj/PjHPyGUHmLQoEHk5+XhoWlqbOTTT7fS3NTE+LMm8D//cw8Du9iwCpLBYGn37qxZu54xY8bg8/loaWmhcscOzj/nHAzDwFAGl15yMfl5ee2hXjwex3Uchg0dSr9UGNpGa000EuX0sWNZvXYtK1etYsjAQR3GrFu/nsrt2znvnHMYMWI477//PqtWr2HYsGH4AwE2bdrcvkHV9srtOI5DYWEh1eEadu3e3T5PNB5De8mQM5FIMGjgAM44/XTenD+ftevXMWrUSHJzkwHirl27yM/PR2vNa6/NY8CA/hQVFaE9zamnntK+idT+tOehlMFpp51KVlYW9fX1rNuwPhnKeh5paWl8+eKL2L59Oy/OfZmqqip69drbBkMDjuuQnZONZVosWbaMy758CZs2bsLyWdi2zZq161BK8fKrf8VxbHbs2EkkEsHn8xGNRSnsVsj4ceOY9/e/kx4KYVkWe/bsIRqNsWbdetau30Ag4Gf5ihX06NGD/v37s37jBkaOHMGIESMoLi7hL08/RSJhEwppUIrTTjutQ8jZ3NyM47rk5iZD05WrVnHZJZdQXRNOtQJI/m7HnnoqofS94bPrurieB0oxftw4/vjoY9iOQ7++fTo8AyGEEEIIIYQQQohjTYLVf1FjRo9izOgH2L1nD1u3bmP79u00NDSQlhYkGEyjZ88e9O3Tp71X6OE6ecwYNm3ewjPPPkef3r1Zu349hfn5DOjfj5raWjTJCtNgMNh+jtbJcG7J0qXs2VOVfKVdw8knn4RhKOKxOKZpcs6kSTw6axbxRKLDNUuKinnl1b8SiUTpXlLMshUrGTlyBKFQiHMmnsUrf/0bzS3N+Cwfy1asoOLMM0lPT6dP7168s2gRc195heysLFavXsPFF30JSAariXgcpRTjzjyTRx59lPnzF3DBBedz/rnnMveVVwnX1NDQ0MjmLVsYO/Y0dOqV/rffWUhOTg6u65AWTGPMmNHtFZ+e1mjPIxqNkZWVheM47SGj53m4roPruvTu3ZsRw4cz56W53DLlJjIzM9seFrFojGAgQGn37mzaspn8vDxWRiIUFBaybds2otEot91yC/6AH8dx+PPjs1n58SpKu3fHcVw812Xo0CEsX7mS2tpa4vE4H3z0EaNGjeSs8eNRSlFTU8OsJ55gfEMDZ5w+llmzn+DJp5+hvE9fKndUopQiNzcHz/PQ2mP+/AUEAn4c16W4qIju3bsTj8cJBgMUdevGnqoq8vLzaW1pxfM8kjvQaRa8/TZZWdm4rkNmRgZDhw5Fe26q5UA6Z00Yz19fm5c6J8l1XBzbPvIvvRBCCCGEEEIIIcRnyLz77rvvPtaLEMdOZkYGPcrKGDp0CCedNIaRI0YwdMgQykpLSU8/8DX2rgSDQfr3KycaixGuraVvn96cNWECgWAQ1/WwLJOeZWXtQWMb0zCxLItEIo7retiOTc8ePQj4/WTn5FBQUEAoFCI9FKKgoICiVAVq2zX7lZdTW1NLbX0dQ4cM4aTRozFNk8LCQspKu1MVriGeiHPm6WMZPnwYSinS09PpWVZGdThMNBbj1FNOYdDAgSil8DyP4qIicnNzsSyLsu7dqWtooKy0lKKiIkqKitm5axehUIgLzjuXgoKC9mAVBbadwLYdDENRVlq6d6MorbF8Pnr26NH+ir9Sil49e2JZFsFgGj3KyjAMg+7dS3Ach1AoRPY+FbCGYdC9pITMzCwyMjIoL++LRpOfl0c8Eadvnz6UlnbHMAwsyyInJxlcFhYWkJaWRklJCT6fj+4lJQSDQYqLi2hqbuak0aMJhUIYhkEoFEIpRWZGBnl5efTvV45t21SHw3Tr1o1JEyZQWFjYvgmVqz0c2yZhO4TS0igq6oZpGvTp3ZusrExycrLp3asXWmtKiovJyspur3C17QS242CaFmWlpRimSXFJMRnp6eTn5WOaBmWlpe1VwFprsrOzKS4u7rI1hRBCCCGEEEIcT8LhMIsWLWLBggXMmzePdevWUVNTQ3Z29j/0/8H/Wcn9VH5Iz5496d69+1G/vjjx3XnnnTzwwAM8+eSTfPLJJ5x99tnHekmfmddff73LMUq3JSNCCCGEEEIIIYQQ4jMXiUR44oknWLhwYftn+fn51NbWtv9cUVHBV7/61Q4bGH/eHn74YRYtWkRFRQVf//rXj9p1xRfDd77zHZYvX97hs9GjR/Pggw8eoxV9tqZOndrlGAlWhRBCCCGEEEKI49DaRyczs/Im7p0+ic6atHV1/JDC85kxdSEV905n0hGeHJ4/g6nbrmbWlMGf63W+KLZt28bMmTOJRCKMGzeO888/v8NeGtu2bWPevHksWrSIUCjEtGnTOhz/PCxcuJA5c+ZQU1PT/llBQQGXX345FRUVn+u1xRfH4MF7/x3wy1/+kh/84AcArF279lgt6TN1OMGqbKkthBBCCCGEEEIctxbyv48eGFKE589g5oJjsBxxRCKRCDNnzkRrzT333MNtt91Gr169CIfDrFu3jnA4TK9evbjtttuYNm0aWuv2EPbzMnv2bB555JEOoSpATU0NjzzyCC+88MLndm1I/oXAjPnhAz6bPPlROnzTw/OZMXkG+w3dT5j5Mw6c77iz9tED7+9o2vdZHtZz7dp7771HY2MjjY2NjB8/nnPOOYfx48fT2NjIe++995ks+0Qgm1cJIYQQQgghhBDHq54VVFR+wFoGs7c2LMyqhTBxYjkLKvcZu/ZRJndIWycybdYUBpMMrj7odROVjz3GZsq56Uf7VSWmzi2/6V6mTyoE1vLo5Jm0zzZxGrOmDE5Wqz62GZjJ5MqbuHd6Ca9MfoZe0ypYOPMxNgOUH6KK9hBrJLXOvYf3PRZm/oypPLY5dehQ1ziOzJ49m0gkwj333NNehTp79uwOvRsHDRrEHXfcweDBg7njjjuYOXMms2fP5rbbbvvM17Nt27Yu+0a++OKLnHTSSZ9b1WxBr3I2L1xFeFLb7y/M7spyyssX8MHaKbQVQYZXLWRzeQW3H++/5H9Rr7/+Opdccgn33nsvAK7rcu+997Jr1y5ef/11zjjjjGO8wqNDKlaFEEIIIYQQQojjVgnDKyr5YN9St/AqFlLB2H1zr7WPMnlmJTfdO4tZs2Yxa9Y0JrKAmftUuy54bBtXz5rFrFnTmZTX+bn7hqpMa5vrXm6qnMmM+WEKJ03n3pvKk0Fre7C5mcdmts09i2k9H2PqjPkcUBDXxRrD82ckWxuk5rn3pkpmzphPOBWqLqy4N3Ve6hqdVPIeT9o2qho3blynoeqgQYNIS0tj3bp1PPzww0Dy1epx48axaNEiwuHPvgpz3rx5hzVu316wn7XC4RWUb95Ge71s6vt8dUU5lbv33nPNts2UVww/7sPzE07hJKbP+mxac1x88cXYtt3hn8/jLwSOZ1KxKoQQQgghhBBCHMcKh1dQ+cpa2kr5wqsWQsXtFLBP+DV4CrNm7XvWYMZOhA7dAiaO5YCuqDXzmTFzAROnzWoPWsLzn2HBxGnMah9cyKTbb2Lh1FdYO2kKBZ2sceK0vVWngy++ifKpC1kVnsSkDks61BrX8spjm5k4bXp7kFY4aTqzJgFrH+UxbuLefZKgwVOmMXHyM8y/+Pjt3bps2TIAzj///PbPKioqqKmp4fLLL6dXr14sXbqUBx98sH1s2/hFixaxbNmyDud+FvZ//f9gKisrux70jyosoScL2R2GwYVAzTY29xzL4OEV8L9tlaxhdldCz7Ftv9yOFdQTp83iYC1+O1Q9pyqtgVS/31RVNeXc1Nb3t60P8E3/n717j4+qvvM//p7JJCSBBJgkBEswQ0PQYHHX4ArIRApFbX9q1e6WcOlSbHdtFymypmXrhYLVli4VC1Xp1m0fsPwkXPa39VL7sFgrhUQBC7jVQuRWAoTKJROEQK4zc35/nJnJzGSSzCQhmZDX8/FILXPO+Z7vOd8z33POZz7ne67VunXmgnnzVmq+1viysxWUyd1OObEIKSOsniHZ2VM1b94JrSsr0sql01S9dq6Wq2Xec28/qRLftKxo6xY87nH1Ws1dLk2duk3bfPssZFvbcc8996iiokJnzpyR3W7+UlNTU6MLFy7onnvuaXdZt9utZre7zemJNptstr4RsuwbtQQAAAAAoL/KGqeiE6/7hgMwhwEomp8lfRhh3lYBm/YKPqp1y49KmqoZQUGq6uNHpW3LNbfVGK5tFZan3OBoa9Y1ulZHdbxaihiFjVTHcx/rhPJUFGH+cx+fkI5uU8ncda3WO6+NGsWD48ePS1LII/W5ublatGiRJDOj1Z9BmpGRETJP8PLd6aOPPopqvisaWFWBJk49qi0fntO0aVmq2LVNUyc+IGVJ1x7dYgbks6p1/OhUTSyQzEDjcp2Yt1Lrp2X5jp8n9XaEoGFL1rMZnH37yRI9+fZKLZ1WrbUl63Tto+u1tMAXkCxZq2sCQ00c1brjM7R+/QO+zOoSrZm3UuvXZ/mGvzB/VChQRUg5qliruSHlROOc3l4TVMa5t/VkScuPBBVrS8wfEtZPU5YqtHbuNikvmheKdbZu23Qi19xWc9vX6O1x7QeLX3zxRU2aNEllZWU6d+6ciouLJUlvvPGGPvroI/3N3/yNXnzxxXazV8+cPt3mtJycnHZrHE8IrAIAAAAAENeyNK7ohNa8fU5Lx5mPTbcadzIoWDnVF1ipWDtXyzsoeeqj6zVx11wtXzsxKGNOYRl0Yavq7GZ0so6S+syYqsGqq6uVmRkpsmy+NX316tWqq6tTRkZGINjql5GREXV26ZVwJV+eJfnGWT1ubt/HJ/KUe7fkD7juqpZUvUvbpk7UA5I5VMDRqZqx1Nf6WdM0Y+o6X2A2uNRz+rDsqPKK5vuOkyxNW7rezJqueF3bNFWPFviLmKGp65abY7pmSlKe5t1d4K+c8pSnonG+Uq65tmUVFbu0LW+eVrakZ2teXknI2LAdM+sVUH1cRyWZodMK7domTX3Uf6wX6O55edoWzcgM7dUt8mHoM1Uz/FHUzFzlqe2g+qlTp/Tqq6/q+uuvV0ZGhm644QbV1NQEhrKQpBtuuEEZGRkaPXq01qxZo3vvvVcjRowIKcdmsyk9PV0XL15stY709PQ+k60qEVgFAAAAACDuZfkek66QOQxAlkIDnOc+LNPRdoKhkZmZpuaj+8u1dqL5eHVmbp5U9rHOqSDKQKYvO9U/cxvZp+3WMTjLNSt80rWSb0zOvhRYzczMbDNDtKysTHV1dRo5cqQef/xxpaamhkx3uVwqiD5SF5VYM2CPHz9+xV5glTWuSHllH+vcuY9DfigomDhVy3dV6O7cE8ozo62+wOM2LQ9PoZ4anhJdreNHpWtntD5Kzn18QsoriphAHYu2sqfzAuMaRCdkuIK8POV1sV4d1q2rG+6zc+dOTZw4UVlZWfJ4PPrc5z6no0eP6rQv+3T48OHKy8uTx+NRfn6+hgwZop07d+of/uEfWpU1ZMgQ1V66JMPrDXxmsVo1ZMiQ7qlsDyGwCgAAAABAvMsapyKVaPm6PM1b2UYA50RLMPTc20+agZt2hwLwlz1N8+eVqWT5Wk1c/4AKfNl8a94eFxhrMXgsx0i2bUWS2egAACAASURBVHlbd/sySiteX6ejUx/V0vDob7t1NDPzSoLKMR9Llh5db2behWTVBqbF8gh2z8rNzVV5eXnEAOX999+vgoICXX/99a2CqpGGEOgO0b64Knj+K/YioqxrdO3RXaqulo5eO7ElYJ6Zq7wTH+tDSUV3B2dRTtWMiG0dfIBlyvxNoHWQs7uC81nXXCvlFUWRPV2htXO3KNc3XEFIYPfc29qyrfUYr13Vbt266T1oR44c0fjx4+X2jY+ampqqcePGady4cSHz+acPHTpUR44ciViW1WrV4PR0ffLJJ4HPBqeny2q1dk9le0jfqi0AAAAAAP1SlsYV5Ul5RRoXIaKTNW2+5mmdSubO1dy5c1VyfIZWzsuTtu1SRTSlT5uveXnbtHxthaQCPbBynrSuRHP95QW9ICdrXJHyti3X3LlrA2VPvfZ4YN3LT8zTyghZqR3VMWvaUj16bcv0uctPaN7KB1SgLE1b+qimblseqE+8B1UlqbCwUFLkgObWrVv1n//5n21OC16+O1RUVKi8vDymZfxB4SujQBOnntCuXSc0dWJQK2aNU5HKVHbiWl2TFfRZ3jZtedsfHazQ2rlz9eTb4dFC8ztytOzDQByxYu1czV1bIRVM1FRt0y7fAXvu7S3aJv8YrrFUe6KmHl2n1/0H/rm39eTcuVrb6kuWqdy8oyr70KxJ9fGj0rXXBAU8fdnZ8v0QEbRf7p6Xp21b3vZtg/lSt0CpucHfaXPog9jr1jnnz5+X1WpVU1NTTH9Wq1Xnz5+PWGZ6erosvkCqxWpVenp691S2B5GxCgAAAABAHCp4YL2CRmJU1rSlWj+trX8HjScZEDQ9rCxlTdPS4MLCl281va1lK7RLkiY+oPUPPNDBvB3UUb5tjlCMVKAH1q9XxElxKisrS06nU+Xl5SoqKgp5tL+iwox2hb8kyh8AdTqdysrqvoEPVq1a1anlli9frv/4j//otnoEy8yVtq2T5t0d/GmWrrn2qI5qRlDQ3AysH59bosBT7lMfNV9kFZaKmTVtqR49Prflcfi8eVq51CzpgZXz9GTJXM01J/iC9rEqCCtHypu3Uq1/R8jStPnzVFbir/NUPbo+MMCrZkxdp+XL52qbpKmPmj8a+IfBCN2GPE2dmif/sKf+sWHNYRHyNG/eVCmQ7NpO3bohY/X8+fOy2Wxqbm6OaTmbzabz589r6NChraZZfY/+n6+p0ZAhQ/pctqokWQzDMHq7EgAAAAAAoC+q0FozfTRCcAl1dXX613/9V1ksFj366KOBx/uPHz+uvXv3avz48YHP/C+0MgxDP/nJT1oNEdAVL730UqsgbjSuvfZafeUrX+m2eiB2wcNw9OYYw3/4wx908OBBTZgwIabldu/ereuuu06f/exn25zn9OnTGj58eFer2O1KSko6nIeMVQAAAAAAgCsgNTVVjz32mH74wx9qyZIlKioq0h133KHc3NyQIOubb76psrIypaSk6LHHHuvWoKqkiMHR48ePq76+PvDvlJSUK/ayKvR9ly9fVkJCgjweT0zLJSQk6PLly+3OE49B1WgRWAUAAAAAAJ1kPqKPtuXm5uonP/mJXnrpJZWVlamszHx2OzMzU9XV1YH5nE6nvvKVr3R7ULUtH330kTZs2BD495w5cwisok35+fl67bXX9Mc//lHJyckaOHCg0tLSNHDgQCUnJ0uSGhoadPnyZdXW1ury5ctqaGiQFF3mZ1/FUAAAAAAAAAA94Ny5c9q3b5+OHz+u6upqZWZmKjc3V4WFhd06pmo06urq9OKLL2rfvn0qLCzUgw8+2GNBXaAviCYgTGAVAAAAAAAAAIJEE1jte6/bAgAAAAAAAIBeRmAVAAAAAAAAAGJEYBUAAAAAAAAAYkRgFQAAAAAAAABiRGAVAAAAAAAAAGJk6+0KAAAAxMq47FLjjuflrtwto+58R3P7/mu50tW6ClhkHXyNUu79d1mzRvd2ZQAAAIC4RsYqAADocxq2rVLzgd92GFQ1DENmQJWganQMeS/8VXUvf7u3KwIAAADEPQKrAACgz3Ef2xnVfIRTO8eoPdPbVQAAAADinu3y5cu9XQcAAIDYNEV5/WIhtNpZXCMCAAAA7bOZj8gBAAAALbhGBAAAANrHUAAAAAAAAAAAECMCqwAAAAAAAAAQIwKrAAAAAAAAABAjAqsAAAAAAAAAECMCqwAAAAAAAAAQIwKrAAAAAAAAABAjAqsAAAAAAAAAECMCqwAAAAAAAAAQIwKrAAAAAAAAABAjAqsAAAAAAAAAECNbb1egTYdKNX9VuRyzntLiooz253WVacWSnZr01GJ1NGu3LtsDXGUrtGRjZesJjll6anGRzCofUun8VdKiNZo9xr9Mjhatma0xbZbZ9vQr75BK57+ikXG6z3uMq0wrlmxUhNY1ORdpzZ1n4vr4jI15nJZHmuRcpDWze+loLJ2vVTLX7ypboSUn7+uduhwq1fxXRgZ9r3u8Aiqdv0pVbfa5HU1vr+hSmV1UtH1O0LES0tfFCd/5qTVnF/vVON/uPixxxptKHpnWekLNb1S79uluWUfyAzuVqLbKe0KpJXdJf56kuq3dsrqYJc54U8lZh9XwwkNq7oX1t3k9E9b/u8pWaMnOSVfg+HepbMUSnbzPvFbq+7q3z45lv/fqubJPa+s6yKFZV8V1HgAA/VOcBlZdKnulXE6nU+Ubt+pQ0RUMAGYUafGaoitVeveIEHQ6VDpfS1ao7QtgR5VeWVGmr4dPP1Tqu7HJuXL1RXRCjr22bvjGxP/xGZNINw/mjcaKkZ0I2HWDMbPXaE2PrzWO7fylSrMXhx2HLpWtMG8GHT1Rh0N7VB7vgcUI9XOVrdCS+aWdD672he3uy1oFUYuV8tAipT2gbguuogOtrmfMc9/80pbPM4oW66o67V1p3dRns997SuvrIFfZCi1ZUqrsXkt4AAAAXRGfgVXXAe2sdOq+xTdL5au059BsjQm70jhUOl/+hCGH0xk8xcyGXDRJO1f5sgEds/TU4mxtDfxKHHRRE5Kx6lt2Vo42bvT/ntzVDKQrY8yds+RYclIuqY0b8EmalLNTB1xFIRdvh/b4AtYR0wbjSFhGmHNRaMAxuP19M5g3ZZEy41xlWrHkpO7zfRaaNRPnWQLBx6d827FIWuXf+EBWqz/zNex47WA/xocxunOWQ0t2HpCryB9QMm+2W5opLNgUlu0byGx3lWnFL6VJORu1sVySc5GeGvlKWBZOaIa3P2P1qZGv+I6LVZpfZa7PVTpfr4xcpEk7V/nqYh4v2VuD+p+QbKCwbJSgIIKZ4TNJs6o2BrYrsGxQOy2Zf7JX+5ycSZNUteeQQjpd1wHtlFNOR7mqpMiZ/jFkpR4qna9XRs5SzsaNgX3lDMm4N3fQkvkbfZ+HHQ+9mOHcnoyi++Tc+IrOuKQxGVJHx8MvNSmwD26e5tCet8O3O7y/Cv5+H1Lp/D0aOatKGzdWSo5ZemTSTj178j4t0iq1dBFrdOeZoDJC9l3YflXw8RzF+bCt72GgfpG3PX5sVv0L+UotuUupdz7tyyQ1g6225Ja5jJOrdGnLZvMfhS9o0NRCWSJNkyTdoNSSnUrw/csTnqH6qY1KK/GFuhr2hWWPmlmt/mXDy05+YKcS7UFlBQWKkx/YKevlfbKOLJRFtXJvu0P1+4LLq5WnJvY9dOVlqGjxIp2cv0qlNwcd874+W2Hfk8jfi/DzeKRjL6PlWF81PyiLs52+Jfx8Mm6c9OHgkO/AlcuujV5UfbZfq2z7lu90+H5v63zVsu9bzpUZaq9NouhLOqpXW+dO/+a2dzz0geugjLGT5NDJwL+Dn6SRFHrOdUV+YsIx6yktzt7a9rS4vdAFAKDvi8vAquvATlU679MYjZGc0qo9hzQ76ILxUOl8raqapafWFCnDf1EshyYF5qjUxlcm6ak1a5Thu8BeMt+hWU+t0ZoM3/JbD6ko4pVVpTbu9C9rlr2q9OY4vCHs2Nibc/TLAy4VBd3o7il36uZFiu/AaiBAs8a86HaVacWSFSrzXSiHtr9/fv9N2c1yKjQY33I8Bd04rFncsmyfyhIo16o9i7RmzWzfflml+eVO374yj9dXyu4MCta1vR/jl7kdOyc9pTWLfaHQ0vlaUprt+x4eUumSjcpZtEaLx8j89/wlKs1eo9kZkio3msuu8YVoy6Jba0bRYj2l0McbXZIqN76iScF9x5L5cszylX+oVPNX+bPqWwK2a8a0bMeKsqAbmvKNOumffqhU81f9UmVjF6tozGytWaReHgrAJ3usJu3cqkNmDyzJ/A5p0n0audN3k54xVpMcG7UzqH85tMccuiXa71Hlxp2B/eoqW6Elq0p185rZGlO0WGuyg4dF8PXxOYu0ZvEYRcpwi08dHw/B+0CSvnZj6HAQLcO2LG7pv0IyYsu18eQirVnjD9buNH+MXLRGZhexQktWzVe50zePq0wrlryisjsXqygjfL/61+c7JjOk9s+H7XwPx0TxXYgbT8tbc5dsg4slyQyq1v1GtS+YAUtzCIGvK6VwsxmonFoobyBY+oRSSxYp9c7NLcFTe4aMbZNUu8+37Gc2KnnrLDX4JifYpeaVk9QgMxia/NAL0gsPqdkXVLWeXKXaLZsDZQ+aIV3astkMqqbuU8NKXyD2zo1K+0xwQFhKGGkPlK3w8nwB4UBF4soY3eyUXmn5RSJE+Pek/fO4malZNesprQkKnK4oe0qLFz8lhTwZEkXfEnI+MY/rlusLlw7srJTzvsXx32dLvnNOlWY9tSYo4Lmq7Wvcts5Xkc6VHV5btdOXRFOvtuqSId+TWC39ZMi6+8h1kOvATmnW16M7f46ZbV4D+pf1nSfuK8qQ1N40AABwpVgNw1B8/R3U1o2Vco7Pl2EYyr9jphzlr2hHdcv0PeWS816n7IYhw7DL+bWZckiBMqTg6fka75TkvFdOuzk9f7xTqjqt6qD5Iy9rV8FER8i8Pf8nSeGfVWvHLzeq0jle+UH1Vvgy+eOVs3N/S90P7lG5c7zyA7P3Xju3vf5q7XilXM6HZwW2zbA79bWZ0satB832m/WCXviOv43M7XQGtt9s7/I9BwPl7d/pP54OautGaebXgpedpYed5XplR3Wv7g/DMGSEtGHkfSU5NPOOfN9+KdBEh+SYeYdvX5nHa+XJ6qj2Y/y0u/mdd0wsMNvl4FZt1Ex9zWkPzJM/62E5ff1A9Y5XVO6YqTvy/cvna9YLL2hWfss+mlhgDyq/9Xco5Pui4Olh8ypC3yGn7vXXLX+8nKrSaX+9nA8H6uHvm7Rxqw76yw6ud/54OVWpk9Vt17M32keGXQUTq7TnoP/zau3fKXOfBvab71gL9C8Htac8fL8H/4X1OWH71V4wUQ7ffmy1Lw5u1cZKpx6elR+yX0PPCz39F7mtDpauUrljogrs0R4P5ryRy/WdC4O+w3bn1zTT0dJfSQqcKwPLBx1j5n4N7zP8x5xdzu+8oBdmtSxvzh/d+bC972HH296Nx2s38FyulWVgvswM1kkhwwI0Hzmsttf0tOpWhmWk1uxQ/b7gZTNkKQxa159bgqwNf9onIzlftkIpccZtSmjYp8ZAhurTqvtzpSwj71OypIa1k1QbnN26db884dWp2d8SN73zBiWoUm5/efseUuPJ2qj2R7Ce+N4YhiF7jv/cFT6fwr4nHZzHff1FoI/2Heff8f/b3Kio+5bQ80nY9UX1fu2sdGp8fqz7oZu/A1H12eZ+euGF7wT63cD1ccTzn2I4X3V8bSW1c20dTb3arIt5rdNyHeQvb5by4/Y6qFIbl8zX/Pktf0s2VgYd/0bYdUlLW7cqr3qHfrlRmvn9oG2MZhp//PHHH3/88Rf1XzTiL2P10F6VO2bq+/6fbTPGaqJjk3b5M6NcZ1QlhyYG//iakd3hiKGOnD78a235aj0UnmHqmKnvz+rot+0xGp/zamA4gEN7y+UcP0vS3itU0e7gUlWlVL76odaD+zvD5iz7sb63qbLV5DHjndLqvTo0a4zGuA5oV6VT946R79ipVPn3HtKmsKIdM7t3K3pSTnakYzv6/dizKrUp4v7/vr7jy6hwnamSKsv1vYdazaWZklxVlVLOvb2XIeTIibhul7nDW39Xe3eHd0rG2ImqetP3aKnrgHZpor6WIR0Im8exqcocjsR1RlWOibrjCjSK60yV5JgYus+j6POvuMpNEY5Rpx5+wcw2PdTV4yHSuU4Zyo55w3MUsYsIcmjjQ1odqKdDE6OpXjvfw6vhuxD62L0/IPm0mk/epuTP7FTaZ9SJF1/VyjgX9M99H8s7tVCWLClhYJpU93HoS6XO1ciQPaSE8JdwtQqu+ucbnCE1HA6Z3nzBpeSsGKobjzo4j0fsL9osKva+Zcx4p/TqGbk0RhmuKlU6x8fF0y7R9NkBrjL9+HubWl6c2dWvZXddW3WqXua1Ts69fek6yKGZ3/9OaMbsoY16aPWrKrvjOzFk0h7Sxu9tkmZ+P8Iy7U0DAADdzRZtBLZnuFT2arlUqdY3rJVv6pBzpvKN4F9tQ2cJ/Sxseqtoc2gEuq1ljeBf5bu6eZ1gGJKcD+v5mfkRJ4bWyax3cJ3zx+do9ZuH5Jwp7S13avxMQ8bhtpbvWZHa0M/58POKvMmGXGXPaOnmSklOPfz8t5Wvw9q0YLUC7ZY/Xk6t1t5DM2U/vUuVznuDMnsdKn7y2xEvNHv3u2AEZSgEfxx0fCr8WG29TPh/29uPvSN0/x/etECry1uyi8y6SXIU68lvR3ok3lDL4RthGyJ8n9v+Dofu69BlwuaM1HdEmt7Od9UVVT16r69pYciwF2hC1VrtqP62xh7YJU14wMw0klr6UnuBJjg2Bb5nIfO0WXQb+63NftiQ2umD2+tDrri2jtHgenb6eGjr3BS0jmjOV0ETAn1F0DLm98+3Lc8XKcNVpmeW7o7qfNhSlTY78SjPW51n6XiWqCQMTJNx2exZAgHVBt9j94UvaNDUlu1o3nJHyKP4aSV3RRhntfu1BFQr1bzyDjX4HvW/0rrzXNFW/yqZwXjHCLtCzm+Rvv8dnMfNoV/a6kdDj//2ru8in3NlXl9Uvqr91U4N31su5/iZvXztIEXdZ7vK9MzSzaqUeW3w7XxfHyB1vN+D12WEtWWH11aukGV9VWopP4Z6tX/ujLx34u86KEK/nn+7ih1LtWt/tZxBO7Htc6RLZc+sVrnzYT0fdP1kam8aAAC4Eqy9XYEQrgPaXelQ8ZPP6/nng/6eLJZD5dp7WFLGcOWoUqeCX8LgOh06OD9a5I+Xs3yvDh/eaw4D0Nv16ZBdIxxS1WlXG9NdOrC7Us6Hn9fzz89sY3t8j+vtLTPnHe+bK9Kxc9XqaD/Gh/yZT6rYUa7Vz5TJX9OM4TlS5Sm11Ux2c8MUb1sWr/XqnAyNnSDtPnBYB3ZLE8ZGSnnJ0NgJDt/3rK15uqEmkY6HPtDnd/l4iNhfuXS62zb8sPaW+863EX/EaF9729e3vgtPyGqXvBc2+/5/rdzbwh67j2TrLNWunKSGk7WyZN2mxKjWlSZLcMZo4TWy+rJYPZdrpdRrQsvJsvuCx8WyZaXJ8+dJql05K6phUpsvuKRke+BFWJIvizUuHdbecilneBT16+A83tH5o8N5O+xb8jXeWandB8rMH6vj5qKq4z7bdWC3Kp0P6/nnIwcaO7/qrl1bda1e7V3r9I3roGBRfQckucrWanOlUw9H2GHtTQMAAFdGXAVWXQd2q9IxQa2uBzOKdK9TKt97WFK+bi92qPxVfyDGpbK1m1XZqjSY8jXeWa7Vq8tbAoxxLUNF9zpVuXmtygLXwi6VPbNAz7R8EHSh7PtlPqyU/PFOqXyzNlc6NCLwJKXv2Fm9KZD1KB3WpgULtOmwrjLR7cfel6GiB4rlqNyspf5GyL/dDLYGN8rhTVqwwGy3jKJ75azcrN8FJre/XebN824d8E12lb3a+rHA7tgSX73WBtXDVfaMFgQFjfuSjLETpM2rtVkR+uSgeRzlm9udp8taHQ++Pt95b1w/4tj146F1f+W/Yb632zY8OBhyWJuWRn8ube972He+C8VKeeguJdT8Jmic1ODgp/myqpbM2CeUWrJTqXe2LG/LSpNxbkf7QdggCaNf8AVPi5UyqVAW35iszVt2yJNcqAEzilvW9RmHjJOvBAKp1sH+ab56t7eira/I3eCQzV9e4QsaEDSEQPxoya6LLg7UwXnc11+8GnTsHd60QAsineQ72bfkj3eqcvPmuPuxOpo+O/gHD1fZM0FDgHRFN1xbdbpe/mud37Ws21WmZxY8ozJXX7kOknT4d9pc2RKot49wSOV7A9t0+HdBffPhTVq6WSp+MkJyQXvTAADAFRNHQwEc1pubK+UonhfxcdLRhZOln76qsuklcjpLtLDqW1q6wHz0bnJxsRyVu1sG6JdCHpVs9fhipEcs21o2MLmXhgIIqlt7cwXXO7zOowsnS+VS4WjfdoU8Xt4bDBmq1OalCxT68KRDxctK5BxdrGXFK7UsaLqjeJlKnHYZhuScV6zdy5bK1/yavHCZil9bps17Dql4tO9ScnShJqtc7zgm+F56YX5s9x07qxe0XLVPXvicZo5u+zGyntHGY7/Bx6eC/r8ReZmQ46Xd/dg7R3P490uSZHeqZGGVvvXT1XpmxDKVODPkLFmoqm+tVkszTdbC52ZqtGHI0GgVLyvWymULtCAweaGec9rV8sRh0DpGF2vh5G/pp7794CheqGLHT1Xl/74E9Q/2gglybF6tBeXm+oIfh/SXa/4n7NFqw5Bh+OvVcmzKUaxlJeYLO1qqFmlZmcds5U+1dMFu83vQ40HDsPrYCzTBIWmC76ViLQdjy/5oNU9bRYfut9Z9cst8rfsou5wly6SVy7TA3+CTF+q54tG994hjVH1orMdD63LtzhIt00ota9lwLXyu2Pc9iOJ81eoR2uA+Y7SKF07Wt1Yv8P3Q4FDxsoWavOyn2n2gWk5nR+W38z007O1ue68NBWA3H90PZpxcpdqQF0bdoDT/GKqqlXvbb+SZepcSRhdL+8KnyxxnNephAGrlPmdXcslOJUvmcAOBMVqfVt1KKbVkkdJKFgXq5h9ioH7nbRo0tWWa58+r5B69SLZPPSEp0jivm1X/Qn5QeZVyn6yVLcYxVrt1KABJKg/u102O4mV6zpkRWFfwcRZcD/+/2j+P233nj/Bjb7QMQyqY4NDm1QtUPnmhnpuZ337fEt4v+fmuL1TYi32QpFj7bLtznop3LwtcO2vyQi0rfk3LNu/RoeLRgdF8I+/30HWFnyvz222T9vuSjBjqFfnc6bvWCTSiuW6n3ZBhj8froLavf0cH+n5zn/j35+SFCzW5/DXJMHRoj/lZqzImL9RCtT3tOTJYAQC4Yiznz5+Pl8gqAKBPcal85TppXm8EgtHfJfzyC71dhaue5+tv9HYV4tBhbV64T4U/LSYrEAAA4Cr31FNPdThPHGWsAgD6FFeFdmuCvmoPy+gCcFXgGjGCw3v1zq2FmtFrT/0AAAAgnsTVGKsAgL7h8OaH9fD3d2vCVyfH/OIjAOh7XHrn2Yf18PPSgmJyVQEAAGCyuFwufnAHAAB9SuLauzqeCV3S/MBversKAAAAQK/5wQ9+0OE8ZKwCAAAAAAAAQIwYYxUAAACtcI0IAAAAtI/AKgAAAFrhGhEAAABoH4FVAAAAtMI1IgAAANA+xlgFAAAAAAAAgBiRsQoAAIBWuEYEAAAA2kdgFQAAAK1wjQgAAAC0j6EAAAAAAAAAACBGZKwCAACgFa4RAQAAgPZZLv7kNq6aAQBA3+Jp6u0aXP0Sknq7BgAAAECvWXby5g7nscli6YGqAAAAoE/hGhEAAABol03uxt6uAwAAAOIN14gAAABAu3h5FQAAAAAAAADEiMAqAAAAAAAAAMSIwCoAAAAAAAAAxIjAKgAAAAAAAADEiMAqAAAAAAAAAMSIwCoAAAAAAAAAxIjAKgAAAAAAAADEiMAqAAAAAAAAAMSIwCoAAAAAAAAAxIjAKgAAAAAAAADEiMAqAAAAAAAAAMSIwCoAAAAAAAAAxIjAKgAAAAAAAADEiMAqAAAAAAAAAMSIwCoAAAAAAAAAxIjAKgAAAAAAAADEiMAqAAAAAAAAAMSIwCoAAAAAAAAAxMhmGL1dBQAAAAAAAADoW2zEVQEAAAAAAAAgNjaDlFUAAAAAAAAAiAkZqwAAAAAAAAAQI8ZYBQAAAAAAAIAYkbEKAAAAAAAAADFijFUAAAAAAAAAiBEZqwAAAAAAAAAQI8ZYBQAAAAAAAIAYEVgFAAAAAAAAgBgxxioAAAAAAAAAxIgxVgEAAAAAAAAgRjYvkVUAAAAAAAAAiInNy1AAAAAAAAAAABATXl4FAAAAAAAAADFijFUAAAAAAAAAiJHNyyCrAAAAAAAAABATXl4FAAAAAAAAADFiKAAAAAAAAAAAiJHNy9urAAAAAAAAACAmNlv6sN6uAwAAAAAAAADEj0sdz2IxDFJWAQAAAAAAAMCvpKSkw3msPVAPAAAAAAAAALiqEFgFAAAAAAAAgBgRWAUAAAAAAACAGBFYBQAAAAAAAIAYEVgFAAAAAAAAgBgRWAUAAAAAAACAGBFYBQAAAAAAAIAYEVgFAAAAAAAAgBgRWAUAAAAAAACAGBFYBQAAAAAAAIAYEVgFAAAAAAAAgBgRWAUAAAAAAACAGBFYBQAAAAAAAIAYEVgFAAAAAAAAgBjZrkShFy5c0MWLF+V2u69E8QAAAAAAAAD6OZvNpvT0dA0ePLh31t/dBV64cEGXLl1SWlqabLYrErcFAAAAAAAA0M+53W5dunRJknoluNrtkc+LFy9q8ODBBFUBAAAAAAAAXDFJSUmyWq26cOHC1RFYdbvdSkhIkGEY3V00AAAAAAAAAAQkJCT02nCkvLwKAAAAAAAAAGJEYBUAAAAAAAAAYnRFL66FNwAAIABJREFUBkJlGAAAAAAAAAAAVzMyVgEAAAAAAAAgRmSsAgAAAAAAAECMyFgFAAAAAAAAgBgRWAUAAAAAAACAGDEUAAAAAAAAAADEiIxVAAAAAAAAAIhRXGasHt70Lf30nQgTbGkakT9Bt//97RqfndqldbTNpfKVy7RZxVpW4lRGl+frbb56jlio52bm93ZlAAAAAAAAgKvCFQmsdo8UOSYUakRQDevPVKji8Fta9/RuffDP39UDN6b3XvUAAAAAAAAA9FtxHFjN1oQvzJQzPBW07oA2Pf0zvbP2P5X/REnr6QAAAAAAAABwhcXlUACG738Nw1CrolIKVPzPU7Tv2e16bdsxTf57h29Cnap2/0q/euNDVdbUyy3JljZCN35hjmY4cxQYOKCuSuVbNuiND06p1h1pHv86m1V36E1t3vyGKs66ZUsZphvvmRdxPtf+/6e1//WOjtdLKcNu1D3zZsiZEzpUQV3Vbv3qV69p35FauWVT2uhCffFLX9KEkPmi2QaXylc+qS05X9W3bG/oZ9vPSmm3aN7jX9GNqdLFA/+jdRve0ZFat2zDCjXnX+7x1dPgpWIAAAAAAABAN4njjNV2OJyabt+uXx+plEsOZUg687tnteLXNRpxy5c0p9CulNpTeucPb2jflmdVn7JM/zI+XZJL5T9boS01ozXlS19VgV2q2feWfrVlharcj+uJz2a3rOPUa3r2Z9kq/NIcfdPuVsWvN2v7lmel9H/XvBsTQ+b72S/SVfDFOfpmWr32vfUrbVlxWKe+tUzF+eZ8dYc36wfPvaP6EbfoS18tlN19RNvf+IM2rKhQ5bceV3G+GTKNbht8dm/Qz7InqPibX1BzTYocqdLFvT/Tsv+qkEZM0Zw5BdKR7fr1c+uUduVbBAAAAAAAAOhX+mZgVWmyZ0uqOKMaSRmq1Afv1Cpt8r/okeJ8meHMsRpbmK11//YL7TtyRhqfLrkqtPu4dMs3F+rvx/qKGluglPontOWDw3J9NrvlJVRuu77w+L/pdl+sdWx+imr/7Rfa98FhzbtxbEtV3HZ94fEnWuYbn6/sp3+gX7+2W9NLnMpQpd74xTuqzf2SlpZ81lf+WI2dUKjXnl6htza/p88+8VllR7sNgfUWaM63ijU+kPBaqf/ZUiHlztDj/pdpjR2rcaNf0pP/cbw7dz4AAAAAAADQ78XnUABGy/+JXFSK0oZKgeEClKvpS3+k6f5l/LPZPqXRI6R9dXVqMgwlpqXJbpP2/XqTCtK+oHE56UpUigr/aaUKA8v6lh4xWTcNC1q/v6wzNao2DGX45xs9XbcEz6dhumnyCP365d2quDBZk2v26r166abpt8oeXDeN0JTpo/VW6R/0wekpmp4d5Tb4p+QWKDclaL1nDuvDemnc9FtC1pNSMF3T7e/p1wZDAQAAAAAAAADdpY9mrF7U2VORPm9WneuMTp09q7OHK/TBhx/qyFlJqtVFSRmJN+qeOeN0fMO7+q8fvyvZUmR3jNP06dN1U0G2QkZFtSVGWkFrw+xKD/soY0SupPd1pkZSc7PqZVdOduvy0u3DJB2R66KkwCgEHWxDW/W46FKN7Jrcaj1psg+LblMAAAAAAAAARKePBlZrdOaspNwc2X2fuPb9Qs9v+FA15hufZE/PVu5Nt2jc+9v1ftCSGYX/pKWFF1VV8aHe+8M72nfkPW35j/f0q9wZeuyRyW0HLmOWovQUSc3RLxHtNsQmUbaUTi8MAAAAAAAAIIK4HAogUI7aGAqgcp/eq5eGFeaZj71ffE+l//Wh6m+aq+/NLpQ9kLR5Rm+9v13vywh9vF5pGnH9rbr/+lt1v5p1ZvvzWv7yr7X92K263yHffOHLtP7ckKSai6ozDAXHLmtOHZc0TEPTDBl1iUpRjarONMkYFppNerHmrKQRyrYbMi5Evw0R65dmlz3ielw6c1zS9d3XLgAAAAAAAEB/Z+3tCsSsvkJbfrld9bbr9fmbfM/Pn63UEUnjbgkOSEo69Z7eq2n5Z3PFy/r+o0v0cmVwgYlKTwt/mD8GH20PWYfqj+itt05Jows1OkWS4ybdkiK9/9a7qglZ8JS2v3VESrteo+3Rb0Obsgt0U1rr9dQf2a7t0SwPAAAAAAAAIGpxPBTAWb332y06FVTD+rMf6sMjtXIrTbcu+KoK/fHQYaN1ve1dvffLHytlxt26Pq1eNe9v1+v7Tqk5aPnE0eN0vW27tj//Y138/BTdMiJNtafe1fbffihb7pc1xdGJaqbV6K0f/lin7v+cbko8pe2/3a6P6nP15dm3+MZedejzX79V+55/WT/88Snd/7mbZHcfMeerSdOtC6ZrRAzb0LYRmv7VW/Ve0HpSat/V67/+ULWd2CwAAAAAAAAAbYvLoQDMpet1/L13dTzoc1vyUOXedJc+d/d0FdiD1pN2k+YuqtN/r39d75T+XNttyRqae4v+4dvfkP3d72v1u0dU1XSrhibm6cuPPqSh61/Wjt+W6n3fWKZ5tz6oR+8v0FDDMIcf8NXCCBkKIPxz37/HzdKivD/q5/9dqvcapOTcm/SPD85W4dCWYQyS876sR7+dq5dffl0vr39PbtmUlner/vHBz6swO9ncjqi3oa36+dfzKf33enM9Sh6mcff9o2764//V733zAwAAAAAAAOg6i9HN0bZjx44pPb0Lj9YDAAAAAAAAQJQuXryoUaNGdWuZJSUlHc7T98ZYBQAAAAAAAIBeRmAVAAAAAAAAAGJEYBUAAAAAAAAAYhSXL68CAAAAAAAAgHhGxioAAAAAAAAAxIjAKgAAAAAAAADEiMAqAAAAAAAAAMSIwCoAAAAAAAAAxIjAKgAAAAAAAADEiMAqAAAAAAAAAMSIwCoAAAAAAAAAxIjAKgAAAAAAAADEyNbdBSYnJ6u2tra7iwUAAAAAAACAVpKTk3tlvd0eWG1oaNA1w4d3d7EAAAAAAAAA0MrHp0/3ynoZCgAAAAAAAAAAYkRgFQAAAAAAAABiRGAVAAAAAAAAAGJEYBUAAAAAAAAAYkRgFQAAAAAAAABiRGAVAAAAAAAAAGJEYBUAAAAAAAAAYkRgFQAAAAAAAABiRGAVAAAAAAAAAGJEYBUAAAAAAAAAYkRgFQAAAAAAAABiRGAVAAAAAAAAAGJEYBUAAAAAAAAAYkRgFQAAAAAAAABiRGAVAAAAAAAAAGJEYBUAAAAAAAAAYmTr7Qp0n4N66RvPakfwR6Nm64ffnaLMGEqp3v4jPVZ6TKNm/0CPTuloSf86b1PJz+fouo4L1/LHS3WsE/XqOTFuEwAAAAAAANAPXR2B1YMb9OCzO1p/fqxUj32jKqYAYeaU7+rFKd1aOwAAAAAAAABXmasgsFqt7S/7gqq3PaIX51zX8vmPHteGYzu0csPNvs8jZGP6grL+DNVIGav+z0yjNOcH31XEZFZ/Rmp783SodebtbY/8XF/xbdbBDd/Qyh3Bn/nm92fBBmXFzhlZqg2+gsIzcKPapsD2KGzfAgAAAAAAAP1b3x9jtXq/3j0m87H/kMBfpqZ89xHdJkk79uhgZ4sPCUBK0jFtePxH2l4dPudBveQLQt72SGeDqtXa/qOw4Qwk7Xh2Q+z1P9YSVDX/+YtAnaPbph1a6Q+qmpXQS53diQAAAAAAAMBVJu4yVpvXTItp/sTPfd0M/o0cHmHM0uv0d7dJO3ac1Olq6bqYg50H9dvSYwrO6PQHJd/dX60pgSEDTupXP9ohM777g0B2aewyNeW7P1fLSAT+rNvO1N9fZ38Zx3TSJSkz2m1qyYr1Tz/pq0SsbQQAAOJL4vy3e7sKAAAAQJ8Xd4HVuFJ9WicladQk3eALaoaOwery/feYjvlSO0cO755XUvkf+e+0QJ0zdcOkUQpUMOptuk1/5wsQZw4fKSk4wxUAAAAAAADo3+I2sBp1JkX1do2SdOzkaVXrOmX6sjzfnfQDPXrDfv2qg+Bk9emTXa6rJGnUKI06dkw7Xt6uz393SoTs2Wj4s0tHac4Pfq4X5/j/3d4ivkBpDyLLBQCAvomnTgAAAIDu0/fHWM28QbeOknSsVI9tOCgpU1P+abZU+rgeDIwROlKhiaTmo/VStfbvbCdqmTlcI2WW/Vv/+KIHN+jBb3xDD24IHnD0NpV897v60m1h88YqMF6sP5vUpZNtVO+kuQGq3r8ztlzSqLcJAAAAAAAAQFviNmM1epmacv9t2vDsDmnHs3owQobqqNl3ynyqPUMjR0k6dkwbHv+GNnRY9nX6/OxR2lF6TDue/UbQS6VGac6d10lhr5S67s7ZGrWjtOOs1WOleuwbpeGV1A//qZ3pPhk5oyQd07HSx/Vg5Fm6dZsAAAAAAAAAtNb3M1Yl6bo5evHnj+i2Dmc0s1lHBf59m0oeaX+pzCnf1Q9njwr57LZHzJc+RZhZ/zx7VOezVv3Lt6xILz5ymyTzxVLmLP+kOSGzRLPd4auJYZsAAAAAAAAAtGIxDMPozgKPHTuma4YP7/Ty/rG/um8cz4N66RvPSr433AMAAPRX3X+dBQAAAPS+j0+f1qhRozqeMQYlJSUdznMVDAXQkev0lZ//vLcrAQAAAAAAAOAq0g8Cq+0zDEN1dXWqq6uT1zA0YECSrNaE3q5WRF6vV42NjbJYLBqYmqrU1FRZLJberla3oj3iC+0RX2iP+EJ7xBfaAwAAAEBP69eBVcMwdOHiRRmGV8Oys2SzJcocGcFQ9w6Q0HXm/ZZFFovkdrt1/vwn+uTCBQ1OT5fVenUMlUt7xBfaI77QHvGF9ogvtAcAAACA3tCvA6v19fUyDI+ysrJkGIbcbre6ecjZbmexWGS1WpWZmaHqapfq6+s1cODA3q5Wt6A94gvtEV9oj/hCe8QX2gMAAABAb+jXgdXLly8ra1imDMOQx+OV1xvfN2EmQ4Zh3owNGTJY1edcV82NGO0RX2iP+EJ7xBfaI77QHgAAAAB6Q78OrHq8XiUmJqq52S2Pxxv32S1+hmGOw2az2eTtI3WOBu0RX2iP+EJ7xBfaI77QHgAAAAB6Q78ezCshIUFer3kD1lduwiQF6msYhhIS4vPFHJ1Be8QX2iO+0B7xhfaIL7QHAAAAgN7QrzNW/W/g7Ws3YpL6XH2jQXvEF9ojvtAe8YX2iC+0BwAAAIDe0K8zVgEAAAAAAACgM/p1xqoU+hheV3k8bl2+eEHnPq7S4T/t0fvvbtPZv55Sk9sjW1KyrskdrZuLPqe/K5qqwXZ7t9T7atOd7dGT+mKdo3El2sP/uG4wi8US+OsOtEfH6K+6jv4qvtBfAQAAAOhp/T6wKhky38zbuZsawzDkaW7Sx5WH9b/lv9eBP72vs+eq1Vh3SfJ6ZbVaZLNKRnO9jlf8ryoP7tef9/1RXyieo0/nXy+brXNNYNb3arwRi709Ghsb1dTUpOTkZCUmJraa7vV6VV9fL0lX7I3LtEcHpRiGZHikxnOy1bytRNfvZLv8gSyeRnkGjlHzkClqzvyCvKkOyZrU5YAF7dHG0vRX3Yz+Kr7QXwEAAADoWQRWJfnvwTpzM+b1ePSX/e9ra+mLOvGXo7pQ75bbsGhgcpKaZaipwSNbgkUJVinBapUhj/60c5vOnj2juQ/9q8aM/UzM6+yuLJl41VF7GIahxsZGNTc3yzAMvf/++zpw4IAmT54sh8PRav76+npt3bpViYmJuuuuuwKfWywWJSUlKSmpazfG/b09oivELevF/UqqelFJ534ji/tiYJKt/q+y1eyUzbVNjSO/KU/GFBkJKZ1eFe3RNvqr7kd/FV/orwAAAAD0pH4fWDWMrj0++En1Gf3+f/6vKo8cUqPHqkaPRYm2BFkkpSQlyuOxqN7tkcfjlcViKDFBslktOlbxgbas/YXm/9sTGpqR0Yl6G+piUk5c6qg9vF6vzlZX6fCJXTpXUyW3263qv3p0vsajP37wG1WcbD1ssLvZ0Mdn3LJYpDfKfhb4PDExScMyrlXeyL9Tlv1TXXojc39tj+gK8cpSV6nEE+uUePp1yXNZRqvhnZtlq94leaQG21B5hoyXLLRHOPqr+EJ/FV/orwAAAAD0tH4fWG0R+12N4fVq/x/LdeB/98mSkKjLTYaaPNLAlAQl2BJkeA0NSEqQxSI1Waxq9njU5DZkJBhKHpCoP733rra9+Ya++OWZMT5ia9b16r4Ri7xx1a7T2r3/v3Wg6n9U31wtWQ0leK+RdXCWTtSfkNH8SYSibEpIHS3J0P6zBwMfWyxWDazO1vnav9eEz8xQxtBsWa2deZ9b/22PqLgvK/H0m0o8/XupsUGG2gpAGLK6/iRb2u/kGZgvJQ3t5Appj4hL0F9dQfRX8YX+CgAAAEDP6OeBVSPw5890iUVTY4P+tKtM9c1eedxeXWryKinBqkEpiRqdm6kDR87I6/WaM1ukpMQEyTDk9UqyGEqyWfW711/TlOl3yp6ZGcOaLUFjsl1Nd2Ptt0dTU5MOHntXx12/lSXRpaHpVtkSJYvOSjrrmyvSTbAh6XDE6YZxVq7GP+jjszdpSHpmJx/L7J/tES1Lc60SzrwjXXK1E6TwaW6Utfp9WUbUyJs4pFProz0io7/qbvRX8YX+CgAAAEDP6+eBVcn/ogvD8MacMXLxkxqd/espNXqkerdXVouhQQMSNDo3S3dMzldqcpLK9xyVDMkiye025DG88ngMWSyGPEaCThw/rqoTlTE+XmvILPFqvAlruz1qamp0qeGAkgd8rKxhNg0cZJUtyaKuDFFnGJLhPq0LF83HdDv3eG3/bI9oWd31slw4LqM5uuw6y4VTUvOlLoyRSHtEQn91JdBfxRf6KwAAAAA9i8BqF1y+eEHNTY2SJUEpiRaNyB6qm/92tMYXZCvbnqq7p92gnGuGaN/+KlWd/kT19c1qckuN8sjtkdwer6yy6uihQ/rM3xbGlH3UHx8brKur08DUeuUkW2TPsCk5xSqL1bwl7SxDkuH16HJVY5dedtIf2yNahiEZTZLRHF0QyGi2SN6urxOh6K96Fv1V30R/BQAAACAW/T6waj4y2LmXRyQPHCRvQpJsVunTeQ7d/+V7NSYnTUZtlbzuBqXYBmjKxAJNHD9G51y1+vjMJzrruqjqmku6cKleJ89cVMWxanm93phvkq/Wl1201x6GYWhQSooGp2RoiN0mW2L3rNOiRFWdTuzSC0/6Y3tEXYZ1gIwBI6VPPo5u/sRPyUhI6WLgiPYIR3/V/eiv4gv9FQAAAICe1u8Dq1LLTU2sN0aDBg/VgIFpShxwQbff80Xdctvn1Fh9VPUNLlktVsmSoCZDSkiyKCdnkHKvvUbyetTcUCd5GnXgL2e1+CdvyvHpvEA9ouPPebo678Taa49PZTyoUaOWd8NKvFJznYz6C/JcqlbTxd2ynnxH3kGZsqSPkJE0SBarTbJGk7XUf9sjquVtA+XOvEWWMwelpsvtz2yxyjPkRnkTh3YhUEF7REJ/dWXQX8UX+isAAAAAPanfB1aD74VivTFKGpCsMePGa2jaAI2/5WZZEgZICcmyJg2SYbVJFmtg+LRmw1Cz2yOvx5CnyVCixZDH69WIkSM1ctSoTtyUXZ03Ye21hz9Dy+v1qr6+XhcuXJDNZtPgwYN18eJFNTc3y2KxKCMjQzU1NfJ6vUpLS9PAgQNVXV0tt9ut4cOHy2i8pKaTf5S1arcs7gZZB9o1JjtdFsMlz+kjch9xyZOULmN4oYys66UB6WZbtl/z7t8ZcaAr3w8/r22gmj99tyw1J5VQ+XvJ0xR5RkuCvFlj1Zx7p7wDBncpA4z2aI3+qvvRX8UX+isAAAAAPa3fB1YlrwzD26nHWyXp5qLP6k/uC7JZPLJYrbIOGKSE5MHyNiWEBCoMGZLHI7kb5W1ulLxe1dS69aVZX9GQofZOPlp7Nd6Mtd0ewYGKv/71r9q1a5fS09M1YcIEvf/++3K5XEpMTNTtt9+ud955R3V1dSosLNR1112n9957T+fPn9esL92l5gOv6WLF75WRe4Os9nxZLBZZBgySJWGAEgbnKMnrltv1FzUd2KLmQSNkjPk/kn20ZG3769If2yNahiRj4AhZCoqlpiZZT+2Vmi4FRUEsUuIAee35chd8WW779fIa/iU7h/aIjP6qu9FfxRf6KwAAAAA9i8CquvbiiBzHp9U4vkjV584pLeMaJQwYpITUwS0zBF72a8hIcJs3T9YEuQ2bUodfr5ucU2N6CUxona/OG7H22sN/A+pwOORwOAKfT58+PWS+L37xiyHL3HnnnVJTrTx/Wi/r6T8r89M3SoZXFm+zZLHK6/qLLClDZVhtslgssiYNUlLOjVLlbjXv+YWMv/2qNKygzWBFf22PqMuwJKh52DgZN39TtkGvy1q1T5ZLZyWvR0bqUBnDCuS+7gtyX/O38tpSuqnOtEc4+qvuR38VX+ivAAAAAPQkAqs+nc0YsdkS5Si4Ud5LZ+WuvyQlJishxS4ZkuFukiwW312TIa+nSWpqkMVilZGarU8X3qjk1NROZqpc3TdhkdrDn/3l8Xh0+fJlVVdXKykpSXa7XS6XS83NzUpISNCwYcNUXV2t5uZmpaWlKSkpSRc+qZH9498otfI3SnRMldFcK8/5k5I1QZbEFBlej9R4yQxaGIa8n1TJOvhTShx+vbwH35b7z5tlTFwoDcxqq8ZXfqf0oi5nVLkbZP3kuCzn/yJjYJY8+dMli02SRfI2y+JtlPXMB7Kd/4s86Tny2vPlHZQdxSPNbda483XtA+iv4gv9VXyhvwIAAADQU/p9YLXlDcKdvxFLHJAiq224GpvrlGRtVkJymiRD3qbLLekzhlfeBvPxREviIMk+RoMGZ3fhrc7dk5kTb9prD3+gwuv1qq6uTmfPnlVqaqoGDhyo8+fPq66uTsnJyRoyZIhqampUX18vSUpNTVXDqT1KPP7/ZEtJk+qOy5J6jRKGjpDF2yA1NkmyyGi+JHklWQxZklKk5suyJAyQNS1b1hPvyDPi72Tk/5+IL4jpj+0RXQFeJXxSqcS/vCVb1XuyXjpjBu+SB8sYkCZZrLI0XZLqamRpuCBZbfImD5F36Cg1j5qi5k/fLsOW3Ml6x17deEd/FV/or+IL/RUAAACAnkZgNegmrCsZLt6EJNV7PLK63UpKTlJC8hBZrUlm1pe88jY3yTAkiy1FxsAR8g4cLnMww84GKry6GrNcOmoPwzDkaajXgEvnlTN4kBKaGmVralB2draam5tls9lks9mUnZ0tt9utlJQU2RKsGmz8r1KSG2Ud/GnJaJTFWyfDapXhcUtei2RYzKbwmtl6kkWGp1Gy2GRNHiR5m2Q59Lq8js9KSYMi1Kt/tkcwq9Xaap6EMx9qwJ83y+ppkLKukydnvCyXq2X96z5Zqw/JIkOGxSpj8Eh58u+QkWqXpeGCrOcrNeDDTUpwHVXDjbNlDBwWKNNiscjr9XZQb9qjPfRX3YP+Kr7QXwEAAADoaf0+sNp9LPJYk3XhUrWGWKxKThsqrzVB8jTJcDfJYnhltSWq0T1IntRrZElIljmgIWJhGIa8Ho8aT1bqkz+WK3GEQ4lDM3T2Qq3q6+uVnJyspKQknT17VvX19crMzFR6wkUNrt8vW0qi/j979x5fVZnn+f6z9iU3rkKCASQxhi6Mt7K6BAnT3OLMdHWJ3VOD0DOgEc7pbg/MHJ0hvs5L5CiCB605L0KPPd3y0qkzYCg50yBTPS1WV9VpA0I3qKilZWGkBSMBMZAQ7rnsy1rnj7X2LdnXXHeS7/v1ykvZe+1nPet59n72Wr/9e55l5eVg4MIMXgFcGHiwcNmZX86fZdrpQ5YFGG7AwnB7MC78FuPiCayp3x/SNshGQeMaVwKNeF3jyPcUYuDBAAJTb8VXtJZr/tO0+b/EZ16hwD2Tmyv/DZMP78Bz8u8JzPohFyuXc77rIzqCreS6pjLJu4ixnltwufMx3LlYRjsWAdoD5wkEOxjrvg23NWaoD3sY03g1GDReZSeNVyIiIiIi0l8UWKV/MsBsBp03rvL1Vx8ztWI2N00rx2uAGeik6/J52r78FJ8/SMHYUlzQp7l/lhXKVBppWS6J+yM8tdYwsFxuzI4bBDo7CAZNfD4ffr8fgGAwiM/nIxAIEAgEcPvO4HW14/YEgRuYpmHfgMfyAG4My4Vl2UEjEwOCJlYQJxHMBYFODMAV9GG2NGAW/27PWo/C/ogWoJOvr/+c8x1HKXDfjNc13s7UsgJ0Bi/SGWjFb93AsoK4jBxuyj3E9xbXUFTxRzTfPJZP27ZxqeufsCw/huHBa4wh31NInqcQAzuzzGdeoSN4gWkFi5g1bhUuqyBxrUd5f6RH41XfabzKLhqvRERERERkcI36wKoVugN2HwIVlmVfDgUscLsNjGtnaPjVCQqmV3DT1FJ87de43PQ5uf5WxkyfxXW/SY4niNdl4HL1PgtsJK7Jlqw/8vPzuXbtGoHODigYg/eBf4U3GMCNyYQJE8jLy8Pr9eJyuZgwYQI+n4/8/HxyO9pxeUwM9zgwunDjw4UXy3BjWS5wuTAtA4IuXBhYBpiG5WSCubECNzAIYLkMjPbzCd8no60/ormNfNxGDh2BFjoCLUnLDFqdtHZ+woetW5h/y3/m6NlH6Ai2Ru3TR5flo8t3CXxf9ni9x5WPi9yUn9fR3B+pytB41T80XmUXjVciIiIiIjLYRn1gNTpDpDeBCgvoMA0u+lxc9MH0Tj+l026hYHwHzRdOc/pcI57cfCZOHMPNk6bgw8M/Nl/jfMBgxjgXJRNzuSnfgzuDgIXR+6UOh4HE/XHTTTdx/vx5Wq/dYFJ5BcVGpM0mdyulsLAw/P/egBuXK4Br4p0YN/8B5jf/E6OjBcvsAsDEi8u5mbNpucBt4LKwp9eaBkbwGobLxOUxCMap12jtjxDDMHAbuUzMmcmUvPvwm9fpCLbQGbyYtOSg2YXPvBoTpIjPIM89mXxPEV5jDBO8t+EyvHZ+V5wfNVLwAAAgAElEQVQ6jfb+SPVqjVf9SeNVdtF4JSIiIiIig0uB1XB2i5lxoCIAtATcnOp0802nh7LxHgpNFx4rn8Lp0xhffj9Xu3zgMijIn4TX14bnxgVKJ9/Ef3+vna9On2P29HEsmjmR704bx7jc9LojdOfjkTltMHF/uFwupk2bxvnz58PZXW53zzte9+CD8S4PXDuOVfoIfOcJjOufY7Sfg6AfAzfWxV9jdVzCcjsRCydYYZlBsK5DDlgBF1b+hDhTfkdnf4S4jSC5vrPc7sulwr2IG+5OzuV18Hn7O1zxNSYs2bQssAxMM3m73ZQ7k4r8hUwLFlBALlYX+I1v6HRPtzP3utd4lPdHIhqvBoLGq+yi8UpERERERAaXAqvE3kk4XV0YfO5zcdbM4bLpoh2LMreBZ9ItWFeCBL35dHpuouPcX+IKnsY3diG54+4nf9KdFHgn4+YkX164wrlL1/lt82V+eEcRP7x9CpMLvGnUl14FVoaLZP0xbtw4TNPkypUr3LhxI+XdlgGumxaFVh4e/znMr/6K5rHL6fCU4XHfRo7Hz0R/A3nWDXvarduFiYGFy84wCnaAuwsj18D0eAlO+p0EgYrR2R+GYZATbGHs6T/He+kgRuAqBTlFTCj6V/gn/2veP781Ybmmy8SyIOhP3m7fuWkJFReP423Zj8vfiuWZiG/yA1ilG2gnUeBodPZHIhqvBo7Gq+yi8UpERERERAbTqA+sRtZkS/81AeDDgJt/wkNejpt2y+KS3+JIyw1cN43ne0X3YLR3cv3c20zr+n/IG3OD9o6jXLnxPdoKfoA1vop/edskblwp4sOvWznVepXdH3fiD5osvXsqE/KSd8tIvv5K1R8ul4uJEycyZswYOjs7CQaDKS9IvRRgXi2BjosY136Lu+0ilztvJUgBE3NvMCH3DAbXwOXCsAwMt2HfFMb0Y7o6IA8sjwszt4TgxFkJ6jwypfP58Ppb8Zyrxwq223cs77yIt30fJSW/4B86/1PC1wWc7DJ/ZzBpHW7J+z6ephchcAUTF3AVT8ev8Nzyv2MZ4xPUeWTKtvHqR3cVc1N+8uDqaO4PjVeDS+OViIiIiIgMtlEfWIXYG16k4yvDw69dHgrzvVzusjhvBQl6Da4EDfZ8c4PPL5jcb53ntkt1TBxvYAQt8rznGWv8f1zv/JhL19/me7l/xK0LHmB9ZxdfX7jMhWs3+JvfnGXK2Bz++cxCcj2uNOs98qTTH16vF683dbacbSLtrgdw3zhBjusGU7zNjHO3YOLGa0AOBobhAlyAAVi4jSCmy48rx8JwG1geFzemLsb0jkvY8KO2P4Im5jU/EN0fN8h1TSSQJAjhN4JgkXQbgFxjPNbVdqyY8n1gmuBOvJbiqO2PbgZyvJqQ5+HB26dovNJ4lTU0XomIiIiIyGBSYDXqDsLpBCquGm4OmW48+V46MThjBrhmmHhdYOQa+Mjhcmsz/qtvc7P3c8xb/k+srnO4L+4l1zpHTu4FxufVc/H6+0wY++csvv1eXr/WQfCGj6bWy/zsk7NMH5/HPcVjMYzEN4ix13kbiVdimfVHOrq6umjzfQcr8AdM6jzI1DFXGOPxYefyGfafFQw3p2EvpYfLDZbLwHJZdI6/h44pi7DsK+Me+xjN/WEF3VgdY8AKRB5z5+EPduLrSDz1OeBMrU22DYA/0IXZNQEj2Bl50PBimS4sV/x6jeb+iDbQ49XffHKG2yYVaLzSeJUlNF6JiIiIiMjgSp1mNEqkc01sASdxcSXHQ77HzbdBk2YrwDWXyTWXxXW3iTdwjUktxym5+nMKggFcjX+HK/8eArf9FwITqqGzkJyuIFPG+BiTn4vp8UCuB1wuTH+Aj05e4EDDBa77kmfFjHT9mb3z5Zf/xEe//oyxs/4NN6b9KV9fLaQzmIMdpAC7Zy0M5w/DwnBZGG47WBHMn8a1qf+GYO5U+xbOo1Cy/vB7JuOf+M8w23Mx23Mw2/PwTf9X/Pbs3+DvNBP/dZlYppV8m06ThvN/j7/4h1Hl5+KfvAi/a9yoXZcwW8ar3zS2arxC41W20XglIiIiIiKDZZRnrEbuHmxZVsobi3QaLr42DFxeN37DohWTay77ctdjWLjNABO/+ZqpLYcoHn+RwKznMLrO4Tr+n/FM/A7m1B8QHPt9aH6Nq2YJv71xF281NoMFlmlhmCZ+v4+Gc5dpuVbMGG/8uLfL5SIy1XEkXahl1h/pav72Wz7++GPOnD3LH/zg9/FOephzV/dROu48biMqIGTPqsUwnNCF4cXvmcqVSf+azvw7sJOKetZpNPeHYRh05kzG/d3H8eTNgKvn8N1UQsfMf85Hnz2TdD3CoNfEMkm5ZuGvm97mtllPU8AYvJe/wZo4g+CsJXS6xmKZPTPARnN/ROsahPEq4A9qvNJ4lSU0XomIiIiIyOAb5YHVkPSmcV4KwiXDINdw0WlZXDJNbmDhcoHbgoKLF5jw1Yd8J/ApBZ7xcPooxvS5mOX/G1z6GFfjX+POzaOrK4fTOf+CN85c5WqHDyvgx/T5MQMBrKDB2dZrXLrexa2T8uPXth+nnWan/j0+w3DR3n6Dc2fPsm/fPub/3jzavX/AWNfHTHSdxQp0EjTBtOzsLrcbXN4JdObfyfVxC+jMnwVG4vURR3N/WJaFLwjBCbPIXXAXl65/xYkzv6Th46e5dP100tSxQJ4dBAl0JQ9InWv5nN1dm6goWcJ3fvePmZBfQleXn2AwfoBjNPdHtCumxqvBofEqu2i8EhERERGRwaPAKpFrqVQXNwHTwhcw6QoG8RkG14MWHZaFC/B0djLunz5nZvN7lE25iOfWZeB1Y359CJc3D+vmuzALS7C++RvOdRVziBl8cO4qVnsHwWs3sLq6IGhhmAZuC4wkF4f27M6ReyGWbn+ka+LEifj9fnw+H/6An48+/pTvfvcecnNnUpjTjMt/ha6AgS/owufrIth5g/y8MvJu+j4u79jYSsWh/oBAIIDLD43n/pFjDa/T0XU5ZblBv11ewJ8q08+kufUE1663kp8zifzpUwkEAgm3Vn/YgqaJz9J4NdA0XmUXjVciIiIiIjKYRn1g1bIiGSOpLownG0FmBXx8csNFa46H9oCJz7Tsle/aLjOp8TPuNU8x+fp5XL/9e5j5z7BKH8DsasNqPYnL18a1zhw+67ibv78a5MrlqwSvdWB1dELAwuXyUDgmnwXfmcLU8XlJsm6MqDsf93eLDK1M+iNdt8yYweTCQr5ubKRgzBiampqYMGEC+QV30GH+DpevXObKlSt2MKMrl65OL+PHBym3LlE8NQ+3252izuoPAMs0yPPehMfIxzJTByrsG7bEna0cl8c1hlzPRCwzedBE/WGbiDXg49WkgjyNVxqvsobGKxERERERGWyjPrAayhRJ56I4z4DvuYKM93fwsd9Nu9/CZZpcMQxMXwAraBFw5WKZBq7TH2M1n8SY+h3M8rkw6U4CX/2CxtYc/qGrkJM3/ATaTbymwcSCAiZO8DB9fB6zS29i7m2FTBqbk7jGVqjO/dMC2SX9/kjXxIkTmTu3kuZvv+X69ev4fT4uXrzIxdZWvmxr4+vTp7nU1obf78c0TXJyvNw85WbGjBlDYVFRGoEK9QdAMBjk5kl3UTz5Dq53tmCaibO0MuV25TCt8B4mj/9Owim1IeoPW+4gjFffmzGR35tZpPFK41WW0HglIiIiIiKDS4FVIJOLsbEG3EWQW6wg893wtWlxNghX8/K5XPw7/M/fnqE1UMDvjf2GkkAzRuOHWN9+iVU0nauuXH595S6ujZ3C3BlFFLjdTMhxMyU/h2kTcplc4GXy2BzyvG77viQJp9YaI/xGF/0brHC5XNx99z0E/AEOHKzn+rXrFBUVcfnyZT7++CO6uroIBk2CwQCmaXLjhp2S5HK7cLvdKeuh/rAFAgHG5EzlvlmraO+8xDctv8ZK2ibptZfLcDNjyvf53e+spCBnCn5/8gCI+iNioMerSWNyyM/ReAUar7KHxisRERERERk8CqwSmTaY7oWxC5hkwCQ3lLjAZ1kEcnK5Mfd3+WpiAR99+mve+6aR+ZMusGjsGab4v8U6f4qvPHdxZexM/ui75dx00024XeAxDDwuA6/bwLAXWwMrxeWdc+fjkSnz/khHbm4u37/vPm6ZcQsXLrRQduutXL12lebmZk6dOkUwGMCyLAzDYMqUm/nuvfdSPvN3cLmMlPVQf0T4/QEmj7uTfzlnI598+d852/IxHnce48dMZWz+FPJyxmFZJpeuneHytSaCwQC53rHMvKWKiWNvwTAMOnxXud5+nqs3mgmYXdxafD/33LaMgpzp+Hz+1DVWf8TQeDWQNF5lF41XIiIiIiIyuBRYDevdhY3XAK9hgAvGTxjHzbO/z10Vs/jseAO/eO9D3j5/Mz+cepFbx7Tz7tUyim67lVuLJ+Nyufq5/iNN/19oer1epk+/hWnTpmMYBhMmTuThZcu5cOECFy+2EAyajB07lqlTpzJu3HhnSq3R7/UYntLrD8uyCPgt8t0zWHDP/wGuLlwuD24jF58vgGXZLZqXn0PT+WPk507gj+b/ObcWz6Or0wfYGVw5uW4CZhem6ccK5hHwW2ncNGY00XiVXTReZReNVyIiIiIiMjhGfWA1+mYXptn3CyHDMBg/bhz/bO4c7rmzgo9+/Sm//PQ4OZ0Ws36nnDtv/w5An/ZlGC5CmTkjTX/3R+L92G2Xl5dHSUkJJSUlcbdJp43VHz2ZpkkgAIbhxm6bjpjnOzv9FI37HoGuIDePn82Vyzdinu/owMmI9GBZqbO+oqk/0qfxqm80XmUXjVciIiIiIjLYRn1gFSIXY/1t3LhxLFrwe3z/e9/FsizGjBmT8sYi6ejvaafZZqD6Y6CoP5K9NvHrurq6ev3aVK9Tf2RO41XvaLzKLhqvRERERERkMI3qwKq9Rh1ElgocmIubsWPHxuyz7+z1DcNrHI4Qg9Uf/U/9kV3UH32h8So9+nxkF/WHiIiIiIgMhVG9cF4waOLxuHC7Xbhcw+eixjAMXC4Dj8c1oNNPB5v6I7uoP7KL+iO7qD+yi/pDRERERESGwqjOWHW77Jt95OZ68fvtG1WYpkm2JroYBrhcLrxeD7m5XsDA7R45Xaj+yC7qj+yi/sgu6o/sov4QEREREZGhMKrP4seOHcvVqzcYP74Ay7LwePwEAsGsnUJoGAZut4u8vBwKCnK5dq2DvNy8oa5Wv1F/ZBf1R3ZRf2QX9Ud2UX+IiIiIiMhQGNWB1by8PLp8Pq5e7WDcuDzy83OjLsSy7WLMXoPN47FvJnPtWifgJj8/f2ir1Y/UH9lF/ZFd1B/ZRf2RXdQfIiIiIiIyFEZ1YNUwDMaNHYvP5+PSpRuYZjDr12YzTRO3y01+fgH5+fm4XCNnmVz1R3ZRf2QX9Ud2UX9kF/WHiIiIiIgMhVEdWAVwu+0sEWWKZAf1R3ZRf2QX9Ud2UX9kF/WHiIiIiIgMNqVHiIiIiIiIiIiIiGRIgVURERERERERERGRDI2AwGoze5cXkF9QQP7yvTT3W7kfsLXfyxyMsrPf+1sLyC9Yzt5sPfjmvSwvKCB/6wcJnl5OfkEBCZ7Obh9stT8rcf+28v5QvTdTtPnI5bT3gBx77/tyWL/HB0r0ZyemYaL6sGAr72dYrNo66ju82/dCqG3yCwpYntEXRnSZPf+W720esnbP+u8/ERERERHJyPAPrDYfZu9+5//37+WwLlYkyzTvXZ49QZM5T9HR3k5HezsHNwMsoe6rduexp7h/qOs3ID5ga7b+iPHBIZ4N/f9zhzIOyskQ+eB05P0U3YfSR/s53RT6/2YOh7/cM1XMsj3OuPbV6zwEsPlgeOzbs6y4X2qbbbLqu0ZEREREZJQY9oHV5sN7eQt4YfNmYD97+y2yOoen2tvp2LOMkXkJJr1VvGwPHe3tPDUn9bbNe5dT9lhvgwNDYaS97z9ga8GirA18vX/oOWAJL2xeAjzHYQVFhoeoH/GaT38ALOGhJUNaoxHj2UOhD0ETp/fDQ0sGpmEzGceHg+H3XSMiIiIiMjIM88BqKKNlM/OfWsALwFt7D3fLTIueptlzqqY9LS/yF8n26D6NNnZq4datW2OmJ4anFe51pjT3dTp1c1Q5PaYrJjgm5zXRUyZ7THeMmQqerdMRu03jTDjtdmiOvUe53foq3O8fbA1f6D67aLhMc49938d9Xxds5f3otox5n/ei72J2vzV2P1FPxXxWu3+24vZtM3uXO0HV/Y9RFn48jXoMig84/BywZBmPPLKMh4gOKkXVc/lWtsadKp3q+eiiYscr6OuU5GT93H0adnR/dOu77ktAJB33ssNDmzfzUPhHPOc7aMkcwvE5tXUvbeaFzUQyt51M4DlzQi3b4hxr1Oe1D0uIxIzj4T7bGzU2LGfvB3sTjkfJvk+ilzBItIzB3icSPJ+0XxK8F4bld42IiIiIyMgwvAOroWUANi/gfuYwfzM9lgN4f+sinmUzB8NTAp9jUdTFyKLn4IWD7XS0f0XdEnh2UfwgS/PeJ6jeH9m29IPn4lbp2dOl7Glvp/H1JbD/MX7am+ub5r0sv+0x3nKmLja+voRnF3ULFi15ncbux1Q8n2VL4K3HfuocQ+ii/3UemWMfb/6i53jo9a+cqeD7qb5tqIJKiTSzd/ltVO+P6rPnFjkXntl47M3sfeIx3grV6eBm2P8YT+xthjlP2e8DnPfNME6Ninlf8xyLtpbSGPU+fyLcP4n6LsVnMWT/HGriPP/+1gIWPRdatuAgL+x/jLKoz3H8vi1m2Z6DvACw5HUa2/ewrDjNegwGJ3D00LL5FDvv37jLAez/gNK/CI1Rcd63qZ4HmPMIdUuif3iKBHXnZ5yanKqfo55rP8gL7Kf6ib00U8z8ZbHjoj3jYAl1j8xJMe5lkdJS5gBvnW4inFW5bAGloefV1r1WWroE+ICm5lAm8GbmLwg9W8SypzYTndkdnrGyoH/G1rf2wiOhcZz9VC86bY9HB+39Lko55gDNe3nisf1Rz8Fbjz3RrW33w7I4z6f87k/wXhhB3zUiIiIiIsPNsA6sdr+oun9BouUAnmNRQQFbm5axp73nRYed4dHkrMkWb53JqMzYOQDFzgVeT6G6FJfa//3gdOZXqt2Pq3j+sqgMKWftuD2l/LSggPzbHuOt8Cudi+nQhacTeH5o2XyKiUw7XuZc3dvtlWXTj2OC5UQCpnsP05zNxx7KiCx5akSu4fdQaQkQeV+H2jX0byBF34Uk/yxGXmsHr+y1LLsHppwfUZwgZO/6NkU9BkFsvbu9f6OFjzvBNqmeJ+q50A9P0UHdTCueop/vf6qdjvZHaFpeQH63ZRjssSyUmRv68cOuf/JxL5vMj7z/QlmVzufDprburZJwPT5w6lsaCVgDzLFnpsQcU/h7uR/MKbX7qKTUWZfVaffQvx3pjDlvPXYb+cv3UvpUOx3OjzoRkdfawWR7bdmk/ZLW+CoiIiIiIoNtGAdW41xUORc/0Rca9z/yeviC6NlF3abdOZlFADy3KMn0fTsrqcdF3gAL1TcUQLQzpEJTARfxwetfRW7M4She9lT4wjOUobQsJk1qP9W3OeUusrNuexP8HXCh/ii4jer9wP7TnM7KY48OskfKH2kzMeeUZhASitt3KT6L6dj/GGXOFFi7++zMNufJtPu2z/XoFz2zGENB6tjlAGKl+sEm2fPRQZrugaFeSdDP9rT326iec9DJooyuxDJqQkHJbj9+hMQf97JLKLOydutzxAvsqa17yflB5a29W+PWN+ZHle6Bxn7wUEyAPJUEY06o3SFqzMpsdkTSfknwXhARERERkaExfAOroYsqJ/Ms+iIkZjmAYicjLTyNOXpaXpw7B4enNUcrwU4qGdwLGHvZgai/p+ZEZa0cTJAVGbrw3MoTURlKEdF3gc/iOyRH3cE5fMf6bD32OU+FyzvoXFAnWlJiVIjXd5Dis5iG0HIL4b/oLLAM+rav9egPoTvJRwWLQ8GZuMsBOOzp0YkD3UmfD2e4PUFtr6emR4nbz6GA8es0JsgCDmX31T4R78ePBONelgkFTt9K9IOb2rqXQkv67Oct4r+PY4+p/5YByFziMcfOJA4tzwBkuNxI0n5JNL6KiIiIiMiQGLaB1dCUudA6Zh0xgZLIjUWib3ZRvGyPE/iaQ0lxt5tXFC9jjxMV63kx132KbTN7t8ZfY7U/xE7hjHOzJHCmSMP7P42eDm8LLYnw1n544anI3d27L5XQtxuqDJDua03GuzlJVh177M2e7n/KXqs3FGyJmSo/0iXtu+SfxeS6r5/crc2T9q3zo0hYX+rRf+wsxp4BFLsu3abyh9fJTDD1OdXzYaEp6nbQqldT0yG9z6jzI1Tz3q0x09OB8HTut/bvh81PhYPjaY172SK0VAWJ2lFt3Vul4Q9sgvdx9DH15zIAGUg65sTcvGwOTzk/2qaTDZu0X1K8F0bVd42IiIiISBbxDHUFeicUQOiZgRPOJNp7mOZly1i25ytYfhuLCkKB0CXUfeVkeCzbQyPLKVtUEL4gfej1r4iXtFO87C+o27uf6kUFPMsS6l7fDPv7GFzd/xhlBY/FPPTQ61+xZ9ky7GovIv+57vVaxl+8vpe3HnNeu2QzLyx5jmc/OE0zc+yL99A6dN0vOuc8RcdByF90G/nObl842H3tt8FiT6Osjn5oyes07onTZ+GMrDmDe+zPRdo/5IWD7TwS88gcnmo/CAWLovpyMwfbl8XWZ1GBfdOtPct6F2AZFoqT9B3JP4sp3P9UOwcpYFH4PbOZg6G2TNq3ToDLec+8cLCdp/pQj/7hZBrGCQqFsvGePfRBZBxa8jqlhwrIX5SgrqmejxIeH9Ocmv5s1Nho28zB9qeS9vNTBzfz7KLnnOc288Lm/Tz7nB38s/cYyizvlm1YnGzcyzahYwi1Y+KlF9TWmQm3W8Ip/pFj6s9lADKSbMwp7vkcmw/Skc4XbdJ+ST6+jq7vGhERERGR7GFYlmX1Z4GNjY1MLe796bz/lSoAvGvr+6tKA8O5K/ALB9uz4mJUREaaD9hasChJkCTV83GE7jquwMvAU1sPmPe32uss6/u3d4bNeZaIiIiISAa+bW6mrKysX8usqalJuc2wXQpgsNlT/SI3ubHXMlxCRve6EBEZQuElVHo7NV3SprYeKIkzvkVERERERAabAqtpuv8p+yYUbz12G/kFBZQ9tn8Ip9GLiGTCXlu27LH9sOR1/kID1wBSWw+YD7aSX7CIZ4EXDuqmTSIiIiIiMvS0FICIiIjIKKHzLBEREREZibQUgIiIiIiIiIiIiMgwocCqiIiIiIiIiIiISIYUWBURERERERERERHJkAKrIiIiIiIiIiIiIhlSYFVEREREREREREQkQwqsioiIiIiIiIiIiGRIgVURERERERERERGRDCmwKiIiIiIiIiIiIpIhBVZFREREREREREREMqTAqoiIiIiIiIiIiEiGFFgVERERERERERERyZACqyIiIiIiIiIiIiIZ8gx1BRLxv1I11FUQERERERERERERiUsZqyIiIiIiIiIiIiIZyrqMVe/a+qGugoiIiIiIiIiIiEhSylgVERERERERERERyZACqyIiIiIiIiIiIiIZUmBVREREREREREREJEMKrIqIiIiIiIiIiIhkSIFVERERERERERERkQwpsCoiIiIiIiIiIiKSIQVWRURERERERERERDKkwKqIiIiIiIiIiIhIhhRYFREREREREREREcmQAqsiIiIiIiIiIiIiGVJgVURERERERERERCRDCqyKiIiIiIiIiIiIZEiBVREREREREREREZEMKbAqIiIiIiIiIiIikiEFVkVEREREREREREQypMCqiIiIiIiIiIiISIYUWBURERERERERERHJkAKrIiIiIiIiIiIiIhlSYFVEREREREREREQkQwqsioiIiIiIiIiIiGRIgVURERERERERERGRDCmwKiIiIiIiIiIiIpIhBVZFREREREREREREMqTAqoiIiIiIiIiIiEiGFFgVERERERERERERyZACqyIiIiIiIiIiIiIZ8gx1BfruBD99fBuHEjxbtmIL6xcWDsye33ic2kOwYN2rPDJrQHbRB4nbpXt9Mz+OE/z08Q+Z/epKEm8e2v8Cal5dyazWd3lpw24ay1bw4tML6X2PtPLuj38Cf/I0Cwuh9d0f88zuxgHt5wHbR6hNQv/OsG0G49gh3vsjtg+kL7p9Toa6Omlz6t3nz7OIDF+JzzMG+nsp9P0X+l4a+POxYTZWdz+/iDYMx+3Wd3/Mf+VPBvQ9JSIiItJbylgdhQ5te5yX3m0N/3vWyld57dVMgqqJA9kRs3jk1Vd5rV8vQFp598cbeCPqSqFw4dO89uqrw/Bk+wQ/7X7R07ibZ378Lq2JXjJEYt8fPftAREQkWuPuDTHnGQMts/OYUa5xN8+8cWKoa5G2UBBdREREJFuNgIzVkGRZBKFgUBkrV8zgjd12WNDOqCAqUBRVRlSG5coZu3nDiSSmzMI48QZ/ti0SdoxsHy/boedjsSeQZazcEpsVGMrKSH3MCbZx6te4+ye8e6dddo9Mj27HEMluiA6qHqL28UMsWPcqP2h2MicXLIBDh2ikjJVbfsSZDfGzO46/8Xjc9uyZcRKdFXcnx8P91MgbGx7nyIot/Ck/6Zm12T1TY8E6XlsZqkGkzVeuOMMbobaO2SaR4/z08d3O8Yf6Juq9Fe6reI91c+JDu5zwfp16NR7leOtCFhbGeb84/dLzPRivXqHuTtamCylM430eKWMLM37Wsw+GX1B7+El/XIj67MVkJXX7QST6/Z7mWBc99ixYt26AjlREhp8E5xlnLwKx3yM9t0/zOzn6e71sBTWVsTWI/a7rRZkL1vHiLT+LyYLtlW7nH7HjaM8fJsPPx/t+D52LdT9PCDdjGuctPaQM50cAACAASURBVLJTnTIOfciJlbNiz3fj1rnb98+CFaw8s5s3GiN9mPI8oxftEioret+NuzfwZ0edMhOep4qIiIgMvlGWsdoYDqoCNO7+CS/FnMwdorb7r/iNkUCD/c8N/DTRD/3dT/Sc7f/sjRPALGYvsPdxLPT6cHDtvjhBVae+G94gvHnMhYlT30wzHGetpGaBXfaZi3Geb32Xl7odQ7rZDY2HDjkXPZXcmejsNpP27I14098ObePPerTTocjFlrNNqno07t4dlakb6ptC7qwsAxo5ctzZQ+txjjSSvB0m30JZzH5DGb6ZT6+PX68M9eiXnzCIyUaSRKpxofXdH0eNC4288ZOfcSamhDhZ5oe29cwmS/IeiN0HHNqWTta6iEi65y7JvpO7zfBo3E1tWhmMGZR5aBv/9Wg6R5NEnPOP6HOcE2/0nO0RHmdn3ccCoPHo8XC7nPjQbrQF98UJqjp17nNWcIo6c+KN2O+fQ7szn7HSi3Y5tO3Hic9B+nCeKiIiIjIQsi5j1f9KVUbbe9dud/7PzqCM1TOzK/QruX2i30gjK3jx1ahfv88008qsqF+9I2WEAhyHPjzBI7O6Zwm08u7PnJPg7r/aH/oZ7/7+0yy8z87oPNPcCrMKu500t3L8aCPEyVD8H+/+PusXXuTYIWJ+lbfrs5tfnFiYUXbF5FvsQGCoHnElyIR45NV10D3LtjncuDEZcvGl257dFbLw6S3QLRO09d3YrU780j55j2RDhDIherZT97XZkrZHzPGFyjzEsRMreeTOSspoDGfntB4/ateh8s7E2ROFdzKvDBob7aUZnHdC79ZuS1CvlE0aW0i3DFwn8B5zAPH7INPPrERExq9EUo8Lv3AuemMyfKIvUp0fcHp8Jnb/khMLo99vid4DJ3rso/uPSHoPiIw+yc+/IgHBdM9dEn0nt777M/s7ssd3Xeo6pl+mfb7Wlwnnoe/+HueAP3uXHzy90F6uYGVk+9B5qD3O2j++HzoUmbVyzP7lndmzyGAc76ZxN888vrvHw2Urft8+f0tR54sfRs/wKky+dmsv28WpUfwZPguf5kW6rScfOvFLcJ6q76PRybu2fqirICIio1jWBVYHVhnznBTCUHAxHPxyMgh7nCwu+FH4RK9w4Y9YsHsbh5zga4xwluIKfhB+ahY/WFHGod3OifOs+1jAIQ4dPU7rwjtpPgPhk2YucqYR4l2gNJ69CK3NdhZanJPklAHBTIQCfoe28WfpLn/gSBpIDIluz1BAMl579krkQuRfh+tbyMIfLeCNbaGAdrgiTrvDLCfgnbrqoaCxk6XaGApOh9rMnlrH2Uai32vxFbLw6VcpjsnkOUTt42cSLx+Qcb0yKCScXRspQ7JBmuNC1LgTHqec7VrtgcbOno8ZOs4Q85FI9B6Is4/wWNZ/ByoiI0g4iJby3CX8ioTfyRfPOj/sxPmuS1GLDMqMnK/1VqjMyI+ljsazRP9OmWjN0FAdjxxvZWFxKJDqBEBTjeNpf93HBjCT17nVOU+NOp+J+lE4XanaJXTcb2x4nDeAlD8y9+E8VURERGQgZG1gNf1fHkOZkQN0p9YeGawJFBYzgziB2RhRGQknsAOxzjIAqeuQWPQ6ZukIneTOKI73GjvgtzBq2lnMulZp7yWBdNsTIhdkaZvMjLjR8f6ROFgZusg7xLET92FfDSVZBiBKJIMl1N72kgILF/bcNnRhlX694si4TVNTlkDPDJnMx69eSDEupOb84DO5T4UAeg+IDGd9H796d/5ln7uMBnbwk19G1iJ97dU4SyRE/fj+7oxDpP6BFsLjeKLNuq+nHj7HSFWuU+feSPs8wwkKz1rJa6+ujAo4R9bwjz8bK8V5qr6PRhVlKIuISDbI2sBq1gjfTIjI1LEZxRQCsZcEoaBe9PS20BTaMmY4wYvwL/PbnGyJ+2Z1e32iC5QTduC2rwv0t77L/4ieXpaQvebnI+Epd5F26JPo9nSmh3Vvz/BUvdDzaSukeAbQGJom7UyXc5ZosAPJvb+Qazx6nNaF9jREe3p2JDgdyr49tG0bkDp7N3QBEcmySJQtE8pGiewzk3qFS+l1m8rQSnNciBp3wuOUo9D+UCTO6El18Rz60SjJPkRE4gqNHwnPXVL/uBSaYRSaOl5IZHmS3hrIMuMHBE/w05hzr1A2aLTQj+/OOqZRP9CmHMdTKVzI+nVne9y8NHmd4YQ9+EeCsSd+mXAJhkTnGan2Eani07y2kPBSM6mXiRqg81QRERGRDI2gwGr8Nb7sNZj6kpLVGDU9ySnyvngnepEp5z2mO0VNf4+dQhsd3IxkPXY/DvtkNHLCHTudLsmd54FE7RKaXtZDnBtw2S/onoFpl1u2Ygt/mmjXcSVuz9DJd8+pbgnKWLCOF2+JfWbW76+g7NDunmXELNHQSz2mMkb1X8z0uNRZJuFlEHoca+S1dkCtZ3tlUq/02zRTkT5IeVdiSUO8z6kdTE01LoQC8uFxp6wsdlmT0JgT5zOR3o80cfYhIpKW3p67RISXN0mwXmhvxCuzrCydOe6Jx+pZ4R9Yu58DrotaWzXBuaojfA5Dtx9o+zyO49y89BC1hxp54yfvcufTC6N+FI5X51nhZIBk5xCpzjOS72NywvVyu59r2+UvoGYd1KZ1nioiIiIyOFxDXYGsV7aClQui/7kl8S/us1by2roFMQ+VrdjSLfBkX2QAPZYBKFz4NC+uKOvx+tD+Zq18lZrY4lmwLvO7yC9Y92rijIc4xwALqHk6dh2yXkvSnoUL/4SVUUUvWLeO2JrYweukCheyfssKYmq4YB2v9cMyBmUrVkTVp4yVW6IzCJ3AOKR3ch+vnjEXmoUs/JPo5xdQ06NfUtcrdZtmKo0+kH6ValwoXPh01LiwgJqnf8SMmK1n8cir3fs9+jOdXh1qYj63K/r4PhKR0aLv5y6zeGRL7Pfhyr6ch8Qps2zFFv60so9FxvteL1vBiytn2ftbtyD2cWfbQx9GZe06P9L2/IG27+M4wKyVThmNu/mv77amqDMwa2XM90/ZinUx5xT2Yac4z0i6D/ummN3LjP2O+1FseSnPU0VEREQGl2FZltWfBTY2NjK1uLjXrw+tlTPka/aF1qPq69T7OELraqWaFiXDS8/p/TJa9H6Nwr6K3B27x12bB2DsEpGRZ+jGryEUnp0TWWZF52bpCH3nDNB9DUQylDXXjSIikhW+bW62ZyH1o5qampTbjKClAIaLyJ3rk69xKsNLaH3TdG42IdJfQusK97xbdKp1fkVERq3JtzhLpnSfmq9zMxERERHJjAKrgyhyx1NYsE6/9I8YUevSlq34E904QTj++ef9Us6dd9yRcptZK7ew8ky3NeoWrFPWtIj0yrXr14e6CgMv7/v8+zWN1Gw/GvVgCUs3/BHTrl/n2pBVLNu10xkE8NOudpIskDfUFRAREUFLAYiI9Fn3qbT/tOgv0wqKJnP888/7XIaISCrdx6/O6r8dopqIiGQmr+4PAV03ioiITUsBiIiMMO0f/rBXryu47+f9XBMRERERERER6W+uoa6AiIiIiIiIiIiIyHCjwKqIiIiIiIiIiIhIhhRYFREREREREREREcmQAqsiItmqpZ7nq6t5vr6l22M7aEj5uhTb9LpKm3h0x0CUnLz8hh3d2iGlBnZUV/No+C9Ve7TwzqZq+n5o0eU0sKN6E+9kUm0REREREREZNnTzKhGRLHdq534aqlZTke4LWk9zaoDqUlS1kV0DVHZiLZxrAkrTf0XDjpeoX7yeXasrnH9X8+KmUrZtrKJoYCrpKOKBjXX2/7Z8y2mgZED3JyIiIiIiIkNFgVURkaxWzqpV8OKOhnCQMFpL/SbW7bTDqOWranm+qpUdLx0A4MUdc7u9poV3NtWwMxR1LV/lBBob2FH9EvXOw1Xr61hd4QQjDzgPOkHKlvpNrDu9nF2rKyLPly+migOwvI7VFQ3sqN4Di6H+wCm7/rUbeaAIO5O2ZqcT9F3MM3VOsLhhB4++dAAop2pxzxZoqX/FrvOpV3jn7o08UBRd36hyoo7zXBOUzy8MP1Kxus4JCNttcHh+Lc9XFdn73lPKto132xu+F6pLqB0Sb/+bTTU0lSym/kDP7ZuW11Kyxz7WU6/Uc8/GqeyP08YiIiIiIiIyfGkpABGRbHf3ElY17ek5pbxhB+t2lvBMXR276tZTurOGHQ0VrF6/GFjMM90jdy2tTFtbxy5n+6pTh/lNC7TU77GzO+vq2LV+MfV76mlpqeevDywOl111oNv+G3bwYuj5taWcjkmRPcXp0rXsqqvjmcWn2Lm/AWhgR81h5tfa+9+2qokXdziPv3SAqvV17KpbS0lTz1zboqq1rCqH8lVreaCohXc2vcTpVbWRcjbVE9s0RTywdhXsrLGXAejxfGL1TaVsC7XDS6mXU6hnrlOPcrvdutWhnHJWra2CeG2cZp1EREREREQkOyljVYYNl8uF4XJhAEHTImhamBZYznNul0GOx41pWXT5g3T6/HT5g3T4AnR0+SmZMoGx7sv4L32A4RmL4R6D4S7AcOeDKw/DnYfhysFw5RD0XcHlHY9lBrCMHCzLwLQsLNPEsqyhbgoZdYp4YO18nt/fwANLIo+2fNsEi5c72ZoVzF0Mf/1tC0xNVEwFFTFZq+WsAorunk/5zpd49ICdSblrI0AL88t38mL1ATtbtW6jvU+nqIb37McrAIruZn45NEXtqnSqPeG+sLQcTuNMiz9FfU01O8NbvUfDXKhnMc/YBXHPfGf7hFppOlXO/LV2+XbdT9MKsVP8i6p4vq7KruuOatZV73Sybgt7lBitfP7ddjkVc6liD+dSRD/LS+3yiqYmn/Afv41FRERERERkOFNgVbKSYRhguAiaFm63C4/Hw8Wr7Vy63sHVdh/tnX46/QE6fAE6w39+On0Bgmb8wOfyBXdQkNPMjS+3pVUHV14x7rzpuPOn4xozE8+YMlx5xRjemzCsIKYZwLS8WJaFqYCrDLSiKv6YanZ8tqr3ZThT7qvW17ErNGXfKfv5uirn+Wo70Fm3mgc21vGAs0xAKCC4JPkeUogzbb9hR59KTEfF6jp2Lann+Zr3aFjdtyPotQRtrNUAZHg5yZs12zlauYbah2dGPd7GkZe3cO7BWmIeTqfEN2vYfjTOEz32MdjsYzo2ewNPzps0hPWI1XbkZbbsg6UbnqTP1Wo7wstbjjF7w5PMI+r/k5Xblmy77GwzERERkYGkwKpkhaAFN7oCeD0exhfkcqW9i7Otl/j24jXOtV2n7VrHoNfJ7GzG7GzGf/mjHs+5cgtx503HyCkit2gxOePvwPCMIRgMYllugqaJZZqDXmfJLgX3/bxfy6tYvZ73ql/iFPZCpEVTS2DnezSsrqCCBt47AKXrU9yaqXwVSyqAhveoB1Zhr9P6V6zl+arV7Kot5fma0/Z6qK/Av9tYxeq6Wko21cRkpFbMXQwvOftu+YzDp1LcW6poKqXs5K/rl/B8VZG9Vuvh+WzbOJcqXuK9htVUVLTwm8OnUtztqZCS8lMc/qyFB6qKaPnsMKfK5xObh2oHg0+vctZFDR97KYUUQQmcOm3nuDa8d8BpBdupw5/RUlVFUcN71FPCM0XJt09X3DYWGa6Ovs2Rqn4I7IV0D6K2HeHlLdt5897MA7UjWxtfHIPKSjj2RRvzFLwUERERGXIKrMqgM1wuLAu6ghY5XjcGBt+2XuXbtmt823adb9uuEwhmd1DS7GrF7GoFwNfy9wAYnvF4xt+Fd/I8vBPuxZ03DTPQgWnkYAaDmAq0jirHP/98AEqtYMmqcupDc+krVrNt1SbWVVcDzs2rKoCWUsrZ2fPmVRVzqTr1kjMtfhWryg/Q1AoPVK1l/qYaHnXKrVpfR0UR/Lv5m+xtwZ5GXwEt30b2/czianupgPLFVJWnrvvq2lU8XxPaz2KeqauiCFi9frGTxVlO1eJ4BRUxrQRO7XRuXrVxPU3VPctJvK/QdqspAormLoaXnCzcxbF3yyovOc1fVVdzKtQOAEm2T6poKqWcYucr9WzbGKeN0y9JJKuUlMC+XUe4/cl5DEhob9I8Hqzcx/ZPTvLwTEVWw07Ws4/ZbLj3HFu213Ny3sP0qXUmzePJ2nn2/7f1RwVFRERERh/D6uf5y42NjUwtLu716/2v2GviedfWp9hShhOXy4XPBMu06AqaNF24wrmLdiD1anvXoNRh+YI7mJrzNVd/8x8GZX/gwjPhbrw33W8HXCfcRTAQIBg0FWQdYULjVsioG79a6nm+5jDzazfyQIqEWRHJLt3Hr87qv02ytb0UAGvWwPbtfLM0NOW751IA9pR1J8+9ZCkbEgRhT75Zw3Z6Tvvv/njS8tqO8PKWfU5WfUnMNPmYpQaiMmNPvlnD21TC0aM0hcqLLqekkkqO8k1oWvvJN6kJF1SSZCq+3Rb7win+layptQOgKfeZtFzn9dM28OS8NqcfnPY++Sb2P0OB1m5T8mPqDiWhfku2FEBMvaLaLvSapdPZt+9obHlxlgJI1P4i/SGv7g+BUXjeJSIicX3b3ExZWVm/lllTU5NyG2WsyoAxDIMOv0lBfi7nL93g06+aOXH24lBXaxCZBK58SuDKp/Y/DQ85U/4l+VP/kJxxv0Mw4CcYREFWGZ6c9VpDylfVKqgqMmrM5OE1ldQkypo8+SZb9k1nTe2TzHSCbVvenJJ+UK3tCG8fhco1M+OUZwfrIuWd5M0t+5i+ppYnQ0HGLW8ypfZhJh15me3fLGVD7TwmOUHhl6dFgn5NR2FNbW0kGLlrHyzdQG04GAkls7H3sf0blm6otYOOJ9+kJkHGbtuRXeybvobaJ2cSCjS+faQqwT4T171nS53kk6MlzN4wCZhE1dIStoQyemfeSyXb+eTkw8ycCbR9wbGmEmY/Oil+3VNmu9ptEa5X2xFe3uIs/2AfBfuOzWZDba0TGN7Cm1N6LtvQFtP+dlu8fETrr4qIiMjIosCq9LvrXUFycnIIBk0++7qF356+QEdXYKirNfSsAL7zP8d3/udgeMkpqiJ36kPkjasg6G8naHkVZB0h+msZgDvvuKNfyhkQFavZVbd6qGshIkNl5sOsqaxh+5v3UvtwbKDs5CdHoXKNE7ibxLwHK9m3/RNOPjwzfjDv6HZqut3AqmTphnCg7uQnRylZuiH82plVSynZ4pR38hOOUsma8JMPU1sL0MaRY02UzH7UCX7OtIORx76gbZ4z/b3y3kh9YoKRwMwqlpYc5Vi4Rk3sqz/JvIdn2vt4Mn6zTJr3JLXhf7VxrgmYHbVB9D5PfsLRkqVsiBwYS0u2RAKk0U5+wtHKB6l1qjfp9tmU7Au16UzurSSydELbOZoqH+TJSfZxPxxV2bYL3wDT41c+chTMezJyFLSdo8dhPOgElWOWbYh+H7TxxbEmKh980ml/533wtt3+Cq2KiIjISKHAqvSLgGnRFYQJY/I4c+4Cx09f4PylG0Ndrexl+fFd+CW+C78EVw45hYvILf4h3pwiLNc4AqY+msNdX4OiA7NGq4hI/7EDnNt5894NTAs/2saFb6Bkdgahs8ruU/6n82A4q9Eur+noFmr2Rb+ohAttMMneWZxAnR3UnP5gmvVoO0cT04lsPokp4fjjTB6uXQM1UQHgRNPauy0ZUJLkZnxt9oGxJfbAKLnQBt2ClEfePgpNR3sEoEPZsNHBZj45SuW9D0deG7U0QUmyCsUcRtQU/pKSbvcULGFaVPUmTSuBcz2OjnNNcHR7DbFVrqQNFFgVERGREUPRG+k1wzDoCFiMyc/l3IUr/PbrC3x5Tnc/yJjpw3fhV/gu/AoML3m3/DH5M/4tZtBHwMyjn5dBlkH0iyZXr173gxJlLovIMDBpHo8uPcaWt+upjDzIlOnQdK534bNJ855kzbkatr88zVlH1S6vZHaCKeT2zuIE6yYxrQSO9QhSJtrxNEo4RmRzO6AbiRjP5OHaWh4GZ2r8dt68t/v0dzsA2mPN0US7tA8s4fqzkWK/4FhTZdQaqs7DR14OZ+BOmnQ7s0v28cnJe+FoJeG46sl69kW/1lniIKm2I7x9NGq9V2dd1YSbn2uK86jd/pUP9lwiQERERGQk6d1Vv4xuhgvTcNPut/j1qfO89vZH/OzIFwqq9gfLT+eZn3LpyIN0fPWXeMwLeN0+XG5jqGsmIiLSw6R5j7KUoxyNiq3NvLcSjn7CSSCcbRk9BT6FmQ+vobJpH7uOtIXLa9pX75RnBxRrat60/z3zXio5yieRJ3m55mWOtE3i9tklNB37wrnh/Unq9zVRMvv2+EHMSbczu8Se7m+X8wXHmrqXGdp2CtO7ZW1GawqdD52sj7qJVbwDvZfKpn3Ux9S9hjdPxm7W9sUxmuK036TbZ1PSdIwv2gDs4z26fTvfLK3qtu03XGiDcF+kpYnIYUTdxMp5LtJOznq49/aonV2ft48QaraTb9ZQ83Lk3yIiIiIjgTJWJW2W4cLr9fLRl99y4mwrLVfah7pKI5qv5R18Le/gGX8X+SWPkjvuLgJBi6Cp30NERCRbhNZQjQrYzXyYDUtfZkvoLqolS9mQUdqisx7qvtBNkbqVRwlLN4SyN2fy8IalvLylhtCzlWucGzU52a/hqfaVa+wbUyU6jifXcC483b+Sykr4BmDSPJ5cc46aLTWEJu2XLN3Awz2KCrWFU0blGtZUHmV7wuzdnnWPXlvWZgeEwzfyitmdnaUaWvt10u2zKQFm3x61L2fd1n1bathHCUvXLKVku5OZm6AlwuumOtP4K9esofLodiKHUcLSaZ9Q46S+9qxzqJhu7U8la2q1vqqIiIiMLIbVz/OMGxsbmVpc3OvX+1+pAsC7tr6/qiR9FLQMXG4PjecvUf9JI13+4FBXqVeWL7iDqTlfc/U3/2Goq9Irrpwi8mb8W/Km/YhA5yUCVt5QV0kcoXEr5J8W/SV33nFHn5YCOP7559l98yoRGRG6j1+d1X87RDUREclMXt0fArpuFBER27fNzZSVlfVrmTXhH/YTU+qbJBQ0oTMILde6+H8PfsbfHTs5bIOqI4Hpa6H91F/QdngxvuZ95OV6cBv+oa6WDIaWep6vrmZHQ7JNNvFosg1iNLCjehPvtPS+vMz25+x1RzXP17ektX8RERERERGRbKelAKQHf8Ckw4mfHvj0a862Xh3aCkkPnWfeoPObfYwpf5LcyfPwBz2YltZhHalaPjsMixdz+r0GqKjohxIrWF23MekWRVUb2ZXk+dbTpzLcZwvnmoDS9PYvIiIiIiIiku0UWJUwC7jaGWBMXi4ffP41J85eHOoqSTJmJze+/E90nJ3BmJnryCkoxW/m08+re8iQa+E3h2H+2iXwyiu807KRB4qcpxp28OhLB4ByqhaHtm9gR/UeSlaVsHOn/dyq2uU01bxEPVC+qpbnq1rtbWo3cs9nm1h3uoSqAweoB1i8nl2rK2ip38S608vZtRp2VNuvBahaX8dqdvDiAYCX2DG3lpI9NTSVLKb+QBOrajfyQGuoXpHXLPn2FXaeAk69wjt3L6epxt7/A0UtvLOpxn6Ocvv1zmN2mQci++2PmLKIiIiIiIhIP9FSAAJAp98kNzeP46dbefXnHymoOoyYHWe49tl/5PqJLXi4hNflG+oqSX9q+YzDJct5oKiIe+bD4c9C8+cb2PHSAarW17Grbi0lTdEZpKfYeXouu+rqeGbxKXbWvMfcujq2rSrn1OHP6DED/wDMratjV+0qyg/siZmi31K/h/rF69lVV8eu9Yup31NPS8VqnlkMLF4fDnbWM5dddXbQtwF737ucfda/10BR1VpWlUP5qrWRwDDQsKOGnSWh8kvYWbOD0AID9U4521aV2/vtz3YVERERERER6SMFVke5oGXg9uZw4txl/vxn7/HrU81DXSXppcDlj7hybAUdp18lN9eN2xUY6ipJP2j57DClc+3oZdHd8yEUGG14j3oWYz9VxD3zy2NeV+W8prC0HBbPpQIomloSfyflpRQCFE21Z+pHKbp7PuUHXuLR6mp2sJpdG6soiltEYfj/Kyoq7Gza6mrW7Uy2ZIC9PECorlTMpYomzrXElpmw3iIiIiIiIiJDSEsBjFIulwufaXGm9Tr1nzTS6VcQbqTwnf87fOf/jvyyNeTe/AN8Ae9QV0l6rYH9O09RTzWR+92W85uWKh4YrCoUVfF8XZWz7EA19SzmmbrVSV7gTO1nFdvq6qB+E+tOD1ZlRURERERERAaPAqujkdVJ0NfBmLFTef+LLxRUHaE6Grfjbz3EuLv/bwJBi2BQCeqD7QclZt8KaHiP+vJVbIvKEm2p38S6/Q08sHouVbzEew2rqaho4TeHT8EAJHa21G/ir1jL81Wr2VVbyvM16UVJq5ZXUUQL7yStVxHTSmDnew2srqhwsnBLeKYIzvXbEYiIiIiIiIgMDAVWRxmX1U7L6YOc+MeXmHH3I6xY/O/5L397bKirJQMkcO04l448yJhZz5AzcTa+YO5QV2nUOP75530uo+G9A5TPr42Zel9093zKd75Hw+rVrF6/2MkiLadqcXnCcvqiqGot8zfV8OhO+99V6+uoAFpKy2Gnc/Oq2Fdwz/xydjr1WrVqMRz+lhYqmFYCp3baN68KqVhdy6pNNTxaDaGbV1XQosCqiIiIiIiIZD3D6udbiDc2NjK1uLjXr/e/UgWAd219ii0lI1aQvPwCPv3Vf+TimX8MP1z5x/s51ebilx8mWwdxZFi+4A6m5nzN1d/8h6GuypDw3jSbcXe+iL+rk6DlHurqjCihcStE45eIDBfdx6/O6r8dopqIiGQmr+4PAZ13iYiI7dvmZsrKyvq1zJqampTbaG7waGC247vRxIH/VhkTVAU4+tdLuKt0Ch6X3gojnf/SMdr+4V9A+6d43V1DXR0RERERERERkWFNSwGMcIbVwbkT+2j8+LWE2zR9tps//eHDbN//BUEvQAAAIABJREFU0SDWTIbKteP/JzmFi8gve5wA47AsBdX7W38sAwBw5x139Es5IiIiIiIiItL/FFgdoQyCeL0ePnr7P3Kt5XjSbU++v43i7yzh9+4q4R9+2zRINZSh5Gs9iK/1IBPv20XQNZ6g6R3qKo04fQ2K9ldwVkREREREREQGhgKrI5BhtnP90gk+/cUTab/m/b0PM/+RXymwOspc/vBRxlZsxjP2LgJW3lBXZ8T57bJlvXrdXXv39nNNRETSM27s2KGugohIWvxDXQERERG0xuoIY2H6Wvj6k9cyCqoC+DvbOH/qV/yvP7h3gOom2ep6w3P4zv8NOa7Ooa6KiIiIiIiIiMiwocDqCGFZQXJyvPz67TV807CvV2UcP/AM43INvnvbzf1cO8l2nU11tJ/cSm6ONdRVEREREREREREZFhRYHQmsALl5eRyqW0RX+/k+FfXrn6+h6t5b+6liMpz42o5w5aP/hdxcNy6NDCIiIiIiIiIiSSl8MsxZQR9uV5CD/20uZrCrz+VdvfAZl899xMqqu/qhdjLcmF3nufSPv487eAG3yxzq6oijYUc1j1aH/nbQ4DzeUr+JR3c0AA3sqN7EOy29KLylnuejyox9alPUfqt5vr43O+imYQePbqqnH0oSERERERERGVIKrA5jVrALrOsc/uk/79dyP/m7NUyZUEBZ8cR+LVeGjysfrcK8dACPodsCDK0W3tlUzYusZ1ddnf23Hl7sEQitYHXdRh4o6sUuWk9zKu6u6/mrnbCq1tlv7SrYWcOOeBHYTFSsZtfGKnpTVREREREREZFs4hnqCkjvWMEOAp0XOPY3jwxI+Z8ffJY/WvR/8Z9/9v6AlC/Z78aXtYyZlYd7/ByClneoqzM6tXzG4VOLeWZjReSxitVsq20gNuWzgR3VeyiptYOrDTuqefGA/Uz5qlqeryqipX4T606XUHXgAPUAi9ezazXseMne8MUdc9m1Omo/rac5RQl/HIqAFlXxfF1VpGr1m1i30wnJLl5vv7Zhx//P3p3HR1Xf+x9/nzOTyR7CMkhQEnFcCAgi2hLFKBnaKq51KS5t0kStrXTRkt5rQ28L2Cpt7w9aN7pq0qStSqttLde1JL2XVgGtRRGiSIRE9mHPPpmZ8/tjAgQIkGVmzgRez8eDx73OnPP9vgN1Hg/efuZ7VLhY8qpG1e4r5Vnu162VJco9cP2yfC2cUa9Zi3O0cI5X7tpyFXbuf3ANdZ9fvmrNLa3oLIE9Kl7QxyIZAAAAAIAIYWJ1AAoFm9S6vy5qpaok7fjoVbXu26CbpoyJ2h6If80fPCRr/0o5zYDdUU5JvtXLVOfJ0bAjXne7c+U+Rqnoq57XZcK1TDkViw4dEVAj5XVOn3pqFmupL1clZQWSCjS7a6kqSbklml1Qo4c7jwE4bFK1tjxcklZWqqpygYob5h96v65B2TMrVTXzM8r31Gh55+s76+vkndF1UrVW5fNr5C07fI1j5a9dUiEVL1BVZaUWFksVS/o7OgsAAAAAQP8wsTrAhIJNavK9q/eWPhD1vVY+d6sK7npTQ9OTtauxNer7IT41ffCQUs8rkyNjsoKWy+44pxR3Vnav79lZXyfVzFdhzaHXPKt9miBJB0pad5ZyerBWbkmlqkrUOS1apMLOSdEJWxukuhrNKqo4dPHyWpXkSVK2Rrolya0J+R4t2+qTcndqeU2B8kqkQwfEblW9CnRrbvjaaXMqJUm1y7vPPzevQHXzS1VYEc5QdWh4FgAAAAAAW1CsDiBWoFF7N/9T7//joZjtWbfyUd1e8FU9/sKbMdsT8af5g/lKPfcBOQZdQrkaS8Ny5Kmr107psDNJa8uL9GzOAn31GLcd/Pp8F77qfuToPAagtrxIzx4oabt8df9QsOWH3zY+X1q0Wr6selUX5Kmkh9t1l18qUVVlSfhIgdIiVXiKw8cJ9PFHAgAAAACgvzgKYIDwt2yVb+OrMS1VJalhdZWCbTt11cVnx3RfxJ/mdT9SaO/rchh+u6MMGOf/4Q99+nWQe7zyPTV6uOv38GvL9XBNgW49qngMG5bjUV3Fks7B0FqVH/k1/h7yVc9T4VEPyZJystzhSdqaxZ1HDIQfsDW32nf0Iu7xytcyPbG4Rt68I0pYd5ZydOCogENrHCt/bXn4/7q9c1RVVtD7HwgAAAAAgAhjYnUAsEKtatmzTutX/NSW/Zc/e628d7+lV99er1DIlgiIE80f/lip5/6nHIMuZXL1BNasXRuBVdyaNmeBNK9UhUUHXivQ7AMPhOruDu8cza4v0sNF4e/Se4oXaG6u5Nt6jC2G5cijiqMeXnXkOl3Xkkq0sLhzclQKT6963TqqhZVb02Zkq2J+dudX/rvKVcmC4s4jBiR5irXQ65Zb3edXbpmWF3VeK4+KF5QwrQoAAAAAsJVhWZYVyQU3bNigrBEj+nx/x6LwwXkJM/vzvdWTh6GAmvfUatWLM23NcfbkWRp6zi36+f/8y9Yc/THj8rHKcm3U/nfvtzvKgJd+/nyFXB5ZZprdUeLCgc+tA/j8AjBQ8PkFYKDi740AgK62btum0aNHR3TN0tLSE17DxGocM2TJCjbbXqpK0voVCzXinGs1Zdwo/XPNx3bHgc0a3ytTxoRHFEo8WyHLsDtO3InMtKo0buzYiKwDAAAAAAAij2I1jiUmp6j615fbHeOglc99Tpd9/hWKVUiS9r97nwbnPS9/MFkRHnw/KfS3FI1UOQsAAAAAAKKDYjVOOR0BvbH4RrtjHMbfukvbP3pNd37mMj316iq74yAO7Fl5m4Zc+qLa2nigVXdm/OXWPt23+IZnI5wEAAAAAABEmml3ABzNCDVrTc131bo//iZD11SXKSPZ1ITRp9kdBfEg5Ne+VTPlcnbYnQQAAAAAACCmKFbjTahFH695Wrs+/ofdSY5p1UszNe3CM+2OgTgRbFqn1g0/V4LZbncUAAAAAACAmKFYjSOW1a59295Uw7u/sTvKce3b/o72bv23vuAdb3cUxIn27S+pY/ff5TCDdkcBAAAAAACICc5YjROGgupo2aY1Nf9ld5QeWfXil1Vw5wqdedogbdy+z+44iAMt6x9RxgUemUlnK0S/Ghm+as0trVDdES97ihdortfdy8VqVV60WNkL5mhab2+Ni/UBAAAAAIgvFKtxwuGQ3vzzF+yO0Str/v49fXbq9/XTP62wOwrixP53vqH0C34mw3WmLMuyO85JwqPiiJSVuSqpnBOJQDatDwAAAABAfKFYjQehZq38y512p+i1HR+9opyJd+qmKbl6/p+1dsdBnGj58MdKn/Co/AGH3VFOcuEJURVI1TV1OqyArS1X4fwaSR55C6RqzVBViQ5OlE5YPU+z6rPlralRtSQVlKmqJDe8anmRHq4J79B1Mra7133Vh9apL75XORWvnmB9n5bOK1VFnaSCAnlrGphwBQAAAAAMWJyxajPDatfWD55XW9MWu6P0yZvP36ozTxukIelJdkdBnAi2bJB/25/lMAN2RzlJ1KmitEiFRYd+ldceeq8+Z6aqKis1u6BOFUtqJdWqfH6NvGWVqqqcqeyGIw8S6FQj5VVWqmpBsTw1i7XUJ/mq5+lhlamqslJVlWXKqVh03Ne7rjPXm9mD9RepQsVaWFmpqjyFS1cAAAAAAAYoJlZtZBiGQoFmbXj7l3ZH6Ze6lY/pjoKZevyFN+2OgjjRsvFJDRo2VSFjGEcC9NvxjwLIyQq/MSzHI9VLql2uahVodq4kuTUhv/P1o5bN0TBJcmcpp/OlnfV1Us18FdZ0uWy1TyOP8fqEruuccH2f3l1WJ0/+TLklKTdPXjX06HcAAAAAAIB4RLFqI4fh179fud/uGP3WsLpSZ4y7TVde5NEr/zrGdBxOOY3vztKgi3+jdr/dSdAb3T0Yq7a8+9d9jJwCAAAAAE5hFKs2MYyANn/wZ7Xs3WB3lIh4/Zmr5b37Lb32rzqF7A6DuBDy+9S6sVyJo76gjmCC3XFssfiGZ2O/aW6evJqv5bUlys0NT4kqu2e3DsvxqK5iiWq9JcpVrcqL5ktllbr2WK/3Klh4erZi2Wr5vF65a5erWlJx739CAAAAAADiAsWqDQzDkEJtqlv5qN1RIqphzTO655qb9PP/+ZfdURAn2rb8Qa7TpslMyFEodGodCbBm7doIrRQ+Y7Wi60ueYi2ck3WM63NVUlagwvlFqpZH3gJPj3dye+dodn2RHi6q6dxmgebmSsrt/nXf1t79JG7vTBUvK9Wsoorww6t6dzsAAAAAAHHFsCJ8AOKGDRuUNWJEn+/vWBT+q3bCzJP3O6YOs0P/fvFeNe36wO4oEZdfWKN/bdinf6752O4oR5lx+VhluTZq/7sD//iFAcWRrMF5f1F7+8n7MKsDn1sHxM/nl09L55VqWf7RX+O3XW25CudLsytLlGt3FuAUFr+fXwBwfKfC3xsBAD23dds2jR49OqJrlpaWnvAaJlZjzFRQ29a/eFKWqpK04rkZuuyOl+KyWIVNgq1q/nCBks+8Vx0hl91pTgHhr+of/CuGp1gL46RU9VXP06yKQ+cwe8sqKVUBAAAAAAMWxWoMGYYhQwF9+Mb/sztK1PhbfNq+Yanu/MyleurVVXbHQZzw73hFiSOmy0wao1Do5D+FN1LHAIwbO7YPd+WqpLJSJRFJEFlu7xxV8f1/AAAAAMBJgmI1hkwjoHdevs/uGFG3ZukDuqL4n5pw5nC9u3GH3XEQJ1rW/1TpFzwmf8hhd5SY6FspekjkzmgFAAAAAADRQLEaIw6HId9Hr2m/b43dUWJi1Utf1aeu/RXFKg4KtmxUYO9bcmRcomDw5J9alaQnr27t0313vZgc4SQAAAAAACDSTLsDnDICTrlHT9Og0ybanSQm9m1fpT3b/q07CsbbHQVxpGndf8vp5GMHAAAAAAAMfDQcMWBYTq38jV//ftqpSdf+Sp+88Wm7I8XEqv+5RyMyk5UzfJDdURAvgi1q3/JHOZmVBwAAAAAAAxzFagw4HE6tWtymN3/TpkXePdq1fpS8d7+lcQUP2R0t6tb+7xzdOGWM3TEQR1o2/FJOmlUAAAAAADDA0W5EmWE5teKpw89ZXPLtFjldLbqtokBTS97Qhyt+os1rF9uUMLq2172snIl36cYpufrTP2vtjoM40fTho0o68ysKBPlvO8flq9bc0grVHfGyt2yBsheXqmFGpUpybUkGAAAAAMApj2I1ysLTqo1HvR7wS7+9o0mjL0vQp78zS2dOvEv/fvFetez9yIaU0bXyuc/Je/ebGpyWpD1NbXbHQRzwb1+ilJwiGUa6LMuyO06c86h4wRxNcx/x8pxKW9IAAAAAAIAwitUoMqwErXjy+E8F3/CPDv1yeofyv5aqyTc/q0bfGr31QnGMEsZO3crH9XnvvXr8hTftjoI40bzuR0oZ86A6AobdUQYgn5bO65xYVbkKF0te1ai6TpKnWAvneOWWVFtepIdrDtxToNmVJcqt7dn13rID07C1Ki+ar2pJxyx5AQAAAAA4BfE93ChyOJxa9YeeTWgue7xFi7x71LTtHHnvfkvnTSmLcrrYqn/3N7L8u/XpSWfZHQVxomPvvxRq+UimycfQ8dWporRIhUWdv8q7OVKjrkHZMytVVVkmb12FltRKUq2UV6mqykpVVS5QsadGy2uPc31tuR6uKdDsykpVLShW/fxy1cqnpfPmS2Wd65Rlq2JRtXyx++EBAAAAAIhbTKxGiWElaPmvW3p935/ua1ba8Fbdsuh6TS2+VrX/eEjb178YhYSx9/rTV8t791t67e2T77gD9E3bpt8r5dz/UijE1OqxdTclemS1ma2RbkkapmyP1CBJylVu7hFTqMe53re1QSqYoVxJcns1t1KSarW8TqqeX9Q5sRrO867Py9QqAAAAAOCUR7EaJQ6HU+/8cX+f7m3aEVLFLY0aM92lqd+cI89FM/XmX4rU0bY7wilj7+O1i/Xlq2/QL1582+4oiAMdu9+QIb8MI4mzViOt88FXKl6gqkqFjw7o00J8/R8AAAAAgO5QrEZBX6dVj/T+S369/5Jf3v/IVP4XXtXuzSu16qWZEUhonw9f/7HyPdM1Zewo/XPtx3bHQRxoa6hSYvaX1BGwO0nk3fViss0JCnSr1y35qrWsTso5zpXurGypYrlqS3KV66vW3NJlyl8wU9meOlUsqdW0klyptlyF8xU+qzVmPwMAAAAAAPGJYjUK+jOt2p3q/25R9X+3aMYvLlDBXSvVsLpKdSsfi9j6sbbiuVt12R0vUqxCktS25XmlnDVTHQG/3VEias3atfYGcI9XvqdCDxfVSJ5iFRdIy7b6pKxjXJ9booXF8zSrqEiS5CleoGlutzSnTA1F81VYIx2YXqVUBQAAAABAMqwIf/92w4YNyhoxos/3dywKnwKYMLP6BFfGJ8NK0Jvlfr3zx549tKq3hp5t6ob/lypXcodW15Rp98f/jMo+0TZu2o/kGnapnnp1Vcz2nHH5WGW5Nmr/u/fHbE/0TMpZX5Nz+HUKBIJ2R+mTA59bBwzUzy8Apx4+vwAMVAP9740AgMjaum2bRo8eHdE1S0tLT3gNj+OOsGCbGbVSVZJ2rQ/pqc826o1fW5rwqZ9o8i1/1ED8Y1yz9AFlJDs0/szhdkdBHGj9uEpOBw+wAgAAAAAAAwdHAUSQw+HQx6tic1DkO39o1zt/aNeVc0+T9+6V8m38u1b/7Vsx2TtSVr38NX36ml9o9cYddkeBzayOferY+7YcaRcqGByYU6tdReoYgHFjx0ZkHQAAAAAAEHkUqxEU9Dv13gtNMd3zlbmtekWtuqPiEhXcuUIfvbVI9e/+JqYZ+mrftre1d/s7uqPgfP2+5j2748BmLRufVPr4nyg4ACewu9PfUtT2M1oBAAAAAMBxUaxGimHIkLTlHXsebf774madMcmp6d+/V9kTivTOq/dr/47VtmTpjX8vuVsFd61UzvBBqt+xz+44sFGw+UMFGtfITL1AoVDI7jgR8frv8vt036WfXxbhJAAAAAAAINJOjtGwOOAwHXr/FXufar7p7YB+dc1+rVqcoIuufVKf+Ozvbc3TU2v/d65uvHSM3TEQBzp2LZPDHPhHAQAAAAAAgJMfxWqEhPwOrV3SbncMSdLK8jYtmrZXez4aJe/db2ns1AftjnRc29e/qNb9DbrhkvPsjgKb+X01cjgT7I4BAAAAAABwQhSrEWAYhtqbLO3eGF+Tdn99oFW/uma3UtI/pYI7l2tk7s12Rzqmlc/dorNHDlZmWpLdUWAjK9isYHOdTJOPJgAAAAAAEN9oLyLAsBx678/xMa16JH+LVHVbk155sFWei/5Dl93xspIzRtkdq1t1by7SF7zj7Y4Bm7VteUEmxwGE+ao1t2ielvqOfK1ctbaFOpChSIVH/Cq3NRQAAAAAALFFsRoBpunU+6/GZ7F6QN3/duiX0/fr/ZdTdcnnntdF1z1pd6Sj1L9TrpB/jz496Sy7o8BG7b4aOZwuu2PghDwqXlCpqsrwr4XFHlUvrpbvxDcCAAAAAHBScNodYKAzTVO7NwbVuseyO0qPLHusVcsea9VNj42R9+639PGaxfrwjR/bHeugN56eLu/db+m1tz+yOwrsEmpTsPEDmYlnKxQK2Z0mrvmq52nWsnwtnOOVW7UqL1qs7AVzNGH1PM2qz1dxQ4Uq6iQVlGlhzmLNCv+DZleWKFc+LZ1XGn5fkjzF4XVqy1W4WPKqRtV1XV4/QRb3+Hx5Kuq1U5JbUm15kR6uObD0As31usOTrqUVCm/pUfGCOZrmlqRalRfNV7XUJV/4NZVVqiS382etn6GqEqm8aLFUIFXXZGt25bXacvDn6LLmYXsdWPPwXCooU1VJbgT+JAAAAAAApyImVvvJ6nDo3efb7I7Ra89/vVlVd+zV0KwbdcUX/6HhZ33G7kgHfbx2sb589UV2x4CN2ra+IIfRYXeMOFGnitIuX7k/WBaeQM0yaWalqhYUy1MzX09opqoqy+RVjZbXSvLt1MiZByZOy+StW6Z3D4yb1jUoe+aB1yu0pAdf8fetXqY6T46GKVyCPqyyg2vnVCzSUp9Uu6RCKl7QOeEqVSypleTT0nnzVX/w9QY9PO9Ek691qs+ZqarKEg2rXqQKFWthZaWqyrJVsahaPtWqvHSZ8hdUHlqzvFbyVevZmgLNPvAz1yw+/JgFAAAAAAB6gYnVfnKlOrXub367Y/TJ/q0hld/cqLHXJuqK+34gzye+rjf/9HkF/PttzfXh6z9WvudqXZo7Sq/XfmxrFtjD76tR6rn/KQUH5r9bkdV1slOdk5j1PbgtXxPckpSlHHmUPT68QLZHapAkd+4RU6seFR+8OVsj3ZI07ND1RwkXvhWH5QxPttbW10k181VYc+hqz2qf5uYVqG5+qQorwj9TlVeSatVQ51H+zHC+Q5OvWcf98XKywtfvrK+TJ39meKI2t0RVc8K/R/WqU/Vh+ZartuRa5Xsq9HBRTXhatXLOiX4XAQAAAAA4JorVfjAdDq37W7usAf5t5bVL2rV2Sbu8/5Gpy4uqtXvzcq166Wu2Zlr5/G2acvsSitVTldWh4P41MpPHKBTkQVZRUVuuwvk18pZVqio3fIxA7xwqfA8cSTChy3kBB7/+f5gSVVWWhK8vLVKFp1gL5xy/QO27Q1//7yp3TqWmdR4zUFgjeTuPGgAAAAAAoLc4CqAfQh0Obfr3yfN15er/btUTBbsVar1QBXeu1FkXz7QtS3vzNu3Y+HeVfGaibRlgr9bNf5Rptdodo18u/fyyPv3qKXdWtlQXPtdUtcs7zyjtBU+xrs3t471dc3jnaHZ2hWaVh88MGJbjUV3FEoX/qVblRUUqrw2fb1peG76+qqyg8+5hyvbUadnq8HfyDx0pEJ6Wrd/qk+TTu8u6PwBhWI5HdctWh48OqC1XYVG5at1ZylGNnq3uXLN6ngrnVcvnq9bcedXyKVcllQtU7OnHDw0AAAAAOOUxsdoPDhna9l7A7hgR9+yXmjV8jEPX/ahQZ4y9Ve8t/bZ2b34j5jne+9u3dEXx6zr/TLfe28hBiKeaYNM6OZwuBQboaQBr1q6N/ia5efJqfudX2wvk7e29dfM1q6hCKihWsadGDTv7EaWkTN6i+SpUmapK5mh2fVE4lzqnV3Ml5ZZpeVGRCsOvqnhBidySps0pU0NRqQorpPCkafhIgQn5HlVUhI8O8BZ034K6veG9ZhWFv/TvLatUrqTcBcWaW3r0ml/Nn3fwWhWUqYppVQAAAABAHxmWZUX0cfYbNmxQ1ogRfb6/Y1G4GkiY2Z/5qdhwKEm/vHqP3TGiauKtibrkS8lq3V+vFc99Lub7Z464SBde83MtfH55v9eacflYZbk2av+790cgGWJh8CUvqD2QIEX2YyriDnxuHTAQPr8AQOLzC8DANZD+3ggAiL6t27Zp9OjREV2ztLT0hNdwFEAfmQ6Hdqw7+c9+XPVsu372qb3a/l6WvHe/pfOn/Tim++/d9i/t3f6ubp96fkz3RXzo2L9GDpOPKQAAAAAAEH84CqCvQqYaVpw856ueyEvfa5HUos9XTlHBnStU9+bjalhdFZO9/73kLhXctVLZ7kFq8O2LyZ6IDx2731BSxkQNtOdXReoYgHFjx0ZkHQAAAAAAEHkUq30U6jC1ZfWpU6we8LuiZo36hFPT535VORcUa9VLX1Pjrtqo77v2f+fpxvw5euTPK6K+F+JHYN9qGVZAksPuKL3W31I0Jme0AgAAAACAPqNY7aOkdPOkfHBVT3z8ZkC/vGa/8r6UrItvq1TT7g/05p+/ENU9t6//H+VcUKIbLjlXf3ljXVT3QvwItmyQ4XBJgQE2strpiRdX9em+r149McJJAAAAAABApHF4YR8YpqndGwdm0RNJy3/VqkXT9mhf/Wh5735LuZfPiep+K5+7RWePHKpBqYlR3QfxJdD4gUzOWQUAAAAAAHGGtqIPHIapj9869Y4BOJa/fKtZT96wW2mZV2pqyRvKOu+zUdtr/VtPqHDahKitj/gT2LNcpsOwOwYAAAAAAMBhKFb7oKPN1OZVFKtdte2XKm9t0mvz23TOJ8s05Y6XlJR+esT3aVhVLsu/V5+adFbE10Z86tj7jkzLb3cMAAAAAACAw1Cs9kFCoqmtp+j5qieyfmmHfnHVPq17NVWX3voXTbr2VxHf4/Wnr9IFo0+L+LqIT4HGNQoF9tsdwz615SosKjr0q/xED4urVXnRPC319XtjlR/Yc161ul/uwDXlOiyVr1pze5S161LlR69zHL7qeZ3r+7R0XpF6sxUAAAAAAJFAsdpLhmHI32ypbZ9ld5S49n+PtOmJgt1q2z1W3rve1Dl5pRFdf9PaP+rLV0+K6JqIX6bDJcM4FY8DqFX5/Bp5yypVVVmpqsoyeWvma251v1vTE/JVL1Z98QJVVVZqdnaFlhyzuPTI46nR8i7v+1YvU12U8+2sP7CDW9PmVKokN8obAgAAAABwBKfdAQYa0zRV9wbHAPTUc19tVuaoVt30yC0a+cXPau3/zZVvw9J+r7vu9R8q33OV8nLP0PLaTRFIingWbN0sI2mMLOsU+w8avq2ql0f5ww68kKuSyspD79eWq3B+zcF/9JYdXTDWlhfp4c5LPMULNNfrDk+UllZ0lp8eFS+Yo2nuw+9zZ2WrbvFq+bxZWl5ToLySY8fMzy/Qsq0+Kdctyad3l0neAo+qj5vTp6XzStWQXaDqmgYV35t96MeunqdZFerMVavyovmda3Vm3Vne+TPNV3neAmUvLlXDjEpdu3WeZtVny1tTE76+oExVJbkKT7WWqqJOUkGBvDUNyu7mZwYAAAAAoDeYWO2lYMDQvi1Bu2MMKHs/Dumpmxr1j8dDGnfFfOXN+ItMZ0q/133zT7drythREUiIeBds/kiGeQp+XLm9+mqxVFEa/kr+kZOqtcrrnGTmNl79AAAgAElEQVSt1MJij6qXHz5W6quep4dVdnDaNadikZb6pNolFVLnNOrCYqmiu3HU3BLNzq7QrKLlyqss0XEHQrNypGWrw8cF+FZrmfKVl9OznNXKU1XlHE3LPHBxuWYty9fCyjma5vZp6bz50oGJ3bJsVSyqli+3RLMLJBWUHT2pWiPlVVaqakGxPDWLtdQn+aoXqULFWlhZqao8HSp8AQAAAADoByZWeytgqHlnyO4UA9J7L7TrvRfa9envDNXU4v/Tro9f1zuvfKPP67U1bdWOjX9Xyacnq/y1VRFMingTbKmXU36div8tyO2doyqvFD7PtFSFFYcmU3Nzcw+fBi04/N6d9XVSzXwVHhoWlWe1T3PzClQ3v1SFFeEJ0PD6XYWnRFW2QMUNpXq2+lp9VYs0q35G5wToEYaNV74W6V2fVxNWL5PyZ2qYlh18+3g5PTnDuixUo4fne1S8oEThYdKdaqiTqucXdSlDPXrX59XIY/2GeXI0TJLcWQp3uz69u6xOnvyZ4TVz8+RVw7HuBgAAAACgxyhWe8myDDX5KFb747WHWvTaQy269dcXqeDOldq46kltePsXfVrrvb99S1cUv65xOW6tqY/+uZOwR7B1s0wrIMlldxQbhY8BuLZ6nmYtr1VJ7rDw19s7JzFVPU+z6o++6+DX/w9ToqrKkvBX7kuLVOEp1sI5Xh246sD5qnNz3dKcMjUUlWqWJG/ZseZW3ZqQLz2xulZaJuXPdEurD7zn61HOsALNLpMeXlStCQfzdH9UAc+qAgAAAADYjWK1lxwOJlYj5dm7m3XaOIeum1+sUeNu1+ql39KeLW/1ep13Xv66rrzm5xSrJ7FQ6yYZDpc0wE7h+OrVE/u3QG25Cuc3HFUsdp3y9M7wyi2fli6rk7IPv31Yjkd1FUtU6y1R7sEp1ErlLS/S8rxKlXjnqCqrXIWLD7/v0PmqXrmVq2uLPaqukLKH6Zjc4/OlRYu1rC5bt3Zzdunxch4mt0Szs4v0RPV4zfUOU7anThVLajWt5MDUqzS78jgHvh6dTBPyPapY1vnz1C5XtaTiXqwAAAAAAEB3KFZ7yZlkqpmJ1YjZviaoX1/fqEmfT1LenT9Ty74NWvHcjF6tsXfbv7Rvx3u6ber5eubv70UpKewUat8mw5Ekqc3uKD22Zu3a/i+SW6KFxZ1TpQdeKyhTVUm4uZyQ71HF/CJVy6Pi4gJp2Vb5lHXwdrd3jmbXF+nhovBX8D3FCzQ3V1JumZYXFakw/GqXr94f2nd2dpFmFVUc2nPBVs0tLdfIY5236h6vfFWoomCGwo+LOvjGMXIeu6XNvbZYKl2kpePnaNqcMjUUHTjOIDy9mivJl+ORKjofXnWC30a3d6aKl5WGf56CAh118gEAAAAAAH1gWBF+zPaGDRuUNWJEn+/vWBT+K2/CzPh8vEiCI1k/v3K33TFOWlf/IEWjpyRp+0evaU11Wa/uLbhrpf647H01+PZ1+/6My8cqy7VR+9+9PxJREWOZn/yDOqw0RfgjKyIOfG4dEK+fX9BhU6/HfSAXcIrg8wvAQBXvf28EAMTW1m3bNHr06IiuWVpaesJrmFjtBcMw1LqPadVoevG/WiSzRZ+vvFxT71yu9Ssf0ab3nu7RvbX/96BuvOx7euTPK6KcEnYItm2RkXReXBariG++6nmaVVF38J+9ZZWUqgAAAACAfqNY7QXD4HzVmAhJv/tCs3IucerK792vMy+4U6te/qqadq077m3bPlyi7AnFuuGS8/SXNz6IUdiBK3H8X5WaKXXUXadG/USZnokyD7uiQe3LXpB5ydeU4JQUWKXmN76pdkmpF9XI2Vigfcf/I4mowP735EzJlUL8O4jecXvnqIrv/wMAAAAAeqEnE6vmCa/AQYZhqHEbpU6s1L8R0C+n79OavyTpE5/9nS6+ofKE96x87hadPXKIBqUkxiDhADbyJ0rOTDv0z1u+qb3LCrR7WYF2161SSFJo7wtqHnmZHM4GtS97WUHn2XKNDN+b4FqlthiWqpJkBVtkiH//AAAAAABAfKBY7QXDMLR38wB7LPlJ4PVftGqRd48aN3nkvfstjcn/7nGvr3trkQo/NSFG6Qaim5WeM1EKNHX7bmrWRJmBVWpd/dwx37d2hSdXY8kKtkoW//4BAAAAAID4QLHaC0G/qaYdTMzZ5c+zmlV+825lDJmuqSWvK+uc67q9rn7VU7I69mraxMgeWnyySBxfrAStUuuubh7CNvInSkiRggeK0y3/UDCQrcT8q+Ro+YcaZc+0qhSeWBUTqwAAAAAAIE5QrPaCFZKafBQ7dmrZLf1mRpOW/sivcy75L025/UW5UoYfdd3rv79KEz0jbEgY50b+RMmZUkd99xOnqVkTZapBgYPF6XNqfKPziIB//ejgtKrG/1VD8ms0JP83So1RdCvYIsPgwVUAAAAAACA+UKz2gsNp6KzLE3ThbYnKne7S6CkJGnG+U4NON+VKsTvdqWXda3794sp9qqtJ12V3vKhJ1/ziqGs2rX1OX756kg3p4lfi0LNlKk0JnhoNOS1bUpoSPH9V+khJulmmS1LLWjV3d/PBs1UfUFKm1FH3uDoC2UoYf3NswgdbY7MPAAAAAABADzjtDjCQhJwB5Uy1dJaZIIfpkGkYMkxDhmHIMA5dZ4Uky5JCAUuhoBTskILtljraQupokzpaLflbLHW0WPI3W2pvtNTWGFL7fktt+y217rPUsieklj0hBVrs+3kHgpoFrapZ0KpbfjZO3rve1Mfv/V4frviJJGnd6/N1mecq5Y05Xcvf32xz0vjQvvq6Q5Oq5/5GQ04boo6669S4RdLIy+RwSqGm9d3eG55WLVC7HlBSrAJ3YQVbZXT9Fw0AAAAAAMBGFKu9EFRAs5Z+U1ubtnb7vtN0anDSYA1KHKSMxIyDv9JcaUp1pSo1IVUZqYOUOihNKc5UDXIkKsHhUoIjQU7TKYfpkMM0ZZiGTMOQDitrLVkhKRgMP78n6LcU7JACbZK/JaiONh0sa9ubLPmbDi9rW/aG1LrXOmnL2j/e26LBZ7bpsws/p6zzbtTa//2edtb/XW/9+Q5NufUvFKu9YLV389CqzmnV1nWS9CO17b1MqZ6vSWpQ+zEechXxXCfj/3ABAAAAAMCARbHaC5YVksN0HPP9QCggX4tPvhZfxPbsWtZmJmUqPTFd6a70g2VtmitNqWlpSstMV4ozRemOJLmdiXKaCXI6wmWtaRoyDfOYZW0oJIUCUqhD6mi3FGgL//K3hidqO1ostTcfKmvb9ltq22epdV98lbV7NoZUflOTxt+UqCn3/kjtzVu08rlb5av/PxV/+mK1tHfYHTG+rPuidnd9CNWWb2rvlmNce8R7h02+xogVbJFpOiVxzioAAAAAALAfxWovBK2gHMaxi9VoiFZZOyRpiAYlDtKgpEEHy9p0V3p4staVqtTUVKVmpivVkaoMZ5ISHYlymk45HU45O8ta4wRlbbDDUiggBf0KF7Ut1mHHILR3HoPQ3hhSW2OXsnZ3Z1nb1refb/Xz7Vr9fLs+8123pt75unY2LFNmakJnwP7//sEeVqhV4WOhg3ZHAQAAAAAAoFjtjZBlxbxYjYZAKKAdLTu0o2VHxNZ0mS5lJmUeLGszEjOUnpiutIS0g2VtSlqK0ganK9WZqnRHkoY5XHI5XHKYR5S15uHnaIZCltRlsjbYYYXL2nZLgVapvTkkf+d5tf7m8FEI7Y0hNbwV0Ad/26/8r02WaZgampGiwL6I/ciIMSvQIhkOUawCAAAAAIB4QLHaC6FQSKZp2h0jLvlD/qiWtZnJmeGp2i5lbZorTckpyUrOSFaaM10ZzmQlOpPkciSEy1rDIdM0ww8X6yxrjRRPxPIhxqyArGCL+NgCAAAAAADxgIaiF+w4CuBUdlhZu6d/a00YPkE/8P5AppkQmXCIOcORIplJkgJ2RwEAAAAAABDjl71g6eQ4CuBUNPeKOeH/x3TZGwR950iSoZDdKQAAAAAAACRRrPaaw6RYHWhmXzZbaverpT0gwzBkJp1udyT0gWEmyQpxvioAAAAAAIgPFKu9YMiQafBbNpCclnqa8s7Ik+Xv0KYmqSNkKWFYvt2x0AeGI0mWxcQqAAAAAACID7SEvWAYBhOrA8xPrvyJNv32t0rIzNS63UE1+6WEQRfYHQt9YDiSJVl2xwAAAAAAAJBEsdorhiXOWB1A7r34Xjma2mS1tysQCCoQkna1BOVIH2N3NPSFmSTLolgFAAAAAADxgWK1NwyDYnUAmX72dK0pKtYwr1e+tvBr25pDMp0Z9gZDn4QnVg27YwAAAAAAAEiiWO0Vp+nkKIABovz6cm178X8kSUnZ2fpoT/ihR74WS4ZhSpSrA47hSBLFKgAAAAAAiBcUq73gkMnDqwaA286/TelK1KZFP1P6hAmSacrXcugr5MGQpcRhV9iYEH1hmEmy+PcPAAAAAADECVqKXjBNhzKTMu2OgRO44/w79P7X75MkDb/2WjW1H/4k+eYOS87MSXZEQ7+EJCXYHQIAAAAAAEASxWqvOOXUGRln2B0Dx/H49Me1a8Vy+bdvlyRlTJyo+v2HF6u7W0NyZoyzIx76IWHQePHoKgAAAAAAEC8oVnvDsnRm5pl2p8AxeM/06vSUEdrw/R9IksykJDlSUrR+z+HFqq/FkukaYkdE9IOZnC0rFDrxhQAAAAAAADFAsdoLlmUpKy3L7hg4hm9M/rrWz3vw4D9n3Xqr/P7gUddtbgzJMHgI2UBjJo2QZTGzCgAAAAAA4gPFai9YlqV0V7qcptPuKDjCjz71IzV+8IEaV606+NqQ/Hxtbe2+iAtZlhKGTYtVPESAmTCYYhUAAAAAAMQNitVeavQ36vT00+2OgS4mDJ+gMUPO04ff+s/DXk887TSt3330xKoktXZYShh8USziIQLMpCxZwVa7YwAAAAAAABxEsdpLrR2tGpk+0u4Y6OJ7V3xXGx999LDXhlxxhUIhS43+7u/Z02bJmXF+DNIhEsykkbJCAbtjAAAAAAAAHESx2kuhUIiJ1Tgy+7LZ8m/foV1/+9thrw+/6irtaTv218Z9zSGZSSOiHQ8R4kgaKUuciwsAAAAAAOIHxWovpSWk6fQMitV4MDxluPLOyNP799x71Hsp552njfuP/QT5zU0hmWZCNOMhghwp2bLEnxcAAAAAAIgfFKu9lOxIUs6gHLtjQNJPr/qpNv32t0e9njhypEyXSx8fp1gNhMIPsHIOnhzNiIgQR+pZCvHgKgAAAAAAEEcoVnspFApxxmocuPfie+Vobte2Z5456r0RN92klvYTn8fpD0quIRSrA4HpSJUVOnZRDgAAAAAAEGsUq33gMBxKTUi1O8YpbfrZ07Wm8Ivdvpc5ebI2N514jT2tITkzxkc4GSLOcMiRdo4sJlYBAAAAAEAcoVjtg7ZAGw+wstFT1z+lHS+/fMz3EwYP1ge7gydcZ2drSGbyqEhGQxQ4M8YrGOhBUw4AAAAAABBDFKt9YMhQVnqW3TFOSTPGzlCGktTw+OPdvj/8hhsUCAQV6MG3xrc0hmQ6EiOcEJGWMGiCLCPJ7hgAAAAAAACHoVjtgwQjQYOTBtsd45T0+Qmf1/v3ffOY7w+bNk0724werdUakCzLkiN9XKTiIQoShnxSoSDHAAAAAAAAgPhCsdoHpmXoM57P2B3jlPP49Me1e8UK+bduPeY1yTk5+mjviR9cdUBHSHINvTQS8RAlzrRzFeLBVQAAAAAAIM5QrPaBZVkamjyUqdUYKjizQKenjNCG7//gmNekjRsnwzS1o7nn0437/ZJz0IRIREQUOFLOUijYbncMAAAAAACAo1Cs9lGzv1kXjbzI7hinjPsmf0Pr5z143GtOu/567W878UOruvI1B2Umj+5PNESRc9D5sqyeHe0AAAAAAAAQSxSrfZTmTNXkkZPtjnFK+OG0H6rxww/VuGrVca/LmHihPm7s3Vmc25qCMp0p/YmHKEoY/EmFrAS7YwAAAAAAAByFYrWvQtKkrEl2pzjpjR8+XrlDx+jDWd86/oVOpxypKfpwT+/O4tzXLhmGITM5px8pES3OjPM5XxUAAAAAAMQlp90BBrJdrbs0fvh4rd6x2sYU1+mhm76k8W1Ldf2Lj0jnPqTfTxqvtMOu2aSlz7yk4Td9SeNdkvyr9avnv6O/Srrv6hd03q7rNXOFLeFPaM4V39PGRx894XWn3367Ojp6dwzAAR1BSwlDp6h9U32f7kd0GAmDZVjhM40BAAAAAADiDROr/RAIdOjikRfbmKCzVHV1eWndd3THM9fr+meu1/Vvr1aTpKYdL+mRc/M02rVJS59Zqk2u0co7V9K5D2ly0mq9FKelatllZerY7tOuv/3thNcOufxybW3pWwHX1CG5Mif26V5Ej2voFAX5bz8AAAAAACBOUaz2w2DXYH1y5Cdt2v1AqdqkJn/3V9x39nil+Vfr6eq/HvP9vZvDk6vxZnjKcF1yxiWqvecrPbreNWKE1u/u28TqzuagzNRz+3QvoifxtOkKWRSrAAAAAAAgPlGs9oPDcCgjKUPuFLdNCTZp6TNPa0N3b537kCZnSJsOFKfrlmuD/wxNu22azti/Qt9RfE+r/vTKn2jzM0/36NrB+fmyLEv7j1Ewn8j25qAcroy+3YyoMBypcqSdzfmqAAAAAAAgbjEO1k8t/hZdlHWRXq57OcY7/1Xfef6vkq7TQ928e9/Z45WmTVqx4sjrO9+/+gXt3Xy95P29XhiepnBJO1OPRD/4CX3loq/I0eLX1t/+rkfXD58+XXtb+34O585WSTIkZ6YU2NvndRA5CcMuVyjQLj6iAAAAAABAvGJitZ8ynBmafPpku2Mc4ToNT5K0/4Pui9KDZ6vep+nDpdVv/0qr/Wdosve6GOfs3tXnXK01hV/s8fWpY8Zo4/7+TTYGQiElugv6tQYiJynrGgUt14kvBAAAAAAAsAnFaj8ZljRp5CS7Yxzu3DyNdklNbR91+3Y8n6361PVPacfLPZ/+dZ12mkyXSw39LFZbAoacPMAqPphJcqadxzEAAAAAAAAgrlGsRkBj235NHBF/pdze5m6q03O7nq36iF7aIY2f9CWNd23SimM85CpWbsm9RRlKVsPjj/f4nqxbblFre6Dfe+9qCcqZPrbf66D/XO6pCna02h0DAAAAAADguDjAMAJchkvj3OO0atsqG3Y//OxUSdK67+iOdce4/Ij3/lp9R9xMrhZeUKjVX7qnV/dk5uWpvrn/e+9osnTmoMH9Xwj9ljTi6s5jAJhYBQAAAAAA8YuJ1UgISTPGzpAhw+4kA9Zj0x/T7jdXyr91a6/uSxg8WOt2Bfu9/9bmkAzDIf5bg83MRDnTx3IMAAAAAAAAiHsUqxGyp3WPrj/vertjDEgFZxbojJQsbZj3/V7d577uOgUDQfkj1MGFLEsuHmBlq4TBeQr4m+yOAQAAAAAAcEIUqxGSYqbo5tyb7Y4xIH1j8je0ft6Dvb7PPW2adrZFbkq4pcNSwuCLI7Yeei8l54sKKsnuGAAAAAAAACdEsRoplqX2jjZdcsYldicZUH447Ydq+vBDNa7q/fm0yaNHq25v/x9cdcCeVksOHmBlG0d6rpQwRBbHAAAAAAAAgAGAYjWC0pxp+uyYz9odY8AYP3y8coeO0YezvtXre1PHjZNhmtrRbEUsj68lJEfSaRFbD72TMurzCjGtCgAAAAAABgiK1QhyyCF3iltnDT7L7igDwpzLv6eNjz3Wp3tPu/ZaNbb3/6FVXW3aH5JhJkR0TfSMkTBYzsyLFAwyrQoAAAAAAAYGitUIswIhffY8plZP5NtTvq2OHT7teu21Pt2fMWmSPm6M3LSqJIUUfoBVwpBLI7ouTix51O0KRrYnBwAAAAAAiCqK1QhLT0hX3hl5SnOl2R0lbrlT3Lp01KWqvecrfVvANOVMTdW63ZGfbmwPSgmDPxnxdXF8SSNvUiAY2aIcAAAAAAAgmihWo6Cxdb9uOO8Gu2PErUeu/Kk2P/N0n+8fefvt8vsj99Cqrva0huQcND4qa6N7SVnXKxhoszsGAAAAAABAr1CsRkG6M103jrnR7hhx6csXfVmOFr+2/vZ3fV5j6BVXaFtrBEN1saslJDPp9Ogsjm4lZRcqEHTYHQMAAAAAAKBXKFajpNXfok+d9Sm7Y8Sda865RmsKv9ivNVwjRqhuT3QO5NzcFJLpSIzK2jiaM/NiWUaiLItjAAAAAAAAwMBCsRolSUaSbh13q90x4spT1z+pba+90q81MqdMkSTta49EoqO1BSRLknPQBdHZAIdJHnWbgiGX3TEAAAAAAAB6jWI1SizLUmpCqsYP57xOSbol9xZlKEWbHnmsX+sMnz5de9uiO93YHggpYXBeVPeAlDAkT2bquQqFIv8QMgAAAAAAgGijWI2iBCtBd026y+4YcaHwgkJ9cP83+71OWm6u6vdHt4hr9Bs8wCoGUs/5DwWCCXbHAAAAAAAA6BOK1SiyQiG5E4fJO9prdxRbPTb9Me1+c6Xat2zp1zqu4cNlJiZq477oFqs7W4IyU0ZHdY9TXWLW9QrJxdmqAAAAAABgwKJYjbIEJejrn/i63TFsMzVnqs5IydKGed/v91ojbr5Zbe2BCKQ6vi2NQTmcyVHf51SW6vm6AkGH3TEAAAAAAAD6jGI1BlramzXz4pl2x7DFfXn3af28ByOyVmbeJdrcHJGljqvRL1kymFqNkpTRX1FHR4fdMQAAAAAAAPqFYjUGEpSgS864RKMyRtkdJaYe8j6kpvXr1bhqVUTWcw0donW7ghFZ60QCQUuuoZfFZK9TieFIVdLpNykYmz9GAAAAAACAqKFYjREzZOi+yffZHSNmxrnH6Xz3OH34zdKIrOe++moFAkG1x+gB8o1+yZU5MTabnUJSzylVh59WFQAAAAAADHwUqzGSYCQoxZmsqTlT7Y4SE/OumKuNjz4WsfXcn/60drUbEVvvRHa2BGWknB2z/U4FZkqOnJmfUDDEA6sAAAAAAMDAR7EaQ0MShugbk79hd4yoe2DKA/L7fNr12msRWzN59Ght2BO7ScftzUE5XOkx2+9UkHLmlxUIJdgdAwAAAAAAICIoVmPINEztb9uveybdY3eUqHGnuDVl1BS9/6WvRGzN1DFjJNPUtuYYnQMgaVerJBkyXO6Y7XkySzr9c3JkTFAoFLs/QwAAAAAAgGiiWI2xFCNZl+dcrjMyzrA7SlT89MqfavMzT0d0zeHXXadmf+wLuUAwJNewy2O+78nGSBiilDPvUkeAjxsAAAAAAHDyoOmwgctK0Lcu+ZbdMSLuyxd9Wc4Wv7b+9ncRXXfQRRfp46aILtkjzQFDzkE8wKq/MiYsVHuH3SkAAAAAAAAii2LVDpY0LHnYSfcgq2vOuUZrvlgS8XWdaWn6YFfsnyS/qyUoR3puzPc9mSSPKpScQ2VxBAAAAAAAADjJUKzaxGUl6IsTiuyOETFPXf+ktr32ihThAi3rjjvk9wciumZP7Wi25HBl2rL3ycBMGqmkUbepI+iwOwoAAAAAAEDEUazaKMWRqh9O+6HdMfrt5tyblaEUbXrksYivPfSKK7S9zYj4uj2xrTkkw3BIpsuW/Qe69PP/W/4OPmIAAAAAAMDJidbDRoYlnZF2ugonFNodpV+KLijSB/d/MyprJ2Zl6aPd9kysSlIwZMnlnmbb/gNVypl3yzLTZVmW3VEAAAAAAACigmLVZi655D3Tq0kjJtkdpU8evepR7X5rpdq3bIn42pmXXCLLkva0R3zpHmsNWErIHJh/NnYxk7PlOm26AiGn3VEAAAAAAACihmI1DqQaKfr2Zd9Wuivd7ii9MjVnqkaljdSGud+PyvrDr75a+9rtnXjc3RqSI32crRkGmkEX/kL+YLLdMQAAAAAAAKKKYjVOBPwdevSqR+2O0Sv3Tb5P6x/8QdTWTx07VvX77X2avK/ZkiPRbWuGgSTjwl+qoyNodwwAAAAAAICoo1iNE07DKX/Ar29f9m27o/TIQ96H1PxRnRrffjsq6ycMHSpHYqI27rO3WP24MSTD5CvtPZF67gOynMMVsvhYAQAAAAAAJz8akDgyOCFT2emjdFPuTXZHOa6xw8bqfPc4rbt/VtT2GPG5z6mt3b6HVnUVsiwlDLnM7hhxLTHrBjkGTVbQctkdBQAAAAAAICYoVuPMMNcwXXP2NTp/+Pl2RzmmeVPnaeMTT0R1j8F5edrSEtUteqwtICUM+aTdMeKWM32sknNKFLCS7I4CAAAAAAAQMxSrcSjdTNODUx9UoiPR7ihHeWDKA+rw+bTr5Veiuo9r2DCt2x0fZ3XuaQ3JmRG/RbetzCRlXPCI/AEmVQEAAAAAwKmFYjVO+dvb9bNrfmZ3jMMMTR6qKaOm6P0vfSWq+7ivvlrBYEht8XESgHa2hmQmjbQ7RlzK/MTv1B4nRzYAAAAAAADEEsVqnDJlKsVM1g8KfmB3lIMevepRbX7m6ajvM+xTn9KuVivq+/TU5v0hmXE4PWy39HHzFbBcsqz4+bMCAAAAAACIFYrVOGZapk5PPV1f/8TX7Y6ieybdI2drh7b+9ndR3yv5rLO0YW8o6vv0lD8kWZKcgy60O0rcSMv9nqzkMQqFHHZHAQAAAAAAsAXFapxLdaToE1mf0Nc/aW+5eu2512pNUXHU90k591wZDoe2NsdPsSpJ7YGQEobk2R0jLqSN+a7MtEkKiSleAAAAAABw6qJYHQCSjERdPOJifTPvm7bs/+R1v9b2116VQtEvO0+7/nq1tMfHQ6u62u83lDBovN0xbJd63ndkpl+kgMXDqgAAAAAAwKmNYnWASDaSdP7QcXpgygMx3ffm3Js1yEzVx488GpP9Bl10kRqaYrJVr+xsDshMOdPuGLZKPW+2zIxPUKoCAAAAAACIYnVASXem69zMc/Sd/O/EbM+iC4r0wZHoxOsAAAfySURBVP2zYrafMz1dH+yKv4nVLU0hmY4ku2PYJu2878jM+KSClKoAAAAAAACSKFYHnHRnukaljdIPvD+I+l6PXvWo9rz9lto3b476XpKUdfvtCnTEX6kqSU1+ybIkM/Vsu6PEXOp5s2UMmkypCgAAAAAA0AXF6gA0xDVYpyeP1MLPLIzaHlfkXKFRaafro+/Ni9oeRxpy+eXa1hqz7XqtI2TJNfQyu2PEVOqY78kclKdgyGl3FAAAAAAAgLhCsTpApTpT5U4cpsenPx6V9e+ffL/WP/j9qKx9LEmnn666PYGY7tkbjX5Dzozz7Y4RMxkTn5BSJlCqAgAAAAAAdINidQBLNBM11DVET17/ZETXfcj7kJo/qlPj229HdN3jGTR5sixL2tMWsy17bVdLUI60c+yOEROZn3xWlmu0LDPF7igAAAAAAABxiWJ1gHPIoTQjVZU3VkZkvbHDxup89ziti+EDqyRp+DXXaH+7FdM9e2trU1CmM83uGFFlJp2uIfnV6rAyFAzZnQYAAAAAACB+UayeBAwZSrIS9ZsbfqOx7rH9Wmve1Hna+MQTEUrWc2ljx6q+Mb6bvD1tkmGYMhNPsztKVCQMvVyDLvyl2lrbZFnxXXIDAAAAAADYjWL1ZGFJyUrSd/O/q8IJhX1a4j+n/KcCvp3a9fIrEQ53fM7Bg+VIStKGvfFdrEpSIGQpYejldseIuOQz71LqOd9Se4dhdxQAAAAAAIABgWL1JOMImrpy9Ge08DMLZRo9/+MdmjxUl426TLVf+nIU03Uv65Zb1NYevw+t6qqpQ0rInGh3jIhKH/uQEoZ/Vv4AD6kCAAAAAADoKYrVk5BLLo1MztKfbv2TLhxxYY/ueeSqR7T52WejnKx7g6dM0ZYWW7butd0tQZlpY+yOERlmkjIueFxKm6hAyGF3GgAAAAAAgAGFYvUkZcpUe2ub7r34Xt058c7jXnvPpHvkagtoa1VVjNIdzjVsmD7cHbRl797a1hySw5Vpd4x+SxxxtYZcukTBxLMVDPH1fwAAAAAAgN6iWD3JZToGafL/b+9eYqOq4jiO/2bmzqvtTDudKQzSpJWKQmwFWkpjaUyLLQSppGEBcQMRFholpAkrE13IkoXGhIRNBXZdsCIh0sRUWJBAiGGFiRs1QR6hSFvLozP36aKCorzazszt0O9ne+ee88sks/nlP+cs26AjW4+oMlz5xM/0v96vK3ueXb4WS2bLFjm2o+nyOAlAY/c9BQJBKVjhd5Q5S771lWINnyiXM+W5C/9cWwAAAAAAgIWIYnURSEVSqg2ndGLghDrrOx979u37Qxob/V6y/Wk2M319Gs+X18Sk43qK1vX4HWPWIumNqu0alRtfLcvhpw8AAAAAADAftCuLhBEw5Jmu9q79UAc2HJAk7Vi1Q9XBSl39+hvfclU0Nem3yfI4BuChB5Yno6bV7xizUrX6S8VXfqZcLi/X8fyOAwAAAAAAUPa4BnyRSYaSWr+0Tce2H1O6Iq0rH33sW5Z4U5MChqEb90zfMszFeM7V8uSbfsd4IUaiWYmWw7KdoCybv/0DAAAAAAAUChOri1AsGFMylJA5MaHswIBvOZYODOhBvrymVaWZc1ZD0YzfMZ6rcsWnqmo+rLwpOQ6lKgAAAAAAQCFRrC5SruvKi8VV3dWltlOnlOnrK3mGmrY2/X6v5NvO2/W7rgKBkN8xnipW/4Fqu35QcMl2mZbfaQAAAAAAAF5OFKuLnGsYypumXtm9W81Hj6qiqalkexvJpH6+U34Tq5LkeVI40+13jMeEazcq9fYpRet3K5fLybHL87sFAAAAAAAoBxSrkCS5sZgCdXVaeeiQXj14UMFotKj7ZXfulGXZRd2jmKZtT+FUu98xJEnBigYlW4dU+cbnMu2ILJvLqQAAAAAAAIqNy6vwiOd5ciIRJTo6tKajQ3fOndO148flTk8XfK90d7fGcoGCr1sqE9OuliZ8vsAqGFHVqi8UrmmXZUu2xTmqAAAAAAAApcLEKv7HDQRkBQJK9fRo3fCwGvbvVzAeL+gesfp6/TJevhOrtx+4CsaW+bN5MKZ4wx6lOr9TILFBedOV61KqAgAAAAAAlBITq3gqR5JjWarp7lamt1d3Rkd1dWho3hOs1e3t8iSN5woS0xc37rpamy3ucQn/FYwtV7xxnyKZd+TYtvI5s6T7AwAAAAAA4B8Uq3gux/PkWJaqN23Sunff1e2REY2dPq3ctWtzWq9u61bdzZf3hKXpzhydYNSslz35Y1H3MqrXqKJxn0KVr8l2QxSqAAAAAAAACwDFKl6YY9tyJKU2b1a6t1fWrVu6PjysifPnZ7VOoqVFP02V/wVLeUeKpDqKVqxG6jYp3rBXgXC1bCcs23Q1M0cMAAAAAAAAv1GsYtYcx5EjKZjNqmFwUI2Dg/rjzBndPHlS9tTUM981kkmF4nH9ejVfmrBF9GdeSte0FHTNgJGcKVQb98nzPNlOWJ7lSSrvCV8AAAAAAICXDcUq5sx13Ud1X+22bVrS36+JS5c0fvasJi9efOI72V27lM+X76VV/3b7vq26dMP8FwpVKFrXo2h2m4zKFbLMnEwr9PfD8p/sBQAAAAAAeBlRrKIgHk6xVrW3K9naKiMW09TlyxobGdHkhQuPPlfb2anr87v7asG4ec9V85LY3F4ORhTJ9CiafU9GYpVcOyfHiyqXdyVFCpoTAAAAAAAAhfcXzPAEZBF1bsoAAAAASUVORK5CYII=" height="600" width="800" />
Exp: 6
Act: 6]]>
  </system-out>
</testsuite> <!-- testcases.DashboardTest -->
