<?xml version="1.0" encoding="UTF-8"?>
<!-- Generated by org.testng.reporters.JUnitReportReporter -->
<testsuite skipped="0" hostname="LAPTOP-JEI8AS0O" name="testcases.MyInfoTest" tests="2" failures="0" timestamp="2022-08-13T15:22:48 EDT" time="2.317" errors="0">
  <testcase name="getMyInfoSideMenuitems_005" time="1.406" classname="testcases.MyInfoTest"/>
  <system-out>
    <![CDATA[<img src="data:image/png;base64,iVBORw0KGgoAAAANSUhEUgAABVYAAAJcCAYAAAASBf/6AAAAAXNSR0IArs4c6QAAIABJREFUeJzs3XeYVdW9//H32nufMmd6Y2aYoQ69gw2VAcEeNdbYYlDUeHPNTeINSW4wicj1JqTZ4i83ieZGgxi7KGoiRkEFK12kF2GoM2d6OW2X9fvjnBkYGBhIlGK+rzwmzNlrr732nvP4PPnw3d+ltNYaIYQQQgghhBBCCCGEEABMnTq1yzHGUViHEEIIIYQQQgghhBBCfKFIsCqEEEIIIYQQQgghhBBHSIJVIYQQQgghhBBCCCGEOEISrAohhBBCCCGEEEIIIcQRkmBVCCGEEEIIIYQQQgghjpAEq0IIIYQQQgghhBBCCHGEJFgVQgghhBBCCCGEEEKIIyTBqhBCCCGEEEIIIYQQQhwhCVaFEEIIIYQQQgghhBDiCEmwKoQQQgghhBBCCCGEEEdIglUhhBBCCCGEEEIIIYQ4QhKsCiGEEEIIIYQQQgghxBGSYFUIIYQQQgghhBBCCCGOkHWsF/BZqY81UNm8k62N29jRsotdrbupi9UTc2N42gOdGqjA05ozS07lthFTMJRky0IIIYQQQgghhBBCiCNzQgerCTfBqpq1LNz5Lqtq1lAfr8clGaIqFEopAJQCpVUyW1VgezYndRstoaoQQgghhBBCCCGEEOIfcsIGq2vrNvLUumdZUbsKNBgolGFgYQLJqlTXc8kN5OChabVbUErheA6jCkYwumjEMb4DIYQQQgghhBBCCCHEieqEDFbX123iJ+/9D7aXwDQslNLoVJWqpz0czyE/mM9ZpeNIeAne3f1BslpVazzghkHXYBkn5K0LIYQQQgghhBBCCCGOAydcutgUb+IXS+7D8RJYholOJqpopbE9hyxfBlf3v4JBeQNYtOt95m17Aw+NoRQJN8HE0gkMyC0/1rchhBBCCCGEEEIIIYQ4gZ1wwerLW15jd6SakBls/8z2HCxlcUXfS/hy+Zeoj9XzwPLfUdm8HcuwUpWsGp/pZ/KQa9p7rwohhBBCCCGEEEIIIcQ/4oQKVhtijby69XUChh8NaK1xtcvY4lO5buBV9Mwq47VP3+CR1Y8B4DMsNKCUIuHEmTzoegpCBcf0HoQQQgghhBBCCCGEECe+EypY3dSwhcZEE0HDj60d8gK53Dr0Rs4sPY24G+e3yx/mjR0LMJWFgYFGoxQ4nkOvrJ5cXH7Bsb4FIYQQQgghhBBCCCHEF8AJFaxuqN+I1h6OdjmrtIKvDb6WwlA+NdE6frnkQdbVr8NSPpRib+9VrdFovjXyG4R8acf6FoQQQgghhBBCCCGEEF8AJ0yw6mmPj2vXYCqTb464jXN6TcBQBlWt1fxiyQNsbNiM3/ShNaCT5ygg4sS4ffitDMrvfyyXL4QQQgghhBBCCCGE+AI5YYLVqBPFb/i4e+ydnFQ0EoBwpJa7P/g5O1t24Td8QLKfalu6GnXiXFH+Zb5Uft4xXLkQQgghhBBCCCGEEOKL5oQJVg1l8K1R/0ZhavMp27V5cPnv2N6yM7mZldKgdfuGVoYyuLb/lVw/+CuYyjzGqxdCCCGEEEIIIYQQQnyRnDDBapqVRpqV7JGqteYv655jcfVSAlYaMRyUVvhNP6XpJZzabTSnl5xK/5zex3jVQgghhBBCCCGEEEKIL6ITJljd15bGShZUfcTpZePpnVZA7/QSuqUXUZheREGoAKWMY71EIYQQQgghhBBCCCHEF9gJGaz2yCjmjxN+jnIdvNYarGgjOmGj3WpwHXQwB+UPHetlCiGEEEIIIYQQQgghvqCOn2BVe+h4C9hRCGSgfGlwkMpTX+MOvNWv4q2fj1O/g5jWyU2rDBNt+jHzyjDKRmGVV2CWDEcFMo/yzQghhBBCCCGEEEIIIb7IlNZaH8sF6NYw9uaFuJsX4tZsgUQUglmYuT0wSwZj9j4ds3AAWIG958Qa8Rp3opur8eorcXeuxN2zFq85DG0hKwAKo7Af/lGXYQ25COVPPzY3KYQQQgghhBBCCCGEOGFMnTq1yzHHLlj1HBKfzCXx/mN4DTvBMJK9UZWB9jwUHlqDMkzM7sPwjb4cq//ZKCvY6XS6tRY3vBFn41vY616HaDMYBhpQWmN2H0qg4t8xe556dO9TCCGEEEIIIYQQQghxQjlug1UdbyL+1gPYK14Cw0z+A+B5oN2945SBArTWKMDsdRKB8bdjlow45Pxeww4Sq17C/ugJtGujTAvtOqAUwUnfwT/6GjCOny4IQgghhBBCCCGEEEKI48dxGaxqO0L0xe/hbPkQZfkBlQxTNRilQzF7nISRnod2HXTjTrzwJtyqDckWAdoD00fwil/j6zuuy2u54fXE5v0Ub9caMH2gNdq1CZx2A4EJ3wZlfv43LIQQQgghhBBCCCGEOKEcf8Gq9oj+fSb2sudRvlTPVM/BSM8ncPZ3McvHH/iqv2vjNe7A2biAxIo56PqdYFqkfeVBrN6nd33JWCOxv/8cZ+0bYFpoACdB8Pz/wj/q6s/8FoUQQgghhBBCCCGEECe2wwlWjaOwjnb2Jy/hLH1un1DVRaXnJ0PSged13j/V9GHk9cF/2s2k3/An/Kd9De25RF/6ITra0OU1VTCb4AV3YQ2aBI6NApTpIz7v57i1Wz7bGxRCCCGEEEIIIYQQQvxLOGrBqte0m9iC34DlT36gAe2RdunPMQoHHtYcKr2QwMT/JHTlr9GRehIfv3h45/nSCJ73I1RRf3BdUAYoRXz+feA5R3wv8XicSDSK53mHHKe1JhaL0RqJEI/Hj/g6XUkkErRGIsRi//zctm0TiUSIRKIkEgkcxzno/R1ukbPjukSjUSKRCIlE4p9e47HgaY+qSJioE/uH50i4NtWRGrxjtE+cEEIIIYQQQgghhPjsHbUdnOxlT0G0EaxUtaoTw3fGzZilo454LqvfREJXP0TsrYfwj7kG5Uvr8hwVzCJ43p1EZ08BPDD9OFvew9mzGqv7yA5jq6qq+eDDD8nNzcH1PCrOPBPLsmhqauL5OXOYN28eTc0tPPTAA5SX9z3gWjt37WLhwkW8/fY7fLp1K7FYlPy8PIYNH8748RWMO+MMAoHAIddb39DA++9/QEZGBg0NDYw78wzy8vLQWrNi5ce89tprrPrkExoaGgiF0ijvW86ECROYeNYE0tK6fh4ArZEIy5avYMH8+SxfsYLW1lZQCtMwyM3NobCwG+mhEMFgkFAoRGNzEzXVYb71rW8xZPCgTue0bYcVK1fw1ttv88EHH1JXV4fWmszMTIYMHszZZ5/NKaecTG5OTqfnb6jfzEd7lpBhpVMbq2d0t5GMKTr0ZmUAH+1Zxub6LQTMADXxOi7sdTY9sspYumc5y8OrcLVDrj+HqBuj1Y7QlGjBxSFkhSgKdWNgbn+G5A8kbb+q6ZZEC99a8H1OKRrD1JP+A0Md2d9FaDT/98njLNz5HvdP+BlF6d2O6HwhhBBCCCGEEEIIcXw6KsGqbq0hseqV5AZSAFpDIB3/6H+8x6lVPoG0UF5yrsM9p3gwZq+TcLctA9NCKYX98dwDgtVP1qzme9/7HhoYO/Y0Jk6YwO49e/jG7d9k9SerMA0TZRj49wtHW1paeOzPj/P/fvv/8Pl8DBs2jJ49e5CIx1m2bBlLly7lqaeeYvz48cy4+266lxQfdK3RaJQ7f/QjIpEIpmny8tyXCAaD/PyXv+TJJ59EobB8FtrTxBMJVq5cyQsvvMBpY8fy85k/o6y09JDPYvWatUyfPp0lS5bQu08fbr3lFsaMGY1pmHy8ahWPPvoo7733HpmZWXzlK1/BcVxqwjU0NDYSj3devbl+wwbue+AB3nzjDUzT4rrrrmPs2LFkhEJs2rKZOXPm8ORTTzFo8CDuvusuzjj9wB65cTvGE+ufxWdYaK3pm9PrkPfRpro1zKx1T+JLfcdOLz6FHsCK8Cc8v/kl0sw0PDy+OuBqemT2IOHF2dzwKfN3vEPcjWEpH70zezL1pG/RI2vvs6uO1BD34ryz8z0u7XshA/L6H9Z62uxs2sUrW/+GpUzizolZtSuEEEIIIYQQQgghDnRUglWnai26tQ7lS1UDujbW0AsxMv+56j2zZPiRnWBYWAMm4W5b0v6zu+VddKwRFcxuH5YeSsfn82HbNv369SMSifIf3/wPVi5fTm5+Hk7CJp6Ikx4KtZ8TiUa57Rv/ztKlS/n5zJlUjBtHTm4OlmniuC5VVdXc/8ADzJ07lwUL5tPU2Mjjs/6M3+/vdKnpoXQKCwuprKwkKysLv8/PHd/9HhvWr2Pmz37GsGHDyMvNo7aulgUL3uK3//u/aO3xwfvv861vf4cnn5hNMNhJz1pgzdp1XHPtNTQ3NXPNNdcw/a6fkJ6e3n584MABnH/eufzgv6bx9zf/TmtLK/8143sEAoGDtgdYumw5N918My3NTQwcOIiHfvMb+vcrbz8+btyZXH/ttTz73PP8+Mc/5sabpvCH3/+OSRMndpjHVZqA4cc0DLTWmMp36N9pit/y4zf9mMpEofCbyedqGRZ+w4/GI8uXwSXlFxDcpyr10vKL+NXS37CtuZItzZ/y08W/5v7xPyMtVQVdH29Mtj5QMGfTq3z/lG8fdtWqpz0eX/c0CoUGmhLNh3WeEEIIIYQQQgghhDj+HZUeq+62xah9wiiNxup7JqCOxuU7MPL7oNuuqwy8lhq85j0dxhTk5+N4LgDpaek8/MdH2FNdzZ8efZQXX3iB5557lrvvnoFt761AbG5qpqmxiVdffpnLL7uUgoJ8LNMEwDJNSruX8NN7/puzzjoL0zRZsmQJc1959aDrtCyTtGAApRSWafKjn/yEgN/Hy3Nf4qorr2TQwIF061bI4EGDuP3fv8F9996L1hBMS2P58uW8Of+tTueNRqN87/vfJx6PU1BYyA//6wcdQtU2WVlZ/PR/7iE7O5u/PPkEj/zxj8nnZxgYRsevTV1dHbd/85vEo1Hy8vL5w+9/3yFUbeP3+7n+umv50kUX4bku37j9drZu29ZhTKaVjlIKrcFDk+vPOugz2lfQ8Ke+ThqlFBm+VOhtKJQyUCiUYRFzO1aNlmV25xvDb0ZrD5/ys7N1F6tq1rQf39O6JxnUGhbv7fmQLQ2fHtZ6ANbUrOPd3R/iN5Ihb3U0fNjnCiGEEEIIIYQQQojj29EJVnevAWNvcawyLIyc7kfj0gdSJsrcpwpSgxfe3GFIY1MjlmkSCASY89IcXnvtNZ579hkmnTWBXj17MnDAAK6/9hqKioraz0lLC3Lffb+mXyeBYptAIMDt//4NHNfD8lnMmTMH27Y7HWtZFqbPj1KKuvp6Vq9Zw8yf/ZTMzMxOx59/3rnccMMNRKNRAgE/zz//LI5z4MZcn6xew7q1awHFl7/8ZfLy8g663vz8PM6edDZ+f4Df/e737KmqOmCM1prfPPRbwuFqXM/jO9/+Nr169jjonEopvn7rrZiWies4/Pa3/9thMyxHO4ACBYYyiOvOn8/+QlZasiuEUqAUtk4G45lWOlp7uFoTMHz4jQOLtLtnFJPuy8DDw8BgW3Nl+7GmeDMeHmiFRvP0+hfw9KE3LQNwPIfH1z2NoVRb3kt9rOGw7kUIIYQQQgghhBBCHP+OSrCqW2ugvWJVJytGg51vXvT5L8ZLhm8kwzxlGHh1HasmNclQD6WoDof5/ve+T0nxwfuhQrLCc0D/rvtvlpaWkpuTg1IG27dvJxaPdzrONE3SQyE8zyMej/Pt//gPMjIyDjn31Vdd1X7umrXraI1EDhizePHiVMWpZuTIkQcc39/AAQMwDINYPMay5csPOL57zx6eevopgsE00kMhzjvv3C7n7N27F8XFxfh8fl57bR51dfXtx0zD2vul1BA0D73JV5uIl8CnzFT7AIOQmXzdP9efjaNdDKWwlEFnVdKu5ya/EiSrZPMCue3HqqM1oFNV1srio+plbGnY2uV6luxZzid1a7CUCSp5fkOi6bDuRQghhBBCCCGEEEIc/45KsJosJWyrSkwlWNH6g43+fCkDHJt9AzYd7xhA+nx+NBrXcSgtLeXUU075zC4f8PvJz89Haw/HcYgfIlhNCwRwXRfLNBk5YkSXc+fl55Gbm4v2IBJppaWl5YAxn27diuWzAEVmxoEtAPaXkZnZvkHYzh27Dji+cOEibNvGdV1OPvkkCgsKup4zPZ3yvuVorYnFY6xZs/fV+zQzmPymaI1GtwekXUkzg3h4aK1RKAKpHqutbgRLmRhK4em2itiOqiNhmhPJZxUwfIzpNgqAuJtgd+seTMMkGY0m/zN73TO4qYrYzkTtKH9e+ySWsjBVskJWKUU4EkZz+JutCSGEEEIIIYQQQojj19EJVpXZ8WfPxms+Nv0mdbQBve+r3J4HZscNktp6ozquy9AhQwjts0nVP8vTmmg00n4dy+p8/zCtk71ClVIEgkHy8w/+yv6+687Py0vFfxCLHRja5ufn47rJANJzu36lvaGhHmWoZJ9Rf8fn5HkeHy1ejGmaOI7DaaeNxTTNg8y0zzotKxkAa43j2DTvEwD7Ut8VDR02oepKhi+tfZMpRbLyFaAp0YJlWKljBtZ+rQCaEy3MXvc0Go3jOdwyZDK5aclqatdzqInWAnBR7wsImgEsZbK4aikb6zq2j9jX+7sWs7npU/rnlHNZ+cU4notCUROtJeEeXmsDIYQQQgghhBBCCHF86zzV+4ypjHy8hh2o9oBV4W77CF//s47G5TvwwptSe7SnamgNg/03eTdNE3SyY0B6ejqm+c/lz1prGhob2bRpM0/85Qmqq8MYysAwDfy+zne9V0rR2NyM3+/HMBTGYQSWnudhOzaGkdysKRA48DX6k08awx9+/3tMy2Tb9u1dzrlp4+b23qUDBgzocCyRSLBlyxYMw8A0Td6cP5+mpmbq6mrJzMomEPARDATxtEcsGicWjxGNRulWWMiSpUsxTZPW1gQtzftU1qbeyVep/3p244t0SyvANCyanRYMZRI0gxgYRL0YrmcTMtPYHalCKaNDuApgpOZr+40n3ARBM0BTvJl1dRt5fO2TfNq8jdxANpMHXc+5vSe2LyViR2lMNOF6Dl/qfS5+w8dTm57HMiz+uHoWvxg3I1XNulfUjjJr3ZNYyuQr/S8jZIV4euPzmMqkKdFE1I62V9MKIYQQQgghhBBCiBPXUQlWzW798bYvA5IhlDItnHWvo8f9GyqYfTSWkOTauNs+glQYltxUyEPldNxsSalk9Ko1GEbXgeb+6usb2LptK5u3bGHD+g1s2LSRutp6EokYfXr3IS8vj7raWswuKlbbqlYNw6C1k9f69+elzmm7h8xOerKOGTOGvLw8GpsaefONN7lx8tfwHWQNTc3NvP3OWyilKCkpZtiwoR2Ot0YihMPhZJCrFDU1Yd5Z+A6h9HTSQyECgQDxeBzLNPD7/TiOi+M6bN6yhV69etGzZw+01pSU7Ne/NtUC10DxafM2qmJhDEz8ph+fYeF6Hgltg/bQ2iPNSqMh3rj33APm0qmK0TA/fu9/yPZlUBWtoS5Wx8iCEZzdcyKnlZxEaUZJh1PD0RocXPxmgAx/Ohf2OZdnNs3BNEzW1W/g4/AnjC7q2Kf2lS2vsTtSxaiC4ZxcNJotjVsxUotqsJsPa+MrIYQQQgghhBBCCHH8OzrBaskwbP303g+Ugdccxt6wAP+Iy47GEgBwG3fi7loN+74Orl2M4sEdxiX7dKb+7B1+ELZz1y6eefZZnnnmGerrG+jXrx/nnnsuk2/4Gj16lFFaWkosGuX6G75GXV0tluUjEong93ddwajUgZsuHTAGUpW2Cr/fTyweI5usDmPycnOZMWMG37njOyxZuoRXXnmVyy+79IC5PK15+OFHqKmtxTRM7rrrrgOCWp9lkUj1iI1EIkz/yV2MG3dmh7UahtEhJG4LfoH2Pyc309pHarMoUNwx6nb65vTu8t5Xh9dy5/v/zQHJqgadCldzgnmAYmXtaixlYZkW1w64goH5nW86Vh9rwHFt8kN5GIZBQSCfc3pM4M0d72Aqkz+tmc19BUPwpVpJ1EfreWbTiygFNw6+DtMwyfRlglIowHYTNCWayUvL7fR6QgghhBBCCCGEEOLEcXSC1e7DwRcEz937qrcVJP7WA1jlZ2KkFx6NZWB/8jK4CbCCJBM3DcFsjP2CLs/zkq+Tq2TAeDhWr1nDlJtvpqqqmp69evF///dHTh4z5oDX8ZuammhtbQUgEAig9g8VU5RS7ZtGHS7TNPGnNrzy+XwHDWO/dOEF1NffzQMP3M+dP7qTpuYmzjv3XHJzctBaUx0O86c/Pcpjjz1GXl4eP/rxjzh74sQD5tGAlWplYJkmkUi00x6rbb1i2+/rsChc7eI3Om+VcKBkVeoBn6pkr1YPTZoV4ocnfYeHVv6BNXXrcFyHXy9/iF+cOaPTsHN36x48NLnBbAJm8vd4Vf/LeHvne2g0nzZt492dH3BWzwoAXtj0Co2JRs4oOo2Becmw1m/6CJlBYm4crT3qYvX0zu55mPckhBBCCCGEEEIIIY5XR2XzKiO7O0bv09DePjuyGyZEm4nN+xn6KGzo4zZsx17yFJh+2jpu4rmYpcMw0jvuZO/tW6V6GOFmU1MzU6bcTF1dPd1Lu/PE449z5umnd9rj1LEdHMfB8zQBv699o6z9aa1Jz0jHcZwD13QQhmGiANd1sSyTUFrnm24ZhsHXbvgqDz74G5Qy+NnPfsYNX5vMLV//OlNuuZWvTb6R999/n+9OncrLc+dy1RVXdBqIpgWDlJWV4rrJwHznrh1drrErer9X5R3tHGRkR452k39QbfOkqmF1skrWAGJOhOKMbtwx+t/J8icreasiVdy3/LfYnXwHd7TsxkCR7c/CSDXiLc3szkW9z8f2bCxl8fj6Z4i7Capbw8z99K/4DD83DLq6vfeqUgaZ/qzkN05BVaT6yB6IEEIIIYQQQgghhDguHZWKVZRJ4ORriGx8a58PNVh+3I0Lib/5C4Jn/yAVen72dKKF+Os/QztxlLlPBaR28Q0+v73naptkiKkAdVgVq2/Of5PqcDU+y8dVV15Fzx5lhxzveS6e52Ga1oGvwacopbAsH45t4/r9ZHTSL3V/8UQc27FRCkzDxLIO3h/2w48WM+Oee5gy5Wauvfor+P0+wrW1aK0pyMsnNzeHYDB4yOv5/X5Gjx7D8mXLQSnWrF3f/sr/P8r23GS1cOqxO+7hBasRN3nfmmSQaqdC/IJgPrZn4zN9KCDqxChOL+Inp3yf77/7EyxlsTK8isfW/IVbh09ur3p1PZc9kSo0mvxgfnuwCnBh73N4dds80JrqSDV/2/J3drbuIubGOL/n2ZTn9m0fG/IFyfRlUhWpxkXTnOi6V64QQgghhBBCCCGEOP4dlYpVALN0NFbZKNg/KLN82MvnEHvjF+hE5DO/rrajxF7/Ke7WxfuFqh6EcrH6jjvgnLbqUKXA8w4drGqtWbjoXQKBIChFWWnpIccn7ASO4+L3+4nGoh16ju6/hkQikWqdoAmFOq8+3ZfrONi2jWVaaDTxVP/T/YXDNXxt8tdwbZtvffN2evQoo6ioiGFDhjB86FBKSoq7DFXbfPmSi9EqGbLOn/8m1dXhwzrvYFrdaPIPSqFQNDuH951wvAQKAwPwtEfUjQHJClhN8nmaysSnkn+XMDC/P18feiNxL4Hf8PHilldZtOOD9vmiTozqSBiFQbY/s8O1umeWcH6Ps7G1i9/0MWvdU7y5/W0sZXFJ3ws7BMs+w0eGP5TsGas19fGGf/zhCCGEEEIIIYQQQojjxlELVpXpJ3DWtzsPEi0/9sq5RF/8Ll7Nps/sml7TbmIvT8Ne8waYHXt1asfGP/ZGVCe9NR3XSdUtpran70IikUiN1zQ1Nx1yrM/y0drailLqoNWqAI7j0NraimWZaA119V0Hclrr1Gv5yQ4GiUTnLRbmvPgitu1QUFiAz/fPFS0PHjSIcyadTTwep6Wlhcdnzz6i82tqajp8J/yGiac9FJCMRA+vz2zICqbaBiT7qSa85L3XxBrwGSZKJdsFtH0OcFHf85lUNqE9XL1/+W/ZXP8pAHWxehoTTSgDcoI5B1zvy+UXEjQCqU4RmoSXYGJpBeU5fTqMM5RBlj8LjcZQiqrWMG5b2wIhhBBCCCGEEEIIccI6asEqgFk6Ev/pN4Id6+SgD3frUlpn30JiyRPoln+8F6WOt2B/8hKRv9yKs2lRx0pVFHgORn5P/COvPMgEGk8ng7B4InHQqlJIvrI/ZvQoEokEpmHw9oK32vui7i+eSHD//ffjOA6u6x6yFYDjOMTiMZRKvtoejXZduRmLxYnF4niexjAUmZmdtw+Ix+NYlsXateuY+8orhGtqiEQiOI5DJBIhGo0Sj8cPeh/7MgyD6dPvIisrC9M0+eP//R9PP/tsl+dprXn2uef53R8e7lDhGXcSqNTr/JoDe64eTH2sERMD0GgNPpVsg+DoRCqaVSTcBMY+1zKUwa1DJ1OU1g2tPVzt8tPFv6Yl0UrCTZDwEiityEn1Y91XSUYxk3pMwPbs9k3OvjLgsg4tA9rkBrPRaBQGVdHqw25vIIQQQgghhBBCCCGOX0enx2o7RWDszbjbFuPuWo2yAuytSNRgWuDEib95H4mlT+EbcQlWv4kYOWUoX9qhp/ZcvMadONs+wPl4Lm7VekClKlX3CUa1C1qTdvE9KH96p1NlZ+fguA6mYeLYXW+sdeEFF3Lf/Q/gui6Lly7ld394mK/fcnOH1+nXrVvPjP/+b4YOHUrfvn3Ztm0rlZWV1NXX072k5IA5HdfFTtiQChkPVn26r1B6iEQ8jtYaz9MHDYQnTZrIbx56iEQiwZ3T7iQvP5/s7GwCfj8a8Pt8BIJBAoEARUVFDBk8mDPOOJ0+vXt3Ol9JcTF/fOQRvvGNf6Ourp7p06ezY8dOrr/2Gkr2u7eEbbNmzVr+9OifePHFF/nD7//Q4XjcjeNpD8swUdqjxY52ed8AlmFiawe/Sv4zcjkcAAAgAElEQVS+GxJNlNKduJsKxlUyWHX32wQsO5jFf518B1MX/gif4SMcDfP7j//EoNz+aK0xlXnQnrFX9ruEv1fOJ+7anNxtND2yOu+tGzADGBgopaiL1RFxogSsAzc2E0IIIYQQQgghhBAnjqMcrILyp5N22a+IPHEzuqk6GaZ2GKDA8qObq4kvfJjEu49idOuHWTwEo7AcI7sErGCyV6tpopurcOsqcXevxtuzFuKtgAKjk1vTGu15BC+Yhlky/KBr3L17N67jELdj2IlEaqOpg28EVVJSzK9++Uu+c8cdaK158MEHeHfRIk4bexo+y8fHqz5m2fIVTP3P/+Taa65mwHMD+K8f/pC62lpu/fptjK+o4Morr6R/v/L2OWPRGFVVe9r7pLa0NHf5bOvr60nYCeyETUN9PZFIlLS0AwPpIYMHc/999/Gbhx5i+/bthMNhqqqqkm0EANM0SGaRCkMplGEQCAS47rpr+c63v02okznHjB7FM08/wy9//SveeONNHvrNb5j15z9TMX48ffv0IZSeTmNDA4uXLGbVqk/o3bs3f37sz4yv6Njj1tMenvbQmGjAdjvvE3vAvccaU9WiKtlKIJUpGxg42iWgTOKeTX28gaxAx56pA/L6MWXwV3l07RP4TT+Ldn3Ah3uW4Df8eHhYnX2XgG7phZzbcyIvbnmV6/pf2Wm1KkC6lU5yWy1F3E1QE60jt5P2AkIIIYQQQgghhBDixKH0od5z/xy5jTuJPX07bsPO/V7V74TnQXL7HyAZ+KEUuq36MFWRqJSR2uypE1qjPYfAhNsJnDYFOPjO9Rs3buL5F+aQX5CP6zpMufFGAoGuKwxXfvwxj8+ezQcffEhdbS2GaZKdncWkiWcz5aYb6ds32X/TdV1eefWvfPTRRxiGwcknn8T4igpyc/f2e91TVcWsWY9TUFBIdXU1l1xyEUOHDDnk9Tdu2sScF1+iIL+AcE0Nt94yhfy8vE7HNre0cN/99/Pkk08ycuQoBgwcQElxCfl5eTQ0NFBVXcXG9RtZvnIFjuNgmibRaITrr/8qM6bfddCg2XEcPv54Fa/89a+8u2gRu3bvxnEcLNMkLRTizDPP4KIvXcQZp4/tdEOunS17qGqtwmf6cDyHolA3umcUd/nsNzd8SkuiBWUYuK5Dn+ze5ASz+bRhG42JJgzDwPVcBucNIGgduDFX3E2wrGoFISsNn+kn3QqS8FxanVb6ZPUiO3BgOwCApngzm5u2MrJg6EGD1epImO3NO/GZPlzPpW9274POJ4QQQgghhBBCCCGOvalTp3Y55pgFqwBeQyWxV+/G3bESLB+kemQeiqZjJLr/z51fKFmJGZj4bfwnXQ8HCcAOek2tD/o6eGdja2pqCYerSQuF6FZYSHp65y0HjpUPPvyQaXf+iPy8fO6+ezoD+vfD7/cfMM62bTZs2sTPf/4LPvroQ3w+P7FYjLkvvcSQwYO6vE5ra4T6hnoaGxtJS0ujID+frCwJFIUQQgghhBBCCCHE8e24D1YBdKyR+Ad/wl78ZLLydP/WAIc7D/sHrKl95V0HI7MbwS9Nx+p12j+/4BPc2nXrufiSSxgwYABP/eUJsrOzuzynqamZm26+mTVr1mDbCaZPn87kG244CqsVQgghhBBCCCGEEOLoO5xg9chKNz8HKphN8Kz/JO3a32L2GAWe015hekTz7PuDBlwbPA//6CsIffWPEqoC8USCu6bfhW0nmPrd7x5WqAqQlZXJ9ddfh23bmIZJTU3t57xSIYQQQgghhBBCCCGOb0d986qDsXqcgnnVMNzNb5FYOQd3+8pkwKpMtFJdv4qvNehUz1XDwBpyHv7RV2GWjv78F3+C2Lx5C6s+XkVWVhZ9+vQ+onN79uiJaZo4jkOvnj0/pxUKIYQQQgghhBBCCHFiOG6CVQDlS8MadCFWv0m4e1bjbPsIZ8u7eOEtyUpWndzASnkuGMkd4JObVSmw/JjdBmD2PhVrwCTM/PKDb2T1L6quro6EbeMPBA5rM64OFKA1lmXRf8CAQw71PI+du3ZhJxKkp6dTVFQEQDyeIFwTxnWTFcnZWVnk5OSgtaaqqppEIoHWGo3GNE26l5TQ3NKCY9sUFBQAUN/QgOs47T+3SSQS7N69G9d1yc3NIzc3p/1Ya2uEcDgMaPLy8tr7vNbV1eE4Dt26dQOgoaEBJzV3TW0tkdYInvZQKHJyc8jepz9sa2uE6upqDENRVFREMBjEcRyqqqpxXAd0st+uP+CnpLi4/S8G4vE44ZoaunXrht/nw7ZtqqqrKS4qwrYdwjXh5DPQmrS0NLoVFnb4SwXXdamqrkZrTUlxMYZh0NraSrimhrzc3PZ7cxyHnbt2UVJc3N4/NxaLUVNTS/fuJRiGkVpvFcXFxe2bkTU3N9Pc0kL3kpIOz9d1PaqqqojHYwSDQYpT95RIJNhTVYXWGjR42iMzI4Pc3Fz2VFVhKNU+trm5mbq6evLz8wgEAlRVV+O5LlonvzMZGekUFBRQVVVFRkYGGRkZAITDYdLS0nBdl7r6eizLQimFY9sEg2kUFxcd8vsohBBCCCGEEEII8Xk4roLVdlYAs2wMZtkY/KfeiG6pxquvxGvchY42JEMrO4bhD6HSslG5PTHyemGE8sA6wsDwX4jP78MyTRKJBA0NjZSVlh72uZVbK4nFYowaM5qB/fsddJxt2/xt3uts3fopubm51NXXM2LYcM6aMJ76+jqeff55cnNzwdM0NDbypQsuoLy8L3PmvoRlmmRkZOJ5HmnBIBdecD4fr/yYJcuXc9stN5ORkcHixUtobm7iyiuuaL9mIh5n7iuv0NTSgmmY1NXXccWll9KrVy/27NnDnJfmYpkmls9Hc3Mzl196KT16lPH+hx9SV1/P166/HoAVK1ZQU1vHVVdewVtvvc3O3bvJzcnGsR2i8Rhf/tJF9OjZg5qaGp59YQ5+n0UinsDy+bjumqsBeOb558nJziYYDOB5Hnk5uRSd1609uKyurua5F+bw1euvo1thIY2NTTz3/Avc+LUbqKmpYe6rr1KUCnrr6uoYOWIEFePGYRjJrh2xWIyX5r5MS2sLt06ZQm5uLu++9z4rPl7JmaefzplnnAHAxo2beOGll7joggsYNWokAFVVVTzz3PN86YLzGTp0KM3NzTz7wgvcetNNZGRmorXmb/PmsXVbJf926y3trSISiQR//dtrbN+5g5ysbMK1tQwbMphzzj6b2ro6nn72ObqnQl7P8+jbty/Dhw3luedfwHVdbr15CllZWbz19tusXb+B8845m7LSMp559jny8vIIBPzYtkPfPn3Iycnhb6/Nw+f3c901V2OaJm/Mn8/ggQPx+/0sWbaM1tZWEgmb3JwciouLKC4+97C/x0IIIYQQQgghhBCfleMzWN2H8qWhcnth5PY61ks54Q0ZNIic3ByqqqpZvnw5w4YOOazzYvE4jz/xOMpQ/GjanYesdl2xYgWVlZVMvuEGMjMzqaqq4slnnqV/v3KCwTS0p7nyssvIyMjg7XcW8s6iRZSUFOM4DmdVVDBo0KDkRBqUoQBNLBZj4aJ3ufCC81GGQu23TVlNbS3btu9g8levp7CwkI8WL6axqQnXdXnt9b/Tt08fJp41AcMwWLZsGS+9/DK33jwFn+XrOJdSqWtCwk4wasRwJowfj9aal15+mfc/+pDSslL+9tprDBrQn4px40gkErw273VqamspLChAex4XXXgBhYWFydvQuj0U3XsZhd/na7tke0Wq52lCaWlcfdVV+Hw+Nm7cyMuv/pWRI0aQk7O3Atfn8+GzfOzatZusrCx27dpFwB/A83RqHo9Vq1dTUlTE8o9XMmzY0GSVJ8mWGm/MX0B5eXl72NvWobi+vp7q6jDZ2Vms37CRU085GYDlK1awe/dubkz9Tnfv2s1HixcTj8dRgGkYXHnF5R2+F5FIBNNMVsXW1taSlpZGVVWYQMCf7NqR2jPvyxdflAzaUzzPw+/3sXV7JevXr2fIkCF4WuN5msGDBzNw4EDeffc9duzaydVXXonRfg9CCCGEEEIIIYQQR9dxH6yKz05mZibf/94PmPq973LvffdxyiknM2jgwEOeE43FuOvuu1m6dCk//OG09rCtM1prNmzezOiRe4PA7t2706OslPUbNjJ82FCUYVBfX08sFiMcDpOVmYllWQR8PpauWEnljh3J1/MLCznl5JNxPU2vnj3ZvGULlZWVZGZm0tTQ1OG6eXl5dCss4NnnX6BXzx4MHDCAvn370tzcTG1tLRecd2776/BDhw7lvQ8/pLo6jGF0Esol8z4sy6Kqupo1a9biui7h6jCnnXoKzc3N7Kmu5sILLsCyLCzL4orLLwOguakZ0zRZuOhdMjIzcByH3r16M3TI4PbplWGg0by9cCEBf4BINIKnNUopDENh2zZr164lEAiwZcundOtWSCgU2ucZg8+y6N+vH7v37KFbt0JMy6K4uBjXdYBkpWttbQ3XXXMNTz7zLHv27KGsrAxPe2Tn5OD3WSx6911OPukkLNNs3/nt41WrGDJoEOXlfXn1tdcYPWoklmWx6pPVjBk9mqysLGKxGKH0EBMmjMeyLLTWeNrjjTfn4/P5iMXjnDW+gmAwiGlalPctY/v27QSDQQJBP2mhIJ7npu7X4O13FhIKhbBtmyGDB9O7dy8Mw2Rgv3689c5CSktLSQum4Tg2SqlkGJz6XysVTgshhBBCCCGEEEIcCxKs/ou54vJLqaur5Ze/+hWXX3ElP585k/HjK8jJzu7Qy7O5pYVPVn3Cffffz/IVK7j77ruZcuONXW4i5joOltXxa2UaJradSP2keeVvr2EZBlnZ2e2hp+NpMtJDdCsoxHGSr3lDsrVAr549GDFsKG+8OZ+yslJMs2MFaDAY5KorrmDjxk1s2LiRF19+mfFnnkl5eTlAh4pRpZIVr57nYhgQ8O8TzmkwUnMbhkFjYxOfrFnD1q1bmVBRwYgRI6iurm6fZ39tIWN2Vhb5+fk4rkNmRnqn40LBNNJTx3Rq0zWlFI7jsmXrNjZv2UJJcTFfufLK9lA4OQZsx6Fnjx6s27CeVZ+spntJCfF4nLaEdO26dWSkp6O1Jj8vl6XLl1NWVoZCEfD5OPfss3luzhwy0tPx+/0YhoFt23yyejVjTz0Vv99PpDXKnj176NGjB4l4HF8qxNywYQOL3nsP23a49JKLCYXSUSjy83IJBALYto1lmmitcV2XPr17s3HTJhK2Tc+yHtTV16WqVTWe1mRnZ5Gbk4tt26SlBYFkH9pTTz6ZjZs38dY7C/E8r0MI3vbok593/C4IIYQQQgghhBBCHC0SrP6LMU2Tf7vt65xyyik8+thj/PjHPyGUHmLQoEHk5+XhoWlqbOTTT7fS3NTE+LMm8D//cw8Du9iwCpLBYGn37qxZu54xY8bg8/loaWmhcscOzj/nHAzDwFAGl15yMfl5ee2hXjwex3Uchg0dSr9UGNpGa000EuX0sWNZvXYtK1etYsjAQR3GrFu/nsrt2znvnHMYMWI477//PqtWr2HYsGH4AwE2bdrcvkHV9srtOI5DYWEh1eEadu3e3T5PNB5De8mQM5FIMGjgAM44/XTenD+ftevXMWrUSHJzkwHirl27yM/PR2vNa6/NY8CA/hQVFaE9zamnntK+idT+tOehlMFpp51KVlYW9fX1rNuwPhnKeh5paWl8+eKL2L59Oy/OfZmqqip69drbBkMDjuuQnZONZVosWbaMy758CZs2bsLyWdi2zZq161BK8fKrf8VxbHbs2EkkEsHn8xGNRSnsVsj4ceOY9/e/kx4KYVkWe/bsIRqNsWbdetau30Ag4Gf5ihX06NGD/v37s37jBkaOHMGIESMoLi7hL08/RSJhEwppUIrTTjutQ8jZ3NyM47rk5iZD05WrVnHZJZdQXRNOtQJI/m7HnnoqofS94bPrurieB0oxftw4/vjoY9iOQ7++fTo8AyGEEEIIIYQQQohjTYLVf1FjRo9izOgH2L1nD1u3bmP79u00NDSQlhYkGEyjZ88e9O3Tp71X6OE6ecwYNm3ewjPPPkef3r1Zu349hfn5DOjfj5raWjTJCtNgMNh+jtbJcG7J0qXs2VOVfKVdw8knn4RhKOKxOKZpcs6kSTw6axbxRKLDNUuKinnl1b8SiUTpXlLMshUrGTlyBKFQiHMmnsUrf/0bzS3N+Cwfy1asoOLMM0lPT6dP7168s2gRc195heysLFavXsPFF30JSAariXgcpRTjzjyTRx59lPnzF3DBBedz/rnnMveVVwnX1NDQ0MjmLVsYO/Y0dOqV/rffWUhOTg6u65AWTGPMmNHtFZ+e1mjPIxqNkZWVheM47SGj53m4roPruvTu3ZsRw4cz56W53DLlJjIzM9seFrFojGAgQGn37mzaspn8vDxWRiIUFBaybds2otEot91yC/6AH8dx+PPjs1n58SpKu3fHcVw812Xo0CEsX7mS2tpa4vE4H3z0EaNGjeSs8eNRSlFTU8OsJ55gfEMDZ5w+llmzn+DJp5+hvE9fKndUopQiNzcHz/PQ2mP+/AUEAn4c16W4qIju3bsTj8cJBgMUdevGnqoq8vLzaW1pxfM8kjvQaRa8/TZZWdm4rkNmRgZDhw5Fe26q5UA6Z00Yz19fm5c6J8l1XBzbPvIvvRBCCCGEEEIIIcRnyLz77rvvPtaLEMdOZkYGPcrKGDp0CCedNIaRI0YwdMgQykpLSU8/8DX2rgSDQfr3KycaixGuraVvn96cNWECgWAQ1/WwLJOeZWXtQWMb0zCxLItEIo7retiOTc8ePQj4/WTn5FBQUEAoFCI9FKKgoICiVAVq2zX7lZdTW1NLbX0dQ4cM4aTRozFNk8LCQspKu1MVriGeiHPm6WMZPnwYSinS09PpWVZGdThMNBbj1FNOYdDAgSil8DyP4qIicnNzsSyLsu7dqWtooKy0lKKiIkqKitm5axehUIgLzjuXgoKC9mAVBbadwLYdDENRVlq6d6MorbF8Pnr26NH+ir9Sil49e2JZFsFgGj3KyjAMg+7dS3Ach1AoRPY+FbCGYdC9pITMzCwyMjIoL++LRpOfl0c8Eadvnz6UlnbHMAwsyyInJxlcFhYWkJaWRklJCT6fj+4lJQSDQYqLi2hqbuak0aMJhUIYhkEoFEIpRWZGBnl5efTvV45t21SHw3Tr1o1JEyZQWFjYvgmVqz0c2yZhO4TS0igq6oZpGvTp3ZusrExycrLp3asXWmtKiovJyspur3C17QS242CaFmWlpRimSXFJMRnp6eTn5WOaBmWlpe1VwFprsrOzKS4u7rI1hRBCCCGEEEIcT8LhMIsWLWLBggXMmzePdevWUVNTQ3Z29j/0/8H/Wcn9VH5Iz5496d69+1G/vjjx3XnnnTzwwAM8+eSTfPLJJ5x99tnHekmfmddff73LMUq3JSNCCCGEEEIIIYQQ4jMXiUR44oknWLhwYftn+fn51NbWtv9cUVHBV7/61Q4bGH/eHn74YRYtWkRFRQVf//rXj9p1xRfDd77zHZYvX97hs9GjR/Pggw8eoxV9tqZOndrlGAlWhRBCCCGEEEKI49DaRyczs/Im7p0+ic6atHV1/JDC85kxdSEV905n0hGeHJ4/g6nbrmbWlMGf63W+KLZt28bMmTOJRCKMGzeO888/v8NeGtu2bWPevHksWrSIUCjEtGnTOhz/PCxcuJA5c+ZQU1PT/llBQQGXX345FRUVn+u1xRfH4MF7/x3wy1/+kh/84AcArF279lgt6TN1OMGqbKkthBBCCCGEEEIctxbyv48eGFKE589g5oJjsBxxRCKRCDNnzkRrzT333MNtt91Gr169CIfDrFu3jnA4TK9evbjtttuYNm0aWuv2EPbzMnv2bB555JEOoSpATU0NjzzyCC+88MLndm1I/oXAjPnhAz6bPPlROnzTw/OZMXkG+w3dT5j5Mw6c77iz9tED7+9o2vdZHtZz7dp7771HY2MjjY2NjB8/nnPOOYfx48fT2NjIe++995ks+0Qgm1cJIYQQQgghhBDHq54VVFR+wFoGs7c2LMyqhTBxYjkLKvcZu/ZRJndIWycybdYUBpMMrj7odROVjz3GZsq56Uf7VSWmzi2/6V6mTyoE1vLo5Jm0zzZxGrOmDE5Wqz62GZjJ5MqbuHd6Ca9MfoZe0ypYOPMxNgOUH6KK9hBrJLXOvYf3PRZm/oypPLY5dehQ1ziOzJ49m0gkwj333NNehTp79uwOvRsHDRrEHXfcweDBg7njjjuYOXMms2fP5rbbbvvM17Nt27Yu+0a++OKLnHTSSZ9b1WxBr3I2L1xFeFLb7y/M7spyyssX8MHaKbQVQYZXLWRzeQW3H++/5H9Rr7/+Opdccgn33nsvAK7rcu+997Jr1y5ef/11zjjjjGO8wqNDKlaFEEIIIYQQQojjVgnDKyr5YN9St/AqFlLB2H1zr7WPMnlmJTfdO4tZs2Yxa9Y0JrKAmftUuy54bBtXz5rFrFnTmZTX+bn7hqpMa5vrXm6qnMmM+WEKJ03n3pvKk0Fre7C5mcdmts09i2k9H2PqjPkcUBDXxRrD82ckWxuk5rn3pkpmzphPOBWqLqy4N3Ve6hqdVPIeT9o2qho3blynoeqgQYNIS0tj3bp1PPzww0Dy1epx48axaNEiwuHPvgpz3rx5hzVu316wn7XC4RWUb95Ge71s6vt8dUU5lbv33nPNts2UVww/7sPzE07hJKbP+mxac1x88cXYtt3hn8/jLwSOZ1KxKoQQQgghhBBCHMcKh1dQ+cpa2kr5wqsWQsXtFLBP+DV4CrNm7XvWYMZOhA7dAiaO5YCuqDXzmTFzAROnzWoPWsLzn2HBxGnMah9cyKTbb2Lh1FdYO2kKBZ2sceK0vVWngy++ifKpC1kVnsSkDks61BrX8spjm5k4bXp7kFY4aTqzJgFrH+UxbuLefZKgwVOmMXHyM8y/+Pjt3bps2TIAzj///PbPKioqqKmp4fLLL6dXr14sXbqUBx98sH1s2/hFixaxbNmyDud+FvZ//f9gKisrux70jyosoScL2R2GwYVAzTY29xzL4OEV8L9tlaxhdldCz7Ftv9yOFdQTp83iYC1+O1Q9pyqtgVS/31RVNeXc1Nb3t60P8E3/n717j4+qvvM//p7JJCSBBJgkBEswQ0PQYHHX4ArIRApFbX9q1e6WcOlSbHdtFymypmXrhYLVli4VC1Xp1m0fsPwkXPa39VL7sFgrhUQBC7jVQuRWAoTKJROEQK4zc35/nJnJzGSSzCQhmZDX8/FILXPO+Z7vOd8z33POZz7ne67VunXmgnnzVmq+1viysxWUyd1OObEIKSOsniHZ2VM1b94JrSsr0sql01S9dq6Wq2Xec28/qRLftKxo6xY87nH1Ws1dLk2duk3bfPssZFvbcc8996iiokJnzpyR3W7+UlNTU6MLFy7onnvuaXdZt9utZre7zemJNptstr4RsuwbtQQAAAAAoL/KGqeiE6/7hgMwhwEomp8lfRhh3lYBm/YKPqp1y49KmqoZQUGq6uNHpW3LNbfVGK5tFZan3OBoa9Y1ulZHdbxaihiFjVTHcx/rhPJUFGH+cx+fkI5uU8ncda3WO6+NGsWD48ePS1LII/W5ublatGiRJDOj1Z9BmpGRETJP8PLd6aOPPopqvisaWFWBJk49qi0fntO0aVmq2LVNUyc+IGVJ1x7dYgbks6p1/OhUTSyQzEDjcp2Yt1Lrp2X5jp8n9XaEoGFL1rMZnH37yRI9+fZKLZ1WrbUl63Tto+u1tMAXkCxZq2sCQ00c1brjM7R+/QO+zOoSrZm3UuvXZ/mGvzB/VChQRUg5qliruSHlROOc3l4TVMa5t/VkScuPBBVrS8wfEtZPU5YqtHbuNikvmheKdbZu23Qi19xWc9vX6O1x7QeLX3zxRU2aNEllZWU6d+6ciouLJUlvvPGGPvroI/3N3/yNXnzxxXazV8+cPt3mtJycnHZrHE8IrAIAAAAAENeyNK7ohNa8fU5Lx5mPTbcadzIoWDnVF1ipWDtXyzsoeeqj6zVx11wtXzsxKGNOYRl0Yavq7GZ0so6S+syYqsGqq6uVmRkpsmy+NX316tWqq6tTRkZGINjql5GREXV26ZVwJV+eJfnGWT1ubt/HJ/KUe7fkD7juqpZUvUvbpk7UA5I5VMDRqZqx1Nf6WdM0Y+o6X2A2uNRz+rDsqPKK5vuOkyxNW7rezJqueF3bNFWPFviLmKGp65abY7pmSlKe5t1d4K+c8pSnonG+Uq65tmUVFbu0LW+eVrakZ2teXknI2LAdM+sVUH1cRyWZodMK7domTX3Uf6wX6O55edoWzcgM7dUt8mHoM1Uz/FHUzFzlqe2g+qlTp/Tqq6/q+uuvV0ZGhm644QbV1NQEhrKQpBtuuEEZGRkaPXq01qxZo3vvvVcjRowIKcdmsyk9PV0XL15stY709PQ+k60qEVgFAAAAACDuZfkek66QOQxAlkIDnOc+LNPRdoKhkZmZpuaj+8u1dqL5eHVmbp5U9rHOqSDKQKYvO9U/cxvZp+3WMTjLNSt80rWSb0zOvhRYzczMbDNDtKysTHV1dRo5cqQef/xxpaamhkx3uVwqiD5SF5VYM2CPHz9+xV5glTWuSHllH+vcuY9DfigomDhVy3dV6O7cE8ozo62+wOM2LQ9PoZ4anhJdreNHpWtntD5Kzn18QsoriphAHYu2sqfzAuMaRCdkuIK8POV1sV4d1q2rG+6zc+dOTZw4UVlZWfJ4PPrc5z6no0eP6rQv+3T48OHKy8uTx+NRfn6+hgwZop07d+of/uEfWpU1ZMgQ1V66JMPrDXxmsVo1ZMiQ7qlsDyGwCgAAAABAvMsapyKVaPm6PM1b2UYA50RLMPTc20+agZt2hwLwlz1N8+eVqWT5Wk1c/4AKfNl8a94eFxhrMXgsx0i2bUWS2egAACAASURBVHlbd/sySiteX6ejUx/V0vDob7t1NDPzSoLKMR9Llh5db2behWTVBqbF8gh2z8rNzVV5eXnEAOX999+vgoICXX/99a2CqpGGEOgO0b64Knj+K/YioqxrdO3RXaqulo5eO7ElYJ6Zq7wTH+tDSUV3B2dRTtWMiG0dfIBlyvxNoHWQs7uC81nXXCvlFUWRPV2htXO3KNc3XEFIYPfc29qyrfUYr13Vbt266T1oR44c0fjx4+X2jY+ampqqcePGady4cSHz+acPHTpUR44ciViW1WrV4PR0ffLJJ4HPBqeny2q1dk9le0jfqi0AAAAAAP1SlsYV5Ul5RRoXIaKTNW2+5mmdSubO1dy5c1VyfIZWzsuTtu1SRTSlT5uveXnbtHxthaQCPbBynrSuRHP95QW9ICdrXJHyti3X3LlrA2VPvfZ4YN3LT8zTyghZqR3VMWvaUj16bcv0uctPaN7KB1SgLE1b+qimblseqE+8B1UlqbCwUFLkgObWrVv1n//5n21OC16+O1RUVKi8vDymZfxB4SujQBOnntCuXSc0dWJQK2aNU5HKVHbiWl2TFfRZ3jZtedsfHazQ2rlz9eTb4dFC8ztytOzDQByxYu1czV1bIRVM1FRt0y7fAXvu7S3aJv8YrrFUe6KmHl2n1/0H/rm39eTcuVrb6kuWqdy8oyr70KxJ9fGj0rXXBAU8fdnZ8v0QEbRf7p6Xp21b3vZtg/lSt0CpucHfaXPog9jr1jnnz5+X1WpVU1NTTH9Wq1Xnz5+PWGZ6erosvkCqxWpVenp691S2B5GxCgAAAABAHCp4YL2CRmJU1rSlWj+trX8HjScZEDQ9rCxlTdPS4MLCl281va1lK7RLkiY+oPUPPNDBvB3UUb5tjlCMVKAH1q9XxElxKisrS06nU+Xl5SoqKgp5tL+iwox2hb8kyh8AdTqdysrqvoEPVq1a1anlli9frv/4j//otnoEy8yVtq2T5t0d/GmWrrn2qI5qRlDQ3AysH59bosBT7lMfNV9kFZaKmTVtqR49Prflcfi8eVq51CzpgZXz9GTJXM01J/iC9rEqCCtHypu3Uq1/R8jStPnzVFbir/NUPbo+MMCrZkxdp+XL52qbpKmPmj8a+IfBCN2GPE2dmif/sKf+sWHNYRHyNG/eVCmQ7NpO3bohY/X8+fOy2Wxqbm6OaTmbzabz589r6NChraZZfY/+n6+p0ZAhQ/pctqokWQzDMHq7EgAAAAAAoC+q0FozfTRCcAl1dXX613/9V1ksFj366KOBx/uPHz+uvXv3avz48YHP/C+0MgxDP/nJT1oNEdAVL730UqsgbjSuvfZafeUrX+m2eiB2wcNw9OYYw3/4wx908OBBTZgwIabldu/ereuuu06f/exn25zn9OnTGj58eFer2O1KSko6nIeMVQAAAAAAgCsgNTVVjz32mH74wx9qyZIlKioq0h133KHc3NyQIOubb76psrIypaSk6LHHHuvWoKqkiMHR48ePq76+PvDvlJSUK/ayKvR9ly9fVkJCgjweT0zLJSQk6PLly+3OE49B1WgRWAUAAAAAAJ1kPqKPtuXm5uonP/mJXnrpJZWVlamszHx2OzMzU9XV1YH5nE6nvvKVr3R7ULUtH330kTZs2BD495w5cwisok35+fl67bXX9Mc//lHJyckaOHCg0tLSNHDgQCUnJ0uSGhoadPnyZdXW1ury5ctqaGiQFF3mZ1/FUAAAAAAAAAA94Ny5c9q3b5+OHz+u6upqZWZmKjc3V4WFhd06pmo06urq9OKLL2rfvn0qLCzUgw8+2GNBXaAviCYgTGAVAAAAAAAAAIJEE1jte6/bAgAAAAAAAIBeRmAVAAAAAAAAAGJEYBUAAAAAAAAAYkRgFQAAAAAAAABiRGAVAAAAAAAAAGJk6+0KAAAAxMq47FLjjuflrtwto+58R3P7/mu50tW6ClhkHXyNUu79d1mzRvd2ZQAAAIC4RsYqAADocxq2rVLzgd92GFQ1DENmQJWganQMeS/8VXUvf7u3KwIAAADEPQKrAACgz3Ef2xnVfIRTO8eoPdPbVQAAAADinu3y5cu9XQcAAIDYNEV5/WIhtNpZXCMCAAAA7bOZj8gBAAAALbhGBAAAANrHUAAAAAAAAAAAECMCqwAAAAAAAAAQIwKrAAAAAAAAABAjAqsAAAAAAAAAECMCqwAAAAAAAAAQIwKrAAAAAAAAABAjAqsAAAAAAAAAECMCqwAAAAAAAAAQIwKrAAAAAAAAABAjAqsAAAAAAAAAECNbb1egTYdKNX9VuRyzntLiooz253WVacWSnZr01GJ1NGu3LtsDXGUrtGRjZesJjll6anGRzCofUun8VdKiNZo9xr9Mjhatma0xbZbZ9vQr75BK57+ikXG6z3uMq0wrlmxUhNY1ORdpzZ1n4vr4jI15nJZHmuRcpDWze+loLJ2vVTLX7ypboSUn7+uduhwq1fxXRgZ9r3u8Aiqdv0pVbfa5HU1vr+hSmV1UtH1O0LES0tfFCd/5qTVnF/vVON/uPixxxptKHpnWekLNb1S79uluWUfyAzuVqLbKe0KpJXdJf56kuq3dsrqYJc54U8lZh9XwwkNq7oX1t3k9E9b/u8pWaMnOSVfg+HepbMUSnbzPvFbq+7q3z45lv/fqubJPa+s6yKFZV8V1HgAA/VOcBlZdKnulXE6nU+Ubt+pQ0RUMAGYUafGaoitVeveIEHQ6VDpfS1ao7QtgR5VeWVGmr4dPP1Tqu7HJuXL1RXRCjr22bvjGxP/xGZNINw/mjcaKkZ0I2HWDMbPXaE2PrzWO7fylSrMXhx2HLpWtMG8GHT1Rh0N7VB7vgcUI9XOVrdCS+aWdD672he3uy1oFUYuV8tAipT2gbguuogOtrmfMc9/80pbPM4oW66o67V1p3dRns997SuvrIFfZCi1ZUqrsXkt4AAAAXRGfgVXXAe2sdOq+xTdL5au059BsjQm70jhUOl/+hCGH0xk8xcyGXDRJO1f5sgEds/TU4mxtDfxKHHRRE5Kx6lt2Vo42bvT/ntzVDKQrY8yds+RYclIuqY0b8EmalLNTB1xFIRdvh/b4AtYR0wbjSFhGmHNRaMAxuP19M5g3ZZEy41xlWrHkpO7zfRaaNRPnWQLBx6d827FIWuXf+EBWqz/zNex47WA/xocxunOWQ0t2HpCryB9QMm+2W5opLNgUlu0byGx3lWnFL6VJORu1sVySc5GeGvlKWBZOaIa3P2P1qZGv+I6LVZpfZa7PVTpfr4xcpEk7V/nqYh4v2VuD+p+QbKCwbJSgIIKZ4TNJs6o2BrYrsGxQOy2Zf7JX+5ycSZNUteeQQjpd1wHtlFNOR7mqpMiZ/jFkpR4qna9XRs5SzsaNgX3lDMm4N3fQkvkbfZ+HHQ+9mOHcnoyi++Tc+IrOuKQxGVJHx8MvNSmwD26e5tCet8O3O7y/Cv5+H1Lp/D0aOatKGzdWSo5ZemTSTj178j4t0iq1dBFrdOeZoDJC9l3YflXw8RzF+bCt72GgfpG3PX5sVv0L+UotuUupdz7tyyQ1g6225Ja5jJOrdGnLZvMfhS9o0NRCWSJNkyTdoNSSnUrw/csTnqH6qY1KK/GFuhr2hWWPmlmt/mXDy05+YKcS7UFlBQWKkx/YKevlfbKOLJRFtXJvu0P1+4LLq5WnJvY9dOVlqGjxIp2cv0qlNwcd874+W2Hfk8jfi/DzeKRjL6PlWF81PyiLs52+Jfx8Mm6c9OHgkO/AlcuujV5UfbZfq2z7lu90+H5v63zVsu9bzpUZaq9NouhLOqpXW+dO/+a2dzz0geugjLGT5NDJwL+Dn6SRFHrOdUV+YsIx6yktzt7a9rS4vdAFAKDvi8vAquvATlU679MYjZGc0qo9hzQ76ILxUOl8raqapafWFCnDf1EshyYF5qjUxlcm6ak1a5Thu8BeMt+hWU+t0ZoM3/JbD6ko4pVVpTbu9C9rlr2q9OY4vCHs2Nibc/TLAy4VBd3o7il36uZFiu/AaiBAs8a86HaVacWSFSrzXSiHtr9/fv9N2c1yKjQY33I8Bd04rFncsmyfyhIo16o9i7RmzWzfflml+eVO374yj9dXyu4MCta1vR/jl7kdOyc9pTWLfaHQ0vlaUprt+x4eUumSjcpZtEaLx8j89/wlKs1eo9kZkio3msuu8YVoy6Jba0bRYj2l0McbXZIqN76iScF9x5L5cszylX+oVPNX+bPqWwK2a8a0bMeKsqAbmvKNOumffqhU81f9UmVjF6tozGytWaReHgrAJ3usJu3cqkNmDyzJ/A5p0n0audN3k54xVpMcG7UzqH85tMccuiXa71Hlxp2B/eoqW6Elq0p185rZGlO0WGuyg4dF8PXxOYu0ZvEYRcpwi08dHw/B+0CSvnZj6HAQLcO2LG7pv0IyYsu18eQirVnjD9buNH+MXLRGZhexQktWzVe50zePq0wrlryisjsXqygjfL/61+c7JjOk9s+H7XwPx0TxXYgbT8tbc5dsg4slyQyq1v1GtS+YAUtzCIGvK6VwsxmonFoobyBY+oRSSxYp9c7NLcFTe4aMbZNUu8+37Gc2KnnrLDX4JifYpeaVk9QgMxia/NAL0gsPqdkXVLWeXKXaLZsDZQ+aIV3astkMqqbuU8NKXyD2zo1K+0xwQFhKGGkPlK3w8nwB4UBF4soY3eyUXmn5RSJE+Pek/fO4malZNesprQkKnK4oe0qLFz8lhTwZEkXfEnI+MY/rlusLlw7srJTzvsXx32dLvnNOlWY9tSYo4Lmq7Wvcts5Xkc6VHV5btdOXRFOvtuqSId+TWC39ZMi6+8h1kOvATmnW16M7f46ZbV4D+pf1nSfuK8qQ1N40AABwpVgNw1B8/R3U1o2Vco7Pl2EYyr9jphzlr2hHdcv0PeWS816n7IYhw7DL+bWZckiBMqTg6fka75TkvFdOuzk9f7xTqjqt6qD5Iy9rV8FER8i8Pf8nSeGfVWvHLzeq0jle+UH1Vvgy+eOVs3N/S90P7lG5c7zyA7P3Xju3vf5q7XilXM6HZwW2zbA79bWZ0satB832m/WCXviOv43M7XQGtt9s7/I9BwPl7d/pP54OautGaebXgpedpYed5XplR3Wv7g/DMGSEtGHkfSU5NPOOfN9+KdBEh+SYeYdvX5nHa+XJ6qj2Y/y0u/mdd0wsMNvl4FZt1Ex9zWkPzJM/62E5ff1A9Y5XVO6YqTvy/cvna9YLL2hWfss+mlhgDyq/9Xco5Pui4Olh8ypC3yGn7vXXLX+8nKrSaX+9nA8H6uHvm7Rxqw76yw6ud/54OVWpk9Vt17M32keGXQUTq7TnoP/zau3fKXOfBvab71gL9C8Htac8fL8H/4X1OWH71V4wUQ7ffmy1Lw5u1cZKpx6elR+yX0PPCz39F7mtDpauUrljogrs0R4P5ryRy/WdC4O+w3bn1zTT0dJfSQqcKwPLBx1j5n4N7zP8x5xdzu+8oBdmtSxvzh/d+bC972HH296Nx2s38FyulWVgvswM1kkhwwI0Hzmsttf0tOpWhmWk1uxQ/b7gZTNkKQxa159bgqwNf9onIzlftkIpccZtSmjYp8ZAhurTqvtzpSwj71OypIa1k1QbnN26db884dWp2d8SN73zBiWoUm5/efseUuPJ2qj2R7Ce+N4YhiF7jv/cFT6fwr4nHZzHff1FoI/2Heff8f/b3Kio+5bQ80nY9UX1fu2sdGp8fqz7oZu/A1H12eZ+euGF7wT63cD1ccTzn2I4X3V8bSW1c20dTb3arIt5rdNyHeQvb5by4/Y6qFIbl8zX/Pktf0s2VgYd/0bYdUlLW7cqr3qHfrlRmvn9oG2MZhp//PHHH3/88Rf1XzTiL2P10F6VO2bq+/6fbTPGaqJjk3b5M6NcZ1QlhyYG//iakd3hiKGOnD78a235aj0UnmHqmKnvz+rot+0xGp/zamA4gEN7y+UcP0vS3itU0e7gUlWlVL76odaD+zvD5iz7sb63qbLV5DHjndLqvTo0a4zGuA5oV6VT946R79ipVPn3HtKmsKIdM7t3K3pSTnakYzv6/dizKrUp4v7/vr7jy6hwnamSKsv1vYdazaWZklxVlVLOvb2XIeTIibhul7nDW39Xe3eHd0rG2ImqetP3aKnrgHZpor6WIR0Im8exqcocjsR1RlWOibrjCjSK60yV5JgYus+j6POvuMpNEY5Rpx5+wcw2PdTV4yHSuU4Zyo55w3MUsYsIcmjjQ1odqKdDE6OpXjvfw6vhuxD62L0/IPm0mk/epuTP7FTaZ9SJF1/VyjgX9M99H8s7tVCWLClhYJpU93HoS6XO1ciQPaSE8JdwtQqu+ucbnCE1HA6Z3nzBpeSsGKobjzo4j0fsL9osKva+Zcx4p/TqGbk0RhmuKlU6x8fF0y7R9NkBrjL9+HubWl6c2dWvZXddW3WqXua1Ts69fek6yKGZ3/9OaMbsoY16aPWrKrvjOzFk0h7Sxu9tkmZ+P8Iy7U0DAADdzRZtBLZnuFT2arlUqdY3rJVv6pBzpvKN4F9tQ2cJ/Sxseqtoc2gEuq1ljeBf5bu6eZ1gGJKcD+v5mfkRJ4bWyax3cJ3zx+do9ZuH5Jwp7S13avxMQ8bhtpbvWZHa0M/58POKvMmGXGXPaOnmSklOPfz8t5Wvw9q0YLUC7ZY/Xk6t1t5DM2U/vUuVznuDMnsdKn7y2xEvNHv3u2AEZSgEfxx0fCr8WG29TPh/29uPvSN0/x/etECry1uyi8y6SXIU68lvR3ok3lDL4RthGyJ8n9v+Dofu69BlwuaM1HdEmt7Od9UVVT16r69pYciwF2hC1VrtqP62xh7YJU14wMw0klr6UnuBJjg2Bb5nIfO0WXQb+63NftiQ2umD2+tDrri2jtHgenb6eGjr3BS0jmjOV0ETAn1F0DLm98+3Lc8XKcNVpmeW7o7qfNhSlTY78SjPW51n6XiWqCQMTJNx2exZAgHVBt9j94UvaNDUlu1o3nJHyKP4aSV3RRhntfu1BFQr1bzyDjX4HvW/0rrzXNFW/yqZwXjHCLtCzm+Rvv8dnMfNoV/a6kdDj//2ru8in3NlXl9Uvqr91U4N31su5/iZvXztIEXdZ7vK9MzSzaqUeW3w7XxfHyB1vN+D12WEtWWH11aukGV9VWopP4Z6tX/ujLx34u86KEK/nn+7ih1LtWt/tZxBO7Htc6RLZc+sVrnzYT0fdP1kam8aAAC4Eqy9XYEQrgPaXelQ8ZPP6/nng/6eLJZD5dp7WFLGcOWoUqeCX8LgOh06OD9a5I+Xs3yvDh/eaw4D0Nv16ZBdIxxS1WlXG9NdOrC7Us6Hn9fzz89sY3t8j+vtLTPnHe+bK9Kxc9XqaD/Gh/yZT6rYUa7Vz5TJX9OM4TlS5Sm11Ux2c8MUb1sWr/XqnAyNnSDtPnBYB3ZLE8ZGSnnJ0NgJDt/3rK15uqEmkY6HPtDnd/l4iNhfuXS62zb8sPaW+863EX/EaF9729e3vgtPyGqXvBc2+/5/rdzbwh67j2TrLNWunKSGk7WyZN2mxKjWlSZLcMZo4TWy+rJYPZdrpdRrQsvJsvuCx8WyZaXJ8+dJql05K6phUpsvuKRke+BFWJIvizUuHdbecilneBT16+A83tH5o8N5O+xb8jXeWandB8rMH6vj5qKq4z7bdWC3Kp0P6/nnIwcaO7/qrl1bda1e7V3r9I3roGBRfQckucrWanOlUw9H2GHtTQMAAFdGXAVWXQd2q9IxQa2uBzOKdK9TKt97WFK+bi92qPxVfyDGpbK1m1XZqjSY8jXeWa7Vq8tbAoxxLUNF9zpVuXmtygLXwi6VPbNAz7R8EHSh7PtlPqyU/PFOqXyzNlc6NCLwJKXv2Fm9KZD1KB3WpgULtOmwrjLR7cfel6GiB4rlqNyspf5GyL/dDLYGN8rhTVqwwGy3jKJ75azcrN8FJre/XebN824d8E12lb3a+rHA7tgSX73WBtXDVfaMFgQFjfuSjLETpM2rtVkR+uSgeRzlm9udp8taHQ++Pt95b1w/4tj146F1f+W/Yb632zY8OBhyWJuWRn8ube972He+C8VKeeguJdT8Jmic1ODgp/myqpbM2CeUWrJTqXe2LG/LSpNxbkf7QdggCaNf8AVPi5UyqVAW35iszVt2yJNcqAEzilvW9RmHjJOvBAKp1sH+ab56t7eira/I3eCQzV9e4QsaEDSEQPxoya6LLg7UwXnc11+8GnTsHd60QAsineQ72bfkj3eqcvPmuPuxOpo+O/gHD1fZM0FDgHRFN1xbdbpe/mud37Ws21WmZxY8ozJXX7kOknT4d9pc2RKot49wSOV7A9t0+HdBffPhTVq6WSp+MkJyQXvTAADAFRNHQwEc1pubK+UonhfxcdLRhZOln76qsuklcjpLtLDqW1q6wHz0bnJxsRyVu1sG6JdCHpVs9fhipEcs21o2MLmXhgIIqlt7cwXXO7zOowsnS+VS4WjfdoU8Xt4bDBmq1OalCxT68KRDxctK5BxdrGXFK7UsaLqjeJlKnHYZhuScV6zdy5bK1/yavHCZil9bps17Dql4tO9ScnShJqtc7zgm+F56YX5s9x07qxe0XLVPXvicZo5u+zGyntHGY7/Bx6eC/r8ReZmQ46Xd/dg7R3P490uSZHeqZGGVvvXT1XpmxDKVODPkLFmoqm+tVkszTdbC52ZqtGHI0GgVLyvWymULtCAweaGec9rV8sRh0DpGF2vh5G/pp7794CheqGLHT1Xl/74E9Q/2gglybF6tBeXm+oIfh/SXa/4n7NFqw5Bh+OvVcmzKUaxlJeYLO1qqFmlZmcds5U+1dMFu83vQ40HDsPrYCzTBIWmC76ViLQdjy/5oNU9bRYfut9Z9cst8rfsou5wly6SVy7TA3+CTF+q54tG994hjVH1orMdD63LtzhIt00ota9lwLXyu2Pc9iOJ81eoR2uA+Y7SKF07Wt1Yv8P3Q4FDxsoWavOyn2n2gWk5nR+W38z007O1ue68NBWA3H90PZpxcpdqQF0bdoDT/GKqqlXvbb+SZepcSRhdL+8KnyxxnNephAGrlPmdXcslOJUvmcAOBMVqfVt1KKbVkkdJKFgXq5h9ioH7nbRo0tWWa58+r5B69SLZPPSEp0jivm1X/Qn5QeZVyn6yVLcYxVrt1KABJKg/u102O4mV6zpkRWFfwcRZcD/+/2j+P233nj/Bjb7QMQyqY4NDm1QtUPnmhnpuZ337fEt4v+fmuL1TYi32QpFj7bLtznop3LwtcO2vyQi0rfk3LNu/RoeLRgdF8I+/30HWFnyvz222T9vuSjBjqFfnc6bvWCTSiuW6n3ZBhj8froLavf0cH+n5zn/j35+SFCzW5/DXJMHRoj/lZqzImL9RCtT3tOTJYAQC4Yiznz5+Pl8gqAKBPcal85TppXm8EgtHfJfzyC71dhaue5+tv9HYV4tBhbV64T4U/LSYrEAAA4Cr31FNPdThPHGWsAgD6FFeFdmuCvmoPy+gCcFXgGjGCw3v1zq2FmtFrT/0AAAAgnsTVGKsAgL7h8OaH9fD3d2vCVyfH/OIjAOh7XHrn2Yf18PPSgmJyVQEAAGCyuFwufnAHAAB9SuLauzqeCV3S/MBversKAAAAQK/5wQ9+0OE8ZKwCAAAAAAAAQIwYYxUAAACtcI0IAAAAtI/AKgAAAFrhGhEAAABoH4FVAAAAtMI1IgAAANA+xlgFAAAAAAAAgBiRsQoAAIBWuEYEAAAA2kdgFQAAAK1wjQgAAAC0j6EAAAAAAAAAACBGZKwCAACgFa4RAQAAgPZZLv7kNq6aAQBA3+Jp6u0aXP0Sknq7BgAAAECvWXby5g7nscli6YGqAAAAoE/hGhEAAABol03uxt6uAwAAAOIN14gAAABAu3h5FQAAAAAAAADEiMAqAAAAAAAAAMSIwCoAAAAAAAAAxIjAKgAAAAAAAADEiMAqAAAAAAAAAMSIwCoAAAAAAAAAxIjAKgAAAAAAAADEiMAqAAAAAAAAAMSIwCoAAAAAAAAAxIjAKgAAAAAAAADEiMAqAAAAAAAAAMSIwCoAAAAAAAAAxIjAKgAAAAAAAADEiMAqAAAAAAAAAMSIwCoAAAAAAAAAxIjAKgAAAAAAAADEiMAqAAAAAAAAAMSIwCoAAAAAAAAAxMhmGL1dBQAAAAAAAADoW2zEVQEAAAAAAAAgNjaDlFUAAAAAAAAAiAkZqwAAAAAAAAAQI8ZYBQAAAAAAAIAYkbEKAAAAAAAAADFijFUAAAAAAAAAiBEZqwAAAAAAAAAQI8ZYBQAAAAAAAIAYEVgFAAAAAAAAgBgxxioAAAAAAAAAxIgxVgEAAAAAAAAgRjYvkVUAAAAAAAAAiInNy1AAAAAAAAAAABATXl4FAAAAAAAAADFijFUAAAAAAAAAiJHNyyCrAAAAAAAAABATXl4FAAAAAAAAADFiKAAAAAAAAAAAiJHNy9urAAAAAAAAACAmNlv6sN6uAwAAAAAAAADEj0sdz2IxDFJWAQAAAAAAAMCvpKSkw3msPVAPAAAAAAAAALiqEFgFAAAAAAAAgBgRWAUAAAAAAACAGBFYBQAAAAAAAIAYEVgFAAAAAAAAgBgRWAUAAAAAAACAGBFYBQAAAAAAAIAYEVgFAAAAAAAAgBgRWAUAAAAAAACAGBFYBQAAAAAAAIAYEVgFAAAAAAAAgBgRWAUAAAAAAACAGBFYBQAAAAAAAIAYEVgFAAAAAAAAgBjZrkShFy5c0MWLF+V2u69E8QAAAAAAAAD6OZvNpvT0dA0ePLh31t/dBV64cEGXLl1SWlqabLYrErcFAAAAAAAA0M+53W5dunRJknoluNrtkc+LFy9q8ODBBFUBAAAAAAAAXDFJSUmyWq26cOHC1RFYdbvdSkhIkGEY3V00AAAAAAAAAAQkJCT02nCkvLwKAAAAAAAAAGJEYBUAAAAAAAAAYnRFL66FNwAAIABJREFUBkJlGAAAAAAAAAAAVzMyVgEAAAAAAAAgRmSsAgAAAAAAAECMyFgFAAAAAAAAgBgRWAUAAAAAAACAGDEUAAAAAAAAAADEiIxVAAAAAAAAAIhRXGasHt70Lf30nQgTbGkakT9Bt//97RqfndqldbTNpfKVy7RZxVpW4lRGl+frbb56jlio52bm93ZlAAAAAAAAgKvCFQmsdo8UOSYUakRQDevPVKji8Fta9/RuffDP39UDN6b3XvUAAAAAAAAA9FtxHFjN1oQvzJQzPBW07oA2Pf0zvbP2P5X/REnr6QAAAAAAAABwhcXlUACG738Nw1CrolIKVPzPU7Tv2e16bdsxTf57h29Cnap2/0q/euNDVdbUyy3JljZCN35hjmY4cxQYOKCuSuVbNuiND06p1h1pHv86m1V36E1t3vyGKs66ZUsZphvvmRdxPtf+/6e1//WOjtdLKcNu1D3zZsiZEzpUQV3Vbv3qV69p35FauWVT2uhCffFLX9KEkPmi2QaXylc+qS05X9W3bG/oZ9vPSmm3aN7jX9GNqdLFA/+jdRve0ZFat2zDCjXnX+7x1dPgpWIAAAAAAABAN4njjNV2OJyabt+uXx+plEsOZUg687tnteLXNRpxy5c0p9CulNpTeucPb2jflmdVn7JM/zI+XZJL5T9boS01ozXlS19VgV2q2feWfrVlharcj+uJz2a3rOPUa3r2Z9kq/NIcfdPuVsWvN2v7lmel9H/XvBsTQ+b72S/SVfDFOfpmWr32vfUrbVlxWKe+tUzF+eZ8dYc36wfPvaP6EbfoS18tlN19RNvf+IM2rKhQ5bceV3G+GTKNbht8dm/Qz7InqPibX1BzTYocqdLFvT/Tsv+qkEZM0Zw5BdKR7fr1c+uUduVbBAAAAAAAAOhX+mZgVWmyZ0uqOKMaSRmq1Afv1Cpt8r/okeJ8meHMsRpbmK11//YL7TtyRhqfLrkqtPu4dMs3F+rvx/qKGluglPontOWDw3J9NrvlJVRuu77w+L/pdl+sdWx+imr/7Rfa98FhzbtxbEtV3HZ94fEnWuYbn6/sp3+gX7+2W9NLnMpQpd74xTuqzf2SlpZ81lf+WI2dUKjXnl6htza/p88+8VllR7sNgfUWaM63ijU+kPBaqf/ZUiHlztDj/pdpjR2rcaNf0pP/cbw7dz4AAAAAAADQ78XnUABGy/+JXFSK0oZKgeEClKvpS3+k6f5l/LPZPqXRI6R9dXVqMgwlpqXJbpP2/XqTCtK+oHE56UpUigr/aaUKA8v6lh4xWTcNC1q/v6wzNao2DGX45xs9XbcEz6dhumnyCP365d2quDBZk2v26r166abpt8oeXDeN0JTpo/VW6R/0wekpmp4d5Tb4p+QWKDclaL1nDuvDemnc9FtC1pNSMF3T7e/p1wZDAQAAAAAAAADdpY9mrF7U2VORPm9WneuMTp09q7OHK/TBhx/qyFlJqtVFSRmJN+qeOeN0fMO7+q8fvyvZUmR3jNP06dN1U0G2QkZFtSVGWkFrw+xKD/soY0SupPd1pkZSc7PqZVdOduvy0u3DJB2R66KkwCgEHWxDW/W46FKN7Jrcaj1psg+LblMAAAAAAAAARKePBlZrdOaspNwc2X2fuPb9Qs9v+FA15hufZE/PVu5Nt2jc+9v1ftCSGYX/pKWFF1VV8aHe+8M72nfkPW35j/f0q9wZeuyRyW0HLmOWovQUSc3RLxHtNsQmUbaUTi8MAAAAAAAAIIK4HAogUI7aGAqgcp/eq5eGFeaZj71ffE+l//Wh6m+aq+/NLpQ9kLR5Rm+9v13vywh9vF5pGnH9rbr/+lt1v5p1ZvvzWv7yr7X92K263yHffOHLtP7ckKSai6ozDAXHLmtOHZc0TEPTDBl1iUpRjarONMkYFppNerHmrKQRyrYbMi5Evw0R65dmlz3ielw6c1zS9d3XLgAAAAAAAEB/Z+3tCsSsvkJbfrld9bbr9fmbfM/Pn63UEUnjbgkOSEo69Z7eq2n5Z3PFy/r+o0v0cmVwgYlKTwt/mD8GH20PWYfqj+itt05Jows1OkWS4ybdkiK9/9a7qglZ8JS2v3VESrteo+3Rb0Obsgt0U1rr9dQf2a7t0SwPAAAAAAAAIGpxPBTAWb332y06FVTD+rMf6sMjtXIrTbcu+KoK/fHQYaN1ve1dvffLHytlxt26Pq1eNe9v1+v7Tqk5aPnE0eN0vW27tj//Y138/BTdMiJNtafe1fbffihb7pc1xdGJaqbV6K0f/lin7v+cbko8pe2/3a6P6nP15dm3+MZedejzX79V+55/WT/88Snd/7mbZHcfMeerSdOtC6ZrRAzb0LYRmv7VW/Ve0HpSat/V67/+ULWd2CwAAAAAAAAAbYvLoQDMpet1/L13dTzoc1vyUOXedJc+d/d0FdiD1pN2k+YuqtN/r39d75T+XNttyRqae4v+4dvfkP3d72v1u0dU1XSrhibm6cuPPqSh61/Wjt+W6n3fWKZ5tz6oR+8v0FDDMIcf8NXCCBkKIPxz37/HzdKivD/q5/9dqvcapOTcm/SPD85W4dCWYQyS876sR7+dq5dffl0vr39PbtmUlner/vHBz6swO9ncjqi3oa36+dfzKf33enM9Sh6mcff9o2764//V733zAwAAAAAAAOg6i9HN0bZjx44pPb0Lj9YDAAAAAAAAQJQuXryoUaNGdWuZJSUlHc7T98ZYBQAAAAAAAIBeRmAVAAAAAAAAAGJEYBUAAAAAAAAAYhSXL68CAAAAAAAAgHhGxioAAAAAAAAAxIjAKgAAAAAAAADEiMAqAAAAAAAAAMSIwCoAAAAAAAAAxIjAKgAAAAAAAADEiMAqAAAAAAAAAMSIwCoAAAAAAAAAxIjAKgAAAAAAAADEyNbdBSYnJ6u2tra7iwUAAAAAAACAVpKTk3tlvd0eWG1oaNA1w4d3d7EAAAAAAAAA0MrHp0/3ynoZCgAAAAAAAAAAYkRgFQAAAAAAAABiRGAVAAAAAAAAAGJEYBUAAAAAAAAAYkRgFQAAAAAAAABiRGAVAAAAAAAAAGJEYBUAAAAAAAAAYkRgFQAAAAAAAABiRGAVAAAAAAAAAGJEYBUAAAAAAAAAYkRgFQAAAAAAAABiRGAVAAAAAAAAAGJEYBUAAAAAAAAAYkRgFQAAAAAAAABiRGAVAAAAAAAAAGJEYBUAAAAAAAAAYmTr7Qp0n4N66RvPakfwR6Nm64ffnaLMGEqp3v4jPVZ6TKNm/0CPTuloSf86b1PJz+fouo4L1/LHS3WsE/XqOTFuEwAAAAAAANAPXR2B1YMb9OCzO1p/fqxUj32jKqYAYeaU7+rFKd1aOwAAAAAAAABXmasgsFqt7S/7gqq3PaIX51zX8vmPHteGYzu0csPNvs8jZGP6grL+DNVIGav+z0yjNOcH31XEZFZ/Rmp783SodebtbY/8XF/xbdbBDd/Qyh3Bn/nm92fBBmXFzhlZqg2+gsIzcKPapsD2KGzfAgAAAAAAAP1b3x9jtXq/3j0m87H/kMBfpqZ89xHdJkk79uhgZ4sPCUBK0jFtePxH2l4dPudBveQLQt72SGeDqtXa/qOw4Qwk7Xh2Q+z1P9YSVDX/+YtAnaPbph1a6Q+qmpXQS53diQAAAAAAAMBVJu4yVpvXTItp/sTPfd0M/o0cHmHM0uv0d7dJO3ac1Olq6bqYg50H9dvSYwrO6PQHJd/dX60pgSEDTupXP9ohM777g0B2aewyNeW7P1fLSAT+rNvO1N9fZ38Zx3TSJSkz2m1qyYr1Tz/pq0SsbQQAAOJL4vy3e7sKAAAAQJ8Xd4HVuFJ9WicladQk3eALaoaOwery/feYjvlSO0cO755XUvkf+e+0QJ0zdcOkUQpUMOptuk1/5wsQZw4fKSk4wxUAAAAAAADo3+I2sBp1JkX1do2SdOzkaVXrOmX6sjzfnfQDPXrDfv2qg+Bk9emTXa6rJGnUKI06dkw7Xt6uz393SoTs2Wj4s0tHac4Pfq4X5/j/3d4ivkBpDyLLBQCAvomnTgAAAIDu0/fHWM28QbeOknSsVI9tOCgpU1P+abZU+rgeDIwROlKhiaTmo/VStfbvbCdqmTlcI2WW/Vv/+KIHN+jBb3xDD24IHnD0NpV897v60m1h88YqMF6sP5vUpZNtVO+kuQGq3r8ztlzSqLcJAAAAAAAAQFviNmM1epmacv9t2vDsDmnHs3owQobqqNl3ynyqPUMjR0k6dkwbHv+GNnRY9nX6/OxR2lF6TDue/UbQS6VGac6d10lhr5S67s7ZGrWjtOOs1WOleuwbpeGV1A//qZ3pPhk5oyQd07HSx/Vg5Fm6dZsAAAAAAAAAtNb3M1Yl6bo5evHnj+i2Dmc0s1lHBf59m0oeaX+pzCnf1Q9njwr57LZHzJc+RZhZ/zx7VOezVv3Lt6xILz5ymyTzxVLmLP+kOSGzRLPd4auJYZsAAAAAAAAAtGIxDMPozgKPHTuma4YP7/Ty/rG/um8cz4N66RvPSr433AMAAPRX3X+dBQAAAPS+j0+f1qhRozqeMQYlJSUdznMVDAXQkev0lZ//vLcrAQAAAAAAAOAq0g8Cq+0zDEN1dXWqq6uT1zA0YECSrNaE3q5WRF6vV42NjbJYLBqYmqrU1FRZLJberla3oj3iC+0RX2iP+EJ7xBfaAwAAAEBP69eBVcMwdOHiRRmGV8Oys2SzJcocGcFQ9w6Q0HXm/ZZFFovkdrt1/vwn+uTCBQ1OT5fVenUMlUt7xBfaI77QHvGF9ogvtAcAAACA3tCvA6v19fUyDI+ysrJkGIbcbre6ecjZbmexWGS1WpWZmaHqapfq6+s1cODA3q5Wt6A94gvtEV9oj/hCe8QX2gMAAABAb+jXgdXLly8ra1imDMOQx+OV1xvfN2EmQ4Zh3owNGTJY1edcV82NGO0RX2iP+EJ7xBfaI77QHgAAAAB6Q78OrHq8XiUmJqq52S2Pxxv32S1+hmGOw2az2eTtI3WOBu0RX2iP+EJ7xBfaI77QHgAAAAB6Q78ezCshIUFer3kD1lduwiQF6msYhhIS4vPFHJ1Be8QX2iO+0B7xhfaIL7QHAAAAgN7QrzNW/W/g7Ws3YpL6XH2jQXvEF9ojvtAe8YX2iC+0BwAAAIDe0K8zVgEAAAAAAACgM/p1xqoU+hheV3k8bl2+eEHnPq7S4T/t0fvvbtPZv55Sk9sjW1KyrskdrZuLPqe/K5qqwXZ7t9T7atOd7dGT+mKdo3El2sP/uG4wi8US+OsOtEfH6K+6jv4qvtBfAQAAAOhp/T6wKhky38zbuZsawzDkaW7Sx5WH9b/lv9eBP72vs+eq1Vh3SfJ6ZbVaZLNKRnO9jlf8ryoP7tef9/1RXyieo0/nXy+brXNNYNb3arwRi709Ghsb1dTUpOTkZCUmJraa7vV6VV9fL0lX7I3LtEcHpRiGZHikxnOy1bytRNfvZLv8gSyeRnkGjlHzkClqzvyCvKkOyZrU5YAF7dHG0vRX3Yz+Kr7QXwEAAADoWQRWJfnvwTpzM+b1ePSX/e9ra+mLOvGXo7pQ75bbsGhgcpKaZaipwSNbgkUJVinBapUhj/60c5vOnj2juQ/9q8aM/UzM6+yuLJl41VF7GIahxsZGNTc3yzAMvf/++zpw4IAmT54sh8PRav76+npt3bpViYmJuuuuuwKfWywWJSUlKSmpazfG/b09oivELevF/UqqelFJ534ji/tiYJKt/q+y1eyUzbVNjSO/KU/GFBkJKZ1eFe3RNvqr7kd/FV/orwAAAAD0pH4fWDWMrj0++En1Gf3+f/6vKo8cUqPHqkaPRYm2BFkkpSQlyuOxqN7tkcfjlcViKDFBslktOlbxgbas/YXm/9sTGpqR0Yl6G+piUk5c6qg9vF6vzlZX6fCJXTpXUyW3263qv3p0vsajP37wG1WcbD1ssLvZ0Mdn3LJYpDfKfhb4PDExScMyrlXeyL9Tlv1TXXojc39tj+gK8cpSV6nEE+uUePp1yXNZRqvhnZtlq94leaQG21B5hoyXLLRHOPqr+EJ/FV/orwAAAAD0tH4fWG0R+12N4fVq/x/LdeB/98mSkKjLTYaaPNLAlAQl2BJkeA0NSEqQxSI1Waxq9njU5DZkJBhKHpCoP733rra9+Ya++OWZMT5ia9b16r4Ri7xx1a7T2r3/v3Wg6n9U31wtWQ0leK+RdXCWTtSfkNH8SYSibEpIHS3J0P6zBwMfWyxWDazO1vnav9eEz8xQxtBsWa2deZ9b/22PqLgvK/H0m0o8/XupsUGG2gpAGLK6/iRb2u/kGZgvJQ3t5Appj4hL0F9dQfRX8YX+CgAAAEDP6OeBVSPw5890iUVTY4P+tKtM9c1eedxeXWryKinBqkEpiRqdm6kDR87I6/WaM1ukpMQEyTDk9UqyGEqyWfW711/TlOl3yp6ZGcOaLUFjsl1Nd2Ptt0dTU5MOHntXx12/lSXRpaHpVtkSJYvOSjrrmyvSTbAh6XDE6YZxVq7GP+jjszdpSHpmJx/L7J/tES1Lc60SzrwjXXK1E6TwaW6Utfp9WUbUyJs4pFProz0io7/qbvRX8YX+CgAAAEDP6+eBVcn/ogvD8MacMXLxkxqd/espNXqkerdXVouhQQMSNDo3S3dMzldqcpLK9xyVDMkiye025DG88ngMWSyGPEaCThw/rqoTlTE+XmvILPFqvAlruz1qamp0qeGAkgd8rKxhNg0cZJUtyaKuDFFnGJLhPq0LF83HdDv3eG3/bI9oWd31slw4LqM5uuw6y4VTUvOlLoyRSHtEQn91JdBfxRf6KwAAAAA9i8BqF1y+eEHNTY2SJUEpiRaNyB6qm/92tMYXZCvbnqq7p92gnGuGaN/+KlWd/kT19c1qckuN8sjtkdwer6yy6uihQ/rM3xbGlH3UHx8brKur08DUeuUkW2TPsCk5xSqL1bwl7SxDkuH16HJVY5dedtIf2yNahiEZTZLRHF0QyGi2SN6urxOh6K96Fv1V30R/BQAAACAW/T6waj4y2LmXRyQPHCRvQpJsVunTeQ7d/+V7NSYnTUZtlbzuBqXYBmjKxAJNHD9G51y1+vjMJzrruqjqmku6cKleJ89cVMWxanm93phvkq/Wl1201x6GYWhQSooGp2RoiN0mW2L3rNOiRFWdTuzSC0/6Y3tEXYZ1gIwBI6VPPo5u/sRPyUhI6WLgiPYIR3/V/eiv4gv9FQAAAICe1u8Dq1LLTU2sN0aDBg/VgIFpShxwQbff80Xdctvn1Fh9VPUNLlktVsmSoCZDSkiyKCdnkHKvvUbyetTcUCd5GnXgL2e1+CdvyvHpvEA9ouPPebo678Taa49PZTyoUaOWd8NKvFJznYz6C/JcqlbTxd2ynnxH3kGZsqSPkJE0SBarTbJGk7XUf9sjquVtA+XOvEWWMwelpsvtz2yxyjPkRnkTh3YhUEF7REJ/dWXQX8UX+isAAAAAPanfB1aD74VivTFKGpCsMePGa2jaAI2/5WZZEgZICcmyJg2SYbVJFmtg+LRmw1Cz2yOvx5CnyVCixZDH69WIkSM1ctSoTtyUXZ03Ye21hz9Dy+v1qr6+XhcuXJDNZtPgwYN18eJFNTc3y2KxKCMjQzU1NfJ6vUpLS9PAgQNVXV0tt9ut4cOHy2i8pKaTf5S1arcs7gZZB9o1JjtdFsMlz+kjch9xyZOULmN4oYys66UB6WZbtl/z7t8ZcaAr3w8/r22gmj99tyw1J5VQ+XvJ0xR5RkuCvFlj1Zx7p7wDBncpA4z2aI3+qvvRX8UX+isAAAAAPa3fB1YlrwzD26nHWyXp5qLP6k/uC7JZPLJYrbIOGKSE5MHyNiWEBCoMGZLHI7kb5W1ulLxe1dS69aVZX9GQofZOPlp7Nd6Mtd0ewYGKv/71r9q1a5fS09M1YcIEvf/++3K5XEpMTNTtt9+ud955R3V1dSosLNR1112n9957T+fPn9esL92l5gOv6WLF75WRe4Os9nxZLBZZBgySJWGAEgbnKMnrltv1FzUd2KLmQSNkjPk/kn20ZG3769If2yNahiRj4AhZCoqlpiZZT+2Vmi4FRUEsUuIAee35chd8WW779fIa/iU7h/aIjP6qu9FfxRf6KwAAAAA9i8CquvbiiBzHp9U4vkjV584pLeMaJQwYpITUwS0zBF72a8hIcJs3T9YEuQ2bUodfr5ucU2N6CUxona/OG7H22sN/A+pwOORwOAKfT58+PWS+L37xiyHL3HnnnVJTrTx/Wi/r6T8r89M3SoZXFm+zZLHK6/qLLClDZVhtslgssiYNUlLOjVLlbjXv+YWMv/2qNKygzWBFf22PqMuwJKh52DgZN39TtkGvy1q1T5ZLZyWvR0bqUBnDCuS+7gtyX/O38tpSuqnOtEc4+qvuR38VX+ivAAAAAPQkAqs+nc0YsdkS5Si4Ud5LZ+WuvyQlJishxS4ZkuFukiwW312TIa+nSWpqkMVilZGarU8X3qjk1NROZqpc3TdhkdrDn/3l8Xh0+fJlVVdXKykpSXa7XS6XS83NzUpISNCwYcNUXV2t5uZmpaWlKSkpSRc+qZH9498otfI3SnRMldFcK8/5k5I1QZbEFBlej9R4yQxaGIa8n1TJOvhTShx+vbwH35b7z5tlTFwoDcxqq8ZXfqf0oi5nVLkbZP3kuCzn/yJjYJY8+dMli02SRfI2y+JtlPXMB7Kd/4s86Tny2vPlHZQdxSPNbda483XtA+iv4gv9VXyhvwIAAADQU/p9YLXlDcKdvxFLHJAiq224GpvrlGRtVkJymiRD3qbLLekzhlfeBvPxREviIMk+RoMGZ3fhrc7dk5kTb9prD3+gwuv1qq6uTmfPnlVqaqoGDhyo8+fPq66uTsnJyRoyZIhqampUX18vSUpNTVXDqT1KPP7/ZEtJk+qOy5J6jRKGjpDF2yA1NkmyyGi+JHklWQxZklKk5suyJAyQNS1b1hPvyDPi72Tk/5+IL4jpj+0RXQFeJXxSqcS/vCVb1XuyXjpjBu+SB8sYkCZZrLI0XZLqamRpuCBZbfImD5F36Cg1j5qi5k/fLsOW3Ml6x17deEd/FV/or+IL/RUAAACAnkZgNegmrCsZLt6EJNV7PLK63UpKTlJC8hBZrUlm1pe88jY3yTAkiy1FxsAR8g4cLnMww84GKry6GrNcOmoPwzDkaajXgEvnlTN4kBKaGmVralB2draam5tls9lks9mUnZ0tt9utlJQU2RKsGmz8r1KSG2Ud/GnJaJTFWyfDapXhcUtei2RYzKbwmtl6kkWGp1Gy2GRNHiR5m2Q59Lq8js9KSYMi1Kt/tkcwq9Xaap6EMx9qwJ83y+ppkLKukydnvCyXq2X96z5Zqw/JIkOGxSpj8Eh58u+QkWqXpeGCrOcrNeDDTUpwHVXDjbNlDBwWKNNiscjr9XZQb9qjPfRX3YP+Kr7QXwEAAADoaf0+sNp9LPJYk3XhUrWGWKxKThsqrzVB8jTJcDfJYnhltSWq0T1IntRrZElIljmgIWJhGIa8Ho8aT1bqkz+WK3GEQ4lDM3T2Qq3q6+uVnJyspKQknT17VvX19crMzFR6wkUNrt8vW0qi/n979xoj13XYCf5fVd1sdvMpkZKoJ0XZMePIluPYpu2MRTLO7MTJUvB4dqgdiII1H5J4EWD9QRIWSrzSYiXI8QK0ZpHdnYU8XixkWMKsiIwzEDMbz2YcivZYsSzL9tiywNhWWw/LLYmUxFe/q2o/VFV39aO6+zZfze7fDyDU6qq+deqeqnPP/d9zzq2vXpVSyqlVjycpp5Su1FNujPxq/qvXGsOH6vUkpUqSekqVrpRe/3FKx46kfuUHLug+WIqqpZM5Pt6f7vK69HZtTildKSUZv/L6jF72Jzk59mLeHPtpRmvH01d5Z6746L/Ipm/+3+n62d9mfPsf5NhHb81rI9/LUPVoespX5tLu3VnbdU3Kld6UKj2plwZTz3gGx1/LeHUoays3pFJfc6Hf9kVMe3U+aK+WJu0VAABwtghWc3ZGgDWUMnz6RH7xwrO58t0fyiVXvSPdpaQ2PpyRt1/Lmz/9YUbHqulbuzXl5Izm/tXrrZFKy22US+f6mJhaWyqlXq6kNnQ648NDqVZrGR0dzdjYWJKkWq1mdHQ04+PjGR8fT2X05XSXB1PpqiY5nVqt1LgBT70rSSWlejn1eiM0qqWUVGupV9McCFZOxodTSlKujqb2xvOpbfmtmaVegfXRbjzD+cWp/5DXhp5KX+WKdJfXN0Zq1cczXD2W4fGjGaufTr1eTbm0Kpf0HM77f+euXPbuT2bgirX54ZsP5a2Rf0i9PpZSqSvdpTXp7dqc1V2bU0pjZNlo7XiGqq/nqr7d2b7uX6Zc7+tc6hVeHwujvTpz2qulRXsFAACcXys+WK237oB9BkFFvd44HRqvJ5VKKaWTL+f5/3gkfVe/O5dcuTWjgyfz9ks/Sc/Y0ay5entOjdWyqqua7nIp5fLiR4EtxzXZ5qqP3t7enDx5MuPDQ0nfmnT/7j9Nd3U8ldSyYcOGrF69Ot3d3SmXy9mwYUNGR0fT29ubnqHBlLtqKVXWJaWRVDKacrpTL1VSr5eTcjm1eimpllNOKfVSUivVmyPBKqmPn04p46mXSykNvtbxc7LS6qNdpdSbSmlVhsbfyND4G3Nus1ofztHhH+SZow/m5mv+1zz1yu0Zqh5te83RjNRHMzL6VjL60xl/31XuTTk9835fV3J9zLcN7dXZob1aWrRXAADA+bbig9X2ESKLCSrqSYZqpRwbLefYaHL18Fi2XnVN+tYPZeD1F/Piq/3p6unNxo1rcsWll2c0XfnPAyfz2ngp164r57qNPbmktyuVAoFFafFLHV4EOtfHJZdcktdeey1HT57Ope94d7aUJvfZpmlb2bx588TP3eOVlMvjKW+8MaUrfj+1X/77lIbeSL02kiSppTvl5s2ca/X8EGXQAAAgAElEQVRyUimlXE9jem2tlFL1ZErlWspdpVRnKddKrY+WUqmUSqknG1e9M5ev/mDGaqcyVH0jw9Vjc265WhvJaO3ElJBidqWsrmxKb9dl6S6tyYbuG1IudTfGd81SppVeH/P9tfbqbNJeLS3aKwAA4PwSrE6MbqkVDirGk7wxXsnPhyv55XBXtq3vyuZaOV313my++qqsf8eHc2JkNCmX0td7abpH30zX6dezddMl+bd/P5gXXnw1H7p6XXa/c2Ped9W6rOtZWHW07ny8PKcNdq6Pcrmcq666Kq+99trE6K5KZeYdr2cYTdaXu5KTz6W+9fbkXZ9N6dRPUhp8NamOpZRK6se+n/rQW6lXmolFM6yo16pJ/VSyKqmPl1Pv3TDLlN+VWR8tlVI1PaOv5NdHe/Luyu6crgzn1dVD+cngf8rx0f6OW67V60m9lFpt7v12Sc878+7eXbmq2pe+9KQ+koyVfpnhytWNkXvTS7zC66MT7dW5oL1aWrRXAADA+SVYzdQ7CS/USEr5yWg5r9RW5e1aOYOpZ1ullK5Lr0n9eDXV7t4Md12SoVf/95SrL2Z07a70rPtwei+9MX3dm1LJz/LT14/n1bdO5ccDb+cPfuOy/MGvX55Nfd0LKG8WFaxcLOaqj3Xr1qVWq+X48eM5ffr0vHdbTpJTtXo211ena+zV1F74PzKw9tYMdW1LV+WGrOoay8ax57O6frox7bZSTi2l1FNujDCqDiWVkZR6Sql1dad66a91CCpWZn2USqWsqr6RtS/+q3S/dSil8RPpW3VZNlz2TzO26Z/lO6/t77jdWrmWej2pjs293951yZ68+9hz6X7jYMpjR1Pv2pjRTb+b+tbPZTCdgqOVWR+daK/OHe3V0qK9AgAAzqcVH6xOrsm28L8ZT/LMeCX/kK6sXlXJYL2et8bq+fYbp1O+ZH3ef9lNKQ0O59Srf52rRv6vrF5zOoNDT+X46ffnzb5PpL7+4/knN1ya08cvyzO/OJqfHz2Rx54dzli1lv/mvVdmw+q5q2U5n3/NVx/lcjkbN27MmjVrMjw8nGq1Ou8JaXf6UjtxXTJ0LKWTP07lzWN5e/j6VNOXjT2ns6Hn5ZRyMimXU6qXUqqUGjeFqY2lVh5KVif1rnJqPdelunF7hzIvTwv5fnSPHU3Xq99IvTrYuGP58LF0D/5lrrvub/Kt4f+l49+NN0eXjQ1X5yzDNas/kK6XPp+MH08t5SQn0jX0H9N1zX+feml9hzIvT0utvfrUe7bkkt65w9WVXB/aq/NLewUAAJxvKz5YTabe8GIhXih15fvlrmzu7c7bI/W8Vq+m2l3K8Wopj//ydH7yei0frr+WG976SjauL6VUrWd192tZW/r/cmr42bx16q/z/p5P5vqdv5s/HR7JL15/O6+fPJ2/+i+v5PK1q/KP37k5PV3lBZZ7+VlIfXR3d6e7e/7Rcg0bM1j+3VROH8mq8ulc3j2QdZU3Uksl3aVkVUoplcpJyklKSeqplKqplcdSXlVPqVJKvauc01f+Tmrd6zru+BVbH9VaaifHkrTXx+n0lDdmfI4QYqxUTeqZ8zlJ0lNan/qJwdSnbH80qdWSSue1FFdsfUxzLturDau78l//+uXaK+3VkqG9AgAAzifBatsdhBcSVJwoVXK4VklXb3eGU8rLtfGcLNXSXU5KPaWMZlXePjqQsRN/nSu6f5LaNf9j6iOvpnLsQHrqr2ZVz+tZv/obOXbqO9mw9l/ld379N/PIyaFUT4/mpaNv52s/eCVXr1+dm7asTanU+QYxjXXeluOZWLH6WIiRkZG8Ofqu1Md/P5cOH8qVa45nTddoGmP5So1/9erE7iw1ltJLuZLUy6XUy/UMr78pQ5fvTr1xZjzjNVZyfdSrldSH1iT18cnfVVZnrDqc0aHOU5/Hm1Nr53pOkoyNj6Q2siGl6vDkL0vdqdfKqZdnL9dKro9257q9+qsfvJwbLu3TXmmvlgjtFQAAcH7NP8xohVjIOXE9yc9SzvFVXentquRX1VoG6uM5Wa7lZLmeU5VausdP5tI3nst1J/5D+qrjKff/vyn33pTxG/63jG/4dDK8OatGqrl8zWjW9Pak1tWV9HQl5XJqY+P53s9ez989/3pOjc49Kma5O5ujd37603/I977/o6zd/i9y+qo/yi9ObM5wdVUaIUXSqNl6Ss1/KdVTKtdTqjTCimrvVTl55b9ItefKxi2cV6C56mOsa1PGNv6j1AZ7Uhtcldrg6oxe/U/z41f+KmPDtc7/Rmqp1+pzP2e4ludf+9uMbfmDtu33ZGzT7oyV163YdQmXSnv1X/qPaq+ivVpqtFcAAMD5ssJHrE7ePbher897Y5HhUjm/KJVS7q5krFTP0dRystw43e0q1VOpjWfjL3+RK984nC3rj2V8+30pjbya8nP/a7o2viu1Kz+R6toPJANfyonadfnx6ffkif6BpJ7Ua/WUarWMjY3m+Vffzhsnt2RN9+y5d7lczuRUx+V0olasPhZq4Fe/yrPPPpuXX3klv/+J30v3pf88r574y2xd91oqpbZAqDGrNqVSM7oodWes68ocv/SfZbj3N9IYVDSzTCu5PkqlUoZXbUrlfZ9J1+prkxOvZvSS6zL0zn+c7/3oz+Zcj7DaXUu9lnnXLPz+S3+dG7bfk76sSffbv0x947Wpbt+T4fLa1GszR4Ct5PpoN3Ie2qvxsar2Snu1RGivAACA82+FB6stC5vG+VY1eatUSk+pnOF6PW/VajmdesrlpFJP+o69ng0vPJN3jf8wfV3rkxefSunqj6T2jv8ueevZlPv/n1R6VmdkZFVeXPVf5dGXT+TE0Gjq42OpjY6lNj6eerWUV46ezFunRnL9pb2zl/YsTjtdms7u+yuVyhkcPJ1XX3klf/mXf5mbP/bbGez+/awtP5uN5VdSHx9OtZbU6o3RXZVKUu7ekOHeG3Nq3c4M925PSp3XR1zJ9VGv1zNaTaobtqdn53vy1qkXcuTlr+f5Z+/JW6denHPo2PjqRggyPjJ3IPXqGz/JYyP/c9593Z6867f+22zovS4jI2OpVmcPOFZyfbQ7XtNenR/aq6VFewUAAJw/gtVMnkvNd3IzXqtndLyWkWo1o6VSTlXrGarXU07SNTycdf/wk7xz4O+z7fJj6bp+b9JdSe0Xh1PuXp36Fe9JbfN1qf/yr/LqyJYczrV5+tUTqQ8OpXrydOojI0m1nlKtlEo9Kc1xctiY3bl8T8QWWh8LtXHjxoyNjWV0dDRj42P53rM/zPved1N6et6ZzasGUh47npHxUkar5YyOjqQ6fDq9q7dl9SUfSLl77dRCzUJ9JOPj4ymPJf2v/ud89/lHMjTy9rzbrY41tjc+Nt9Iv1oGjh7JyVNH07vq0vRefWXGx8c7Plt9NFRrtYzWtVfnmvZqadFeAQAA59OKD1br9ckRI/OdGG8qVbN9fDQ/OF3O0VVdGRyvZbRWb6x89+bbubT/R/nN2s+z6dRrKf/4b5N3/qPUt/5uaiNvpn70ZymPvpmTw6vyo6H35m9PVHP87ROpnhxKfWg4Ga+nXO7K5jW92fmuy3Pl+tVzjLoptd35+GzvkQurSH0s1DXXXptNmzfnF/396VuzJi+99FI2bNiQ3r7fyFDt1/L28bdz/PjxRpgx0pOR4e6sX1/NO+pvZcuVq1OpVOYps/pIknqtlNXdl6Sr1Jt6bf6gonHDlllnK8+qq7wmPV0bU6/NHZqoj4aNqZ/z9urSvtXaK+3VkqG9AgAAzrcVH6y2Roos5KR4dSl5f7ma9WNDeXasksGxesq1Wo6XSqmNjqderWe83JN6rZTyi8+mPvCzlK58V2rv+Ehy6Y0Zf+Fv0n90Vb41sjk/Oz2W8cFaumulbOzry8YNXbl6/ep8aOsl+cgNm3Pp2lWdS1xvlfns7IGlZeH1sVAbN27MRz7y0Qz86lc5depUxkZHc+zYsRw7ejQ/ffPN/OLFF/PWm29mbGwstVotq1Z154rLr8iaNWuy+bLLFhBUqI8kqVarueLS92TLpt/IqeE3Uqt1HqVVVKW8Kldtvimb1r+r45TaFvXR0HMe2qv3X7sxH3vnZdor7dUSob0CAADOL8FqkiInY2tLyXtSzTX1am6uJL+o1fNKNTmxujdvb/m1/Psfv5yj43352Npf5rrxgZT6n0n9Vz9N/bKrc6Lck+8ff09Orr08H7n2svRVKtmwqpLLe1flqg092dTXnU1rV2V1d6VxX5KOU2tLy/xGF2c3rCiXy3nve2/K+Nh4/u7QN3Lq5Klcdtllefvtt/Pss9/LyMhIqtVaqtXx1Gq1nD7dGJJUrpRTqVTmLYf6aBgfH8+aVVfmg9v/ZQaH38ov3/h+6nPuk4Xtr3Kpkmsv/0B+61370rfq8oyNzR2AqI9J57q9unTNqvSu0l4l2qulQ3sFAACcP4LVTE4bXOiJcTnJpaXk0kpyXTkZrdczvqonpz/yW3lhY1++98Pv5+9/2Z+bL309u9e+nMvHfpX6az/PC13vyfG178wn3/eOXHLJJamUk65SKV3lUrorpZQai60l9XlO75p3Pl6eitfHQvT09OQDH/xgrrn2mrz++hvZdv31OXHyRAYGBvLzn/881ep46vV6SqVSLr/8irzvN38z73jnr6VcLs1bDvUxaWxsPJvW3Zh/suN/yg9++m/zyhvPpquyOuvXXJm1vZdn9ap1qddreevky3n75EupVsfT070277zm49m49pqUSqUMjZ7IqcHXcuL0QMZrI7l+y4dz0w1707fq6oyOjs1fYvUxhfbqXNJeLS3aKwAA4PwSrE5Y3IlNdynpLpWScrJ+w7pc8aEP5D3v3p4fPfd8/ubvn8lfv3ZF/uDKY7l+zWCePLEtl91wfa7fsinlcvksl3+5Ofsnmt3d3bn66mty1VVXp1QqZcPGjfnne2/N66+/nmPH3ki1WsvatWtz5ZVXZt269c0ptaWzXo6L08Lqo16vZ3ysnt7Ktdl50/+QlEdSLnelUurJ6Oh46vXGHl3duyovvfbd9PZsyCdv/le5fstvZ2R4NEljBNeqnkrGayOp1cZSr67O+Fh9ATeNWUm0V0uL9mpp0V4BAADnx4oPVttvdlGrnfmJUKlUyvp16/KPPrIjN9347nzv+z/M13/4XFYN17P9196RG3/9XUlyRq9VKpXTGpmz3Jzt+uj8Oo19t3r16lx33XW57rrrZn3OQvax+pipVqtlfDwplSpp7JuhKY8PD4/lsnXvz/hINVes/1COv316yuNDQ2mOiOxKvT7/qK926mPhtFdnRnu1tGivAACA823FB6vJ5MnY2bZu3brs3vmxfOD970u9Xs+aNWvmvbHIQpztaadLzbmqj3NFfcz1t53/bmRkZNF/O9/fqY/itFeLo71aWrRXAADA+bSig9XGGnXJ5FKB5+bkZu3atVNe88w11jecWONwmThf9XH2qY+lRX2cCe3Vwvh+LC3qAwAAuBBW9MJ51WotXV3lVCrllMsXz0lNqVRKuVxKV1f5nE4/Pd/Ux9KiPpYW9bG0qI+lRX0AAAAXwooesVopN2720dPTnbGxxo0qarValupAl1IpKZfL6e7uSk9Pd5JSKpXlU4XqY2lRH0uL+lha1MfSoj4AAIALYUX34teuXZsTJ05n/fq+1Ov1dHWNZXy8umSnEJZKpVQq5axevSp9fT05eXIoq3tWX+hinTXqY2lRH0uL+lha1MfSoj4AAIALYUUHq6tXr87I6GhOnBjKunWr09vb03YittROxhprsHV1NW4mc/LkcJJKent7L2yxziL1sbSoj6VFfSwt6mNpUR8AAMCFsKKD1VKplHVr12Z0dDRvvXU6tVp1ya/NVqvVUilX0tvbl97e3pTLy2eZXPWxtKiPpUV9LC3qY2lRHwAAwIWwooPVJKlUGqNEjBRZGtTH0qI+lhb1sbSoj6VFfQAAAOeb4REAAAAAAAUJVgEAAAAACloGwepADtzal96+vvTeeiADZ227T2f/Wd/m+dj20ved/X3p7bs1B5bqmx84kFv7+tK7/+kOD9+a3r6+dHh4aXt6f+O7Muu//fnOhfpszrPPl6/m/j4n733xdXlRf8bPlfbvzpQd01aHffvznYKbta/bjuHTjgutfdPb15dbCx0w2rc589+tBwYu2H5f8sc/AACgkIs/WB34Zg4cbP588EC+6WSFJWbgwK1LJzTZcXeGBgczNDiYQ/cnyZ585YXB5u/uzocvdPnOiaezf6lexHj6cO5t/Xzf4cKhHBfI0y9Ofp7a65AzdDAvvtT6eSDfnDi4F7Ulex9vtmsvPJJbkuT+QxNt3+N7t5yV0i41S+pYAwAAK8RFH6wOfPNAnkjywP33JzmYA2ctWd2RuwcHM/T43izPUzAWa8vexzM0OJi7d8z/3IEDt2bbHYsNBy6E5fa5fzr7+3Yv2eDrO4fvS7InD9y/J8l9+aZQ5OLQdhFv4MWnk+zJLXsuaImWjXsPt74EL+XFg8kte87Nji3Sjl8MLr5jDQAALA8XebDaGtFyf26+e2ceSPLEgW9OG5nWPk1z5lTNxrS8yX+Toz2mT6OdOrVw//79U6YnTkwrPNCc0nym06kH2rYzY7pih/fU/Jv2KZMzpjtOmQq+VKcjTpvG2XHa7YV57zO2O62uJur96f0TJ7r37r5YprlP/dzP+rnu25/vtO/LKZ/zRdTdlJffP/V12h6a8l2d/t2atW4HcuDWZqh68I5sm/j9AspxXjydb96XZM/e3H773tyS9lCprZy37s/+WadKz/d4+6amtlfJmU5Jnquep0/Dbq+PaXU3fQmIOdu9peGW++/PLRMX8ZrHoD07MpHP2deLdH8euD+TI7ebI4F37Gjt2Tea77Xt+3oGS4hMaccn6uxAW9twaw48faBjezTX8aR9CYNOyxgc+GyHx+eslw6fhYvyWAMAAMvDxR2stpYBuH9nPpwdufn+zFgO4Dv7d+fe3J9DE1MC78vutpOR3fclDxwazNDgC/nKnuTe3bOHLAMHPptPH5x87tan75u1SPe+uDWPDw6m/5E9ycE78tXFnN8MHMitN9yRJ5pTF/sf2ZN7d08Li/Y8kv7p72nLzdm7J3nijq8230PrpP+R3L6j8X57d9+XWx55oTkV/GA+fcOFCpU6GciBW2/Ipw+21dl9u5snnkvxvQ/kwGfvyBOtMh26Pzl4Rz57YCDZcXfjc5Dm5+YiHho15XOd+7J7/9b0t33OPztRP53qbp7vYsvBHblrlse/s78vu+9rLVtwKA8cvCPb2r7Hs9ftlux9/FAeSJI9j6R/8PHs3bLAcpwPzeDolr03Z0vz8zvrcgAHn87Wv2i1UbN8bud7PEl23J6v7Gm/8DQZ6t5ceGjyfPXc9tjgoTyQg/n0Zw9kIFty896p7WJjxsGefOX2HfO0e0vI1q3ZkeSJF1/KxKjKvTuztfW4fb1oW7fuSfJ0XhpojQS+PzfvbD16WfbefX/aR3ZPzFjZeXba1icOJLe32vEczKd3v9hojw41Xnf3vG1OkoED+ewdB9seS56447PT9u3BZO8sj8977O/wWVhGxxoAALjYXNTB6vSTqg/v7LQcwH3Z3deX/S/tzeODM086GiM8XmquyTbbOpNtI2N3JMmW5gneTK2ybNna+O/TLxY/U53+vrbcvLdthFRz7bjHt+arfX3pveGOPDHxl82T6daJZzN4vmXvzdmSyWnHe5tn9439tcSmH08JyzMZmB74ZgaW8ntvjYi87u5luYbfLVuvSzL5uW7t19b/J5mn7lrm/i5O/m0jvGqsZTk9mGpeRGmGkIur23nKcR5MLfe0z2+7iffd4TnzPZ62x1oXntpD3aIFn6eeP3z3YIYGb89Lt/ald9oyDI22rDUyt3Xxo1H+udu9peTmyc9fa1Rl8/vRYF8v1nUT5Xi6Wd6tk4F1kuxozEyZ8p4mjstnwY6tjTq6bmtzXdbmfm/9f9NC2pwn7rghvbceyNa7BzPUvKgzafJvG2FyY23ZOetlQe0rAABwvl3EweosJ1XNk5/2E40P3/7IxAnRvbunTbtrjixKkty3e47p+41RSTNO8s6xVnlbAWJjhFRrKuDuPP3IC5M35mjasvfuiRPP1gilvVOGSR3Mp29obnd3Y9TtYsLfc65VH3035NMHkxx8MS8uyffeHrJPbn+5zcTcsbVAJDRr3c3zXVyIg3dkW3MKbKP6GiPbmg8uuG7PuBxnxcxRjK2QeupyAFPNd8FmrsfbQ5rpwdCidKjnxrT3G/LpHYeaoyjbC7E3d7VCyWkXP1pmb/eWltbIyi/uvy+zBXv29SI1L6g8cWD/rOWdclFletB4FtwyJSCfT4c2p7Xfk7Y2q9jsiDnrpcNnAQAAuDAu3mC1dVLVHHnWfhIyZTmALc0RaRPTmNun5c1y5+CJac3trktjUMn5PYFpLDvQ9u/uHW2jVg51GBXZOvHcn8+2jVCa1H4X+CV8h+S2OzhP3LF+qb73HXdPbO9Q84S605ISK8JsdZfM811cgNZyCxP/2keBFajbMy3H2dC6k3xbWNwKZ2ZdDqCpMT26c9A95+MTI9w+my8uemp6m1nruRUYP5L+DqOAW6P7vvjZ2S5+dGj3lphWcPpEpwtu9vUitZb0OZgnMvvneOp7OnvLABTXuc1pjCRuLc+QpOByI3PWS6f2FQAAuCAu2mC1NWWutY7Z0JSgZPLGIu03u9iy9/Fm8LUj122ZdvOKLXvzeDMVm3kyN32K7UAO7J99jdWzYeoUzllulpQ0p0gn3/lq+3T4htaSCE8cTB64e/Lu7tOXSjizG6qcI9PXmpzt5iRL6r1PvdnTh+9urNXbClumTJVf7uasu7m/i3Obvn7ytH0+Z902L4pMOJNynD2NUYwzA5RGWaZN5Z9YJ7PD1Of5Hp/QmqLeCK0WNTU9Wdh3tHkRauDA/inT05NMTOd+4uDB5P67J8LxBbV7S0VrqYp02o/29WJtnfjCdvgct7+ns7kMQAFztjlTbl62I3c3L9ouZDTsnPUyz2dhRR1rAABgCem60AVYnFaAMHMEzsRIogPfzMDevdn7+AvJrTdkd18rCN2Tr7zQHOGx9/H059Zs2903cUJ6yyMvZLZBO1v2/kW+cuBgPr27L/dmT77yyP3JwTMMVw/ekW19d0z51S2PvJDH9+5No9i703vf9HLtzV88ciBP3NH82z3354E99+Xep1/MQHY0Tt5b69BNP+nccXeGDiW9u29Ib/NlHzg0fe2386UxjfLT7b/a80j6H5+lziZGZO04v+/9vsn93/LAocHcPuU3O3L34KGkb3dbXd6fQ4N7p5Znd1/jpluP711cwHJR2DJH3WXu7+I8Pnz3YA6lL7snPjP351BrX85Zt82Aq/mZeeDQYO4+g3KcHc2RhrOEQq3RePcefnqyHdrzSLYe7kvv7g5lne/xNhPt4wKnpt/b1jY23J9Dg3fPWc93H7o/9+6+r/nY/Xng/oO5975G+Nd4xdbI8mmjDbfM1e4tNa330NqPnZdesK+LmdhvHaf4T76ns7kMQCFztTlbZj6W+w9laCEH2jnrZe72dWUdawAAYOko1ev1+tncYH9/f67csvju/Ni//niSpPtPvnG2inRuNO8K/MChwSVxMgosN09nf9/uOUKS+R6fReuu44KXc8++Pme+s7+xzrLj7+JcNP0sAAAo4FcDA9m2bdtZ3eZdd90173Mu2qUAzrfGVL/Jm9w01jLck0L3ugC4gCaWUFns1HQWzL4+VzqP+AYAADjfBKsL9OG7GzeheOKOG9Lb15dtdxy8gNPoAYporC277Y6DyZ5H8hcarnPIvj5nnt6f3r7duTfJA4fctAkAALjwLAUAALBC6GcBALAcWQoAAAAAAOAiIVgFAAAAAChIsAoAAAAAUJBgFQAAAACgIMEqAAAAAEBBglUAAAAAgIIEqwAAAAAABQlWAQAAAAAKEqwCAAAAABQkWAUAAAAAKEiwCgAAAABQkGAVAAAAAKCgrgtdgE7G/vXHL3QRAAAAAABmZcQqAAAAAEBBS27EaveffONCFwEAAAAAYE5GrAIAAAAAFCRYBQAAAAAoSLAKAAAAAFCQYBUAAAAAoCDBKgAAAABAQYJVAAAAAICCBKsAAAAAAAUJVgEAAAAAChKsAgAAAAAUJFgFAAAAAChIsAoAAAAAUJBgFQAAAACgIMEqAAAAAEBBglUAAAAAgIIEqwAAAAAABQlWAQAAAAAKEqwCAAAAABQkWAUAAAAAKEiwCgAAAABQkGAVAAAAAKAgwSoAAAAAQEGCVQAAAACAggSrAAAAAAAFCVYBAAAAAAoSrAIAAAAAFCRYBQAAAAAoqOtCF+DMHclXP/NQDnd4dNttD+ZPd20+N6/86GfyxcPJzjsfzu3bz8lLnIHO+2V6eYu/jyP56meeyYce3pfOT2+9/s7c9fC+bD/6ZP78c4+lf9tt+fw9u7L4GjmaJ7/w5eQP78muzcnRJ7+QP3us/5zW8zl7jdY+af1/wX1zPt57MtvnY2odcCamfU8udHEWrFnuM/4+Axevzv2Mc31cah3/Wselc98fu8ja6un9i3YXYbt99Mkv5N/kD8/pZwoAYLGMWF2BDj/0mfz5k0cn/n/7vofzpYeLhKqdg+xJ23P7ww/nS2f1BORonvzC5/Jo25nC5l335EsPP3wRdraP5KvTT3r6H8uffeHJHO30JxfI1M/HzDoAgHb9j31uSj/jXCvWj1nh+h/Lnz165EKXYsFaIToAwFK1DEastsw1iqAVBm3LvtuuzaOPNWLBxoiKtAVFbdtoG2G579rH8mgzSZx3FMaRR/PHD03GjpPPn220w8zfTe1Absu+B6eOCmyNypj/PXd4TrN8/Y99OU/e2Nj2jJEe097D5OiG9lD1cL74mcPZeefD+cRAc+Tkzp3J4cPpz7bse/BTeflzs4/ueO7Rz8y6PyvmJ38AABQOSURBVGeOOGkfFXdjnpuop/48+rnP5Nu3PZg/ypdnjtqcPlJj55350r5WCSb3+b7bXs6jrX095TmdPJevfuax5vtv1U3bZ2uirmb73TRHnmlsZ+J1m+XqfyrPHd2VXZtn+bw062XmZ3C2crWqe659uiubF/A5n9zGg7n2azPr4OILtS8+C28X2r57U0YlTbsg0v55X2Bb19727LzzznP0ToGLT4d+xivHkkw9jsx8/gKPye3H9W235a6PTi3B1GPdIra58858/pqvTRkFuyjT+h9T29GZFyYnHp/t+N7qi03vJ0zsxgX0W2aMTm1u4/AzObJv+9T+7qxlnnb82Xlb9r38WB7tn6zDefsZi9gvrW21v3b/Y5/LHz/V3GbHfioAwPm3wkas9k+EqknS/9iX8+dTOnOH88XpV/H7J4OGxv9+Ll/tdKF/ekev+fw/fvRIku350M7Ga3y39fcT4doHZwlVm+X93KOZePqUE5NmeYuOcNy+L3ftbGz75WOzPH70yfz5tPew0NEN/YcPN096PpobO/Vui+zPxZht+tvhh/LHM/bT4cmTreZz5itH/2OPtY3UbdXN5tz40W1J+vPt55qvcPS5fLs/c++HTddk25TXbY3wLT69fvZyFTSjXr6c8zjYiDnM1y4cffILbe1Cfx798tfy8pQtzDLK/PBDM0eTzfEZmPoayeGHFjJqHWChfZe5jsnTZnj0P5YvLmgEY4FtHn4o/+aphbybOczS/2jv4xx5dOZsj4l2dvsHszNJ/1PPTeyXI880dtrOD84SqjbLfMajgucpc448OvX4c/ix4jNWFrFfDj/0hc59kDPopwIAnAtLbsTq2L/+eKHnd//J/9n8qTGCcqqZI7taV8kbHf3+9Oe2fP7htqvfLw/kaLa3XfWe3EYr4Dj8zJHcvn36KIGjefJrzU7w9Kv2h7+WJ3/vnuz6YGNE58sDR5Ptm6d1mo/muaf6k1lGKP67J38vf7rrWL57OFOuyjfK81j+5siuQqMrNl3TCAJb5ZhVh5EQtz98ZzJ9lO3AxM6dMkJudgvdn9Ntzq57HkymjQQ9+uTUZx35eqPzPjkaojUSYuZ+mr4225z7Y8r7a23zcL57ZF9uv/Gj2Zb+idE5R597qlGGj97YefTE5hvz29uS/v7G0gzNT8Li1m7rUK55d+nUjUwbgdsM3qe8gdnroOh3lkmT7Vcn87cLf9M86Z0ywqf9JLV5AWfGd+Kxr+fIrvbPW6fPwJEZrzH9IpLPAKw8c/e/JgPBhfZdOh2Tjz75tcYxcsaxbv4yLnybjf7amUw4bx37Z/QBv/ZkPnHPrsZyBfsmn9/qhzba2cbF98OHJ2etfLdx5T0f2p4C7fg0/Y/lzz7z2Ixfb7vt9xr9t3nKfOyZ9hlem+deu3WR+6VZotln+Oy6J5/PtPXkWx2/Dv1Ux6OVqftPvnGhiwDACrbkgtVza1t+uzmEsBUuToRfzRGEMzqLOz810dHbvOtT2fnYQzncDF+nmBileFs+MfHQ9nzitm05/Fiz47z9g9mZwzn81HM5uuvGDLycTHSacywv9yeznaD0v3IsOTrQGIU2Syd53kCwiFbgd/ih/PFClz9omjNIbGnfn61Acrb9uSiTJyL/bKK8m7PrUzvz6EOtQHuiIM39nmxvBt7zF70VGjdHqfa3wunWPmtMrcsr/Wn/rM1uc3bd83C2TBnJczhf/MzLnZcPKFyuAhuZGF07uQ2WggW2C23tzkQ71Xze0UZD0xg9P6XpeDlTvhKdPgOzvMZEW3b23iiwjEyEaPP2XSb+ouMx+dgrzQs7sxzr5ilFgW1O9tcWq7XNyYulTf2vpP06Zac1Q1tl/PZzR7NrSytIbQag87XjCz7cTw0w5y7z0WY/ta0/03ZReKHm2y+t9/3o5z6TR5PMe5H5DPqpAADnwpINVhd+5bE1MvIc3al1xgjWDjZvybWZJZidom1EwpE0gtjmMgDzl6Gz9nXMFqLVyb12y2x/0wj8drVNO5uyrtWCX6WDhe7PZPKEbME25dpZ0/Gzo3NY2TrJO5zvHvlgGmdDcywD0GZyBEtrfzeWFNi1a+ZzWydWCy/XLArv0/kZJTBzhEzx9msR5mkX5te84LPpjDaSxGcALmZn3n4trv/V6LusBI3wM1+fXIv0Sw/PskRC28X3J689nPkv0CYT7Xinp01fT32ijzHfdptlXowF9zOaofD2ffnSw/vaAufJNfxnn401Tz/V8WhFMUIZgKVgyQarS8bEzYQyOXXs2i3ZnGTqKUEr1Guf3taaQrst1zbDi4kr8w81R0t8cPu0v+90gnKkEdye6QL9R5/Mv2ufXtZRY83P2yem3E3uhzPSvj+b08Om78+JqXqtxxdsc7Zcm6S/NU26OV2uuURDI0he/Ilc/1PP5eiuxjTExvTsyXC6Nfr28EMPJZl/9G7rBGJylEWn0TKt0SiTr1mkXBNbWfQ+5cJaYLvQ1u5MtFNNmxtfis4jeuY7eW5dNJrjNQBm1Wo/OvZd5r+41Jph1Jo6vjmTy5Ms1rnc5uyB4JF8dUrfqzUatF3r4ntzHdO2C7TztuPz2bwrf3rnKzNuXjp3mZMjjcZ/Mow98vWOSzB06mfM9xqTRbwnX9qViaVm5l8m6hz1UwEAClpGwersa3w11mA6kyFZ/W3Tk5qb/OBsHb3JKeczpju1TX+fOoW2PdycHPU4/X00OqOTHe6p0+nmuPN8kk77pTW9bIZZbsDV+IPpIzAb291224P5o04vPavO+7PV+Z451a3DNnbemc9fM/WR7b93W7YdfmzmNqYs0bBIM6YyttXflOlx848ymVgGYcZ7nfzbRqA2c38VKdfC92lRk3Uw712JWYDZvqeNMHW+dqEVyE+0O9u2TV3WpNXmzPKdWNhFmlleA2BBFtt3mTSxvEmH9UIXY7Ztbtu2kDnundvq7RMXWKf3Ae9sW1u1Q1+1aaIPk2kXaM+4HU/z5qWH88XD/Xn0y0/mxnt2tV0Unq3M2ycGA8zVh5ivnzH3a2zquF7u9L52Y/s7c9edyRcX1E8FADg/yhe6AEvettuyb2f7/z7Y+Yr79n350p07p/xq220PTgueGicZSWYsA7B51z35/G3bZvx96/W273s4d03dfHbeWfwu8jvvfLjziIdZ3kOyM3fdM3UdskWbY39u3vWH2de26Z133pmpJWmE13PavCt/+uBtmVLCnXfmS2dhGYNtt93WVp5t2fdg+wjCZjCeLKxzP1s5p5xobs6uP2x/fGfumlEv85dr/n1a1ALqgLNqvnZh86572tqFnbnrnk/l2inP3p7bH55e7+3f6YWV4a4p39vbzvBzBKwUZ9532Z7bH5x6PNx3Jv2QWba57bYH80cfPcNNznZc33ZbPr9ve+P17tw59ffN5x5+pm3UbvMi7cwLtGfejifJ9n3NbfQ/ln/z5NF5ypxk+74px59tt905pU/ReNvz9DPmfI3GTTGnb3PqMe5TU7c3bz8VAOD8KtXr9frZ3GB/f3+u3LJl0X/fWivngq/Z11qP6kyn3s+ita7WfNOiuLjMnN7PSrH4NQrP1OTdsWfctfkctF3A8nPh2q8LaGJ2zuQyK/pmC9E65pyj+xpAQUvmvBGAJeFXAwONWUhn0V133TXvc5bRUgAXi8k718+9xikXl9b6pgu52QScLa11hWfeLXq+dX4BVqxN1zSXTJk+NV/fDACAYpZssFouX+BVCtbekJ2f/GRu2nhD1pbLZ2XNhMEXv5X/9KO3c8knP5nPfnRP3m0hhuXh2I/yxFMvJjd9Mnfs+3huvlzFcv5s3/dg9r08bY26nXcaNQ0sygXvf50Pl/9OPveFzY1j94SNee/HP5brV8DbX7y12bbzk/nkTVtz2VnqGwMAXOyWbLB6wfVtzc17tp7lTX4st5zdTbIUbHpvbtnz3gtdClaszdl1z8PZdaGLAXAxcexehL5c/7E9uf5CFwMAYAlxsRkAAAAAoCDBKgAAAABAQYJVAAAAAICCBKsAAAAAAAUJVgEAAAAAChKsAgAAAAAUJFgFAAAAAChIsAoAAAAAUJBgFQAAAACgIMEqAAAAAEBBglUAAAAAgIIEqwAAAAAABQlWAQAAAAAKEqwCAAAAABQkWAUAAAAAKEiwCgAAAABQkGAVAAAAAKAgwSoAAAAAQEGCVQAAAACAggSrAAAAAAAFCVYBAAAAAAoSrAIAAAAAFCRYBQAAAAAoSLAKAAAAAFCQYBUAAAAAoCDBKgAAAABAQYJVAAAAAICCBKsAAAAAAAUJVgEAAAAAChKsAgAAAAAUJFgFAAAAAChIsAoAAAAAUJBgFQAAAACgIMEqAAAAAEBBglUAAAAAgIIEqwAAAAAABQlWAQAAAAAKEqwCAAAAABQkWAUAAAAAKEiwCgAAAABQkGAVAAAAAKAgwSoAAAAAQEGCVQAAAACAggSrAAAAAAAFCVYBAAAAAAoSrAIAAAAAFCRYBQAAAAAoSLAKAAAAAFCQYBUAAAAAoCDBKgAAAABAQYJVAAAAAICCBKsAAAAAAAUJVgEAAAAAChKsAgAAAAAUJFgFAAAAAChIsAoAAAAAUJBgFQAAAACgIMEqAAAAAEBBglUAAAAAgIIEqwAAAAAABQlWAQAAAAAKEqwCAAAAABQkWAUAAAAAKEiwCgAAAABQkGAVAAAAAKAgwSoAAAAAQEGCVQAAAACAggSrAAAAAAAFCVYBAAAAAAoSrAIAAAAAFCRYBQAAAAAoSLAKAAAAAFCQYBUAAAAAoCDBKgAAAABAQYJVAAAAAICCBKsAAAAAAAUJVgEAAAAAChKsAgAAAAAUJFgFAAAAAChIsAoAAAAAUJBgFQAAAACgIMEqAAAAAEBBglUAAAAAgIIEqwAAAAAABQlWAQAAAAAKEqwCAAAAABQkWAUAAAAAKEiwCgAAAABQkGAVAAAAAKAgwSoAAAAAQEGCVQAAAACAggSrAAAAAAAFCVYBAAAAAAoSrAIAAAAAFCRYBQAAAAAoSLAKAAAAAFCQYBUAAAAAoCDBKgAAAABAQYJVAAAAAICCBKsAAAAAAAUJVgEAAAAAChKsAgAAAAAUJFgFAAAAAChIsAoAAAAAUJBgFQAAAACgIMEqAAAAAEBBglUAAAAAgIIEqwAAAAAABQlWAQAAAAAK6rrQBQAAAAAAWEruuuuueZ9jxCoAAAAAQEGCVQAAAACAggSrAAAAAAAFCVYBAAAAAAoSrAIAAAAAFCRYBQAAAAAoSLAKAAAAAFCQYBUAAAAAoCDBKgAAAABAQYJVAAAAAICCBKsAAAAAAAUJVgEAAAAAChKsAgAAAAAUJFgFAAAAAChIsAoAAAAAUJBglRXj6ae/naef/vaFLgYAwIqh/wUALGeCVVaE77Z16HXuAQDOPf0vAGC5E6yybP3wB8/khz94puPj3/rW3+Vb3/q781giAIDlTf8LAFhJBKssS+0d+h/+4Jl8aMdvT/z/jh2/PaVDr3MPAHDm9L8AgJWm60IXAM6XHW2dewAAzj39LwBgOTNilWXpfb/5wVl/bvnYx35n1p8BAFgc/S8AYKUxYpVl5/nnf5Rk9g59u1aH/hv/6etJko//7u+d24IBACxT+l8AwEpkxCrLyvPP/5ck9ST15s9za3Xqp/8MAMDC6H8BACuVYBUAAAAAoCDBKsvKu99906w/d9I+/cxUNACA4vS/AICVyhqrLDutDv0LPz+SJLnhHdtnfd7rr/8yiQ49AMCZ0v8CAFYiI1ZZllqd+uk/t7Q69dN/BgBgcfS/AICVRrDKivHKy/155eX+C10MAIAVQ/8LAFjOBKssS+3Tz254x/YpHfpXXu7P5ZdfPfH/7T8DALA4+l8AwEpjjVWWrU5re7Xo0AMAnF36XwDASmLEKivCNddum/VnAADODf0vAGC5M2KVFUOHHgDg/NL/AgCWMyNWAQAAAAAKEqwCAAAAABQkWAUAAAAAKEiwCgAAAABQkGAVAAAAAKAgwSoAAAAAQEGCVQAAAACAggSrAAAAAAAFCVYBAAAAAAoSrAIAAAAAFCRYBQAAAAAoSLAKAAAAAFCQYBUAAAAAoCDBKgAAAABAQYJVAAAAAICCBKsAAAAAAAUJVgEAAAAAChKsAgAAAAAUJFgFAAAAAChIsAoAAAAAUJBgFQAAAACgIMEqAAAAAEBBglUAAAAAgIIEqwAAAAAABQlWAQAAAAAKEqwCAAAAABQkWAUAAAAAKEiwCgAAAABQkGAVAAAAAKAgwSoAAAAAQEGCVQAAAACAggSrAAAAAAAFCVYBAAAAAAoSrAIAAAAAFCRYBQAAAAAoSLAKAAAAAFCQYBUAAAAAoCDBKgAAAABAQYJVAAAAAICCBKsAAAAAAAUJVgEAAAAAChKsAgAAAAAUJFgFAAAAAChIsAoAAAAAUJBgFQAAAACgIMEqAAAAAEBBglUAAAAAgIIEqwAAAAAABQlWAQAAAAAKEqwCAAAAABQkWAUAAAAAKEiwCgAAAABQkGAVAAAAAKAgwSoAAAAAQEGCVQAAAACAggSrAAAAAAAFCVYBAAAAAAoSrAIAAAAAFCRYBQAAAAAoSLAKAAAAAFCQYBUAAAAAoCDBKgAAAABAQYJVAAAAAICCBKsAAAAAAAUJVgEAAAAAChKsAgAAAAAUJFgFAAAAAChIsAoAAAAAUJBgFQAAAACgIMEqAAAAAEBBglUAAAAAgIIEqwAAAAAABQlWAQAAAAAKEqwCAAAAABQkWAUAAAAAKEiwCgAAAABQkGAVAAAAAKAgwSoAAAAAQEGCVQAAAACAggSrAAAAAAAFCVYBAAAAAAoSrAIAAAAAFCRYBQAAAAAoSLAKAAAAAFCQYBUAAAAAoKD/H++WkoMuiHkjAAAAAElFTkSuQmCC" height="600" width="800" />
<img src="data:image/png;base64,iVBORw0KGgoAAAANSUhEUgAABVYAAAJcCAYAAAASBf/6AAAAAXNSR0IArs4c6QAAIABJREFUeJzs3XeYVdW9//H32nufMmd6Y2aYoQ69gw2VAcEeNdbYYlDUeHPNTeINSW4wicj1JqTZ4i83ieZGgxi7KGoiRkEFK12kF2GoM2d6OW2X9fvjnBkYGBhIlGK+rzwmzNlrr732nvP4PPnw3d+ltNYaIYQQQgghhBBCCCGEEABMnTq1yzHGUViHEEIIIYQQQgghhBBCfKFIsCqEEEIIIYQQQgghhBBHSIJVIYQQQgghhBBCCCGEOEISrAohhBBCCCGEEEIIIcQRkmBVCCGEEEIIIYQQQgghjpAEq0IIIYQQQgghhBBCCHGEJFgVQgghhBBCCCGEEEKIIyTBqhBCCCGEEEIIIYQQQhwhCVaFEEIIIYQQQgghhBDiCEmwKoQQQgghhBBCCCGEEEdIglUhhBBCCCGEEEIIIYQ4QhKsCiGEEEIIIYQQQgghxBGSYFUIIYQQQgghhBBCCCGOkHWsF/BZqY81UNm8k62N29jRsotdrbupi9UTc2N42gOdGqjA05ozS07lthFTMJRky0IIIYQQQgghhBBCiCNzQgerCTfBqpq1LNz5Lqtq1lAfr8clGaIqFEopAJQCpVUyW1VgezYndRstoaoQQgghhBBCCCGEEOIfcsIGq2vrNvLUumdZUbsKNBgolGFgYQLJqlTXc8kN5OChabVbUErheA6jCkYwumjEMb4DIYQQQgghhBBCCCHEieqEDFbX123iJ+/9D7aXwDQslNLoVJWqpz0czyE/mM9ZpeNIeAne3f1BslpVazzghkHXYBkn5K0LIYQQQgghhBBCCCGOAydcutgUb+IXS+7D8RJYholOJqpopbE9hyxfBlf3v4JBeQNYtOt95m17Aw+NoRQJN8HE0gkMyC0/1rchhBBCCCGEEEIIIYQ4gZ1wwerLW15jd6SakBls/8z2HCxlcUXfS/hy+Zeoj9XzwPLfUdm8HcuwUpWsGp/pZ/KQa9p7rwohhBBCCCGEEEIIIcQ/4oQKVhtijby69XUChh8NaK1xtcvY4lO5buBV9Mwq47VP3+CR1Y8B4DMsNKCUIuHEmTzoegpCBcf0HoQQQgghhBBCCCGEECe+EypY3dSwhcZEE0HDj60d8gK53Dr0Rs4sPY24G+e3yx/mjR0LMJWFgYFGoxQ4nkOvrJ5cXH7Bsb4FIYQQQgghhBBCCCHEF8AJFaxuqN+I1h6OdjmrtIKvDb6WwlA+NdE6frnkQdbVr8NSPpRib+9VrdFovjXyG4R8acf6FoQQQgghhBBCCCGEEF8AJ0yw6mmPj2vXYCqTb464jXN6TcBQBlWt1fxiyQNsbNiM3/ShNaCT5ygg4sS4ffitDMrvfyyXL4QQQgghhBBCCCGE+AI5YYLVqBPFb/i4e+ydnFQ0EoBwpJa7P/g5O1t24Td8QLKfalu6GnXiXFH+Zb5Uft4xXLkQQgghhBBCCCGEEOKL5oQJVg1l8K1R/0ZhavMp27V5cPnv2N6yM7mZldKgdfuGVoYyuLb/lVw/+CuYyjzGqxdCCCGEEEIIIYQQQnyRnDDBapqVRpqV7JGqteYv655jcfVSAlYaMRyUVvhNP6XpJZzabTSnl5xK/5zex3jVQgghhBBCCCGEEEKIL6ITJljd15bGShZUfcTpZePpnVZA7/QSuqUXUZheREGoAKWMY71EIYQQQgghhBBCCCHEF9gJGaz2yCjmjxN+jnIdvNYarGgjOmGj3WpwHXQwB+UPHetlCiGEEEIIIYQQQgghvqCOn2BVe+h4C9hRCGSgfGlwkMpTX+MOvNWv4q2fj1O/g5jWyU2rDBNt+jHzyjDKRmGVV2CWDEcFMo/yzQghhBBCCCGEEEIIIb7IlNZaH8sF6NYw9uaFuJsX4tZsgUQUglmYuT0wSwZj9j4ds3AAWIG958Qa8Rp3opur8eorcXeuxN2zFq85DG0hKwAKo7Af/lGXYQ25COVPPzY3KYQQQgghhBBCCCGEOGFMnTq1yzHHLlj1HBKfzCXx/mN4DTvBMJK9UZWB9jwUHlqDMkzM7sPwjb4cq//ZKCvY6XS6tRY3vBFn41vY616HaDMYBhpQWmN2H0qg4t8xe556dO9TCCGEEEIIIYQQQghxQjlug1UdbyL+1gPYK14Cw0z+A+B5oN2945SBArTWKMDsdRKB8bdjlow45Pxeww4Sq17C/ugJtGujTAvtOqAUwUnfwT/6GjCOny4IQgghhBBCCCGEEEKI48dxGaxqO0L0xe/hbPkQZfkBlQxTNRilQzF7nISRnod2HXTjTrzwJtyqDckWAdoD00fwil/j6zuuy2u54fXE5v0Ub9caMH2gNdq1CZx2A4EJ3wZlfv43LIQQQgghhBBCCCGEOKEcf8Gq9oj+fSb2sudRvlTPVM/BSM8ncPZ3McvHH/iqv2vjNe7A2biAxIo56PqdYFqkfeVBrN6nd33JWCOxv/8cZ+0bYFpoACdB8Pz/wj/q6s/8FoUQQgghhBBCCCGEECe2wwlWjaOwjnb2Jy/hLH1un1DVRaXnJ0PSged13j/V9GHk9cF/2s2k3/An/Kd9De25RF/6ITra0OU1VTCb4AV3YQ2aBI6NApTpIz7v57i1Wz7bGxRCCCGEEEIIIYQQQvxLOGrBqte0m9iC34DlT36gAe2RdunPMQoHHtYcKr2QwMT/JHTlr9GRehIfv3h45/nSCJ73I1RRf3BdUAYoRXz+feA5R3wv8XicSDSK53mHHKe1JhaL0RqJEI/Hj/g6XUkkErRGIsRi//zctm0TiUSIRKIkEgkcxzno/R1ukbPjukSjUSKRCIlE4p9e47HgaY+qSJioE/uH50i4NtWRGrxjtE+cEEIIIYQQQgghhPjsHbUdnOxlT0G0EaxUtaoTw3fGzZilo454LqvfREJXP0TsrYfwj7kG5Uvr8hwVzCJ43p1EZ08BPDD9OFvew9mzGqv7yA5jq6qq+eDDD8nNzcH1PCrOPBPLsmhqauL5OXOYN28eTc0tPPTAA5SX9z3gWjt37WLhwkW8/fY7fLp1K7FYlPy8PIYNH8748RWMO+MMAoHAIddb39DA++9/QEZGBg0NDYw78wzy8vLQWrNi5ce89tprrPrkExoaGgiF0ijvW86ECROYeNYE0tK6fh4ArZEIy5avYMH8+SxfsYLW1lZQCtMwyM3NobCwG+mhEMFgkFAoRGNzEzXVYb71rW8xZPCgTue0bYcVK1fw1ttv88EHH1JXV4fWmszMTIYMHszZZ5/NKaecTG5OTqfnb6jfzEd7lpBhpVMbq2d0t5GMKTr0ZmUAH+1Zxub6LQTMADXxOi7sdTY9sspYumc5y8OrcLVDrj+HqBuj1Y7QlGjBxSFkhSgKdWNgbn+G5A8kbb+q6ZZEC99a8H1OKRrD1JP+A0Md2d9FaDT/98njLNz5HvdP+BlF6d2O6HwhhBBCCCGEEEIIcXw6KsGqbq0hseqV5AZSAFpDIB3/6H+8x6lVPoG0UF5yrsM9p3gwZq+TcLctA9NCKYX98dwDgtVP1qzme9/7HhoYO/Y0Jk6YwO49e/jG7d9k9SerMA0TZRj49wtHW1paeOzPj/P/fvv/8Pl8DBs2jJ49e5CIx1m2bBlLly7lqaeeYvz48cy4+266lxQfdK3RaJQ7f/QjIpEIpmny8tyXCAaD/PyXv+TJJ59EobB8FtrTxBMJVq5cyQsvvMBpY8fy85k/o6y09JDPYvWatUyfPp0lS5bQu08fbr3lFsaMGY1pmHy8ahWPPvoo7733HpmZWXzlK1/BcVxqwjU0NDYSj3devbl+wwbue+AB3nzjDUzT4rrrrmPs2LFkhEJs2rKZOXPm8ORTTzFo8CDuvusuzjj9wB65cTvGE+ufxWdYaK3pm9PrkPfRpro1zKx1T+JLfcdOLz6FHsCK8Cc8v/kl0sw0PDy+OuBqemT2IOHF2dzwKfN3vEPcjWEpH70zezL1pG/RI2vvs6uO1BD34ryz8z0u7XshA/L6H9Z62uxs2sUrW/+GpUzizolZtSuEEEIIIYQQQgghDnRUglWnai26tQ7lS1UDujbW0AsxMv+56j2zZPiRnWBYWAMm4W5b0v6zu+VddKwRFcxuH5YeSsfn82HbNv369SMSifIf3/wPVi5fTm5+Hk7CJp6Ikx4KtZ8TiUa57Rv/ztKlS/n5zJlUjBtHTm4OlmniuC5VVdXc/8ADzJ07lwUL5tPU2Mjjs/6M3+/vdKnpoXQKCwuprKwkKysLv8/PHd/9HhvWr2Pmz37GsGHDyMvNo7aulgUL3uK3//u/aO3xwfvv861vf4cnn5hNMNhJz1pgzdp1XHPtNTQ3NXPNNdcw/a6fkJ6e3n584MABnH/eufzgv6bx9zf/TmtLK/8143sEAoGDtgdYumw5N918My3NTQwcOIiHfvMb+vcrbz8+btyZXH/ttTz73PP8+Mc/5sabpvCH3/+OSRMndpjHVZqA4cc0DLTWmMp36N9pit/y4zf9mMpEofCbyedqGRZ+w4/GI8uXwSXlFxDcpyr10vKL+NXS37CtuZItzZ/y08W/5v7xPyMtVQVdH29Mtj5QMGfTq3z/lG8fdtWqpz0eX/c0CoUGmhLNh3WeEEIIIYQQQgghhDj+HZUeq+62xah9wiiNxup7JqCOxuU7MPL7oNuuqwy8lhq85j0dxhTk5+N4LgDpaek8/MdH2FNdzZ8efZQXX3iB5557lrvvnoFt761AbG5qpqmxiVdffpnLL7uUgoJ8LNMEwDJNSruX8NN7/puzzjoL0zRZsmQJc1959aDrtCyTtGAApRSWafKjn/yEgN/Hy3Nf4qorr2TQwIF061bI4EGDuP3fv8F9996L1hBMS2P58uW8Of+tTueNRqN87/vfJx6PU1BYyA//6wcdQtU2WVlZ/PR/7iE7O5u/PPkEj/zxj8nnZxgYRsevTV1dHbd/85vEo1Hy8vL5w+9/3yFUbeP3+7n+umv50kUX4bku37j9drZu29ZhTKaVjlIKrcFDk+vPOugz2lfQ8Ke+ThqlFBm+VOhtKJQyUCiUYRFzO1aNlmV25xvDb0ZrD5/ys7N1F6tq1rQf39O6JxnUGhbv7fmQLQ2fHtZ6ANbUrOPd3R/iN5Ihb3U0fNjnCiGEEEIIIYQQQojj29EJVnevAWNvcawyLIyc7kfj0gdSJsrcpwpSgxfe3GFIY1MjlmkSCASY89IcXnvtNZ579hkmnTWBXj17MnDAAK6/9hqKioraz0lLC3Lffb+mXyeBYptAIMDt//4NHNfD8lnMmTMH27Y7HWtZFqbPj1KKuvp6Vq9Zw8yf/ZTMzMxOx59/3rnccMMNRKNRAgE/zz//LI5z4MZcn6xew7q1awHFl7/8ZfLy8g663vz8PM6edDZ+f4Df/e737KmqOmCM1prfPPRbwuFqXM/jO9/+Nr169jjonEopvn7rrZiWies4/Pa3/9thMyxHO4ACBYYyiOvOn8/+QlZasiuEUqAUtk4G45lWOlp7uFoTMHz4jQOLtLtnFJPuy8DDw8BgW3Nl+7GmeDMeHmiFRvP0+hfw9KE3LQNwPIfH1z2NoVRb3kt9rOGw7kUIIYQQQgghhBBCHP+OSrCqW2ugvWJVJytGg51vXvT5L8ZLhm8kwzxlGHh1HasmNclQD6WoDof5/ve+T0nxwfuhQrLCc0D/rvtvlpaWkpuTg1IG27dvJxaPdzrONE3SQyE8zyMej/Pt//gPMjIyDjn31Vdd1X7umrXraI1EDhizePHiVMWpZuTIkQcc39/AAQMwDINYPMay5csPOL57zx6eevopgsE00kMhzjvv3C7n7N27F8XFxfh8fl57bR51dfXtx0zD2vul1BA0D73JV5uIl8CnzFT7AIOQmXzdP9efjaNdDKWwlEFnVdKu5ya/EiSrZPMCue3HqqM1oFNV1srio+plbGnY2uV6luxZzid1a7CUCSp5fkOi6bDuRQghhBBCCCGEEEIc/45KsJosJWyrSkwlWNH6g43+fCkDHJt9AzYd7xhA+nx+NBrXcSgtLeXUU075zC4f8PvJz89Haw/HcYgfIlhNCwRwXRfLNBk5YkSXc+fl55Gbm4v2IBJppaWl5YAxn27diuWzAEVmxoEtAPaXkZnZvkHYzh27Dji+cOEibNvGdV1OPvkkCgsKup4zPZ3yvuVorYnFY6xZs/fV+zQzmPymaI1GtwekXUkzg3h4aK1RKAKpHqutbgRLmRhK4em2itiOqiNhmhPJZxUwfIzpNgqAuJtgd+seTMMkGY0m/zN73TO4qYrYzkTtKH9e+ySWsjBVskJWKUU4EkZz+JutCSGEEEIIIYQQQojj19EJVpXZ8WfPxms+Nv0mdbQBve+r3J4HZscNktp6ozquy9AhQwjts0nVP8vTmmg00n4dy+p8/zCtk71ClVIEgkHy8w/+yv6+687Py0vFfxCLHRja5ufn47rJANJzu36lvaGhHmWoZJ9Rf8fn5HkeHy1ejGmaOI7DaaeNxTTNg8y0zzotKxkAa43j2DTvEwD7Ut8VDR02oepKhi+tfZMpRbLyFaAp0YJlWKljBtZ+rQCaEy3MXvc0Go3jOdwyZDK5aclqatdzqInWAnBR7wsImgEsZbK4aikb6zq2j9jX+7sWs7npU/rnlHNZ+cU4notCUROtJeEeXmsDIYQQQgghhBBCCHF86zzV+4ypjHy8hh2o9oBV4W77CF//s47G5TvwwptSe7SnamgNg/03eTdNE3SyY0B6ejqm+c/lz1prGhob2bRpM0/85Qmqq8MYysAwDfy+zne9V0rR2NyM3+/HMBTGYQSWnudhOzaGkdysKRA48DX6k08awx9+/3tMy2Tb9u1dzrlp4+b23qUDBgzocCyRSLBlyxYMw8A0Td6cP5+mpmbq6mrJzMomEPARDATxtEcsGicWjxGNRulWWMiSpUsxTZPW1gQtzftU1qbeyVep/3p244t0SyvANCyanRYMZRI0gxgYRL0YrmcTMtPYHalCKaNDuApgpOZr+40n3ARBM0BTvJl1dRt5fO2TfNq8jdxANpMHXc+5vSe2LyViR2lMNOF6Dl/qfS5+w8dTm57HMiz+uHoWvxg3I1XNulfUjjJr3ZNYyuQr/S8jZIV4euPzmMqkKdFE1I62V9MKIYQQQgghhBBCiBPXUQlWzW798bYvA5IhlDItnHWvo8f9GyqYfTSWkOTauNs+glQYltxUyEPldNxsSalk9Ko1GEbXgeb+6usb2LptK5u3bGHD+g1s2LSRutp6EokYfXr3IS8vj7raWswuKlbbqlYNw6C1k9f69+elzmm7h8xOerKOGTOGvLw8GpsaefONN7lx8tfwHWQNTc3NvP3OWyilKCkpZtiwoR2Ot0YihMPhZJCrFDU1Yd5Z+A6h9HTSQyECgQDxeBzLNPD7/TiOi+M6bN6yhV69etGzZw+01pSU7Ne/NtUC10DxafM2qmJhDEz8ph+fYeF6Hgltg/bQ2iPNSqMh3rj33APm0qmK0TA/fu9/yPZlUBWtoS5Wx8iCEZzdcyKnlZxEaUZJh1PD0RocXPxmgAx/Ohf2OZdnNs3BNEzW1W/g4/AnjC7q2Kf2lS2vsTtSxaiC4ZxcNJotjVsxUotqsJsPa+MrIYQQQgghhBBCCHH8OzrBaskwbP303g+Ugdccxt6wAP+Iy47GEgBwG3fi7loN+74Orl2M4sEdxiX7dKb+7B1+ELZz1y6eefZZnnnmGerrG+jXrx/nnnsuk2/4Gj16lFFaWkosGuX6G75GXV0tluUjEong93ddwajUgZsuHTAGUpW2Cr/fTyweI5usDmPycnOZMWMG37njOyxZuoRXXnmVyy+79IC5PK15+OFHqKmtxTRM7rrrrgOCWp9lkUj1iI1EIkz/yV2MG3dmh7UahtEhJG4LfoH2Pyc309pHarMoUNwx6nb65vTu8t5Xh9dy5/v/zQHJqgadCldzgnmAYmXtaixlYZkW1w64goH5nW86Vh9rwHFt8kN5GIZBQSCfc3pM4M0d72Aqkz+tmc19BUPwpVpJ1EfreWbTiygFNw6+DtMwyfRlglIowHYTNCWayUvL7fR6QgghhBBCCCGEEOLEcXSC1e7DwRcEz937qrcVJP7WA1jlZ2KkFx6NZWB/8jK4CbCCJBM3DcFsjP2CLs/zkq+Tq2TAeDhWr1nDlJtvpqqqmp69evF///dHTh4z5oDX8ZuammhtbQUgEAig9g8VU5RS7ZtGHS7TNPGnNrzy+XwHDWO/dOEF1NffzQMP3M+dP7qTpuYmzjv3XHJzctBaUx0O86c/Pcpjjz1GXl4eP/rxjzh74sQD5tGAlWplYJkmkUi00x6rbb1i2+/rsChc7eI3Om+VcKBkVeoBn6pkr1YPTZoV4ocnfYeHVv6BNXXrcFyHXy9/iF+cOaPTsHN36x48NLnBbAJm8vd4Vf/LeHvne2g0nzZt492dH3BWzwoAXtj0Co2JRs4oOo2Becmw1m/6CJlBYm4crT3qYvX0zu55mPckhBBCCCGEEEIIIY5XR2XzKiO7O0bv09DePjuyGyZEm4nN+xn6KGzo4zZsx17yFJh+2jpu4rmYpcMw0jvuZO/tW6V6GOFmU1MzU6bcTF1dPd1Lu/PE449z5umnd9rj1LEdHMfB8zQBv699o6z9aa1Jz0jHcZwD13QQhmGiANd1sSyTUFrnm24ZhsHXbvgqDz74G5Qy+NnPfsYNX5vMLV//OlNuuZWvTb6R999/n+9OncrLc+dy1RVXdBqIpgWDlJWV4rrJwHznrh1drrErer9X5R3tHGRkR452k39QbfOkqmF1skrWAGJOhOKMbtwx+t/J8icreasiVdy3/LfYnXwHd7TsxkCR7c/CSDXiLc3szkW9z8f2bCxl8fj6Z4i7Capbw8z99K/4DD83DLq6vfeqUgaZ/qzkN05BVaT6yB6IEEIIIYQQQgghhDguHZWKVZRJ4ORriGx8a58PNVh+3I0Lib/5C4Jn/yAVen72dKKF+Os/QztxlLlPBaR28Q0+v73naptkiKkAdVgVq2/Of5PqcDU+y8dVV15Fzx5lhxzveS6e52Ga1oGvwacopbAsH45t4/r9ZHTSL3V/8UQc27FRCkzDxLIO3h/2w48WM+Oee5gy5Wauvfor+P0+wrW1aK0pyMsnNzeHYDB4yOv5/X5Gjx7D8mXLQSnWrF3f/sr/P8r23GS1cOqxO+7hBasRN3nfmmSQaqdC/IJgPrZn4zN9KCDqxChOL+Inp3yf77/7EyxlsTK8isfW/IVbh09ur3p1PZc9kSo0mvxgfnuwCnBh73N4dds80JrqSDV/2/J3drbuIubGOL/n2ZTn9m0fG/IFyfRlUhWpxkXTnOi6V64QQgghhBBCCCGEOP4dlYpVALN0NFbZKNg/KLN82MvnEHvjF+hE5DO/rrajxF7/Ke7WxfuFqh6EcrH6jjvgnLbqUKXA8w4drGqtWbjoXQKBIChFWWnpIccn7ASO4+L3+4nGoh16ju6/hkQikWqdoAmFOq8+3ZfrONi2jWVaaDTxVP/T/YXDNXxt8tdwbZtvffN2evQoo6ioiGFDhjB86FBKSoq7DFXbfPmSi9EqGbLOn/8m1dXhwzrvYFrdaPIPSqFQNDuH951wvAQKAwPwtEfUjQHJClhN8nmaysSnkn+XMDC/P18feiNxL4Hf8PHilldZtOOD9vmiTozqSBiFQbY/s8O1umeWcH6Ps7G1i9/0MWvdU7y5/W0sZXFJ3ws7BMs+w0eGP5TsGas19fGGf/zhCCGEEEIIIYQQQojjxlELVpXpJ3DWtzsPEi0/9sq5RF/8Ll7Nps/sml7TbmIvT8Ne8waYHXt1asfGP/ZGVCe9NR3XSdUtpran70IikUiN1zQ1Nx1yrM/y0drailLqoNWqAI7j0NraimWZaA119V0Hclrr1Gv5yQ4GiUTnLRbmvPgitu1QUFiAz/fPFS0PHjSIcyadTTwep6Wlhcdnzz6i82tqajp8J/yGiac9FJCMRA+vz2zICqbaBiT7qSa85L3XxBrwGSZKJdsFtH0OcFHf85lUNqE9XL1/+W/ZXP8pAHWxehoTTSgDcoI5B1zvy+UXEjQCqU4RmoSXYGJpBeU5fTqMM5RBlj8LjcZQiqrWMG5b2wIhhBBCCCGEEEIIccI6asEqgFk6Ev/pN4Id6+SgD3frUlpn30JiyRPoln+8F6WOt2B/8hKRv9yKs2lRx0pVFHgORn5P/COvPMgEGk8ng7B4InHQqlJIvrI/ZvQoEokEpmHw9oK32vui7i+eSHD//ffjOA6u6x6yFYDjOMTiMZRKvtoejXZduRmLxYnF4niexjAUmZmdtw+Ix+NYlsXateuY+8orhGtqiEQiOI5DJBIhGo0Sj8cPeh/7MgyD6dPvIisrC9M0+eP//R9PP/tsl+dprXn2uef53R8e7lDhGXcSqNTr/JoDe64eTH2sERMD0GgNPpVsg+DoRCqaVSTcBMY+1zKUwa1DJ1OU1g2tPVzt8tPFv6Yl0UrCTZDwEiityEn1Y91XSUYxk3pMwPbs9k3OvjLgsg4tA9rkBrPRaBQGVdHqw25vIIQQQgghhBBCCCGOX0enx2o7RWDszbjbFuPuWo2yAuytSNRgWuDEib95H4mlT+EbcQlWv4kYOWUoX9qhp/ZcvMadONs+wPl4Lm7VekClKlX3CUa1C1qTdvE9KH96p1NlZ+fguA6mYeLYXW+sdeEFF3Lf/Q/gui6Lly7ld394mK/fcnOH1+nXrVvPjP/+b4YOHUrfvn3Ztm0rlZWV1NXX072k5IA5HdfFTtiQChkPVn26r1B6iEQ8jtYaz9MHDYQnTZrIbx56iEQiwZ3T7iQvP5/s7GwCfj8a8Pt8BIJBAoEARUVFDBk8mDPOOJ0+vXt3Ol9JcTF/fOQRvvGNf6Ourp7p06ezY8dOrr/2Gkr2u7eEbbNmzVr+9OifePHFF/nD7//Q4XjcjeNpD8swUdqjxY52ed8AlmFiawe/Sv4zcjkcAAAgAElEQVS+GxJNlNKduJsKxlUyWHX32wQsO5jFf518B1MX/gif4SMcDfP7j//EoNz+aK0xlXnQnrFX9ruEv1fOJ+7anNxtND2yOu+tGzADGBgopaiL1RFxogSsAzc2E0IIIYQQQgghhBAnjqMcrILyp5N22a+IPHEzuqk6GaZ2GKDA8qObq4kvfJjEu49idOuHWTwEo7AcI7sErGCyV6tpopurcOsqcXevxtuzFuKtgAKjk1vTGu15BC+Yhlky/KBr3L17N67jELdj2IlEaqOpg28EVVJSzK9++Uu+c8cdaK158MEHeHfRIk4bexo+y8fHqz5m2fIVTP3P/+Taa65mwHMD+K8f/pC62lpu/fptjK+o4Morr6R/v/L2OWPRGFVVe9r7pLa0NHf5bOvr60nYCeyETUN9PZFIlLS0AwPpIYMHc/999/Gbhx5i+/bthMNhqqqqkm0EANM0SGaRCkMplGEQCAS47rpr+c63v02okznHjB7FM08/wy9//SveeONNHvrNb5j15z9TMX48ffv0IZSeTmNDA4uXLGbVqk/o3bs3f37sz4yv6Njj1tMenvbQmGjAdjvvE3vAvccaU9WiKtlKIJUpGxg42iWgTOKeTX28gaxAx56pA/L6MWXwV3l07RP4TT+Ldn3Ah3uW4Df8eHhYnX2XgG7phZzbcyIvbnmV6/pf2Wm1KkC6lU5yWy1F3E1QE60jt5P2AkIIIYQQQgghhBDixKH0od5z/xy5jTuJPX07bsPO/V7V74TnQXL7HyAZ+KEUuq36MFWRqJSR2uypE1qjPYfAhNsJnDYFOPjO9Rs3buL5F+aQX5CP6zpMufFGAoGuKwxXfvwxj8+ezQcffEhdbS2GaZKdncWkiWcz5aYb6ds32X/TdV1eefWvfPTRRxiGwcknn8T4igpyc/f2e91TVcWsWY9TUFBIdXU1l1xyEUOHDDnk9Tdu2sScF1+iIL+AcE0Nt94yhfy8vE7HNre0cN/99/Pkk08ycuQoBgwcQElxCfl5eTQ0NFBVXcXG9RtZvnIFjuNgmibRaITrr/8qM6bfddCg2XEcPv54Fa/89a+8u2gRu3bvxnEcLNMkLRTizDPP4KIvXcQZp4/tdEOunS17qGqtwmf6cDyHolA3umcUd/nsNzd8SkuiBWUYuK5Dn+ze5ASz+bRhG42JJgzDwPVcBucNIGgduDFX3E2wrGoFISsNn+kn3QqS8FxanVb6ZPUiO3BgOwCApngzm5u2MrJg6EGD1epImO3NO/GZPlzPpW9274POJ4QQQgghhBBCCCGOvalTp3Y55pgFqwBeQyWxV+/G3bESLB+kemQeiqZjJLr/z51fKFmJGZj4bfwnXQ8HCcAOek2tD/o6eGdja2pqCYerSQuF6FZYSHp65y0HjpUPPvyQaXf+iPy8fO6+ezoD+vfD7/cfMM62bTZs2sTPf/4LPvroQ3w+P7FYjLkvvcSQwYO6vE5ra4T6hnoaGxtJS0ujID+frCwJFIUQQgghhBBCCCHE8e24D1YBdKyR+Ad/wl78ZLLydP/WAIc7D/sHrKl95V0HI7MbwS9Nx+p12j+/4BPc2nXrufiSSxgwYABP/eUJsrOzuzynqamZm26+mTVr1mDbCaZPn87kG244CqsVQgghhBBCCCGEEOLoO5xg9chKNz8HKphN8Kz/JO3a32L2GAWe015hekTz7PuDBlwbPA//6CsIffWPEqoC8USCu6bfhW0nmPrd7x5WqAqQlZXJ9ddfh23bmIZJTU3t57xSIYQQQgghhBBCCCGOb0d986qDsXqcgnnVMNzNb5FYOQd3+8pkwKpMtFJdv4qvNehUz1XDwBpyHv7RV2GWjv78F3+C2Lx5C6s+XkVWVhZ9+vQ+onN79uiJaZo4jkOvnj0/pxUKIYQQQgghhBBCCHFiOG6CVQDlS8MadCFWv0m4e1bjbPsIZ8u7eOEtyUpWndzASnkuGMkd4JObVSmw/JjdBmD2PhVrwCTM/PKDb2T1L6quro6EbeMPBA5rM64OFKA1lmXRf8CAQw71PI+du3ZhJxKkp6dTVFQEQDyeIFwTxnWTFcnZWVnk5OSgtaaqqppEIoHWGo3GNE26l5TQ3NKCY9sUFBQAUN/QgOs47T+3SSQS7N69G9d1yc3NIzc3p/1Ya2uEcDgMaPLy8tr7vNbV1eE4Dt26dQOgoaEBJzV3TW0tkdYInvZQKHJyc8jepz9sa2uE6upqDENRVFREMBjEcRyqqqpxXAd0st+uP+CnpLi4/S8G4vE44ZoaunXrht/nw7ZtqqqrKS4qwrYdwjXh5DPQmrS0NLoVFnb4SwXXdamqrkZrTUlxMYZh0NraSrimhrzc3PZ7cxyHnbt2UVJc3N4/NxaLUVNTS/fuJRiGkVpvFcXFxe2bkTU3N9Pc0kL3kpIOz9d1PaqqqojHYwSDQYpT95RIJNhTVYXWGjR42iMzI4Pc3Fz2VFVhKNU+trm5mbq6evLz8wgEAlRVV+O5LlonvzMZGekUFBRQVVVFRkYGGRkZAITDYdLS0nBdl7r6eizLQimFY9sEg2kUFxcd8vsohBBCCCGEEEII8Xk4roLVdlYAs2wMZtkY/KfeiG6pxquvxGvchY42JEMrO4bhD6HSslG5PTHyemGE8sA6wsDwX4jP78MyTRKJBA0NjZSVlh72uZVbK4nFYowaM5qB/fsddJxt2/xt3uts3fopubm51NXXM2LYcM6aMJ76+jqeff55cnNzwdM0NDbypQsuoLy8L3PmvoRlmmRkZOJ5HmnBIBdecD4fr/yYJcuXc9stN5ORkcHixUtobm7iyiuuaL9mIh5n7iuv0NTSgmmY1NXXccWll9KrVy/27NnDnJfmYpkmls9Hc3Mzl196KT16lPH+hx9SV1/P166/HoAVK1ZQU1vHVVdewVtvvc3O3bvJzcnGsR2i8Rhf/tJF9OjZg5qaGp59YQ5+n0UinsDy+bjumqsBeOb558nJziYYDOB5Hnk5uRSd1609uKyurua5F+bw1euvo1thIY2NTTz3/Avc+LUbqKmpYe6rr1KUCnrr6uoYOWIEFePGYRjJrh2xWIyX5r5MS2sLt06ZQm5uLu++9z4rPl7JmaefzplnnAHAxo2beOGll7joggsYNWokAFVVVTzz3PN86YLzGTp0KM3NzTz7wgvcetNNZGRmorXmb/PmsXVbJf926y3trSISiQR//dtrbN+5g5ysbMK1tQwbMphzzj6b2ro6nn72ObqnQl7P8+jbty/Dhw3luedfwHVdbr15CllZWbz19tusXb+B8845m7LSMp559jny8vIIBPzYtkPfPn3Iycnhb6/Nw+f3c901V2OaJm/Mn8/ggQPx+/0sWbaM1tZWEgmb3JwciouLKC4+97C/x0IIIYQQQgghhBCfleMzWN2H8qWhcnth5PY61ks54Q0ZNIic3ByqqqpZvnw5w4YOOazzYvE4jz/xOMpQ/GjanYesdl2xYgWVlZVMvuEGMjMzqaqq4slnnqV/v3KCwTS0p7nyssvIyMjg7XcW8s6iRZSUFOM4DmdVVDBo0KDkRBqUoQBNLBZj4aJ3ufCC81GGQu23TVlNbS3btu9g8levp7CwkI8WL6axqQnXdXnt9b/Tt08fJp41AcMwWLZsGS+9/DK33jwFn+XrOJdSqWtCwk4wasRwJowfj9aal15+mfc/+pDSslL+9tprDBrQn4px40gkErw273VqamspLChAex4XXXgBhYWFydvQuj0U3XsZhd/na7tke0Wq52lCaWlcfdVV+Hw+Nm7cyMuv/pWRI0aQk7O3Atfn8+GzfOzatZusrCx27dpFwB/A83RqHo9Vq1dTUlTE8o9XMmzY0GSVJ8mWGm/MX0B5eXl72NvWobi+vp7q6jDZ2Vms37CRU085GYDlK1awe/dubkz9Tnfv2s1HixcTj8dRgGkYXHnF5R2+F5FIBNNMVsXW1taSlpZGVVWYQMCf7NqR2jPvyxdflAzaUzzPw+/3sXV7JevXr2fIkCF4WuN5msGDBzNw4EDeffc9duzaydVXXonRfg9CCCGEEEIIIYQQR9dxH6yKz05mZibf/94PmPq973LvffdxyiknM2jgwEOeE43FuOvuu1m6dCk//OG09rCtM1prNmzezOiRe4PA7t2706OslPUbNjJ82FCUYVBfX08sFiMcDpOVmYllWQR8PpauWEnljh3J1/MLCznl5JNxPU2vnj3ZvGULlZWVZGZm0tTQ1OG6eXl5dCss4NnnX6BXzx4MHDCAvn370tzcTG1tLRecd2776/BDhw7lvQ8/pLo6jGF0Esol8z4sy6Kqupo1a9biui7h6jCnnXoKzc3N7Kmu5sILLsCyLCzL4orLLwOguakZ0zRZuOhdMjIzcByH3r16M3TI4PbplWGg0by9cCEBf4BINIKnNUopDENh2zZr164lEAiwZcundOtWSCgU2ucZg8+y6N+vH7v37KFbt0JMy6K4uBjXdYBkpWttbQ3XXXMNTz7zLHv27KGsrAxPe2Tn5OD3WSx6911OPukkLNNs3/nt41WrGDJoEOXlfXn1tdcYPWoklmWx6pPVjBk9mqysLGKxGKH0EBMmjMeyLLTWeNrjjTfn4/P5iMXjnDW+gmAwiGlalPctY/v27QSDQQJBP2mhIJ7npu7X4O13FhIKhbBtmyGDB9O7dy8Mw2Rgv3689c5CSktLSQum4Tg2SqlkGJz6XysVTgshhBBCCCGEEEIcCxKs/ou54vJLqaur5Ze/+hWXX3ElP585k/HjK8jJzu7Qy7O5pYVPVn3Cffffz/IVK7j77ruZcuONXW4i5joOltXxa2UaJradSP2keeVvr2EZBlnZ2e2hp+NpMtJDdCsoxHGSr3lDsrVAr549GDFsKG+8OZ+yslJMs2MFaDAY5KorrmDjxk1s2LiRF19+mfFnnkl5eTlAh4pRpZIVr57nYhgQ8O8TzmkwUnMbhkFjYxOfrFnD1q1bmVBRwYgRI6iurm6fZ39tIWN2Vhb5+fk4rkNmRnqn40LBNNJTx3Rq0zWlFI7jsmXrNjZv2UJJcTFfufLK9lA4OQZsx6Fnjx6s27CeVZ+spntJCfF4nLaEdO26dWSkp6O1Jj8vl6XLl1NWVoZCEfD5OPfss3luzhwy0tPx+/0YhoFt23yyejVjTz0Vv99PpDXKnj176NGjB4l4HF8qxNywYQOL3nsP23a49JKLCYXSUSjy83IJBALYto1lmmitcV2XPr17s3HTJhK2Tc+yHtTV16WqVTWe1mRnZ5Gbk4tt26SlBYFkH9pTTz6ZjZs38dY7C/E8r0MI3vbok593/C4IIYQQQgghhBBCHC0SrP6LMU2Tf7vt65xyyik8+thj/PjHPyGUHmLQoEHk5+XhoWlqbOTTT7fS3NTE+LMm8D//cw8Du9iwCpLBYGn37qxZu54xY8bg8/loaWmhcscOzj/nHAzDwFAGl15yMfl5ee2hXjwex3Uchg0dSr9UGNpGa000EuX0sWNZvXYtK1etYsjAQR3GrFu/nsrt2znvnHMYMWI477//PqtWr2HYsGH4AwE2bdrcvkHV9srtOI5DYWEh1eEadu3e3T5PNB5De8mQM5FIMGjgAM44/XTenD+ftevXMWrUSHJzkwHirl27yM/PR2vNa6/NY8CA/hQVFaE9zamnntK+idT+tOehlMFpp51KVlYW9fX1rNuwPhnKeh5paWl8+eKL2L59Oy/OfZmqqip69drbBkMDjuuQnZONZVosWbaMy758CZs2bsLyWdi2zZq161BK8fKrf8VxbHbs2EkkEsHn8xGNRSnsVsj4ceOY9/e/kx4KYVkWe/bsIRqNsWbdetau30Ag4Gf5ihX06NGD/v37s37jBkaOHMGIESMoLi7hL08/RSJhEwppUIrTTjutQ8jZ3NyM47rk5iZD05WrVnHZJZdQXRNOtQJI/m7HnnoqofS94bPrurieB0oxftw4/vjoY9iOQ7++fTo8AyGEEEIIIYQQQohjTYLVf1FjRo9izOgH2L1nD1u3bmP79u00NDSQlhYkGEyjZ88e9O3Tp71X6OE6ecwYNm3ewjPPPkef3r1Zu349hfn5DOjfj5raWjTJCtNgMNh+jtbJcG7J0qXs2VOVfKVdw8knn4RhKOKxOKZpcs6kSTw6axbxRKLDNUuKinnl1b8SiUTpXlLMshUrGTlyBKFQiHMmnsUrf/0bzS3N+Cwfy1asoOLMM0lPT6dP7168s2gRc195heysLFavXsPFF30JSAariXgcpRTjzjyTRx59lPnzF3DBBedz/rnnMveVVwnX1NDQ0MjmLVsYO/Y0dOqV/rffWUhOTg6u65AWTGPMmNHtFZ+e1mjPIxqNkZWVheM47SGj53m4roPruvTu3ZsRw4cz56W53DLlJjIzM9seFrFojGAgQGn37mzaspn8vDxWRiIUFBaybds2otEot91yC/6AH8dx+PPjs1n58SpKu3fHcVw812Xo0CEsX7mS2tpa4vE4H3z0EaNGjeSs8eNRSlFTU8OsJ55gfEMDZ5w+llmzn+DJp5+hvE9fKndUopQiNzcHz/PQ2mP+/AUEAn4c16W4qIju3bsTj8cJBgMUdevGnqoq8vLzaW1pxfM8kjvQaRa8/TZZWdm4rkNmRgZDhw5Fe26q5UA6Z00Yz19fm5c6J8l1XBzbPvIvvRBCCCGEEEIIIcRnyLz77rvvPtaLEMdOZkYGPcrKGDp0CCedNIaRI0YwdMgQykpLSU8/8DX2rgSDQfr3KycaixGuraVvn96cNWECgWAQ1/WwLJOeZWXtQWMb0zCxLItEIo7retiOTc8ePQj4/WTn5FBQUEAoFCI9FKKgoICiVAVq2zX7lZdTW1NLbX0dQ4cM4aTRozFNk8LCQspKu1MVriGeiHPm6WMZPnwYSinS09PpWVZGdThMNBbj1FNOYdDAgSil8DyP4qIicnNzsSyLsu7dqWtooKy0lKKiIkqKitm5axehUIgLzjuXgoKC9mAVBbadwLYdDENRVlq6d6MorbF8Pnr26NH+ir9Sil49e2JZFsFgGj3KyjAMg+7dS3Ach1AoRPY+FbCGYdC9pITMzCwyMjIoL++LRpOfl0c8Eadvnz6UlnbHMAwsyyInJxlcFhYWkJaWRklJCT6fj+4lJQSDQYqLi2hqbuak0aMJhUIYhkEoFEIpRWZGBnl5efTvV45t21SHw3Tr1o1JEyZQWFjYvgmVqz0c2yZhO4TS0igq6oZpGvTp3ZusrExycrLp3asXWmtKiovJyspur3C17QS242CaFmWlpRimSXFJMRnp6eTn5WOaBmWlpe1VwFprsrOzKS4u7rI1hRBCCCGEEEIcT8LhMIsWLWLBggXMmzePdevWUVNTQ3Z29j/0/8H/Wcn9VH5Iz5496d69+1G/vjjx3XnnnTzwwAM8+eSTfPLJJ5x99tnHekmfmddff73LMUq3JSNCCCGEEEIIIYQQ4jMXiUR44oknWLhwYftn+fn51NbWtv9cUVHBV7/61Q4bGH/eHn74YRYtWkRFRQVf//rXj9p1xRfDd77zHZYvX97hs9GjR/Pggw8eoxV9tqZOndrlGAlWhRBCCCGEEEKI49DaRyczs/Im7p0+ic6atHV1/JDC85kxdSEV905n0hGeHJ4/g6nbrmbWlMGf63W+KLZt28bMmTOJRCKMGzeO888/v8NeGtu2bWPevHksWrSIUCjEtGnTOhz/PCxcuJA5c+ZQU1PT/llBQQGXX345FRUVn+u1xRfH4MF7/x3wy1/+kh/84AcArF279lgt6TN1OMGqbKkthBBCCCGEEEIctxbyv48eGFKE589g5oJjsBxxRCKRCDNnzkRrzT333MNtt91Gr169CIfDrFu3jnA4TK9evbjtttuYNm0aWuv2EPbzMnv2bB555JEOoSpATU0NjzzyCC+88MLndm1I/oXAjPnhAz6bPPlROnzTw/OZMXkG+w3dT5j5Mw6c77iz9tED7+9o2vdZHtZz7dp7771HY2MjjY2NjB8/nnPOOYfx48fT2NjIe++995ks+0Qgm1cJIYQQQgghhBDHq54VVFR+wFoGs7c2LMyqhTBxYjkLKvcZu/ZRJndIWycybdYUBpMMrj7odROVjz3GZsq56Uf7VSWmzi2/6V6mTyoE1vLo5Jm0zzZxGrOmDE5Wqz62GZjJ5MqbuHd6Ca9MfoZe0ypYOPMxNgOUH6KK9hBrJLXOvYf3PRZm/oypPLY5dehQ1ziOzJ49m0gkwj333NNehTp79uwOvRsHDRrEHXfcweDBg7njjjuYOXMms2fP5rbbbvvM17Nt27Yu+0a++OKLnHTSSZ9b1WxBr3I2L1xFeFLb7y/M7spyyssX8MHaKbQVQYZXLWRzeQW3H++/5H9Rr7/+Opdccgn33nsvAK7rcu+997Jr1y5ef/11zjjjjGO8wqNDKlaFEEIIIYQQQojjVgnDKyr5YN9St/AqFlLB2H1zr7WPMnlmJTfdO4tZs2Yxa9Y0JrKAmftUuy54bBtXz5rFrFnTmZTX+bn7hqpMa5vrXm6qnMmM+WEKJ03n3pvKk0Fre7C5mcdmts09i2k9H2PqjPkcUBDXxRrD82ckWxuk5rn3pkpmzphPOBWqLqy4N3Ve6hqdVPIeT9o2qho3blynoeqgQYNIS0tj3bp1PPzww0Dy1epx48axaNEiwuHPvgpz3rx5hzVu316wn7XC4RWUb95Ge71s6vt8dUU5lbv33nPNts2UVww/7sPzE07hJKbP+mxac1x88cXYtt3hn8/jLwSOZ1KxKoQQQgghhBBCHMcKh1dQ+cpa2kr5wqsWQsXtFLBP+DV4CrNm7XvWYMZOhA7dAiaO5YCuqDXzmTFzAROnzWoPWsLzn2HBxGnMah9cyKTbb2Lh1FdYO2kKBZ2sceK0vVWngy++ifKpC1kVnsSkDks61BrX8spjm5k4bXp7kFY4aTqzJgFrH+UxbuLefZKgwVOmMXHyM8y/+Pjt3bps2TIAzj///PbPKioqqKmp4fLLL6dXr14sXbqUBx98sH1s2/hFixaxbNmyDud+FvZ//f9gKisrux70jyosoScL2R2GwYVAzTY29xzL4OEV8L9tlaxhdldCz7Ftv9yOFdQTp83iYC1+O1Q9pyqtgVS/31RVNeXc1Nb3t60P8E3/n737D4+qvPP//0qIC8ElQiYRhGCGLxmW0KV7mXgJCRNbrMX2WlHbrYTQXhTbz2evGvkRm5bP2oqAuMtnqWhATLvdeuF61YRkv9sidL8u1JXiDERcSK+rrgQZWCYSkB+Z8EsTkMB8/zhnZs5MZpIZmJAJPh/XFWXOj/vc5z7nPufMe+77Pnfq1VeNFScuWKtK1Zqts2Vpyd1LOokISyMin2Gts2dqwYKP9KqrTGuX36f2jfO1WqFlT7+9UtXmvNx482Yd97h9o+avlmbO3KEdZpmF7WsvZs+erZaWFp08eVLZ2cYvNR0dHTp37pxmz57d67rd3d263N0dc/4tGRnKyBgcIcvBkUsAAAAAAD6vcqeq7KPfmcMBGMMAlFXmSu9HWbZHwKa3hA/r1dWHJc3UHEuQqr31sLRjteb3GMM1VmITlW+NtubeoTt1WK3tUtQobLQ8nv5YH2miyqIsf/rjj6TDO1Q9/9Ue210QI0epoLW1VZLCutTn5+erqqpKktGiNdCC1GazhS1jXT+ZDhw4ENdy/RpYVaGmzzysxvdP6777ctXy7g7NnP6YlCvdebjRCMjntqv18ExNL5SMQONqfbRgrV67L9c8f1bq7ShBw1CrZyM4+/bKaq18e62W39eujdWv6s6nXtPyQjMgWb1RdwSHmjisV1vn6LXXHjNbVlerdsFavfZarjn8hfGjQqFawtJRy0bND0snHqf1dq0ljdNva2V16EeClo3Vxg8Jr92nXLVo4/wd0sR4Xih2rXnboY/yjX019r1Wb0/tPVj8y1/+UiUlJXK5XDp9+rTKy8slSW+++aYOHDigv/qrv9Ivf/nLXluvnjxxIua8vLy8XnOcSgisAgAAAACQ0nI1tewj1b59WsunGt2me4w7aQlWzjQDKy0b52t1HynPfOo1TX93vlZvnG5pMaeIFnQRm7rW3bjGPEoaNGOqWrW3tysnJ1pk2Xhr+rp169TZ2SmbzRYMtgbYbLa4W5f2h/58eZZkjrPaauzfxx9NVP6DUiDg+m67pPZ3tWPmdD0mGUMFHJ6pOcvNo597n+bMfNUMzFpTPa33XYc1sazSPE9ydd/y14xW0y2/0w7N1FOFgSTmaOarq40xXXMkaaIWPFgYyJwmaqLKppqp3HFnaBMt72rHxAVaG2qerQUTq8PGhu2bka+g9lYdlmSETlv07g5p5lOBc71QDy6YqB3xjMzQW96in4ammZoTiKLm5GuiYgfVjx07pjfeeEOTJ0+WzWbTF77wBXV0dASHspCkL3zhC7LZbCooKFBtba0efvhhjRs3LiydjIwMZWVl6fz58z22kZWVNWhaq0oEVgEAAAAASHm5ZjfpFhnDAOQqPMB5+n2XDvcSDI3OaGlqdN1frY3Tje7VOfkTJdfHOq3COAOZZuvUwMIxWp/2mkdrK9fcyFl3SuaYnIMpsJqTkxOzhajL5VJnZ6fGjx+vn/70pxo+fHjYfJ/Pp8L4I3VxSbQFbGtra7+9wCp3apkmuj7W6dMfh/1QUDh9pla/26IH8z/SRCPaagYed2h1ZBPqmZFNotvVeli6c07Ps+T0xx9JE8uiNqBORKzW0xOD4xrEJ2y4gokTNfE689Vn3q53x01NTU2aPn26cnNzdeXKFX3lK1/R4cOHdcJsfTpmzBhNnDhRV65ckcPh0MiRI9XU1KRvfetbPdIaOXKkLnzyifxXrwanpaWna+TIkcnJ7A1CYBUAAAAAgFSXO1VlqtbqVydqwdoYAZyPQsHQ02+vNAI3vQ4FEEj7PlUucKl69UZNf+0xFZqt+Wrfnhoca+QBroEAACAASURBVNE6lmM0Oxrf1oNmi9KW372qwzOf0vLI6G+veTRa5lVb0jG6JUtPvWa0vAtrVRucl0gX7BsrPz9fbrc7aoDyG9/4hgoLCzV58uQeQdVoQwgkQ7wvrrIu328vIsq9Q3ceflft7dLhO6eHAuY5+Zr40cd6X1LZg9ZWlDM1J+qxtp5gOTJ+E+gZ5ExWcD73jjuliWVxtJ5u0cb5jco3hysIC+yefluNO3qO8Xq9es1bkt6DdujQIRUXF6vbHB91+PDhmjp1qqZOnRq2XGD+qFGjdOjQoahppaen67asLJ09ezY47basLKWnpycnszfI4MotAAAAAACfS7maWjZRmlimqVEiOrn3VWqBXlX1/PmaP3++qlvnaO2CidKOd9UST+r3VWrBxB1avbFFUqEeW7tAerVa8wPpWV6Qkzu1TBN3rNb8+RuDac+8szW47dUfLdDaKK1S+8pj7n3L9dSdofnzV3+kBWsfU6Fydd/ypzRzx+pgflI9qCpJRUVFkqIHNLdt26Z//ud/jjnPun4ytLS0yO12J7ROICjcPwo1feZHevfdjzRzuuUo5k5VmVxyfXSn7si1TJu4Q41vB6KDLdo4f75Wvh0ZLTTqyGHX+8E4YsvG+Zq/sUUqnK6Z2qF3zRP29NuN2qHAGK6JZHu6Zh5+Vb8LnPin39bK+fO1sUcly1H+xMNyvW/kpL31sHTnHZaAp9k6W+YPEZZyeXDBRO1ofNvcB+OlbsFU86112hj6IPG8XZszZ84oPT1dn332WUJ/6enpOnPmTNQ0s7KylGYGUtPS05WVlZWczN5AtFgFAAAAACAFFT72miwjMSr3vuV67b5Yny3jSQZZ5kekpdz7tNyaWOT6PebHWrdF70rS9Mf02mOP9bFsH3mUuc9RkpEK9dhrrynqrBSVm5srp9Mpt9utsrKysK79LS1GtCvyJVGBAKjT6VRubvIGPqipqbmm9VavXq1f/OIXScuHVU6+tONVacGD1qm5uuPOwzqsOZaguRFYb51frWAv95lPGS+yimiKmXvfcj3VOj/UHX7iAq1dbqT02NoFWlk9X/ONGWbQPlGFEelIExesVc/fEXJ1X+UCuaoDeZ6pp14LDvCqOTNf1erV87VD0synjB8NAsNghO/DRM2cOVGBYU8DY8MawyJM1IIFM6VgY9de8paEFqtnzpxRRkaGLl++nNB6GRkZOnPmjEaNGtVjXrrZ9f9MR4dGjhw56FqrSlKa3+/3D3QmAAAAAADAYNSijUbz0SjBJXR2durJJ59UWlqannrqqWD3/tbWVu3bt0/FxcXBaYEXWvn9fr344os9hgi4Hr/+9a97BHHjceedd+o73/lO0vKBxFmH4RjIMYb/8Ic/6MMPP9S0adMSWm/Pnj36i7/4C335y1+OucyJEyc0ZsyY681i0lVXV/e5DC1WAQAAAAAA+sHw4cP1k5/8RP/wD/+gZcuWqaysTLNmzVJ+fn5YkHX79u1yuVzKzMzUT37yk6QGVSVFDY62traqq6sr+DkzM7PfXlaFwe/TTz/VkCFDdOXKlYTWGzJkiD799NNel0nFoGq8CKwCAAAAAIBrZHTRR2z5+fl68cUX9etf/1oul0sul9F3OycnR+3t7cHlnE6nvvOd7yQ9qBrLgQMH9Prrrwc/f/vb3yawipgcDoe2bNmi//qv/9KwYcN06623asSIEbr11ls1bNgwSdLFixf16aef6sKFC/r000918eJFSfG1/BysGAoAAAAAAADgBjh9+rSam5vV2tqq9vZ25eTkKD8/X0VFRUkdUzUenZ2d+uUvf6nm5mYVFRXpb//2b29YUBcYDOIJCBNYBQAAAAAAAACLeAKrg+91WwAAAAAAAAAwwAisAgAAAAAAAECCCKwCAAAAAAAAQIIIrAIAAAAAAABAggisAgAAAAAAAECCMgY6AwCA/uP/1KdL72xQt3eP/J1n+lra/H9af2frBklT+m13KPPhf1R6bsFAZwYAAAAAcJOhxSoA3MQu7qjR5f3/0WdQ1e/3ywio3ixBVUny6+q54+r87Y8GOiMAAAAAgJsQgVUAuIl1H2mKa7mbKZwayX/h5EBnAQAAAABwE8r49NNPBzoPAID+8lmc1/i0mzm0KnGvAwAAAAAkW4bR/RMAgJsX9zoAAAAAQLIxFAAAAAAAAAAAJIjAKgAAAAAAAAAkiMAqAAAAAAAAACSIwCoAAAAAAAAAJIjAKgAAAAAAAAAkiMAqAAAAAAAAACSIwCoAAAAAAAAAJIjAKgAAAAAAAAAkiMAqAAAAAAAAACSIwCoAAAAAAAAAJChjoDMQ08E6Vda4Za9YpaVltt6X9bm0ZlmTSlYtVV+LJnXdG8DnWqNl9d6eM+wVWrW0TEaWD6quskaqqtW8SYF18lRVO0+TYqYZe37/O6i6ys0an6JlfsP4XFqzrF5Rjq7BWaXaB06m9PmZGOM8dUeb5axS7bwBOhvrKlUjY/s+1xotO/rIwOTlYJ0qN4+31Osb7WkNr/5rpR+t0SeNDdcwvxcP1GvEX0qX11boYgJ5GSJJF5t18eUndDmxLfYv8/7Uk/M6r6uWOhJ2jcf1inkvTeK1x3otiTI37D49EHyuNVrWVDJg51W8x6D/8umTa80yHX1k4I5BchnnVFvM5+S+5odLpNwH9F45qMV6DrKr4qZ4zgMA4PMpRQOrPrk2u+V0OuWu36aDZf0YALSVaWltWX+lnhxRvvgdrKvUsjWK/QBsb9PmNS59P3L+wTrzi01e/+UX8Qk792J94ZuU+udnQqJ9eTC+aKwZH9+Xv2SbNK9WtTd8qyks9/sa/kCDOrdZJ5Yr8wkj0Om/EXl44AsakooBVasogU+fa42WVdZde3D14F65Caj2nx73UuO6W1k3cD/sfO7EcQxsZUt1U932+lvTK6obvTTi2cEn1xojgGePMxnK/Ubp+Rzkc63RsmV1Gj1gDR4AAMD1SM3Aqm+/mrxOPbL0bsldo70H52lSxJPGwbpKBRoM2Z1O6xyjNWRViZpqzNaA9gqtWjpa24K/ElseasJarJrrVuSpvj7we/L1tkDqH5MeqJB92VH5pBhfwEtUktek/b6ysIe3g3vNgHXUZoMpJKJFmDOilY/1+JsLGF/KDtbJaBRkOWY+l9YsO6pHzGnhrWZSvJWA9fyUuR9VUk1g54OtWgMtXyPO1z7KMTVM0gMVdi1r2i9fWSCgZHzZDh2miGBTRGvfYMt2n0trXpFK8upV75bkrNKq8ZsjWuGEtxwLtDJbNX6zeV7UqLLN2J6vrlKbx1eppKnGzItxvozeZrn+hLUGimiNYgkiGC18SlTRVh/cr+C6luO0rPLogF5zrp72KH3s05KeC00suldD5NWVi3Zj/Jiil/XnMx26smOWuprNZRJolTrssSZlfNqsq+OLjFapkq78d4k6t0m3zNmuYeNHSLJrWHWTbvnvEnVuK1fmE1XKGGYu3PHvurDxuRipDxxb2SNy1m/WSZ80ySb1dT68ohLl1dfLLenu++za+7ZxYiyrrA/W1fDrlbV+H1Rd5V6Nr2hTfb1XslfohyVNeuHoI6pSjUKXiFo9cNKSRlhgK6KeyXo+x3E/jFUPg/mLvu+pw6aypVU6WlmjursD18beykR97LMk7Q3b7x7X3L2Wa3KPIHp4mUWmHfO+Z87bO75CbfX18gbva9b07Ap7VEoZPY+BteWkIupJ9HoReR+Pdu7ZQse1ptLSijPieFvP08j7ydSp0vu3hdWBgW4FLEl5JSVq23tQYQ/Kvv1qklNOu1tt1oV7tLYP1enIco91vwqVfeheaVNvxySOa0lf+Yp17wzsbm/nwyB4DrJNKZFdR4Ofe7R+tz4L+qL3mLBXrNLS0dtiz0vZB10AAAa/lAys+vY3yet8RJM0SXJKNXsPap7lgfFgXaVq2iq0qrZMtsBDsewqCS7hVf3mEq2qrZXNfMBeVmlXxapa1drM9bcdVFnUJyuv6psC6xpp19TdnYJfCPs25e48vbLfpzLLF929bqfurlJqB1aDwdFa46Hb59KaZWvkMh+Uw49/YPnAl7K75VR4MD50Plm+ONQuDa07qFoJuFWzt0q1tfPMcqlRpdtplpVxvm52PWAJ1sUux9Rl7EdTySrVLjVDoXWVWlY32qyHB1W3rF55VbVaOknG58plqhtdq3k2Sd56Y91aM0Trim+rtrKlWqXw7o0+Sd76zSqxXjuWVcpeYaZ/sE6VNYFW9aGAba0lQLPGZflC467X0cD8g3WqrHlFrilLVTZpnmqrNMBDAZjOvaMruY9omBQMkN5S4JBOvyN/rtn2qfkdXSkp0pCCcqnZGBZg2Fi7/Edr4uzqL6WNd8i/o0QXms1g6l/Wa9i2Cl1snKXLD9RrREGH2WLVDKp2/rsuvPycZH4e8ZhSMrga0vf54K1vCp5bkvS9L4YPBxEatmVp6PoV1iLWrfqjVaqtDQRrm4wfI6tqZVwi1mhZTaXcTnMZn0trlm2W64GlKrOZ9868KtUutQT/681z0ib1fj/spR5OiqMupIxJutspbT7pkyapjzLpbZ/N5NxtGm8eU6P863S35f7idoeuyeE9T0LdtmuDge1lWiOjzHq/75lp1x8NXe8j0zMDwrKHnpRSh/UY9Dw/IutJ7/dxo6VmqBwt597SVVJYz5DIOhClBXPY/cQo09DzhU/7m7xyPrJ0YK/Zo6eopGmbDhpPzZKM5x6VPKLxTZbA6sE6Vda0qWJVrSXgWRP7GTfW/SravbLPZ6teriXx5CtWXmwye2KFrpNh2x4kz0G+/U1Sxffjew6dNM94Bgysa94nHimzSeptHgAA6C/pfr9fqfX3obbVe+Usdsjv98sxa67s7s16pz00f69bcj7sVLbfL78/W87vzZVdCqYhWec7VOyU5HxYzmxjvqPYKbWdULtl+ejrZqtwuj1s2Rv/J0mR09r1ziv18jqL5bDkW5HrOIqV1/RBKO8f7pXbWSxHcPGBO86xt9+udza75VxSEdw3f7ZT35sr1W/70Dh+FS/r5R8HjpGxn87g/hvH2733w2B6HzQFzqcPta1emvs967oVWuJ0a/M77QNaHn6/3+hi3UdZSXbNneUwy6VQ0+2Sfe4ss6yM89V7tD2uckyd427Uefv0QuO4fLhN9Zqr7zmzg8s4KpbIaV4H2t/ZLLd9rmY5Aus7VPHyy6pwhMpoemG2Jf2edSisvsg6P2JZRbl2yKmHA3lzFMupNp0I5Mu5JJiPwLVJ9dv0YSBta74dxXLKq6PtsfOZrDJPTIO6T9uU/kDgc7kycqUrhzwRy1xQWu69ukWS9LTSsy/oyqEExl7teCfY2vXyIY/8simtKMpyDzyijGFeXQ4GURvU1dQsf/a9yoy2fAzJLVcp2rH6sK5Gbvt0FWbHez4Yy0ZP17wXWupwtvN7mmsPXa8kBe+VwfUt51h24XTZe1wzAudctpw/flkvV4TWN5aP737YWz3se98H4i/6MfP7/crOC1w34yuT4LUj4toTeb0w1jWuD8HytBxPx6y5snub9IHluha67jlUscQpr1lmvd/3AtsOPRP4P9wrt/Vale3U9+baY5ZB6hyDyOUi60kf9/EPt6nea9lv85j+OPDZWmbmskuCx9t8nrQ8c4bfTyKeL9o/UJPXqWJHouWQvD/jfMxW4fQ27f0wML1dHzTJyLd1fx0VevnlHwfPz+DzcdT7nxK4X/X9bNXbtSSufMXMi/GsE3oOCqRXIUfKPgd5Vb+sUpWVob9l9V7L+e+PeC4JHese6bW/o1fqpbnPWvYxnnn88ccff/zxx1/cf/FIvRarB/fJbZ+rZwM/29qmaLp9k94NtLz0nVSb7Jpu/fHVNrrPEUPteYP411r3Oj0R2cLUPlfPVvT12/YkFee9ERwO4OA+t5zFFZL29VNGk8GnNq/kXvdEz8H9I7ox+lw/0zObvD1mTyp2Suv26WDFJE3y7de7XqceniTz3PHK/cwT2hSRtH1ucvfiRsobHe3cjr8cbyyvNkUt/2f1Y7NFhe9km+R165kneiyluZJ8bV4p7+GBayFkz4u6bZ9R4D3r6sAW+DW5fMijoX9lDgdQdK+GyKNLzVJGScQy47M1RNLlojuUftFYJtluuc0mXfToinVi88e6OtOR/I0lwrspyjnq1JKXjRaFB6/3fIh2r5NNoxMeHjtPUS8RFgfrn9C6YD7tmh5P9nqphzdDXYheJpM0a65dzwSuq84lernP+7CVXXk9nl28avNJo6OVpy1P9vCO3DHve5F8J9sk+3SFb+4mGFu9j/t4tP2OnVSUZft4npxU7JTeOCmfJsnma5PXWZwSvV1sU6arbbs5HIBvv97VdH3PJu2PtrDPpZ89syn04szrrZbJera6pnwZzzp5Dw+m5yC75j774/AWswfr9cS6N+Sa9eMEWtIeVP0zm6S5z0ZZp7d5AAAg2TLijcDeGD653nBLXvX8wurdroPOuXL4rb/ahi8SPi1ifo9oc3gEOta6fuuv8te7e9fA75fkXKINc6MEEXrkyci3Nc+O4jyt235QzrnSPrdTxXP98ntirX9jRTuGAc4lGxR9l/3yuZ7X8gavJKeWbPiRHPJo08J1Ch43R7GcWqd9B+cq+8S78joftrTstat85Y+iPmgObF3wW1ooWCdbzk9Fnqs914n8f2/lODDCy9+zaaHWuUOti4y8SbKXa+WPonWJ9yt0+kbZhyj1OXYdDi/r8HUilox27Yg2v5e66osrH8m/1qRdy0rN7+hKyfeVWSR1Fzik06/osiJ+iWt+R1dKqpT+gHTLbaFlUlXSz/lY56j1+F3z+RDr3mTZRjz3K8uM4LXCso5R/8x92VAmm8+l55fviet+GMpKzIt4nPetGyNW3ZaMQLB9nHEN6qtMsp0/0ganJM8mLVxnBI/t5Sv1I8tNxR9eYD2uLT2zEKM8Lem093Xfi1i/9+teah+DsPMs6jkd+z5uDP0Sax/Dz//enu+i33NlPF9439AH7U6N2eeWs3juAD87SJJf/uxCTWvbqHfaf6Qp+9+Vpj1mtA6VQs+/PpeeX94gr4xngx85zGuA1He5W7fljziWfT5b+cLWNbMUSj+BfPV+74xeOqn3HBTlOuD4qsrty/XuB+1yxnUt8cn1/Dq5nUu0wfL8ZOhtHgAA6A/pA52BML792uO1q3zlBm3YYPlbWS673NrnkWQbozx5dazDut6JiDYdCHIUy+neJ49nnzEMwEDnp0/ZGmeX2k74Ysz3af8er5xLNmjDhrkx9sfsrrfPZSxbbC4V7dy5afVVjqnBMXelyu1urXvepUBObWPyJO8xxTpM2caOKdX2LFXzdW0a1H1aGlLwtDkMQLQu/sZwAEPGvtzLMtfv8jmfNCw7+JIrSVLRHSl28+rpus+HqNcrn04k7Wbn0T63eb+N+iNG73rbv8FVFzza55byxtiUUJk45mrDhg1aWW6Xd8/+OPc12rOLXeOyY5RZxzGz9V48971w0a6jvuSdPElmPQZ96OM+3tf9o89l+3yedKjY6dWe/S7jx+qUeaiyaco0ac9+j/bvkaZN6VmWvv175HUu0YYN0QON177p63u2ur589fasMzieg6ziqgOSfK6NavA6tSRKgfU2DwAA9I+U+m7q279HXvs09XgetJXpYafk3ueR5NBXy+1yvxEIxPjk2tggb4/UYHCo2OnWunXuUIAxpdlU9rBT3oaNcgWfhX1yPb9Qz4cmWB6UzV/mI1JxFDsld4MavMaXVnOqce6s26TQaJEebVq4UJs8usnEV44Dz6ayx8pl9zZoeeAgOL5qBFutB8WzSQsXGsfNVvawnN4G/T44u/f9Mr4879F+c7bP9UbPboHJ2BMzXxst+fC5ntdCS9B4MLl8yCON/2tlyKPuGF38Lx/yyJ9d1Osy123bZnVftOuWx542J5Qrs6RIaZYxWlPR9Z8PPa9XgS/MDyetb6c1GOLRpuXx30t7q4eDpy6EWnaFYhC9lUnk/cIIeNqnTYk7MN3j2cX5sMps0c4Xjzatc8te/tVgILWv+14Y8zr6hit44dPGhlR8Uop2DHrTx308cr9ltH5cGO0m3+NeE35MYuag2ClvQ0PK/VhtmzJNalinBkV5jg6wBO99ructw11cjyQ8W11zvgLPOr8Pbdvn0vMLn5fLN1iegyR5fq8GbyhQnz3OLrn3BffJ83vLdcizScsbpPKVUX5k6W0eAADoNyk0FIBH2xu8spcvCHVfsigomiGtf0Ou+6vldFZrcdsiLV9otJCaUV4uu3dPaIB+KayrZI/ui9G6WMZaNzh7gLrOWfLW21LWfEfmuaBohuSWigrM/bLufz/mvff8etWwfKHC27jZVb6iWs6Ccq0oX6sVlvn28hWqdmbL75ecC8q1Z8VymYdfMxavUPmWFWrYe1DlBeajZEGRZsitXfZp5ksvjMnZ5rmzbmHoqX3G4pc0tyB2N7IbI0a3X+v5Kcu//dHXCTtfei3HgTmbI+uXJCnbqerFbVq0fp2eH7dC1U6bnNWL1bZonUKHaYYWvzRXBX6//CpQ+YpyrV2xUAuDsxfrJWe2Qj0OLdsoKNfiGYu03iwHe/lildvXqy1QXyzXh+zCabI3rNNCt7E9a3fIQLrG/yK6Vvv98vsD+Qqdm7KXa0W18cKOUNairSvjnPWu1/KFe4x6kKTY2TUNBSCZXf2LNOT0O7G7+MezzHVrUNfLUuYTVRpR/dfGpI5/14Xgy6zik9RzPq5raKLnQ890s53VWqG1WrEwcKbP0OKXys16EMf9qkcXWus1o0Dli2do0bqFZoDOrvIVizVjxXrt2d8up7Ov9Huph/7sXvd9wO6lbus1JZCtFXrJaTPPj77KJHK+LPsc0ZU6uFFZni/sKp/WpuWB42kv14rygtC2X1qsTYtCZZbIfa/HtpVtXkcD68xQebldxqNSKh+D8PNMln8H96zX+3jkfss89wrk90uF0+xqWLdQ7hmL9dJch5zVK6S1KxSqYov1UuCYhB0/S4bN5wsVFWhg7qUBEXU0u1DT7JKmmS+CDO2AcX9zLlD5nhXBZ2fNWKwV5Vu0omGvDpYXKPAbdPRyD99W5L3S0esx6f1aYksgX9HvneazTvAgGtt2Zvvlz07F56DYz78FwWu/USaB8pyxeLFmuLdIfr8O7jWm9UhjxmItVux5L9GCFQCAfpN25syZVImsAgCSbMgrX+/H1MuV+cT3paZZKd16VJKufP/Ngc4CgJuCRw2Lm1W0vpxWgQAAADe5VatW9blMCrVYBQAMKkX3aog8upTiQVVpYF9UAuAm4tmnXaVFmjNgvX4AAACQSjL6XgQAgHDDHmvSLdkX1L1jVj8OAwAAqcKnXS88q8bWUi1cR1tVAAAAGGixCgBI2MWNJbo40JlIAPc6ANcnW6VP1qhUCh/3HAAAAJ9r6QOdAQAAAAAAAAAYbGixCgC46XGvAwAAAAAkG4FVAMBNj3sdAAAAACDZCKwCAG563OsAAAAAAMnGGKsAAAAAAAAAkCBarAIAbnrc6wAAAAAAyUZgFQBw0+NeBwAAAABINoYCAAAAAAAAAIAE0WIVAHDT414HAAAAAEi2tPMv3su3TQC4WV35bKBzkBqG/NlA5wAAAAAAMIisOHp3n8tkKC3tBmQFAIABxL0OAAAAAJBkGeq+NNB5AACgf3GvAwAAAAAkGS+vAgAAAAAAAIAEEVgFAAAAAAAAgAQRWAUAAAAAAACABBFYBQAAAAAAAIAEEVgFAAAAAAAAgAQRWAUAAAAAAACABBFYBQAAAAAAAIAEEVgFAAAAAAAAgAQRWAUAAAAAAACABBFYBQAAAAAAAIAEEVgFAAAAAAAAgAQRWAUAAAAAAACABBFYBQAAAAAAAIAEEVgFAAAAAAAAgAQRWAUAAAAAAACABBFYBQAAAAAAAIAEEVgFAAAAAAAAgAQRWAUAAAAAAACABGX4/QOdBQAAAAAAAAAYXDKIqwIAAAAAAABAYjL8NFkFAAAAAAAAgITQYhUAAAAAAAAAEsQYqwAAAAAAAACQIFqsAgAAAAAAAECCGGMVAAAAAAAAABJEi1UAAAAAAAAASBBjrAIAAAAAAABAggisAgAAAAAAAECCGGMVAAAAAAAAABLEGKsAAAAAAAAAkKCMq0RWAQAAAAAAACAhGVcZCgAAAAAAAAAAEsLLqwAAAAAAAAAgQYyxCgAAAAAAAAAJyrjKIKsAAAAAAAAAkBBeXgUAAAAAAAAACWIoAAAAAAAAAABIUMZV3l4FAAAAAAAAAAnJyMi6faDzAAAAAAAAAACp45O+F0nz+2myCgAAAAAAAAAB1dXVfS6TfgPyAQAAAAAAAAA3FQKrAAAAAAAAAJAgAqsAAAAAAAAAkCACqwAAAAAAAACQIAKrAAAAAAAAAJAgAqsAAAAAAAAAkCACqwAAAAAAAACQIAKrAAAAAAAAAJAgAqsAAAAAAAAAkCACqwAAAAAAAACQIAKrAAAAAAAAAJAgAqsAAAAAAAAAkCACqwAAAAAAAACQIAKrAAAAAAAAAJCgjP5I9Ny5czp//ry6u7v7I3lgUMrIyFBWVpZuu+22pKZLfQMAAAAAAJ83/RVnSSgPyU7w3Llz+uSTTzRixAhlZPRL3BYYlLq7u/Xpp59KUtIqPfUNAAAAAAB8HnV3d+uTTz6RlLw4S6KSHok5f/48QR4gioyMDN166606f/580ip8IC3qGwAAAAAA+Dz5sz/7M6Wnp+vcuXM3T2C1u7ubIA8Qw5AhQ5LaZb+7u1tDhgyR3+9PWpoAAAAAAACDQbLjLIni5VUAAAAAAAAAkCACqwAAAAAAAACQIPrsA4McwwAAAAAAAADceLRYBQAAAAAAAIAE0WIVGORosQoAAAAAAHDj0WIVAAAAAAAAABJEYBUAAAAAAAAAEsRQAMAgx1AAAAAAAAAANx4tVgEAAAAAAAAgQbRYBQa5622x6tm04nDe7AAAIABJREFUSOt3RZuToRHZdk35+t/om9PzNPy6tjIY+OReu0IN4xbrpbmOmEvFLK+MERrnmKav/s1XVTz6Gkurs03uX7do9N9+VbFzEI2Zd5VrRbVTtjj3BQAAAAAAXDsCqwAkZco+rUjjwq4IXTrW/CfteX2t2rr+Tn83c/RAZS4F9SyvrpMtavG8pVef26M//e+/02NfzEo4VV9zgxreH6fFScwpAAAAAADoH6kfWD1Yp8rN47VqaZlsA56VStWoSrXzJoX9OzE+udYs09FHapXwqtfkoOoqa6SqG7U9DE6jNe3rc+WMrGRzT+r3q57Tli3/n/7kfExfvGVAMpeCYpRX535teu7n2rXxn+V4urrn/H5jk7P6JTlv1OYAAAAAAMAgCKymqEnzalU70JkAdP1DAfjN//r9fvVM6nbd5RynLb/x6dw5v/yBQKFvv/7t9de169AFdStDIwqK9NA3v6lpeYEu8D65165UY953tSjjTf185ylpxD1a8NPv6Itqk7vxdb35p2O60C1ljBinL37925rjDB9uoLNtj37zmy1q7nMbP9BzU1v06uu7dOhCtzIyb9cXZy+ISK9TbXt+o9+8+b68HV3qVrTtBvbf32uZ9lpemYUq/99fUvMLO7VlxxHN+Bt7aF4fZeZpWKyXdkmSV+sX7ZJmLNL6ckeceTfLQnO0vNopW7R96Yyv3AEAAAAAQHwGX2DV59KaZfXyBifYVbFqqcoCAZ+DdaqscZuzKlRV0qSao4+odt4k+VxrtKypxNL6tWdrTp9rjZbVe6OnbRHZenXz+Arl1dfL3LKc19VC1MhXIC17xSotNTPhc63RsqMlqmirVyCb1vk99sHp7NGKLXwfnaqqnadJwe1u1viKPNXXu6PMx+fRBV+HpNsls7XqZc+/6e9/vlPnR9+jb363SNnqUPNbv9Hra1rkXfRTlTssYbo9r+vno6ep/Adf1+WOTNmH++Reu0aNHQX60je/q8JsqaP5Lf2mcY3aun+qp79sDDfQ6WnQ37+0S13jzG10H9LON/8QfRt/el3/uCdLhd/8tn6Q2aXmt36j9xpfkLL+UQvMJrYnf/+C1mzt0Lh7vqlvF2Ur88Ix7frDm2pufEFdmSv0eHHi3fZjsjt1f/ZObT3klU922eIss9EzfqBvX27U6+9la/YP7te4rNFJzLtP7p/3Xe4AAAAAACB+gyuwagZV86pqtXSSFOhWX/+KS1OWlsnmc2lNjTsU1DxYp8oar+LtHxsMvNYuNQKvB+tUuaxOo+MILHrrm1Syqla1NjOdmjrdfU0BSSOo2laxSrVlNvPzMq2RJXjqrtfRqlrVBvfxFbmmGAFgI2iap6rapTJmV6pGoSKInO9zrdGyyjpL8NSr+qYSraqtlc0s35q6u69hyAMMfpd1ct/r+uedXVL+NBVmSdJJ7WrYqfNf/K6eW1AcbOk4pbhIX3z1af2q4T19+ekvKxim6y7UtxeVqzjYyNStPa3SPT9YrL+ZEli5UJldT6vxTx75vjxaNnn15q926UL+N7W8+svmjyBTNGVakbY8t0ZvRW7jQra+urxaX7YF8jJat/zwJe1q8WrBFx2SvPrTrgsaMeNx/bDcYcaHp2hK0Wi9+n9+peZDJ6VkBlY1QtmjJbWcVIckW7xlljdFBfYR0nujZZ8yxXx5VZLy7muJo9wBAAAAAEAiBldg1VampbVl1gmaUmKXmoxPvv1N8tor9P1ADHDSA6qwu1UfV+IHta1eqlhlGct10jxVOSu12fVAWIvQqJyPBFu22qaUyK4mnfRJkxKMVvhcm+W2V2hVcHuTNK/KqcqabTpYNs/Im71CDwT38W455dZRnySbT/ubvLJXfD8Y0J00r0pOd41lH71yVi0NzreVfV8VTcvMfQzsSqAMAuV7Uj5NIvCSoq57KAC/JLWqceViNUZbYMRUffe7M5Tt98vv2689p6TRhZJ3//6wxTozsqRT++Rp/5Jut5l5yi9Ufqaly/yIEcrOkJq3blLhiK9ral6WblGmiv7XWhWZmfF79+m9Lumu+0uNbQa3ME5fur9Ab9X9QX868SXdP9qcM65If5lt7ZY/SuPGSWo7qXZ/gWzK1/3L/6/uD6QfWCxjrArGSc2dnfrM79ctgTn+PoYC8MuyXLQlMjVilBQcLiDuMosYZsAowMTyLpnrRuxLPOUec48BAAAAAEA0gyuwGhTeVV72EkmS76hXynvEEgA0A4NH40jSd1Jt8sq9rLJHINZekYw8x6fnPkiyjZc9vp2Qsbp1bZvGB4rAd1JtsqskPHGNzrv+fGOwy1T+PXeFveVemXlyfLFAU+2jFXxnVcdJHZOknf+iX+yMls55tRnNNKO75Yua/e2pan19t/7lZ7uljExl26fq/vvv112Fo43WnJcvq0vZyhvd801ZWdm3Szok33kp2GQ1I943al1Wp++kjp06pVOeFv3p/fd16JQkXdD5XrKcuPM6dczy8XrLTNJ15z2ecgcAAAAAAAkZZIHVUEDVbnaVN7rvJyv92GOqAje32zXta+WaEee5X7pwncod17YlW9H/0vKi82preV/v/WGXmg+9p8ZfvKff5M/RT344o19aRvuaf6UNr7+vDuPNT8rOGq38u+7R1D/u1B+TvrUOnTwlKT9P2Zap11pmycr7QJQ7AAAAAAA3s34JrKanp1/zur53/lE/PfoN/eLbZmf19DQpLU3p6elKP7hP7gnz9Pf/595gECA9LTQ/984JUtMpnUmfHJx/ps0rpaUb61uWNXKYrjQjw0rPvUPj5VXbmXSl58bYL2NhM63o/w4smKY0paWnq2dRpCstTTHmKeo+6EybvErrex/Sc2Wsfkbpk4MlIKMIYu2jT6eOSWl3GvkPpdWzfK/9qKI/Xe9QAMF0FKtru8WIbGVLOuA9IX9B7y88CnRrj97NfITGTS7VNyaX6hu6rJM7N2j1b7dq55FSfSPjFmWqQ20nP5P/9vDWqOc7Tkkap9Fm1/9Y2wibfv491f3L++q6a76emVek7GCSJ/XWH3fqj5b1Q738+y7TmOXlbdZ7XdLtRRONoQwSKDNZhxmQpITz3te+9FLu9j53GQAAAAAAWPRLrMxvjut3LX/Zo/Mk13/pQ/Pzh//lkvJGGwEKv6QjR9UeWP7D1/XTuiMKjEmYXfaIyo7U6T8+DM1/waXQ/NF50pEm/Xe78bl9529lzPbL73fogYoJcr3wenDbfv+Hev0HP9DrgfQUSivmvy3jM8bcz+A2o+y/uQ+/2tkeysMLLk2oeECO4JiOPbdlpJetskfKdKTuP0Ll9/oLve5j+85fqe5ImR4py45IK/DXc3v8Xd/foDZ6qr50u9Txn/+pli7rjC611D2lHz1Vp/e7Yq0sXW75rZ59apl+67VOvUVZIywvYLLfpXsypT++tVsdYWsf0863DkkjJqsgW/E75dUhSVPvsQYmJR17T+91xFrpGnW1qPGVnerKmKyv3WUGUa+nzJKU97jKHQAAAAAAJCT1hgKYNE9Plj2uFx93GZ8nVOi5pZNiz3uyTE+/+K4+8N2re22TNO+5Cq15+nE9LkkqU1mZ5IpM++nHVS9pQsWTqpjwotrM2bZ7l+rJNkv6ksqe/LnmTVLSuV58PJSvsG1N0ryfP6m6x5/W4/WB3XxOS++Ns6PupHl6rmKNnn78cXPdCpVZRo213btUzyk0XyrTkz+fp37YRdyURuueOaV6a8Nu/dOyY/rSnAc1OaNDB977T+06cFnjHv2apmbGXvuWgqmanLFTOzf8TOe/9iXdM26ELhzbrZ3/8b4y8h/Vl+ySZNfXvl+q5g2/1T/87Ji+8ZW7lN19SDv/Y6cOdIxQ6cL7NS6RLN9eoMkZu/XeKz9T5pwHNXlElzr+uFO/az6my9d8BTyl9/6jUccs63edel/vH7qgbo1Q6cLvqigYs4y/zDIzMyX9UW+9VaDLhQUqTFLe4yt3AAAAAAAQUF1d3ecyaf4kN6E7cuSIbr/99mQmeV0O1j2uF/Wkft4f0VHgGpw6dUoTJkxISlpHjhxRVtb1tTo89K9P6uXd+frWsirNiLMlaNex9/Tb3/5Ofzx8Qd3K0LBR+brn0Xn6RmEggQ7tqlml/1ff0rKqGWFjjarrkN567bd659BxXTDHDZ1YWqF53ygMWy5yGyMmluqRR7+motGZfWyj5/SuY7v0r6/9Tu+fuqjujGEalX+PHnz0a8re/azW7S7U9/5hvqbeYq437gm9+GhBH+XVc3rGsFHKLyzVVx68X4VRyrHvMpPU5dXv/umftLP1orrzv6WVVTN0SyJ5D+5zlH2Js9wBAAAAABhMzp8/n7Q4i9Xx48f7XKZfAqu5uTEGKR0AB+sqVaMq1RJYRYo4ffp0SgVWAQAAAAAABquBDKzyPiIAAAAAAAAASFC/jLGaSi/ocVS8rJeVWnkCAAAAAAAAMLjRYhUAAAAAAAAAEtQvLVYB3Di0xgYAAAAAALjxbvqhAAAAAAAAAAAg2RgKAAAAAAAAAAASRItVAAAAAAAAAEgQLVYBAAAAAAAAIEEpHFj1yb12kRYtCv2tdfss8z3atGiRNnkSSNG9VovWuuXrc0mPNi1aq8Dm4l8PAAAAAAAAwOdBag4F4HNr7cpGac5yrf+hzZzoUcPiFVrUtkjryx2S/IGNKd7NZc/4odbPMNfpdUm/JL/8ZtrxrwcAAAAAAADg86BfAqvXxyf3q0ZQtdpps0x3qHz5HLWt3CL3/dUKzmpu0OKXdpkfZmjR+nI5JBmB2GaNm9OmxsZWKX+Olkzbo3V7pml5tVM2SZ6GxQquGlzXo4bFL2mXJK1crGOL1uv+k2u10rKePNZthm/X516rlcemaU5boxpbjbn51n0xg8bmrPB5gfUbg3M1Z3lgXz1qWLxF4+bkqbEx2v4CAAAAAAAAuFFSL7Dqa9Ge1nxNW2DrOc/mVPV6Z9ikXW3jtHz9etnkk3vtSr3UUGS2aJWkXWo8tkjr1xuffe49oc241+qltjlavt4Ilvrca7VyrVvLq50qX79IWrxF48ygpu+kZYOeBi1+qU1zlq+3BDxfCt/urkYdW7Re6x2B5V+Vu7BaTptHDSsblbdovaodgXVXqmH0epU7zDzsmabl66tDAdyVDRodDJ62qnHPtF72FwAAAAAAAMCNkHpDAfja1Kpxmp3dVxd/o1t+6ewZyvb75Ve2Jk/Ll/acVLu/QLbA/LsKgvkJJGfNn9/s3p8944daF+zub3b5N4cCsK7nL5ijdevM7fslqUB3lUq7/P5gWsqfo68UmPML7lKpdqnN55c/OzxdqUBz1q0z0/Lo943SnGcC+yOpYI4Wli7RFvdX9MMZfe0vPo+GDRumCxcuDHQ2AAAAAAAABsSwYcMGbNup12L1BrHNmK3Sxg16dkmjpHzNeeaHmpFIdNK3Sy88G+rSr9J4VnLo/jn5enbDEu2WpNKFWhdobeo7pWNq1e5nl6gxYq38OQnkC58rFy9e1B1jxgx0NgAAAAAAAAbExydODNi2Uy+wmp2nfO3RKZ/k6NdmmA6Vr1uncvm064Vn1fjsEjWqVAvX9TFmqSWgWrpwnX7okDwNS7Qhzq3aAi1jPQ1asmGDluyW8uc8ox9OlnoP8HYktHcAAAAAAAAA+k/qDQWQPVn35DdqT4tPpTOyI2YeUmPVBmlhjeYUBLcWGjLAb/4n0JU+rvnZKn2yRqVm2s2eOSooCK5prGtZz9eyR62lC1UzpyA87cB+R92GeiyrgjmqqZmjjl0v6tk9LfKVjtY4taqtwy9/5G7HSifmtgAAAAAAAAD0p/SBzkBP2Zrx3Uelf31WL+6yttI0Ap+78x/V/QUxV45bx64XVfXirlA70EPN2q1SFcWT9rGTwfU6dr2oDbvj3eohNVZVqfFQMBdqea9V+fcUKlsFuv/RfO3e0KhDMZcHAAAAAAAAkApSbygAScqeoSdrRqux6llV/Wtocv6jz6imRyvWa93Ed/Xoe8/q2eAG8vXoM0/KiKsWqKi0VRuerdJ7jz6j7/a2XulCPfPoVj37r806NKdAveeuQHMWlqpqQ5WCsdjShcF9yp7xpBYeq9KGqlCktjSsdS4AAAAAAACAVJDmv65++z0dOXJEWVlZyUwSuKmcP39eEyZMSEpaR44c4eVVAAAAAADgc+vjEyeSFmexOn78eJ/LpOBQAAAAAAAAAACQ2gisAgAAAAAAAECCCKwCAAAAAAAAQIIIrAIAAAAAAABAgjL6I9Ekvw8LAAAAAAAAAFIKLVYBAAAAAAAAIEEEVgEAAAAAAAAgQQRWAQAAAAAAACBBBFYBAAAAAAAAIEEEVgEAAAAAAAAgQQRWAQAAAAAAACBBBFYBAAAAAAAAIEEEVgEAAAAAAAAgQRnJTnDYsGG6cOFCspMFbhrDhg0b6CwAAAAAAADgOiU9sHrx4kVNmDBBF7u6kp00MKhduXJFt/75n+vIkSMDnRUAAAAAAABcJ4YCAG6QtLS0gc4CAAAAAAAAkoTAKgAAAAAAAAAkiMAqAAAAAAAAACSIwCoAAAAAAAAAJIjAKgAAAAAAAAAkiMAqAAAAAAAAACSIwCoAAAAAAAAAJIjAKgAAAAAAAAAkiMAqAAAAAAAAACSIwCoAAAAAAAAAJIjAKgAAAAAAAAAkiMAqACD5Tr2p7f/0QZQZ7dq7fau2bI34c3kkj0tbtu9Te7zbaN+nbVtd8kRO97i0ZetWuTwR0xJJG0h15nm+xRVeA9r3bbec/x65tm7X3sgTP2Z9CC3fvm97j7R7z85WbYmojx7XVm3bR63DINfH/ez6z/EY9TRwvwyrq8a0BKomAADoZxkDnQEAwM2lfduP1bRDGjnhTm3/m7c14d8WyRGxzNCxJXqgOCdiqkMPRS7YmzOdutTb7CP71O4oVuRWgJvG0KEaevaEPHKYdaxdXp+1VjhUNjuRSnW9zup/9rXL0aNuA4NTPPez69/IeXVKyow1/9JxtXiKVXYjqzIAAIgbgVUAQFLlPPAzzR73krb+ukAl//b1+AObHpe2HBmu0ln58m5vUlfmSJ0526WxJbN0W8tWtZw1lxs5WQ+VSa4DxoQWl0eOHt84R2qszad9+9qjBHDbtXd7k44H4k9Dx6p0VrG0b7t2d9o0tuu4MW/kZJUOP6LdxgcVzi6TQ0ZLvt2BlUdO1kN828WAsck20qdz7ZJyJLW3yqeRGjU0UFk8cm09osySWbpb+7St6bguSRo1cqQlDUt9GDlSo6Jtpj20rrUu9DByrGy+Zu1tn6W7e1Q7axqBH1ekvdub1GUbq87jZt4mlyjzSFOwDgbql8cVugZE/2EGSL5rvp9FPd9zwu8fQ8ca97tmY7njzfvUPqvnj4FDx46VDrjkcUSpdx6Xthw4G/w4avJslTnMej82U8ePn5U0VGNLJqir6YDOyFp/PHJtNaYZy0SptwAAoE8MBQAASK5Tb2r7rwtU8p1DaorafVK6dLzJMhRAlO78ks5ojB6abQSE/ufsSBXOnq2HZk/WqLNHtLfdobLJIyWNVGGMwOZtxRM0/HhLz7Tbz+i2otl6KJDeJZ+8gX6WZ31S0Ww9VDJWQ88e0D4VGcvorE54JHlc2u2zqXT2bD00u0Rjuw7QJRMD6rbhkq/VOIHbW32SbUyUlm/t2tt8XBpboodmz9YYhQIx7fuadVxjjXN6jMwgi5VHriafbCVGnSkd26WWmCd9lu6ekKnjLT3nt5/JUvFss95NHqlLvtZg9+YzPql49myVjh2qMweajTo4eaR09oQ8Mn7MaNHkYJ0dfrw5SrdpoB/EcT+LJvr57lHLcWlsiXn/0HG1eHJ0d9FYDdVQjS2K1cMiX4Vju/Q/UYYc8GiMWS/M+nMiUPcu6XinMa9w5CUdbzqhMeYyRl7atXf7AWlyII+ZRmD3WsoIAIDPOVqs3kT8fr/OnDmjixcvqrOrS5999pmuXrmi7u5uffbZZ/L7/RoyZIiGDBmiPxs6VLcOH65b//zPlZvDz9MAkuj2r2vW/zX+Ofsvoy8ST4uzocPNtnM5+bINbVLL1q1qGTlZD82eZUzvGQGK4FDZ5BPatq9djizL5ByHHGGtVoeGAlFDbbLnSFKWhsunzHwjj5lDpS5J7ee7pEtntXvr8VB6JzySg1arGBij8m1SsxGk9PokW9EoyRex0LlW+S4Nlc08nx1jRqrliBQYOmCoLd8I6DjGaNSBI+Hrtp9Xpy7pTNNWbQlOtA4/EMFRpsIT27W33aHbLJNzHI7wVnxDhwfnBbeflSn5hpt1cLiGqlOSdKbzknT2gLZsPRBcp7O1XeL5Bf0tjvtZNNHPd4fGjDyglqat2jJ0rEpnzTbO+ziimTnFRbJtb5FHhWHTHQ5HeKtVS2P0UWOMGjpq+FBJY4z6mpVpXh/OqOuSdObAVm0JVqsuealWAAAkjMDqIOb3+/XZZ5/pwoULOnfunD755BNdvHhRfr9ffr+/5wppabra3a3Lly/r4sWLOn/unCTpTEeHxo8fr8zMmKM7AcAAytHds2Yr0G1xy9YDRnfHeFZ1FMq2vVl7rW34zC+hoybP1kNml8mE0P0fqSQnXzY1y+uRfLKpOEfyJn0jvXT/j8JRaNO25n0Kr3Zb1WK2PHd4XNqSYLWj+z8Gk1jnu6NsdvCHvd1bjxvndX48Kebo7gnSFlerxganmT8QaqxKZ5eZw9kkkku6/wMAkAwMBTDI+P1+dV28qFOnT+uDDz5Qc3OzPB6PTp06pc7OTl2NEVRNS0tTmqQ040NwmiT5fD61tLSovb09ekAWAAZS+z5t275P7XKobHaJxg5NZOUc3V1kk+/42fDJQ8eq0CHJc6Lvhq/W1LIypbNHzG7IyXojNHA9cmS3Sb4jPl3KzIrelfi2fNmGXgoOGeA5cday7tBQt/xo9SEnS8PNl1JJRrf88LeUR8tSsYptPvWsdoVyhG0/PqOGD9Wl4LAeHrm28lZ0pL6e57tHrq0uecwfCwtH9rZ2FI4yFep4aHxw06gJxcrp8eK6voxS5tBLoWE7PK6Yw/IAAIDe0WJ1kPD7/Tp//ryOHz+us2dDX0gCwVG/328ETM3AaFpamvwyA6mB+dZ10tJk9dlnn8nj8ejM2bMan5enYcOG9ev+AEDccopVbNuu3Vu3Gp9HTtZDDkntwzVUx2O8vCp8/f9n5HG1dJmfHWM06sABozv/yLEaO/SsuuKNrjrKVHp+u3YHukWPnKyHaEWHAZaTb5OOH9eoCQ5F71dsjOO4ralJW46Hv7wqp7hIY83Wc9FfXuVQWcn54LpG69VYY0Fatlg8QaOOH1CgAZ1jzEi1HDC3P3ashp7tjPtHjZziWSrs3GoMByKz9SqNxpEiLh0P1A0p2Ao06vlerLLJJ7TFPI81dKxKy3IkndFwHY/58iorR+FY/U9TYGPGDyO7D2zVlgNDNXbsSMl3Xu3K6iWFgBzdPWtysBdIIN9UKwAAEpfmT3ITxSNHjmjChAm62NXV98Lo09WrV3X27Fmdbm9Xhy9i0DSzFapkBE7DgqxR5lvXk2UZmUHZNHO54bfeqtycHN12223KzMxUejoNm5Ph6tWrGn7rrcE6kgxHjhzRHWPGJCUtAAAAAACAwebjEyeSFmexOn78eJ/L0GI1hXV0dOjEyZM6d/ZssJVpIPgpSfL75ZeM4GhEC9Ue8xVqxRqUlqZ0c5rfXDYtLU1dnZ1qbW1VWlqabrvtNg3LzNRtWVnKyspSRganDAAAAAAAAECULAV1dnbqo48+0pkzoU5yfikUKJUlSOr3B1ucGh+jNEA2pwXmpaenhwVTA9LS0sLW9/v9xrADZ8/qxMcfa/itt+qWjAxlZWXJZrNp2LBhwVayAAAAAAAAwOcJgdUUcvXqVbW1tam9vV2XLkUMQB8RMO0RQE1gRIerV69GTSfmqBDmcAGdn34qSTp37pyOHj2qoUOHauSoUcoeNUpZWVkMGQAAAAAAAIDPDQKrKeLSpUv/P3t3E9vWmed7/ncoWbJkJ6YspiKnqYpY7bRuX/vOuG8z0+MgoBaTQWqhjTO1krIwBm5rNzCUu3DsDTd2vBgLnsUs5BYGXkRaFZINgalgshgRgYNBsW65b8WoqJIKlRJj0zFlUbKsV5JnFueQPKTeKJnUEcXvBzBsnpeHD2kdPjp//p//o2+nprT04sXBDFBukpm6uramn5880ZNkUu3t7XrzzTd14sQJslgBAAAAAABw6BFYPQDS6bR++OEHra6uyjCMkozSA2G7bFjDkGEYWlpe1p///GedOHFCgUBAbW1t+9c/AAAAAAAAYJ8dwNTIxvL48WP98MMPWl9fl2FnqhoeT11mfXo8Hs3Pz+vPf/6zZmZmti4tAAAAAAAAANQ5MlZd9OOPP+rRo0dW1qe97UBmrO7AtBfPygdS19bWlEgktLa2pp6eHjU1NbncQ2xtSp8OjSi6yZ7Q8Kg+7N3u3JQmb13X/fM39PGZh/rk+td658ZV9fnKjpq8pWsT0mD5vqlxXf7cr5tX+1R2Cg6BuXRa6bk5ZTIZt7sCHFjNzc3ydnSow+vd0/lcZ8DOuM6A2nvZ6wwA6hmBVZdMT0/r8ePHMuyApCmpqalJ2VzOylY1DJl1EGA1TVOGxyMzl5Pp2CbD0M8//6y1tTWdPn1aR44ccbWf2N7OQdSXFdf4F1PqG6zpk+CAmEunlU6n1dLaqtajR93uDnBgmaapdDotSbu+GeU6AyrDdQbU3stcZwBQ7ygF4IJ8ULXAnvafy+VkyBqY6iGoKqkYALZrrRaYpjwej9LptP7yl79ofX3dvT7CfYGAAtERfTrldkewH9Jzc2ppaanLkibAfjIMQy0tLUrPze36XK4zoDJcZ0Dtvcx1BgD1jozVfZZIJAqZqpJK6pDWZU3SfJ/trFunnB1wXVhY0PT0tE6fPs0vpvUmNVk2xd8qHaBdZ7ie1wcD0u2Rcb09OqhNT01N6pPrE4oujJnsAAAgAElEQVTnH4eGdXewV8WSAwPqnpiwyhYEBnTzkvRv+eMDA46SAqXlDWqfjYtymUyGzB6gQoZh7GmKMdcZUDmuM6D29nqdAUC9I2N1H6VSKf3888+S7KzUegyk7oLh8ciQNcimUik9efLE7S5hC9GRIV0eKv75ZDJV9efo7LukwUBUn23adkqTYxPqHh7V3dFR3b0xoED0czkPjU8k9PboqO6ODisUn9C1Melf88fGJ/S7KbudWyOaGbhRaGdm5JZq8HIAAAAAAECDI2N1nywuLmrGXtCpYdjBY8MuE/Do0SOdOHFCbW1tbvcMZfYnq9OnvksDun99TJNnrqqvfN/V0eLD2YTikt5xHBEYeN/OdO1Ud0AKnD9jZaj6utSdPyj1UPfjIX1w1V4Oy9enD0IT+uxhSn3lq2oBAAAAAAC8BAKr+yCXy+mvf/2rVpaXZXg8xenzh5xzYSvDMLS6uqp4PK5//Md/pCRAo7IDnbfHJnXmQumuqfEh3c7P3w8EFNhL+7MJxRXV7aFo6fbQrCQCqwAAAAAAoHoIrO6Dn376SUtLSzLyCz01CMMwJDtjNV/2YH5+XouLi3rllVdc7h3c0js4rNDQiH4XCxU3pib1WTSgwXwtV7u26651+hVQSB9sVccVAAAAAACgSqixWmPPnz/X06dPixmaDZSpuaGOrP3af/rpJ5d6hF3zdalbcd1/aBcpnYopuv0ZFejVh8MhRaPlLcU1M2s/zReORax2w3dG75TUcZ3SpzWqGYtqSCs2FtZYLO1aD6YjYYUj0weiL0D1TCsSDisyfVieBzjIrOsgXPgTkfOSKI4zFUjHNBYe066Gor2cAwAAqoaM1RoyTVOPHz/W6upq6Q7DkGHvP+zy2aoej6dQGmBpaUm5XE4eD3H9g69Xvx4I6NrEdV2ekBQa0GBAmnnpZt/XYCCq8fzjfImAkSFFJYWGhxWKjliB1l3N4Pep7+qwZobs/kpSaFh3qa8KAACqLR3T2J2I1H9F4aDX3jSmO+GILob71VOjp52OhHVPFxXur9UzAACAShFYraHFxUXNzs5u3GGaOvwhVUs+eJyzSyCYpqnV1VUtLS3p+PHjbnYNkqRefTg6uu0Rvr6ruluy0lT+gbXgVJ+97ePRvvJTtzi//Fy7J4Ojujvo2FDoV/mx5Y/LX4P1+MNtXxVQzqvgpbCCbncDAFA3pr+KKBG8WAiqSpI3+Bv1P7ijL2Pv6pJje0W8QV0K73Ik2ss5AACgagis1hBT3rf2/PlzAqsANpiOhHUvln/kV/+VSyrcl05HFLZ3+vv71RWJSBfD6vfGNHbngc4Vjp1WJHzP2tezSbvBzbJ80oqN3dGDc1d0KSjr311BKRZTwjqpptlHwH7b6pqwMuGCCsZisq+2La9DBYNlX0ZY116x2fw1mOaawiE0rW9iUvBi+U/xZl/UpRQbu6dIQnJeU9ORsL6UfV34+3XlN9JvC+OZdd1Y56hwnaZjY/a1e09hXVT43VTpGOi8RiX5+69YAd60NVZal2GipE3r5TjPK7vu7czcRPm+ndoEAKABEFitkaWlJc3NzVl1RRtgyv9updNpnTp1yu1uADhIpiO6l+zXlXBQ1r1hWPe+mlawv8e6ebsXKwRq0rEx3ZEqyjBNx8Yc7Vo3qmOxKztmEiVi0sVwWD32OfciZ7lZxKFQek1YwdCxLsc1EUuq60pYYTvwc++3MZ2+ZB+75XWYVmzsnpL5KdHTEYXvjanLEZzhmsKhkk4pKb/OVZKUGnsgbXJNSc7rQlK6GBBNx36rSNdFhS/1KP/lRGQ6rP7gJV1MOkoBpJ115KcVuZdU/5WwI8j6laaD+S8xEorposJhe1y9c0+Rs2H192xynvO6vxNR18WwLvXY++5E5Avv1ObLv8UAANQDilzWyN/+9jdrwSqCqpvKlwYAgIKefoUvWUFVKa1Usrgr/f0DJfz9ete+UfMG36tw2n5a3z9IKPhevl2vgu8FlXjwvXZa58Pf/6590+iVr2tXrwQ4wKxrwn/utH1N9Ojdfn/pNRF8rxAM9Xb5i6dOf6OYgjq72XWY/l4PEn6dO22f2POu+v0JPfi+eKVxTaFhbXVNSVLw7NaZ27Ev7UWprCzYnYOVPeoPF7/MSDsHUkmSX/2FgdSn0sswochX9iJbzvF4+hvFHOOvdW3H9M10JW0CAHD4kbFaA7lcTktLS25340AzDMPtLgA4aMqmGvr9OxxfWaNKJqTYvbBiJduDOwZWgcPJuia63ttl7UfZQRr/OTmqSarLLyUlKZ1UQl3aQ7NAffL61KWEkmlJNfi59wYv6YrGdOdOWBFJG6bnb6q0fIC/4oG0R/3hi1L4nsJlJULSqaSUiOlOOFJyhj+VrsnrBgCg3hBYrYH5+Xmtrq663Q0AOHDSsTHdSb5nT/8tDfAUFgEpqfX4sqzAT/C9zTN9pjduAg4565p4kEpLPbuLinh9XVIiqWIcybqGrZ1d8uuB9tAsUKd6dDYo3ftmWv09pQOMNX69fK1Rb/CS8utSlZcQ2NT0V4okHPWLpyMKVzyQ9qg/HFa/VDql39cl+c/pSmFGiQPfUAIAQCmAWpibm5NkZWWSmbk5SgEAjcnr65Ji31gBTbs+XZfzTi2Zsu7T0jF96Ugx9QbfUzARUX6WYjr2ZTED1c4aKkw5nv7GkZ3q1elzfsW+jBXu/6YjYYXHYtwPokFZ10Rx6v+0voo4SwNso+esgorpy9gm15r3tM45p/5Pf6WIszQAcAj1vNsvf+yexmKOEWU6onsxx/T4PZqOhBWOFL/+83b5pS5fBUmiSaWsgVSxL2M7HWxJxzQWHlPhZXh96sqPzz1nS8Zf69iwInwzCQCAJDJWqy6Xy+n54mLhsUmN1U0tLS3JNE0Cz0Cj6enXxWBY9+y5hv7+K4VpjT3v9st/J2JNN/T362K/X/cepJRWj7zqUf+Vfo3dCSss2auR51PlrBqRdyJ3FI5ICvarPz89WVbGz8Vk2DGNMaiL9gJZBFdxmG0ogeHvt7LOyq+J4EVrwakd5a9D+1rzBxUszDT2KnjpopJhe5+k4MXwDtOWgTrnDepS2KeI4+feGmMubV03tUI9/VfUP3ZH4bCzXavVnrNB6d49hZP9uvIb50nvqt9/R5E7YUXkV//Ffvnv2ZnkO72Oi0mFC2UHrPG53yupfPzN77MmngAA0PAMs8qRv3g8rkAgoJXl5Wo2WzfW19f1hz/8oRA0JLC6uaamJgWDQXk8jZM0ncvl1H7sWOEaqYZ4PK5TXSwTgIPlu+++07Hjx2v8LNZK5rrIysOofy8WF/XWW2/t6pz9uc6Aw4PrDKi9vVxnAFANj5PJqsVZnB49erTjMY0T1don+UxMEVTdlimyeQEAAAAAAFC/CKxW2YulJbe7UB9MkzqrAAAAAAAAqFvUWK2yQgkEO2tVZGVuioxVAC/HWr0YAAAAAAC3kLFaZdlstvBvlmXaBhmrAAAAAAAAqGMEVquMLMzK8V4Bh1NzczPXN1Ah0zTV3Lz7CURcZ0DluM6A2tvrdQYA9Y7AahXlcjnNz88XHpuSDIO81c2YplmS3Qvg8PB6vVpbW+NmFNiBaZpaXV3ViRMndn0u1xlQGa4zoPZe5joDgHrHV0pVlMvlNvzixS9iW+O9AQ6njo4OmZLm02llMhm3uwMcWM3NzfJ6vTrZ0bHrc7nOgMpwnQG19zLXGQDUOwKrVZTJZAp1Qw3DIHC4A2qsAofXyY4OfrkGaozrDKg9rjMAALAdSgFUEVOFdof3CgAAAAAAAPWKwGoVra+vF/5NyHBnZKwCAAAAAACgXhFYrSJnYFVkY+6IjFUAAAAAAADUKwKrtWAYm/8bJQisAgAAAAAAoF4RWK2BklAqwcMtUQoAAAAAAAAA9YrAag0QSq3Myuqq210AAAAAAAAA9oTAKlyzurLidhcAAAAAAACAPSGwCtek02lls1m3uwEAAAAAAADsGoFVuCaTyWhxcdHtbgAAAAAAAAC7RmC1FliwameGtcTXo0ePyFoFAAAAAABA3SGwWkUmAdXKmaZkGEqn03r+/LnbvQEAAAAAAAB2hcBqFRUyLw1Dhp2Ria3l36HV1VVX+wEAAAAAAADsFoHVWjBNkbtaOTJ9AQAAAAAAUG8IrFZRSZYqwUIAAAAAAADg0CKwWkVM/6+cYRiFTNXm5maXewMAAAAAAADsDhGtKsoHVp1BQ+yspaXF7S40rMfJpNtdAAAAAAAADe5UV5fbXdgTAqtVRMZq5ZyB5yNHjrjYk8ZWrx9cAAAAAAAAbiOwWiNkre7Akd1LYBUAAAAAAAD1hhqrVZTPWDVLN7rSl4POkCTT1C9ee40aqwAAAAAAAKg7RLSqqBAgNE0ruEpQdUv5bN4TJ0643BMAAAAAAABg9wisVlH5IkyGRDmALeSze48fP+5yTwAAAAAAAIDdoxRAFbW0tBQXsCJbdVumacrr9W4IRgMAAAAAAAD1gMBqFR05ckRNTU3Wg3w5AGzJ6/UWA9EAAAAAAABAHSGwWkUej6e0ZqhpEjjcgmEYOuH1ut0NAAAAAAAAYE8IrFZZe3t7IZhqeHh7nQrvi2Ho1Vdf1dHWVpd7BAAAAAAAAOwNkb8qe+0Xv1Dr0aPyNDVZ5QBYvMoKqNpBVY8dbO7q6iKbFwAAAAAAAHWLwGqVtba0qLOzU2Yu53ZXDhRD1oJVpmmqra1NHR0dbncJAAAAAAAA2DMCqzXg9/t19OhRFq8qYxiGTNNUT08P2aoAAAAAAACoawRWa8BjGPqHf/gHtba0EEC0g6mSlbHq8/lKF/gCAAAAAAAA6hCB1Rppb2+X77XXGr7GqqFipmp7e7t++ctfut0lAAAAAAAA4KURWK2hN06d0tGjR93uhqtM+48kdXd3q7W11c3uAAAAAAAAAFVBYLWGmpub9cYbb5RsMwxDapTyAIYhmaZkmjrZ2amTJ0+63SMAAAAAAACgKgis1pjX69XRtraSbfnp8YeeXQah/dgx9bz5psudAQAAAAAAAKqn2e0OHHatra062dGhR8vLhVqjMgx5HIs6HXZdr79OCQCgwcyl00rPzSmTybjdFeDAam5ulrejQx1er9tdAbAJxjJgZ4xlABodgdV98Hd/93daXFzUwsKCPB6PcrmcTBUXdTrMXn31Vb322mtudwNbmtKnQyOKbrYrMKCbV/vkq9pTjevyiPTR6KB6q9VmTfqS0uSt67p//oY+7qvaq28oc+m00um0Wlpb1drgdaaB7ZimqXQ6LUnckFaF9fk9Hs8/DmjwxlVt+VFes3Fpp3HEGns1PKoPXR8QsRXGMqAyjGUAGh2B1X3Q3Nysv//7v9efv/1WqysrjVEGwPbqq6/K46HixEEX4uYOVZSem1NLa2tDfdYBe2EYhlpaWpSem+Nm9KVZwcqZgRu6e9UOZqYm9cn1Id0fyAc4CWiicoxlQGUYywA0OiJe++To0aPqefNNtbS0uN2VfWMYhnw+Mv6ARpPJZLgRBSpkGAbTjKtganxE0dBwaYaor08fD4cUn/hCU+51DXWKsQyoHGMZgEZGxuo+6ujoUDKZ1NramgzDUC6Xc7tLNdXW1qa2soW7UIfsqZKDAzMan7DmV4aGR/V2bEi37RoC+YzXqfEh3daABmcm7KmYoS2nWKYmb+ma3V6x7IA1fXLmQjGbKDV5S9cSF3R3sNfuTvF5FRoubN+6zQqkJvXJ9QnFJSkQUqjiNwcA4L4p/T4qhYY3GW16gwppRL+fel/Jz+3SNyNDVtaqfUhy8pZu22NHYMA5fb+0XE5xdoc9VnWHFI1GN4xFm3dxXJdH8oMm4wwAAMBhQcbqPnvzzTdlmuahDaoahlH4dv/Y8eMu9waVio4M6fJQ6Z9PS9J7orqvS7o7OqqbAwFFR4b0++Co7o6O6qOQFP18UqnCoROauZDfF9XtW459eVPjujbRrY9GR3V39IYGNaFr41OSfDpzPqBoLP/kKT38Oq5Q0LphTU3e0u2ZAd3Mnzczok8mU5u0OaqPuvNt7iSlybEJaeCG7o6O6u4FKRrf+SwAwAGRSmpGAXV3brazU90BaSYp9V0dVkjl5W+K49vd4ZDiE2OyhpWUJm/ZpQVGR3X3xoBmRm5p0jGgRWf81ni0U1BVU/p0JKrQsDU+3fTPbF7bHAAAAHWHwOo+a2tr0/HDFHB0TJEqTJey/+48edKNHmEP8jd7zj+l9edC+sDO4PF1dUsK6W17f6c/UNpYYEC/tvf1vj+gQPxrPSyLrE7FolIoaGey+tR3ISRFY5qS5DtzXgH730o91P14/rnsIOuFfBaqdV7864dK2W0GBt4vZMf2vj9QbGc7qYe6Hw/onTO+/IkaDGx/CgDgsCiOb+r0q/Dxb48/hX2+Pn0Qiuu+Y0ALnD9T2ayIqZiijnHT13eBjFUAAIBDglIA+8wwDJ3werW4uCjDMGSapttdeimGpPwrKLwS01Rra6teeeUVdzoFd3V3FW80fV3q3nBASskZKXB+09QiyXdG7wQm9PupQfUqoXghADurmbiVXVua6RPSrN1mPHpdlyec+wJKpqTe7e58ZxOKq1sfFDutro2dBgAcVL4udSuumVlpY6TTGju6L/gkzVbe5mxCcUV1e6gstzQ0K2mL8WsLKWvQc5xlZ9HuqhUAAAAcRARWXdDh9eqnREL1HVK1mKZZyFQ1TVOGxyMzl9Mrr7yi5mZ+vBrSTFIp9Vr3tqmkZqSy4KoVuIwnNr0DVr4cwHhsSm8rqlBw0N5u3YiGLmyxmnO3FDh/o3Thkkp0+hXQ144ArBWklX93zWA30oqN3VEkYT3y91/RpWD5KrLWMcn3wurvKd0zHQnry67iOenYmO7kG3PYvF0Ah0+v3g5Jt2NT+rC3bICws0U/2mm2frlOvwIK6YNN64RvKHCzLZ816Kk46lnBXgAAANQ/SgG4oL293fpHnWer5hVehWEUXtPrr7/uWn/gMsfU/6kvJhQPnNeZslhnb7A49V9KafJzZ2mAfDmAEd2OOmvm2fVXHfVcp8aHdNmu4dobLF35OTV5S5eHxncuBeA7o3cCcY1/YR+Zeqj73PDW1HTkjiLq15VwWOHwRXVF7igy7TyiNPBaem5Y92Kl27zBSwqHw8U/F4OSgnqPoCrQMHoHhxWKOupuS9bChCOlZWIq5jujdwJRfVZob0qfDg2Vtl9x54IKydHWVIwaqwAAAIcEKYUuaGpq0snOTj2b3cWUtIPMNCXDUJPHo2w2q/ZjxygDUGc2Tq+XpJA+2jRTZwehbs1cH9LlQht9G/NSewd1c+CWrg0NWY8DA7rpXPzDd0bvBKS4SoOyvr6r+igxpGtD+fn+jvbL21RAgzcq6b9PfVeHNTM0ostRq81QiCmatTOtb2J+9V8Jygp79qg/HC7uTsc0dieiRDCoYCJWcl4kfE8xf1BBf0zJbdqP3IspeDGsni2PAXD49OrD0RuavOUsCRPQ4I1RFScy2JmtI0OaGbihj7u2ay8/NjjaCw3rbp9Pu81YlXr14Y0BfXLdbisQUoha3gAAAIeCYVa5yGc8HlcgENDK8nI1mz10fn76VH/9/nu3u1FV+ZqxgUBAXV3b3q00pFwup/ZjxwrXSDXE43GdOkDv9dT4kG5ruIIVkitr6zP/Hqb2w3Xfffedjm21SN90ROF70sVw/+aBz/S0ptWjHq8VSNXFfCmAaU1P96inx8pmfXBu82n+6diY7jw4pyuX8oFb4OB7sbiot956y+1uAHDYdiwDsAFjGQA3PU4mqxZncXr06NGOx5Cx6pJXHL+oeTwe5XI5SSqpV1oPnAtw5f8+efKkm13CoTCl30cDeucGQdVDyd8lxcYUtuf6l9RC9fZskWnao54dU1Cn9VUkoeDFSwRVAQAAAAA1R41Vl7S0tFg1SWUHJA1DMoz6XNDKfh2S5PP5rNcG7NXUuC4PjWhm4JJIVj2kEhF9qd9Y9VCv9Esbaqzu0fQ3iimos9QAAAAAAADsAwKrLmlqaios8GRKMiSrVqmd9Wk4gpUHniO71ucjEtbIegdHX74MQO+g7o6OUgLgUHMsLOUN6r2gFPvm5SOr6VRSCp6ltioAAAAAYF8QWHXRyY4OSVZQtV6m/pcr7/exY8dc6gmAuuDtkn+Tzf6ul528n9b3DxJVaAcAAAAAgMoQWHXRq6++qhMnTlgP8hmqds3Segy0trS2qrmZsr0AtuE9rXP+mL6Mpa3H6Zi+jPl17vTLB1aTiWq0AwAAAABAZYiCucjj8egXv/iF5ufn3e5KVbz+i1/I4yFWD2A7XgUvXZHG7igcsbYEL4YVfOm4akpJSV0v2z0AAAAAACpEYNVlr776qtrb27W0tCTJrrVqZ63WA8PR1yNHjrjcGwD1wavgpbCC2x7To/5wuPJzvUFdCm/fIgAAAAAA1UR6octaWlqK5QDqkDP8S2AVAAAAAAAAjYLA6gHg9XoLNVZN01R95KraTLPQd8oAAAAAAAAAoFEQCTsA2tvb1eTxFAKUhqwp9nWjTsoWAAAAAAAAANVCYPUAaG5uVltbm/KhVFOqr6xVW10FgwEAAAAAAICXQGD1APB4PGpqaioGJk2zfrJAHcHUellwC0BtNTc383kAVMg0TTU3s5YocNAwlgGVYywD0MgIrB4QTY5f3gzDqMvsz5WVFbe7AOAA8Hq9Wltb44YU2IFpmlpdXa3rRSyBw4qxDKgMYxmARsfXSgeEmcvV5y9ujj4vLS+72BEAB0VHR4dMSfPptDKZjNvdAQ6s5uZmeb1enezocLsrAMowlgGVYSwD0OgIrB4QuVxOhmHINM26CrDm+yxJqadP9eYvf6mmpiaXewXAbSc7OvgFGwBQ1xjLAADATigFcABkMhnlcjmZqs8yAIZhSIahbDar+fl5t7sDAAAAAAAA1ByB1QPg0ePHev78uWSaVnDV46mb4Gohw9bOWn38+LFyuZzLvQIAAAAAAABqi8Cqi9bW1vTjjz/q0U8/SbIDqpJy2WxdlQOQipm2CwsLevLkidvdAQAAAAAAAGqKGqsuWFtb06NHj/Ts2TOtrq7K4/HIlLWAVb1kqubl+2uapmSXBJienpbH49Hrr7/ucu8AAAAAAACA2iCwuo+y2axmnz3TT4mEVlZWClmeOdNUk8dTqLNaVwyjUAbAcGz74Ycf9OLFC506dUptbW2udQ8AAAAAAACoBQKr+ySdTutvMzN6sbgoycr0zE/3d/5bdVYCwLTrqXo8HuVMsxBcNTwePXnyROl0Wm+88YZef/31usvGBQAAAAAAALZCYHUfPHnyRD/99JNW19YK25zh03wZgHqWX8Aq/7oMWcHW1dVVxeNxPX/+XD09PTpy5Iib3QQAAAAAAACqgsWraiyZTOqHH34o1FItcGam1lmW6mbKF9syTVM50yy85lQqpe+++05rjuAyAAAAAAAAUK8IrNaIaZr628yM4vG4JHu6f51npe6WIRWCq4ZhaH5+XtPT08pms253DQAAAAAAAHgplAKogVwupx/icT39+eeSBaq0WU3VQyz/GguZq4ah2dlZGYah06dPU3MVAAAAAAAAdYvAapVlMhn95bvvNJ9OWwFUldZPbZSgqqRC4NQwDOVyOckOMqdSKTUfOaJAT4/LPQQAAAAAAAD2hsBqFS0uLuqvP/ygpRcv5PF4ZJqmDEmyg6n5QGujyWftmsUNSj5+rOamJnV3d7vZNQAAAAAAAGBPCKxWQSaTUTKZ1M8//1xYnClnB1XzAdUCx+PDnrmaf33ZXE6GrJqrsv82DUOJRELNzc06deqUW10EAAAAAAAA9oTA6kvI5XJ69uyZnjx5ooWFhdKdplnI0MwHGEv+bqT6oo73QlLhtRsejx4/fizDMNTV1eVK1wAAAAAAAIC9ILC6B9lsVnNzc5sHVCt1yLNVt5XP2jVNra+v69GjR5JEcBU4RObSaaXn5pTJZNzuCnBgNTc3y9vRoQ6v1+2uANgEYxnqVaXjy5/+259k35ZJkv7Tf/efCvumvp3S+vrapvv+9N/+VNKOcx8ANBoCq7uwsrKiVCqlp6mUVpaX5fF4GmoxqmpyZu+ura0pPj2t1dVVdXd3y+PxuNy7RjKlT4dGFC3fHBjQzat98m152rguj0gfjQ6qt1o9GR/SbQ3r7mDlLW53zl7a23epSX1yfUIauKGP+5zv9pQ+Hfpc3Teuqm/L/4RdP5kmb13X/fPlz1V9c+m00um0Wlpb1Xr0aE2fC6hnpmkqnU5LEsHVl2KNZRoe1YcbPvL377PvZaQmb+naRHzTfaFNX1eFqjReT40P6fbGXxY0WNVx6mBhLEM9q3R8Mc2czv3nf5Yh6b/+4Q8l+3K5nP7jmTNqaWnZsM80c/rP//zP0ibnAUCjIbC6g/X1daXTaf3888+F7NTCYkx2cJDg6h7YX40W6s+aph4/fqylpSW9+eabamtrK61Ni5oqvWmzbkKv3dL2wdUaCPg79/HZDo74xBea6qtekNpt6bk5tbS2cg0DOzAMQy0tLUrPzRFYxc5farotVPplZWrylq5dvyVVElxNTeqT61/rnToKxDKWoZ7tNL78P9/8X5IkX/aftG6vEZLN5grbJalj/T9qfX1dhmFs2OfL/lNhbRHnvv/57P9as9cEAAcVgdUyuVxOq6urer64qNTTp5qfny/sywdQnUFUftnaG0OSKcfiXvb7OD8/r3//93/XiRMndOrUKR0/flxHjhxxta+Nx6e+q8OaGRrR76b6Ns+S6R3U3dHqPmunP6DururdbfUOjupu1VqrpYACgahujwcPdnbtLmQyGbJ7gAoZhsE045ryqe/qqPrc7oZbajBe5/n6ruqjxJBufzGlvkMyfjkxlqHebTe+5DKmfvmmX0t/zRW35XJ6441iabaVH47oyJEjMk1zk32l5/n/7u/0tx8TNXgVAHDwEViVlZW6tLSkxcVFpdPpkrqp5YFTwzCKCzGVBfHZ4mwAACAASURBVFlRuXxANf/u5d/l/Ps9v7BQCGqfOnVKJ0+eVFtbG0HWfdOp7oB0P5mSen2aGh/SZwpJ0ajigQHdvJDQtRHpoxt+fVaWgVI6Bb+01EAxM9bKip3pDikajdpZMFf1Yf7pp8Z1eSR/1t6mGpaXAiiZZlmSFbRFH+3smu6QFI3G8zuLwc/t+mhP8Y9X2P93LgxIIyP6NLjJdM8NWT7OKa/5Ka4D6p6YsF5DYEA3L0n/ln/+DRlQD/XpkONYx76SqZ6O17rh//8gZ1QBQInyUgBbjUvbjBP2dPpQKKpoNL+7WFqg5LOz7DNy67Fnd6znCBWn9E+N6/LIjAZvXFXXF0O6rQENzkxoPC5J5cfZpQCmxnX5cymkqKLxgN77H+L662lHiYSpcV3+3L+rPnb6A9LXSaXUK1/5e1EY/6b0qT0mxR0ZrtV6bwDsXiZjKmOuK5fL6g+xWGH76up64d85rW25L5vNlOzLmOvKZLgvBtCYGjKwms1mtbS0pBcvXujFixd6+vTphixUUyoGTg2jkGFZwjGNHXuTD6jmA625XPHbz3yQ9fHjx3r8+LEMw9CpU6d04sQJvfrqq9RirSmfurqleGJWsm9z4lHpo9HRwo2addgZvROY0P2HKfXZN6y/j0qh4V5ZN7Mjmhm4obvWHZQ+uX5Lk44gY3TGr5ujo2U3UlP6dGRGgzdGreOmxnV5bFJnXuaGa2pc1ya69dHoVfXKuvG7Nt6lu4OdW/fRetWKalh3R3vtffng53Z9tG4gu4dH9XGvve/6uLq2q2/X2ad/Hfha1z6f1K/38DrjEwl9MDqqD+2AwbWxAet9tQO8zszj+MTXeufGqO767JIP4126O9ir1OQt3Z4Z0M3RPvnsQMQnk8Ub7pL/fwCoS9uMS7NbjRP5T72oZvw3dHfUZwcrxzR5xjqv+Nlpnfdvk2esz84tx54tPknjE7o2NFG6zQ449g6O6iMN2bMbpE9HogoNW2PQlCRFJzQzPKq7vXZw89YWAdJ4VLKPswKpD5Xqs/seiypw/sauxiCf9cuCZiX5pja+F/ls1g9vDGjG+SXhbt8bAFWVXc9JpqnWv0+W7SkmFTUHnm697/ST0l2mYbUJAA3o0AdWTdNUNpvV8vKyni8uamV5WcvLyyVZqZudU7ZhY1AVL63wPtsB1PL3vWS/HeR+9OiRHj16JK/XqxMnTujEiRNqb2+nJMN+CAU3Car5dOZ8QONf2zdmqaRmAgP6115JqYe6Hw/pg6v2LZqvTx+EJvTZw5T67DmZgfNntriBi2s8P7Wwd1B3r75c16diVlZsvv+FMgGpya37eEaSAhp83z7L16XuSvo4FVM0MKCbhSd7X4OB6/r91KB6t7lf9PVd0uDX1+0b8t29vsDA+/ZrszKNC+/rhj5LCl2wA9s+9V0IaXwkpqnBTiW/jit04ar9/2Hvs2+4rfM2+/8HgDqSeqj78YDeuVT8zP941PqMm/oiqsDAjeI48f6AAtdjmhrstbeF9EH+W8FOvwKaKbYbL36B1Ts4qo/tzVOxndoss0PWZu/gsEJDI7oclTWroLf03F/3Op/naz1M9W1SAiGktwsdCioU/9w6zjel30cDeufGS+SMlozXKSVnpI2DkGXX7w2Aqsqum/r+4SO3uwEAh8KhC6zmV5l//vy5VlZWrOn98/Myc3yDdmDtlPFbvt8wlLZXajUMQ52dnTp2/Lh8nZ1qaWmpXT8binVDFDi/82JSvr4LCk1YN2ZnHn4tnb9k3RTOJhRXVLeHypYRDs1K2q7dXn04Oizlbx6lDQtm7M42r2W7Pp7Zrs2t+5hKzkjx6Iaso4BdVmFr+UDnmCbPXKjgde1NyQJhnX4FlJA0q5m4FB0ZUuk7EdJszXoCAPtsNqG4uvXBho9ia5yIR6/rcslHd0DJlLYP9PUO6u6wdNnx+RmyS7Vs2+ae4pe9+vVAQNGJbn1UPiZ2dxUDspt9qbZFe2+H4vaXiUnNBM7r17vsV8oaYK1RvawMTiCw5Vk1eG8A7MZp7zv6xeu/UDabrUp7TU1N+vnJz1VpCwDqTd0HVk3T1OrqqtLptJ49e6aVlRWtrq6WHmQYhYxGaqIeAnZ5hnwWayqVUiqV0t9+/FFtbW3y+/06efIkWawvI/VQ9+NS94VK7m7yN2ZT0tcqZgJ1+hVQSB9sOgU+tWObH46OWjVXS6bg7/J1SNqsrEHBdn1MlU+NqrCPXd1S4PzeasX1Duqj0JBufxFTaLfn7sVswr4BtjJdQxc2f4+navX86ZjG7iT1XrhfPSXbIiosfxC8qHB/fm9asbE7iiQ221fSsGJjd/Tg3BVdCtor4U5HFL4XcxzjV/+VSwqyEDvQODr9CujrTYJ31jgROO+oN+q00zdMvYO6Ozooya4bOjKut0cHt29zL1KT+rcJbb7g4UyxzqlSSW2TLFra9WBI8c8fakqOL0Yr75Aefh2Xui9YU/+/mFC8rD737U3P2+H9xoGUjo3pzoNzunIpqA1D53RE4XvSRed4jgPOlNdr/U/mF2f2eDzW4sK5XGFx4fy9s8exiLNhl2MzTVOGiuXbfn7yZLMnAoBDr+6KVGazWb148UKpVEp/+ctf9Mc//lF//OMfNT09rfn5ea2ursrj8ciwg6lGvj5qfjo/wbb6Zg/y+X8X/o/tAX5lZaXwc/Hjjz9qeXm5pG4rKpHS5NiE4o5phTvpDYYUnxjRePeF4iJNvjN6JxDVZ5P5IOqUPh0a0ieTOwRVU5P6ZOiWCof5utStgLp3Tp7dtn+KxgoBwtTkLV2+NalULfrYG1QoPqHfTTmPHdKnFUYneweHFYpGi5mjvi51K677D+0nm4qVZZXuTnziC/t9SGny86g9xd8q6RD9fLIQ8p4aH7Leo5d4rm2VB1AlSdOK3Imo62JY4XBY4fBFBWP3NBZLW3sjdxTpurjpvtKmf1sMvua3pZJWIDacb5ugKtBwfGf0TsDxeWp/5n86lR/HvigdJ4bGd/xiqTCe5J+iq1sK+GUNB3trc4tn0uTYhDRwSR9fHVYoOlI6rsS/VmGY+GJC8cB5nanou1FrzLo9EVd31y7DqpNjGo87SuZIdoBXUmpSn20zWFX3vQGwW6Yptbe3q729XS2trTpy5Ija2tt19OhRHTlyRK1Hj1r7WlrUcuSI2tvb1Wrva2trKywq3NLaWmiH/CUAjepAZ6yapqlMJqOVlRU9f/5ci4uLejY3Vzqt3w6smZIVXDNN5exv2fILUBUOzbe7j68BNWL/v5rOx/Y3qYbHo/X19UI91ldeeUWvvfaaXnnlFbW1tZHJuokNU8B3O/W+N6iQolLQeY5PfVeHNTPkmOoXGrYWDNkuXOfr08fDCV2+PiR7iSwFBm7ow63u96KO6fjW0dYqySX9G9TNgVu6NjSU74g+shfX2LKP20UUt+2jtUjHJ9eHdNm5r+K3Mz/Vs/TxtQm7j6EBDQbkrO63K4EBv34/ZGcRBQZ00/5/9vVd1UeJIUcJg+J7VO1yAOnYmO5EEgoGg0o4k0jVo/5wuOTx2aAUS6YledXTH1Z4i31F0/oqIvn9Zc+ZTMjfRSQVOMw2jGWBAd286qzrsnFcCgzcsBYaVPk4EdDgjW0WHcy3uOGz0zrPGg522eZmi1dJCgz8F73z9f+ucQ3oZp9Pkk8fDod0eeSWuvPjXahbM4Vxp/j5vbNevR2SolFH7dWtbBhvQ/rIMePDqpNqv4bAgD4aCOj213Ymrb3Y5fj1Ic0Mj+rD3b43AKqsuIZINpvV+vq6WlpalMvltL6+LsPjUZPHo0wmI9M0daSlRdlsVmvr62o+ckQyTWXW19XU1KTm5uZCmwDQiAyzynPj4/G4AoGAVpaX93S+aZpaWlrSwsKCnj9/rtnZslt6OwNVUmng1DBKpig4j2X6/yHm/HlwlAjI7yv/6rSzs1MdHR06ceLEvtdjzeVyaj92rHCNVEM8Hteprq6dDwT20Xfffadjx49vuT89PS319MhbwdTB6UhY97TZlP9pRayT5dw1HQnrm7NX1PWlsxSAVRog+V7pscBB8WJxUW+99Zbb3UCdsqbc770WeWrylq4lLrxELfPDabuxbDoS1pddZeVmvuzSld9Ivy0pcVMcf85+s/tzNo5Z+VI3/eqKRBSTJH+/3YY9C8Tfb0/X382xm3GW3/ErGJRiyWIpgOlIWPkKO8FgULEYpQAOoq3Gl39/8EDn/umfJEkrq6vKZDJqa2tTLpvV6tqaWo60qKm5SWurqzJNU0fb2rS+vq719XUdPXpUMk2trq2pqalJra2tVpt//KP++3Pn9vX1AUDe42SyanEWp0ePdl7o78BkrK6uriqVSun58+eam5sr3ekInuWZjn2F7EXTLPmerPycQq0YpobXPSNf88dR4sFwZC/n95XX1p2dndXs7Kza2trU0dGhV199VSdOnJDHU3dVMYC65e2p8LYrHdOXMSl4sfT4ws2cv19XesqOT/brN/3S96UNKZmQYvfCyifI+vsdN7cA0LCsOqmhCwRVd6PnbFCJL79XOmgHGb+JyX/uirxe6Zw/om+m+9XTIyn9vR4kgnqvR+rR7s/ZSiKS1HvhsPrtLxnv/LZfV8Jhee0yO19NBwtB2d0c65SO/VYR9etKOChv/stMvx00m47oXixoB1KtAKwUrOp7jNoyTRXKpWXW15XN5gpB1Fw2q3WtKZu1MlYlaW11VdlsVtlMVutrazJNKZvPZm1uLt6bAUADOhDRpPn5eX07NaW//e1vxaCqc7q2nYXq/CPnH8cxzgzFkuzVTR6jfm34f7T/b3Ob/Z87j7N/rpaXl/Xo0SN9++23+vbbb/XDDz9oYWGh9h0HUCGr3moieHHDDV9Pv1Un9WJXRHfGYrKqrKYV++0DnfvNJpk36ZSSkoL52q1X+qXIHUWm9+N1AMABlZrUJ0PXNd49vMfFIRtYz1kFEw/0fVqSpvVNzK9zp72SvDp9zq/YN9YAk/7+gRLBs1YW517O2YK//117v1ddfsl/7rQ19nl9Kp/HtJtji9L6/kGieKx69G5/scbO9DcxqdBHr4LvEVStN6ZdPi+Xy9n3T7mS7dZ9c/lj6zjr/sp+nG/DPgYAGpHrGaumaeqnn37S0osXpXVRy6d1V+8Jq9seDpbN/n+d2zbZPz8/r4WFBf389Kna29v1y+7uwiqZANxgZcbEgpuVACjqebdf/jsP9H06qGD6K0W63lN4s0vXG9SlcLDk8XvBiO59M63+SrNnAeCA6h0c1d29nOjr08ejfdXuToPo0dlgQl9+n1bwdEpJ/zm9a48/3tPn5I98o+n+HimZUPBsz57PydcktwR1MfxuTV7Nxuc5q2RC6nqvOKh6ffkwbFqppOQ/5xhwvV3yK1mTvqFWiskoHsMj08ipqalJkjUz0OPxqLm5SdmslbHa3NxcKLvW1NQk0zSVtWcLSpTeA9DYXA+sPnv2TPPz88UM1R2CYEC1eTyeQkB/eWlJP/zwg44fP67u7m61tbW53T2gwVhB1WT/FYV3mqqfTiqhLr3nlaa/ikmxmMLOxbASdxRObh2cZTErAMBe5csBTOuBdO43xdkS3tP21P6zUiyos/17P8cbvKRwSTJoetu1Nfdq0+fxSw9SaanH6mU6lZTUJckrX5eUcC4emU4qIdSTfCaqJGUydimAtTXlcjlls1lJVqmATCYjU1bZvnwpgLW1Nfu8jB2AbbaP594dQGNyvRTA48ePZXg8pYtMsWo79lEul5NMUx6PR7mc9UtFOp3WgwcP9OOPP2p5jwuxAdittGJjVqbqZvVPpyNhhQvz99OKfVmcipgvD2D9uaJ+v1VHNdzfYy0QEo5outiQ7hWmYAIAsAc9ZxVMRHQvklCXzzme2FP7791TzN9VWp5mL+e4wupPIvKVPXZapQHyes4GpdiXilm1eKzSAKgr+Rqr+UBqLpdVJpu1gqfZnLK5nPU4l1OusN06Lus4rng+a5gAaFyuZqwuLy/rxYsXGxeTsgOsFMHGfjGlwrezpmkqm83K8Hj06NEjzc7O6o033tDrr79emO4CoAbS3+tBQlLiXmnmqb1qcU//FfWP3VE47Ni+TamAgp5+hS9GFC6caNVbZe0qAMDe9ehsUIrFgjpbNhR5T5+TXwmpUKP0Zc5xhzd4SReTYd2zB+RgMKjCbP+efl3pH9OdO2FFJPmDQfm3bAkHkTNj1ePxKGeaavJ4lJNkGFl5DENNHo+y9r1PYfp/NiuPp0mSKWtd6GIpAO7bATQqw6zyJ2A8HlcgENBKBVl+iURCiUSi8CFMjRa4IR/AL/n5s+v7ejyewi8KPp9PgUCgMN1lt3K5nNqPHStcI9UQj8d1qmvrpQcAN3z33Xc6dvy4290A6saLxUW99dZbbncDgEMlY1k6NqY7yfc2KTkzrUj4S3VdubThS7y9nAPs1VbjS+z3Mf3jP/4HSfY0/1xOra2tyuVyWl9fV3Nzs5qamrS+tiZTUmtLizKZjDLZrFpaWiRTWltfU1NTk/VY0rd//lbBt1nIDIA7HieTVYuzOD169GjHY1wrBWCaphYWFkpXcLf/SNY3Z8B+MOzC6/mfP8MwZNh/5+ygqmEYSqVS+vOf/6ylpSWXewwAAAB3WdPjg+Wpp5I0/Y1i/nPaWHFmL+cA1WeaOeVMUznTLJQAWF9fV2Z9XblsVplMRuvr64Vp/+vr64XjMuvrWs+sF0oE5LJZmXZZAQBoRK6VAkin09aiVU6OICsfzNgv5T9rG/KlHdP/FxcXNT09rUAgwMJWAAAAjSgd09idiBLBiwqXxUinI2Hdi/nVf6W/dEr/Xs4BasQ0VVqOzzStNU8cpfgMqbDAb342X35mn2GaVhv2NuabAmhkrgVWl1gQCHXAWVM1v7jV/Py8EomEfvWrX6mpqcnF3gEAAGDfeYO6FN58ynNPf1jh/iqdA9RQzg6gegyPTMO0aqfmcjI8Hnk8Hnk8TfIYWZmGYZVH83jkyeWsmaWm5PFkC7P+RCk/AA3MlcBqLpfT84UF64H97RdwEG2o92v/vKZSKR05ckQ9PRUsnAMAAAAAB4Rpmmo5ckSSdKS5WWZ+bQlJLbkjVnKJYaj5iBUu8BiGTPs4wy7Zd6TlSKF8Wr5NAGhErgRW19bWNJdOS3JMMQAOqPziVuWLrD1+/FidnZ165ZVX3OwecOA053/xdmR8A9icaZp7XhQRQO0wlqHe7TS+/OlP3+xjbwDg8HLlN/mVlZVClirfbOFAsxe2krTpL9dPnz4lsAqU8Xq9Ss/Pq6WlhRtSYBumaWp1dVXeEyfc7gqAMoxlqGc7jS//8j/+yz73CAAOL1cCqwvPn7vxtMDu2atlFhiGDFnlLAzD0JOff9Ybb7yho0ePutZF4KDp6OiQKWk+nVYmk3G7O8CB1dzcLK/Xq5MdHW53BUAZxjLUM8YXANg/+x5YzeVyevLkyX4/LfBSCuUAcjmrzmo+c8E0tby8TGAVKHOyo4Nf5gEAdY2xDAAA7GTfA6vr6+vKrK8XN7B4FeqAs2RF/t/5LetkMQAAAAAAADQcz34/4dramvUPO+OPikWod6srK253AQAAAAAAAPts3wOrS0tLkooBVRavQr3KL2Tw4sULl3sCAAAAAACA/bbvgdW5uTlJxWnUQL2bm5vjCwIAAAAAAIAGs6+B1Ww2q7m5OSvTzzSLCwAB9SZfysL+u1DiAgAAAAAAAA1hXwOr5cEnwqqoW6ZZkqWaTqdd7AwAAAAAAAD2274GVpeXlyXZdVUNwyoHQNYq6phpmjIMQ6lUyu2uAAAAAAAAYB/ta2D1yZMnxQemKZkmWauoS4ZhFMoAGIahhYUFLS4uutwrAAAAAAAA7Jd9C6yapqlMJrNx+351AKgiM18KwDCUy+XIWgUAAAAAAGgw+xZYXVtb0+KLF9YD5/R/VlNHnTIMoyTjem5uTuvr6671BwAAAAAAAPtn3wKri4uLxSCq/bdBfVXUK/tnt1Av2DS1srKi2dlZlzsGAAAAAACA/bBvgdWF58+LDwioos6V/ATbC1hJ0sLCghVsBQAAAAAAwKG2L4FV0zS1+Px5cbEfWdmqBKBQr0zTLNYHNozClwXPnj1jESsAAAAAAIAGsC+B1Vwup8XFxeLUf0fGKuUAULfyJS1kBVoNj0emaWp+ft7dfgEAAAAAAKDmmvfjSRYWFiRZAVZJMu2/JZG1irqX/xnO/z03N6euri41N+/L5QUcSHPptNJzc8pkMm53BTiwmpub5e3oUIfX63ZXAGyCsQzYGWMZgEa3L5Gfubm5/Xga4EBYXFzUeiZTR4HVlCZvXdd4vLglNDyqD3udx0zp06ERRQuPAxq8cVV9Pnvv+JBuR0P6aHRQztNSk7d0LXFBdwdLGtvzOXs2Na7LI9rwXKiNuXRa6XRaLa2taj161O3uAAeWaZpKp9OSxA3pS9tpLLPGMdnbGLewE8YyoDKMZQAaXc1LAZimqRcvXtT6aYADZXlpye0uVMi+Ee0e1t3RUfvPsDQypE+n8sdYN6MzAzeKx9w4r/vXb2ky5Wwrqs9KN1RgL+fgoEvPzamlpYVSL8AODMNQS0uL0nwB/ZIqGcs2w7iFrTGWAZVhLAPQ6GoeWF1ZWdGLugkyAdWxVDc/87OaiUuhoDMfple/HggoGrPvRlNJzSigd874iof4+vRBKK77Dx03l4GANDGmXd1v7uUcHHiZTIYbUaBChmEwzfilVTCWbYZxC9tgLAMqx1gGoJHVPLC6sLBQUlMVaAQvlpbqpH5wp7oD2nDj6eu7WpzS6OtSt8qCqJJ6B0f1cZ8j2Np9QR+E4hofm1TF95s7nTM1rstD4yr0LjWpT4bsTNn8vyfHdXloSJeHhvTJZEqpyVslj52Sjn2lWUxT+tTeXrovpclbQ/p03H6O8W1TnwAArqhgLNsM4xYAAABeUs0Dq5QBQCN69uyZstms292ogE99lwYUiI5seVMn9erD4ZDiE9e3uLlzHDk4rFB8Qr/bxX3cXs4pims8EbSmfdp9/Ddd0t3RUd0cCCg+8UXx5lZRjScuFI6NjuRLGaQ0ectR6uDGgGZGSsscRGf8ujk6Wt36eQCAKqlkLNsc4xYAAABeRk0Dq7lcTisrK7V8CuBgMk2trq663YvK+Pr0sV2Tzrqpu74xeNo7WKhb91FIio4M6fJQeY1VKR+EjY44snV2tJdz8gIafN++aez0K+AoWeDr6t762N73NRiws3BTD3U/HtIH+ezbTcocBM6fkU8AgAOrkrFsU4xbAAAA2LuaLlueyWS0sLBQy6cADqy1tTUdO3bM7W7siq/vqu722Sscj4zr7U1WI+4dHNXdQXt15LFJnbnaV3bA+xoMXNft8aBu+it84r2cs2vd6ircZfpUuH+dTSiuqG4PRUsPD81K6qxVZwAANVLJWFaCcQsAAAB7VNPA6urqap3UmQSqry4yVqfGdflzv25e7SvJbHFmzaQmb+la4sKG6YSd/oA0s1mj1pTM+9c/1+9ClXZkL+e8jJSSM5L8sjOGQvpg0xtvVicBgAOvgrFse4xbAAAA2JualgLIr4zOippoKPbPe13UF+4NKhSf0LWSxS1Smvw8KoWC6pXkO3NegehIWb26Kf1uIr71VENfn/51QIpG45X3ZbNzOv0KKKrf291LPfxau2ixTFSf5V/D1Bcaj9vTL31n9E7Asc9eEKTS+nwAAJdVMJbtiHELAAAAe1DTjNV8fVWyVtFQ7J/3p0+f6le/+tUB/2KhVx+O3lD3reu6PFTcGhi4obuO2m0fj3bp06HrujxRPCY0PKqPt7lb9fVdUGhiRNGtD9n5HF+fPghN6PbIkKKSAgMDCunrXbToFNI7GtPloXih/9ZL9Knv6rBmnK8vNGy/fm5SAeDgq2AsqwDjFgAAAHbLMKsc9YzH4woEAlpaWtL3332n2dnZajYP1JW3335bzc3W9xe5XE7tx44VrpFqiMfjOtXVVZW2gGr57rvvdOz4cbe7AdSNF4uLeuutt9zuBgAHxjJgdxjLALjpcTJZtTiL06NHj3Y8pmalANbX1/Xs2bNaNQ8caPks1fX1dZd7AgAAAAAAgFqoWWB1zbFw1cGeCg3UTiaTcbsLAAAAAAAAqIGaBVYLK6ITVEUDW1xcdLsLAAAAAAAAqIGaBVYLASXTFEtXoaEYRuFnfuH5c1e7AgAAAAAAgNqoWWA1mUwWH1R3fSygbrwgYxUAAAAAAOBQqllg1TRNaquiMZlm4cuEVUetYQAAAAAAABweNQusAg3NMApfLLCAFQAAAAAAwOFT88AqWatoSI4s1ZWVFRc7AgAAAAAAgFqoaWDVtP8AjYzAKgAAAAAAwOHTXMvGDYn6kmg8dpZ2/iefwCoAAAAAAMDhU9PAqmmaVpCJ4CoaSdnP+/r6uksdAQAAAAAAQK2weBVQA4Zj8arV1VWXewPsr+bmZmYrABUyTVPNzTX9nhvAHjCWAZVjLAPQyGoWWGXRKsAyPz+vXC7ndjeAfeP1erW2tsYNKbAD0zS1urqqEydOuN0VAGUYy4DKMJYBaHR8rQTUmGmaymQyfIuLhtHR0SFT0nw6rUwm43Z3gAOrublZXq9XJzs63O4KgDKMZUBlGMsANLqaRXpM0yxkrfI9LxpN/uffMAwCq2hIJzs6+AUbAFDXGMsAAMBOalpjlYAqGpqjHAYLWAEAAAAAABwutV28yjQJrqIxGYZMR13VlZUVFzsDAAAAAACAaqt6YJVFqwCbXQZAKg2sco0AAAAAAADUv6oHVtvb2zduJJCEBpdKpbS8vCxpi2sEAAAAAAAAdaXqq+l0dnbq6dOn+vvTp5XNZqvdPFC3XiwtKff0qbxer9tdAQAAAAAAwEuqemC1qalJr732WrWbBQAAAAAAAIADo7aLVwEAAAAAAADAIURgFQAAAAAAAAB2icAqAAAAAAAAAOwSgVUAAAAAAAAA2CUCqwAAAAAAWPFv5QAAIABJREFUAACwSwRWAQAAAAAAAGCXCKwCAAAAAAAAwC4RWAUAAAAAAACAXSKwCgAAAAAAAAC7RGAVAAAAAAAAAHap2e0OAHDP42TS7S4AAAAAAIAGd6qry+0u7AmBVaCB1esHFwAAAAAAgNsoBQAAAAAAAAAAu0RgFQAAAAAAAAB2icAqAAAAAAAAAOwSgVUAAAAAAAAA2CUCqwAAAAAAAACwSwRWAQAAAAAAAGCXmqvdYG4xpdXo/6nsj/+fzKW5ajePQ8o0N9m24Rhzh/2VnWuWbN+5P5WcW7p98+M9x06qNfAv6vif/jc1veLb/IkBAAAAAABQF6oeWF39f/8PZaa+rHazQN3LvXimpT/931I2I9//ctPt7gAAAAAAAOAlVL0UQCb+dbWbBA6V5b/ed7sLAAD8/+3df1CU6Z33+3c33dDyYwYEjY6Sod222Gc0Jy4L9RzmpJpYzkoSKSumsmPQqbPOZlZq1n+M/GNGk2VT88N/IP7jM4XrbtyqQePsViY1RTKrz1oTqJyh6sDymGd0zlLyCPPgKKOgRECB/nGfP+67m+6maRpFuoHPq8oq+r6v+7q+dw96T3/7ur6XiIiIiIg8oYWvsTo1vuBdiiwnxqT+joiIiIiIiIiILHXavEpERERERERERERknpRYFREREREREREREZknJVZFRERERERERERE5smxmIP90ZfBv/zvfK49WMUDX8ZiDi2yKHIdAUpzH7J7/TB5jkCqwxERERERERERkadkUROr5z8voPNezmIOKbKoxvwZ/MdIHgHDxv/91S9THY6IiIiIiIiIiDwli1oK4NqIazGHE0mZntFVqQ5BRERERERERESeokVNrD4Mavm/rAyP9LsuIiIiIiIiIrKsLWopABERERGRhdXDe3VNtOOlvnk/pVGnWjjY1A7ufbx9tIqi+fbcUkcjRzi9v3TuxiFDbbxzrIMX3zpKVbwBQzGFPGZs8vSNjY0xPjZGIBhMdSgiaSvDbicnN5fc3NxUhyIikhJKrIqIiIjIEufG7W6ns2c/pRE50J6u9tkvmafHSrLO7ISDTQPsf6s5nHQdajvBGycIJ1fnM86CxCRxjY2NMT4+jsPpxGmzpTockbRlGAbj4+MASq6KyIq0qKUARERERESehuJiN+1dPRFHhhgccOP1uh+7z9L9zQuatBwaHAB3JVsipqcWVe3B29fBtaEFG0YWwPjYGA6HA5uSqiIJ2Ww2HA4H42NjqQ5FRCQlNGNVRIAh2k4co6Vv+oh731v8OO4axifU08LBJmYu1xQREXkCxeWVuJu66Nlfaj5fhq7xCZV8b2MH7QMRDWOW4oefd0NtvHPsJsXedtrbwXukmYouc0bo2xs/oLEdoImDoRmiQ228c+wc4Uend+6Zo0XriqGvg2tDVRFlAkp5pfkoYM5eTXacGW3Lu6KfrzElCXpa6qz2qPxAEgLBoGaqiiTJZrOpZIaIrFhplFh9nZ9fqGJD7OHxzzj71z/jt6kIaZ7+tumXfJM2Xj7ybsyZxb236Tj6+bt/+itK+v+ZV3/20QKPIsuHVZvOe4TTR0sjjh3j4E0tLxQRkSWicAsvus+FywEMXeuAytcopCOiUQ/vRS7F72nhYNNFeqpCX/a1M7DxLU43mynHni7zqqKqo9TfjFx2P0TbmXMUH2nmx6VYScwPaKs+SlWiGEv3U++to/FYHS0AMXVh5zVObNtQsPH0tNA4sI+3m6fLDfxD25an8wWqiIiIyAqSRolV0xe/+wE/Cuclv83f/dNfcaDpdX47I1m59MS9t3/6KSSRXP3OT/+RAyWfL5kksywdPS1NtLv38XZUArWUV454aY+c+SPyGHw+H3fu3GFqagqf34/T4SAzM5OvfOUrOBxp9wh6bCvlPkXSWxFbKt18MjgEpXCto4/iPUUwGNlmenYoWEvzKY447+bFLckkG4uoOto8/XL4Jn3Ai0lcaZYXgNAXm411iTbXevxxZug7x7/1VPFKqRnDjx+nDxERERGJkuaf9j7i7ztf4v1vevhb4L+lOpwF9RF//9cl/PxCFX/xOvx2AfPG/+3ID6z36tsL16ksUz10toP3SJwPc6X7Od0c3dbcddnkPdLMK+ZaQ9pOHOOTYi+0t1tLFaNn4EQuP/R6vdHjRC1xdLM/tItynCWZryjDu6Q8ePCAL7/8kjVr17I6K4usrCwmJyeZnJzkxo0brFu3jmeeeSbOlQu0w/dcO3MvkMe+z9jlvWERfw+etkV6j0QWS9G6Yvo+uMbQFvikz8v3SolJrEaXvnG7H7/+avTSejfz76mUV5qbecX6N2+2GaRPPg7mM/0IHGyqi/McFxEREZHHleaJ1Ti+/VN+ceAFcgAY59rZH/L3H4WOP8vIFxvYsMGaHUoj738ztAA/ou2c/TzPyBewYYN5li8il/ebM0235IQC+oLf7a1/zKRvPyPjVZSs+TZgBva3Tb8kHHJo3NcbObAlB3ghYobr7HFElgKI8nqC90NWpqFBBnDzYuGcDWk70cTAvrc4Ha5Dd4K2iGRMXzvUNzdTan1obWwpt5YmttDYHkqQmecglFzt4b1jEUsce1o4eKyFdc3xl2TK0vHgwQOG793jTzweAoEAk5OTPHjwAIfDQU5ODp7Nm+nvN/+Nip9cffo7fC+EyPuMlGUlWJ955pk573PRkqgiK0FpOd6+D/i3i9Dn3YO5mD5Cz0Va+iK+tLHqfs/bUBu/ao/9MrBjrotoO3GMgT2xCc1Cit0wEPeSxxlnFqX7Od283+r2BG80tVCheucL5A6d5y/Ti4cdtRWsjTrVyfnLvVBYwe6dHnJm6yLpoTo5f5mZ4yQZIztqqZjfhSIiIpKAPdUBJPZt/q5iA3zRayUuX+fnB15g5Hc/4OW9P+Dl342w5UAjfxtuv4H8kX/m5b0/4Efvvs7Pv5nPtbMRbf/yp3wnTj9nrxHTTw4b6DKvO/sZ4xuq+Pnr5pnv/PT7bBlpM8/t/WeujW+g4qePOzP0I+6OQE5+idX3P/LN/M84G+o7v4pf/PTb8G49Z6+NR9VknX8cid4PkWk9LXUcrJv+814P5gYgfV6+F8r+FFXxPW8fn0RsYezeV219OCtiXcSqyp6udvCWh89V7fFGnqTdvY9vhT7VlVaz391OZ3hT52SXZEo68fl8fPnllzz//PM8fPiQGzduMDAwwO3btxkYGODGjRs8fPiQkpISvvzyS3w+X9x+nsYO3wsp8j4Tmes+RWQhlVLh7aO9vQ9v+WwpwwEGhwCGaPvgSb6s6WNg2Pyp52K82eexzFIF7U0naIvM9vZcpKUv0fMuyXEKN+Jm+hk6dK0j3Hao7QQHT7SFk8xF64rBvZE5v1eVeSiksLCXz+9EH73zeW9qwhEREZFFkXYzVjd885e8/82IA+OfcTY0W/R1DxvGP+NsaPLou//OtYq/YvPrQD/AOP2dkVMwc9jyF6/DR+/Cu/W8HLrudQ8b+ILfWa9/+7Mu/uJCVVQ/1/67dfKju4wcmO7xtz/7YUSN0xLyn/hr55BvU1GSwxedoRqqVhmEigq+w8xppY8Xxyzvh6xcResoDn1gsz7PxdZ+A6yabu1mHbhI3mFI+LFsiMEBcFdGtCnciJub5tnBAehr5426c1FXuQeHEncrae3OnTusWbuWQCDAF198QTBml9hgMMgXX3zBpk2bWLN2LXeHhnhu/foZ/TzxDt8zzFbO4snuMxmJ7jOhhKUyOnhxXzEt58w7cu97i7/hDG+c6wu/Dr8PKXqPRFKhtNwL7VAR73e3tJr97mO0HKujBTf7j+zD3dSBVZZ17n6bmjg4YJYi+Z73HI3W0nrvkSN425vM52mC51dR1VFOr2vhYHjzKjDL5xwNj5/0OEWJ27r37cNrbdwV2hRr+nnrZv9b+xOXU5F5KygopPfzO1SEnw3jPLhfiMcDvfcXaJC1FdTWLlBfIrP49NNPKS0tJTMzM+r41NQUPT09fO1rX0tRZCIi6SftEqvRGzxF+86afMjZwIELvyQi18n4mm9bCdFI7/KjvfDzC1W8f8Han9VaWv+dNfkw/vnMS5IRs5x+fPxxOgn5NmvyYby/n1BydEZiGSghzu3NO47Z3w9ZyUqp8ELjB218K1G9ysKNuPHyvbhLBofiXBBizl7tuxmRubU23oDQjJnK+LUyE3UraW1yaorVVp3R2KRqSDAYZHJykszMTO7fn+XT5oLs8B0ydzmLx73PZMx+n31WgmfadDJzrlIZfbTc3GMu7e1p4WDTMf5hn1k6Y6jtBG+cC70PqXuPRBZH9IZUsTXCi6qOcroq/Iqqo81URVxd1Rx6VcWPmyPPWF82RvW7f7rf8BeRlubQoDP7iek0qp+5zs8+ThJtq6oimsackwVX8PwmCi9/zp2KteYy/fHb3GAT2wpuRCdWQ+UBLIUVu9npyYHxXi59eJ8CTy+9veDZUcvzn5/nCh7o7WW4sILd2+7zYUQpgPHeS3zYORzqKLrcQOQ4Hg/RRWtE4vv000+5evUqN2/eZMeOHeHk6tTUFJcvX2ZkZARAyVUREUualwKI9tu7I+YM1r3Wcnbrz6s/m61Q6Lv8KNQuYkn/b++OQM6zlMw7ArM0wfi1f7bG/tfHS86Gu6ugJAdG7n6EWW/VTCy/HHV/8eq3Pm4c8d8PWdlK9x/B23eON1qil1y3nZietUbRFl50t/Or8NrFHt6rq+Odtrmzn+bMoQ/Cyx6jamSWluPtO8e/hYYeauOdUPkBWbL8fj9ZWVlzLn33+Xy4XK4E7cxlswODQ8CQucP3utgMn5lQCSX+zB2+40iinMV8he4zGbPfp5v9bzVzunn6T3iGaBKlMvZXWycLN+KOKJ1RFFmPI4XvkYjIipKznk0R5QDGb9+ATetj6qreofPyfSp211JbW0vtDg/DnZ8xXUGgl/sFu6mtna6FOtwL22prqY2t0Xqnkw87C9hRa/a1o6CTDzvvRIzTi2eHeW53wX1UlECSUVpaSn5+PiMjI1y+fJmpqamopGp+fj6lpVrOIiISknYzVhN6t5cvvlnFX7wOv32X8AZUI7/7AT+KzSxam1D1hzZo+uguIwfGGekHPjL72fw68C5856fl06UBkiiXGqqJyusvsSUHHm/S6rf5u798gZzxz/iXdwE+orP/+xyo+CnfedcsB/C3Tb80a67+9c+ePI5E74escOauxBUtdRysizjs3sfbzaGZpEVUHT3CQN0xDoZWEXqPmLPa5ppaWrqft/ed4A1rVp7b643Y0biUV97axzvH6jgYHvYtM7GkXM6S5XA4mJycxOl0JmzndDqZmJhI2G7BdvhOWM7i8aZjhu4zmeTqXPcZz8KVykjdeyQisrLksH5TITcejMNauH1jmIJtOfAgss1aKmp3hl+NP7gPFEScL2TT+pgaX57n425UdefzXgordofPrX2hgsIPrRmzdz43N9OyTuZ4tuHpvPzEdyjLX2ZmJjt27AgnUi9fNn9vQknVyFmsIiKy1BKrvMuPzq7hFweml8uPX/tns3RAbEL0o5/xakkj7x/4Je8fiGj7Ubx+xrl2Nt7M0FhW3dNvWsvpv2jjd19s4Jv5yc19nbHMP2Yp/m9/9kNKmn4ZUergC36316q52vk5f7nlBQ5caKRkb/3840j4fogks0TQTMC+MuP4zGWVUUsniV2GCeyPOhl/yeRsxyXtuVwuJicnycnJwW63xy0HYLfbycrKYnR0lKxE/3O+UDt8Jyxn8XhC95lsYjXhfcaxYKUyUvgeiYisNDnPFDB85Tbj6+HGsIdta4lJrI7Te+lDwqv3Cx+3qPw4D+7DcO+HnO+MPF7Ig3HIeXAfCjdFzHDNoaAQFqrUqyxvsclVQElVEZFZpFFi9V1+tDeJep8f/YxX4yUD4x1PtEFT0v3ExDWjz3fDCdn/duQHsyRnk7y3RH3ExpVkHH//1x8luEZEZOGtXbOGGzdu4Nm8mQ0bNszYwMput7NhwwYyMjIYunuXTZs2JejN3OG7sR28RxLv8F1aFNrh2zuzSZFZr/VXbdXWpk3mJk0Ds27ilPx9PvPMM3O2nfs+4ygtx9vXxL/1VFmzuM2NrIqPNPPKvD+Hp+Y9EhFZcdY+j2f4Cp99BsOebWYd1Mjzdz6jc9gTrpFq1kF9nIFyeKYACjdZ9VljPVMAw/cZByu5Os794ccZR1aqyOQqoKSqiMgs0iixKiIiy4HD4WDdunX09/dTUlLCpk2bmJycxOfz4XQ6ycrKIiMjg76+PtavX4/DkfhRtDA7fCcqZ7Ew9zmbZO9zpgUqlZHC90hEZOVZy/OeYS73gmdHvAX8APd5MA5rc8bpvdILj7mt1NrnPQxf/ow7nsiNrArMpO3a5/FwmSu9L5iJ1zuf8/gjyUoVSq6GfhYRkZlshmEYC9nhaGPlrOd++P8+v5BDiaS1pq/9L2L/coX+tn31J50z2j+Ovr4+1q9btyB9iSy0Bw8e8OWXX7Jm7VoyMzNxuVxMTEwwMTHB0N27rF+/nry8vFSH+cRWyn2KiKwkt27dwuVyJdn6Dp3nr1CweyeeHMKzUEOzUsd7L/HhjU3s3ukhJ6oUQCEVOzZx4/INNu3eiYdeLn1o/WxNQr3TeZ7L7KA2tJNVvL5DdQUopCLiWsZ7ufRhJ+ZQHjz0wrbpTbFEFtLExATPPfdcqsMQkRXq9uDg7HtJPIFbt27N2UaJVZGnRIlVEfD5fAwNDTERMWM1MzOTr6xd+xgzONPXSrlPEZGVYn6JVRFRYlVEUimViVV92hMRkafG6XSyfv36VIfx1K2U+xQREREREZFp9lQHICIiIiIiIiIiIrLULGpiNdseWMzhRFJmlX7XRURERERERESWtUVNrG7Jn1jM4URSpjTvUapDEBERERERERGRp2hRa6zWPn8fh83g2oNVPPBlLObQIosi1xGgNPchu9cPz91YRERERNJSht2OYRjYbLZUhyKS9gzDIMOuKoMisjItamL1WWeA1/5ECSeZyTDiHJvRxpjjfHLXGlHH544nmWujj8/SqYiIiIgsCTm5uYyPj+NwOJRcFUnAMAx8Ph+5OTmpDkVEJCUWNbEqIiIiIiKS7nJzcwEYHxsjEAymOBqR9JVht5Obmxv+OyMistIosSoiIiIiIhJDySIRERGZiwqhiIiIiIiIiIiIiMyTEqsiIiIiIiIiIiIi86TEqoiIiIiIiIiIiMg8KbEqIiIiIiIiIiIiMk9KrIqIiIiIiIiIiIjMkxKrIiIiIiIiIiIiIvOkxKqIiIiIiIiIiIjIPCmxKiIiIiIiIiIiIjJPSqyKiIiIiIiIiIiIzJMSqyIiIiIiIiIiIiLz5Eh1ADMdJ7t+Fxnh1/34GmuZSGFEyXK+fAlXcd6M44GrlTy8uMCDVZ8nbyvmexP58wIPIyIiIiIiIiIiIjOl14zVslPk1u/CPnCS0cZKRhsrmRgoxFl/HteC9H2JVWVP1o3r1Q7yXj0+e4OJbias2EcbKxm92k/G1g6yq5Pp/TjZ9cm2FRERERERERERkVRJq8Sq6+tl2O79hrH3L4SP+d7/R/wTJThe3pvCyJ7AxVomBkbJ8JzCucD9jmqGqoiIiIiIiIiISEqkUSmA49hXQ+DqmzHHL/Do1IWoI1FL7ie6mTh1CB/mbFIn/QRWl1ilBEbxf7yTR93Hyd5ehg1wbL/EKnbyqNtqvzrUa6it9bLsFLnWNaFzfs8lq/0u8l6F0V/Exhqf74/DuIpXkwH4Zun7UfdeVh2ySiBs7SAbq3xA9XnytpaE+zIGTpqJ51mX/+9l1aHDOEJTfO/9Juk4RUREREREREREJDnpk1gtW4+dUQJ352hXfR5X8TC+xp1MWElE16vH8YWSh6sLMT6uZDSUOK08hbP7EA8/Xk/u9s0EQsnT6vM4s7uZaIxIyn79OHS/CZiJ2ODViOTm9vMYjTvxvdqBk3kmK+/ew2AztjKgO37fru5aHp3aTHb9LgjXZD1O9tZC/B9XhmPO2/pdXFyYdaaq8+Uf4nj4G0ZPvUkoyZpd/ebC13gVEREREVnG7o+MMHL/Pn6/P9WhiMyLw+Egv6CAgvz8hO0+/Z+fYrOBYZivv/Z/fC18ruc/e/D5puKe+/R/fhrVT+Q5EZGVJn0Sq0lyPVcC935jJRYv8Kj3u+Rt3TJdg/Vee3jWaWB8FGf2LB1drGU0nGzciy0beGi9rN5CBv34Ls5s+8S1Xqu3kDHRzUS471/j9xzGXg3MSH6+ycPG6VfOZwuB4bnHWO1lVRk86p4521ckWg/v1TXR7j3C6f2lEceHaDtxjIE9zbxSOuvFcZjXfVL5Fj+uKlrgWC09LRxsgvrm/ZRG/vx0RpPHNDY2xtjYGMFgMNWhiKQtu91Obm4uubm5qQ5libOeZbGH3ft4+2gVT+lplKTp2Nz7op+NQ20neONcX0x7N/vfOorZbB7P1KE23jnWwYvha+VJ3R8ZYWRkhMysLLJcT/wJQGRRGYbByMgIQMLkqmEE2Vb259iA7v/4j6hzwWCQF7ZsITMzc8Y5wwhS9ud/DnGuExFZadInsdp9m+D2MmxrEjUyE6DG3etPPl7McnwjYgqo89lCmLhO4MlHMa1ZjY1hjG5wvlwIrhJc9R1RSVrj2Xg1ZKOX9RsTo3MO5Xt/J7x8Cdf2DvK2w4wSByLxtH9AW/XjfRgbajvBGx2VKf/wmi5xiJVUHR/H6XSCzZbqcETSl2EwNj4OoOTqAvAeifwy0ExKvnGCpJ4LT+sZMtT2Ae2JErwx54baTvDGsRbWJfGFoZ57T9fI/ftkZmVh03NMliCbzUZmZiYj9+/HTaz+96v/BEBR4M/wTU0BEAgEw8cBCnwv4PP5sNlsM84VBf6MqTjX/cXWv35q9yQikq7SJ7HKmwTv7cL53HEgepm9K2L5vfHwMLaczU88WmijrNCSfnMM04yaqE861nMlMNFNINT3muvhurDRjke/rP4uDlf/dB1Vq67qXHzv7wz3HVkOYSHuRZYntxtazrSx5Yk/nBVRdbSZqgWKa06l+zndbP44tFhjypzGxsaUVBVJhs2G0+FgbGxMidUFV0TV0SMM1DXxbz1V81x9scCK1yX9bC3aUombDgaHoLRokZ+pEsXv92umqixpNptt1jIWQb/BV5/fyMP/Nb2yKBgM8txz68KvJ244cTqdGIYR51z0dRs3bOB/f37zKdyFiEj6S6PEKkz8oRvH9l3kvnzd3KAJzFqoq0fxf2wmQCdu9eO0lv5PsJdVnunSAPP+X5/s9TgBX9kpHKuBe9bxi9cIbN01vTy/7FS4Pqsx3zGqz+NcDYGrVmLT6ttZjVlqwJo5G665OkOhVZvVulf6Ew7niqkBGxgfxcltJVUloeI9eyhuauIf2rbMutywp6WOxvA6S2up4nCLtYyxz5oVtIVrUcsWo5dnTs8mspY3FnuhvR1zIaQ3akl/3PFiQwuVAjgCjZFx7LnJGx9sjJjF08N7dR9QrCWSiyIYDCqpKpIsm00lM56aQord8ImZpQSSfZaZz46otjNK5kSK/6ybXurfxMF2b1Jla4auddDnruRvYksBbLnGO8duUuxtp70dvH/ppf1fImJ+zergWgsHz7UnEbOIrGR+v4Hf8BEMBviPrq7w8cnJ6U+NQaZmPRcI+KPO+Q0ffv+8PymLiCwLaZVYpfsQY93Hya4/TF79Yetgv7VRleViLRPPXsJVb80wnehmIpmNpLrbCVSW4djeQfaaSh7+oRvH9jJzSf5EN76BUZxrrEQrb1qbXXWEZ4gGrlobSK3px7l1F3mH1sefdeoqi1nmPzq9+RRAnL6NgZNWUtWatbu1g9xnTzL2vll/1bG9g7zto/ivdmNstTbBmsXEL05iO3SYvPpdEe/fPDbakhWqlFeOeDnYdJGeqjgf/HpaaBzYx9vNER82L/ZQtX8/b+8biFiKGDlvdIi2E00M7HuL01VFVhL0RFRys68d6pubKbU+PDa2lJsfAmcdb5YPiKWxcfTg7fuAa0NV5lg9XbS7K3lbSVURkRWkiHXF0HdzGCiax7PMTIpOtzWfUe+0xat1muBZV3WUt5ljuX7fOd6oOxdxwEt982yrR9oZ2PgWp5vNs99yRsQ81Ab00XJzD6eb91s1V5t4r3y+tdJFZCUI+IJgGGT9yWDMmekvxh3u2F2lI855vow+ZdjMPkVEVqD0SqwC5oZNiROBkUvdI038opKJWdvFbuR0iLGYuqOR15pJ3jiDRG16lVxcM8zWNzPvYcbmU+GxI+KIikkbVsljKt1PvbfOSm4Wzjh3+mjoxRCDA0DxHP0NXeOTPjcvvmZ9PCytZr/7GJ9cG6LKWtfo3ldtJXHND79PNF50wFR4+/jVtSGqqoro6WrHXfmWatCJiKxkST9bhrjW0Yd3z1HruVFE1R4vLR9cY6gqJumZ8FmXxFMntv5qTwsH607EX6WBmxe3JOrTzf5qK4tatG5+j00RWVECPoPea7dSHYaIyLKQholVEUmV0up9uI818V75W9EfyIbaeOfYOWvJvhu3O4nOhm/SRzHfe5xs5uOMF6O03EvfB9cYqtrC4ICbF6uVVhURWVnM5Km70vqyMOlnyzADfdDeVBde3m/yYs19jWj6BM+6eOJ8CSkistA8+S+y9itrCQQWZrvmjIwM7nx5Z0H6EhFZapRYFZFpRVX8zb4O3vjgIt6Iwz0Xz9EXUautp6WOxrn6KtwYsQHH/MJ4rPFilZab5QB64BNC9eoknY33XuLDTqjYvRNPzqIMyKUPb7BpscYTkcU1dI1P+qB4j1VfNelni1mb1bsniWX0T/Csk6VtpOsMJ1unN+spP9BATcn0+f7WBs52xTvXT2vDWcLVKTfWcPi1cvLjXAcbqTn8GuUzN3VPYpyYvsoP0BB5cvYb48zJQV5qqGG6dXTMG2sO81qioGQJMMjPN/8bGoaBYRjY7XYMwAgGsdlsYLNhGGbdVLtUK1M4AAAgAElEQVT1s2EY2Oz28HU2zE2yAO58+WW8gURElj17qgMQkfRSVPUa+2mnvS/mxMCgWUF1qI1ftce5cEZHW3jR3ccn16y6qz0XaembaxnjE4w3g1kOoKXpHH3z2JFZUmWc2zfA44Ebt8dTHYyILHlDtJ05R597H9+KTI4m9WwpYkulm/YP2sKVw3ta6jh4oi2qkrjZ9AmfdbGe9HpZHP2tnGxdx4GGBhoaGmg4UE7X2TN0jUyfP9tVbp4/UE7X2VZr+9kRus6cZbDmsHldw2FqaOVkq3W26wxnB2s4bPV7uAZaT7bOvnXtrONYfYXONTRwgLOcCQc4i5EuzpxsJXpv95iYzaBoTbyfrqQ5w4Ds7Gyys7PJzMrC6XSyKjsbl8uF0+kky+Uyz2Vmkul0kp2dTZZ1btWqVaxatQqn00lmVla4H0N7V4nICqUZqyISw6ol1zT9idMsEWBtsOHeR/0+N40dgwxRStGWStznzvFG3U3qm6uj+zl6hIG6Yxy09uXwHmmOUzNupoTjzRZ1VBzmBlyl5V5ob8dbrp070t6dz+hkE7ufv8+Hlz/jjqeCtU97zBwPO2s9T3sUWWE+/fRT/rS0FGdmZtRx39QUPT09bP3a11IU2fI3Y+l+xOxUmM+zbD+lVUepv1kXsbHUbJtKPf6zDoizeVXy10fF/NbGJAeUBVFSQ0ND5OutlNPF4AiQD/1Xu6D8gDnjs+Qb1Gw8ydX+GkpK8il/rYHy8IX5eLZthCtDjFBCfvlrNEyfJN+zjY1cYWgESuJMEJ19nBF6r9xkY833w7NOS75RA//ay0j59OzYSKEZuOXl5dzsijwTE3O+BzPkWYKSJcIglAcNBAL4fD4yMzMJBoP4fD5sdjsZdjt+vx/DMHBmZhIIBJjy+XA4nWAY+H0+MjIycDgc4T5FRFYim2Es7HdLo42VC9mdrBDxfgtjD8X+qs48n9y1RtTxueNJ5tro4/HbR17z1Z90xh94nvr6+li/bt2C9LUsDbXxzrGbfM9KtMriuHXrFlku17yuudN5nisFu9npGafz/GXYUUvF2vBJzl+Gior7dHYOA+DZUcvzn5/nci/h16H2ZkkBsx2FFeze6SEn1M8V8NBL73AhFS9t4sa/R5YCuEPn+ctYXUb1eadzeiwonC5XYMXm8fTS2xsacjc7VVtgRfr000+5evUqBfn57NixI5xc9U1NcfnyZe6PjLB161a+FpNcnZyY4LnnnktFyCIyi+vXr5OTm5tka3OpPAcaqCkZoevMSa5sCy2Xj30dbaTrDCevbIsqBxBxkjMnr7AtbjmAROMwc8y4S/wjeuvvh5IS8vtbMW8lfrvEMUm6GR8bY/PmzTOO/+HKFbb92Z8BMDE5id/vZ9WqVQQDASanpsh0ZpLhyGBqchLDMHCtWoXP58Pn8+FyucAwmJyaIiMjg6ysLLPP//E/+Pq2bYt6fyIiIbcHB3E/zuYsc7h1a+6N/lQKQESWraFrHfR5y5VUTXt3+Ly3kE3rc4C1vFBRSO/nsRsg9HKD/4va2lp2VxTSe/k8nz9fS21tLTs80Hull3GAO5182FnAjlrrXEEnH3ZG9DXcC9tqqa3diSc7sv9xei9d5n7Fbmpra6ndXcH9y5foHTf7vHy/gt2hPj3DdH52Jyq2+wXWdTs8DHf+P+Z1suL8aWkp+fn53B8Z4fLly/impqKSqvn5+fxpqf5FElluRrr+nS7K2RqRiVxXFMo65lM063fg/fy+9SYbt3niziLt/30rNzduw5MggRl/HPPnm62/D5cG6P99KzcZZGiWagD5JSVxY5g2QteZBhpOtnKz/CUlVZc4w4BgMEgwGMTv8xHwB5ianMTn8xEMBPD5ppiyEq6BgHku1M43NcXUlI+A34/f7ycYCGAEgzMmwYiIrBSLm1i1KY8rK4PNnpHqEFa4IdpO1PHGuWLq9yuJkfbufE6vZ1t4A6mc9Zso7P2c6NSqh21Wg5xnCgAPz1uzSXMKCiO66qWw4oVwGYG1L1TE9DV9XZTx29wYDiV3scoEWLNS11ZQG5r1yjgP7sdePB0bOQUUxp6WFcOZmclLO3ZEJVcjk6ovRcxiFZFlor/VXEJ/YJYZnrMya5d2bazh+7PMZD3btZGa78dfuj+XkprD1Gzs4qxVY/XquhqerGCEWRKgoeEwNYNnaVCR1SXNMIxwYjVoGBhGMOq4uVFV7GuznWEYGFivQ30osSoiK9ji1lh1ZmPzP8IIBhZ1WJHFlJHhwOHKZnL8QapDWcGKqDraTFWqw5AkjNN7pReGeznfG33mSu8L81xSbyY9h3s/5HxUtY1CHoyTuGbr+H2GKWBbvOHGe7n0YSfDVl+FypxKAqHk6r9bCVVASVWR5aq/lYazXZQfaKAmJqs6GK5BOsLQIBA1a9Vctt9KTdwSAGa9U6iJWG4fqoFqKudAwzfmGCemNmp/Kw2s46V86G9t4GyojurG+DHMLp/yl8ppPXuV/pqSeSaTJX0Y4USo3WbHsAXJyDAnhthsNux2Ow5HBoGAHwCHw2G2t9nIyMjAMAwCNhs2m83sTUlVEVnBFjex6n9EMCsPHFlg04w+Scw2x+t0FAwG8E9NMDU2x66rImIav82NYQ87aqM3qxrvvcSHN24z7gnNFE1GDs8UQOGmWWqcJlqen1NAITfMBGzMpXc+62TYs4Naq+Dqnc7zXE46JlmJIpOrgJKqIstRfysNZwepOdwQsyw+/tL/6SX7VlJ13QEaYrOxhBKo62bUOI3d2MrsNNE4Mf0ODcLGbeQD+TUNNNTMfmtziexLlqbQTFQAv99HIBBkamqKYDBIIGBOggoGg+bmVcDk5CSBQMAsGTA1ZV3ntxKwDqu9kqsisjItbmI1GMD2SAknmWm5bl4lIomN377BsGfbjNmkOes3Udh5g9vjHjzz6G/t8x6GL3/GHY+ZqDU3siqYkbidIWc9mwo7uXF7HI+5K1V4E63nAe4/YJy15Iz3cqUX5hWUrEih5GroZxFZRka6OGPNVI1Xa7Rkazk3z/6e/vIaSvp/T+vNcg5YWdL+VmumapykqllWAGoOJ1dWINE4I11nODn4kpm8HeniX1tvUn7gtcdIhsZukmXVha35vhKrS1ioxipAIBAwk6hWrdRAIAg2GwYQCAbBMAjY7Va7AIGA3bpu+vrQzFURkZVocROrIiIiET7rHMazI07K00p0dn52B8/z8+hwbQW7Ky7x4fnz1oFCKnbPkVQ1B8Szcwf3z0+XESis2M3OtUBOBYUfdvLh+U4orGBHRSGXb1iJ1nmEJiuPEqoiy9NI7xVuAjfPNtAVcXxjjZV8LKnhQHkDZxvMs+UHGqxEaT9XuwBaOdnQGnFlOQcaarBO0nqygaizcUoNAAnGgfzy71Nz5iQNDdOxxe1jTvmUv3aAwYaThEMuP0CDdq9a0iJnrNrtdoKGQYbdThCw2QLYbTYy7HYCVsI0vPw/EMBuzwAMbDaiSgFocomIrFQ2Y4H/BRxtrFzI7mSFWK4zVmeL8as/6WQh9PX1sX7drFvNiqTErVu3yHK5Uh2GyJIxOTHBc889l+owRCTC9evXycnNTXUYIk9kfGyMzZs3zzje1dnFf/kvfwpYy/yDQbKysggGg/h8PhwOBxkZGfimpjCArMxM/H4//kCAzMxMMGDKN0VGRob5GvjP/+8/Ka+IrVchIrI4bg8O4na7F7zfW7duzdlGM1ZFREREREREVgjDCBK0Znz4rVIAPp8PIxgkGAjgh3C9VQPw+XwErNd+nw8DCIZqsVqlAEIzYEVEVholVkVERERERERWCMMAIzIRahjYAMNmC6++s2GtvjMMsNkgtNzfZsNmGGYf1jEVARCRlUyJVREREREREZEVJDRj1W6zY9gMs3ZqMIjNbsdut2O3Z2C3BTBsNux2O4bdjj0YxG63gwF2uzlTNZx8FRFZoZRYFREREREREVkhDMMg0+kEwOlwYBiGmTwFMoNOc1Mqmw2H00wX2G02DKudzW43r8t0YiN6AysRkZVIiVUREVlQ5kwGa9mYiCRmfZgVkfTiCCWR9CyTJcowDByO2T/uf/rp1UWMRkRk+VJiVUREFlRubi5j4+M4HQ4lV0USMQx8Ph85OTmpjkREYuTn5zPyxz+SmZmp5KosOYZhMDk5Sf6zz8Y9/1//z/+6yBGJiCxfSqyKiMiCys3NxQDGx8a0Q6xIAna7nZzcXPJyc1MdiojEKCgowAD+ODKC3+9PdTgi8+JwOMjPz2d1QUGqQxERWfaUWBURkQWXp2SRiIgscasLCpSYEhERkYRU1EtERERERERERERknpRYFREREREREREREZmnNCoFcJzs+l1kxDs10c3EqUP4FjukNOJ6tQPn6unXgauVPLyYunhERERERERERERWsjRKrJqUMIy1l1WHDuOgm4lGK7lcdorc7R1k8+TvlevVDpz8htFfvPnYfThfvoRrzfUVn/wWEREREREREZGVQ6UA0l31d3G4+vFFJi27DzE5MEqG5xTOVMYmIiIiIiIiIiKyQqXdjNWEqs+TtxX8A4U4ivMAc4Zr8LnpZfKRM16dL1/CZbWLKidQfZ48DwQoIcM1iv/jnTziFLnby7ABTPQToAT73ZOMvX8BiFmKf296hqc547OfwOoSq4yB1V+31bYsot/QuTXnyfPci5jheZzsei9G5HUW13MlcO83TMS8Fb73d0bPDo03Tnfo+GaC9yBjdV5U/M6XL1n3tIu8VzHvqfo8eVtLwt0aA9PvQWy5hsDVSh5y3nqPy3AdOgWnDuGL6iPm/RAREREREREREVkG0m7GasbWDvLqo/9kV0e2KCGDf2S0sZKJgVEytnZgv1XJaGMlvntMz+KsPo+reBhfo3XuYRmuV49Pd+Mqgd5KRht38qh7L6sqy2DgJKONlYz2QoZruqnz5Us4s7uZaKxktPEk/uxd5L68d7rB6kKMj0Mx5OGoDM0kPU729jKCV81zo1eHcWw/j+viNQKuzTjKrOurt5AxcR3/jOTjXmzZYIxfn+Ndix5nYgBznPD5PDJoN2P4uBtj9S6yq63k7D0iEsXHyd5aiP/jULz92Iq/a/Wzl1WHdmEPvUcfd2PfeolVd2uZGBiNSFzH9jEc8X6IiIiIiIiIiIgsD2k3Y3XuGqv9+K0ZlL4/DuMqHiZotQ+Mj+LMNn92PVeCMXAyPNNz4g/dOLZvwQXWsf7wdZR5yXCNEui1ZmZe/DV+z2FrZuZeHGvyCPSGZpde4FHvd8nzeHFitb/XHp6RGRkD1VvIoB9faJyLtYxaP7vudeDw7IXuC2asd3/9+PVJY8bxvd+Os34X9mrgLsAo/j9YNVS7bxPcPltHb/KwcfqV89lCYNh8EfsedR9izLpnpye2nzwcXz8O3W9G3bOIiIiIiIiIiMhykXaJ1YVhzvS0rT5MXv3hiOOj2MriNF+zGhvDGHGXq2/G5rJm0m6NPpMRr3kE57OFMHGdQJxzE7f6reQs2LJHCfzhQpxWFzAeHsaWs/mxx5kfa6Msa6qrMTE6fSrhexTJTM5m1+8ir36Xeejek22OJSIiIiIiIiIikm6WaWLVTEgadyPrg0aojnl99x4Gm82k64zE4XWMCQj0xp9J65p5KMycUbuaDJg5G/XiNQJbvTiqIYPrTM6SsJy41Y9za+RM29A9mPVmfY21TCQaZz5CG2U11ppjWWMAc7xHsd7kYaOVSC07Re72XWRXvznHTGQREREREREREZGlI+1qrC6UiVuR9UHNOql59efjJ0K72wlM5JHhseqmVn83PGsTLuC/OzpduxVzw6q8Q0nUDb14zdwEK5TILTtFbv0lVpUBvEnwXh6OrWXYHt6ePSF68df4J0pwRo13nOytJRgDvzYToDHjOF/2khFZ6mBeCq1ZvXtZ5ZnexGrGe8RxsmfUv429R8zSA4xi3H2cWERERERERERERNJT2s1YjbfkHiJmUSbrYi0Tz17CVd9hJSRH8X88Wx8XeNThJXe7VTrgXjf+iZLwUn/f+zvJeLUDV32HlZjtx9do1lxNXA7gTR5+vJ7c7dP3FLhaGa7HOnGrH+fqEgK3Ei2Tv8CjUxdwRY1v9jMWTpzGjpPoXqOZM2J3kXdoPROnzNqyju0d5G0fxX+1G2NraJbqBR6d2kx2/XR5BWPgpBlD2XWyistw1Z8no7GWsTXnydveQZ5Vy9UYOBmuxyoiIiIiIiIiIrIc2AzDMBayw9HGyoXsLkXMWqO2WZb/L5iyU+RuX41/vknjZSjeb2Hsodhf1Znnk7vWiDo+dzzJXBt9PH77yGu++pPO+APPU19fH+vXrVuQvkRERERERERElprbg4O43e4F7/fWrVtztlm2pQDm5zjZkcvXq7+Lw/X0l687PZux3bu24pOqIiIiIiIiIiIiS03alQJIjTfxDVzCFbF8PXLJ/sIzZ8SaG0UlKgMgIiIiIiIiIiIi6UiJVYvv/Z2zbyC14My6qSIiIiIiIiIiIrI0KbEqsoLdHhxMdQgiIiIiIiIissIt1f1jlFgVWcGW6j9cIiIiIiIiIiKpps2rREREREREREREROZpcROrNuVxZWWw2TNSHYKIiIiIiIiIiDxFi5vpdGYr4STLXkaGg8xVOakOQ0REREREREREnqLFrbHqf0QwKw8cWWBTglUSs83xOh0FgwH8UxNMjY2kOhQREREREREREXmKFjexGgxge6SEk8xkGHGOzWhjzHE+uWuNqONzx5PMtdHHZ+lURERERERERESWDRU9FREREREREREREZknJVZFRERERERERERE5kmJVREREREREREREZF5UmJVREREREREREREZJ6UWBURERERERERERGZJyVWRUREREREREREROZJiVURERERERERERGReVJiVURERERERERERGSelFgVERERERERERERmSclVkVERERERERERETmSYlVERERERERERERkXlypDoAERFZfu6PjDBy/z5+vz/VoYikLYfDQX5BAQX5+akORUREREREHkMaJVaPk12/i4zYwxPdTJw6hC8VIc3C+fIlXGuup11cIvPXw3t1TbR7j3B6f2nE8SHaThxjYE8zr5RCT0sdjcS2ie2qhYNNUN+8nwStkh5Tlq77IyOMjIyQmZVFlsuV6nBE0pZhGIyMjAAoufrEzGdIS9/0Ee+Rp/A8SfpZJyIiIiIrQdqVAghcrWS0MfTnJH7KcB06hTPVgS2442TXd5Bdneo4RID2D2gbWgFjyqIYuX+fzMxMbDZbqkMRSWs2m43MzExG7t9PdShLnJVULT7C6eZm688RaKrjvZ5UxyYiIiIiy1kazViN5wKPTm0mu34XzmrwXUx1PCLLk9sNLWfa2HK0iqI450v3N3N6kceUpcvv92umqkiSbDabSmY8sWEG+sC7J3IOaSnf2ufmja4eXinV3FKZv9HRUYaGhpiYnJyzrdPh4Ctf+Qp5eXmLEJmIiIikkzRPrAJcx5iAjGf3AhcAayl+sfU/LhGlAlyvduCkG392GQ4XQD++xlomQl2VnSJ3exnmHKpR/B/v5FF36PhmgvcgY7XV773fMPqLN60L97Lq0GGrz1EC96IjnC0eqs+TtxUC90rIWG2eNgZOMvY+rDpklT3Y2kE2lTy8GxmbOXP3oRLJskiK9+yhuKmJf2jbwo+rZqY5Y0sB9LTU0dhunZyxpB/Cs4fYx9uzJE7nGnPmsk5veOmlGc8+9g+cs857qW8up7OuifaYtsnFKyIiS1chxW5oiUmiFlUdnf5S0FrCv3/fAC3nzAeL90gzFV3Tz4fI0gFDbSd4w2qHe7Zn2cxn3WzPm56WOn6FF9rb6Zu1P0knX375Jb4kv/Tw+f0MDQ0psSoiIrICpV0pgJkuYDwEW85m82X1eVzFw/iscgG+h2W4Xj0+3Xx1GbZe69y9EpzhMgLHyd5eRjBUauDqMI7t55meU5VHBu3muY+7MVbvCi/Td778Qxx0M9FYyWhjO6yO+J+mueKhBPv4SWvMfmzFP2RV2QUenfoNAUIJ1L2sqoyI7eNu7FsjYxN52kp55YiXvnMXmWvV5FDbCRoH9vF2czOnm99i/0AT70St6Tc/aH5S+RanE35wTDzmUNuZiGWdb7Hf3c6vIsdp74DXps811nVRYS3/9DLddu54RURkaSui6rV9uNubOFhXx8G6uln+nW/nE17jdHMzb+9z095UR2e5WTqg3gvtH7QxBNDTwhvniqkPPTc4xxstsU+qmc+6uZ43fe3wvebmOZ6Nki6mfIl3UrDb7axdu5ZVq1YB8GhiImF7ERERWZ6WQGI1muu5EoyBX4dnoU78oRtj9ZbpJOREd7hkwMQfujFcm3GUAdVbyIg4x8Vf458owR6ucTqK/w/WDNXu2wTDI+7FsSYP4267tVHVm/gGRpOPh37875szbbl7DyPBvWV4rCRw9yHGImfaiiyG0v3Ue9tpnPHhMdIQ1zr6cFdusT4UFlF1tDlixukAv7I+aMafhZr8mEVVRyNmlprLPKN492AOUcS6YsBbbs1QNWcuRcbr3VM1He8eL30d11BqVURkGSmq4sdWfdW397npO3eMg3WxNVa9fM96NhWZDw4qrMdM4cbwg4OervaIZ4r53KC9K+JLwHjPuiSeN+E+ZUkwEv1fOxQUFJCVlcXq1auTai8iIiLL0xIoBbAXWzYYd6+Hf7atPkxe/eGINqPYyjCTlg9vE/5+ufs2we3mTFfns4XgKsFV3xE1E9R4di/cTTT+ZmwuCP7xQviI74/DuNZMxzZbPMm7wKNTsOrQ4en4IksKiCyS0up9uI818V75WxTHbWEmOIv3zJY07QPc5izUquR2TJ51zJ4WDjaF1lO6cbvjXDwnM972pjrao457GQbNGBIRWYaKqo5yuspazt/UQkVzcs8j0xCDA+CuLEzQJt6zLvHzRpaXvLw8srOzAbh7N+EHCREREVnm0j+xWuYlIyKxaTw8jHH3JGPvX5jR1PV1IHs9TjATkmXrsQMBQsnQ6/GTlWXeBAHEqfH6bCFwD7NMwezxUD3z0Owu8OhUqI/jZNfvIuvlvfji9SvytBRV8Tf7Onjjg4vE/1thzgb9ZHAISuOlJb187+h+aKmjsaU8uVqmccccou2Ddtz7QrOBrCWX874hM17vnum6ebJ09bc2cJYDNNSUzOOqEbrOnOTKtsO8Vp7/1GITkRTqaeHgBxtn1C01Z6XOl7kKou9moq/f4j3rEj9v5iqzI+nNbrcTDJrr2bKyssjPN58n9+7dY2pqKpWhiYiISIqleSkAs/aoLXJ5/61+bMXfDc86db58ibz6iHqkoaX/gOvrZdgmruPvBi5eI+AqwxlKdpadIre+I1xHdXYX8N8djRjTLA0QMmc8STlOdlQsZjI3cpasyGIpqnqN/bTTHrv03jzLlkp31NLGnpY6DsYs5S/dfwRve1PMEsz5j2l+sAV6LkZsYjUfZrzhunmheE+0qRSAiMhyUVqOty+2Dqr5Bd3jLL8vLY9c+j97P9HPOj1vlqucnBzWr19PZmYmDoeDoiIz4f7w4UPGx8dTHJ2IiIikWtrNWM3Y2kHe1ogD937D6C/enH59sZaJZy/hqu+wNqUaxf+xWY/UBXBvGNv2DvK2A/TjazwUro368OP15G6f7t8YOMnDi8Acy/Z97+8k49UOnNaYgXv9kD13PIm9SfDeLpxbO8h99iRjH3dHxca93zB6MWEHIk+JWReupak9/tmqo9TfrOONunPmAfc+3j5aCj1dEa1K+dY+9zyWYMaOGXrdxMF2wHvErMWacAbRLD3HxouX+mZtHCIisnyU8krzWxSfOMbBuumj7n1vcTqZet8zutvP2/tO8EZdXagj3o67AiPmWZfgeaNyAEtXXl4edrudNWvWEAgEsNvt+Hw+hof1X1VERETAZhgLW2l9tLFyIbubF9erHTiJScTKkhDvtzD2UOyv6szzyV1rRB2fO55kro0+Hr995DVf/Uln/IHnqa+vj/Xr1i1IXyIL5fr16+Tk5s7eYKSLMydbuQmwsZxyuhiMWKrf39rA2VCevnx66X9UKQCrD2oO85qnlzMnr7Dt8GuYXfTT2nAWDjRQU6JSAJL+xsfG2Lx5c6rDEJEIn332GTa7Hbvdztq1a3E6zSkUwWCQ27dvh0sDhBjBIC+88EIqQhUREVnxbg8O4n68jVkSunXr1pxt0m7GqoiILGcjdP2rmRBtKM+H/lYazsLGbdbZrjOcHazhcEM5+VaC9My6mKToSJeVSG0wE6kjKbkRERFZAYLBIHfu3AknV+/evTsjqSoiIiIrV5rXWBURkWVlpJcrNzeyzWMlSku+Qc3G8El6r9xk4zYP5tkSvlGzkZtXeqdzp4P/HjM7VURE5Cmw2cI/hpKrQ0NDs29WFdFeREREVo5llVid+EWlygCIiKSzkUFuso6iuEnREQZvwrr4J003gY03af19/1MKUEREBDKtpf8hwWCQR48ezdp+lWt+W9eKiIjI8rCsEqsiIpLm8texkUGG4i7fz2fdRhiMf9JU/hKvvXaA8q6ztCq3KiIiT8lXvvIVXFlZSbV1OhwUFWlbTBERkZVINVZFRGTx5HvYtrGVK70jlJfnQ//vab0ZqrGaj2fbRlqv9DJSbtZY/X3rTTbWfJ/oUqol1Bwop+FsK1sbaijJL2IdNyP6vEoXUJ6iWxQRkaUvLy+PvLy8VIchIiIiaU6JVRERWUT5lH+/hisnT9LQCpTXULMRroTOlr/GgcEGTja0mgfKD5ibXMUq+QY1G09ytnUrDTVmLdaTrdF9Di7SHYmIiIiIiMjKZDMMw1jIDkcbKxOMZgdDu2jKTPF+C2MPxf6qzjyf3LVG1PG540nm2ujjBjZ7BkYwMGuMX/1JZ/yB56mvr4/169YtSF8iC+X69evk5OYm2XqErjMnGXypgZqSpxqWSNoaHxtj8+bNqQ5DRERERGRJulakxTwAAAEjSURBVD04iNvtXvB+b926NWebxa2x6szGZs9Y1CFFFltGhoPMVTmpDkMkTfXT2nCGrtC6/v7f03pzI+sS7FclIiIiIiIiko4WtxSA/xHBrDxwZIFNCVZJzDbH63QUDAbwT00wNZZg8x2RFa2Eb9TAyZMNWIv9KT/QQLzV/iIiIiIiIiLpbHETq8EAtkdKOMlMy60UgIjMLr/8NRq0s5SIiIiIiIgscYtbCkBERERERERERERkGVBiVUREFpTD4dDMbZEkGYaBw7G4C4hERERERGRhKLEqIiILKj8/n6mpKSVXReZgGAaTk5M8++yzqQ5FREREREQeg6ZIiIjIgiooKMAA/jgygt/vT3U4ImnL4XCQn5/P6oKCVIciIiIiIiKP4f8HYjOBhjTPMzwAAAAASUVORK5CYII=" height="600" width="800" />
Act: [Personal Details, Contact Details, Emergency Contacts, Dependents, Immigration, Job, Salary, Tax Exemptions, Report-to, Qualifications, Memberships]
Exp: [Personal Details, Contact Details, Emergency Contacts, Dependents, Immigration, Job, Salary, Tax Exemptions, Report-to, Qualifications, Memberships]]]>
  </system-out>
  <testcase name="getMyInfoSideMenuitemsCount_007" time="0.911" classname="testcases.MyInfoTest"/>
  <system-out>
    <![CDATA[<img src="data:image/png;base64,iVBORw0KGgoAAAANSUhEUgAABVYAAAJcCAYAAAASBf/6AAAAAXNSR0IArs4c6QAAIABJREFUeJzs3XeYVdW9//H32nufMmd6Y2aYoQ69gw2VAcEeNdbYYlDUeHPNTeINSW4wicj1JqTZ4i83ieZGgxi7KGoiRkEFK12kF2GoM2d6OW2X9fvjnBkYGBhIlGK+rzwmzNlrr732nvP4PPnw3d+ltNYaIYQQQgghhBBCCCGEEABMnTq1yzHGUViHEEIIIYQQQgghhBBCfKFIsCqEEEIIIYQQQgghhBBHSIJVIYQQQgghhBBCCCGEOEISrAohhBBCCCGEEEIIIcQRkmBVCCGEEEIIIYQQQgghjpAEq0IIIYQQQgghhBBCCHGEJFgVQgghhBBCCCGEEEKIIyTBqhBCCCGEEEIIIYQQQhwhCVaFEEIIIYQQQgghhBDiCEmwKoQQQgghhBBCCCGEEEdIglUhhBBCCCGEEEIIIYQ4QhKsCiGEEEIIIYQQQgghxBGSYFUIIYQQQgghhBBCCCGOkHWsF/BZqY81UNm8k62N29jRsotdrbupi9UTc2N42gOdGqjA05ozS07lthFTMJRky0IIIYQQQgghhBBCiCNzQgerCTfBqpq1LNz5Lqtq1lAfr8clGaIqFEopAJQCpVUyW1VgezYndRstoaoQQgghhBBCCCGEEOIfcsIGq2vrNvLUumdZUbsKNBgolGFgYQLJqlTXc8kN5OChabVbUErheA6jCkYwumjEMb4DIYQQQgghhBBCCCHEieqEDFbX123iJ+/9D7aXwDQslNLoVJWqpz0czyE/mM9ZpeNIeAne3f1BslpVazzghkHXYBkn5K0LIYQQQgghhBBCCCGOAydcutgUb+IXS+7D8RJYholOJqpopbE9hyxfBlf3v4JBeQNYtOt95m17Aw+NoRQJN8HE0gkMyC0/1rchhBBCCCGEEEIIIYQ4gZ1wwerLW15jd6SakBls/8z2HCxlcUXfS/hy+Zeoj9XzwPLfUdm8HcuwUpWsGp/pZ/KQa9p7rwohhBBCCCGEEEIIIcQ/4oQKVhtijby69XUChh8NaK1xtcvY4lO5buBV9Mwq47VP3+CR1Y8B4DMsNKCUIuHEmTzoegpCBcf0HoQQQgghhBBCCCGEECe+EypY3dSwhcZEE0HDj60d8gK53Dr0Rs4sPY24G+e3yx/mjR0LMJWFgYFGoxQ4nkOvrJ5cXH7Bsb4FIYQQQgghhBBCCCHEF8AJFaxuqN+I1h6OdjmrtIKvDb6WwlA+NdE6frnkQdbVr8NSPpRib+9VrdFovjXyG4R8acf6FoQQQgghhBBCCCGEEF8AJ0yw6mmPj2vXYCqTb464jXN6TcBQBlWt1fxiyQNsbNiM3/ShNaCT5ygg4sS4ffitDMrvfyyXL4QQQgghhBBCCCGE+AI5YYLVqBPFb/i4e+ydnFQ0EoBwpJa7P/g5O1t24Td8QLKfalu6GnXiXFH+Zb5Uft4xXLkQQgghhBBCCCGEEOKL5oQJVg1l8K1R/0ZhavMp27V5cPnv2N6yM7mZldKgdfuGVoYyuLb/lVw/+CuYyjzGqxdCCCGEEEIIIYQQQnyRnDDBapqVRpqV7JGqteYv655jcfVSAlYaMRyUVvhNP6XpJZzabTSnl5xK/5zex3jVQgghhBBCCCGEEEKIL6ITJljd15bGShZUfcTpZePpnVZA7/QSuqUXUZheREGoAKWMY71EIYQQQgghhBBCCCHEF9gJGaz2yCjmjxN+jnIdvNYarGgjOmGj3WpwHXQwB+UPHetlCiGEEEIIIYQQQgghvqCOn2BVe+h4C9hRCGSgfGlwkMpTX+MOvNWv4q2fj1O/g5jWyU2rDBNt+jHzyjDKRmGVV2CWDEcFMo/yzQghhBBCCCGEEEIIIb7IlNZaH8sF6NYw9uaFuJsX4tZsgUQUglmYuT0wSwZj9j4ds3AAWIG958Qa8Rp3opur8eorcXeuxN2zFq85DG0hKwAKo7Af/lGXYQ25COVPPzY3KYQQQgghhBBCCCGEOGFMnTq1yzHHLlj1HBKfzCXx/mN4DTvBMJK9UZWB9jwUHlqDMkzM7sPwjb4cq//ZKCvY6XS6tRY3vBFn41vY616HaDMYBhpQWmN2H0qg4t8xe556dO9TCCGEEEIIIYQQQghxQjlug1UdbyL+1gPYK14Cw0z+A+B5oN2945SBArTWKMDsdRKB8bdjlow45Pxeww4Sq17C/ugJtGujTAvtOqAUwUnfwT/6GjCOny4IQgghhBBCCCGEEEKI48dxGaxqO0L0xe/hbPkQZfkBlQxTNRilQzF7nISRnod2HXTjTrzwJtyqDckWAdoD00fwil/j6zuuy2u54fXE5v0Ub9caMH2gNdq1CZx2A4EJ3wZlfv43LIQQQgghhBBCCCGEOKEcf8Gq9oj+fSb2sudRvlTPVM/BSM8ncPZ3McvHH/iqv2vjNe7A2biAxIo56PqdYFqkfeVBrN6nd33JWCOxv/8cZ+0bYFpoACdB8Pz/wj/q6s/8FoUQQgghhBBCCCGEECe2wwlWjaOwjnb2Jy/hLH1un1DVRaXnJ0PSged13j/V9GHk9cF/2s2k3/An/Kd9De25RF/6ITra0OU1VTCb4AV3YQ2aBI6NApTpIz7v57i1Wz7bGxRCCCGEEEIIIYQQQvxLOGrBqte0m9iC34DlT36gAe2RdunPMQoHHtYcKr2QwMT/JHTlr9GRehIfv3h45/nSCJ73I1RRf3BdUAYoRXz+feA5R3wv8XicSDSK53mHHKe1JhaL0RqJEI/Hj/g6XUkkErRGIsRi//zctm0TiUSIRKIkEgkcxzno/R1ukbPjukSjUSKRCIlE4p9e47HgaY+qSJioE/uH50i4NtWRGrxjtE+cEEIIIYQQQgghhPjsHbUdnOxlT0G0EaxUtaoTw3fGzZilo454LqvfREJXP0TsrYfwj7kG5Uvr8hwVzCJ43p1EZ08BPDD9OFvew9mzGqv7yA5jq6qq+eDDD8nNzcH1PCrOPBPLsmhqauL5OXOYN28eTc0tPPTAA5SX9z3gWjt37WLhwkW8/fY7fLp1K7FYlPy8PIYNH8748RWMO+MMAoHAIddb39DA++9/QEZGBg0NDYw78wzy8vLQWrNi5ce89tprrPrkExoaGgiF0ijvW86ECROYeNYE0tK6fh4ArZEIy5avYMH8+SxfsYLW1lZQCtMwyM3NobCwG+mhEMFgkFAoRGNzEzXVYb71rW8xZPCgTue0bYcVK1fw1ttv88EHH1JXV4fWmszMTIYMHszZZ5/NKaecTG5OTqfnb6jfzEd7lpBhpVMbq2d0t5GMKTr0ZmUAH+1Zxub6LQTMADXxOi7sdTY9sspYumc5y8OrcLVDrj+HqBuj1Y7QlGjBxSFkhSgKdWNgbn+G5A8kbb+q6ZZEC99a8H1OKRrD1JP+A0Md2d9FaDT/98njLNz5HvdP+BlF6d2O6HwhhBBCCCGEEEIIcXw6KsGqbq0hseqV5AZSAFpDIB3/6H+8x6lVPoG0UF5yrsM9p3gwZq+TcLctA9NCKYX98dwDgtVP1qzme9/7HhoYO/Y0Jk6YwO49e/jG7d9k9SerMA0TZRj49wtHW1paeOzPj/P/fvv/8Pl8DBs2jJ49e5CIx1m2bBlLly7lqaeeYvz48cy4+266lxQfdK3RaJQ7f/QjIpEIpmny8tyXCAaD/PyXv+TJJ59EobB8FtrTxBMJVq5cyQsvvMBpY8fy85k/o6y09JDPYvWatUyfPp0lS5bQu08fbr3lFsaMGY1pmHy8ahWPPvoo7733HpmZWXzlK1/BcVxqwjU0NDYSj3devbl+wwbue+AB3nzjDUzT4rrrrmPs2LFkhEJs2rKZOXPm8ORTTzFo8CDuvusuzjj9wB65cTvGE+ufxWdYaK3pm9PrkPfRpro1zKx1T+JLfcdOLz6FHsCK8Cc8v/kl0sw0PDy+OuBqemT2IOHF2dzwKfN3vEPcjWEpH70zezL1pG/RI2vvs6uO1BD34ryz8z0u7XshA/L6H9Z62uxs2sUrW/+GpUzizolZtSuEEEIIIYQQQgghDnRUglWnai26tQ7lS1UDujbW0AsxMv+56j2zZPiRnWBYWAMm4W5b0v6zu+VddKwRFcxuH5YeSsfn82HbNv369SMSifIf3/wPVi5fTm5+Hk7CJp6Ikx4KtZ8TiUa57Rv/ztKlS/n5zJlUjBtHTm4OlmniuC5VVdXc/8ADzJ07lwUL5tPU2Mjjs/6M3+/vdKnpoXQKCwuprKwkKysLv8/PHd/9HhvWr2Pmz37GsGHDyMvNo7aulgUL3uK3//u/aO3xwfvv861vf4cnn5hNMNhJz1pgzdp1XHPtNTQ3NXPNNdcw/a6fkJ6e3n584MABnH/eufzgv6bx9zf/TmtLK/8143sEAoGDtgdYumw5N918My3NTQwcOIiHfvMb+vcrbz8+btyZXH/ttTz73PP8+Mc/5sabpvCH3/+OSRMndpjHVZqA4cc0DLTWmMp36N9pit/y4zf9mMpEofCbyedqGRZ+w4/GI8uXwSXlFxDcpyr10vKL+NXS37CtuZItzZ/y08W/5v7xPyMtVQVdH29Mtj5QMGfTq3z/lG8fdtWqpz0eX/c0CoUGmhLNh3WeEEIIIYQQQgghhDj+HZUeq+62xah9wiiNxup7JqCOxuU7MPL7oNuuqwy8lhq85j0dxhTk5+N4LgDpaek8/MdH2FNdzZ8efZQXX3iB5557lrvvnoFt761AbG5qpqmxiVdffpnLL7uUgoJ8LNMEwDJNSruX8NN7/puzzjoL0zRZsmQJc1959aDrtCyTtGAApRSWafKjn/yEgN/Hy3Nf4qorr2TQwIF061bI4EGDuP3fv8F9996L1hBMS2P58uW8Of+tTueNRqN87/vfJx6PU1BYyA//6wcdQtU2WVlZ/PR/7iE7O5u/PPkEj/zxj8nnZxgYRsevTV1dHbd/85vEo1Hy8vL5w+9/3yFUbeP3+7n+umv50kUX4bku37j9drZu29ZhTKaVjlIKrcFDk+vPOugz2lfQ8Ke+ThqlFBm+VOhtKJQyUCiUYRFzO1aNlmV25xvDb0ZrD5/ys7N1F6tq1rQf39O6JxnUGhbv7fmQLQ2fHtZ6ANbUrOPd3R/iN5Ihb3U0fNjnCiGEEEIIIYQQQojj29EJVnevAWNvcawyLIyc7kfj0gdSJsrcpwpSgxfe3GFIY1MjlmkSCASY89IcXnvtNZ579hkmnTWBXj17MnDAAK6/9hqKioraz0lLC3Lffb+mXyeBYptAIMDt//4NHNfD8lnMmTMH27Y7HWtZFqbPj1KKuvp6Vq9Zw8yf/ZTMzMxOx59/3rnccMMNRKNRAgE/zz//LI5z4MZcn6xew7q1awHFl7/8ZfLy8g663vz8PM6edDZ+f4Df/e737KmqOmCM1prfPPRbwuFqXM/jO9/+Nr169jjonEopvn7rrZiWies4/Pa3/9thMyxHO4ACBYYyiOvOn8/+QlZasiuEUqAUtk4G45lWOlp7uFoTMHz4jQOLtLtnFJPuy8DDw8BgW3Nl+7GmeDMeHmiFRvP0+hfw9KE3LQNwPIfH1z2NoVRb3kt9rOGw7kUIIYQQQgghhBBCHP+OSrCqW2ugvWJVJytGg51vXvT5L8ZLhm8kwzxlGHh1HasmNclQD6WoDof5/ve+T0nxwfuhQrLCc0D/rvtvlpaWkpuTg1IG27dvJxaPdzrONE3SQyE8zyMej/Pt//gPMjIyDjn31Vdd1X7umrXraI1EDhizePHiVMWpZuTIkQcc39/AAQMwDINYPMay5csPOL57zx6eevopgsE00kMhzjvv3C7n7N27F8XFxfh8fl57bR51dfXtx0zD2vul1BA0D73JV5uIl8CnzFT7AIOQmXzdP9efjaNdDKWwlEFnVdKu5ya/EiSrZPMCue3HqqM1oFNV1srio+plbGnY2uV6luxZzid1a7CUCSp5fkOi6bDuRQghhBBCCCGEEEIc/45KsJosJWyrSkwlWNH6g43+fCkDHJt9AzYd7xhA+nx+NBrXcSgtLeXUU075zC4f8PvJz89Haw/HcYgfIlhNCwRwXRfLNBk5YkSXc+fl55Gbm4v2IBJppaWl5YAxn27diuWzAEVmxoEtAPaXkZnZvkHYzh27Dji+cOEibNvGdV1OPvkkCgsKup4zPZ3yvuVorYnFY6xZs/fV+zQzmPymaI1GtwekXUkzg3h4aK1RKAKpHqutbgRLmRhK4em2itiOqiNhmhPJZxUwfIzpNgqAuJtgd+seTMMkGY0m/zN73TO4qYrYzkTtKH9e+ySWsjBVskJWKUU4EkZz+JutCSGEEEIIIYQQQojj19EJVpXZ8WfPxms+Nv0mdbQBve+r3J4HZscNktp6ozquy9AhQwjts0nVP8vTmmg00n4dy+p8/zCtk71ClVIEgkHy8w/+yv6+687Py0vFfxCLHRja5ufn47rJANJzu36lvaGhHmWoZJ9Rf8fn5HkeHy1ejGmaOI7DaaeNxTTNg8y0zzotKxkAa43j2DTvEwD7Ut8VDR02oepKhi+tfZMpRbLyFaAp0YJlWKljBtZ+rQCaEy3MXvc0Go3jOdwyZDK5aclqatdzqInWAnBR7wsImgEsZbK4aikb6zq2j9jX+7sWs7npU/rnlHNZ+cU4notCUROtJeEeXmsDIYQQQgghhBBCCHF86zzV+4ypjHy8hh2o9oBV4W77CF//s47G5TvwwptSe7SnamgNg/03eTdNE3SyY0B6ejqm+c/lz1prGhob2bRpM0/85Qmqq8MYysAwDfy+zne9V0rR2NyM3+/HMBTGYQSWnudhOzaGkdysKRA48DX6k08awx9+/3tMy2Tb9u1dzrlp4+b23qUDBgzocCyRSLBlyxYMw8A0Td6cP5+mpmbq6mrJzMomEPARDATxtEcsGicWjxGNRulWWMiSpUsxTZPW1gQtzftU1qbeyVep/3p244t0SyvANCyanRYMZRI0gxgYRL0YrmcTMtPYHalCKaNDuApgpOZr+40n3ARBM0BTvJl1dRt5fO2TfNq8jdxANpMHXc+5vSe2LyViR2lMNOF6Dl/qfS5+w8dTm57HMiz+uHoWvxg3I1XNulfUjjJr3ZNYyuQr/S8jZIV4euPzmMqkKdFE1I62V9MKIYQQQgghhBBCiBPXUQlWzW798bYvA5IhlDItnHWvo8f9GyqYfTSWkOTauNs+glQYltxUyEPldNxsSalk9Ko1GEbXgeb+6usb2LptK5u3bGHD+g1s2LSRutp6EokYfXr3IS8vj7raWswuKlbbqlYNw6C1k9f69+elzmm7h8xOerKOGTOGvLw8GpsaefONN7lx8tfwHWQNTc3NvP3OWyilKCkpZtiwoR2Ot0YihMPhZJCrFDU1Yd5Z+A6h9HTSQyECgQDxeBzLNPD7/TiOi+M6bN6yhV69etGzZw+01pSU7Ne/NtUC10DxafM2qmJhDEz8ph+fYeF6Hgltg/bQ2iPNSqMh3rj33APm0qmK0TA/fu9/yPZlUBWtoS5Wx8iCEZzdcyKnlZxEaUZJh1PD0RocXPxmgAx/Ohf2OZdnNs3BNEzW1W/g4/AnjC7q2Kf2lS2vsTtSxaiC4ZxcNJotjVsxUotqsJsPa+MrIYQQQgghhBBCCHH8OzrBaskwbP303g+Ugdccxt6wAP+Iy47GEgBwG3fi7loN+74Orl2M4sEdxiX7dKb+7B1+ELZz1y6eefZZnnnmGerrG+jXrx/nnnsuk2/4Gj16lFFaWkosGuX6G75GXV0tluUjEong93ddwajUgZsuHTAGUpW2Cr/fTyweI5usDmPycnOZMWMG37njOyxZuoRXXnmVyy+79IC5PK15+OFHqKmtxTRM7rrrrgOCWp9lkUj1iI1EIkz/yV2MG3dmh7UahtEhJG4LfoH2Pyc309pHarMoUNwx6nb65vTu8t5Xh9dy5/v/zQHJqgadCldzgnmAYmXtaixlYZkW1w64goH5nW86Vh9rwHFt8kN5GIZBQSCfc3pM4M0d72Aqkz+tmc19BUPwpVpJ1EfreWbTiygFNw6+DtMwyfRlglIowHYTNCWayUvL7fR6QgghhBBCCCGEEOLEcXSC1e7DwRcEz937qrcVJP7WA1jlZ2KkFx6NZWB/8jK4CbCCJBM3DcFsjP2CLs/zkq+Tq2TAeDhWr1nDlJtvpqqqmp69evF///dHTh4z5oDX8ZuammhtbQUgEAig9g8VU5RS7ZtGHS7TNPGnNrzy+XwHDWO/dOEF1NffzQMP3M+dP7qTpuYmzjv3XHJzctBaUx0O86c/Pcpjjz1GXl4eP/rxjzh74sQD5tGAlWplYJkmkUi00x6rbb1i2+/rsChc7eI3Om+VcKBkVeoBn6pkr1YPTZoV4ocnfYeHVv6BNXXrcFyHXy9/iF+cOaPTsHN36x48NLnBbAJm8vd4Vf/LeHvne2g0nzZt492dH3BWzwoAXtj0Co2JRs4oOo2Becmw1m/6CJlBYm4crT3qYvX0zu55mPckhBBCCCGEEEIIIY5XR2XzKiO7O0bv09DePjuyGyZEm4nN+xn6KGzo4zZsx17yFJh+2jpu4rmYpcMw0jvuZO/tW6V6GOFmU1MzU6bcTF1dPd1Lu/PE449z5umnd9rj1LEdHMfB8zQBv699o6z9aa1Jz0jHcZwD13QQhmGiANd1sSyTUFrnm24ZhsHXbvgqDz74G5Qy+NnPfsYNX5vMLV//OlNuuZWvTb6R999/n+9OncrLc+dy1RVXdBqIpgWDlJWV4rrJwHznrh1drrErer9X5R3tHGRkR452k39QbfOkqmF1skrWAGJOhOKMbtwx+t/J8icreasiVdy3/LfYnXwHd7TsxkCR7c/CSDXiLc3szkW9z8f2bCxl8fj6Z4i7Capbw8z99K/4DD83DLq6vfeqUgaZ/qzkN05BVaT6yB6IEEIIIYQQQgghhDguHZWKVZRJ4ORriGx8a58PNVh+3I0Lib/5C4Jn/yAVen72dKKF+Os/QztxlLlPBaR28Q0+v73naptkiKkAdVgVq2/Of5PqcDU+y8dVV15Fzx5lhxzveS6e52Ga1oGvwacopbAsH45t4/r9ZHTSL3V/8UQc27FRCkzDxLIO3h/2w48WM+Oee5gy5Wauvfor+P0+wrW1aK0pyMsnNzeHYDB4yOv5/X5Gjx7D8mXLQSnWrF3f/sr/P8r23GS1cOqxO+7hBasRN3nfmmSQaqdC/IJgPrZn4zN9KCDqxChOL+Inp3yf77/7EyxlsTK8isfW/IVbh09ur3p1PZc9kSo0mvxgfnuwCnBh73N4dds80JrqSDV/2/J3drbuIubGOL/n2ZTn9m0fG/IFyfRlUhWpxkXTnOi6V64QQgghhBBCCCGEOP4dlYpVALN0NFbZKNg/KLN82MvnEHvjF+hE5DO/rrajxF7/Ke7WxfuFqh6EcrH6jjvgnLbqUKXA8w4drGqtWbjoXQKBIChFWWnpIccn7ASO4+L3+4nGoh16ju6/hkQikWqdoAmFOq8+3ZfrONi2jWVaaDTxVP/T/YXDNXxt8tdwbZtvffN2evQoo6ioiGFDhjB86FBKSoq7DFXbfPmSi9EqGbLOn/8m1dXhwzrvYFrdaPIPSqFQNDuH951wvAQKAwPwtEfUjQHJClhN8nmaysSnkn+XMDC/P18feiNxL4Hf8PHilldZtOOD9vmiTozqSBiFQbY/s8O1umeWcH6Ps7G1i9/0MWvdU7y5/W0sZXFJ3ws7BMs+w0eGP5TsGas19fGGf/zhCCGEEEIIIYQQQojjxlELVpXpJ3DWtzsPEi0/9sq5RF/8Ll7Nps/sml7TbmIvT8Ne8waYHXt1asfGP/ZGVCe9NR3XSdUtpran70IikUiN1zQ1Nx1yrM/y0drailLqoNWqAI7j0NraimWZaA119V0Hclrr1Gv5yQ4GiUTnLRbmvPgitu1QUFiAz/fPFS0PHjSIcyadTTwep6Wlhcdnzz6i82tqajp8J/yGiac9FJCMRA+vz2zICqbaBiT7qSa85L3XxBrwGSZKJdsFtH0OcFHf85lUNqE9XL1/+W/ZXP8pAHWxehoTTSgDcoI5B1zvy+UXEjQCqU4RmoSXYGJpBeU5fTqMM5RBlj8LjcZQiqrWMG5b2wIhhBBCCCGEEEIIccI6asEqgFk6Ev/pN4Id6+SgD3frUlpn30JiyRPoln+8F6WOt2B/8hKRv9yKs2lRx0pVFHgORn5P/COvPMgEGk8ng7B4InHQqlJIvrI/ZvQoEokEpmHw9oK32vui7i+eSHD//ffjOA6u6x6yFYDjOMTiMZRKvtoejXZduRmLxYnF4niexjAUmZmdtw+Ix+NYlsXateuY+8orhGtqiEQiOI5DJBIhGo0Sj8cPeh/7MgyD6dPvIisrC9M0+eP//R9PP/tsl+dprXn2uef53R8e7lDhGXcSqNTr/JoDe64eTH2sERMD0GgNPpVsg+DoRCqaVSTcBMY+1zKUwa1DJ1OU1g2tPVzt8tPFv6Yl0UrCTZDwEiityEn1Y91XSUYxk3pMwPbs9k3OvjLgsg4tA9rkBrPRaBQGVdHqw25vIIQQQgghhBBCCCGOX0enx2o7RWDszbjbFuPuWo2yAuytSNRgWuDEib95H4mlT+EbcQlWv4kYOWUoX9qhp/ZcvMadONs+wPl4Lm7VekClKlX3CUa1C1qTdvE9KH96p1NlZ+fguA6mYeLYXW+sdeEFF3Lf/Q/gui6Lly7ld394mK/fcnOH1+nXrVvPjP/+b4YOHUrfvn3Ztm0rlZWV1NXX072k5IA5HdfFTtiQChkPVn26r1B6iEQ8jtYaz9MHDYQnTZrIbx56iEQiwZ3T7iQvP5/s7GwCfj8a8Pt8BIJBAoEARUVFDBk8mDPOOJ0+vXt3Ol9JcTF/fOQRvvGNf6Ourp7p06ezY8dOrr/2Gkr2u7eEbbNmzVr+9OifePHFF/nD7//Q4XjcjeNpD8swUdqjxY52ed8AlmFiawe/Sv4zcjkcAAAgAElEQVS+GxJNlNKduJsKxlUyWHX32wQsO5jFf518B1MX/gif4SMcDfP7j//EoNz+aK0xlXnQnrFX9ruEv1fOJ+7anNxtND2yOu+tGzADGBgopaiL1RFxogSsAzc2E0IIIYQQQgghhBAnjqMcrILyp5N22a+IPHEzuqk6GaZ2GKDA8qObq4kvfJjEu49idOuHWTwEo7AcI7sErGCyV6tpopurcOsqcXevxtuzFuKtgAKjk1vTGu15BC+Yhlky/KBr3L17N67jELdj2IlEaqOpg28EVVJSzK9++Uu+c8cdaK158MEHeHfRIk4bexo+y8fHqz5m2fIVTP3P/+Taa65mwHMD+K8f/pC62lpu/fptjK+o4Morr6R/v/L2OWPRGFVVe9r7pLa0NHf5bOvr60nYCeyETUN9PZFIlLS0AwPpIYMHc/999/Gbhx5i+/bthMNhqqqqkm0EANM0SGaRCkMplGEQCAS47rpr+c63v02okznHjB7FM08/wy9//SveeONNHvrNb5j15z9TMX48ffv0IZSeTmNDA4uXLGbVqk/o3bs3f37sz4yv6Njj1tMenvbQmGjAdjvvE3vAvccaU9WiKtlKIJUpGxg42iWgTOKeTX28gaxAx56pA/L6MWXwV3l07RP4TT+Ldn3Ah3uW4Df8eHhYnX2XgG7phZzbcyIvbnmV6/pf2Wm1KkC6lU5yWy1F3E1QE60jt5P2AkIIIYQQQgghhBDixKH0od5z/xy5jTuJPX07bsPO/V7V74TnQXL7HyAZ+KEUuq36MFWRqJSR2uypE1qjPYfAhNsJnDYFOPjO9Rs3buL5F+aQX5CP6zpMufFGAoGuKwxXfvwxj8+ezQcffEhdbS2GaZKdncWkiWcz5aYb6ds32X/TdV1eefWvfPTRRxiGwcknn8T4igpyc/f2e91TVcWsWY9TUFBIdXU1l1xyEUOHDDnk9Tdu2sScF1+iIL+AcE0Nt94yhfy8vE7HNre0cN/99/Pkk08ycuQoBgwcQElxCfl5eTQ0NFBVXcXG9RtZvnIFjuNgmibRaITrr/8qM6bfddCg2XEcPv54Fa/89a+8u2gRu3bvxnEcLNMkLRTizDPP4KIvXcQZp4/tdEOunS17qGqtwmf6cDyHolA3umcUd/nsNzd8SkuiBWUYuK5Dn+ze5ASz+bRhG42JJgzDwPVcBucNIGgduDFX3E2wrGoFISsNn+kn3QqS8FxanVb6ZPUiO3BgOwCApngzm5u2MrJg6EGD1epImO3NO/GZPlzPpW9274POJ4QQQgghhBBCCCGOvalTp3Y55pgFqwBeQyWxV+/G3bESLB+kemQeiqZjJLr/z51fKFmJGZj4bfwnXQ8HCcAOek2tD/o6eGdja2pqCYerSQuF6FZYSHp65y0HjpUPPvyQaXf+iPy8fO6+ezoD+vfD7/cfMM62bTZs2sTPf/4LPvroQ3w+P7FYjLkvvcSQwYO6vE5ra4T6hnoaGxtJS0ujID+frCwJFIUQQgghhBBCCCHE8e24D1YBdKyR+Ad/wl78ZLLydP/WAIc7D/sHrKl95V0HI7MbwS9Nx+p12j+/4BPc2nXrufiSSxgwYABP/eUJsrOzuzynqamZm26+mTVr1mDbCaZPn87kG244CqsVQgghhBBCCCGEEOLoO5xg9chKNz8HKphN8Kz/JO3a32L2GAWe015hekTz7PuDBlwbPA//6CsIffWPEqoC8USCu6bfhW0nmPrd7x5WqAqQlZXJ9ddfh23bmIZJTU3t57xSIYQQQgghhBBCCCGOb0d986qDsXqcgnnVMNzNb5FYOQd3+8pkwKpMtFJdv4qvNehUz1XDwBpyHv7RV2GWjv78F3+C2Lx5C6s+XkVWVhZ9+vQ+onN79uiJaZo4jkOvnj0/pxUKIYQQQgghhBBCCHFiOG6CVQDlS8MadCFWv0m4e1bjbPsIZ8u7eOEtyUpWndzASnkuGMkd4JObVSmw/JjdBmD2PhVrwCTM/PKDb2T1L6quro6EbeMPBA5rM64OFKA1lmXRf8CAQw71PI+du3ZhJxKkp6dTVFQEQDyeIFwTxnWTFcnZWVnk5OSgtaaqqppEIoHWGo3GNE26l5TQ3NKCY9sUFBQAUN/QgOs47T+3SSQS7N69G9d1yc3NIzc3p/1Ya2uEcDgMaPLy8tr7vNbV1eE4Dt26dQOgoaEBJzV3TW0tkdYInvZQKHJyc8jepz9sa2uE6upqDENRVFREMBjEcRyqqqpxXAd0st+uP+CnpLi4/S8G4vE44ZoaunXrht/nw7ZtqqqrKS4qwrYdwjXh5DPQmrS0NLoVFnb4SwXXdamqrkZrTUlxMYZh0NraSrimhrzc3PZ7cxyHnbt2UVJc3N4/NxaLUVNTS/fuJRiGkVpvFcXFxe2bkTU3N9Pc0kL3kpIOz9d1PaqqqojHYwSDQYpT95RIJNhTVYXWGjR42iMzI4Pc3Fz2VFVhKNU+trm5mbq6evLz8wgEAlRVV+O5LlonvzMZGekUFBRQVVVFRkYGGRkZAITDYdLS0nBdl7r6eizLQimFY9sEg2kUFxcd8vsohBBCCCGEEEII8Xk4roLVdlYAs2wMZtkY/KfeiG6pxquvxGvchY42JEMrO4bhD6HSslG5PTHyemGE8sA6wsDwX4jP78MyTRKJBA0NjZSVlh72uZVbK4nFYowaM5qB/fsddJxt2/xt3uts3fopubm51NXXM2LYcM6aMJ76+jqeff55cnNzwdM0NDbypQsuoLy8L3PmvoRlmmRkZOJ5HmnBIBdecD4fr/yYJcuXc9stN5ORkcHixUtobm7iyiuuaL9mIh5n7iuv0NTSgmmY1NXXccWll9KrVy/27NnDnJfmYpkmls9Hc3Mzl196KT16lPH+hx9SV1/P166/HoAVK1ZQU1vHVVdewVtvvc3O3bvJzcnGsR2i8Rhf/tJF9OjZg5qaGp59YQ5+n0UinsDy+bjumqsBeOb558nJziYYDOB5Hnk5uRSd1609uKyurua5F+bw1euvo1thIY2NTTz3/Avc+LUbqKmpYe6rr1KUCnrr6uoYOWIEFePGYRjJrh2xWIyX5r5MS2sLt06ZQm5uLu++9z4rPl7JmaefzplnnAHAxo2beOGll7joggsYNWokAFVVVTzz3PN86YLzGTp0KM3NzTz7wgvcetNNZGRmorXmb/PmsXVbJf926y3trSISiQR//dtrbN+5g5ysbMK1tQwbMphzzj6b2ro6nn72ObqnQl7P8+jbty/Dhw3luedfwHVdbr15CllZWbz19tusXb+B8845m7LSMp559jny8vIIBPzYtkPfPn3Iycnhb6/Nw+f3c901V2OaJm/Mn8/ggQPx+/0sWbaM1tZWEgmb3JwciouLKC4+97C/x0IIIYQQQgghhBCfleMzWN2H8qWhcnth5PY61ks54Q0ZNIic3ByqqqpZvnw5w4YOOazzYvE4jz/xOMpQ/GjanYesdl2xYgWVlZVMvuEGMjMzqaqq4slnnqV/v3KCwTS0p7nyssvIyMjg7XcW8s6iRZSUFOM4DmdVVDBo0KDkRBqUoQBNLBZj4aJ3ufCC81GGQu23TVlNbS3btu9g8levp7CwkI8WL6axqQnXdXnt9b/Tt08fJp41AcMwWLZsGS+9/DK33jwFn+XrOJdSqWtCwk4wasRwJowfj9aal15+mfc/+pDSslL+9tprDBrQn4px40gkErw273VqamspLChAex4XXXgBhYWFydvQuj0U3XsZhd/na7tke0Wq52lCaWlcfdVV+Hw+Nm7cyMuv/pWRI0aQk7O3Atfn8+GzfOzatZusrCx27dpFwB/A83RqHo9Vq1dTUlTE8o9XMmzY0GSVJ8mWGm/MX0B5eXl72NvWobi+vp7q6jDZ2Vms37CRU085GYDlK1awe/dubkz9Tnfv2s1HixcTj8dRgGkYXHnF5R2+F5FIBNNMVsXW1taSlpZGVVWYQMCf7NqR2jPvyxdflAzaUzzPw+/3sXV7JevXr2fIkCF4WuN5msGDBzNw4EDeffc9duzaydVXXonRfg9CCCGEEEIIIYQQR9dxH6yKz05mZibf/94PmPq973LvffdxyiknM2jgwEOeE43FuOvuu1m6dCk//OG09rCtM1prNmzezOiRe4PA7t2706OslPUbNjJ82FCUYVBfX08sFiMcDpOVmYllWQR8PpauWEnljh3J1/MLCznl5JNxPU2vnj3ZvGULlZWVZGZm0tTQ1OG6eXl5dCss4NnnX6BXzx4MHDCAvn370tzcTG1tLRecd2776/BDhw7lvQ8/pLo6jGF0Esol8z4sy6Kqupo1a9biui7h6jCnnXoKzc3N7Kmu5sILLsCyLCzL4orLLwOguakZ0zRZuOhdMjIzcByH3r16M3TI4PbplWGg0by9cCEBf4BINIKnNUopDENh2zZr164lEAiwZcundOtWSCgU2ucZg8+y6N+vH7v37KFbt0JMy6K4uBjXdYBkpWttbQ3XXXMNTz7zLHv27KGsrAxPe2Tn5OD3WSx6911OPukkLNNs3/nt41WrGDJoEOXlfXn1tdcYPWoklmWx6pPVjBk9mqysLGKxGKH0EBMmjMeyLLTWeNrjjTfn4/P5iMXjnDW+gmAwiGlalPctY/v27QSDQQJBP2mhIJ7npu7X4O13FhIKhbBtmyGDB9O7dy8Mw2Rgv3689c5CSktLSQum4Tg2SqlkGJz6XysVTgshhBBCCCGEEEIcCxKs/ou54vJLqaur5Ze/+hWXX3ElP585k/HjK8jJzu7Qy7O5pYVPVn3Cffffz/IVK7j77ruZcuONXW4i5joOltXxa2UaJradSP2keeVvr2EZBlnZ2e2hp+NpMtJDdCsoxHGSr3lDsrVAr549GDFsKG+8OZ+yslJMs2MFaDAY5KorrmDjxk1s2LiRF19+mfFnnkl5eTlAh4pRpZIVr57nYhgQ8O8TzmkwUnMbhkFjYxOfrFnD1q1bmVBRwYgRI6iurm6fZ39tIWN2Vhb5+fk4rkNmRnqn40LBNNJTx3Rq0zWlFI7jsmXrNjZv2UJJcTFfufLK9lA4OQZsx6Fnjx6s27CeVZ+spntJCfF4nLaEdO26dWSkp6O1Jj8vl6XLl1NWVoZCEfD5OPfss3luzhwy0tPx+/0YhoFt23yyejVjTz0Vv99PpDXKnj176NGjB4l4HF8qxNywYQOL3nsP23a49JKLCYXSUSjy83IJBALYto1lmmitcV2XPr17s3HTJhK2Tc+yHtTV16WqVTWe1mRnZ5Gbk4tt26SlBYFkH9pTTz6ZjZs38dY7C/E8r0MI3vbok593/C4IIYQQQgghhBBCHC0SrP6LMU2Tf7vt65xyyik8+thj/PjHPyGUHmLQoEHk5+XhoWlqbOTTT7fS3NTE+LMm8D//cw8Du9iwCpLBYGn37qxZu54xY8bg8/loaWmhcscOzj/nHAzDwFAGl15yMfl5ee2hXjwex3Uchg0dSr9UGNpGa000EuX0sWNZvXYtK1etYsjAQR3GrFu/nsrt2znvnHMYMWI477//PqtWr2HYsGH4AwE2bdrcvkHV9srtOI5DYWEh1eEadu3e3T5PNB5De8mQM5FIMGjgAM44/XTenD+ftevXMWrUSHJzkwHirl27yM/PR2vNa6/NY8CA/hQVFaE9zamnntK+idT+tOehlMFpp51KVlYW9fX1rNuwPhnKeh5paWl8+eKL2L59Oy/OfZmqqip69drbBkMDjuuQnZONZVosWbaMy758CZs2bsLyWdi2zZq161BK8fKrf8VxbHbs2EkkEsHn8xGNRSnsVsj4ceOY9/e/kx4KYVkWe/bsIRqNsWbdetau30Ag4Gf5ihX06NGD/v37s37jBkaOHMGIESMoLi7hL08/RSJhEwppUIrTTjutQ8jZ3NyM47rk5iZD05WrVnHZJZdQXRNOtQJI/m7HnnoqofS94bPrurieB0oxftw4/vjoY9iOQ7++fTo8AyGEEEIIIYQQQohjTYLVf1FjRo9izOgH2L1nD1u3bmP79u00NDSQlhYkGEyjZ88e9O3Tp71X6OE6ecwYNm3ewjPPPkef3r1Zu349hfn5DOjfj5raWjTJCtNgMNh+jtbJcG7J0qXs2VOVfKVdw8knn4RhKOKxOKZpcs6kSTw6axbxRKLDNUuKinnl1b8SiUTpXlLMshUrGTlyBKFQiHMmnsUrf/0bzS3N+Cwfy1asoOLMM0lPT6dP7168s2gRc195heysLFavXsPFF30JSAariXgcpRTjzjyTRx59lPnzF3DBBedz/rnnMveVVwnX1NDQ0MjmLVsYO/Y0dOqV/rffWUhOTg6u65AWTGPMmNHtFZ+e1mjPIxqNkZWVheM47SGj53m4roPruvTu3ZsRw4cz56W53DLlJjIzM9seFrFojGAgQGn37mzaspn8vDxWRiIUFBaybds2otEot91yC/6AH8dx+PPjs1n58SpKu3fHcVw812Xo0CEsX7mS2tpa4vE4H3z0EaNGjeSs8eNRSlFTU8OsJ55gfEMDZ5w+llmzn+DJp5+hvE9fKndUopQiNzcHz/PQ2mP+/AUEAn4c16W4qIju3bsTj8cJBgMUdevGnqoq8vLzaW1pxfM8kjvQaRa8/TZZWdm4rkNmRgZDhw5Fe26q5UA6Z00Yz19fm5c6J8l1XBzbPvIvvRBCCCGEEEIIIcRnyLz77rvvPtaLEMdOZkYGPcrKGDp0CCedNIaRI0YwdMgQykpLSU8/8DX2rgSDQfr3KycaixGuraVvn96cNWECgWAQ1/WwLJOeZWXtQWMb0zCxLItEIo7retiOTc8ePQj4/WTn5FBQUEAoFCI9FKKgoICiVAVq2zX7lZdTW1NLbX0dQ4cM4aTRozFNk8LCQspKu1MVriGeiHPm6WMZPnwYSinS09PpWVZGdThMNBbj1FNOYdDAgSil8DyP4qIicnNzsSyLsu7dqWtooKy0lKKiIkqKitm5axehUIgLzjuXgoKC9mAVBbadwLYdDENRVlq6d6MorbF8Pnr26NH+ir9Sil49e2JZFsFgGj3KyjAMg+7dS3Ach1AoRPY+FbCGYdC9pITMzCwyMjIoL++LRpOfl0c8Eadvnz6UlnbHMAwsyyInJxlcFhYWkJaWRklJCT6fj+4lJQSDQYqLi2hqbuak0aMJhUIYhkEoFEIpRWZGBnl5efTvV45t21SHw3Tr1o1JEyZQWFjYvgmVqz0c2yZhO4TS0igq6oZpGvTp3ZusrExycrLp3asXWmtKiovJyspur3C17QS242CaFmWlpRimSXFJMRnp6eTn5WOaBmWlpe1VwFprsrOzKS4u7rI1hRBCCCGEEEIcT8LhMIsWLWLBggXMmzePdevWUVNTQ3Z29j/0/8H/Wcn9VH5Iz5496d69+1G/vjjx3XnnnTzwwAM8+eSTfPLJJ5x99tnHekmfmddff73LMUq3JSNCCCGEEEIIIYQQ4jMXiUR44oknWLhwYftn+fn51NbWtv9cUVHBV7/61Q4bGH/eHn74YRYtWkRFRQVf//rXj9p1xRfDd77zHZYvX97hs9GjR/Pggw8eoxV9tqZOndrlGAlWhRBCCCGEEEKI49DaRyczs/Im7p0+ic6atHV1/JDC85kxdSEV905n0hGeHJ4/g6nbrmbWlMGf63W+KLZt28bMmTOJRCKMGzeO888/v8NeGtu2bWPevHksWrSIUCjEtGnTOhz/PCxcuJA5c+ZQU1PT/llBQQGXX345FRUVn+u1xRfH4MF7/x3wy1/+kh/84AcArF279lgt6TN1OMGqbKkthBBCCCGEEEIctxbyv48eGFKE589g5oJjsBxxRCKRCDNnzkRrzT333MNtt91Gr169CIfDrFu3jnA4TK9evbjtttuYNm0aWuv2EPbzMnv2bB555JEOoSpATU0NjzzyCC+88MLndm1I/oXAjPnhAz6bPPlROnzTw/OZMXkG+w3dT5j5Mw6c77iz9tED7+9o2vdZHtZz7dp7771HY2MjjY2NjB8/nnPOOYfx48fT2NjIe++995ks+0Qgm1cJIYQQQgghhBDHq54VVFR+wFoGs7c2LMyqhTBxYjkLKvcZu/ZRJndIWycybdYUBpMMrj7odROVjz3GZsq56Uf7VSWmzi2/6V6mTyoE1vLo5Jm0zzZxGrOmDE5Wqz62GZjJ5MqbuHd6Ca9MfoZe0ypYOPMxNgOUH6KK9hBrJLXOvYf3PRZm/oypPLY5dehQ1ziOzJ49m0gkwj333NNehTp79uwOvRsHDRrEHXfcweDBg7njjjuYOXMms2fP5rbbbvvM17Nt27Yu+0a++OKLnHTSSZ9b1WxBr3I2L1xFeFLb7y/M7spyyssX8MHaKbQVQYZXLWRzeQW3H++/5H9Rr7/+Opdccgn33nsvAK7rcu+997Jr1y5ef/11zjjjjGO8wqNDKlaFEEIIIYQQQojjVgnDKyr5YN9St/AqFlLB2H1zr7WPMnlmJTfdO4tZs2Yxa9Y0JrKAmftUuy54bBtXz5rFrFnTmZTX+bn7hqpMa5vrXm6qnMmM+WEKJ03n3pvKk0Fre7C5mcdmts09i2k9H2PqjPkcUBDXxRrD82ckWxuk5rn3pkpmzphPOBWqLqy4N3Ve6hqdVPIeT9o2qho3blynoeqgQYNIS0tj3bp1PPzww0Dy1epx48axaNEiwuHPvgpz3rx5hzVu316wn7XC4RWUb95Ge71s6vt8dUU5lbv33nPNts2UVww/7sPzE07hJKbP+mxac1x88cXYtt3hn8/jLwSOZ1KxKoQQQgghhBBCHMcKh1dQ+cpa2kr5wqsWQsXtFLBP+DV4CrNm7XvWYMZOhA7dAiaO5YCuqDXzmTFzAROnzWoPWsLzn2HBxGnMah9cyKTbb2Lh1FdYO2kKBZ2sceK0vVWngy++ifKpC1kVnsSkDks61BrX8spjm5k4bXp7kFY4aTqzJgFrH+UxbuLefZKgwVOmMXHyM8y/+Pjt3bps2TIAzj///PbPKioqqKmp4fLLL6dXr14sXbqUBx98sH1s2/hFixaxbNmyDud+FvZ//f9gKisrux70jyosoScL2R2GwYVAzTY29xzL4OEV8L9tlaxhdldCz7Ftv9yOFdQTp83iYC1+O1Q9pyqtgVS/31RVNeXc1Nb3t60P8E3/n737D4+qvPP//0qIC8ElQiYRhGCGLxmW0KV7mXgJCRNbrMX2WlHbrYTQXhTbz2evGvkRm5bP2oqAuMtnqWhATLvdeuF61YRkv9sidL8u1JXiDERcSK+rrgQZWCYSkB+Z8EsTkMB8/zhnZs5MZpIZmJAJPh/XFWXOj/vc5z7nPufMe+77Pnfq1VeNFScuWKtK1Zqts2Vpyd1LOokISyMin2Gts2dqwYKP9KqrTGuX36f2jfO1WqFlT7+9UtXmvNx482Yd97h9o+avlmbO3KEdZpmF7WsvZs+erZaWFp08eVLZ2cYvNR0dHTp37pxmz57d67rd3d263N0dc/4tGRnKyBgcIcvBkUsAAAAAAD6vcqeq7KPfmcMBGMMAlFXmSu9HWbZHwKa3hA/r1dWHJc3UHEuQqr31sLRjteb3GMM1VmITlW+NtubeoTt1WK3tUtQobLQ8nv5YH2miyqIsf/rjj6TDO1Q9/9Ue210QI0epoLW1VZLCutTn5+erqqpKktGiNdCC1GazhS1jXT+ZDhw4ENdy/RpYVaGmzzysxvdP6777ctXy7g7NnP6YlCvdebjRCMjntqv18ExNL5SMQONqfbRgrV67L9c8f1bq7ShBw1CrZyM4+/bKaq18e62W39eujdWv6s6nXtPyQjMgWb1RdwSHmjisV1vn6LXXHjNbVlerdsFavfZarjn8hfGjQqFawtJRy0bND0snHqf1dq0ljdNva2V16EeClo3Vxg8Jr92nXLVo4/wd0sR4Xih2rXnboY/yjX019r1Wb0/tPVj8y1/+UiUlJXK5XDp9+rTKy8slSW+++aYOHDigv/qrv9Ivf/nLXluvnjxxIua8vLy8XnOcSgisAgAAAACQ0nI1tewj1b59WsunGt2me4w7aQlWzjQDKy0b52t1HynPfOo1TX93vlZvnG5pMaeIFnQRm7rW3bjGPEoaNGOqWrW3tysnJ1pk2Xhr+rp169TZ2SmbzRYMtgbYbLa4W5f2h/58eZZkjrPaauzfxx9NVP6DUiDg+m67pPZ3tWPmdD0mGUMFHJ6pOcvNo597n+bMfNUMzFpTPa33XYc1sazSPE9ydd/y14xW0y2/0w7N1FOFgSTmaOarq40xXXMkaaIWPFgYyJwmaqLKppqp3HFnaBMt72rHxAVaG2qerQUTq8PGhu2bka+g9lYdlmSETlv07g5p5lOBc71QDy6YqB3xjMzQW96in4ammZoTiKLm5GuiYgfVjx07pjfeeEOTJ0+WzWbTF77wBXV0dASHspCkL3zhC7LZbCooKFBtba0efvhhjRs3LiydjIwMZWVl6fz58z22kZWVNWhaq0oEVgEAAAAASHm5ZjfpFhnDAOQqPMB5+n2XDvcSDI3OaGlqdN1frY3Tje7VOfkTJdfHOq3COAOZZuvUwMIxWp/2mkdrK9fcyFl3SuaYnIMpsJqTkxOzhajL5VJnZ6fGjx+vn/70pxo+fHjYfJ/Pp8L4I3VxSbQFbGtra7+9wCp3apkmuj7W6dMfh/1QUDh9pla/26IH8z/SRCPaagYed2h1ZBPqmZFNotvVeli6c07Ps+T0xx9JE8uiNqBORKzW0xOD4xrEJ2y4gokTNfE689Vn3q53x01NTU2aPn26cnNzdeXKFX3lK1/R4cOHdcJsfTpmzBhNnDhRV65ckcPh0MiRI9XU1KRvfetbPdIaOXKkLnzyifxXrwanpaWna+TIkcnJ7A1CYBUAAAAAgFSXO1VlqtbqVydqwdoYAZyPQsHQ02+vNAI3vQ4FEEj7PlUucKl69UZNf+0xFZqt+Wrfnhoca+QBroEAACAASURBVNE6lmM0Oxrf1oNmi9KW372qwzOf0vLI6G+veTRa5lVb0jG6JUtPvWa0vAtrVRucl0gX7BsrPz9fbrc7aoDyG9/4hgoLCzV58uQeQdVoQwgkQ7wvrrIu328vIsq9Q3ceflft7dLhO6eHAuY5+Zr40cd6X1LZg9ZWlDM1J+qxtp5gOTJ+E+gZ5ExWcD73jjuliWVxtJ5u0cb5jco3hysIC+yefluNO3qO8Xq9es1bkt6DdujQIRUXF6vbHB91+PDhmjp1qqZOnRq2XGD+qFGjdOjQoahppaen67asLJ09ezY47basLKWnpycnszfI4MotAAAAAACfS7maWjZRmlimqVEiOrn3VWqBXlX1/PmaP3++qlvnaO2CidKOd9UST+r3VWrBxB1avbFFUqEeW7tAerVa8wPpWV6Qkzu1TBN3rNb8+RuDac+8szW47dUfLdDaKK1S+8pj7n3L9dSdofnzV3+kBWsfU6Fydd/ypzRzx+pgflI9qCpJRUVFkqIHNLdt26Z//ud/jjnPun4ytLS0yO12J7ROICjcPwo1feZHevfdjzRzuuUo5k5VmVxyfXSn7si1TJu4Q41vB6KDLdo4f75Wvh0ZLTTqyGHX+8E4YsvG+Zq/sUUqnK6Z2qF3zRP29NuN2qHAGK6JZHu6Zh5+Vb8LnPin39bK+fO1sUcly1H+xMNyvW/kpL31sHTnHZaAp9k6W+YPEZZyeXDBRO1ofNvcB+OlbsFU86112hj6IPG8XZszZ84oPT1dn332WUJ/6enpOnPmTNQ0s7KylGYGUtPS05WVlZWczN5AtFgFAAAAACAFFT72miwjMSr3vuV67b5Yny3jSQZZ5kekpdz7tNyaWOT6PebHWrdF70rS9Mf02mOP9bFsH3mUuc9RkpEK9dhrrynqrBSVm5srp9Mpt9utsrKysK79LS1GtCvyJVGBAKjT6VRubvIGPqipqbmm9VavXq1f/OIXScuHVU6+tONVacGD1qm5uuPOwzqsOZaguRFYb51frWAv95lPGS+yimiKmXvfcj3VOj/UHX7iAq1dbqT02NoFWlk9X/ONGWbQPlGFEelIExesVc/fEXJ1X+UCuaoDeZ6pp14LDvCqOTNf1erV87VD0synjB8NAsNghO/DRM2cOVGBYU8DY8MawyJM1IIFM6VgY9de8paEFqtnzpxRRkaGLl++nNB6GRkZOnPmjEaNGtVjXrrZ9f9MR4dGjhw56FqrSlKa3+/3D3QmAAAAAADAYNSijUbz0SjBJXR2durJJ59UWlqannrqqWD3/tbWVu3bt0/FxcXBaYEXWvn9fr344os9hgi4Hr/+9a97BHHjceedd+o73/lO0vKBxFmH4RjIMYb/8Ic/6MMPP9S0adMSWm/Pnj36i7/4C335y1+OucyJEyc0ZsyY681i0lVXV/e5DC1WAQAAAAAA+sHw4cP1k5/8RP/wD/+gZcuWqaysTLNmzVJ+fn5YkHX79u1yuVzKzMzUT37yk6QGVSVFDY62traqq6sr+DkzM7PfXlaFwe/TTz/VkCFDdOXKlYTWGzJkiD799NNel0nFoGq8CKwCAAAAAIBrZHTRR2z5+fl68cUX9etf/1oul0sul9F3OycnR+3t7cHlnE6nvvOd7yQ9qBrLgQMH9Prrrwc/f/vb3yawipgcDoe2bNmi//qv/9KwYcN06623asSIEbr11ls1bNgwSdLFixf16aef6sKFC/r000918eJFSfG1/BysGAoAAAAAAADgBjh9+rSam5vV2tqq9vZ25eTkKD8/X0VFRUkdUzUenZ2d+uUvf6nm5mYVFRXpb//2b29YUBcYDOIJCBNYBQAAAAAAAACLeAKrg+91WwAAAAAAAAAwwAisAgAAAAAAAECCCKwCAAAAAAAAQIIIrAIAAAAAAABAggisAgAAAAAAAECCMgY6AwCA/uP/1KdL72xQt3eP/J1n+lra/H9af2frBklT+m13KPPhf1R6bsFAZwYAAAAAcJOhxSoA3MQu7qjR5f3/0WdQ1e/3ywio3ixBVUny6+q54+r87Y8GOiMAAAAAgJsQgVUAuIl1H2mKa7mbKZwayX/h5EBnAQAAAABwE8r49NNPBzoPAID+8lmc1/i0mzm0KnGvAwAAAAAkW4bR/RMAgJsX9zoAAAAAQLIxFAAAAAAAAAAAJIjAKgAAAAAAAAAkiMAqAAAAAAAAACSIwCoAAAAAAAAAJIjAKgAAAAAAAAAkiMAqAAAAAAAAACSIwCoAAAAAAAAAJIjAKgAAAAAAAAAkiMAqAAAAAAAAACSIwCoAAAAAAAAAJChjoDMQ08E6Vda4Za9YpaVltt6X9bm0ZlmTSlYtVV+LJnXdG8DnWqNl9d6eM+wVWrW0TEaWD6quskaqqtW8SYF18lRVO0+TYqYZe37/O6i6ys0an6JlfsP4XFqzrF5Rjq7BWaXaB06m9PmZGOM8dUeb5axS7bwBOhvrKlUjY/s+1xotO/rIwOTlYJ0qN4+31Osb7WkNr/5rpR+t0SeNDdcwvxcP1GvEX0qX11boYgJ5GSJJF5t18eUndDmxLfYv8/7Uk/M6r6uWOhJ2jcf1inkvTeK1x3otiTI37D49EHyuNVrWVDJg51W8x6D/8umTa80yHX1k4I5BchnnVFvM5+S+5odLpNwH9F45qMV6DrKr4qZ4zgMA4PMpRQOrPrk2u+V0OuWu36aDZf0YALSVaWltWX+lnhxRvvgdrKvUsjWK/QBsb9PmNS59P3L+wTrzi01e/+UX8Qk792J94ZuU+udnQqJ9eTC+aKwZH9+Xv2SbNK9WtTd8qyks9/sa/kCDOrdZJ5Yr8wkj0Om/EXl44AsakooBVasogU+fa42WVdZde3D14F65Caj2nx73UuO6W1k3cD/sfO7EcQxsZUt1U932+lvTK6obvTTi2cEn1xojgGePMxnK/Ubp+Rzkc63RsmV1Gj1gDR4AAMD1SM3Aqm+/mrxOPbL0bsldo70H52lSxJPGwbpKBRoM2Z1O6xyjNWRViZpqzNaA9gqtWjpa24K/ElseasJarJrrVuSpvj7we/L1tkDqH5MeqJB92VH5pBhfwEtUktek/b6ysIe3g3vNgHXUZoMpJKJFmDOilY/1+JsLGF/KDtbJaBRkOWY+l9YsO6pHzGnhrWZSvJWA9fyUuR9VUk1g54OtWgMtXyPO1z7KMTVM0gMVdi1r2i9fWSCgZHzZDh2miGBTRGvfYMt2n0trXpFK8upV75bkrNKq8ZsjWuGEtxwLtDJbNX6zeV7UqLLN2J6vrlKbx1eppKnGzItxvozeZrn+hLUGimiNYgkiGC18SlTRVh/cr+C6luO0rPLogF5zrp72KH3s05KeC00suldD5NWVi3Zj/Jiil/XnMx26smOWuprNZRJolTrssSZlfNqsq+OLjFapkq78d4k6t0m3zNmuYeNHSLJrWHWTbvnvEnVuK1fmE1XKGGYu3PHvurDxuRipDxxb2SNy1m/WSZ80ySb1dT68ohLl1dfLLenu++za+7ZxYiyrrA/W1fDrlbV+H1Rd5V6Nr2hTfb1XslfohyVNeuHoI6pSjUKXiFo9cNKSRlhgK6KeyXo+x3E/jFUPg/mLvu+pw6aypVU6WlmjursD18beykR97LMk7Q3b7x7X3L2Wa3KPIHp4mUWmHfO+Z87bO75CbfX18gbva9b07Ap7VEoZPY+BteWkIupJ9HoReR+Pdu7ZQse1ptLSijPieFvP08j7ydSp0vu3hdWBgW4FLEl5JSVq23tQYQ/Kvv1qklNOu1tt1oV7tLYP1enIco91vwqVfeheaVNvxySOa0lf+Yp17wzsbm/nwyB4DrJNKZFdR4Ofe7R+tz4L+qL3mLBXrNLS0dtiz0vZB10AAAa/lAys+vY3yet8RJM0SXJKNXsPap7lgfFgXaVq2iq0qrZMtsBDsewqCS7hVf3mEq2qrZXNfMBeVmlXxapa1drM9bcdVFnUJyuv6psC6xpp19TdnYJfCPs25e48vbLfpzLLF929bqfurlJqB1aDwdFa46Hb59KaZWvkMh+Uw49/YPnAl7K75VR4MD50Plm+ONQuDa07qFoJuFWzt0q1tfPMcqlRpdtplpVxvm52PWAJ1sUux9Rl7EdTySrVLjVDoXWVWlY32qyHB1W3rF55VbVaOknG58plqhtdq3k2Sd56Y91aM0Trim+rtrKlWqXw7o0+Sd76zSqxXjuWVcpeYaZ/sE6VNYFW9aGAba0lQLPGZflC467X0cD8g3WqrHlFrilLVTZpnmqrNMBDAZjOvaMruY9omBQMkN5S4JBOvyN/rtn2qfkdXSkp0pCCcqnZGBZg2Fi7/Edr4uzqL6WNd8i/o0QXms1g6l/Wa9i2Cl1snKXLD9RrREGH2WLVDKp2/rsuvPycZH4e8ZhSMrga0vf54K1vCp5bkvS9L4YPBxEatmVp6PoV1iLWrfqjVaqtDQRrm4wfI6tqZVwi1mhZTaXcTnMZn0trlm2W64GlKrOZ9868KtUutQT/681z0ib1fj/spR5OiqMupIxJutspbT7pkyapjzLpbZ/N5NxtGm8eU6P863S35f7idoeuyeE9T0LdtmuDge1lWiOjzHq/75lp1x8NXe8j0zMDwrKHnpRSh/UY9Dw/IutJ7/dxo6VmqBwt597SVVJYz5DIOhClBXPY/cQo09DzhU/7m7xyPrJ0YK/Zo6eopGmbDhpPzZKM5x6VPKLxTZbA6sE6Vda0qWJVrSXgWRP7GTfW/SravbLPZ6teriXx5CtWXmwye2KFrpNh2x4kz0G+/U1Sxffjew6dNM94Bgysa94nHimzSeptHgAA6C/pfr9fqfX3obbVe+Usdsjv98sxa67s7s16pz00f69bcj7sVLbfL78/W87vzZVdCqYhWec7VOyU5HxYzmxjvqPYKbWdULtl+ejrZqtwuj1s2Rv/J0mR09r1ziv18jqL5bDkW5HrOIqV1/RBKO8f7pXbWSxHcPGBO86xt9+udza75VxSEdw3f7ZT35sr1W/70Dh+FS/r5R8HjpGxn87g/hvH2733w2B6HzQFzqcPta1emvs967oVWuJ0a/M77QNaHn6/3+hi3UdZSXbNneUwy6VQ0+2Sfe4ss6yM89V7tD2uckyd427Uefv0QuO4fLhN9Zqr7zmzg8s4KpbIaV4H2t/ZLLd9rmY5Aus7VPHyy6pwhMpoemG2Jf2edSisvsg6P2JZRbl2yKmHA3lzFMupNp0I5Mu5JJiPwLVJ9dv0YSBta74dxXLKq6PtsfOZrDJPTIO6T9uU/kDgc7kycqUrhzwRy1xQWu69ukWS9LTSsy/oyqEExl7teCfY2vXyIY/8simtKMpyDzyijGFeXQ4GURvU1dQsf/a9yoy2fAzJLVcp2rH6sK5Gbvt0FWbHez4Yy0ZP17wXWupwtvN7mmsPXa8kBe+VwfUt51h24XTZe1wzAudctpw/flkvV4TWN5aP737YWz3se98H4i/6MfP7/crOC1w34yuT4LUj4toTeb0w1jWuD8HytBxPx6y5snub9IHluha67jlUscQpr1lmvd/3AtsOPRP4P9wrt/Vale3U9+baY5ZB6hyDyOUi60kf9/EPt6nea9lv85j+OPDZWmbmskuCx9t8nrQ8c4bfTyKeL9o/UJPXqWJHouWQvD/jfMxW4fQ27f0wML1dHzTJyLd1fx0VevnlHwfPz+DzcdT7nxK4X/X9bNXbtSSufMXMi/GsE3oOCqRXIUfKPgd5Vb+sUpWVob9l9V7L+e+PeC4JHese6bW/o1fqpbnPWvYxnnn88ccff/zxx1/cf/FIvRarB/fJbZ+rZwM/29qmaLp9k94NtLz0nVSb7Jpu/fHVNrrPEUPteYP411r3Oj0R2cLUPlfPVvT12/YkFee9ERwO4OA+t5zFFZL29VNGk8GnNq/kXvdEz8H9I7ox+lw/0zObvD1mTyp2Suv26WDFJE3y7de7XqceniTz3PHK/cwT2hSRtH1ucvfiRsobHe3cjr8cbyyvNkUt/2f1Y7NFhe9km+R165kneiyluZJ8bV4p7+GBayFkz4u6bZ9R4D3r6sAW+DW5fMijoX9lDgdQdK+GyKNLzVJGScQy47M1RNLlojuUftFYJtluuc0mXfToinVi88e6OtOR/I0lwrspyjnq1JKXjRaFB6/3fIh2r5NNoxMeHjtPUS8RFgfrn9C6YD7tmh5P9nqphzdDXYheJpM0a65dzwSuq84lernP+7CVXXk9nl28avNJo6OVpy1P9vCO3DHve5F8J9sk+3SFb+4mGFu9j/t4tP2OnVSUZft4npxU7JTeOCmfJsnma5PXWZwSvV1sU6arbbs5HIBvv97VdH3PJu2PtrDPpZ89syn04szrrZbJera6pnwZzzp5Dw+m5yC75j774/AWswfr9cS6N+Sa9eMEWtIeVP0zm6S5z0ZZp7d5AAAg2TLijcDeGD653nBLXvX8wurdroPOuXL4rb/ahi8SPi1ifo9oc3gEOta6fuuv8te7e9fA75fkXKINc6MEEXrkyci3Nc+O4jyt235QzrnSPrdTxXP98ntirX9jRTuGAc4lGxR9l/3yuZ7X8gavJKeWbPiRHPJo08J1Ch43R7GcWqd9B+cq+8S78joftrTstat85Y+iPmgObF3wW1ooWCdbzk9Fnqs914n8f2/lODDCy9+zaaHWuUOti4y8SbKXa+WPonWJ9yt0+kbZhyj1OXYdDi/r8HUilox27Yg2v5e66osrH8m/1qRdy0rN7+hKyfeVWSR1Fzik06/osiJ+iWt+R1dKqpT+gHTLbaFlUlXSz/lY56j1+F3z+RDr3mTZRjz3K8uM4LXCso5R/8x92VAmm8+l55fviet+GMpKzIt4nPetGyNW3ZaMQLB9nHEN6qtMsp0/0ganJM8mLVxnBI/t5Sv1I8tNxR9eYD2uLT2zEKM8Lem093Xfi1i/9+teah+DsPMs6jkd+z5uDP0Sax/Dz//enu+i33NlPF9439AH7U6N2eeWs3juAD87SJJf/uxCTWvbqHfaf6Qp+9+Vpj1mtA6VQs+/PpeeX94gr4xngx85zGuA1He5W7fljziWfT5b+cLWNbMUSj+BfPV+74xeOqn3HBTlOuD4qsrty/XuB+1yxnUt8cn1/Dq5nUu0wfL8ZOhtHgAA6A/pA52BML792uO1q3zlBm3YYPlbWS673NrnkWQbozx5dazDut6JiDYdCHIUy+neJ49nnzEMwEDnp0/ZGmeX2k74Ysz3af8er5xLNmjDhrkx9sfsrrfPZSxbbC4V7dy5afVVjqnBMXelyu1urXvepUBObWPyJO8xxTpM2caOKdX2LFXzdW0a1H1aGlLwtDkMQLQu/sZwAEPGvtzLMtfv8jmfNCw7+JIrSVLRHSl28+rpus+HqNcrn04k7Wbn0T63eb+N+iNG73rbv8FVFzza55byxtiUUJk45mrDhg1aWW6Xd8/+OPc12rOLXeOyY5RZxzGz9V48971w0a6jvuSdPElmPQZ96OM+3tf9o89l+3yedKjY6dWe/S7jx+qUeaiyaco0ac9+j/bvkaZN6VmWvv175HUu0YYN0QON177p63u2ur589fasMzieg6ziqgOSfK6NavA6tSRKgfU2DwAA9I+U+m7q279HXvs09XgetJXpYafk3ueR5NBXy+1yvxEIxPjk2tggb4/UYHCo2OnWunXuUIAxpdlU9rBT3oaNcgWfhX1yPb9Qz4cmWB6UzV/mI1JxFDsld4MavMaXVnOqce6s26TQaJEebVq4UJs8usnEV44Dz6ayx8pl9zZoeeAgOL5qBFutB8WzSQsXGsfNVvawnN4G/T44u/f9Mr4879F+c7bP9UbPboHJ2BMzXxst+fC5ntdCS9B4MLl8yCON/2tlyKPuGF38Lx/yyJ9d1Osy123bZnVftOuWx542J5Qrs6RIaZYxWlPR9Z8PPa9XgS/MDyetb6c1GOLRpuXx30t7q4eDpy6EWnaFYhC9lUnk/cIIeNqnTYk7MN3j2cX5sMps0c4Xjzatc8te/tVgILWv+14Y8zr6hit44dPGhlR8Uop2DHrTx308cr9ltH5cGO0m3+NeE35MYuag2ClvQ0PK/VhtmzJNalinBkV5jg6wBO99ructw11cjyQ8W11zvgLPOr8Pbdvn0vMLn5fLN1iegyR5fq8GbyhQnz3OLrn3BffJ83vLdcizScsbpPKVUX5k6W0eAADoNyk0FIBH2xu8spcvCHVfsigomiGtf0Ou+6vldFZrcdsiLV9otJCaUV4uu3dPaIB+KayrZI/ui9G6WMZaNzh7gLrOWfLW21LWfEfmuaBohuSWigrM/bLufz/mvff8etWwfKHC27jZVb6iWs6Ccq0oX6sVlvn28hWqdmbL75ecC8q1Z8VymYdfMxavUPmWFWrYe1DlBeajZEGRZsitXfZp5ksvjMnZ5rmzbmHoqX3G4pc0tyB2N7IbI0a3X+v5Kcu//dHXCTtfei3HgTmbI+uXJCnbqerFbVq0fp2eH7dC1U6bnNWL1bZonUKHaYYWvzRXBX6//CpQ+YpyrV2xUAuDsxfrJWe2Qj0OLdsoKNfiGYu03iwHe/lildvXqy1QXyzXh+zCabI3rNNCt7E9a3fIQLrG/yK6Vvv98vsD+Qqdm7KXa0W18cKOUNairSvjnPWu1/KFe4x6kKTY2TUNBSCZXf2LNOT0O7G7+MezzHVrUNfLUuYTVRpR/dfGpI5/14Xgy6zik9RzPq5raKLnQ890s53VWqG1WrEwcKbP0OKXys16EMf9qkcXWus1o0Dli2do0bqFZoDOrvIVizVjxXrt2d8up7Ov9Huph/7sXvd9wO6lbus1JZCtFXrJaTPPj77KJHK+LPsc0ZU6uFFZni/sKp/WpuWB42kv14rygtC2X1qsTYtCZZbIfa/HtpVtXkcD68xQebldxqNSKh+D8PNMln8H96zX+3jkfss89wrk90uF0+xqWLdQ7hmL9dJch5zVK6S1KxSqYov1UuCYhB0/S4bN5wsVFWhg7qUBEXU0u1DT7JKmmS+CDO2AcX9zLlD5nhXBZ2fNWKwV5Vu0omGvDpYXKPAbdPRyD99W5L3S0esx6f1aYksgX9HvneazTvAgGtt2Zvvlz07F56DYz78FwWu/USaB8pyxeLFmuLdIfr8O7jWm9UhjxmItVux5L9GCFQCAfpN25syZVImsAgCSbMgrX+/H1MuV+cT3paZZKd16VJKufP/Ngc4CgJuCRw2Lm1W0vpxWgQAAADe5VatW9blMCrVYBQAMKkX3aog8upTiQVVpYF9UAuAm4tmnXaVFmjNgvX4AAACQSjL6XgQAgHDDHmvSLdkX1L1jVj8OAwAAqcKnXS88q8bWUi1cR1tVAAAAGGixCgBI2MWNJbo40JlIAPc6ANcnW6VP1qhUCh/3HAAAAJ9r6QOdAQAAAAAAAAAYbGixCgC46XGvAwAAAAAkG4FVAMBNj3sdAAAAACDZCKwCAG563OsAAAAAAMnGGKsAAAAAAAAAkCBarAIAbnrc6wAAAAAAyUZgFQBw0+NeBwAAAABINoYCAAAAAAAAAIAE0WIVAHDT414HAAAAAEi2tPMv3su3TQC4WV35bKBzkBqG/NlA5wAAAAAAMIisOHp3n8tkKC3tBmQFAIABxL0OAAAAAJBkGeq+NNB5AACgf3GvAwAAAAAkGS+vAgAAAAAAAIAEEVgFAAAAAAAAgAQRWAUAAAAAAACABBFYBQAAAAAAAIAEEVgFAAAAAAAAgAQRWAUAAAAAAACABBFYBQAAAAAAAIAEEVgFAAAAAAAAgAQRWAUAAAAAAACABBFYBQAAAAAAAIAEEVgFAAAAAAAAgAQRWAUAAAAAAACABBFYBQAAAAAAAIAEEVgFAAAAAAAAgAQRWAUAAAAAAACABBFYBQAAAAAAAIAEEVgFAAAAAAAAgAQRWAUAAAAAAACABGX4/QOdBQAAAAAAAAAYXDKIqwIAAAAAAABAYjL8NFkFAAAAAAAAgITQYhUAAAAAAAAAEsQYqwAAAAAAAACQIFqsAgAAAAAAAECCGGMVAAAAAAAAABJEi1UAAAAAAAAASBBjrAIAAAAAAABAggisAgAAAAAAAECCGGMVAAAAAAAAABLEGKsAAAAAAAAAkKCMq0RWAQAAAAAAACAhGVcZCgAAAAAAAAAAEsLLqwAAAAAAAAAgQYyxCgAAAAAAAAAJyrjKIKsAAAAAAAAAkBBeXgUAAAAAAAAACWIoAAAAAAAAAABIUMZV3l4FAAAAAAAAAAnJyMi6faDzAAAAAAAAAACp45O+F0nz+2myCgAAAAAAAAAB1dXVfS6TfgPyAQAAAAAAAAA3FQKrAAAAAAAAAJAgAqsAAAAAAAAAkCACqwAAAAAAAACQIAKrAAAAAAAAAJAgAqsAAAAAAAAAkCACqwAAAAAAAACQIAKrAAAAAAAAAJAgAqsAAAAAAAAAkCACqwAAAAAAAACQIAKrAAAAAAAAAJAgAqsAAAAAAAAAkCACqwAAAAAAAACQIAKrAAAAAAAAAJCgjP5I9Ny5czp//ry6u7v7I3lgUMrIyFBWVpZuu+22pKZLfQMAAAAAAJ83/RVnSSgPyU7w3Llz+uSTTzRixAhlZPRL3BYYlLq7u/Xpp59KUtIqPfUNAAAAAAB8HnV3d+uTTz6RlLw4S6KSHok5f/48QR4gioyMDN166606f/580ip8IC3qGwAAAAAA+Dz5sz/7M6Wnp+vcuXM3T2C1u7ubIA8Qw5AhQ5LaZb+7u1tDhgyR3+9PWpoAAAAAAACDQbLjLIni5VUAAAAAAAAAkCACqwAAAAAAAACQIPrsA4McwwAAAAAAAADceLRYBQAAAAAAAIAE0WIVGORosQoAAAAAAHDj0WIVAAAAAAAAABJEYBUAAAAAAAAAEsRQAMAgx1AAAAAAAAAANx4tVgEAAAAAAAAgQbRYBQa5622x6tm04nDe7AAAIABJREFUSOt3RZuToRHZdk35+t/om9PzNPy6tjIY+OReu0IN4xbrpbmOmEvFLK+MERrnmKav/s1XVTz6Gkurs03uX7do9N9+VbFzEI2Zd5VrRbVTtjj3BQAAAAAAXDsCqwAkZco+rUjjwq4IXTrW/CfteX2t2rr+Tn83c/RAZS4F9SyvrpMtavG8pVef26M//e+/02NfzEo4VV9zgxreH6fFScwpAAAAAADoH6kfWD1Yp8rN47VqaZlsA56VStWoSrXzJoX9OzE+udYs09FHapXwqtfkoOoqa6SqG7U9DE6jNe3rc+WMrGRzT+r3q57Tli3/n/7kfExfvGVAMpeCYpRX535teu7n2rXxn+V4urrn/H5jk7P6JTlv1OYAAAAAAMAgCKymqEnzalU70JkAdP1DAfjN//r9fvVM6nbd5RynLb/x6dw5v/yBQKFvv/7t9de169AFdStDIwqK9NA3v6lpeYEu8D65165UY953tSjjTf185ylpxD1a8NPv6Itqk7vxdb35p2O60C1ljBinL37925rjDB9uoLNtj37zmy1q7nMbP9BzU1v06uu7dOhCtzIyb9cXZy+ISK9TbXt+o9+8+b68HV3qVrTtBvbf32uZ9lpemYUq/99fUvMLO7VlxxHN+Bt7aF4fZeZpWKyXdkmSV+sX7ZJmLNL6ckeceTfLQnO0vNopW7R96Yyv3AEAAAAAQHwGX2DV59KaZfXyBifYVbFqqcoCAZ+DdaqscZuzKlRV0qSao4+odt4k+VxrtKypxNL6tWdrTp9rjZbVe6OnbRHZenXz+Arl1dfL3LKc19VC1MhXIC17xSotNTPhc63RsqMlqmirVyCb1vk99sHp7NGKLXwfnaqqnadJwe1u1viKPNXXu6PMx+fRBV+HpNsls7XqZc+/6e9/vlPnR9+jb363SNnqUPNbv9Hra1rkXfRTlTssYbo9r+vno6ep/Adf1+WOTNmH++Reu0aNHQX60je/q8JsqaP5Lf2mcY3aun+qp79sDDfQ6WnQ37+0S13jzG10H9LON/8QfRt/el3/uCdLhd/8tn6Q2aXmt36j9xpfkLL+UQvMJrYnf/+C1mzt0Lh7vqlvF2Ur88Ix7frDm2pufEFdmSv0eHHi3fZjsjt1f/ZObT3klU922eIss9EzfqBvX27U6+9la/YP7te4rNFJzLtP7p/3Xe4AAAAAACB+gyuwagZV86pqtXSSFOhWX/+KS1OWlsnmc2lNjTsU1DxYp8oar+LtHxsMvNYuNQKvB+tUuaxOo+MILHrrm1Syqla1NjOdmjrdfU0BSSOo2laxSrVlNvPzMq2RJXjqrtfRqlrVBvfxFbmmGAFgI2iap6rapTJmV6pGoSKInO9zrdGyyjpL8NSr+qYSraqtlc0s35q6u69hyAMMfpd1ct/r+uedXVL+NBVmSdJJ7WrYqfNf/K6eW1AcbOk4pbhIX3z1af2q4T19+ekvKxim6y7UtxeVqzjYyNStPa3SPT9YrL+ZEli5UJldT6vxTx75vjxaNnn15q926UL+N7W8+svmjyBTNGVakbY8t0ZvRW7jQra+urxaX7YF8jJat/zwJe1q8WrBFx2SvPrTrgsaMeNx/bDcYcaHp2hK0Wi9+n9+peZDJ6VkBlY1QtmjJbWcVIckW7xlljdFBfYR0nujZZ8yxXx5VZLy7muJo9wBAAAAAEAiBldg1VampbVl1gmaUmKXmoxPvv1N8tor9P1ADHDSA6qwu1UfV+IHta1eqlhlGct10jxVOSu12fVAWIvQqJyPBFu22qaUyK4mnfRJkxKMVvhcm+W2V2hVcHuTNK/KqcqabTpYNs/Im71CDwT38W455dZRnySbT/ubvLJXfD8Y0J00r0pOd41lH71yVi0NzreVfV8VTcvMfQzsSqAMAuV7Uj5NIvCSoq57KAC/JLWqceViNUZbYMRUffe7M5Tt98vv2689p6TRhZJ3//6wxTozsqRT++Rp/5Jut5l5yi9Ufqaly/yIEcrOkJq3blLhiK9ral6WblGmiv7XWhWZmfF79+m9Lumu+0uNbQa3ME5fur9Ab9X9QX868SXdP9qcM65If5lt7ZY/SuPGSWo7qXZ/gWzK1/3L/6/uD6QfWCxjrArGSc2dnfrM79ctgTn+PoYC8MuyXLQlMjVilBQcLiDuMosYZsAowMTyLpnrRuxLPOUec48BAAAAAEA0gyuwGhTeVV72EkmS76hXynvEEgA0A4NH40jSd1Jt8sq9rLJHINZekYw8x6fnPkiyjZc9vp2Qsbp1bZvGB4rAd1JtsqskPHGNzrv+fGOwy1T+PXeFveVemXlyfLFAU+2jFXxnVcdJHZOknf+iX+yMls55tRnNNKO75Yua/e2pan19t/7lZ7uljExl26fq/vvv112Fo43WnJcvq0vZyhvd801ZWdm3Szok33kp2GQ1I943al1Wp++kjp06pVOeFv3p/fd16JQkXdD5XrKcuPM6dczy8XrLTNJ15z2ecgcAAAAAAAkZZIHVUEDVbnaVN7rvJyv92GOqAje32zXta+WaEee5X7pwncod17YlW9H/0vKi82preV/v/WGXmg+9p8ZfvKff5M/RT344o19aRvuaf6UNr7+vDuPNT8rOGq38u+7R1D/u1B+TvrUOnTwlKT9P2Zap11pmycr7QJQ7AAAAAAA3s34JrKanp1/zur53/lE/PfoN/eLbZmf19DQpLU3p6elKP7hP7gnz9Pf/595gECA9LTQ/984JUtMpnUmfHJx/ps0rpaUb61uWNXKYrjQjw0rPvUPj5VXbmXSl58bYL2NhM63o/w4smKY0paWnq2dRpCstTTHmKeo+6EybvErrex/Sc2Wsfkbpk4MlIKMIYu2jT6eOSWl3GvkPpdWzfK/9qKI/Xe9QAMF0FKtru8WIbGVLOuA9IX9B7y88CnRrj97NfITGTS7VNyaX6hu6rJM7N2j1b7dq55FSfSPjFmWqQ20nP5P/9vDWqOc7Tkkap9Fm1/9Y2wibfv491f3L++q6a76emVek7GCSJ/XWH3fqj5b1Q738+y7TmOXlbdZ7XdLtRRONoQwSKDNZhxmQpITz3te+9FLu9j53GQAAAAAAWPRLrMxvjut3LX/Zo/Mk13/pQ/Pzh//lkvJGGwEKv6QjR9UeWP7D1/XTuiMKjEmYXfaIyo7U6T8+DM1/waXQ/NF50pEm/Xe78bl9529lzPbL73fogYoJcr3wenDbfv+Hev0HP9DrgfQUSivmvy3jM8bcz+A2o+y/uQ+/2tkeysMLLk2oeECO4JiOPbdlpJetskfKdKTuP0Ll9/oLve5j+85fqe5ImR4py45IK/DXc3v8Xd/foDZ6qr50u9Txn/+pli7rjC611D2lHz1Vp/e7Yq0sXW75rZ59apl+67VOvUVZIywvYLLfpXsypT++tVsdYWsf0863DkkjJqsgW/E75dUhSVPvsQYmJR17T+91xFrpGnW1qPGVnerKmKyv3WUGUa+nzJKU97jKHQAAAAAAJCT1hgKYNE9Plj2uFx93GZ8nVOi5pZNiz3uyTE+/+K4+8N2re22TNO+5Cq15+nE9LkkqU1mZ5IpM++nHVS9pQsWTqpjwotrM2bZ7l+rJNkv6ksqe/LnmTVLSuV58PJSvsG1N0ryfP6m6x5/W4/WB3XxOS++Ns6PupHl6rmKNnn78cXPdCpVZRo213btUzyk0XyrTkz+fp37YRdyURuueOaV6a8Nu/dOyY/rSnAc1OaNDB977T+06cFnjHv2apmbGXvuWgqmanLFTOzf8TOe/9iXdM26ELhzbrZ3/8b4y8h/Vl+ySZNfXvl+q5g2/1T/87Ji+8ZW7lN19SDv/Y6cOdIxQ6cL7NS6RLN9eoMkZu/XeKz9T5pwHNXlElzr+uFO/az6my9d8BTyl9/6jUccs63edel/vH7qgbo1Q6cLvqigYs4y/zDIzMyX9UW+9VaDLhQUqTFLe4yt3AAAAAAAQUF1d3ecyaf4kN6E7cuSIbr/99mQmeV0O1j2uF/Wkft4f0VHgGpw6dUoTJkxISlpHjhxRVtb1tTo89K9P6uXd+frWsirNiLMlaNex9/Tb3/5Ofzx8Qd3K0LBR+brn0Xn6RmEggQ7tqlml/1ff0rKqGWFjjarrkN567bd659BxXTDHDZ1YWqF53ygMWy5yGyMmluqRR7+motGZfWyj5/SuY7v0r6/9Tu+fuqjujGEalX+PHnz0a8re/azW7S7U9/5hvqbeYq437gm9+GhBH+XVc3rGsFHKLyzVVx68X4VRyrHvMpPU5dXv/umftLP1orrzv6WVVTN0SyJ5D+5zlH2Js9wBAAAAABhMzp8/n7Q4i9Xx48f7XKZfAqu5uTEGKR0AB+sqVaMq1RJYRYo4ffp0SgVWAQAAAAAABquBDKzyPiIAAAAAAAAASFC/jLGaSi/ocVS8rJeVWnkCAAAAAAAAMLjRYhUAAAAAAAAAEtQvLVYB3Di0xgYAAAAAALjxbvqhAAAAAAAAAAAg2RgKAAAAAAAAAAASRItVAAAAAAAAAEgQLVYBAAAAAAAAIEEpHFj1yb12kRYtCv2tdfss8z3atGiRNnkSSNG9VovWuuXrc0mPNi1aq8Dm4l8PAAAAAAAAwOdBag4F4HNr7cpGac5yrf+hzZzoUcPiFVrUtkjryx2S/IGNKd7NZc/4odbPMNfpdUm/JL/8ZtrxrwcAAAAAAADg86BfAqvXxyf3q0ZQtdpps0x3qHz5HLWt3CL3/dUKzmpu0OKXdpkfZmjR+nI5JBmB2GaNm9OmxsZWKX+Olkzbo3V7pml5tVM2SZ6GxQquGlzXo4bFL2mXJK1crGOL1uv+k2u10rKePNZthm/X516rlcemaU5boxpbjbn51n0xg8bmrPB5gfUbg3M1Z3lgXz1qWLxF4+bkqbEx2v4CAAAAAAAAuFFSL7Dqa9Ge1nxNW2DrOc/mVPV6Z9ikXW3jtHz9etnkk3vtSr3UUGS2aJWkXWo8tkjr1xuffe49oc241+qltjlavt4Ilvrca7VyrVvLq50qX79IWrxF48ygpu+kZYOeBi1+qU1zlq+3BDxfCt/urkYdW7Re6x2B5V+Vu7BaTptHDSsblbdovaodgXVXqmH0epU7zDzsmabl66tDAdyVDRodDJ62qnHPtF72FwAAAAAAAMCNkHpDAfja1Kpxmp3dVxd/o1t+6ewZyvb75Ve2Jk/Ll/acVLu/QLbA/LsKgvkJJGfNn9/s3p8944daF+zub3b5N4cCsK7nL5ijdevM7fslqUB3lUq7/P5gWsqfo68UmPML7lKpdqnN55c/OzxdqUBz1q0z0/Lo943SnGcC+yOpYI4Wli7RFvdX9MMZfe0vPo+GDRumCxcuDHQ2AAAAAAAABsSwYcMGbNup12L1BrHNmK3Sxg16dkmjpHzNeeaHmpFIdNK3Sy88G+rSr9J4VnLo/jn5enbDEu2WpNKFWhdobeo7pWNq1e5nl6gxYq38OQnkC58rFy9e1B1jxgx0NgAAAAAAAAbExydODNi2Uy+wmp2nfO3RKZ/k6NdmmA6Vr1uncvm064Vn1fjsEjWqVAvX9TFmqSWgWrpwnX7okDwNS7Qhzq3aAi1jPQ1asmGDluyW8uc8ox9OlnoP8HYktHcAAAAAAAAA+k/qDQWQPVn35DdqT4tPpTOyI2YeUmPVBmlhjeYUBLcWGjLAb/4n0JU+rvnZKn2yRqVm2s2eOSooCK5prGtZz9eyR62lC1UzpyA87cB+R92GeiyrgjmqqZmjjl0v6tk9LfKVjtY4taqtwy9/5G7HSifmtgAAAAAAAAD0p/SBzkBP2Zrx3Uelf31WL+6yttI0Ap+78x/V/QUxV45bx64XVfXirlA70EPN2q1SFcWT9rGTwfU6dr2oDbvj3eohNVZVqfFQMBdqea9V+fcUKlsFuv/RfO3e0KhDMZcHAAAAAAAAkApSbygAScqeoSdrRqux6llV/Wtocv6jz6imRyvWa93Ed/Xoe8/q2eAG8vXoM0/KiKsWqKi0VRuerdJ7jz6j7/a2XulCPfPoVj37r806NKdAveeuQHMWlqpqQ5WCsdjShcF9yp7xpBYeq9KGqlCktjSsdS4AAAAAAACAVJDmv65++z0dOXJEWVlZyUwSuKmcP39eEyZMSEpaR44c4eVVAAAAAADgc+vjEyeSFmexOn78eJ/LpOBQAAAAAAAAAACQ2gisAgAAAAAAAECCCKwCAAAAAAAAQIIIrAIAAAAAAABAgjL6I9Ekvw8LAAAAAAAAAFIKLVYBAAAAAAAAIEEEVgEAAAAAAAAgQQRWAQAAAAAAACBBBFYBAAAAAAAAIEEEVgEAAAAAAAAgQQRWAQAAAAAAACBBBFYBAAAAAAAAIEEEVgEAAAAAAAAgQRnJTnDYsGG6cOFCspMFbhrDhg0b6CwAAAAAAADgOiU9sHrx4kVNmDBBF7u6kp00MKhduXJFt/75n+vIkSMDnRUAAAAAAABcJ4YCAG6QtLS0gc4CAAAAAAAAkoTAKgAAAAAAAAAkiMAqAAAAAAAAACSIwCoAAAAAAAAAJIjAKgAAAAAAAAAkiMAqAAAAAAAAACSIwCoAAAAAAAAAJIjAKgAAAAAAAAAkiMAqAAAAAAAAACSIwCoAAAAAAAAAJIjAKgAAAAAAAAAkiMAqACD5Tr2p7f/0QZQZ7dq7fau2bI34c3kkj0tbtu9Te7zbaN+nbVtd8kRO97i0ZetWuTwR0xJJG0h15nm+xRVeA9r3bbec/x65tm7X3sgTP2Z9CC3fvm97j7R7z85WbYmojx7XVm3bR63DINfH/ez6z/EY9TRwvwyrq8a0BKomAADoZxkDnQEAwM2lfduP1bRDGjnhTm3/m7c14d8WyRGxzNCxJXqgOCdiqkMPRS7YmzOdutTb7CP71O4oVuRWgJvG0KEaevaEPHKYdaxdXp+1VjhUNjuRSnW9zup/9rXL0aNuA4NTPPez69/IeXVKyow1/9JxtXiKVXYjqzIAAIgbgVUAQFLlPPAzzR73krb+ukAl//b1+AObHpe2HBmu0ln58m5vUlfmSJ0526WxJbN0W8tWtZw1lxs5WQ+VSa4DxoQWl0eOHt84R2qszad9+9qjBHDbtXd7k44H4k9Dx6p0VrG0b7t2d9o0tuu4MW/kZJUOP6LdxgcVzi6TQ0ZLvt2BlUdO1kN828WAsck20qdz7ZJyJLW3yqeRGjU0UFk8cm09osySWbpb+7St6bguSRo1cqQlDUt9GDlSo6Jtpj20rrUu9DByrGy+Zu1tn6W7e1Q7axqBH1ekvdub1GUbq87jZt4mlyjzSFOwDgbql8cVugZE/2EGSL5rvp9FPd9zwu8fQ8ca97tmY7njzfvUPqvnj4FDx46VDrjkcUSpdx6Xthw4G/w4avJslTnMej82U8ePn5U0VGNLJqir6YDOyFp/PHJtNaYZy0SptwAAoE8MBQAASK5Tb2r7rwtU8p1DaorafVK6dLzJMhRAlO78ks5ojB6abQSE/ufsSBXOnq2HZk/WqLNHtLfdobLJIyWNVGGMwOZtxRM0/HhLz7Tbz+i2otl6KJDeJZ+8gX6WZ31S0Ww9VDJWQ88e0D4VGcvorE54JHlc2u2zqXT2bD00u0Rjuw7QJRMD6rbhkq/VOIHbW32SbUyUlm/t2tt8XBpboodmz9YYhQIx7fuadVxjjXN6jMwgi5VHriafbCVGnSkd26WWmCd9lu6ekKnjLT3nt5/JUvFss95NHqlLvtZg9+YzPql49myVjh2qMweajTo4eaR09oQ8Mn7MaNHkYJ0dfrw5SrdpoB/EcT+LJvr57lHLcWlsiXn/0HG1eHJ0d9FYDdVQjS2K1cMiX4Vju/Q/UYYc8GiMWS/M+nMiUPcu6XinMa9w5CUdbzqhMeYyRl7atXf7AWlyII+ZRmD3WsoIAIDPOVqs3kT8fr/OnDmjixcvqrOrS5999pmuXrmi7u5uffbZZ/L7/RoyZIiGDBmiPxs6VLcOH65b//zPlZvDz9MAkuj2r2vW/zX+Ofsvoy8ST4uzocPNtnM5+bINbVLL1q1qGTlZD82eZUzvGQGK4FDZ5BPatq9djizL5ByHHGGtVoeGAlFDbbLnSFKWhsunzHwjj5lDpS5J7ee7pEtntXvr8VB6JzySg1arGBij8m1SsxGk9PokW9EoyRex0LlW+S4Nlc08nx1jRqrliBQYOmCoLd8I6DjGaNSBI+Hrtp9Xpy7pTNNWbQlOtA4/EMFRpsIT27W33aHbLJNzHI7wVnxDhwfnBbeflSn5hpt1cLiGqlOSdKbzknT2gLZsPRBcp7O1XeL5Bf0tjvtZNNHPd4fGjDyglqat2jJ0rEpnzTbO+ziimTnFRbJtb5FHhWHTHQ5HeKtVS2P0UWOMGjpq+FBJY4z6mpVpXh/OqOuSdObAVm0JVqsuealWAAAkjMDqIOb3+/XZZ5/pwoULOnfunD755BNdvHhRfr9ffr+/5wppabra3a3Lly/r4sWLOn/unCTpTEeHxo8fr8zMmKM7AcAAytHds2Yr0G1xy9YDRnfHeFZ1FMq2vVl7rW34zC+hoybP1kNml8mE0P0fqSQnXzY1y+uRfLKpOEfyJn0jvXT/j8JRaNO25n0Kr3Zb1WK2PHd4XNqSYLWj+z8Gk1jnu6NsdvCHvd1bjxvndX48Kebo7gnSFlerxganmT8QaqxKZ5eZw9kkkku6/wMAkAwMBTDI+P1+dV28qFOnT+uDDz5Qc3OzPB6PTp06pc7OTl2NEVRNS0tTmqQ040NwmiT5fD61tLSovb09ekAWAAZS+z5t275P7XKobHaJxg5NZOUc3V1kk+/42fDJQ8eq0CHJc6Lvhq/W1LIypbNHzG7IyXojNHA9cmS3Sb4jPl3KzIrelfi2fNmGXgoOGeA5cday7tBQt/xo9SEnS8PNl1JJRrf88LeUR8tSsYptPvWsdoVyhG0/PqOGD9Wl4LAeHrm28lZ0pL6e57tHrq0uecwfCwtH9rZ2FI4yFep4aHxw06gJxcrp8eK6voxS5tBLoWE7PK6Yw/IAAIDe0WJ1kPD7/Tp//ryOHz+us2dDX0gCwVG/328ETM3AaFpamvwyA6mB+dZ10tJk9dlnn8nj8ejM2bMan5enYcOG9ev+AEDccopVbNuu3Vu3Gp9HTtZDDkntwzVUx2O8vCp8/f9n5HG1dJmfHWM06sABozv/yLEaO/SsuuKNrjrKVHp+u3YHukWPnKyHaEWHAZaTb5OOH9eoCQ5F71dsjOO4ralJW46Hv7wqp7hIY83Wc9FfXuVQWcn54LpG69VYY0Fatlg8QaOOH1CgAZ1jzEi1HDC3P3ashp7tjPtHjZziWSrs3GoMByKz9SqNxpEiLh0P1A0p2Ao06vlerLLJJ7TFPI81dKxKy3IkndFwHY/58iorR+FY/U9TYGPGDyO7D2zVlgNDNXbsSMl3Xu3K6iWFgBzdPWtysBdIIN9UKwAAEpfmT3ITxSNHjmjChAm62NXV98Lo09WrV3X27Fmdbm9Xhy9i0DSzFapkBE7DgqxR5lvXk2UZmUHZNHO54bfeqtycHN12223KzMxUejoNm5Ph6tWrGn7rrcE6kgxHjhzRHWPGJCUtAAAAAACAwebjEyeSFmexOn78eJ/L0GI1hXV0dOjEyZM6d/ZssJVpIPgpSfL75ZeM4GhEC9Ue8xVqxRqUlqZ0c5rfXDYtLU1dnZ1qbW1VWlqabrvtNg3LzNRtWVnKyspSRganDAAAAAAAAECULAV1dnbqo48+0pkzoU5yfikUKJUlSOr3B1ucGh+jNEA2pwXmpaenhwVTA9LS0sLW9/v9xrADZ8/qxMcfa/itt+qWjAxlZWXJZrNp2LBhwVayAAAAAAAAwOcJgdUUcvXqVbW1tam9vV2XLkUMQB8RMO0RQE1gRIerV69GTSfmqBDmcAGdn34qSTp37pyOHj2qoUOHauSoUcoeNUpZWVkMGQAAAAAAAIDPDQKrKeLSpUv/P3t3E9vWmed7/ncoWbJkJ6YspiKnqYpY7bRuX/vOuG8z0+MgoBaTQWqhjTO1krIwBm5rNzCUu3DsDTd2vBgLnsUs5BYGXkRaFZINgalgshgRgYNBsW65b8WoqJIKlRJj0zFlUbKsV5JnFueQPKTeKJnUEcXvBzBsnpeHD2kdPjp//p//o2+nprT04sXBDFBukpm6uramn5880ZNkUu3t7XrzzTd14sQJslgBAAAAAABw6BFYPQDS6bR++OEHra6uyjCMkozSA2G7bFjDkGEYWlpe1p///GedOHFCgUBAbW1t+9c/AAAAAAAAYJ8dwNTIxvL48WP98MMPWl9fl2FnqhoeT11mfXo8Hs3Pz+vPf/6zZmZmti4tAAAAAAAAANQ5MlZd9OOPP+rRo0dW1qe97UBmrO7AtBfPygdS19bWlEgktLa2pp6eHjU1NbncQ2xtSp8OjSi6yZ7Q8Kg+7N3u3JQmb13X/fM39PGZh/rk+td658ZV9fnKjpq8pWsT0mD5vqlxXf7cr5tX+1R2Cg6BuXRa6bk5ZTIZt7sCHFjNzc3ydnSow+vd0/lcZ8DOuM6A2nvZ6wwA6hmBVZdMT0/r8ePHMuyApCmpqalJ2VzOylY1DJl1EGA1TVOGxyMzl5Pp2CbD0M8//6y1tTWdPn1aR44ccbWf2N7OQdSXFdf4F1PqG6zpk+CAmEunlU6n1dLaqtajR93uDnBgmaapdDotSbu+GeU6AyrDdQbU3stcZwBQ7ygF4IJ8ULXAnvafy+VkyBqY6iGoKqkYALZrrRaYpjwej9LptP7yl79ofX3dvT7CfYGAAtERfTrldkewH9Jzc2ppaanLkibAfjIMQy0tLUrPze36XK4zoDJcZ0Dtvcx1BgD1jozVfZZIJAqZqpJK6pDWZU3SfJ/trFunnB1wXVhY0PT0tE6fPs0vpvUmNVk2xd8qHaBdZ7ie1wcD0u2Rcb09OqhNT01N6pPrE4oujJnsAAAgAElEQVTnH4eGdXewV8WSAwPqnpiwyhYEBnTzkvRv+eMDA46SAqXlDWqfjYtymUyGzB6gQoZh7GmKMdcZUDmuM6D29nqdAUC9I2N1H6VSKf3888+S7KzUegyk7oLh8ciQNcimUik9efLE7S5hC9GRIV0eKv75ZDJV9efo7LukwUBUn23adkqTYxPqHh7V3dFR3b0xoED0czkPjU8k9PboqO6ODisUn9C1Melf88fGJ/S7KbudWyOaGbhRaGdm5JZq8HIAAAAAAECDI2N1nywuLmrGXtCpYdjBY8MuE/Do0SOdOHFCbW1tbvcMZfYnq9OnvksDun99TJNnrqqvfN/V0eLD2YTikt5xHBEYeN/OdO1Ud0AKnD9jZaj6utSdPyj1UPfjIX1w1V4Oy9enD0IT+uxhSn3lq2oBAAAAAAC8BAKr+yCXy+mvf/2rVpaXZXg8xenzh5xzYSvDMLS6uqp4PK5//Md/pCRAo7IDnbfHJnXmQumuqfEh3c7P3w8EFNhL+7MJxRXV7aFo6fbQrCQCqwAAAAAAoHoIrO6Dn376SUtLSzLyCz01CMMwJDtjNV/2YH5+XouLi3rllVdc7h3c0js4rNDQiH4XCxU3pib1WTSgwXwtV7u26651+hVQSB9sVccVAAAAAACgSqixWmPPnz/X06dPixmaDZSpuaGOrP3af/rpJ5d6hF3zdalbcd1/aBcpnYopuv0ZFejVh8MhRaPlLcU1M2s/zReORax2w3dG75TUcZ3SpzWqGYtqSCs2FtZYLO1aD6YjYYUj0weiL0D1TCsSDisyfVieBzjIrOsgXPgTkfOSKI4zFUjHNBYe066Gor2cAwAAqoaM1RoyTVOPHz/W6upq6Q7DkGHvP+zy2aoej6dQGmBpaUm5XE4eD3H9g69Xvx4I6NrEdV2ekBQa0GBAmnnpZt/XYCCq8fzjfImAkSFFJYWGhxWKjliB1l3N4Pep7+qwZobs/kpSaFh3qa8KAACqLR3T2J2I1H9F4aDX3jSmO+GILob71VOjp52OhHVPFxXur9UzAACAShFYraHFxUXNzs5u3GGaOvwhVUs+eJyzSyCYpqnV1VUtLS3p+PHjbnYNkqRefTg6uu0Rvr6ruluy0lT+gbXgVJ+97ePRvvJTtzi//Fy7J4Ojujvo2FDoV/mx5Y/LX4P1+MNtXxVQzqvgpbCCbncDAFA3pr+KKBG8WAiqSpI3+Bv1P7ijL2Pv6pJje0W8QV0K73Ik2ss5AACgagis1hBT3rf2/PlzAqsANpiOhHUvln/kV/+VSyrcl05HFLZ3+vv71RWJSBfD6vfGNHbngc4Vjp1WJHzP2tezSbvBzbJ80oqN3dGDc1d0KSjr311BKRZTwjqpptlHwH7b6pqwMuGCCsZisq+2La9DBYNlX0ZY116x2fw1mOaawiE0rW9iUvBi+U/xZl/UpRQbu6dIQnJeU9ORsL6UfV34+3XlN9JvC+OZdd1Y56hwnaZjY/a1e09hXVT43VTpGOi8RiX5+69YAd60NVZal2GipE3r5TjPK7vu7czcRPm+ndoEAKABEFitkaWlJc3NzVl1RRtgyv9updNpnTp1yu1uADhIpiO6l+zXlXBQ1r1hWPe+mlawv8e6ebsXKwRq0rEx3ZEqyjBNx8Yc7Vo3qmOxKztmEiVi0sVwWD32OfciZ7lZxKFQek1YwdCxLsc1EUuq60pYYTvwc++3MZ2+ZB+75XWYVmzsnpL5KdHTEYXvjanLEZzhmsKhkk4pKb/OVZKUGnsgbXJNSc7rQlK6GBBNx36rSNdFhS/1KP/lRGQ6rP7gJV1MOkoBpJ115KcVuZdU/5WwI8j6laaD+S8xEorposJhe1y9c0+Rs2H192xynvO6vxNR18WwLvXY++5E5Avv1ObLv8UAANQDilzWyN/+9jdrwSqCqpvKlwYAgIKefoUvWUFVKa1Usrgr/f0DJfz9ete+UfMG36tw2n5a3z9IKPhevl2vgu8FlXjwvXZa58Pf/6590+iVr2tXrwQ4wKxrwn/utH1N9Ojdfn/pNRF8rxAM9Xb5i6dOf6OYgjq72XWY/l4PEn6dO22f2POu+v0JPfi+eKVxTaFhbXVNSVLw7NaZ27Ev7UWprCzYnYOVPeoPF7/MSDsHUkmSX/2FgdSn0sswochX9iJbzvF4+hvFHOOvdW3H9M10JW0CAHD4kbFaA7lcTktLS25340AzDMPtLgA4aMqmGvr9OxxfWaNKJqTYvbBiJduDOwZWgcPJuia63ttl7UfZQRr/OTmqSarLLyUlKZ1UQl3aQ7NAffL61KWEkmlJNfi59wYv6YrGdOdOWBFJG6bnb6q0fIC/4oG0R/3hi1L4nsJlJULSqaSUiOlOOFJyhj+VrsnrBgCg3hBYrYH5+Xmtrq663Q0AOHDSsTHdSb5nT/8tDfAUFgEpqfX4sqzAT/C9zTN9pjduAg4565p4kEpLPbuLinh9XVIiqWIcybqGrZ1d8uuB9tAsUKd6dDYo3ftmWv09pQOMNX69fK1Rb/CS8utSlZcQ2NT0V4okHPWLpyMKVzyQ9qg/HFa/VDql39cl+c/pSmFGiQPfUAIAQCmAWpibm5NkZWWSmbk5SgEAjcnr65Ji31gBTbs+XZfzTi2Zsu7T0jF96Ugx9QbfUzARUX6WYjr2ZTED1c4aKkw5nv7GkZ3q1elzfsW+jBXu/6YjYYXHYtwPokFZ10Rx6v+0voo4SwNso+esgorpy9gm15r3tM45p/5Pf6WIszQAcAj1vNsvf+yexmKOEWU6onsxx/T4PZqOhBWOFL/+83b5pS5fBUmiSaWsgVSxL2M7HWxJxzQWHlPhZXh96sqPzz1nS8Zf69iwInwzCQCAJDJWqy6Xy+n54mLhsUmN1U0tLS3JNE0Cz0Cj6enXxWBY9+y5hv7+K4VpjT3v9st/J2JNN/T362K/X/cepJRWj7zqUf+Vfo3dCSss2auR51PlrBqRdyJ3FI5ICvarPz89WVbGz8Vk2DGNMaiL9gJZBFdxmG0ogeHvt7LOyq+J4EVrwakd5a9D+1rzBxUszDT2KnjpopJhe5+k4MXwDtOWgTrnDepS2KeI4+feGmMubV03tUI9/VfUP3ZH4bCzXavVnrNB6d49hZP9uvIb50nvqt9/R5E7YUXkV//Ffvnv2ZnkO72Oi0mFC2UHrPG53yupfPzN77MmngAA0PAMs8qRv3g8rkAgoJXl5Wo2WzfW19f1hz/8oRA0JLC6uaamJgWDQXk8jZM0ncvl1H7sWOEaqYZ4PK5TXSwTgIPlu+++07Hjx2v8LNZK5rrIysOofy8WF/XWW2/t6pz9uc6Aw4PrDKi9vVxnAFANj5PJqsVZnB49erTjMY0T1don+UxMEVTdlimyeQEAAAAAAFC/CKxW2YulJbe7UB9MkzqrAAAAAAAAqFvUWK2yQgkEO2tVZGVuioxVAC/HWr0YAAAAAAC3kLFaZdlstvBvlmXaBhmrAAAAAAAAqGMEVquMLMzK8V4Bh1NzczPXN1Ah0zTV3Lz7CURcZ0DluM6A2tvrdQYA9Y7AahXlcjnNz88XHpuSDIO81c2YplmS3Qvg8PB6vVpbW+NmFNiBaZpaXV3ViRMndn0u1xlQGa4zoPZe5joDgHrHV0pVlMvlNvzixS9iW+O9AQ6njo4OmZLm02llMhm3uwMcWM3NzfJ6vTrZ0bHrc7nOgMpwnQG19zLXGQDUOwKrVZTJZAp1Qw3DIHC4A2qsAofXyY4OfrkGaozrDKg9rjMAALAdSgFUEVOFdof3CgAAAAAAAPWKwGoVra+vF/5NyHBnZKwCAAAAAACgXhFYrSJnYFVkY+6IjFUAAAAAAADUKwKrtWAYm/8bJQisAgAAAAAAoF4RWK2BklAqwcMtUQoAAAAAAAAA9YrAag0QSq3Myuqq210AAAAAAAAA9oTAKlyzurLidhcAAAAAAACAPSGwCtek02lls1m3uwEAAAAAAADsGoFVuCaTyWhxcdHtbgAAAAAAAAC7RmC1FliwameGtcTXo0ePyFoFAAAAAABA3SGwWkUmAdXKmaZkGEqn03r+/LnbvQEAAAAAAAB2hcBqFRUyLw1Dhp2Ria3l36HV1VVX+wEAAAAAAADsFoHVWjBNkbtaOTJ9AQAAAAAAUG8IrFZRSZYqwUIAAAAAAADg0CKwWkVM/6+cYRiFTNXm5maXewMAAAAAAADsDhGtKsoHVp1BQ+yspaXF7S40rMfJpNtdAAAAAAAADe5UV5fbXdgTAqtVRMZq5ZyB5yNHjrjYk8ZWrx9cAAAAAAAAbiOwWiNkre7Akd1LYBUAAAAAAAD1hhqrVZTPWDVLN7rSl4POkCTT1C9ee40aqwAAAAAAAKg7RLSqqBAgNE0ruEpQdUv5bN4TJ0643BMAAAAAAABg9wisVlH5IkyGRDmALeSze48fP+5yTwAAAAAAAIDdoxRAFbW0tBQXsCJbdVumacrr9W4IRgMAAAAAAAD1gMBqFR05ckRNTU3Wg3w5AGzJ6/UWA9EAAAAAAABAHSGwWkUej6e0ZqhpEjjcgmEYOuH1ut0NAAAAAAAAYE8IrFZZe3t7IZhqeHh7nQrvi2Ho1Vdf1dHWVpd7BAAAAAAAAOwNkb8qe+0Xv1Dr0aPyNDVZ5QBYvMoKqNpBVY8dbO7q6iKbFwAAAAAAAHWLwGqVtba0qLOzU2Yu53ZXDhRD1oJVpmmqra1NHR0dbncJAAAAAAAA2DMCqzXg9/t19OhRFq8qYxiGTNNUT08P2aoAAAAAAACoawRWa8BjGPqHf/gHtba0EEC0g6mSlbHq8/lKF/gCAAAAAAAA6hCB1Rppb2+X77XXGr7GqqFipmp7e7t++ctfut0lAAAAAAAA4KURWK2hN06d0tGjR93uhqtM+48kdXd3q7W11c3uAAAAAAAAAFVBYLWGmpub9cYbb5RsMwxDapTyAIYhmaZkmjrZ2amTJ0+63SMAAAAAAACgKgis1pjX69XRtraSbfnp8YeeXQah/dgx9bz5psudAQAAAAAAAKqn2e0OHHatra062dGhR8vLhVqjMgx5HIs6HXZdr79OCQCgwcyl00rPzSmTybjdFeDAam5ulrejQx1er9tdAbAJxjJgZ4xlABodgdV98Hd/93daXFzUwsKCPB6PcrmcTBUXdTrMXn31Vb322mtudwNbmtKnQyOKbrYrMKCbV/vkq9pTjevyiPTR6KB6q9VmTfqS0uSt67p//oY+7qvaq28oc+m00um0Wlpb1drgdaaB7ZimqXQ6LUnckFaF9fk9Hs8/DmjwxlVt+VFes3Fpp3HEGns1PKoPXR8QsRXGMqAyjGUAGh2B1X3Q3Nysv//7v9efv/1WqysrjVEGwPbqq6/K46HixEEX4uYOVZSem1NLa2tDfdYBe2EYhlpaWpSem+Nm9KVZwcqZgRu6e9UOZqYm9cn1Id0fyAc4CWiicoxlQGUYywA0OiJe++To0aPqefNNtbS0uN2VfWMYhnw+Mv6ARpPJZLgRBSpkGAbTjKtganxE0dBwaYaor08fD4cUn/hCU+51DXWKsQyoHGMZgEZGxuo+6ujoUDKZ1NramgzDUC6Xc7tLNdXW1qa2soW7UIfsqZKDAzMan7DmV4aGR/V2bEi37RoC+YzXqfEh3daABmcm7KmYoS2nWKYmb+ma3V6x7IA1fXLmQjGbKDV5S9cSF3R3sNfuTvF5FRoubN+6zQqkJvXJ9QnFJSkQUqjiNwcA4L4p/T4qhYY3GW16gwppRL+fel/Jz+3SNyNDVtaqfUhy8pZu22NHYMA5fb+0XE5xdoc9VnWHFI1GN4xFm3dxXJdH8oMm4wwAAMBhQcbqPnvzzTdlmuahDaoahlH4dv/Y8eMu9waVio4M6fJQ6Z9PS9J7orqvS7o7OqqbAwFFR4b0++Co7o6O6qOQFP18UqnCoROauZDfF9XtW459eVPjujbRrY9GR3V39IYGNaFr41OSfDpzPqBoLP/kKT38Oq5Q0LphTU3e0u2ZAd3Mnzczok8mU5u0OaqPuvNt7iSlybEJaeCG7o6O6u4FKRrf+SwAwAGRSmpGAXV3brazU90BaSYp9V0dVkjl5W+K49vd4ZDiE2OyhpWUJm/ZpQVGR3X3xoBmRm5p0jGgRWf81ni0U1BVU/p0JKrQsDU+3fTPbF7bHAAAAHWHwOo+a2tr0/HDFHB0TJEqTJey/+48edKNHmEP8jd7zj+l9edC+sDO4PF1dUsK6W17f6c/UNpYYEC/tvf1vj+gQPxrPSyLrE7FolIoaGey+tR3ISRFY5qS5DtzXgH730o91P14/rnsIOuFfBaqdV7864dK2W0GBt4vZMf2vj9QbGc7qYe6Hw/onTO+/IkaDGx/CgDgsCiOb+r0q/Dxb48/hX2+Pn0Qiuu+Y0ALnD9T2ayIqZiijnHT13eBjFUAAIBDglIA+8wwDJ3werW4uCjDMGSapttdeimGpPwrKLwS01Rra6teeeUVdzoFd3V3FW80fV3q3nBASskZKXB+09QiyXdG7wQm9PupQfUqoXghADurmbiVXVua6RPSrN1mPHpdlyec+wJKpqTe7e58ZxOKq1sfFDutro2dBgAcVL4udSuumVlpY6TTGju6L/gkzVbe5mxCcUV1e6gstzQ0K2mL8WsLKWvQc5xlZ9HuqhUAAAAcRARWXdDh9eqnREL1HVK1mKZZyFQ1TVOGxyMzl9Mrr7yi5mZ+vBrSTFIp9Vr3tqmkZqSy4KoVuIwnNr0DVr4cwHhsSm8rqlBw0N5u3YiGLmyxmnO3FDh/o3Thkkp0+hXQ144ArBWklX93zWA30oqN3VEkYT3y91/RpWD5KrLWMcn3wurvKd0zHQnry67iOenYmO7kG3PYvF0Ah0+v3g5Jt2NT+rC3bICws0U/2mm2frlOvwIK6YNN64RvKHCzLZ816Kk46lnBXgAAANQ/SgG4oL293fpHnWer5hVehWEUXtPrr7/uWn/gMsfU/6kvJhQPnNeZslhnb7A49V9KafJzZ2mAfDmAEd2OOmvm2fVXHfVcp8aHdNmu4dobLF35OTV5S5eHxncuBeA7o3cCcY1/YR+Zeqj73PDW1HTkjiLq15VwWOHwRXVF7igy7TyiNPBaem5Y92Kl27zBSwqHw8U/F4OSgnqPoCrQMHoHhxWKOupuS9bChCOlZWIq5jujdwJRfVZob0qfDg2Vtl9x54IKydHWVIwaqwAAAIcEKYUuaGpq0snOTj2b3cWUtIPMNCXDUJPHo2w2q/ZjxygDUGc2Tq+XpJA+2jRTZwehbs1cH9LlQht9G/NSewd1c+CWrg0NWY8DA7rpXPzDd0bvBKS4SoOyvr6r+igxpGtD+fn+jvbL21RAgzcq6b9PfVeHNTM0ostRq81QiCmatTOtb2J+9V8Jygp79qg/HC7uTsc0dieiRDCoYCJWcl4kfE8xf1BBf0zJbdqP3IspeDGsni2PAXD49OrD0RuavOUsCRPQ4I1RFScy2JmtI0OaGbihj7u2ay8/NjjaCw3rbp9Pu81YlXr14Y0BfXLdbisQUoha3gAAAIeCYVa5yGc8HlcgENDK8nI1mz10fn76VH/9/nu3u1FV+ZqxgUBAXV3b3q00pFwup/ZjxwrXSDXE43GdOkDv9dT4kG5ruIIVkitr6zP/Hqb2w3Xfffedjm21SN90ROF70sVw/+aBz/S0ptWjHq8VSNXFfCmAaU1P96inx8pmfXBu82n+6diY7jw4pyuX8oFb4OB7sbiot956y+1uAHDYdiwDsAFjGQA3PU4mqxZncXr06NGOx5Cx6pJXHL+oeTwe5XI5SSqpV1oPnAtw5f8+efKkm13CoTCl30cDeucGQdVDyd8lxcYUtuf6l9RC9fZskWnao54dU1Cn9VUkoeDFSwRVAQAAAAA1R41Vl7S0tFg1SWUHJA1DMoz6XNDKfh2S5PP5rNcG7NXUuC4PjWhm4JJIVj2kEhF9qd9Y9VCv9Esbaqzu0fQ3iimos9QAAAAAAADsAwKrLmlqaios8GRKMiSrVqmd9Wk4gpUHniO71ucjEtbIegdHX74MQO+g7o6OUgLgUHMsLOUN6r2gFPvm5SOr6VRSCp6ltioAAAAAYF8QWHXRyY4OSVZQtV6m/pcr7/exY8dc6gmAuuDtkn+Tzf6ul528n9b3DxJVaAcAAAAAgMoQWHXRq6++qhMnTlgP8hmqds3Segy0trS2qrmZsr0AtuE9rXP+mL6Mpa3H6Zi+jPl17vTLB1aTiWq0AwAAAABAZYiCucjj8egXv/iF5ufn3e5KVbz+i1/I4yFWD2A7XgUvXZHG7igcsbYEL4YVfOm4akpJSV0v2z0AAAAAACpEYNVlr776qtrb27W0tCTJrrVqZ63WA8PR1yNHjrjcGwD1wavgpbCC2x7To/5wuPJzvUFdCm/fIgAAAAAA1UR6octaWlqK5QDqkDP8S2AVAAAAAAAAjYLA6gHg9XoLNVZN01R95KraTLPQd8oAAAAAAAAAoFEQCTsA2tvb1eTxFAKUhqwp9nWjTsoWAAAAAAAAANVCYPUAaG5uVltbm/KhVFOqr6xVW10FgwEAAAAAAICXQGD1APB4PGpqaioGJk2zfrJAHcHUellwC0BtNTc383kAVMg0TTU3s5YocNAwlgGVYywD0MgIrB4QTY5f3gzDqMvsz5WVFbe7AOAA8Hq9Wltb44YU2IFpmlpdXa3rRSyBw4qxDKgMYxmARsfXSgeEmcvV5y9ujj4vLS+72BEAB0VHR4dMSfPptDKZjNvdAQ6s5uZmeb1enezocLsrAMowlgGVYSwD0OgIrB4QuVxOhmHINM26CrDm+yxJqadP9eYvf6mmpiaXewXAbSc7OvgFGwBQ1xjLAADATigFcABkMhnlcjmZqs8yAIZhSIahbDar+fl5t7sDAAAAAAAA1ByB1QPg0ePHev78uWSaVnDV46mb4Gohw9bOWn38+LFyuZzLvQIAAAAAAABqi8Cqi9bW1vTjjz/q0U8/SbIDqpJy2WxdlQOQipm2CwsLevLkidvdAQAAAAAAAGqKGqsuWFtb06NHj/Ts2TOtrq7K4/HIlLWAVb1kqubl+2uapmSXBJienpbH49Hrr7/ucu8AAAAAAACA2iCwuo+y2axmnz3TT4mEVlZWClmeOdNUk8dTqLNaVwyjUAbAcGz74Ycf9OLFC506dUptbW2udQ8AAAAAAACoBQKr+ySdTutvMzN6sbgoycr0zE/3d/5bdVYCwLTrqXo8HuVMsxBcNTwePXnyROl0Wm+88YZef/31usvGBQAAAAAAALZCYHUfPHnyRD/99JNW19YK25zh03wZgHqWX8Aq/7oMWcHW1dVVxeNxPX/+XD09PTpy5Iib3QQAAAAAAACqgsWraiyZTOqHH34o1FItcGam1lmW6mbKF9syTVM50yy85lQqpe+++05rjuAyAAAAAAAAUK8IrNaIaZr628yM4vG4JHu6f51npe6WIRWCq4ZhaH5+XtPT08pms253DQAAAAAAAHgplAKogVwupx/icT39+eeSBaq0WU3VQyz/GguZq4ah2dlZGYah06dPU3MVAAAAAAAAdYvAapVlMhn95bvvNJ9OWwFUldZPbZSgqqRC4NQwDOVyOckOMqdSKTUfOaJAT4/LPQQAAAAAAAD2hsBqFS0uLuqvP/ygpRcv5PF4ZJqmDEmyg6n5QGujyWftmsUNSj5+rOamJnV3d7vZNQAAAAAAAGBPCKxWQSaTUTKZ1M8//1xYnClnB1XzAdUCx+PDnrmaf33ZXE6GrJqrsv82DUOJRELNzc06deqUW10EAAAAAAAA9oTA6kvI5XJ69uyZnjx5ooWFhdKdplnI0MwHGEv+bqT6oo73QlLhtRsejx4/fizDMNTV1eVK1wAAAAAAAIC9ILC6B9lsVnNzc5sHVCt1yLNVt5XP2jVNra+v69GjR5JEcBU4RObSaaXn5pTJZNzuCnBgNTc3y9vRoQ6v1+2uANgEYxnqVaXjy5/+259k35ZJkv7Tf/efCvumvp3S+vrapvv+9N/+VNKOcx8ANBoCq7uwsrKiVCqlp6mUVpaX5fF4GmoxqmpyZu+ura0pPj2t1dVVdXd3y+PxuNy7RjKlT4dGFC3fHBjQzat98m152rguj0gfjQ6qt1o9GR/SbQ3r7mDlLW53zl7a23epSX1yfUIauKGP+5zv9pQ+Hfpc3Teuqm/L/4RdP5kmb13X/fPlz1V9c+m00um0Wlpb1Xr0aE2fC6hnpmkqnU5LEsHVl2KNZRoe1YcbPvL377PvZaQmb+naRHzTfaFNX1eFqjReT40P6fbGXxY0WNVx6mBhLEM9q3R8Mc2czv3nf5Yh6b/+4Q8l+3K5nP7jmTNqaWnZsM80c/rP//zP0ibnAUCjIbC6g/X1daXTaf3888+F7NTCYkx2cJDg6h7YX40W6s+aph4/fqylpSW9+eabamtrK61Ni5oqvWmzbkKv3dL2wdUaCPg79/HZDo74xBea6qtekNpt6bk5tbS2cg0DOzAMQy0tLUrPzRFYxc5farotVPplZWrylq5dvyVVElxNTeqT61/rnToKxDKWoZ7tNL78P9/8X5IkX/aftG6vEZLN5grbJalj/T9qfX1dhmFs2OfL/lNhbRHnvv/57P9as9cEAAcVgdUyuVxOq6urer64qNTTp5qfny/sywdQnUFUftnaG0OSKcfiXvb7OD8/r3//93/XiRMndOrUKR0/flxHjhxxta+Nx6e+q8OaGRrR76b6Ns+S6R3U3dHqPmunP6DururdbfUOjupu1VqrpYACgahujwcPdnbtLmQyGbJ7gAoZhsE045ryqe/qqPrc7oZbajBe5/n6ruqjxJBufzGlvkMyfjkxlqHebTe+5DKmfvmmX0t/zRW35XJ6441iabaVH47oyJEjMk1zk32l5/n/7u/0tx8TNXgVAHDwEViVlZW6tLSkxcVFpdPpkrqp5YFTwzCKCzGVBfHZ4mwAACAASURBVFlRuXxANf/u5d/l/Ps9v7BQCGqfOnVKJ0+eVFtbG0HWfdOp7oB0P5mSen2aGh/SZwpJ0ajigQHdvJDQtRHpoxt+fVaWgVI6Bb+01EAxM9bKip3pDikajdpZMFf1Yf7pp8Z1eSR/1t6mGpaXAiiZZlmSFbRFH+3smu6QFI3G8zuLwc/t+mhP8Y9X2P93LgxIIyP6NLjJdM8NWT7OKa/5Ka4D6p6YsF5DYEA3L0n/ln/+DRlQD/XpkONYx76SqZ6O17rh//8gZ1QBQInyUgBbjUvbjBP2dPpQKKpoNL+7WFqg5LOz7DNy67Fnd6znCBWn9E+N6/LIjAZvXFXXF0O6rQENzkxoPC5J5cfZpQCmxnX5cymkqKLxgN77H+L662lHiYSpcV3+3L+rPnb6A9LXSaXUK1/5e1EY/6b0qT0mxR0ZrtV6bwDsXiZjKmOuK5fL6g+xWGH76up64d85rW25L5vNlOzLmOvKZLgvBtCYGjKwms1mtbS0pBcvXujFixd6+vTphixUUyoGTg2jkGFZwjGNHXuTD6jmA625XPHbz3yQ9fHjx3r8+LEMw9CpU6d04sQJvfrqq9RirSmfurqleGJWsm9z4lHpo9HRwo2addgZvROY0P2HKfXZN6y/j0qh4V5ZN7Mjmhm4obvWHZQ+uX5Lk44gY3TGr5ujo2U3UlP6dGRGgzdGreOmxnV5bFJnXuaGa2pc1ya69dHoVfXKuvG7Nt6lu4OdW/fRetWKalh3R3vtffng53Z9tG4gu4dH9XGvve/6uLq2q2/X2ad/Hfha1z6f1K/38DrjEwl9MDqqD+2AwbWxAet9tQO8zszj+MTXeufGqO767JIP4126O9ir1OQt3Z4Z0M3RPvnsQMQnk8Ub7pL/fwCoS9uMS7NbjRP5T72oZvw3dHfUZwcrxzR5xjqv+Nlpnfdvk2esz84tx54tPknjE7o2NFG6zQ449g6O6iMN2bMbpE9HogoNW2PQlCRFJzQzPKq7vXZw89YWAdJ4VLKPswKpD5Xqs/seiypw/sauxiCf9cuCZiX5pja+F/ls1g9vDGjG+SXhbt8bAFWVXc9JpqnWv0+W7SkmFTUHnm697/ST0l2mYbUJAA3o0AdWTdNUNpvV8vKyni8uamV5WcvLyyVZqZudU7ZhY1AVL63wPtsB1PL3vWS/HeR+9OiRHj16JK/XqxMnTujEiRNqb2+nJMN+CAU3Car5dOZ8QONf2zdmqaRmAgP6115JqYe6Hw/pg6v2LZqvTx+EJvTZw5T67DmZgfNntriBi2s8P7Wwd1B3r75c16diVlZsvv+FMgGpya37eEaSAhp83z7L16XuSvo4FVM0MKCbhSd7X4OB6/r91KB6t7lf9PVd0uDX1+0b8t29vsDA+/ZrszKNC+/rhj5LCl2wA9s+9V0IaXwkpqnBTiW/jit04ar9/2Hvs2+4rfM2+/8HgDqSeqj78YDeuVT8zP941PqMm/oiqsDAjeI48f6AAtdjmhrstbeF9EH+W8FOvwKaKbYbL36B1Ts4qo/tzVOxndoss0PWZu/gsEJDI7oclTWroLf03F/3Op/naz1M9W1SAiGktwsdCioU/9w6zjel30cDeufGS+SMlozXKSVnpI2DkGXX7w2Aqsqum/r+4SO3uwEAh8KhC6zmV5l//vy5VlZWrOn98/Myc3yDdmDtlPFbvt8wlLZXajUMQ52dnTp2/Lh8nZ1qaWmpXT8binVDFDi/82JSvr4LCk1YN2ZnHn4tnb9k3RTOJhRXVLeHypYRDs1K2q7dXn04Oizlbx6lDQtm7M42r2W7Pp7Zrs2t+5hKzkjx6Iaso4BdVmFr+UDnmCbPXKjgde1NyQJhnX4FlJA0q5m4FB0ZUuk7EdJszXoCAPtsNqG4uvXBho9ia5yIR6/rcslHd0DJlLYP9PUO6u6wdNnx+RmyS7Vs2+ae4pe9+vVAQNGJbn1UPiZ2dxUDspt9qbZFe2+H4vaXiUnNBM7r17vsV8oaYK1RvawMTiCw5Vk1eG8A7MZp7zv6xeu/UDabrUp7TU1N+vnJz1VpCwDqTd0HVk3T1OrqqtLptJ49e6aVlRWtrq6WHmQYhYxGaqIeAnZ5hnwWayqVUiqV0t9+/FFtbW3y+/06efIkWawvI/VQ9+NS94VK7m7yN2ZT0tcqZgJ1+hVQSB9sOgU+tWObH46OWjVXS6bg7/J1SNqsrEHBdn1MlU+NqrCPXd1S4PzeasX1Duqj0JBufxFTaLfn7sVswr4BtjJdQxc2f4+navX86ZjG7iT1XrhfPSXbIiosfxC8qHB/fm9asbE7iiQ221fSsGJjd/Tg3BVdCtor4U5HFL4XcxzjV/+VSwqyEDvQODr9CujrTYJ31jgROO+oN+q00zdMvYO6Ozooya4bOjKut0cHt29zL1KT+rcJbb7g4UyxzqlSSW2TLFra9WBI8c8fakqOL0Yr75Aefh2Xui9YU/+/mFC8rD737U3P2+H9xoGUjo3pzoNzunIpqA1D53RE4XvSRed4jgPOlNdr/U/mF2f2eDzW4sK5XGFx4fy9s8exiLNhl2MzTVOGiuXbfn7yZLMnAoBDr+6KVGazWb148UKpVEp/+ctf9Mc//lF//OMfNT09rfn5ea2ursrj8ciwg6lGvj5qfjo/wbb6Zg/y+X8X/o/tAX5lZaXwc/Hjjz9qeXm5pG4rKpHS5NiE4o5phTvpDYYUnxjRePeF4iJNvjN6JxDVZ5P5IOqUPh0a0ieTOwRVU5P6ZOiWCof5utStgLp3Tp7dtn+KxgoBwtTkLV2+NalULfrYG1QoPqHfTTmPHdKnFUYneweHFYpGi5mjvi51K677D+0nm4qVZZXuTnziC/t9SGny86g9xd8q6RD9fLIQ8p4aH7Leo5d4rm2VB1AlSdOK3Imo62JY4XBY4fBFBWP3NBZLW3sjdxTpurjpvtKmf1sMvua3pZJWIDacb5ugKtBwfGf0TsDxeWp/5n86lR/HvigdJ4bGd/xiqTCe5J+iq1sK+GUNB3trc4tn0uTYhDRwSR9fHVYoOlI6rsS/VmGY+GJC8cB5nanou1FrzLo9EVd31y7DqpNjGo87SuZIdoBXUmpSn20zWFX3vQGwW6Yptbe3q729XS2trTpy5Ija2tt19OhRHTlyRK1Hj1r7WlrUcuSI2tvb1Wrva2trKywq3NLaWmiH/CUAjepAZ6yapqlMJqOVlRU9f/5ci4uLejY3Vzqt3w6smZIVXDNN5exv2fILUBUOzbe7j68BNWL/v5rOx/Y3qYbHo/X19UI91ldeeUWvvfaaXnnlFbW1tZHJuokNU8B3O/W+N6iQolLQeY5PfVeHNTPkmOoXGrYWDNkuXOfr08fDCV2+PiR7iSwFBm7ow63u96KO6fjW0dYqySX9G9TNgVu6NjSU74g+shfX2LKP20UUt+2jtUjHJ9eHdNm5r+K3Mz/Vs/TxtQm7j6EBDQbkrO63K4EBv34/ZGcRBQZ00/5/9vVd1UeJIUcJg+J7VO1yAOnYmO5EEgoGg0o4k0jVo/5wuOTx2aAUS6YledXTH1Z4i31F0/oqIvn9Zc+ZTMjfRSQVOMw2jGWBAd286qzrsnFcCgzcsBYaVPk4EdDgjW0WHcy3uOGz0zrPGg522eZmi1dJCgz8F73z9f+ucQ3oZp9Pkk8fDod0eeSWuvPjXahbM4Vxp/j5vbNevR2SolFH7dWtbBhvQ/rIMePDqpNqv4bAgD4aCOj213Ymrb3Y5fj1Ic0Mj+rD3b43AKqsuIZINpvV+vq6WlpalMvltL6+LsPjUZPHo0wmI9M0daSlRdlsVmvr62o+ckQyTWXW19XU1KTm5uZCmwDQiAyzynPj4/G4AoGAVpaX93S+aZpaWlrSwsKCnj9/rtnZslt6OwNVUmng1DBKpig4j2X6/yHm/HlwlAjI7yv/6rSzs1MdHR06ceLEvtdjzeVyaj92rHCNVEM8Hteprq6dDwT20Xfffadjx49vuT89PS319MhbwdTB6UhY97TZlP9pRayT5dw1HQnrm7NX1PWlsxSAVRog+V7pscBB8WJxUW+99Zbb3UCdsqbc770WeWrylq4lLrxELfPDabuxbDoS1pddZeVmvuzSld9Ivy0pcVMcf85+s/tzNo5Z+VI3/eqKRBSTJH+/3YY9C8Tfb0/X382xm3GW3/ErGJRiyWIpgOlIWPkKO8FgULEYpQAOoq3Gl39/8EDn/umfJEkrq6vKZDJqa2tTLpvV6tqaWo60qKm5SWurqzJNU0fb2rS+vq719XUdPXpUMk2trq2pqalJra2tVpt//KP++3Pn9vX1AUDe42SyanEWp0ePdl7o78BkrK6uriqVSun58+eam5sr3ekInuWZjn2F7EXTLPmerPycQq0YpobXPSNf88dR4sFwZC/n95XX1p2dndXs7Kza2trU0dGhV199VSdOnJDHU3dVMYC65e2p8LYrHdOXMSl4sfT4ws2cv19XesqOT/brN/3S96UNKZmQYvfCyifI+vsdN7cA0LCsOqmhCwRVd6PnbFCJL79XOmgHGb+JyX/uirxe6Zw/om+m+9XTIyn9vR4kgnqvR+rR7s/ZSiKS1HvhsPrtLxnv/LZfV8Jhee0yO19NBwtB2d0c65SO/VYR9etKOChv/stMvx00m47oXixoB1KtAKwUrOp7jNoyTRXKpWXW15XN5gpB1Fw2q3WtKZu1MlYlaW11VdlsVtlMVutrazJNKZvPZm1uLt6bAUADOhDRpPn5eX07NaW//e1vxaCqc7q2nYXq/CPnH8cxzgzFkuzVTR6jfm34f7T/b3Ob/Z87j7N/rpaXl/Xo0SN9++23+vbbb/XDDz9oYWGh9h0HUCGr3moieHHDDV9Pv1Un9WJXRHfGYrKqrKYV++0DnfvNJpk36ZSSkoL52q1X+qXIHUWm9+N1AMABlZrUJ0PXNd49vMfFIRtYz1kFEw/0fVqSpvVNzK9zp72SvDp9zq/YN9YAk/7+gRLBs1YW517O2YK//117v1ddfsl/7rQ19nl9Kp/HtJtji9L6/kGieKx69G5/scbO9DcxqdBHr4LvEVStN6ZdPi+Xy9n3T7mS7dZ9c/lj6zjr/sp+nG/DPgYAGpHrGaumaeqnn37S0osXpXVRy6d1V+8Jq9seDpbN/n+d2zbZPz8/r4WFBf389Kna29v1y+7uwiqZANxgZcbEgpuVACjqebdf/jsP9H06qGD6K0W63lN4s0vXG9SlcLDk8XvBiO59M63+SrNnAeCA6h0c1d29nOjr08ejfdXuToPo0dlgQl9+n1bwdEpJ/zm9a48/3tPn5I98o+n+HimZUPBsz57PydcktwR1MfxuTV7Nxuc5q2RC6nqvOKh6ffkwbFqppOQ/5xhwvV3yK1mTvqFWiskoHsMj08ipqalJkjUz0OPxqLm5SdmslbHa3NxcKLvW1NQk0zSVtWcLSpTeA9DYXA+sPnv2TPPz88UM1R2CYEC1eTyeQkB/eWlJP/zwg44fP67u7m61tbW53T2gwVhB1WT/FYV3mqqfTiqhLr3nlaa/ikmxmMLOxbASdxRObh2cZTErAMBe5csBTOuBdO43xdkS3tP21P6zUiyos/17P8cbvKRwSTJoetu1Nfdq0+fxSw9SaanH6mU6lZTUJckrX5eUcC4emU4qIdSTfCaqJGUydimAtTXlcjlls1lJVqmATCYjU1bZvnwpgLW1Nfu8jB2AbbaP594dQGNyvRTA48ePZXg8pYtMsWo79lEul5NMUx6PR7mc9UtFOp3WgwcP9OOPP2p5jwuxAdittGJjVqbqZvVPpyNhhQvz99OKfVmcipgvD2D9uaJ+v1VHNdzfYy0QEo5outiQ7hWmYAIAsAc9ZxVMRHQvklCXzzme2FP7791TzN9VWp5mL+e4wupPIvKVPXZapQHyes4GpdiXilm1eKzSAKgr+Rqr+UBqLpdVJpu1gqfZnLK5nPU4l1OusN06Lus4rng+a5gAaFyuZqwuLy/rxYsXGxeTsgOsFMHGfjGlwrezpmkqm83K8Hj06NEjzc7O6o033tDrr79emO4CoAbS3+tBQlLiXmnmqb1qcU//FfWP3VE47Ni+TamAgp5+hS9GFC6caNVbZe0qAMDe9ehsUIrFgjpbNhR5T5+TXwmpUKP0Zc5xhzd4SReTYd2zB+RgMKjCbP+efl3pH9OdO2FFJPmDQfm3bAkHkTNj1ePxKGeaavJ4lJNkGFl5DENNHo+y9r1PYfp/NiuPp0mSKWtd6GIpAO7bATQqw6zyJ2A8HlcgENBKBVl+iURCiUSi8CFMjRa4IR/AL/n5s+v7ejyewi8KPp9PgUCgMN1lt3K5nNqPHStcI9UQj8d1qmvrpQcAN3z33Xc6dvy4290A6saLxUW99dZbbncDgEMlY1k6NqY7yfc2KTkzrUj4S3VdubThS7y9nAPs1VbjS+z3Mf3jP/4HSfY0/1xOra2tyuVyWl9fV3Nzs5qamrS+tiZTUmtLizKZjDLZrFpaWiRTWltfU1NTk/VY0rd//lbBt1nIDIA7HieTVYuzOD169GjHY1wrBWCaphYWFkpXcLf/SNY3Z8B+MOzC6/mfP8MwZNh/5+ygqmEYSqVS+vOf/6ylpSWXewwAAAB3WdPjg+Wpp5I0/Y1i/nPaWHFmL+cA1WeaOeVMUznTLJQAWF9fV2Z9XblsVplMRuvr64Vp/+vr64XjMuvrWs+sF0oE5LJZmXZZAQBoRK6VAkin09aiVU6OICsfzNgv5T9rG/KlHdP/FxcXNT09rUAgwMJWAAAAjSgd09idiBLBiwqXxUinI2Hdi/nVf6W/dEr/Xs4BasQ0VVqOzzStNU8cpfgMqbDAb342X35mn2GaVhv2NuabAmhkrgVWl1gQCHXAWVM1v7jV/Py8EomEfvWrX6mpqcnF3gEAAGDfeYO6FN58ynNPf1jh/iqdA9RQzg6gegyPTMO0aqfmcjI8Hnk8Hnk8TfIYWZmGYZVH83jkyeWsmaWm5PFkC7P+RCk/AA3MlcBqLpfT84UF64H97RdwEG2o92v/vKZSKR05ckQ9PRUsnAMAAAAAB4Rpmmo5ckSSdKS5WWZ+bQlJLbkjVnKJYaj5iBUu8BiGTPs4wy7Zd6TlSKF8Wr5NAGhErgRW19bWNJdOS3JMMQAOqPziVuWLrD1+/FidnZ165ZVX3OwecOA053/xdmR8A9icaZp7XhQRQO0wlqHe7TS+/OlP3+xjbwDg8HLlN/mVlZVClirfbOFAsxe2krTpL9dPnz4lsAqU8Xq9Ss/Pq6WlhRtSYBumaWp1dVXeEyfc7gqAMoxlqGc7jS//8j/+yz73CAAOL1cCqwvPn7vxtMDu2atlFhiGDFnlLAzD0JOff9Ybb7yho0ePutZF4KDp6OiQKWk+nVYmk3G7O8CB1dzcLK/Xq5MdHW53BUAZxjLUM8YXANg/+x5YzeVyevLkyX4/LfBSCuUAcjmrzmo+c8E0tby8TGAVKHOyo4Nf5gEAdY2xDAAA7GTfA6vr6+vKrK8XN7B4FeqAs2RF/t/5LetkMQAAAAAAADQcz34/4dramvUPO+OPikWod6srK253AQAAAAAAAPts3wOrS0tLkooBVRavQr3KL2Tw4sULl3sCAAAAAACA/bbvgdW5uTlJxWnUQL2bm5vjCwIAAAAAAIAGs6+B1Ww2q7m5OSvTzzSLCwAB9SZfysL+u1DiAgAAAAAAAA1hXwOr5cEnwqqoW6ZZkqWaTqdd7AwAAAAAAAD2274GVpeXlyXZdVUNwyoHQNYq6phpmjIMQ6lUyu2uAAAAAAAAYB/ta2D1yZMnxQemKZkmWauoS4ZhFMoAGIahhYUFLS4uutwrAAAAAAAA7Jd9C6yapqlMJrNx+351AKgiM18KwDCUy+XIWgUAAAAAAGgw+xZYXVtb0+KLF9YD5/R/VlNHnTIMoyTjem5uTuvr6671BwAAAAAAAPtn3wKri4uLxSCq/bdBfVXUK/tnt1Av2DS1srKi2dlZlzsGAAAAAACA/bBvgdWF58+LDwioos6V/ATbC1hJ0sLCghVsBQAAAAAAwKG2L4FV0zS1+Px5cbEfWdmqBKBQr0zTLNYHNozClwXPnj1jESsAAAAAAIAGsC+B1Vwup8XFxeLUf0fGKuUAULfyJS1kBVoNj0emaWp+ft7dfgEAAAAAAKDmmvfjSRYWFiRZAVZJMu2/JZG1irqX/xnO/z03N6euri41N+/L5QUcSHPptNJzc8pkMm53BTiwmpub5e3oUIfX63ZXAGyCsQzYGWMZgEa3L5Gfubm5/Xga4EBYXFzUeiZTR4HVlCZvXdd4vLglNDyqD3udx0zp06ERRQuPAxq8cVV9Pnvv+JBuR0P6aHRQztNSk7d0LXFBdwdLGtvzOXs2Na7LI9rwXKiNuXRa6XRaLa2taj161O3uAAeWaZpKp9OSxA3pS9tpLLPGMdnbGLewE8YyoDKMZQAaXc1LAZimqRcvXtT6aYADZXlpye0uVMi+Ee0e1t3RUfvPsDQypE+n8sdYN6MzAzeKx9w4r/vXb2ky5Wwrqs9KN1RgL+fgoEvPzamlpYVSL8AODMNQS0uL0nwB/ZIqGcs2w7iFrTGWAZVhLAPQ6GoeWF1ZWdGLugkyAdWxVDc/87OaiUuhoDMfple/HggoGrPvRlNJzSigd874iof4+vRBKK77Dx03l4GANDGmXd1v7uUcHHiZTIYbUaBChmEwzfilVTCWbYZxC9tgLAMqx1gGoJHVPLC6sLBQUlMVaAQvlpbqpH5wp7oD2nDj6eu7WpzS6OtSt8qCqJJ6B0f1cZ8j2Np9QR+E4hofm1TF95s7nTM1rstD4yr0LjWpT4bsTNn8vyfHdXloSJeHhvTJZEqpyVslj52Sjn2lWUxT+tTeXrovpclbQ/p03H6O8W1TnwAArqhgLNsM4xYAAABeUs0Dq5QBQCN69uyZstms292ogE99lwYUiI5seVMn9erD4ZDiE9e3uLlzHDk4rFB8Qr/bxX3cXs4pims8EbSmfdp9/Ddd0t3RUd0cCCg+8UXx5lZRjScuFI6NjuRLGaQ0ectR6uDGgGZGSsscRGf8ujk6Wt36eQCAKqlkLNsc4xYAAABeRk0Dq7lcTisrK7V8CuBgMk2trq663YvK+Pr0sV2Tzrqpu74xeNo7WKhb91FIio4M6fJQeY1VKR+EjY44snV2tJdz8gIafN++aez0K+AoWeDr6t762N73NRiws3BTD3U/HtIH+ezbTcocBM6fkU8AgAOrkrFsU4xbAAAA2LuaLlueyWS0sLBQy6cADqy1tTUdO3bM7W7siq/vqu722Sscj4zr7U1WI+4dHNXdQXt15LFJnbnaV3bA+xoMXNft8aBu+it84r2cs2vd6ircZfpUuH+dTSiuqG4PRUsPD81K6qxVZwAANVLJWFaCcQsAAAB7VNPA6urqap3UmQSqry4yVqfGdflzv25e7SvJbHFmzaQmb+la4sKG6YSd/oA0s1mj1pTM+9c/1+9ClXZkL+e8jJSSM5L8sjOGQvpg0xtvVicBgAOvgrFse4xbAAAA2JualgLIr4zOippoKPbPe13UF+4NKhSf0LWSxS1Smvw8KoWC6pXkO3NegehIWb26Kf1uIr71VENfn/51QIpG45X3ZbNzOv0KKKrf291LPfxau2ixTFSf5V/D1Bcaj9vTL31n9E7Asc9eEKTS+nwAAJdVMJbtiHELAAAAe1DTjNV8fVWyVtFQ7J/3p0+f6le/+tUB/2KhVx+O3lD3reu6PFTcGhi4obuO2m0fj3bp06HrujxRPCY0PKqPt7lb9fVdUGhiRNGtD9n5HF+fPghN6PbIkKKSAgMDCunrXbToFNI7GtPloXih/9ZL9Knv6rBmnK8vNGy/fm5SAeDgq2AsqwDjFgAAAHbLMKsc9YzH4woEAlpaWtL3332n2dnZajYP1JW3335bzc3W9xe5XE7tx44VrpFqiMfjOtXVVZW2gGr57rvvdOz4cbe7AdSNF4uLeuutt9zuBgAHxjJgdxjLALjpcTJZtTiL06NHj3Y8pmalANbX1/Xs2bNaNQ8caPks1fX1dZd7AgAAAAAAgFqoWWB1zbFw1cGeCg3UTiaTcbsLAAAAAAAAqIGaBVYLK6ITVEUDW1xcdLsLAAAAAAAAqIGaBVYLASXTFEtXoaEYRuFnfuH5c1e7AgAAAAAAgNqoWWA1mUwWH1R3fSygbrwgYxUAAAAAAOBQqllg1TRNaquiMZlm4cuEVUetYQAAAAAAABweNQusAg3NMApfLLCAFQAAAAAAwOFT88AqWatoSI4s1ZWVFRc7AgAAAAAAgFqoaWDVtP8AjYzAKgAAAAAAwOHTXMvGDYn6kmg8dpZ2/iefwCoAAAAAAMDhU9PAqmmaVpCJ4CoaSdnP+/r6uksdAQAAAAAAQK2weBVQA4Zj8arV1VWXewPsr+bmZmYrABUyTVPNzTX9nhvAHjCWAZVjLAPQyGoWWGXRKsAyPz+vXC7ndjeAfeP1erW2tsYNKbAD0zS1urqqEydOuN0VAGUYy4DKMJYBaHR8rQTUmGmaymQyfIuLhtHR0SFT0nw6rUwm43Z3gAOrublZXq9XJzs63O4KgDKMZUBlGMsANLqaRXpM0yxkrfI9LxpN/uffMAwCq2hIJzs6+AUbAFDXGMsAAMBOalpjlYAqGpqjHAYLWAEAAAAAABwutV28yjQJrqIxGYZMR13VlZUVFzsDAAAAAACAaqt6YJVFqwCbXQZAKg2sco0AAAAAAADUv6oHVtvb2zduJJCEBpdKpbS8vCxpi2sEAAAAAAAAdaXqq+l0dnbq6dOn+vvTp5XNZqvdPFC3XiwtKff0qbxer9tdAQAAAAAAwEuqemC1qalJr732WrWbBQAAAAAAAIADo7aLVwEAAAAAAADAIURgFQAAAAAAAAB2icAqAAAAAAAAAOwSgVUAAAAAAAAA2CUCqwAAAAAAWPFv5QAAIABJREFUAACwSwRWAQAAAAAAAGCXCKwCAAAAAAAAwC4RWAUAAAAAAACAXSKwCgAAAAAAAAC7RGAVAAAAAAAAAHap2e0OAHDP42TS7S4AAAAAAIAGd6qry+0u7AmBVaCB1esHFwAAAAAAgNsoBQAAAAAAAAAAu0RgFQAAAAAAAAB2icAqAAAAAAAAAOwSgVUAAAAAAAAA2CUCqwAAAAAAAACwSwRWAQAAAAAAAGCXmqvdYG4xpdXo/6nsj/+fzKW5ajePQ8o0N9m24Rhzh/2VnWuWbN+5P5WcW7p98+M9x06qNfAv6vif/jc1veLb/IkBAAAAAABQF6oeWF39f/8PZaa+rHazQN3LvXimpT/931I2I9//ctPt7gAAAAAAAOAlVL0UQCb+dbWbBA6V5b/ed7sLAAD8/+3df1CU6Z33+3c33dDyYwYEjY6Sod222Gc0Jy4L9RzmpJpYzkoSKSumsmPQqbPOZlZq1n+M/GNGk2VT88N/IP7jM4XrbtyqQePsViY1RTKrz1oTqJyh6sDymGd0zlLyCPPgKKOgRECB/nGfP+67m+6maRpFuoHPq8oq+r6v+7q+dw96T3/7ur6XiIiIiIg8oYWvsTo1vuBdiiwnxqT+joiIiIiIiIiILHXavEpERERERERERERknpRYFREREREREREREZknJVZFRERERERERERE5smxmIP90ZfBv/zvfK49WMUDX8ZiDi2yKHIdAUpzH7J7/TB5jkCqwxERERERERERkadkUROr5z8voPNezmIOKbKoxvwZ/MdIHgHDxv/91S9THY6IiIiIiIiIiDwli1oK4NqIazGHE0mZntFVqQ5BRERERERERESeokVNrD4Mavm/rAyP9LsuIiIiIiIiIrKsLWopABERERGRhdXDe3VNtOOlvnk/pVGnWjjY1A7ufbx9tIqi+fbcUkcjRzi9v3TuxiFDbbxzrIMX3zpKVbwBQzGFPGZs8vSNjY0xPjZGIBhMdSgiaSvDbicnN5fc3NxUhyIikhJKrIqIiIjIEufG7W6ns2c/pRE50J6u9tkvmafHSrLO7ISDTQPsf6s5nHQdajvBGycIJ1fnM86CxCRxjY2NMT4+jsPpxGmzpTockbRlGAbj4+MASq6KyIq0qKUARERERESehuJiN+1dPRFHhhgccOP1uh+7z9L9zQuatBwaHAB3JVsipqcWVe3B29fBtaEFG0YWwPjYGA6HA5uSqiIJ2Ww2HA4H42NjqQ5FRCQlNGNVRIAh2k4co6Vv+oh731v8OO4axifU08LBJmYu1xQREXkCxeWVuJu66Nlfaj5fhq7xCZV8b2MH7QMRDWOW4oefd0NtvHPsJsXedtrbwXukmYouc0bo2xs/oLEdoImDoRmiQ228c+wc4Uend+6Zo0XriqGvg2tDVRFlAkp5pfkoYM5eTXacGW3Lu6KfrzElCXpa6qz2qPxAEgLBoGaqiiTJZrOpZIaIrFhplFh9nZ9fqGJD7OHxzzj71z/jt6kIaZ7+tumXfJM2Xj7ybsyZxb236Tj6+bt/+itK+v+ZV3/20QKPIsuHVZvOe4TTR0sjjh3j4E0tLxQRkSWicAsvus+FywEMXeuAytcopCOiUQ/vRS7F72nhYNNFeqpCX/a1M7DxLU43mynHni7zqqKqo9TfjFx2P0TbmXMUH2nmx6VYScwPaKs+SlWiGEv3U++to/FYHS0AMXVh5zVObNtQsPH0tNA4sI+3m6fLDfxD25an8wWqiIiIyAqSRolV0xe/+wE/Cuclv83f/dNfcaDpdX47I1m59MS9t3/6KSSRXP3OT/+RAyWfL5kksywdPS1NtLv38XZUArWUV454aY+c+SPyGHw+H3fu3GFqagqf34/T4SAzM5OvfOUrOBxp9wh6bCvlPkXSWxFbKt18MjgEpXCto4/iPUUwGNlmenYoWEvzKY447+bFLckkG4uoOto8/XL4Jn3Ai0lcaZYXgNAXm411iTbXevxxZug7x7/1VPFKqRnDjx+nDxERERGJkuaf9j7i7ztf4v1vevhb4L+lOpwF9RF//9cl/PxCFX/xOvx2AfPG/+3ID6z36tsL16ksUz10toP3SJwPc6X7Od0c3dbcddnkPdLMK+ZaQ9pOHOOTYi+0t1tLFaNn4EQuP/R6vdHjRC1xdLM/tItynCWZryjDu6Q8ePCAL7/8kjVr17I6K4usrCwmJyeZnJzkxo0brFu3jmeeeSbOlQu0w/dcO3MvkMe+z9jlvWERfw+etkV6j0QWS9G6Yvo+uMbQFvikz8v3SolJrEaXvnG7H7/+avTSejfz76mUV5qbecX6N2+2GaRPPg7mM/0IHGyqi/McFxEREZHHleaJ1Ti+/VN+ceAFcgAY59rZH/L3H4WOP8vIFxvYsMGaHUoj738ztAA/ou2c/TzPyBewYYN5li8il/ebM0235IQC+oLf7a1/zKRvPyPjVZSs+TZgBva3Tb8kHHJo3NcbObAlB3ghYobr7HFElgKI8nqC90NWpqFBBnDzYuGcDWk70cTAvrc4Ha5Dd4K2iGRMXzvUNzdTan1obWwpt5YmttDYHkqQmecglFzt4b1jEUsce1o4eKyFdc3xl2TK0vHgwQOG793jTzweAoEAk5OTPHjwAIfDQU5ODp7Nm+nvN/+Nip9cffo7fC+EyPuMlGUlWJ955pk573PRkqgiK0FpOd6+D/i3i9Dn3YO5mD5Cz0Va+iK+tLHqfs/bUBu/ao/9MrBjrotoO3GMgT2xCc1Cit0wEPeSxxlnFqX7Od283+r2BG80tVCheucL5A6d5y/Ti4cdtRWsjTrVyfnLvVBYwe6dHnJm6yLpoTo5f5mZ4yQZIztqqZjfhSIiIpKAPdUBJPZt/q5iA3zRayUuX+fnB15g5Hc/4OW9P+Dl342w5UAjfxtuv4H8kX/m5b0/4Efvvs7Pv5nPtbMRbf/yp3wnTj9nrxHTTw4b6DKvO/sZ4xuq+Pnr5pnv/PT7bBlpM8/t/WeujW+g4qePOzP0I+6OQE5+idX3P/LN/M84G+o7v4pf/PTb8G49Z6+NR9VknX8cid4PkWk9LXUcrJv+814P5gYgfV6+F8r+FFXxPW8fn0RsYezeV219OCtiXcSqyp6udvCWh89V7fFGnqTdvY9vhT7VlVaz391OZ3hT52SXZEo68fl8fPnllzz//PM8fPiQGzduMDAwwO3btxkYGODGjRs8fPiQkpISvvzyS3w+X9x+nsYO3wsp8j4Tmes+RWQhlVLh7aO9vQ9v+WwpwwEGhwCGaPvgSb6s6WNg2Pyp52K82eexzFIF7U0naIvM9vZcpKUv0fMuyXEKN+Jm+hk6dK0j3Hao7QQHT7SFk8xF64rBvZE5v1eVeSiksLCXz+9EH73zeW9qwhEREZFFkXYzVjd885e8/82IA+OfcTY0W/R1DxvGP+NsaPLou//OtYq/YvPrQD/AOP2dkVMwc9jyF6/DR+/Cu/W8HLrudQ8b+ILfWa9/+7Mu/uJCVVQ/1/67dfKju4wcmO7xtz/7YUSN0xLyn/hr55BvU1GSwxedoRqqVhmEigq+w8xppY8Xxyzvh6xcResoDn1gsz7PxdZ+A6yabu1mHbhI3mFI+LFsiMEBcFdGtCnciJub5tnBAehr5426c1FXuQeHEncrae3OnTusWbuWQCDAF198QTBml9hgMMgXX3zBpk2bWLN2LXeHhnhu/foZ/TzxDt8zzFbO4snuMxmJ7jOhhKUyOnhxXzEt58w7cu97i7/hDG+c6wu/Dr8PKXqPRFKhtNwL7VAR73e3tJr97mO0HKujBTf7j+zD3dSBVZZ17n6bmjg4YJYi+Z73HI3W0nrvkSN425vM52mC51dR1VFOr2vhYHjzKjDL5xwNj5/0OEWJ27r37cNrbdwV2hRr+nnrZv9b+xOXU5F5KygopPfzO1SEnw3jPLhfiMcDvfcXaJC1FdTWLlBfIrP49NNPKS0tJTMzM+r41NQUPT09fO1rX0tRZCIi6SftEqvRGzxF+86afMjZwIELvyQi18n4mm9bCdFI7/KjvfDzC1W8f8Han9VaWv+dNfkw/vnMS5IRs5x+fPxxOgn5NmvyYby/n1BydEZiGSghzu3NO47Z3w9ZyUqp8ELjB218K1G9ysKNuPHyvbhLBofiXBBizl7tuxmRubU23oDQjJnK+LUyE3UraW1yaorVVp3R2KRqSDAYZHJykszMTO7fn+XT5oLs8B0ydzmLx73PZMx+n31WgmfadDJzrlIZfbTc3GMu7e1p4WDTMf5hn1k6Y6jtBG+cC70PqXuPRBZH9IZUsTXCi6qOcroq/Iqqo81URVxd1Rx6VcWPmyPPWF82RvW7f7rf8BeRlubQoDP7iek0qp+5zs8+ThJtq6oimsackwVX8PwmCi9/zp2KteYy/fHb3GAT2wpuRCdWQ+UBLIUVu9npyYHxXi59eJ8CTy+9veDZUcvzn5/nCh7o7WW4sILd2+7zYUQpgPHeS3zYORzqKLrcQOQ4Hg/RRWtE4vv000+5evUqN2/eZMeOHeHk6tTUFJcvX2ZkZARAyVUREUualwKI9tu7I+YM1r3Wcnbrz6s/m61Q6Lv8KNQuYkn/b++OQM6zlMw7ArM0wfi1f7bG/tfHS86Gu6ugJAdG7n6EWW/VTCy/HHV/8eq3Pm4c8d8PWdlK9x/B23eON1qil1y3nZietUbRFl50t/Or8NrFHt6rq+Odtrmzn+bMoQ/Cyx6jamSWluPtO8e/hYYeauOdUPkBWbL8fj9ZWVlzLn33+Xy4XK4E7cxlswODQ8CQucP3utgMn5lQCSX+zB2+40iinMV8he4zGbPfp5v9bzVzunn6T3iGaBKlMvZXWycLN+KOKJ1RFFmPI4XvkYjIipKznk0R5QDGb9+ATetj6qreofPyfSp211JbW0vtDg/DnZ8xXUGgl/sFu6mtna6FOtwL22prqY2t0Xqnkw87C9hRa/a1o6CTDzvvRIzTi2eHeW53wX1UlECSUVpaSn5+PiMjI1y+fJmpqamopGp+fj6lpVrOIiISknYzVhN6t5cvvlnFX7wOv32X8AZUI7/7AT+KzSxam1D1hzZo+uguIwfGGekHPjL72fw68C5856fl06UBkiiXGqqJyusvsSUHHm/S6rf5u798gZzxz/iXdwE+orP/+xyo+CnfedcsB/C3Tb80a67+9c+ePI5E74escOauxBUtdRysizjs3sfbzaGZpEVUHT3CQN0xDoZWEXqPmLPa5ppaWrqft/ed4A1rVp7b643Y0biUV97axzvH6jgYHvYtM7GkXM6S5XA4mJycxOl0JmzndDqZmJhI2G7BdvhOWM7i8aZjhu4zmeTqXPcZz8KVykjdeyQisrLksH5TITcejMNauH1jmIJtOfAgss1aKmp3hl+NP7gPFEScL2TT+pgaX57n425UdefzXgordofPrX2hgsIPrRmzdz43N9OyTuZ4tuHpvPzEdyjLX2ZmJjt27AgnUi9fNn9vQknVyFmsIiKy1BKrvMuPzq7hFweml8uPX/tns3RAbEL0o5/xakkj7x/4Je8fiGj7Ubx+xrl2Nt7M0FhW3dNvWsvpv2jjd19s4Jv5yc19nbHMP2Yp/m9/9kNKmn4ZUergC36316q52vk5f7nlBQ5caKRkb/3840j4fogks0TQTMC+MuP4zGWVUUsniV2GCeyPOhl/yeRsxyXtuVwuJicnycnJwW63xy0HYLfbycrKYnR0lKxE/3O+UDt8Jyxn8XhC95lsYjXhfcaxYKUyUvgeiYisNDnPFDB85Tbj6+HGsIdta4lJrI7Te+lDwqv3Cx+3qPw4D+7DcO+HnO+MPF7Ig3HIeXAfCjdFzHDNoaAQFqrUqyxvsclVQElVEZFZpFFi9V1+tDeJep8f/YxX4yUD4x1PtEFT0v3ExDWjz3fDCdn/duQHsyRnk7y3RH3ExpVkHH//1x8luEZEZOGtXbOGGzdu4Nm8mQ0bNszYwMput7NhwwYyMjIYunuXTZs2JejN3OG7sR28RxLv8F1aFNrh2zuzSZFZr/VXbdXWpk3mJk0Ds27ilPx9PvPMM3O2nfs+4ygtx9vXxL/1VFmzuM2NrIqPNPPKvD+Hp+Y9EhFZcdY+j2f4Cp99BsOebWYd1Mjzdz6jc9gTrpFq1kF9nIFyeKYACjdZ9VljPVMAw/cZByu5Os794ccZR1aqyOQqoKSqiMgs0iixKiIiy4HD4WDdunX09/dTUlLCpk2bmJycxOfz4XQ6ycrKIiMjg76+PtavX4/DkfhRtDA7fCcqZ7Ew9zmbZO9zpgUqlZHC90hEZOVZy/OeYS73gmdHvAX8APd5MA5rc8bpvdILj7mt1NrnPQxf/ow7nsiNrArMpO3a5/FwmSu9L5iJ1zuf8/gjyUoVSq6GfhYRkZlshmEYC9nhaGPlrOd++P8+v5BDiaS1pq/9L2L/coX+tn31J50z2j+Ovr4+1q9btyB9iSy0Bw8e8OWXX7Jm7VoyMzNxuVxMTEwwMTHB0N27rF+/nry8vFSH+cRWyn2KiKwkt27dwuVyJdn6Dp3nr1CweyeeHMKzUEOzUsd7L/HhjU3s3ukhJ6oUQCEVOzZx4/INNu3eiYdeLn1o/WxNQr3TeZ7L7KA2tJNVvL5DdQUopCLiWsZ7ufRhJ+ZQHjz0wrbpTbFEFtLExATPPfdcqsMQkRXq9uDg7HtJPIFbt27N2UaJVZGnRIlVEfD5fAwNDTERMWM1MzOTr6xd+xgzONPXSrlPEZGVYn6JVRFRYlVEUimViVV92hMRkafG6XSyfv36VIfx1K2U+xQREREREZFp9lQHICIiIiIiIiIiIrLULGpiNdseWMzhRFJmlX7XRURERERERESWtUVNrG7Jn1jM4URSpjTvUapDEBERERERERGRp2hRa6zWPn8fh83g2oNVPPBlLObQIosi1xGgNPchu9cPz91YRERERNJSht2OYRjYbLZUhyKS9gzDIMOuKoMisjItamL1WWeA1/5ECSeZyTDiHJvRxpjjfHLXGlHH544nmWujj8/SqYiIiIgsCTm5uYyPj+NwOJRcFUnAMAx8Ph+5OTmpDkVEJCUWNbEqIiIiIiKS7nJzcwEYHxsjEAymOBqR9JVht5Obmxv+OyMistIosSoiIiIiIhJDySIRERGZiwqhiIiIiIiIiIiIiMyTEqsiIiIiIiIiIiIi86TEqoiIiIiIiIiIiMg8KbEqIiIiIiIiIiIiMk9KrIqIiIiIiIiIiIjMkxKrIiIiIiIiIiIiIvOkxKqIiIiIiIiIiIjIPCmxKiIiIiIiIiIiIjJPSqyKiIiIiIiIiIiIzJMSqyIiIiIiIiIiIiLz5Eh1ADMdJ7t+Fxnh1/34GmuZSGFEyXK+fAlXcd6M44GrlTy8uMCDVZ8nbyvmexP58wIPIyIiIiIiIiIiIjOl14zVslPk1u/CPnCS0cZKRhsrmRgoxFl/HteC9H2JVWVP1o3r1Q7yXj0+e4OJbias2EcbKxm92k/G1g6yq5Pp/TjZ9cm2FRERERERERERkVRJq8Sq6+tl2O79hrH3L4SP+d7/R/wTJThe3pvCyJ7AxVomBkbJ8JzCucD9jmqGqoiIiIiIiIiISEqkUSmA49hXQ+DqmzHHL/Do1IWoI1FL7ie6mTh1CB/mbFIn/QRWl1ilBEbxf7yTR93Hyd5ehg1wbL/EKnbyqNtqvzrUa6it9bLsFLnWNaFzfs8lq/0u8l6F0V/Exhqf74/DuIpXkwH4Zun7UfdeVh2ySiBs7SAbq3xA9XnytpaE+zIGTpqJ51mX/+9l1aHDOEJTfO/9Juk4RUREREREREREJDnpk1gtW4+dUQJ352hXfR5X8TC+xp1MWElE16vH8YWSh6sLMT6uZDSUOK08hbP7EA8/Xk/u9s0EQsnT6vM4s7uZaIxIyn79OHS/CZiJ2ODViOTm9vMYjTvxvdqBk3kmK+/ew2AztjKgO37fru5aHp3aTHb9LgjXZD1O9tZC/B9XhmPO2/pdXFyYdaaq8+Uf4nj4G0ZPvUkoyZpd/ebC13gVEREREVnG7o+MMHL/Pn6/P9WhiMyLw+Egv6CAgvz8hO0+/Z+fYrOBYZivv/Z/fC18ruc/e/D5puKe+/R/fhrVT+Q5EZGVJn0Sq0lyPVcC935jJRYv8Kj3u+Rt3TJdg/Vee3jWaWB8FGf2LB1drGU0nGzciy0beGi9rN5CBv34Ls5s+8S1Xqu3kDHRzUS471/j9xzGXg3MSH6+ycPG6VfOZwuB4bnHWO1lVRk86p4521ckWg/v1TXR7j3C6f2lEceHaDtxjIE9zbxSOuvFcZjXfVL5Fj+uKlrgWC09LRxsgvrm/ZRG/vx0RpPHNDY2xtjYGMFgMNWhiKQtu91Obm4uubm5qQ5libOeZbGH3ft4+2gVT+lplKTp2Nz7op+NQ20neONcX0x7N/vfOorZbB7P1KE23jnWwYvha+VJ3R8ZYWRkhMysLLJcT/wJQGRRGYbByMgIQMLkqmEE2Vb259iA7v/4j6hzwWCQF7ZsITMzc8Y5wwhS9ud/DnGuExFZadInsdp9m+D2MmxrEjUyE6DG3etPPl7McnwjYgqo89lCmLhO4MlHMa1ZjY1hjG5wvlwIrhJc9R1RSVrj2Xg1ZKOX9RsTo3MO5Xt/J7x8Cdf2DvK2w4wSByLxtH9AW/XjfRgbajvBGx2VKf/wmi5xiJVUHR/H6XSCzZbqcETSl2EwNj4OoOTqAvAeifwy0ExKvnGCpJ4LT+sZMtT2Ae2JErwx54baTvDGsRbWJfGFoZ57T9fI/ftkZmVh03NMliCbzUZmZiYj9+/HTaz+96v/BEBR4M/wTU0BEAgEw8cBCnwv4PP5sNlsM84VBf6MqTjX/cXWv35q9yQikq7SJ7HKmwTv7cL53HEgepm9K2L5vfHwMLaczU88WmijrNCSfnMM04yaqE861nMlMNFNINT3muvhurDRjke/rP4uDlf/dB1Vq67qXHzv7wz3HVkOYSHuRZYntxtazrSx5Yk/nBVRdbSZqgWKa06l+zndbP44tFhjypzGxsaUVBVJhs2G0+FgbGxMidUFV0TV0SMM1DXxbz1V81x9scCK1yX9bC3aUombDgaHoLRokZ+pEsXv92umqixpNptt1jIWQb/BV5/fyMP/Nb2yKBgM8txz68KvJ244cTqdGIYR51z0dRs3bOB/f37zKdyFiEj6S6PEKkz8oRvH9l3kvnzd3KAJzFqoq0fxf2wmQCdu9eO0lv5PsJdVnunSAPP+X5/s9TgBX9kpHKuBe9bxi9cIbN01vTy/7FS4Pqsx3zGqz+NcDYGrVmLT6ttZjVlqwJo5G665OkOhVZvVulf6Ew7niqkBGxgfxcltJVUloeI9eyhuauIf2rbMutywp6WOxvA6S2up4nCLtYyxz5oVtIVrUcsWo5dnTs8mspY3FnuhvR1zIaQ3akl/3PFiQwuVAjgCjZFx7LnJGx9sjJjF08N7dR9QrCWSiyIYDCqpKpIsm00lM56aQord8ImZpQSSfZaZz46otjNK5kSK/6ybXurfxMF2b1Jla4auddDnruRvYksBbLnGO8duUuxtp70dvH/ppf1fImJ+zergWgsHz7UnEbOIrGR+v4Hf8BEMBviPrq7w8cnJ6U+NQaZmPRcI+KPO+Q0ffv+8PymLiCwLaZVYpfsQY93Hya4/TF79Yetgv7VRleViLRPPXsJVb80wnehmIpmNpLrbCVSW4djeQfaaSh7+oRvH9jJzSf5EN76BUZxrrEQrb1qbXXWEZ4gGrlobSK3px7l1F3mH1sefdeoqi1nmPzq9+RRAnL6NgZNWUtWatbu1g9xnTzL2vll/1bG9g7zto/ivdmNstTbBmsXEL05iO3SYvPpdEe/fPDbakhWqlFeOeDnYdJGeqjgf/HpaaBzYx9vNER82L/ZQtX8/b+8biFiKGDlvdIi2E00M7HuL01VFVhL0RFRys68d6pubKbU+PDa2lJsfAmcdb5YPiKWxcfTg7fuAa0NV5lg9XbS7K3lbSVURkRWkiHXF0HdzGCiax7PMTIpOtzWfUe+0xat1muBZV3WUt5ljuX7fOd6oOxdxwEt982yrR9oZ2PgWp5vNs99yRsQ81Ab00XJzD6eb91s1V5t4r3y+tdJFZCUI+IJgGGT9yWDMmekvxh3u2F2lI855vow+ZdjMPkVEVqD0SqwC5oZNiROBkUvdI038opKJWdvFbuR0iLGYuqOR15pJ3jiDRG16lVxcM8zWNzPvYcbmU+GxI+KIikkbVsljKt1PvbfOSm4Wzjh3+mjoxRCDA0DxHP0NXeOTPjcvvmZ9PCytZr/7GJ9cG6LKWtfo3ldtJXHND79PNF50wFR4+/jVtSGqqoro6WrHXfmWatCJiKxkST9bhrjW0Yd3z1HruVFE1R4vLR9cY6gqJumZ8FmXxFMntv5qTwsH607EX6WBmxe3JOrTzf5qK4tatG5+j00RWVECPoPea7dSHYaIyLKQholVEUmV0up9uI818V75W9EfyIbaeOfYOWvJvhu3O4nOhm/SRzHfe5xs5uOMF6O03EvfB9cYqtrC4ICbF6uVVhURWVnM5Km70vqyMOlnyzADfdDeVBde3m/yYs19jWj6BM+6eOJ8CSkistA8+S+y9itrCQQWZrvmjIwM7nx5Z0H6EhFZapRYFZFpRVX8zb4O3vjgIt6Iwz0Xz9EXUautp6WOxrn6KtwYsQHH/MJ4rPFilZab5QB64BNC9eoknY33XuLDTqjYvRNPzqIMyKUPb7BpscYTkcU1dI1P+qB4j1VfNelni1mb1bsniWX0T/Csk6VtpOsMJ1unN+spP9BATcn0+f7WBs52xTvXT2vDWcLVKTfWcPi1cvLjXAcbqTn8GuUzN3VPYpyYvsoP0BB5cvYb48zJQV5qqGG6dXTMG2sO81qioGQJMMjPN/8bGoaBYRjY7XYMwAgGsdlsYLNhGGbdVLtUK1M4AAAgAElEQVT1s2EY2Oz28HU2zE2yAO58+WW8gURElj17qgMQkfRSVPUa+2mnvS/mxMCgWUF1qI1ftce5cEZHW3jR3ccn16y6qz0XaembaxnjE4w3g1kOoKXpHH3z2JFZUmWc2zfA44Ebt8dTHYyILHlDtJ05R597H9+KTI4m9WwpYkulm/YP2sKVw3ta6jh4oi2qkrjZ9AmfdbGe9HpZHP2tnGxdx4GGBhoaGmg4UE7X2TN0jUyfP9tVbp4/UE7X2VZr+9kRus6cZbDmsHldw2FqaOVkq3W26wxnB2s4bPV7uAZaT7bOvnXtrONYfYXONTRwgLOcCQc4i5EuzpxsJXpv95iYzaBoTbyfrqQ5w4Ds7Gyys7PJzMrC6XSyKjsbl8uF0+kky+Uyz2Vmkul0kp2dTZZ1btWqVaxatQqn00lmVla4H0N7V4nICqUZqyISw6ol1zT9idMsEWBtsOHeR/0+N40dgwxRStGWStznzvFG3U3qm6uj+zl6hIG6Yxy09uXwHmmOUzNupoTjzRZ1VBzmBlyl5V5ob8dbrp070t6dz+hkE7ufv8+Hlz/jjqeCtU97zBwPO2s9T3sUWWE+/fRT/rS0FGdmZtRx39QUPT09bP3a11IU2fI3Y+l+xOxUmM+zbD+lVUepv1kXsbHUbJtKPf6zDoizeVXy10fF/NbGJAeUBVFSQ0ND5OutlNPF4AiQD/1Xu6D8gDnjs+Qb1Gw8ydX+GkpK8il/rYHy8IX5eLZthCtDjFBCfvlrNEyfJN+zjY1cYWgESuJMEJ19nBF6r9xkY833w7NOS75RA//ay0j59OzYSKEZuOXl5dzsijwTE3O+BzPkWYKSJcIglAcNBAL4fD4yMzMJBoP4fD5sdjsZdjt+vx/DMHBmZhIIBJjy+XA4nWAY+H0+MjIycDgc4T5FRFYim2Es7HdLo42VC9mdrBDxfgtjD8X+qs48n9y1RtTxueNJ5tro4/HbR17z1Z90xh94nvr6+li/bt2C9LUsDbXxzrGbfM9KtMriuHXrFlku17yuudN5nisFu9npGafz/GXYUUvF2vBJzl+Gior7dHYOA+DZUcvzn5/nci/h16H2ZkkBsx2FFeze6SEn1M8V8NBL73AhFS9t4sa/R5YCuEPn+ctYXUb1eadzeiwonC5XYMXm8fTS2xsacjc7VVtgRfr000+5evUqBfn57NixI5xc9U1NcfnyZe6PjLB161a+FpNcnZyY4LnnnktFyCIyi+vXr5OTm5tka3OpPAcaqCkZoevMSa5sCy2Xj30dbaTrDCevbIsqBxBxkjMnr7AtbjmAROMwc8y4S/wjeuvvh5IS8vtbMW8lfrvEMUm6GR8bY/PmzTOO/+HKFbb92Z8BMDE5id/vZ9WqVQQDASanpsh0ZpLhyGBqchLDMHCtWoXP58Pn8+FyucAwmJyaIiMjg6ysLLPP//E/+Pq2bYt6fyIiIbcHB3E/zuYsc7h1a+6N/lQKQESWraFrHfR5y5VUTXt3+Ly3kE3rc4C1vFBRSO/nsRsg9HKD/4va2lp2VxTSe/k8nz9fS21tLTs80Hull3GAO5182FnAjlrrXEEnH3ZG9DXcC9tqqa3diSc7sv9xei9d5n7Fbmpra6ndXcH9y5foHTf7vHy/gt2hPj3DdH52Jyq2+wXWdTs8DHf+P+Z1suL8aWkp+fn53B8Z4fLly/impqKSqvn5+fxpqf5FElluRrr+nS7K2RqRiVxXFMo65lM063fg/fy+9SYbt3niziLt/30rNzduw5MggRl/HPPnm62/D5cG6P99KzcZZGiWagD5JSVxY5g2QteZBhpOtnKz/CUlVZc4w4BgMEgwGMTv8xHwB5ianMTn8xEMBPD5ppiyEq6BgHku1M43NcXUlI+A34/f7ycYCGAEgzMmwYiIrBSLm1i1KY8rK4PNnpHqEFa4IdpO1PHGuWLq9yuJkfbufE6vZ1t4A6mc9Zso7P2c6NSqh21Wg5xnCgAPz1uzSXMKCiO66qWw4oVwGYG1L1TE9DV9XZTx29wYDiV3scoEWLNS11ZQG5r1yjgP7sdePB0bOQUUxp6WFcOZmclLO3ZEJVcjk6ovRcxiFZFlor/VXEJ/YJYZnrMya5d2bazh+7PMZD3btZGa78dfuj+XkprD1Gzs4qxVY/XquhqerGCEWRKgoeEwNYNnaVCR1SXNMIxwYjVoGBhGMOq4uVFV7GuznWEYGFivQ30osSoiK9ji1lh1ZmPzP8IIBhZ1WJHFlJHhwOHKZnL8QapDWcGKqDraTFWqw5AkjNN7pReGeznfG33mSu8L81xSbyY9h3s/5HxUtY1CHoyTuGbr+H2GKWBbvOHGe7n0YSfDVl+FypxKAqHk6r9bCVVASVWR5aq/lYazXZQfaKAmJqs6GK5BOsLQIBA1a9Vctt9KTdwSAGa9U6iJWG4fqoFqKudAwzfmGCemNmp/Kw2s46V86G9t4GyojurG+DHMLp/yl8ppPXuV/pqSeSaTJX0Y4USo3WbHsAXJyDAnhthsNux2Ow5HBoGAHwCHw2G2t9nIyMjAMAwCNhs2m83sTUlVEVnBFjex6n9EMCsPHFlg04w+Scw2x+t0FAwG8E9NMDU2x66rImIav82NYQ87aqM3qxrvvcSHN24z7gnNFE1GDs8UQOGmWWqcJlqen1NAITfMBGzMpXc+62TYs4Naq+Dqnc7zXE46JlmJIpOrgJKqIstRfysNZwepOdwQsyw+/tL/6SX7VlJ13QEaYrOxhBKo62bUOI3d2MrsNNE4Mf0ODcLGbeQD+TUNNNTMfmtziexLlqbQTFQAv99HIBBkamqKYDBIIGBOggoGg+bmVcDk5CSBQMAsGTA1ZV3ntxKwDqu9kqsisjItbmI1GMD2SAknmWm5bl4lIomN377BsGfbjNmkOes3Udh5g9vjHjzz6G/t8x6GL3/GHY+ZqDU3siqYkbidIWc9mwo7uXF7HI+5K1V4E63nAe4/YJy15Iz3cqUX5hWUrEih5GroZxFZRka6OGPNVI1Xa7Rkazk3z/6e/vIaSvp/T+vNcg5YWdL+VmumapykqllWAGoOJ1dWINE4I11nODn4kpm8HeniX1tvUn7gtcdIhsZukmXVha35vhKrS1ioxipAIBAwk6hWrdRAIAg2GwYQCAbBMAjY7Va7AIGA3bpu+vrQzFURkZVocROrIiIiET7rHMazI07K00p0dn52B8/z8+hwbQW7Ky7x4fnz1oFCKnbPkVQ1B8Szcwf3z0+XESis2M3OtUBOBYUfdvLh+U4orGBHRSGXb1iJ1nmEJiuPEqoiy9NI7xVuAjfPNtAVcXxjjZV8LKnhQHkDZxvMs+UHGqxEaT9XuwBaOdnQGnFlOQcaarBO0nqygaizcUoNAAnGgfzy71Nz5iQNDdOxxe1jTvmUv3aAwYaThEMuP0CDdq9a0iJnrNrtdoKGQYbdThCw2QLYbTYy7HYCVsI0vPw/EMBuzwAMbDaiSgFocomIrFQ2Y4H/BRxtrFzI7mSFWK4zVmeL8as/6WQh9PX1sX7drFvNiqTErVu3yHK5Uh2GyJIxOTHBc889l+owRCTC9evXycnNTXUYIk9kfGyMzZs3zzje1dnFf/kvfwpYy/yDQbKysggGg/h8PhwOBxkZGfimpjCArMxM/H4//kCAzMxMMGDKN0VGRob5GvjP/+8/Ka+IrVchIrI4bg8O4na7F7zfW7duzdlGM1ZFREREREREVgjDCBK0Znz4rVIAPp8PIxgkGAjgh3C9VQPw+XwErNd+nw8DCIZqsVqlAEIzYEVEVholVkVERERERERWCMMAIzIRahjYAMNmC6++s2GtvjMMsNkgtNzfZsNmGGYf1jEVARCRlUyJVREREREREZEVJDRj1W6zY9gMs3ZqMIjNbsdut2O3Z2C3BTBsNux2O4bdjj0YxG63gwF2uzlTNZx8FRFZoZRYFREREREREVkhDMMg0+kEwOlwYBiGmTwFMoNOc1Mqmw2H00wX2G02DKudzW43r8t0YiN6AysRkZVIiVUREVlQ5kwGa9mYiCRmfZgVkfTiCCWR9CyTJcowDByO2T/uf/rp1UWMRkRk+VJiVUREFlRubi5j4+M4HQ4lV0USMQx8Ph85OTmpjkREYuTn5zPyxz+SmZmp5KosOYZhMDk5Sf6zz8Y9/1//z/+6yBGJiCxfSqyKiMiCys3NxQDGx8a0Q6xIAna7nZzcXPJyc1MdiojEKCgowAD+ODKC3+9PdTgi8+JwOMjPz2d1QUGqQxERWfaUWBURkQWXp2SRiIgscasLCpSYEhERkYRU1EtERERERERERERknpRYFREREREREREREZmnNCoFcJzs+l1kxDs10c3EqUP4FjukNOJ6tQPn6unXgauVPLyYunhERERERERERERWsjRKrJqUMIy1l1WHDuOgm4lGK7lcdorc7R1k8+TvlevVDpz8htFfvPnYfThfvoRrzfUVn/wWEREREREREZGVQ6UA0l31d3G4+vFFJi27DzE5MEqG5xTOVMYmIiIiIiIiIiKyQqXdjNWEqs+TtxX8A4U4ivMAc4Zr8LnpZfKRM16dL1/CZbWLKidQfZ48DwQoIcM1iv/jnTziFLnby7ABTPQToAT73ZOMvX8BiFmKf296hqc547OfwOoSq4yB1V+31bYsot/QuTXnyfPci5jheZzsei9G5HUW13MlcO83TMS8Fb73d0bPDo03Tnfo+GaC9yBjdV5U/M6XL1n3tIu8VzHvqfo8eVtLwt0aA9PvQWy5hsDVSh5y3nqPy3AdOgWnDuGL6iPm/RAREREREREREVkG0m7GasbWDvLqo/9kV0e2KCGDf2S0sZKJgVEytnZgv1XJaGMlvntMz+KsPo+reBhfo3XuYRmuV49Pd+Mqgd5KRht38qh7L6sqy2DgJKONlYz2QoZruqnz5Us4s7uZaKxktPEk/uxd5L68d7rB6kKMj0Mx5OGoDM0kPU729jKCV81zo1eHcWw/j+viNQKuzTjKrOurt5AxcR3/jOTjXmzZYIxfn+Ndix5nYgBznPD5PDJoN2P4uBtj9S6yq63k7D0iEsXHyd5aiP/jULz92Iq/a/Wzl1WHdmEPvUcfd2PfeolVd2uZGBiNSFzH9jEc8X6IiIiIiIiIiIgsD2k3Y3XuGqv9+K0ZlL4/DuMqHiZotQ+Mj+LMNn92PVeCMXAyPNNz4g/dOLZvwQXWsf7wdZR5yXCNEui1ZmZe/DV+z2FrZuZeHGvyCPSGZpde4FHvd8nzeHFitb/XHp6RGRkD1VvIoB9faJyLtYxaP7vudeDw7IXuC2asd3/9+PVJY8bxvd+Os34X9mrgLsAo/j9YNVS7bxPcPltHb/KwcfqV89lCYNh8EfsedR9izLpnpye2nzwcXz8O3W9G3bOIiIiIiIiIiMhykXaJ1YVhzvS0rT5MXv3hiOOj2MriNF+zGhvDGHGXq2/G5rJm0m6NPpMRr3kE57OFMHGdQJxzE7f6reQs2LJHCfzhQpxWFzAeHsaWs/mxx5kfa6Msa6qrMTE6fSrhexTJTM5m1+8ir36Xeejek22OJSIiIiIiIiIikm6WaWLVTEgadyPrg0aojnl99x4Gm82k64zE4XWMCQj0xp9J65p5KMycUbuaDJg5G/XiNQJbvTiqIYPrTM6SsJy41Y9za+RM29A9mPVmfY21TCQaZz5CG2U11ppjWWMAc7xHsd7kYaOVSC07Re72XWRXvznHTGQREREREREREZGlI+1qrC6UiVuR9UHNOql59efjJ0K72wlM5JHhseqmVn83PGsTLuC/OzpduxVzw6q8Q0nUDb14zdwEK5TILTtFbv0lVpUBvEnwXh6OrWXYHt6ePSF68df4J0pwRo13nOytJRgDvzYToDHjOF/2khFZ6mBeCq1ZvXtZ5ZnexGrGe8RxsmfUv429R8zSA4xi3H2cWERERERERERERNJT2s1YjbfkHiJmUSbrYi0Tz17CVd9hJSRH8X88Wx8XeNThJXe7VTrgXjf+iZLwUn/f+zvJeLUDV32HlZjtx9do1lxNXA7gTR5+vJ7c7dP3FLhaGa7HOnGrH+fqEgK3Ei2Tv8CjUxdwRY1v9jMWTpzGjpPoXqOZM2J3kXdoPROnzNqyju0d5G0fxX+1G2NraJbqBR6d2kx2/XR5BWPgpBlD2XWyistw1Z8no7GWsTXnydveQZ5Vy9UYOBmuxyoiIiIiIiIiIrIc2AzDMBayw9HGyoXsLkXMWqO2WZb/L5iyU+RuX41/vknjZSjeb2Hsodhf1Znnk7vWiDo+dzzJXBt9PH77yGu++pPO+APPU19fH+vXrVuQvkRERERERERElprbg4O43e4F7/fWrVtztlm2pQDm5zjZkcvXq7+Lw/X0l687PZux3bu24pOqIiIiIiIiIiIiS03alQJIjTfxDVzCFbF8PXLJ/sIzZ8SaG0UlKgMgIiIiIiIiIiIi6UiJVYvv/Z2zbyC14My6qSIiIiIiIiIiIrI0KbEqsoLdHhxMdQgiIiIiIiIissIt1f1jlFgVWcGW6j9cIiIiIiIiIiKpps2rREREREREREREROZpcROrNuVxZWWw2TNSHYKIiIiIiIiIiDxFi5vpdGYr4STLXkaGg8xVOakOQ0REREREREREnqLFrbHqf0QwKw8cWWBTglUSs83xOh0FgwH8UxNMjY2kOhQREREREREREXmKFjexGgxge6SEk8xkGHGOzWhjzHE+uWuNqONzx5PMtdHHZ+lURERERERERESWDRU9FREREREREREREZknJVZFRERERERERERE5kmJVREREREREREREZF5UmJVREREREREREREZJ6UWBURERERERERERGZJyVWRUREREREREREROZJiVURERERERERERGReVJiVURERERERERERGSelFgVERERERERERERmSclVkVERERERERERETmSYlVERERERERERERkXlypDoAERFZfu6PjDBy/z5+vz/VoYikLYfDQX5BAQX5+akORUREREREHkMaJVaPk12/i4zYwxPdTJw6hC8VIc3C+fIlXGuup11cIvPXw3t1TbR7j3B6f2nE8SHaThxjYE8zr5RCT0sdjcS2ie2qhYNNUN+8nwStkh5Tlq77IyOMjIyQmZVFlsuV6nBE0pZhGIyMjAAoufrEzGdIS9/0Ee+Rp/A8SfpZJyIiIiIrQdqVAghcrWS0MfTnJH7KcB06hTPVgS2442TXd5Bdneo4RID2D2gbWgFjyqIYuX+fzMxMbDZbqkMRSWs2m43MzExG7t9PdShLnJVULT7C6eZm688RaKrjvZ5UxyYiIiIiy1kazViN5wKPTm0mu34XzmrwXUx1PCLLk9sNLWfa2HK0iqI450v3N3N6kceUpcvv92umqkiSbDabSmY8sWEG+sC7J3IOaSnf2ufmja4eXinV3FKZv9HRUYaGhpiYnJyzrdPh4Ctf+Qp5eXmLEJmIiIikkzRPrAJcx5iAjGf3AhcAayl+sfU/LhGlAlyvduCkG392GQ4XQD++xlomQl2VnSJ3exnmHKpR/B/v5FF36PhmgvcgY7XV773fMPqLN60L97Lq0GGrz1EC96IjnC0eqs+TtxUC90rIWG2eNgZOMvY+rDpklT3Y2kE2lTy8GxmbOXP3oRLJskiK9+yhuKmJf2jbwo+rZqY5Y0sB9LTU0dhunZyxpB/Cs4fYx9uzJE7nGnPmsk5veOmlGc8+9g+cs857qW8up7OuifaYtsnFKyIiS1chxW5oiUmiFlUdnf5S0FrCv3/fAC3nzAeL90gzFV3Tz4fI0gFDbSd4w2qHe7Zn2cxn3WzPm56WOn6FF9rb6Zu1P0knX375Jb4kv/Tw+f0MDQ0psSoiIrICpV0pgJkuYDwEW85m82X1eVzFw/iscgG+h2W4Xj0+3Xx1GbZe69y9EpzhMgLHyd5eRjBUauDqMI7t55meU5VHBu3muY+7MVbvCi/Td778Qxx0M9FYyWhjO6yO+J+mueKhBPv4SWvMfmzFP2RV2QUenfoNAUIJ1L2sqoyI7eNu7FsjYxN52kp55YiXvnMXmWvV5FDbCRoH9vF2czOnm99i/0AT70St6Tc/aH5S+RanE35wTDzmUNuZiGWdb7Hf3c6vIsdp74DXps811nVRYS3/9DLddu54RURkaSui6rV9uNubOFhXx8G6uln+nW/nE17jdHMzb+9z095UR2e5WTqg3gvtH7QxBNDTwhvniqkPPTc4xxstsU+qmc+6uZ43fe3wvebmOZ6Nki6mfIl3UrDb7axdu5ZVq1YB8GhiImF7ERERWZ6WQGI1muu5EoyBX4dnoU78oRtj9ZbpJOREd7hkwMQfujFcm3GUAdVbyIg4x8Vf458owR6ucTqK/w/WDNXu2wTDI+7FsSYP4267tVHVm/gGRpOPh37875szbbl7DyPBvWV4rCRw9yHGImfaiiyG0v3Ue9tpnPHhMdIQ1zr6cFdusT4UFlF1tDlixukAv7I+aMafhZr8mEVVRyNmlprLPKN492AOUcS6YsBbbs1QNWcuRcbr3VM1He8eL30d11BqVURkGSmq4sdWfdW397npO3eMg3WxNVa9fM96NhWZDw4qrMdM4cbwg4OervaIZ4r53KC9K+JLwHjPuiSeN+E+ZUkwEv1fOxQUFJCVlcXq1auTai8iIiLL0xIoBbAXWzYYd6+Hf7atPkxe/eGINqPYyjCTlg9vE/5+ufs2we3mTFfns4XgKsFV3xE1E9R4di/cTTT+ZmwuCP7xQviI74/DuNZMxzZbPMm7wKNTsOrQ4en4IksKiCyS0up9uI818V75WxTHbWEmOIv3zJY07QPc5izUquR2TJ51zJ4WDjaF1lO6cbvjXDwnM972pjrao457GQbNGBIRWYaKqo5yuspazt/UQkVzcs8j0xCDA+CuLEzQJt6zLvHzRpaXvLw8srOzAbh7N+EHCREREVnm0j+xWuYlIyKxaTw8jHH3JGPvX5jR1PV1IHs9TjATkmXrsQMBQsnQ6/GTlWXeBAHEqfH6bCFwD7NMwezxUD3z0Owu8OhUqI/jZNfvIuvlvfji9SvytBRV8Tf7Onjjg4vE/1thzgb9ZHAISuOlJb187+h+aKmjsaU8uVqmccccou2Ddtz7QrOBrCWX874hM17vnum6ebJ09bc2cJYDNNSUzOOqEbrOnOTKtsO8Vp7/1GITkRTqaeHgBxtn1C01Z6XOl7kKou9moq/f4j3rEj9v5iqzI+nNbrcTDJrr2bKyssjPN58n9+7dY2pqKpWhiYiISIqleSkAs/aoLXJ5/61+bMXfDc86db58ibz6iHqkoaX/gOvrZdgmruPvBi5eI+AqwxlKdpadIre+I1xHdXYX8N8djRjTLA0QMmc8STlOdlQsZjI3cpasyGIpqnqN/bTTHrv03jzLlkp31NLGnpY6DsYs5S/dfwRve1PMEsz5j2l+sAV6LkZsYjUfZrzhunmheE+0qRSAiMhyUVqOty+2Dqr5Bd3jLL8vLY9c+j97P9HPOj1vlqucnBzWr19PZmYmDoeDoiIz4f7w4UPGx8dTHJ2IiIikWtrNWM3Y2kHe1ogD937D6C/enH59sZaJZy/hqu+wNqUaxf+xWY/UBXBvGNv2DvK2A/TjazwUro368OP15G6f7t8YOMnDi8Acy/Z97+8k49UOnNaYgXv9kD13PIm9SfDeLpxbO8h99iRjH3dHxca93zB6MWEHIk+JWReupak9/tmqo9TfrOONunPmAfc+3j5aCj1dEa1K+dY+9zyWYMaOGXrdxMF2wHvErMWacAbRLD3HxouX+mZtHCIisnyU8krzWxSfOMbBuumj7n1vcTqZet8zutvP2/tO8EZdXagj3o67AiPmWZfgeaNyAEtXXl4edrudNWvWEAgEsNvt+Hw+hof1X1VERETAZhgLW2l9tLFyIbubF9erHTiJScTKkhDvtzD2UOyv6szzyV1rRB2fO55kro0+Hr995DVf/Uln/IHnqa+vj/Xr1i1IXyIL5fr16+Tk5s7eYKSLMydbuQmwsZxyuhiMWKrf39rA2VCevnx66X9UKQCrD2oO85qnlzMnr7Dt8GuYXfTT2nAWDjRQU6JSAJL+xsfG2Lx5c6rDEJEIn332GTa7Hbvdztq1a3E6zSkUwWCQ27dvh0sDhBjBIC+88EIqQhUREVnxbg8O4n68jVkSunXr1pxt0m7GqoiILGcjdP2rmRBtKM+H/lYazsLGbdbZrjOcHazhcEM5+VaC9My6mKToSJeVSG0wE6kjKbkRERFZAYLBIHfu3AknV+/evTsjqSoiIiIrV5rXWBURkWVlpJcrNzeyzWMlSku+Qc3G8El6r9xk4zYP5tkSvlGzkZtXeqdzp4P/HjM7VURE5Cmw2cI/hpKrQ0NDs29WFdFeREREVo5llVid+EWlygCIiKSzkUFuso6iuEnREQZvwrr4J003gY03af19/1MKUEREBDKtpf8hwWCQR48ezdp+lWt+W9eKiIjI8rCsEqsiIpLm8texkUGG4i7fz2fdRhiMf9JU/hKvvXaA8q6ztCq3KiIiT8lXvvIVXFlZSbV1OhwUFWlbTBERkZVINVZFRGTx5HvYtrGVK70jlJfnQ//vab0ZqrGaj2fbRlqv9DJSbtZY/X3rTTbWfJ/oUqol1Bwop+FsK1sbaijJL2IdNyP6vEoXUJ6iWxQRkaUvLy+PvLy8VIchIiIiaU6JVRERWUT5lH+/hisnT9LQCpTXULMRroTOlr/GgcEGTja0mgfKD5ibXMUq+QY1G09ytnUrDTVmLdaTrdF9Di7SHYmIiIiIiMjKZDMMw1jIDkcbKxOMZgdDu2jKTPF+C2MPxf6qzjyf3LVG1PG540nm2ujjBjZ7BkYwMGuMX/1JZ/yB56mvr4/169YtSF8iC+X69evk5OYm2XqErjMnGXypgZqSpxqWSNoaHxtj8+bNqQ5DRERERGRJulakxTwAAAEjSURBVD04iNvtXvB+b926NWebxa2x6szGZs9Y1CFFFltGhoPMVTmpDkMkTfXT2nCGrtC6/v7f03pzI+sS7FclIiIiIiIiko4WtxSA/xHBrDxwZIFNCVZJzDbH63QUDAbwT00wNZZg8x2RFa2Eb9TAyZMNWIv9KT/QQLzV/iIiIiIiIiLpbHETq8EAtkdKOMlMy60UgIjMLr/8NRq0s5SIiIiIiIgscYtbCkBERERERERERERkGVBiVUREFpTD4dDMbZEkGYaBw7G4C4hERERERGRhKLEqIiILKj8/n6mpKSVXReZgGAaTk5M8++yzqQ5FREREREQeg6ZIiIjIgiooKMAA/jgygt/vT3U4ImnL4XCQn5/P6oKCVIciIiIiIiKP4f8HYjOBhjTPMzwAAAAASUVORK5CYII=" height="600" width="800" />
<img src="data:image/png;base64,iVBORw0KGgoAAAANSUhEUgAABVYAAAJcCAYAAAASBf/6AAAAAXNSR0IArs4c6QAAIABJREFUeJzs3XeYVdW9//H32nufMmd6Y2aYoQ69gw2VAcEeNdbYYlDUeHPNTeINSW4wicj1JqTZ4i83ieZGgxi7KGoiRkEFK12kF2GoM2d6OW2X9fvjnBkYGBhIlGK+rzwmzNlrr732nvP4PPnw3d+ltNYaIYQQQgghhBBCCCGEEABMnTq1yzHGUViHEEIIIYQQQgghhBBCfKFIsCqEEEIIIYQQQgghhBBHSIJVIYQQQgghhBBCCCGEOEISrAohhBBCCCGEEEIIIcQRkmBVCCGEEEIIIYQQQgghjpAEq0IIIYQQQgghhBBCCHGEJFgVQgghhBBCCCGEEEKIIyTBqhBCCCGEEEIIIYQQQhwhCVaFEEIIIYQQQgghhBDiCEmwKoQQQgghhBBCCCGEEEdIglUhhBBCCCGEEEIIIYQ4QhKsCiGEEEIIIYQQQgghxBGSYFUIIYQQQgghhBBCCCGOkHWsF/BZqY81UNm8k62N29jRsotdrbupi9UTc2N42gOdGqjA05ozS07lthFTMJRky0IIIYQQQgghhBBCiCNzQgerCTfBqpq1LNz5Lqtq1lAfr8clGaIqFEopAJQCpVUyW1VgezYndRstoaoQQgghhBBCCCGEEOIfcsIGq2vrNvLUumdZUbsKNBgolGFgYQLJqlTXc8kN5OChabVbUErheA6jCkYwumjEMb4DIYQQQgghhBBCCCHEieqEDFbX123iJ+/9D7aXwDQslNLoVJWqpz0czyE/mM9ZpeNIeAne3f1BslpVazzghkHXYBkn5K0LIYQQQgghhBBCCCGOAydcutgUb+IXS+7D8RJYholOJqpopbE9hyxfBlf3v4JBeQNYtOt95m17Aw+NoRQJN8HE0gkMyC0/1rchhBBCCCGEEEIIIYQ4gZ1wwerLW15jd6SakBls/8z2HCxlcUXfS/hy+Zeoj9XzwPLfUdm8HcuwUpWsGp/pZ/KQa9p7rwohhBBCCCGEEEIIIcQ/4oQKVhtijby69XUChh8NaK1xtcvY4lO5buBV9Mwq47VP3+CR1Y8B4DMsNKCUIuHEmTzoegpCBcf0HoQQQgghhBBCCCGEECe+EypY3dSwhcZEE0HDj60d8gK53Dr0Rs4sPY24G+e3yx/mjR0LMJWFgYFGoxQ4nkOvrJ5cXH7Bsb4FIYQQQgghhBBCCCHEF8AJFaxuqN+I1h6OdjmrtIKvDb6WwlA+NdE6frnkQdbVr8NSPpRib+9VrdFovjXyG4R8acf6FoQQQgghhBBCCCGEEF8AJ0yw6mmPj2vXYCqTb464jXN6TcBQBlWt1fxiyQNsbNiM3/ShNaCT5ygg4sS4ffitDMrvfyyXL4QQQgghhBBCCCGE+AI5YYLVqBPFb/i4e+ydnFQ0EoBwpJa7P/g5O1t24Td8QLKfalu6GnXiXFH+Zb5Uft4xXLkQQgghhBBCCCGEEOKL5oQJVg1l8K1R/0ZhavMp27V5cPnv2N6yM7mZldKgdfuGVoYyuLb/lVw/+CuYyjzGqxdCCCGEEEIIIYQQQnyRnDDBapqVRpqV7JGqteYv655jcfVSAlYaMRyUVvhNP6XpJZzabTSnl5xK/5zex3jVQgghhBBCCCGEEEKIL6ITJljd15bGShZUfcTpZePpnVZA7/QSuqUXUZheREGoAKWMY71EIYQQQgghhBBCCCHEF9gJGaz2yCjmjxN+jnIdvNYarGgjOmGj3WpwHXQwB+UPHetlCiGEEEIIIYQQQgghvqCOn2BVe+h4C9hRCGSgfGlwkMpTX+MOvNWv4q2fj1O/g5jWyU2rDBNt+jHzyjDKRmGVV2CWDEcFMo/yzQghhBBCCCGEEEIIIb7IlNZaH8sF6NYw9uaFuJsX4tZsgUQUglmYuT0wSwZj9j4ds3AAWIG958Qa8Rp3opur8eorcXeuxN2zFq85DG0hKwAKo7Af/lGXYQ25COVPPzY3KYQQQgghhBBCCCGEOGFMnTq1yzHHLlj1HBKfzCXx/mN4DTvBMJK9UZWB9jwUHlqDMkzM7sPwjb4cq//ZKCvY6XS6tRY3vBFn41vY616HaDMYBhpQWmN2H0qg4t8xe556dO9TCCGEEEIIIYQQQghxQjlug1UdbyL+1gPYK14Cw0z+A+B5oN2945SBArTWKMDsdRKB8bdjlow45Pxeww4Sq17C/ugJtGujTAvtOqAUwUnfwT/6GjCOny4IQgghhBBCCCGEEEKI48dxGaxqO0L0xe/hbPkQZfkBlQxTNRilQzF7nISRnod2HXTjTrzwJtyqDckWAdoD00fwil/j6zuuy2u54fXE5v0Ub9caMH2gNdq1CZx2A4EJ3wZlfv43LIQQQgghhBBCCCGEOKEcf8Gq9oj+fSb2sudRvlTPVM/BSM8ncPZ3McvHH/iqv2vjNe7A2biAxIo56PqdYFqkfeVBrN6nd33JWCOxv/8cZ+0bYFpoACdB8Pz/wj/q6s/8FoUQQgghhBBCCCGEECe2wwlWjaOwjnb2Jy/hLH1un1DVRaXnJ0PSged13j/V9GHk9cF/2s2k3/An/Kd9De25RF/6ITra0OU1VTCb4AV3YQ2aBI6NApTpIz7v57i1Wz7bGxRCCCGEEEIIIYQQQvxLOGrBqte0m9iC34DlT36gAe2RdunPMQoHHtYcKr2QwMT/JHTlr9GRehIfv3h45/nSCJ73I1RRf3BdUAYoRXz+feA5R3wv8XicSDSK53mHHKe1JhaL0RqJEI/Hj/g6XUkkErRGIsRi//zctm0TiUSIRKIkEgkcxzno/R1ukbPjukSjUSKRCIlE4p9e47HgaY+qSJioE/uH50i4NtWRGrxjtE+cEEIIIYQQQgghhPjsHbUdnOxlT0G0EaxUtaoTw3fGzZilo454LqvfREJXP0TsrYfwj7kG5Uvr8hwVzCJ43p1EZ08BPDD9OFvew9mzGqv7yA5jq6qq+eDDD8nNzcH1PCrOPBPLsmhqauL5OXOYN28eTc0tPPTAA5SX9z3gWjt37WLhwkW8/fY7fLp1K7FYlPy8PIYNH8748RWMO+MMAoHAIddb39DA++9/QEZGBg0NDYw78wzy8vLQWrNi5ce89tprrPrkExoaGgiF0ijvW86ECROYeNYE0tK6fh4ArZEIy5avYMH8+SxfsYLW1lZQCtMwyM3NobCwG+mhEMFgkFAoRGNzEzXVYb71rW8xZPCgTue0bYcVK1fw1ttv88EHH1JXV4fWmszMTIYMHszZZ5/NKaecTG5OTqfnb6jfzEd7lpBhpVMbq2d0t5GMKTr0ZmUAH+1Zxub6LQTMADXxOi7sdTY9sspYumc5y8OrcLVDrj+HqBuj1Y7QlGjBxSFkhSgKdWNgbn+G5A8kbb+q6ZZEC99a8H1OKRrD1JP+A0Md2d9FaDT/98njLNz5HvdP+BlF6d2O6HwhhBBCCCGEEEIIcXw6KsGqbq0hseqV5AZSAFpDIB3/6H+8x6lVPoG0UF5yrsM9p3gwZq+TcLctA9NCKYX98dwDgtVP1qzme9/7HhoYO/Y0Jk6YwO49e/jG7d9k9SerMA0TZRj49wtHW1paeOzPj/P/fvv/8Pl8DBs2jJ49e5CIx1m2bBlLly7lqaeeYvz48cy4+266lxQfdK3RaJQ7f/QjIpEIpmny8tyXCAaD/PyXv+TJJ59EobB8FtrTxBMJVq5cyQsvvMBpY8fy85k/o6y09JDPYvWatUyfPp0lS5bQu08fbr3lFsaMGY1pmHy8ahWPPvoo7733HpmZWXzlK1/BcVxqwjU0NDYSj3devbl+wwbue+AB3nzjDUzT4rrrrmPs2LFkhEJs2rKZOXPm8ORTTzFo8CDuvusuzjj9wB65cTvGE+ufxWdYaK3pm9PrkPfRpro1zKx1T+JLfcdOLz6FHsCK8Cc8v/kl0sw0PDy+OuBqemT2IOHF2dzwKfN3vEPcjWEpH70zezL1pG/RI2vvs6uO1BD34ryz8z0u7XshA/L6H9Z62uxs2sUrW/+GpUzizolZtSuEEEIIIYQQQgghDnRUglWnai26tQ7lS1UDujbW0AsxMv+56j2zZPiRnWBYWAMm4W5b0v6zu+VddKwRFcxuH5YeSsfn82HbNv369SMSifIf3/wPVi5fTm5+Hk7CJp6Ikx4KtZ8TiUa57Rv/ztKlS/n5zJlUjBtHTm4OlmniuC5VVdXc/8ADzJ07lwUL5tPU2Mjjs/6M3+/vdKnpoXQKCwuprKwkKysLv8/PHd/9HhvWr2Pmz37GsGHDyMvNo7aulgUL3uK3//u/aO3xwfvv861vf4cnn5hNMNhJz1pgzdp1XHPtNTQ3NXPNNdcw/a6fkJ6e3n584MABnH/eufzgv6bx9zf/TmtLK/8143sEAoGDtgdYumw5N918My3NTQwcOIiHfvMb+vcrbz8+btyZXH/ttTz73PP8+Mc/5sabpvCH3/+OSRMndpjHVZqA4cc0DLTWmMp36N9pit/y4zf9mMpEofCbyedqGRZ+w4/GI8uXwSXlFxDcpyr10vKL+NXS37CtuZItzZ/y08W/5v7xPyMtVQVdH29Mtj5QMGfTq3z/lG8fdtWqpz0eX/c0CoUGmhLNh3WeEEIIIYQQQgghhDj+HZUeq+62xah9wiiNxup7JqCOxuU7MPL7oNuuqwy8lhq85j0dxhTk5+N4LgDpaek8/MdH2FNdzZ8efZQXX3iB5557lrvvnoFt761AbG5qpqmxiVdffpnLL7uUgoJ8LNMEwDJNSruX8NN7/puzzjoL0zRZsmQJc1959aDrtCyTtGAApRSWafKjn/yEgN/Hy3Nf4qorr2TQwIF061bI4EGDuP3fv8F9996L1hBMS2P58uW8Of+tTueNRqN87/vfJx6PU1BYyA//6wcdQtU2WVlZ/PR/7iE7O5u/PPkEj/zxj8nnZxgYRsevTV1dHbd/85vEo1Hy8vL5w+9/3yFUbeP3+7n+umv50kUX4bku37j9drZu29ZhTKaVjlIKrcFDk+vPOugz2lfQ8Ke+ThqlFBm+VOhtKJQyUCiUYRFzO1aNlmV25xvDb0ZrD5/ys7N1F6tq1rQf39O6JxnUGhbv7fmQLQ2fHtZ6ANbUrOPd3R/iN5Ihb3U0fNjnCiGEEEIIIYQQQojj29EJVnevAWNvcawyLIyc7kfj0gdSJsrcpwpSgxfe3GFIY1MjlmkSCASY89IcXnvtNZ579hkmnTWBXj17MnDAAK6/9hqKioraz0lLC3Lffb+mXyeBYptAIMDt//4NHNfD8lnMmTMH27Y7HWtZFqbPj1KKuvp6Vq9Zw8yf/ZTMzMxOx59/3rnccMMNRKNRAgE/zz//LI5z4MZcn6xew7q1awHFl7/8ZfLy8g663vz8PM6edDZ+f4Df/e737KmqOmCM1prfPPRbwuFqXM/jO9/+Nr169jjonEopvn7rrZiWies4/Pa3/9thMyxHO4ACBYYyiOvOn8/+QlZasiuEUqAUtk4G45lWOlp7uFoTMHz4jQOLtLtnFJPuy8DDw8BgW3Nl+7GmeDMeHmiFRvP0+hfw9KE3LQNwPIfH1z2NoVRb3kt9rOGw7kUIIYQQQgghhBBCHP+OSrCqW2ugvWJVJytGg51vXvT5L8ZLhm8kwzxlGHh1HasmNclQD6WoDof5/ve+T0nxwfuhQrLCc0D/rvtvlpaWkpuTg1IG27dvJxaPdzrONE3SQyE8zyMej/Pt//gPMjIyDjn31Vdd1X7umrXraI1EDhizePHiVMWpZuTIkQcc39/AAQMwDINYPMay5csPOL57zx6eevopgsE00kMhzjvv3C7n7N27F8XFxfh8fl57bR51dfXtx0zD2vul1BA0D73JV5uIl8CnzFT7AIOQmXzdP9efjaNdDKWwlEFnVdKu5ya/EiSrZPMCue3HqqM1oFNV1srio+plbGnY2uV6luxZzid1a7CUCSp5fkOi6bDuRQghhBBCCCGEEEIc/45KsJosJWyrSkwlWNH6g43+fCkDHJt9AzYd7xhA+nx+NBrXcSgtLeXUU075zC4f8PvJz89Haw/HcYgfIlhNCwRwXRfLNBk5YkSXc+fl55Gbm4v2IBJppaWl5YAxn27diuWzAEVmxoEtAPaXkZnZvkHYzh27Dji+cOEibNvGdV1OPvkkCgsKup4zPZ3yvuVorYnFY6xZs/fV+zQzmPymaI1GtwekXUkzg3h4aK1RKAKpHqutbgRLmRhK4em2itiOqiNhmhPJZxUwfIzpNgqAuJtgd+seTMMkGY0m/zN73TO4qYrYzkTtKH9e+ySWsjBVskJWKUU4EkZz+JutCSGEEEIIIYQQQojj19EJVpXZ8WfPxms+Nv0mdbQBve+r3J4HZscNktp6ozquy9AhQwjts0nVP8vTmmg00n4dy+p8/zCtk71ClVIEgkHy8w/+yv6+687Py0vFfxCLHRja5ufn47rJANJzu36lvaGhHmWoZJ9Rf8fn5HkeHy1ejGmaOI7DaaeNxTTNg8y0zzotKxkAa43j2DTvEwD7Ut8VDR02oepKhi+tfZMpRbLyFaAp0YJlWKljBtZ+rQCaEy3MXvc0Go3jOdwyZDK5aclqatdzqInWAnBR7wsImgEsZbK4aikb6zq2j9jX+7sWs7npU/rnlHNZ+cU4notCUROtJeEeXmsDIYQQQgghhBBCCHF86zzV+4ypjHy8hh2o9oBV4W77CF//s47G5TvwwptSe7SnamgNg/03eTdNE3SyY0B6ejqm+c/lz1prGhob2bRpM0/85Qmqq8MYysAwDfy+zne9V0rR2NyM3+/HMBTGYQSWnudhOzaGkdysKRA48DX6k08awx9+/3tMy2Tb9u1dzrlp4+b23qUDBgzocCyRSLBlyxYMw8A0Td6cP5+mpmbq6mrJzMomEPARDATxtEcsGicWjxGNRulWWMiSpUsxTZPW1gQtzftU1qbeyVep/3p244t0SyvANCyanRYMZRI0gxgYRL0YrmcTMtPYHalCKaNDuApgpOZr+40n3ARBM0BTvJl1dRt5fO2TfNq8jdxANpMHXc+5vSe2LyViR2lMNOF6Dl/qfS5+w8dTm57HMiz+uHoWvxg3I1XNulfUjjJr3ZNYyuQr/S8jZIV4euPzmMqkKdFE1I62V9MKIYQQQgghhBBCiBPXUQlWzW798bYvA5IhlDItnHWvo8f9GyqYfTSWkOTauNs+glQYltxUyEPldNxsSalk9Ko1GEbXgeb+6usb2LptK5u3bGHD+g1s2LSRutp6EokYfXr3IS8vj7raWswuKlbbqlYNw6C1k9f69+elzmm7h8xOerKOGTOGvLw8GpsaefONN7lx8tfwHWQNTc3NvP3OWyilKCkpZtiwoR2Ot0YihMPhZJCrFDU1Yd5Z+A6h9HTSQyECgQDxeBzLNPD7/TiOi+M6bN6yhV69etGzZw+01pSU7Ne/NtUC10DxafM2qmJhDEz8ph+fYeF6Hgltg/bQ2iPNSqMh3rj33APm0qmK0TA/fu9/yPZlUBWtoS5Wx8iCEZzdcyKnlZxEaUZJh1PD0RocXPxmgAx/Ohf2OZdnNs3BNEzW1W/g4/AnjC7q2Kf2lS2vsTtSxaiC4ZxcNJotjVsxUotqsJsPa+MrIYQQQgghhBBCCHH8OzrBaskwbP303g+Ugdccxt6wAP+Iy47GEgBwG3fi7loN+74Orl2M4sEdxiX7dKb+7B1+ELZz1y6eefZZnnnmGerrG+jXrx/nnnsuk2/4Gj16lFFaWkosGuX6G75GXV0tluUjEong93ddwajUgZsuHTAGUpW2Cr/fTyweI5usDmPycnOZMWMG37njOyxZuoRXXnmVyy+79IC5PK15+OFHqKmtxTRM7rrrrgOCWp9lkUj1iI1EIkz/yV2MG3dmh7UahtEhJG4LfoH2Pyc309pHarMoUNwx6nb65vTu8t5Xh9dy5/v/zQHJqgadCldzgnmAYmXtaixlYZkW1w64goH5nW86Vh9rwHFt8kN5GIZBQSCfc3pM4M0d72Aqkz+tmc19BUPwpVpJ1EfreWbTiygFNw6+DtMwyfRlglIowHYTNCWayUvL7fR6QgghhBBCCCGEEOLEcXSC1e7DwRcEz937qrcVJP7WA1jlZ2KkFx6NZWB/8jK4CbCCJBM3DcFsjP2CLs/zkq+Tq2TAeDhWr1nDlJtvpqqqmp69evF///dHTh4z5oDX8ZuammhtbQUgEAig9g8VU5RS7ZtGHS7TNPGnNrzy+XwHDWO/dOEF1NffzQMP3M+dP7qTpuYmzjv3XHJzctBaUx0O86c/Pcpjjz1GXl4eP/rxjzh74sQD5tGAlWplYJkmkUi00x6rbb1i2+/rsChc7eI3Om+VcKBkVeoBn6pkr1YPTZoV4ocnfYeHVv6BNXXrcFyHXy9/iF+cOaPTsHN36x48NLnBbAJm8vd4Vf/LeHvne2g0nzZt492dH3BWzwoAXtj0Co2JRs4oOo2Becmw1m/6CJlBYm4crT3qYvX0zu55mPckhBBCCCGEEEIIIY5XR2XzKiO7O0bv09DePjuyGyZEm4nN+xn6KGzo4zZsx17yFJh+2jpu4rmYpcMw0jvuZO/tW6V6GOFmU1MzU6bcTF1dPd1Lu/PE449z5umnd9rj1LEdHMfB8zQBv699o6z9aa1Jz0jHcZwD13QQhmGiANd1sSyTUFrnm24ZhsHXbvgqDz74G5Qy+NnPfsYNX5vMLV//OlNuuZWvTb6R999/n+9OncrLc+dy1RVXdBqIpgWDlJWV4rrJwHznrh1drrErer9X5R3tHGRkR452k39QbfOkqmF1skrWAGJOhOKMbtwx+t/J8icreasiVdy3/LfYnXwHd7TsxkCR7c/CSDXiLc3szkW9z8f2bCxl8fj6Z4i7Capbw8z99K/4DD83DLq6vfeqUgaZ/qzkN05BVaT6yB6IEEIIIYQQQgghhDguHZWKVZRJ4ORriGx8a58PNVh+3I0Lib/5C4Jn/yAVen72dKKF+Os/QztxlLlPBaR28Q0+v73naptkiKkAdVgVq2/Of5PqcDU+y8dVV15Fzx5lhxzveS6e52Ga1oGvwacopbAsH45t4/r9ZHTSL3V/8UQc27FRCkzDxLIO3h/2w48WM+Oee5gy5Wauvfor+P0+wrW1aK0pyMsnNzeHYDB4yOv5/X5Gjx7D8mXLQSnWrF3f/sr/P8r23GS1cOqxO+7hBasRN3nfmmSQaqdC/IJgPrZn4zN9KCDqxChOL+Inp3yf77/7EyxlsTK8isfW/IVbh09ur3p1PZc9kSo0mvxgfnuwCnBh73N4dds80JrqSDV/2/J3drbuIubGOL/n2ZTn9m0fG/IFyfRlUhWpxkXTnOi6V64QQgghhBBCCCGEOP4dlYpVALN0NFbZKNg/KLN82MvnEHvjF+hE5DO/rrajxF7/Ke7WxfuFqh6EcrH6jjvgnLbqUKXA8w4drGqtWbjoXQKBIChFWWnpIccn7ASO4+L3+4nGoh16ju6/hkQikWqdoAmFOq8+3ZfrONi2jWVaaDTxVP/T/YXDNXxt8tdwbZtvffN2evQoo6ioiGFDhjB86FBKSoq7DFXbfPmSi9EqGbLOn/8m1dXhwzrvYFrdaPIPSqFQNDuH951wvAQKAwPwtEfUjQHJClhN8nmaysSnkn+XMDC/P18feiNxL4Hf8PHilldZtOOD9vmiTozqSBiFQbY/s8O1umeWcH6Ps7G1i9/0MWvdU7y5/W0sZXFJ3ws7BMs+w0eGP5TsGas19fGGf/zhCCGEEEIIIYQQQojjxlELVpXpJ3DWtzsPEi0/9sq5RF/8Ll7Nps/sml7TbmIvT8Ne8waYHXt1asfGP/ZGVCe9NR3XSdUtpran70IikUiN1zQ1Nx1yrM/y0drailLqoNWqAI7j0NraimWZaA119V0Hclrr1Gv5yQ4GiUTnLRbmvPgitu1QUFiAz/fPFS0PHjSIcyadTTwep6Wlhcdnzz6i82tqajp8J/yGiac9FJCMRA+vz2zICqbaBiT7qSa85L3XxBrwGSZKJdsFtH0OcFHf85lUNqE9XL1/+W/ZXP8pAHWxehoTTSgDcoI5B1zvy+UXEjQCqU4RmoSXYGJpBeU5fTqMM5RBlj8LjcZQiqrWMG5b2wIhhBBCCCGEEEIIccI6asEqgFk6Ev/pN4Id6+SgD3frUlpn30JiyRPoln+8F6WOt2B/8hKRv9yKs2lRx0pVFHgORn5P/COvPMgEGk8ng7B4InHQqlJIvrI/ZvQoEokEpmHw9oK32vui7i+eSHD//ffjOA6u6x6yFYDjOMTiMZRKvtoejXZduRmLxYnF4niexjAUmZmdtw+Ix+NYlsXateuY+8orhGtqiEQiOI5DJBIhGo0Sj8cPeh/7MgyD6dPvIisrC9M0+eP//R9PP/tsl+dprXn2uef53R8e7lDhGXcSqNTr/JoDe64eTH2sERMD0GgNPpVsg+DoRCqaVSTcBMY+1zKUwa1DJ1OU1g2tPVzt8tPFv6Yl0UrCTZDwEiityEn1Y91XSUYxk3pMwPbs9k3OvjLgsg4tA9rkBrPRaBQGVdHqw25vIIQQQgghhBBCCCGOX0enx2o7RWDszbjbFuPuWo2yAuytSNRgWuDEib95H4mlT+EbcQlWv4kYOWUoX9qhp/ZcvMadONs+wPl4Lm7VekClKlX3CUa1C1qTdvE9KH96p1NlZ+fguA6mYeLYXW+sdeEFF3Lf/Q/gui6Lly7ld394mK/fcnOH1+nXrVvPjP/+b4YOHUrfvn3Ztm0rlZWV1NXX072k5IA5HdfFTtiQChkPVn26r1B6iEQ8jtYaz9MHDYQnTZrIbx56iEQiwZ3T7iQvP5/s7GwCfj8a8Pt8BIJBAoEARUVFDBk8mDPOOJ0+vXt3Ol9JcTF/fOQRvvGNf6Ourp7p06ezY8dOrr/2Gkr2u7eEbbNmzVr+9OifePHFF/nD7//Q4XjcjeNpD8swUdqjxY52ed8AlmFiawe/Sv4zcjkcAAAgAElEQVS+GxJNlNKduJsKxlUyWHX32wQsO5jFf518B1MX/gif4SMcDfP7j//EoNz+aK0xlXnQnrFX9ruEv1fOJ+7anNxtND2yOu+tGzADGBgopaiL1RFxogSsAzc2E0IIIYQQQgghhBAnjqMcrILyp5N22a+IPHEzuqk6GaZ2GKDA8qObq4kvfJjEu49idOuHWTwEo7AcI7sErGCyV6tpopurcOsqcXevxtuzFuKtgAKjk1vTGu15BC+Yhlky/KBr3L17N67jELdj2IlEaqOpg28EVVJSzK9++Uu+c8cdaK158MEHeHfRIk4bexo+y8fHqz5m2fIVTP3P/+Taa65mwHMD+K8f/pC62lpu/fptjK+o4Morr6R/v/L2OWPRGFVVe9r7pLa0NHf5bOvr60nYCeyETUN9PZFIlLS0AwPpIYMHc/999/Gbhx5i+/bthMNhqqqqkm0EANM0SGaRCkMplGEQCAS47rpr+c63v02okznHjB7FM08/wy9//SveeONNHvrNb5j15z9TMX48ffv0IZSeTmNDA4uXLGbVqk/o3bs3f37sz4yv6Njj1tMenvbQmGjAdjvvE3vAvccaU9WiKtlKIJUpGxg42iWgTOKeTX28gaxAx56pA/L6MWXwV3l07RP4TT+Ldn3Ah3uW4Df8eHhYnX2XgG7phZzbcyIvbnmV6/pf2Wm1KkC6lU5yWy1F3E1QE60jt5P2AkIIIYQQQgghhBDixKH0od5z/xy5jTuJPX07bsPO/V7V74TnQXL7HyAZ+KEUuq36MFWRqJSR2uypE1qjPYfAhNsJnDYFOPjO9Rs3buL5F+aQX5CP6zpMufFGAoGuKwxXfvwxj8+ezQcffEhdbS2GaZKdncWkiWcz5aYb6ds32X/TdV1eefWvfPTRRxiGwcknn8T4igpyc/f2e91TVcWsWY9TUFBIdXU1l1xyEUOHDDnk9Tdu2sScF1+iIL+AcE0Nt94yhfy8vE7HNre0cN/99/Pkk08ycuQoBgwcQElxCfl5eTQ0NFBVXcXG9RtZvnIFjuNgmibRaITrr/8qM6bfddCg2XEcPv54Fa/89a+8u2gRu3bvxnEcLNMkLRTizDPP4KIvXcQZp4/tdEOunS17qGqtwmf6cDyHolA3umcUd/nsNzd8SkuiBWUYuK5Dn+ze5ASz+bRhG42JJgzDwPVcBucNIGgduDFX3E2wrGoFISsNn+kn3QqS8FxanVb6ZPUiO3BgOwCApngzm5u2MrJg6EGD1epImO3NO/GZPlzPpW9274POJ4QQQgghhBBCCCGOvalTp3Y55pgFqwBeQyWxV+/G3bESLB+kemQeiqZjJLr/z51fKFmJGZj4bfwnXQ8HCcAOek2tD/o6eGdja2pqCYerSQuF6FZYSHp65y0HjpUPPvyQaXf+iPy8fO6+ezoD+vfD7/cfMM62bTZs2sTPf/4LPvroQ3w+P7FYjLkvvcSQwYO6vE5ra4T6hnoaGxtJS0ujID+frCwJFIUQQgghhBBCCCHE8e24D1YBdKyR+Ad/wl78ZLLydP/WAIc7D/sHrKl95V0HI7MbwS9Nx+p12j+/4BPc2nXrufiSSxgwYABP/eUJsrOzuzynqamZm26+mTVr1mDbCaZPn87kG244CqsVQgghhBBCCCGEEOLoO5xg9chKNz8HKphN8Kz/JO3a32L2GAWe015hekTz7PuDBlwbPA//6CsIffWPEqoC8USCu6bfhW0nmPrd7x5WqAqQlZXJ9ddfh23bmIZJTU3t57xSIYQQQgghhBBCCCGOb0d986qDsXqcgnnVMNzNb5FYOQd3+8pkwKpMtFJdv4qvNehUz1XDwBpyHv7RV2GWjv78F3+C2Lx5C6s+XkVWVhZ9+vQ+onN79uiJaZo4jkOvnj0/pxUKIYQQQgghhBBCCHFiOG6CVQDlS8MadCFWv0m4e1bjbPsIZ8u7eOEtyUpWndzASnkuGMkd4JObVSmw/JjdBmD2PhVrwCTM/PKDb2T1L6quro6EbeMPBA5rM64OFKA1lmXRf8CAQw71PI+du3ZhJxKkp6dTVFQEQDyeIFwTxnWTFcnZWVnk5OSgtaaqqppEIoHWGo3GNE26l5TQ3NKCY9sUFBQAUN/QgOs47T+3SSQS7N69G9d1yc3NIzc3p/1Ya2uEcDgMaPLy8tr7vNbV1eE4Dt26dQOgoaEBJzV3TW0tkdYInvZQKHJyc8jepz9sa2uE6upqDENRVFREMBjEcRyqqqpxXAd0st+uP+CnpLi4/S8G4vE44ZoaunXrht/nw7ZtqqqrKS4qwrYdwjXh5DPQmrS0NLoVFnb4SwXXdamqrkZrTUlxMYZh0NraSrimhrzc3PZ7cxyHnbt2UVJc3N4/NxaLUVNTS/fuJRiGkVpvFcXFxe2bkTU3N9Pc0kL3kpIOz9d1PaqqqojHYwSDQYpT95RIJNhTVYXWGjR42iMzI4Pc3Fz2VFVhKNU+trm5mbq6evLz8wgEAlRVV+O5LlonvzMZGekUFBRQVVVFRkYGGRkZAITDYdLS0nBdl7r6eizLQimFY9sEg2kUFxcd8vsohBBCCCGEEEII8Xk4roLVdlYAs2wMZtkY/KfeiG6pxquvxGvchY42JEMrO4bhD6HSslG5PTHyemGE8sA6wsDwX4jP78MyTRKJBA0NjZSVlh72uZVbK4nFYowaM5qB/fsddJxt2/xt3uts3fopubm51NXXM2LYcM6aMJ76+jqeff55cnNzwdM0NDbypQsuoLy8L3PmvoRlmmRkZOJ5HmnBIBdecD4fr/yYJcuXc9stN5ORkcHixUtobm7iyiuuaL9mIh5n7iuv0NTSgmmY1NXXccWll9KrVy/27NnDnJfmYpkmls9Hc3Mzl196KT16lPH+hx9SV1/P166/HoAVK1ZQU1vHVVdewVtvvc3O3bvJzcnGsR2i8Rhf/tJF9OjZg5qaGp59YQ5+n0UinsDy+bjumqsBeOb558nJziYYDOB5Hnk5uRSd1609uKyurua5F+bw1euvo1thIY2NTTz3/Avc+LUbqKmpYe6rr1KUCnrr6uoYOWIEFePGYRjJrh2xWIyX5r5MS2sLt06ZQm5uLu++9z4rPl7JmaefzplnnAHAxo2beOGll7joggsYNWokAFVVVTzz3PN86YLzGTp0KM3NzTz7wgvcetNNZGRmorXmb/PmsXVbJf926y3trSISiQR//dtrbN+5g5ysbMK1tQwbMphzzj6b2ro6nn72ObqnQl7P8+jbty/Dhw3luedfwHVdbr15CllZWbz19tusXb+B8845m7LSMp559jny8vIIBPzYtkPfPn3Iycnhb6/Nw+f3c901V2OaJm/Mn8/ggQPx+/0sWbaM1tZWEgmb3JwciouLKC4+97C/x0IIIYQQQgghhBCfleMzWN2H8qWhcnth5PY61ks54Q0ZNIic3ByqqqpZvnw5w4YOOazzYvE4jz/xOMpQ/GjanYesdl2xYgWVlZVMvuEGMjMzqaqq4slnnqV/v3KCwTS0p7nyssvIyMjg7XcW8s6iRZSUFOM4DmdVVDBo0KDkRBqUoQBNLBZj4aJ3ufCC81GGQu23TVlNbS3btu9g8levp7CwkI8WL6axqQnXdXnt9b/Tt08fJp41AcMwWLZsGS+9/DK33jwFn+XrOJdSqWtCwk4wasRwJowfj9aal15+mfc/+pDSslL+9tprDBrQn4px40gkErw273VqamspLChAex4XXXgBhYWFydvQuj0U3XsZhd/na7tke0Wq52lCaWlcfdVV+Hw+Nm7cyMuv/pWRI0aQk7O3Atfn8+GzfOzatZusrCx27dpFwB/A83RqHo9Vq1dTUlTE8o9XMmzY0GSVJ8mWGm/MX0B5eXl72NvWobi+vp7q6jDZ2Vms37CRU085GYDlK1awe/dubkz9Tnfv2s1HixcTj8dRgGkYXHnF5R2+F5FIBNNMVsXW1taSlpZGVVWYQMCf7NqR2jPvyxdflAzaUzzPw+/3sXV7JevXr2fIkCF4WuN5msGDBzNw4EDeffc9duzaydVXXonRfg9CCCGEEEIIIYQQR9dxH6yKz05mZibf/94PmPq973LvffdxyiknM2jgwEOeE43FuOvuu1m6dCk//OG09rCtM1prNmzezOiRe4PA7t2706OslPUbNjJ82FCUYVBfX08sFiMcDpOVmYllWQR8PpauWEnljh3J1/MLCznl5JNxPU2vnj3ZvGULlZWVZGZm0tTQ1OG6eXl5dCss4NnnX6BXzx4MHDCAvn370tzcTG1tLRecd2776/BDhw7lvQ8/pLo6jGF0Esol8z4sy6Kqupo1a9biui7h6jCnnXoKzc3N7Kmu5sILLsCyLCzL4orLLwOguakZ0zRZuOhdMjIzcByH3r16M3TI4PbplWGg0by9cCEBf4BINIKnNUopDENh2zZr164lEAiwZcundOtWSCgU2ucZg8+y6N+vH7v37KFbt0JMy6K4uBjXdYBkpWttbQ3XXXMNTz7zLHv27KGsrAxPe2Tn5OD3WSx6911OPukkLNNs3/nt41WrGDJoEOXlfXn1tdcYPWoklmWx6pPVjBk9mqysLGKxGKH0EBMmjMeyLLTWeNrjjTfn4/P5iMXjnDW+gmAwiGlalPctY/v27QSDQQJBP2mhIJ7npu7X4O13FhIKhbBtmyGDB9O7dy8Mw2Rgv3689c5CSktLSQum4Tg2SqlkGJz6XysVTgshhBBCCCGEEEIcCxKs/ou54vJLqaur5Ze/+hWXX3ElP585k/HjK8jJzu7Qy7O5pYVPVn3Cffffz/IVK7j77ruZcuONXW4i5joOltXxa2UaJradSP2keeVvr2EZBlnZ2e2hp+NpMtJDdCsoxHGSr3lDsrVAr549GDFsKG+8OZ+yslJMs2MFaDAY5KorrmDjxk1s2LiRF19+mfFnnkl5eTlAh4pRpZIVr57nYhgQ8O8TzmkwUnMbhkFjYxOfrFnD1q1bmVBRwYgRI6iurm6fZ39tIWN2Vhb5+fk4rkNmRnqn40LBNNJTx3Rq0zWlFI7jsmXrNjZv2UJJcTFfufLK9lA4OQZsx6Fnjx6s27CeVZ+spntJCfF4nLaEdO26dWSkp6O1Jj8vl6XLl1NWVoZCEfD5OPfss3luzhwy0tPx+/0YhoFt23yyejVjTz0Vv99PpDXKnj176NGjB4l4HF8qxNywYQOL3nsP23a49JKLCYXSUSjy83IJBALYto1lmmitcV2XPr17s3HTJhK2Tc+yHtTV16WqVTWe1mRnZ5Gbk4tt26SlBYFkH9pTTz6ZjZs38dY7C/E8r0MI3vbok593/C4IIYQQQgghhBBCHC0SrP6LMU2Tf7vt65xyyik8+thj/PjHPyGUHmLQoEHk5+XhoWlqbOTTT7fS3NTE+LMm8D//cw8Du9iwCpLBYGn37qxZu54xY8bg8/loaWmhcscOzj/nHAzDwFAGl15yMfl5ee2hXjwex3Uchg0dSr9UGNpGa000EuX0sWNZvXYtK1etYsjAQR3GrFu/nsrt2znvnHMYMWI477//PqtWr2HYsGH4AwE2bdrcvkHV9srtOI5DYWEh1eEadu3e3T5PNB5De8mQM5FIMGjgAM44/XTenD+ftevXMWrUSHJzkwHirl27yM/PR2vNa6/NY8CA/hQVFaE9zamnntK+idT+tOehlMFpp51KVlYW9fX1rNuwPhnKeh5paWl8+eKL2L59Oy/OfZmqqip69drbBkMDjuuQnZONZVosWbaMy758CZs2bsLyWdi2zZq161BK8fKrf8VxbHbs2EkkEsHn8xGNRSnsVsj4ceOY9/e/kx4KYVkWe/bsIRqNsWbdetau30Ag4Gf5ihX06NGD/v37s37jBkaOHMGIESMoLi7hL08/RSJhEwppUIrTTjutQ8jZ3NyM47rk5iZD05WrVnHZJZdQXRNOtQJI/m7HnnoqofS94bPrurieB0oxftw4/vjoY9iOQ7++fTo8AyGEEEIIIYQQQohjTYLVf1FjRo9izOgH2L1nD1u3bmP79u00NDSQlhYkGEyjZ88e9O3Tp71X6OE6ecwYNm3ewjPPPkef3r1Zu349hfn5DOjfj5raWjTJCtNgMNh+jtbJcG7J0qXs2VOVfKVdw8knn4RhKOKxOKZpcs6kSTw6axbxRKLDNUuKinnl1b8SiUTpXlLMshUrGTlyBKFQiHMmnsUrf/0bzS3N+Cwfy1asoOLMM0lPT6dP7168s2gRc195heysLFavXsPFF30JSAariXgcpRTjzjyTRx59lPnzF3DBBedz/rnnMveVVwnX1NDQ0MjmLVsYO/Y0dOqV/rffWUhOTg6u65AWTGPMmNHtFZ+e1mjPIxqNkZWVheM47SGj53m4roPruvTu3ZsRw4cz56W53DLlJjIzM9seFrFojGAgQGn37mzaspn8vDxWRiIUFBaybds2otEot91yC/6AH8dx+PPjs1n58SpKu3fHcVw812Xo0CEsX7mS2tpa4vE4H3z0EaNGjeSs8eNRSlFTU8OsJ55gfEMDZ5w+llmzn+DJp5+hvE9fKndUopQiNzcHz/PQ2mP+/AUEAn4c16W4qIju3bsTj8cJBgMUdevGnqoq8vLzaW1pxfM8kjvQaRa8/TZZWdm4rkNmRgZDhw5Fe26q5UA6Z00Yz19fm5c6J8l1XBzbPvIvvRBCCCGEEEIIIcRnyLz77rvvPtaLEMdOZkYGPcrKGDp0CCedNIaRI0YwdMgQykpLSU8/8DX2rgSDQfr3KycaixGuraVvn96cNWECgWAQ1/WwLJOeZWXtQWMb0zCxLItEIo7retiOTc8ePQj4/WTn5FBQUEAoFCI9FKKgoICiVAVq2zX7lZdTW1NLbX0dQ4cM4aTRozFNk8LCQspKu1MVriGeiHPm6WMZPnwYSinS09PpWVZGdThMNBbj1FNOYdDAgSil8DyP4qIicnNzsSyLsu7dqWtooKy0lKKiIkqKitm5axehUIgLzjuXgoKC9mAVBbadwLYdDENRVlq6d6MorbF8Pnr26NH+ir9Sil49e2JZFsFgGj3KyjAMg+7dS3Ach1AoRPY+FbCGYdC9pITMzCwyMjIoL++LRpOfl0c8Eadvnz6UlnbHMAwsyyInJxlcFhYWkJaWRklJCT6fj+4lJQSDQYqLi2hqbuak0aMJhUIYhkEoFEIpRWZGBnl5efTvV45t21SHw3Tr1o1JEyZQWFjYvgmVqz0c2yZhO4TS0igq6oZpGvTp3ZusrExycrLp3asXWmtKiovJyspur3C17QS242CaFmWlpRimSXFJMRnp6eTn5WOaBmWlpe1VwFprsrOzKS4u7rI1hRBCCCGEEEIcT8LhMIsWLWLBggXMmzePdevWUVNTQ3Z29j/0/8H/Wcn9VH5Iz5496d69+1G/vjjx3XnnnTzwwAM8+eSTfPLJJ5x99tnHekmfmddff73LMUq3JSNCCCGEEEIIIYQQ4jMXiUR44oknWLhwYftn+fn51NbWtv9cUVHBV7/61Q4bGH/eHn74YRYtWkRFRQVf//rXj9p1xRfDd77zHZYvX97hs9GjR/Pggw8eoxV9tqZOndrlGAlWhRBCCCGEEEKI49DaRyczs/Im7p0+ic6atHV1/JDC85kxdSEV905n0hGeHJ4/g6nbrmbWlMGf63W+KLZt28bMmTOJRCKMGzeO888/v8NeGtu2bWPevHksWrSIUCjEtGnTOhz/PCxcuJA5c+ZQU1PT/llBQQGXX345FRUVn+u1xRfH4MF7/x3wy1/+kh/84AcArF279lgt6TN1OMGqbKkthBBCCCGEEEIctxbyv48eGFKE589g5oJjsBxxRCKRCDNnzkRrzT333MNtt91Gr169CIfDrFu3jnA4TK9evbjtttuYNm0aWuv2EPbzMnv2bB555JEOoSpATU0NjzzyCC+88MLndm1I/oXAjPnhAz6bPPlROnzTw/OZMXkG+w3dT5j5Mw6c77iz9tED7+9o2vdZHtZz7dp7771HY2MjjY2NjB8/nnPOOYfx48fT2NjIe++995ks+0Qgm1cJIYQQQgghhBDHq54VVFR+wFoGs7c2LMyqhTBxYjkLKvcZu/ZRJndIWycybdYUBpMMrj7odROVjz3GZsq56Uf7VSWmzi2/6V6mTyoE1vLo5Jm0zzZxGrOmDE5Wqz62GZjJ5MqbuHd6Ca9MfoZe0ypYOPMxNgOUH6KK9hBrJLXOvYf3PRZm/oypPLY5dehQ1ziOzJ49m0gkwj333NNehTp79uwOvRsHDRrEHXfcweDBg7njjjuYOXMms2fP5rbbbvvM17Nt27Yu+0a++OKLnHTSSZ9b1WxBr3I2L1xFeFLb7y/M7spyyssX8MHaKbQVQYZXLWRzeQW3H++/5H9Rr7/+Opdccgn33nsvAK7rcu+997Jr1y5ef/11zjjjjGO8wqNDKlaFEEIIIYQQQojjVgnDKyr5YN9St/AqFlLB2H1zr7WPMnlmJTfdO4tZs2Yxa9Y0JrKAmftUuy54bBtXz5rFrFnTmZTX+bn7hqpMa5vrXm6qnMmM+WEKJ03n3pvKk0Fre7C5mcdmts09i2k9H2PqjPkcUBDXxRrD82ckWxuk5rn3pkpmzphPOBWqLqy4N3Ve6hqdVPIeT9o2qho3blynoeqgQYNIS0tj3bp1PPzww0Dy1epx48axaNEiwuHPvgpz3rx5hzVu316wn7XC4RWUb95Ge71s6vt8dUU5lbv33nPNts2UVww/7sPzE07hJKbP+mxac1x88cXYtt3hn8/jLwSOZ1KxKoQQQgghhBBCHMcKh1dQ+cpa2kr5wqsWQsXtFLBP+DV4CrNm7XvWYMZOhA7dAiaO5YCuqDXzmTFzAROnzWoPWsLzn2HBxGnMah9cyKTbb2Lh1FdYO2kKBZ2sceK0vVWngy++ifKpC1kVnsSkDks61BrX8spjm5k4bXp7kFY4aTqzJgFrH+UxbuLefZKgwVOmMXHyM8y/+Pjt3bps2TIAzj///PbPKioqqKmp4fLLL6dXr14sXbqUBx98sH1s2/hFixaxbNmyDud+FvZ//f9gKisrux70jyosoScL2R2GwYVAzTY29xzL4OEV8L9tlaxhdldCz7Ftv9yOFdQTp83iYC1+O1Q9pyqtgVS/31RVNeXc1Nb3t60P8E3/n737D4+qvPP//0qIC8ElQiYRhGCGLxmW0KV7mXgJCRNbrMX2WlHbrYTQXhTbz2evGvkRm5bP2oqAuMtnqWhATLvdeuF61YRkv9sidL8u1JXiDERcSK+rrgQzsEwkID8y4ZcmID/m+8c5M3NmMpPMwIRM8Pm4rihzftznPvc59zln3nPf97lTr75qrDhxwVpVqtZsnS1LS+5e0klEWBoR+QxrnT1TCxZ8pFddZVq7/D51bJyv1Qote+rtlao25+XGmzfruMcdGzV/tTRz5g7tMMssbF97MXv2bLW0tOjEiRPKzjZ+qens7NTZs2c1e/bsXte9fPmyLl2+HHP+LRkZysgYHCHLwZFLAAAAAAA+r3Knquyj35nDARjDAJRV5krvR1m2R8Cmt4QP6dXVhyTN1BxLkKqj7ZC0Y7Xm9xjDNVZiE5Vvjbbm3qE7dUhtHVLUKGy0PJ76WB9posqiLH/q44+kQztUPf/VHttdECNHqaCtrU2SwrrU5+fnq6qqSpLRojXQgtRms4UtY10/mQ4cOBDXcv0aWFWhps88pMb3T+m++3LV8u4OzZz+mJQr3Xmo0QjI53ao7dBMTS+UjEDjan20YK1euy/XPH9W6u0oQcNQq2cjOPv2ymqtfHutlt/XoY3Vr+rOp17T8kIzIFm9UXcEh5o4pFfb5ui11x4zW1ZXq3bBWr32Wq45/IXxo0KhWsLSUctGzQ9LJx6n9HatJY1Tb2tldehHgpaN1cYPCa/dp1y1aOP8HdLEeF4odq1526GP8o19Nfa9Vm9P7T1Y/Mtf/lIlJSVyuVw6deqUysvLJUlvvvmmDhw4oL/6q7/SL3/5y15br544fjzmvLy8vF5znEoIrAIAAAAAkNJyNbXsI9W+fUrLpxrdpnuMO2kJVs40AystG+drdR8pz3zqNU1/d75Wb5xuaTGniBZ0EZu61t24xjxKGjRjqlp1dHQoJydaZNl4a/q6devU1dUlm80WDLYG2Gy2uFuX9of+fHmWZI6z2mbs38cfTVT+g1Ig4Ppuh6SOd7Vj5nQ9JhlDBRyaqTnLzaOfe5/mzHzVDMxaUz2l912HNLGs0jxPcnXf8teMVtMtv9MOzdRThYEk5mjmq6uNMV1zJGmiFjxYGMicJmqiyqaaqdxxZ2gTLe9qx8QFWhtqnq0FE6vDxobtm5GvoI42HZJkhE5b9O4OaeZTgXO9UA8umKgd8YzM0Fveop+GppmaE4ii5uRromIH1Y8ePao33nhDkydPls1m0xe+8AV1dnYGh7KQpC984Quy2WwqKChQbW2tHn74YY0bNy4snYyMDGVlZencuXM9tpGVlTVoWqtKBFYBAAAAAEh5uWY36RYZwwDkKjzAeep9lw71EgyNzmhpanTdX62N043u1Tn5EyXXxzqlwjgDmWbr1MDCMVqf9ppHayvX3MhZd0rmmJyDKbCak5MTs4Woy+VSV1eXxo8fr5/+9KcaPnx42Hyfz6fC+CN1cUm0BWxbW1u/vcAqd2qZJro+1qlTH4f9UFA4faZWv9uiB/M/0kQj2moGHndodWQT6pmRTaI71HZIunNOz7Pk1McfSRPLojagTkSs1tMTg+MaxCdsuIKJEzXxOvPVZ96ud8dNTU1Nmj59unJzc3XlyhV95Stf0aFDh3TcbH06ZswYTZw4UVeuXJHD4dDIkSPV1NSkb33rWz3SGjlypM5/8on8V68Gp6Wlp2vkyJHJyewNQmAVAAAAAIBUlztVZarW6lcnasHaGAGcj0LB0FNvrzQCN70OBRBI+z5VLnCpevVGTX/tMRWarflq354aHM0Gw3AAACAASURBVGvROpZjNDsa39aDZovSlt+9qkMzn9LyyOhvr3k0WuZVW9IxuiVLT71mtLwLa1UbnJdIF+wbKz8/X263O2qA8hvf+IYKCws1efLkHkHVaEMIJEO8L66yLt9vLyLKvUN3HnpXHR3SoTunhwLmOfma+NHHel9S2YPWVpQzNSfqsbaeYDkyfhPoGeRMVnA+9447pYllcbSebtHG+Y3KN4crCAvsnnpbjTt6jvF6vXrNW5Leg3bw4EEVFxfrsjk+6vDhwzV16lRNnTo1bLnA/FGjRungwYNR00pPT9dtWVk6c+ZMcNptWVlKT09PTmZvkMGVWwAAAAAAPpdyNbVsojSxTFOjRHRy76vUAr2q6vnzNX/+fFW3zdHaBROlHe+qJZ7U76vUgok7tHpji6RCPbZ2gfRqteYH0rO8ICd3apkm7lit+fM3BtOeeWdbcNurP1qgtVFapfaVx9z7luupO0Pz56/+SAvWPqZC5eq+5U9p5o7VwfykelBVkoqKiiRFD2hu27ZN//zP/xxznnX9ZGhpaZHb7U5onUBQuH8UavrMj/Tuux9p5nTLUcydqjK55ProTt2Ra5k2cYca3w5EB1u0cf58rXw7Mlpo1JFDrveDccSWjfM1f2OLVDhdM7VD75on7Km3G7VDgTFcE8n2dM089Kp+FzjxT72tlfPna2OPSpaj/ImH5HrfyElH2yHpzjssAU+zdbbMHyIs5fLggona0fi2uQ/GS92CqeZb67Qx9EHiebs2p0+fVnp6uj777LOE/tLT03X69OmoaWZlZSnNDKSmpacrKysrOZm9gWixCgAAAABACip87DVZRmJU7n3L9dp9sT5bxpMMssyPSEu592m5NbHI9XvMj7Vui96VpOmP6bXHHutj2T7yKHOfoyQjFeqx115T1FkpKjc3V06nU263W2VlZWFd+1tajGhX5EuiAgFQp9Op3NzkDXxQU1NzTeutXr1av/jFL5KWD6ucfGnHq9KCB61Tc3XHnYd0SHMsQXMjsN42v1rBXu4znzJeZBXRFDP3vuV6qm1+qDv8xAVau9xI6bG1C7Syer7mGzPMoH2iCiPSkSYuWKuevyPk6r7KBXJVB/I8U0+9FhzgVXNmvqrVq+drh6SZTxk/GgSGwQjfh4maOXOiAsOeBsaGNYZFmKgFC2ZKwcauveQtCS1WT58+rYyMDF26dCmh9TIyMnT69GmNGjWqx7x0s+v/6c5OjRw5ctC1VpWkNL/f7x/oTAAAAAAAgMGoRRuN5qNRgkvo6urSk08+qbS0ND311FPB7v1tbW3at2+fiouLg9MCL7Ty+/168cUXewwRcD1+/etf9wjixuPOO+/Ud77znaTlA4mzDsMxkGMM/+EPf9CHH36oadOmJbTenj179Bd/8Rf68pe/HHOZ48ePa8yYMdebxaSrrq7ucxlarAIAAAAAAPSD4cOH6yc/+Yn+4R/+QcuWLVNZWZlmzZql/Pz8sCDr9u3b5XK5lJmZqZ/85CdJDapKihocbWtrU3d3d/BzZmZmv72sCoPfp59+qiFDhujKlSsJrTdkyBB9+umnvS6TikHVeBFYBQAAAAAA18jooo/Y8vPz9eKLL+rXv/61XC6XXC6j73ZOTo46OjqCyzmdTn3nO99JelA1lgMHDuj1118Pfv72t79NYBUxORwObdmyRf/1X/+lYcOG6dZbb9WIESN06623atiwYZKkCxcu6NNPP9X58+f16aef6sKFC5Lia/k5WDEUAAAAAAAAwA1w6tQpNTc3q62tTR0dHcrJyVF+fr6KioqSOqZqPLq6uvTLX/5Szc3NKioq0t/+7d/esKAuMBjEExAmsAoAAAAAAAAAFvEEVgff67YAAAAAAAAAYIARWAUAAAAAAACABBFYBQAAAAAAAIAEEVgFAAAAAAAAgAQRWAUAAAAAAACABGUMdAYAAP3H/6lPF9/ZoMvePfJ3ne5rafP/af2drRskTem33aHMh/9R6bkFA50ZAAAAAMBNhharAHATu7CjRpf2/0efQVW/3y8joHqzBFUlya+rZ4+p67c/GuiMAAAAAABuQgRWAeAmdvlwU1zL3Uzh1Ej+8ycGOgsAAAAAgJtQxqeffjrQeQAA9JfP4rzGp93MoVWJex0AAAAAINkyjO6fAADcvLjXAQAAAACSjaEAAAAAAAAAACBBBFYBAAAAAAAAIEEEVgEAAAAAAAAgQQRWAQAAAAAAACBBBFYBAAAAAAAAIEEEVgEAAAAAAAAgQQRWAQAAAAAAACBBBFYBAAAAAAAAIEEEVgEAAAAAAAAgQQRWAQAAAAAAACBBGQOdgZha61RZ45a9YpWWltl6X9bn0pplTSpZtVR9LZrUdW8An2uNltV7e86wV2jV0jIZWW5VXWWNVFWreZMC6+SpqnaeJsVMM/b8/tequsrNGp+iZX7D+Fxas6xeUY6uwVml2gdOpPT5mRjjPHVHm+WsUu28ATob6ypVI2P7PtcaLTvyyMDkpbVOlZvHW+r1jfa0hlf/tdKP1OiTxoZrmN+LB+o14i+lS2srdCGBvAyRpAvNuvDyE7qU2Bb7l3l/6sl5nddVSx0Ju8bjesW8lybx2mO9lkSZG3afHgg+1xotayoZsPMq3mPQf/n0ybVmmY48MnDHILmMc6o95nNyX/PDJVLuA3qvHNRiPQfZVXFTPOcBAPD5lKKBVZ9cm91yOp1y129Ta1k/BgBtZVpaW9ZfqSdHlC9+rXWVWrZGsR+A7e3avMal70fOb60zv9jk9V9+EZ+wcy/WF75JqX9+JiTalwfji8aa8fF9+Uu2SfNqVXvDt5rCcr+v4Q80qGubdWK5Mp8wAp3+G5GHB76gIakYULWKEvj0udZoWWXdtQdXW/fKTUC1//S4lxrX3cq6gfth53MnjmNgK1uqm+q219+aXlHd6KURzw4+udYYATx7nMlQ7jdKz+cgn2uNli2r0+gBa/AAAACuR2oGVn371eR16pGld0vuGu1tnadJEU8arXWVCjQYsjud1jlGa8iqEjXVmK0B7RVatXS0tgV/JbY81IS1WDXXrchTfX3g9+TrbYHUPyY9UCH7siPySTG+gJeoJK9J+31lYQ9vrXvNgHXUZoMpJKJFmDOilY/1+JsLGF/KWutkNAqyHDOfS2uWHdEj5rTwVjMp3krAen7K3I8qqSaw88FWrYGWrxHnax/lmBom6YEKu5Y17ZevLBBQMr5shw5TRLAporVvsGW7z6U1r0glefWqd0tyVmnV+M0RrXDCW44FWpmtGr/ZPC9qVNlubM9XV6nN46tU0lRj5sU4X0Zvs1x/wloDRbRGsQQRjBY+Japorw/uV3Bdy3FaVnlkQK85V095lD72aUnPhSYW3ash8urKBbsxfkzRy/rzmQ5d2TFL3c3mMgm0Sh32WJMyPm3W1fFFRqtUSVf+u0Rd26Rb5mzXsPEjJNk1rLpJt/x3ibq2lSvziSplDDMX7vx3nd/4XIzUB46t7BE56zfrhE+aZJP6Oh9eUYny6uvllnT3fXbtfds4MZZV1gfravj1ylq/W1VXuVfjK9pVX++V7BX6YUmTXjjyiKpUo9AlolYPnLCkERbYiqhnsp7PcdwPY9XDYP6i73vqsKlsaZWOVNao7u7AtbG3MlEf+yxJe8P2u8c1d6/lmtwjiB5eZpFpx7zvmfP2jq9Qe329vMH7mjU9u8IelVJGz2NgbTmpiHoSvV5E3sejnXu20HGtqbS04ow43tbzNPJ+MnWq9P5tYXVgoFsBS1JeSYna97Yq7EHZt19Ncsppd6vdunCP1vahOh1Z7rHuV6GyD90rbertmMRxLekrX7HunYHd7e18GATPQbYpJbLrSPBzj9bv1mdBX/QeE/aKVVo6elvseSn7oAsAwOCXkoFV3/4meZ2PaJImSU6pZm+r5lkeGFvrKlXTXqFVtWWyBR6KZVdJcAmv6jeXaFVtrWzmA/aySrsqVtWq1mauv61VZVGfrLyqbwqsa6RdU3d3Cn4h7NuUu/P0yn6fyixfdPe6nbq7SqkdWA0GR2uNh26fS2uWrZHLfFAOP/6B5QNfyu6WU+HB+ND5ZPniULs0tO6gaiXgVs3eKtXWzjPLpUaVbqdZVsb5utn1gCVYF7scU5exH00lq1S71AyF1lVqWd1osx62qm5ZvfKqarV0kozPlctUN7pW82ySvPXGurVmiNYV31ZtZUu1SuHdG32SvPWbVWK9diyrlL3CTL+1TpU1gVb1oYBtrSVAs8Zl+ULjrteRwPzWOlXWvCLXlKUqmzRPtVUa4KEATGff0ZXcRzRMCgZIbylwSKfekT/XbPvU/I6ulBRpSEG51GwMCzBsrF3+IzVxdvWX0sY75N9RovPNZjD1L+s1bFuFLjTO0qUH6jWioNNssWoGVbv+Xedffk4yP494TCkZXA3p+3zw1jcFzy1J+t4Xw4eDCA3bsjR0/QprEetW/ZEq1dYGgrVNxo+RVbUyLhFrtKymUm6nuYzPpTXLNsv1wFKV2cx7Z16Vapdagv/15jlpk3q/H/ZSDyfFURdSxiTd7ZQ2n/BJk9RHmfS2z2Zy7naNN4+pUf51uttyf3G7Q9fk8J4noW7btcHA9jKtkVFmvd/3zLTrj4Su95HpmQFh2UNPSqnDegx6nh+R9aT3+7jRUjNUjpZzb+kqKaxnSGQdiNKCOex+YpRp6PnCp/1NXjkfWTqw1+zRU1TStE2txlOzJOO5RyWPaHyTJbDaWqfKmnZVrKq1BDxrYj/jxrpfRbtX9vls1cu1JJ58xcqLTWZPrNB1Mmzbg+Q5yLe/Sar4fnzPoZPmGc+AgXXN+8QjZTZJvc0DAAD9Jd3v9yu1/j7UtnqvnMUO+f1+OWbNld29We90hObvdUvOh53K9vvl92fL+b25skvBNCTrfIeKnZKcD8uZbcx3FDul9uPqsCwffd1sFU63hy174/8kKXJah955pV5eZ7Eclnwrch1HsfKaPgjl/cO9cjuL5QguPnDHOfb2O/TOZrecSyqC++bPdup7c6X6bR8ax6/iZb3848AxMvbTGdx/43i7934YTO+DpsD59KG21Utzv2ddt0JLnG5tfqdjQMvD7/cbXaz7KCvJrrmzHGa5FGq6XbLPnWWWlXG+eo90xFWOqXPcjTpvn15oHJcPt6lec/U9Z3ZwGUfFEjnN60DHO5vlts/VLEdgfYcqXn5ZFY5QGU0vzLak37MOhdUXWedHLKso1w459XAgb45iOdWu44F8OZcE8xG4Nql+mz4MpG3Nt6NYTnl1pCN2PpNV5olp0OVTNqU/EPhcroxc6cpBT8Qy55WWe69ukSQ9rfTs87pyMIGxVzvfCbZ2vXTQI79sSiuKstwDjyhjmFeXgkHUBnU3Ncuffa8yoy0fQ3LLVYp2rD6sq5HbPl2F2fGeD8ay0dM174WWOpzt/J7m2kPXK0nBe2Vwfcs5ll04XfYe14zAOZct549f1ssVofWN5eO7H/ZWD/ve94H4i37M/H6/svMC1834yiR47Yi49kReL4x1jetDsDwtx9Mxa67s3iZ9YLmuha57DlUsccprllnv973AtkPPBP4P98ptvVZlO/W9ufaYZZA6xyByuch60sd9/MNtqvda9ts8pj8OfLaWmbnskuDxNp8nLc+c4feTiOeLjg/U5HWq2JFoOSTvzzgfs1U4vV17PwxM79AHTTLybd1fR4VefvnHwfMz+Hwc9f6nBO5XfT9b9XYtiStfMfNiPOuEnoMC6VXIkbLPQV7VL6tUZWXob1m913L++yOeS0LHukd6He/olXpp7rOWfYxnHn/88ccff/zxF/dfPFKvxWrrPrntc/Vs4Gdb2xRNt2/Su4GWl74Tapdd060/vtpG9zliqD1vEP9a616nJyJbmNrn6tmKvn7bnqTivDeCwwG07nPLWVwhaV8/ZTQZfGr3Su51T/Qc3D+iG6PP9TM9s8nbY/akYqe0bp9aKyZpkm+/3vU69fAkmeeOV+5nntCmiKTtc5O7FzdS3uho53b85XhjebUpavk/qx+bLSp8J9olr1vPPNFjKc2V5Gv3SnkPD1wLIXte1G37jALvWVcHtsCvyaWDHg39K3M4gKJ7NUQeXWyWMkoilhmfrSGSLhXdofQLxjLJdsttNumCR1esE5s/1tWZjuRvLBHeTVHOUaeWvGy0KGy93vMh2r1ONo1OeHjsPEW9RFi01j+hdcF82jU9nuz1Ug9vhroQvUwmadZcu54JXFedS/Ryn/dhK7vyejy7eNXuk0ZHK09bnuzhHblj3vci+U60S/bpCt/cTTC2eh/38Wj7HTupKMv28Tw5qdgpvXFCPk2Szdcur7M4JXq72KZMV/t2czgA3369q+n6nk3aH21hn0s/e2ZT6MWZ11stk/VsdU35Mp518h4eTM9Bds199sfhLWZb6/XEujfkmvXjBFrStqr+mU3S3GejrNPbPAAAkGwZ8UZgbwyfXG+4Ja96fmH1blerc64cfuuvtuGLhE+LmN8j2hwegY61rt/6q/z17t418PslOZdow9woQYQeeTLybc2zozhP67a3yjlX2ud2qniuX35PrPVvrGjHMMC5ZIOi77JfPtfzWt7gleTUkg0/kkMebVq4TsHj5iiWU+u0r3Wuso+/K6/zYUvLXrvKV/4o6oPmwNYFv6WFgnWy5fxU5Lnac53I//dWjgMjvPw9mxZqnTvUusjImyR7uVb+KFqXeL9Cp2+UfYhSn2PX4fCyDl8nYslo145o83upq7648pH8a03atazU/I6ulHxfmUXS5QKHdOoVXVLEL3HN7+hKSZXSH5BuuS20TKpK+jkf6xy1Hr9rPh9i3Zss24jnfmWZEbxWWNYx6p+5LxvKZPO59PzyPXHdD0NZiXkRj/O+dWPEqtuSEQi2jzOuQX2VSbbzR9rglOTZpIXrjOCxvXylfmS5qfjDC6zHtaVnFmKUpyWdjr7uexHr937dS+1jEHaeRT2nY9/HjaFfYu1j+Pnf2/Nd9HuujOcL7xv6oMOpMfvcchbPHeBnB0nyy59dqGntG/VOx480Zf+70rTHjNahUuj51+fS88sb5JXxbPAjh3kNkPoud+u2/BHHss9nK1/YumaWQuknkK/e753RSyf1noOiXAccX1W5fbne/aBDzriuJT65nl8nt3OJNlienwy9zQMAAP0hfaAzEMa3X3u8dpWv3KANGyx/K8tll1v7PJJsY5Qnr452Wtc7HtGmA0GOYjnd++Tx7DOGARjo/PQpW+PsUvtxX4z5Pu3f45VzyQZt2DA3xv6Y3fX2uYxli82lop07N62+yjE1OOauVLndrXXPuxTIqW1MnuQ9qliHKdvYMaXanqVqvq5Ngy6fkoYUPG0OAxCti78xHMCQsS/3ssz1u3TWJw3LDr7kSpJUdEeK3bx6uu7zIer1yqfjSbvZebTPbd5vo/6I0bve9m9w1QWP9rmlvDE2JVQmjrnasGGDVpbb5d2zP859jfbsYte47Bhl1nnUbL0Xz30vXLTrqC95J0+SWY9BH/q4j/d1/+hz2T6fJx0qdnq1Z7/L+LE6ZR6qbJoyTdqz36P9e6RpU3qWpW//HnmdS7RhQ/RA47Vv+vqera4vX7096wyO5yCruOqAJJ9roxq8Ti2JUmC9zQMAAP0jpb6b+vbvkdc+TT2eB21letgpufd5JDn01XK73G8EAjE+uTY2yNsjNRgcKna6tW6dOxRgTGk2lT3slLdho1zBZ2GfXM8v1POhCZYHZfOX+YhUHMVOyd2gBq/xpdWcapw76zYpNFqkR5sWLtQmj24y8ZXjwLOp7LFy2b0NWh44CI6vGsFW60HxbNLChcZxs5U9LKe3Qb8Pzu59v4wvz3u035ztc73Rs1tgMvbEzNdGSz58rue10BI0HkwuHfRI4/9aGfLocowu/pcOeuTPLup1meu2bbMuX7DrlseeNieUK7OkSGmWMVpT0fWfDz2vV4EvzA8nrW+nNRji0abl8d9Le6uHg6cuhFp2hWIQvZVJ5P3CCHjap02JOzDd49nF+bDKbNHOF482rXPLXv7VYCC1r/teGPM6+oYreOHTxoZUfFKKdgx608d9PHK/ZbR+XBjtJt/jXhN+TGLmoNgpb0NDyv1YbZsyTWpYpwZFeY4OsATvfa7nLcNdXI8kPFtdc74Czzq/D23b59LzC5+XyzdYnoMkeX6vBm8oUJ89zi659wX3yfN7y3XIs0nLG6TylVF+ZOltHgAA6DcpNBSAR9sbvLKXLwh1X7IoKJohrX9Drvur5XRWa3H7Ii1faLSQmlFeLrt3T2iAfimsq2SP7ovRuljGWjc4e4C6zlny1ttS1nxH5rmgaIbklooKzP2y7n8/5r33/HrVsHyhwtu42VW+olrOgnKtKF+rFZb59vIVqnZmy++XnAvKtWfFcpmHXzMWr1D5lhVq2Nuq8gLzUbKgSDPk1i77NPOlF8bkbPPcWbcw9NQ+Y/FLmlsQuxvZjRGj26/1/JTl3/7o64SdL72W48CczZH1S5KU7VT14nYtWr9Oz49boWqnTc7qxWpftE6hwzRDi1+aqwK/X34VqHxFudauWKiFwdmL9ZIzW6Eeh5ZtFJRr8YxFWm+Wg718scrt69UeqC+W60N24TTZG9ZpodvYnrU7ZCBd438RXav9fvn9gXyFzk3Zy7Wi2nhhRyhr0daVcc5612v5wj1GPUhS7OyahgKQzK7+RRpy6p3YXfzjWea6Naj7ZSnziSqNqP5rY1Lnv+t88GVW8UnqOR/XNTTR86FnutnOaq3QWq1YGDjTZ2jxS+VmPYjjftWjC631mlGg8sUztGjdQjNAZ1f5isWasWK99uzvkNPZV/q91EN/dq/7PmD3Urf1mhLI1gq95LSZ50dfZRI5X5Z9juhKHdyoLM8XdpVPa9fywPG0l2tFeUFo2y8t1qZFoTJL5L7XY9vKNq+jgXVmqLzcLuNRKZWPQfh5Jsu/g3vW6308cr9lnnsF8vulwml2NaxbKPeMxXpprkPO6hXS2hUKVbHFeilwTMKOnyXD5vOFigo0MPfSgIg6ml2oaXZJ08wXQYZ2wLi/OReofM+K4LOzZizWivItWtGwV63lBQr8Bh293MO3FXmvdPR6THq/ltgSyFf0e6f5rBM8iMa2ndl++bNT8Tko9vNvQfDab5RJoDxnLF6sGe4tkt+v1r3GtB5pzFisxYo97yVasAIA0G/STp8+nSqRVQBAkg155ev9mHq5Mp/4vtQ0K6Vbj0rSle+/OdBZAHBT8KhhcbOK1pfTKhAAAOAmt2rVqj6XSaEWqwCAQaXoXg2RRxdTPKgqDeyLSgDcRDz7tKu0SHMGrNcPAAAAUklG34sAABBu2GNNuiX7vC7vmNWPwwAAQKrwadcLz6qxrVQL19FWFQAAAAZarAIAEnZhY4kuDHQmEsC9DsD1yVbpkzUqlcLHPQcAAMDnWvpAZwAAAAAAAAAABhtarAIAbnrc6wAAAAAAyUZgFQBw0+NeBwAAAABINgKrAICbHvc6AAAAAECyMcYqAAAAAAAAACSIFqsAgJse9zoAAAAAQLIRWAUA3PS41wEAAAAAko2hAAAAAAAAAAAgQbRYBQDc9LjXAQAAAACSLe3ci/fybRMAblZXPhvoHKSGIX820DkAAAAAAAwiK47c3ecyGUpLuwFZAQBgAHGvAwAAAAAkWYYuXxzoPAAA0L+41wEAAAAAkoyXVwEAAAAAAABAggisAgAAAAAAAECCCKwCAAAAAAAAQIIIrAIAAAAAAABAggisAgAAAAAAAECCCKwCAAAAAAAAQIIIrAIAAAAAAABAggisAgAAAAAAAECCCKwCAAAAAAAAQIIIrAIAAAAAAABAggisAgAAAAAAAECCCKwCAAAAAAAAQIIIrAIAAAAAAABAggisAgAAAAAAAECCCKwCAAAAAAAAQIIIrAIAAAAAAABAggisAgAAAAAAAECCCKwCAAAAAAAAQIIy/P6BzgIAAAAAAAAADC4ZxFUBAAAAAAAAIDEZfpqsAgAAAAAAAEBCaLEKAAAAAAAAAAlijFUAAAAAAAAASBAtVgEAAAAAAAAgQYyxCgAAAAAAAAAJosUqAAAAAAAAACSIMVYBAAAAAAAAIEEEVgEAAAAAAAAgQYyxCgAAAAAAAAAJYoxVAAAAAAAAAEhQxlUiqwAAAAAAAACQkIyrDAUAAAAAAAAAAAnh5VUAAAAAAAAAkCDGWAUAAAAAAACABGVcZZBVAAAAAAAAAEgIL68CAAAAAAAAgAQxFAAAAAAAAAAAJCjjKm+vAgAAAAAAAICEZGRk3T7QeQAAAAAAAACA1PFJ34uk+f00WQUAAAAAAACAgOrq6j6XSb8B+QAAAAAAAACAmwqBVQAAAAAAAABIEIFVAAAAAAAAAEgQgVUAAAAAAAAASBCBVQAAAAAAAABIEIFVAAAAAAAAAEgQgVUAAAAAAAAASBCBVQAAAAAAAABIEIFVAAAAAAAAAEgQgVUAAAAAAAAASBCBVQAAAAAAAABIEIFVAAAAAAAAAEgQgVUAAAAAAAAASBCBVQAAAAAAAABIUEZ/JHr27FmdO3dOly9f7o/kgUEpIyNDWVlZuu2225KaLvUNAAAAAAB83vRXnCWhPCQ7wbNnz+qTTz7RiBEjlJHRL3FbYFC6fPmyPvnkE0lKWqWnvgEAAAAAgM+j/oizJCrpkZhz584R5AGiyMjI0K233qpz584lrcIH0qK+AQAAAACAz5M/+7M/U3p6us6ePXvzBFYvX75MkAeIISMjI6ld9i9fvqwhQ4bI7/cnLU0AAAAAAIDBYMiQIQM6NCIvrwIAAAAAAACABBFYBQAAAAAAAIAE0WcfGOQYBgAAAAAAAODGo8UqAAAAAAAAACSIFqvAIEeLVQAAAAAAgBuPFqsAAAAAAAAAkCACqwAAAAAAAACQIIYCAAY5hgIAAAAAAAC48WixCgAAAAAAAAAJosUqMMhdb4tVz6ZFWr8r2pwMhc0TPAAAIABJREFUjci2a8rX/0bfnJ6n4de1lcHAJ/faFWoYt1gvzXXEXCpmeWWM0DjHNH31b76q4tHXWFpd7XL/ukWj//arip2DaMy8q1wrqp2yxbkvAAAAAADg2hFYBSApU/ZpRRoXdkXo1tHmP2nP62vV3v13+ruZowcqcymoZ3l1n2hRi+ctvfrcHv3pf/+dHvtiVsKp+pob1PD+OC1OYk4BAAAAAED/SP3AamudKjeP16qlZbINeFYqVaMq1c6bFPbvxPjkWrNMRx6pVcKrXpNW1VXWSFU3ansYnEZr2tfnyhlZyeae0O9XPactW/4//cn5mL54y4BkLgXFKK+u/dr03M+1a+M/y/F0dc/5/cYmZ/VLct6ozQEAAAAAgEEQWE1Rk+bVqnagMwHo+ocC8Jv/9fv96pnU7brLOU5bfuPT2bN++QOBQt9+/dvrr2vXwfO6rAyNKCjSQ9/8pqblBbrA++Reu1KNed/Voow39fOdJ6UR92jBT7+jL6pd7sbX9eafjur8ZSljxDh98evf1hxn+HADXe179JvfbFFzn9v4gZ6b2qJXX9+lg+cvKyPzdn1x9oKI9LrUvuc3+s2b78vb2a3LirbdwP77ey3TXssrs1Dl//tLan5hp7bsOKwZf2MPzeujzDwNi/XSLknyav2iXdKMRVpf7ogz72ZZaI6WVztli7YvXfGVOwAAAAAAiM/gC6z6XFqzrF7e4AS7KlYtVVkg4NNap8oatzmrQlUlTao58ohq502Sz7VGy5pKLK1fe7bm9LnWaFm9N3raFpGtVzePr1Befb3MLct5XS1EjXwF0rJXrNJSMxM+1xotO1KiivZ6BbJpnd9jH5zOHq3YwvfRqaraeZoU3O5mja/IU329O8p8fB6d93VKul0yW6te8vyb/v7nO3Vu9D365neLlK1ONb/1G72+pkXeRT9VucMSptvzun4+eprKf/B1XerMlH24T+61a9TYWaAvffO7KsyWOpvf0m8a16j98k/19JeN4Qa6PA36+5d2qXucuY3LB7XzzT9E38afXtc/7slS4Te/rR9kdqv5rd/ovcYXpKx/1AKzie2J37+gNVs7Ne6eb+rbRdnKPH9Uu/7wppobX1B35go9Xpx4t/2Y7E7dn71TWw965ZNdtjjLbPSMH+jblxr1+nvZmv2D+zUua3QS8+6T++d9lzsAAAAAAIjf4AqsmkHVvKpaLZ0kBbrV17/i0pSlZbL5XFpT4w4FNVvrVFnjVbz9Y4OB19qlRuC1tU6Vy+o0Oo7Aore+SSWralVrM9OpqdPd1xSQNIKq7RWrVFtmMz8v0xpZgqfueh2pqlVtcB9fkWuKEQA2gqZ5qqpdKmN2pWoUKoLI+T7XGi2rrLMET72qbyrRqtpa2czyram7+xqGPMDgd0kn9r2uf97ZLeVPU2GWJJ3QroadOvfF7+q5BcXBlo5Tiov0xVef1q8a3tOXn/6ygmG6y4X69qJyFQcbmbq1p0265weL9TdTAisXKrP7aTX+ySPfl0fLJq/e/NUunc//ppZXf9n8EWSKpkwr0pbn1uityG2cz9ZXl1fry7ZAXkbrlh++pF0tXi34okOSV3/adV4jZjyuH5Y7zPjwFE0pGq1X/8+v1HzwhJTMwKpGKHu0pJYT6pRki7fM8qaowD5Cem+07FOmmC+vSlLefS1xlDsAAAAAAEjE4Aqs2sq0tLbMOkFTSuxSk/HJt79JXnuFvh+IAU56QBV2t+rjSrxV2+qlilWWsVwnzVOVs1KbXQ+EtQiNyvlIsGWrbUqJ7GrSCZ80KcFohc+1WW57hVYFtzdJ86qcqqzZptayeUbe7BV6ILiPd8spt474JNl82t/klb3i+8GA7qR5VXK6ayz76JWzamlwvq3s+6poWmbuY2BXAmUQKN8T8mkSgZcUdd1DAfglqU2NKxerMdoCI6bqu9+doWy/X37ffu05KY0ulLz794ct1pWRJZ3cJ0/Hl3S7zcxTfqHyMy1d5keMUHaG1Lx1kwpHfF1T87J0izJV9L/WqsjMjN+7T+91S3fdX2psM7iFcfrS/QV6q+4P+tPxL+n+0eaccUX6y2xrt/xRGjdOUvsJdfgLZFO+7l/+f3V/IP3AYhljVTBOau7q0md+v24JzPH3MRSAX5bloi2RqRGjpOBwAXGXWcQwA0YBJpZ3yVw3Yl/iKfeYewwAAAAAAKIZXIHVoPCu8rKXSJJ8R7xS3iOWAKAZGDwSR5K+E2qXV+5llT0CsfaKZOQ5Pj33QZJtvOzx7YSM1a1r2zQ+UAS+E2qXXSXhiWt03vXnG4NdpvLvuSvsLffKzJPjiwWaah+t4DurOk/oqCTt/Bf9Yme0dM6p3WimGd0tX9Tsb09V2+u79S8/2y1lZCrbPlX333+/7iocbbTmvHRJ3cpW3uieb8rKyr5d0kH5zknBJqsZ8b5R65K6fCd09ORJnfS06E/vv6+DJyXpvM71kuXEndPJo5aP11tmkq477/GUOwAAAAAASMggC6yGAqp2s6u80X0/WenHHlMVuLndrmlfK9eMOM/90oXrVO64ti3Ziv6XlhedU3vL+3rvD7vUfPA9Nf7iPf0mf45+8sMZ/dIy2tf8K214/X11Gm9+UnbWaOXfdY+m/nGn/pj0rXXqxElJ+XnKtky91jJLVt4HotwBAAAAALiZ9UtgNT09/ZrX9b3zj/rpkW/oF982O6unp0lpaUpPT1d66z65J8zT3/+fe4NBgPS00PzcOydITSd1On1ycP7pdq+Ulm6sb1nWyGG60owMKz33Do2XV+2n05WeG2O/jIXNtKL/O7BgmtKUlp6unkWRrrQ0xZinqPug0+3yKq3vfUjPlbH6aaVPDpaAjCKItY8+nTwqpd1p5D+UVs/yvfajiv50vUMBBNNRrK7tFiOylS3pgPe4/AW9v/Ao0K09ejfzERo3uVTfmFyqb+iSTuzcoNW/3aqdh0v1jYxblKlOtZ/4TP7bw1ujnus8KWmcRptd/2NtI2z6ufdU9y/vq/uu+XpmXpGyg0me0Ft/3Kk/WtYP9fLvu0xjlpe3We91S7cXTTSGMkigzGQdZkCSEs57X/vSS7nb+9xlAAAAAABg0S+xMr85rt+1/GWPzpNc/6UPzc8f/pdLyhttBCj8kg4fUUdg+Q9f10/rDiswJmF22SMqO1yn//gwNP8Fl0LzR+dJh5v03x3G546dv5Ux2y+/36EHKibI9cLrwW37/R/q9R/8QK8H0lMorZj/tozPGHM/g9uMsv/mPvxqZ0coDy+4NKHiATmCYzr23JaRXrbKHinT4br/CJXf6y/0uo8dO3+lusNleqQsOyKtwF/P7fF3fX+D2uip+tLtUud//qdauq0zutVS95R+9FSd3u+OtbJ0qeW3evapZfqt1zr1FmWNsLyAyX6X7smU/vjWbnWGrX1UO986KI2YrIJsxe+kVwclTb3HGpiUdPQ9vdcZa6Vr1N2ixld2qjtjsr52lxlEvZ4yS1Le4yp3AAAAAACQkNQbCmDSPD1Z9rhefNxlfJ5QoeeWToo978kyPf3iu/rAd6/utU3SvOcqtObpx/W4JKlMZWWSKzLtpx9XvaQJFU+qYsKLajdn2+5dqifbLelLKnvy55o3SUnnevHxUL7CtjVJ837+pOoef1qP1wd28zktvTfOjrqT5um5ijV6+vHHzXUrVGYZNdZ271I9p9B8qUxP/nye+mEXcVMarXvmlOqtDbv1T8uO6ktzHtTkjE4deO8/tevAJY179Guamhl77VsKpmpyxk7t3PAznfval3TPuBE6f3S3dv7H+8rIf1RfskuSXV/7fqmaN/xW//Czo/rGV+5S9uWD2vkfO3Wgc4RKF96vcYlk+fYCTc7Yrfde+Zky5zyoySO61fnHnfpd81FduuYr4Em99x+NOmpZv/vk+3r/4Hld1giVLvyuioIxy/jLLDMzU9If9dZbBbpUWKDCJOU9vnIHAAAAAAAB1dXVfS6T5k9yE7rDhw/r9ttvT2aS16W17nG9qCf18/6IjgLX4OTJk5owYUJS0jp8+LCysq6v1eHBf31SL+/O17eWVWlGnC1Bu4++p9/+9nf646HzuqwMDRuVr3senadvFAYS6NSumlX6f/UtLauaETbWqLoP6q3Xfqt3Dh7TeXPc0ImlFZr3jcKw5SK3MWJiqR559GsqGp3ZxzZ6Tu8+ukv/+trv9P7JC7qcMUyj8u/Rg49+Tdm7n9W63YX63j/M19RbzPXGPaEXHy3oo7x6Ts8YNkr5haX6yoP3qzBKOfZdZpK6vfrdP/2TdrZd0OX8b2ll1Qzdkkjeg/scZV/iLHcAAAAAAAaTc+fOJS3OYnXs2LE+l+mXwGpuboxBSgdAa12lalSlWgKrSBGnTp1KqcAqAAAAAADAYDWQgVXeRwQAAAAAAAAACeqXMVZT6QU9joqX9bJSK08AAAAAAAAABjdarAIAAAAAAABAgvqlxSqAG4fW2AAAAAAAADfeTT8UAAAAAAAAAAAkG0MBAAAAAAAAAECCaLEKAAAAAAAAAAmixSoAAAAAAAAAJCiFA6s+udcu0qJFob+1bp9lvkebFi3SJk8CKbrXatFat3x9LunRpkVrFdhc/OsBAAAAAAAA+DxIzaEAfG6tXdkozVmu9T+0mRM9ali8QovaF2l9uUOSP7Axxbu57Bk/1PoZ5jq9LumX5JffTDv+9QAAAAAAAAB8HvRLYPX6+OR+1QiqVjttlukOlS+fo/aVW+S+v1rBWc0NWvzSLvPDDC1aXy6HJCMQ26xxc9rV2Ngm5c/Rkml7tG7PNC2vdsomydOwWMFVg+t61LD4Je2SpJWLdXTRet1/Yq1WWtaTx7rN8O363Gu18ug0zWlvVGObMTffui9m0NicFT4vsH5jcK7mLA/sq0cNi7do3Jw8NTZG218AAAAAAAAAN0rqBVZ9LdrTlq9pC2w959mcql7vDJu0q32clq9fL5t8cq9dqZcaiswWrZK0S41HF2n9euOzz70ntBn3Wr3UPkfL1xvBUp97rVaudWt5tVPl6xdJi7donBnU9J2wbNDToMUvtWvO8vWWgOdL4dvd1aiji9ZrvSOw/KtyF1bLafOoYWWj8hatV7UjsO5KNYxer3KHmYc907R8fXUogLuyQaODwdM2Ne6Z1sv+AgAAAAAAALgRUm8oAF+72jROs7P76uJvdMsvnT1D2X6//MrW5Gn50p4T6vAXyBaYf1dBMD+B5Kz585vd+7Nn/FDrgt39zS7/5lAA1vX8BXO0bp25fb8kFeiuUmmX3x9MS/lz9JUCc37BXSrVLrX7/PJnh6crFWjOunVmWh79vlGa80xgfyQVzNHC0iXa4v6Kfjijr/3F59GwYcN0/vz5gc4GAAAAAADAgBg2bNiAbTv1WqzeILYZs1XauEHPLmmUlK85z/xQMxKJTvp26YVnQ136VRrPSg7dPydfz25Yot2SVLpQ6wKtTX0ndVRt2v3sEjVGrJU/J4F84XPlwoULumPMmIHOBgAAAAAAwID4+PjxAdt26gVWs/OUrz066ZMc/doM06HydetULp92vfCsGp9dokaVauG6PsYstQRUSxeu0w8dkqdhiTbEuVVboGWsp0FLNmzQkt1S/pxn9MPJUu8B3s6E9g4AAAAAAABA/0m9oQCyJ+ue/EbtafGpdEZ2xMyDaqzaIC2s0ZyC4NZCQwb4zf8EutLHNT9bpU/WqNRMu9kzRwUFwTWNdS3r+Vr2qK10oWrmFISnHdjvqNtQj2VVMEc1NXPUuetFPbunRb7S0RqnNrV3+uWP3O1Y6cTcFgAAAAAAAID+lD7QGegpWzO++6j0r8/qxV3WVppG4HN3/qO6vyDmynHr3PWiql7cFWoHerBZu1WqonjSPnoiuF7nrhe1YXe8Wz2oxqoqNR4M5kIt77Up/55CZatA9z+ar90bGnUw5vIAAAAAAAAAUkHqDQUgSdkz9GTNaDVWPauqfw1Nzn/0GdX0aMV6rZv4rh5971k9G9xAvh595kkZcdUCFZW2acOzVXrv0Wf03d7WK12oZx7dqmf/tVkH5xSo99wVaM7CUlVtqFIwFlu6MLhP2TOe1MKjVdpQFYrUloa1zgUAAAAAAACQCtL819Vvv6fDhw8rKysrmUkCN5Vz585pwoQJSUnr8OHDvLwKAAAAAAB8bn18/HjS4ixWx44d63OZFBwKAAAAAAAAAABSG4FVAAAAAAAAAEgQgVUAAAAAAAAASBCBVQAAAAAAAABIUEZ/JJrk92EBAAAAAAAAQEqhxSoAAAAAAAAAJIjAKgAAAAAAAAAkiMAqAAAAAAAAACSIwCoAAAAAAAAAJIjAKgAAAAAAAAAkiMAqAAAAAAAAACSIwCoAAAAAAAAAJIjAKgAAAAAAAAAkKCPZCQ4bNkznz59PdrLATWPYsGEDnQUAAAAAAABcp6QHVi9cuKAJEyboQnd3spMGBrUrV67o1j//cx0+fHigswIAAAAAAIDrxFAAwA2SlpY20FkAAAAAAABAkhBYBQAAAAAAAIAEEVgFAAAAAAAAgAQRWAUAAAAAAACABBFYBQAAAAAAAIAEEVgFAAAAAAAAgAQRWAUAAAAAAACABBFYBQAAAAAAAIAEEVgFAAAAAAAAgAQRWAUAAAAAAACABBFYBQAAAAAAAIAEEVgFACTfyTe1/Z8+iDKjQ3u3b9WWrRF/Lo/kcWnL9n3qiHcbHfu0batLnsjpHpe2bN0qlydiWiJpA6nOPM+3uMJrQMe+7Zbz3yPX1u3aG3nix6wPoeU79m3vkXbv2dmqLRH10ePaqm37qHUY5Pq4n13/OR6jngbul2F11ZiWQNUEAAD9LGOgMwAAuLl0bPuxmnZIIyfcqe1/87Ym/NsiOSKWGTq2RA8U50RMdeihyAV7c7pLF3ubfXifOhzFitwKcNMYOlRDzxyXRw6zjnXI67PWCofKZidSqa7XGf3Pvg45etRtYHCK5352/Rs5py5JmbHmXzymFk+xym5kVQYAAHEjsAoASKqcB36m2eNe0tZfF6jk374ef2DT49KWw8NVOitf3u1N6s4cqdNnujW2ZJZua9mqljPmciMn66EyyXXAmNDi8sjR4xvnSI21+bRvX0eUAG6H9m5v0rFA/GnoWJXOKpb2bdfuLpvGdh8z5o2crNLhh7Xb+KDC2WVyyGjJtzuw8sjJeohvuxgwNtlG+nS2Q1KOpI42+TRSo4YGKotHrq2HlVkyS3drn7Y1HdNFSaNGjrSkYakPI0dqVLTNdITWtdaFHkaOlc3XrL0ds3R3j2pnTSPw44q0d3uTum1j1XXMzNvkEmUebgrWwUD98rhC14DoP8wAyXfN97Oo53tO+P1j6FjjftdsLHeseZ86ZvX8MXDo2LHSAZc8jij1zuPSlgNngh9HTZ6tModZ78dm6tixM5KGamzJBHU3HdBpWeuPR66txjRjmSj1FgAA9ImhAAAAyXXyTW3/dYFKvnNQTVG7T0oXjzVZhgKI0p1f0mmN0UOzjYDQ/5wZqcLZs/XQ7Mkadeaw9nY4VDZ5pKSRKowR2LyteIKGH2vpmXbHad1WNFsPBdK76JM30M/yjE8qmq2HSsZq6JkD2qciYxmd0XGPJI9Lu302lc6erYdml2hs9wG6ZGJA3TZc8rUZJ3BHm0+yjYnS8q1De5uPSWNL9NDs2RqjUCCmY1+zjmmscU6PkRlksfLI1eSTrcSoM6Vju9US86TP0t0TMnWspef8jtNZKp5t1rvJI3XR1xbs3nzaJxXPnq3SsUN1+kCzUQcnj5TOHJdHxo8ZLZocrLPDjzVH6TYN9IM47mfRRD/fPWo5Jo0tMe8fOqYWT47uLhqroRqqsUWxeljkq3Bst/4nypADHo0x64VZf44H6t5FHesy5hWOvKhjTcc1xlzGyEuH9m4/IE0O5DHTCOxeSxkBAPA5R4vVm4jf79fp06d14cIFdXV367PPPtPVK1d0+fJlffbZZ/L7/RoyZIiGDBmiPxs6VLcOH65b//zPlZvDz9MAkuj2r2vW/zX+Ofsvoy8ST4uzocPNtnM5+bINbVLL1q1qGTlZD82eZUzvGQGK4FDZ5OPatq9DjizL5ByHHGGtVoeGAlFDbbLnSFKWhsunzHwjj5lDpW5JHee6pYtntHvrsVB6xz2Sg1arGBij8m1SsxGk9PokW9EoyRex0Nk2+S4Olc08nx1jRqrlsBQYOmCoLd8I6DjGaNSBw+HrdpxTly7qdNNWbQlOtA4/EMFRpsLj27W3w6HbLJNzHI7wVnxDhwfnBbeflSn5hpt1cLiGqkuSdLrronTmgLZsPRBcp6utQ+L5Bf0tjvtZNNHPd4fGjDyglqat2jJ0rEpnzTbO+ziimTnFRbJtb5FHhWHTHQ5HeKtVS2P0UWOMGjpq+FBJY4z6mpVpXh9Oq/uidPrAVm0JVqtuealWAAAkjMDqIOb3+/XZZ5/p/PnzOnv2rD755BNduHBBfr9ffr+/5wppabp6+bIuXbqkCxcu6NzZs5Kk052dGj9+vDIzY47uBAADKEd3z5qtQLfFLVsPGN0d41nVUSjb9mbttbbhM7+Ejpo8Ww+ZXSYTQvd/pJKcfNnULK9H8smm4hzJm/SN9NL9PwpHoU3bmvcpvNptVYvZ8tzhcWlLgtWO7v8YTGKd746y2cEf9nZvPWac1/nxpJijuydIW1xtGhucZv5AqLEqnV1mDmeTSC7p/g8AQDIwFMAg4/f71X3hgk6eOqUPPvhAzc3N8ng8OnnypLq6unQ1RlA1LS1NaZLSjA/BaZLk8/nU0tKijo6O6AFZABhIHfu0bfs+dcihstklGjs0kZVzdHeRTb5jZ8InDx2rQockz/G+G75aU8vKlM4cNrshJ+uN0MD1yJHdJvkO+3QxMyt6V+Lb8mUbejE4ZIDn+BnLukND3fKj1YecLA03X0olGd3yw99SHi1LxSq2+dSz2hXKEbb9+IwaPlQXg8N6eOTaylvRkfp6nu8euba65DF/LCwc2dvaUTjKVKhjofHBTaMmFCunx4vr+jJKmUMvhobt8LhiDssDAAB6R4vVQcLv9+vcuXM6duyYzpwJfSEJBEf9fr8RMDUDo2lpafLLDKQG5lvXSUuT1WeffSaPx6PTZ85ofF6ehg0b1q/7AwBxyylWsW27dm/danweOVkPOSR1DNdQHYvx8qrw9f+fkcfU0m1+dozRqAMHjO78I8dq7NAz6o43uuooU+m57dod6BY9crIeohUdBlhOvk06dkyjJjgUvV+xMY7jtqYmbTkW/vKqnOIijTVbz0V/eZVDZSXngusarVdjjQVp2WLxBI06dkCBBnSOMSPVcsDc/tixGnqmK+4fNXKKZ6mwa6sxHIjM1qs0GkeKuHgsUDekYCvQqOd7scomH9cW8zzW0LEqLcuRdFrDdSzmy6usHIVj9T9NgY0ZP4zsPrBVWw4M1dixIyXfOXUoq5cUAnJ096zJwV4ggXxTrQAASFyaP8lNFA8fPqwJEyboQnd33wujT1evXtWZM2d0qqNDnb6IQdPMVqiSETgNC7JGmW9dT5ZlZAZl08zlht96q3JzcnTbbbcpMzNT6ek0bE6Gq1evavittwbrSDIcPnxYd4wZk5S0AAAAAAAABpuPjx9PWpzF6tixY30uQ4vVFNbZ2anjJ07o7JkzwVamgeCnJMnvl18ygqMRLVR7zFeoFWtQWprSzWl+c9m0tDR1d3Wpra1NaWlpuu222zQsM1O3ZWUpKytLGRmcMgAAAAAAAABRshTU1dWljz76SKdPhzrJ+aVQoFSWIKnfH2xxanyM0gDZnBaYl56eHhZMDUhLSwtb3+/3G8MOnDmj4x9/rOG33qpbMjKUlZUlm82mYcOGBVvJAgAAAAAAAJ8nBFZTyNWrV9Xe3q6Ojg5dvBgxAH1EwLRHADWBER2uXr0aNZ2Yo0KYwwV0ffqpJOns2bM6cuSIhg4dqpGjRil71ChlZWUxZAAAAAAAAAA+NwispoiLFy/qwIcfquvTT/9/9u4nto0z3ff8ryhKsmTHoi2mI+dQHbGPc3TPte+Mzz3MnHEQUIvJIL3QxpleSVkYAx9rNzCUu3DsDTd2vBgLnsUs5CMMvIi0aiQbAtPBZDEiggSDZt/2uR2jo046VFqMTceURcmyrD9k1SyqSBb1l5JJURS/H8CwyKp6+ZJS6VU99bzPezADlJtkpq6srurnx4/1OJVSe3u73njjDXV0dJDFCgAAAAAAgEOPwOoBkMlk9MMPP2hlZUWGYZRklB4I22XDGoYMw9DSixf685//rI6ODgWDQbW1te1f/wAAAAAAAIB9dgBTIxvLo0eP9MMPP2htbU2Gk6lqeDx1mfXp8Xg0Pz+vP//5z5qZmdm6tAAAAAAAAABQ58hYraEff/xRDx8+tLM+necOZMbqDixn8ax8IHV1dVXJZFKrq6vq6elRU1NTjXuIrU3pk6ERxTbZEh4e1Qe92x2b1uSt6/rq/A19dOaBPr7+td6+cVV9/nV7Td7StQlpcP22qXFd/iygm1f7tO4QHAJzc3PKZDLKZrO17gpwYHm9Xvl8Pp04cWJPx3OeATvjPAOq72XPMwCoZwRWa2R6elqPHj2S4QQkLUlNTU3KmaadrWoYsuogwGpZlgyPR5ZpynI9J8PQzz//rNXVVZ0+fVrNzc017Se2t3MQ9WUlNP75lPoGq/oiOCDmMhnNZTJqaWlR65Ejte4OcGCZpqm5uTlJ2vXF6NzcnObm5tTS2sp5BmyD8wyovpc5zwCg3lEKoAbyQdUCZ9q/aZoyZAcm6yGoKqkYAHZqrRZYljwejzKZjP7yl79obW2tdn1E7QWDCsZG9MlUrTuC/ZCZm1Nra+vBXIgPOEA8Ho9aWluVyWR2fWwmk1EL5xmwI84zoPpe5jwDgHpHxuo+SyaThUxVSSV1SOuyJmm+z07WrZvpBFwXFhY0PT2t06dP12Xt2IaWnlw3xd8uHaBdZ7ie1/sD0u2Rcb3zn4DXAAAgAElEQVQ1OqhND01P6uPrE0rkH4eHdXewV8WSAwPqnpiwyxYEB3TzkvRv+f2DA66SAqXlDaqfjYv1stksmT1AmTwez56mGHOeAeXjPAOqb6/nGQDUO26/7qN0Oq2ff/5ZkpOVWo+B1F0wPB4ZsuvGptNpPX78uNZdwhZiI0O6PFT89/FkuuKv0dl3SYPBmD7dtO20Jscm1D08qrujo7p7Y0DB2Gdy75qYSOqt0VHdHR1WODGha2PSv+b3TUzod1NOO7dGNDNwo9DOzMgtVeHtAAAAAACABkfG6j5ZXFzUjLOgU8NwgseGUybg4cOH6ujoUFtbW617hnX2J6vTr75LA/rq+pgmz1xV3/ptV0eLD2eTSkh627VHcOA9J9O1U91BKXj+jJ2h6u9Sd36n9AN9lQjr/avOclj+Pr0fntCnD9LqW7+qFgAAAAAAwEsgsLoPTNPUX//6Vy2/eCHD4ylOnz/k3AtbGYahlZUVJRIJ/eM//iMlARqVE+i8PTapMxdKN02ND+l2fv5+MKjgXtqfTSqhmG4PxUqfD89KIrAKAAAAAAAqh8DqPvjpp5+0tLQkI7/QU4MwDENyMlbzZQ/m5+e1uLioV155pca9Q630Dg4rPDSi38XDxSfTk/o0FtRgvparU9t11zoDCiqs97eq4woAAAAAAFAh1FitsmfPnunJkyfFDM0GytTcUEfWee8//fRTjXqEXfN3qVsJffXAKVI6FVds+yPK0KsPhsOKxda3lNDMrPMyn7sWsdoN/xm9XVLHdUqfVKlmLCoho/hYRGPx2q0gOx2NKBKdPhB9ASpnWtFIRNHpw/I6wEFmnweRwr+o3KdEcZwpQyausciYdjUU7eUYAABQMWSsVpFlWXr06JFWVlZKNxiGDGf7YZfPVvV4PIXSAEtLSzJNUx4Pcf2Dr1e/Hgjq2sR1XZ6QFB7QYFCaeelm39NgMKbx/ON8iYCRIcUkhYeHFY6N2IHWXc3g96vv6rBmhpz+SlJ4WHeprwoAACotE9fYnajUf0WRkM95akx3IlFdjPSrp0ovOx2N6J4uKtJfrVcAAADlIrBaRYuLi5qdnd24wbJ0+EOqtnzw2HRKIFiWpZWVFS0tLenYsWO17BokSb36YHR02z38fVd1t2SlqfwDe8GpPue5j0b71h+6xfHrj3V6Mjiqu4OuJwr9Wr/v+sfr34P9+INt3xWwnk+hSxGFat0NAEDdmP4yqmToYiGoKkm+0G/Uf/+Ovoi/o0uu58viC+lSZJcj0V6OAQAAFUNgtYqY8r61Z8+eEVgFsMF0NKJ78fyjgPqvXFLhunQ6qoizMdDfr65oVLoYUb8vrrE793WusO+0opF79raeTdoNbZblk1F87I7un7uiSyHZX3eFpHhcSfugqmYfAfttq3PCzoQLKRSPyznbtjwPFQqtuxlhn3vFZvPnYIZzCofQtL6JS6GL63+KN7tRl1Z87J6iScl9Tk1HI/pCznkR6NeV30i/LYxn9nljH6PCeZqJjznn7j1FdFGRd9KlY6D7HJUU6L9iB3gz9lhpn4bJkjbtt+M+bt1572TmJtdv26lNAAAaAIHVKllaWtLc3JxdV7QBpvzvViaT0alTp2rdDQAHyXRU91L9uhIJyb42jOjel9MK9ffYF2/34oVATSY+pjtSWRmmmfiYq137QnUsfmXHTKJkXLoYiajHOeZe9CwXizgUSs8JOxg61uU6J+IpdV2JKOIEfu79Nq7Tl5x9tzwPM4qP3VMqPyV6OqrIvTF1uYIznFM4VDJppRTQuXKSUuP3pU3OKcl9XkjKFAOimfhvFe26qMilHuVvTkSnI+oPXdLFlKsUQMZdR35a0Xsp9V+JuIKsX2o6lL+JkVRcFxWJOOPqnXuKno2ov2eT49zn/Z2oui5GdKnH2XYnKn9kpzZf/iMGAKAeUOSySv72t7/ZC1YRVN1UvjQAABT09CtyyQ6qShmlU8VNme/vKxno1zvOhZov9G6Z0/Yz+v5+UqF38+36FHo3pOT977XTOh+B/neci0af/F27eifAAWafE4Fzp51zokfv9AdKz4nQu4VgqK8rUDx0+hvFFdLZzc7DzPe6nwzo3GnnwJ531B9I6v73xTONcwoNa6tzSpJCZ7fO3I5/4SxKZWfB7hys7FF/pHgzI+MeSCVJAfUXBlK/Sk/DpKJfOotsucfj6W8Ud42/9rkd1zfT5bQJAMDhR8ZqFZimqaWlpVp340AzDKPWXQBw0KybahgI7LB/eY0qlZTi9yKKlzwf2jGwChxO9jnR9e4uaz/KCdIEzslVTVJdASklSZmUkurSHpoF6pPPry4llcpIqsLPvS90SVc0pjt3IopK2jA9f1Ol5QMCZQ+kPeqPXJQi9xRZVyIkk05JybjuRKIlRwTSmaq8bwAA6g2B1SqYn5/XyspKrbsBAAdOJj6mO6l3nem/pQGewiIgJbUeX5Yd+Am9u3mmz/TGp4BDzj4n7qczUs/uoiI+f5eUTKkYR7LPYXtjlwK6rz00C9SpHp0NSfe+mVZ/T+kAY49fL19r1Be6pPy6VOtLCGxq+ktFk676xdNRRcoeSHvUH4moXyqd0u/vkgLndKUwo8SFO5QAAFAKoBrm5uYk2VmZZGZujlIAQGPy+buk+Dd2QNOpT9flvlJLpe3rtExcX7hSTH2hdxVKRpWfpZiJf1HMQHWyhgpTjqe/cWWn+nT6XEDxL+KF67/paESRsTjXg2hQ9jlRnPo/rS+j7tIA2+g5q5Di+iK+ybnmO61z7qn/018q6i4NABxCPe/0KxC/p7G4a0SZjupe3DU9fo+moxFFosXbf76ugNTlLyNJNKW0PZAq/kV8p51tmbjGImMqvA2fX1358bnnbMn4a+8bUZQ7kwAASCJjteJM09SzxcXCY4saq5taWlqSZVkEnoFG09Ovi6GI7jlzDQP9VwrTGnve6VfgTtSebhjo18X+gO7dTyujHvnUo/4r/Rq7E1FEclYjz6fK2TUi70TvKBKVFOpXf356suyMn4upiGsaY0gXnQWyCK7iMNtQAiPQb2edrT8nQhftBad2lD8PnXMtEFKoMNPYp9Cli0pFnG2SQhcjO0xbBuqcL6RLEb+irp97e4y5tHXd1DL19F9R/9gdRSLudu1We86GpHv3FEn168pv3Ae9o/7AHUXvRBRVQP0X+xW452SS7/Q+LqYUKZQdsMfnfp+k9eNvfps98QQAgIZnWBWO/CUSCQWDQS2/eFHJZuvG2tqa/vCHPxSChgRWN9fU1KRQKCSPp3GSpk3TVPvRo4VzpBISiYROdbFMAA6W7777TkePHavyq9grmesiKw+j/j1fXNSbb765q2P25zwDDg/OM6D69nKeAUAlPEqlKhZncXv48OGO+zROVGuf5DMxRVB1W5bI5gUAAAAAAED9IrBaYc+XlmrdhfpgWdRZBQAAAAAAQN2ixmqFFUogOFmrIitzU2SsAng59urFAAAAAADUChmrFZbL5QpfsyzTNshYBQAAAAAAQB0jsFphZGGWj88KOJy8Xi/nN1Am0zTl9e5+ApHX6+UGJVAmzjOg+vZ6ngFAvSOwWkGmaWp+fr7w2JJkGOStbsayrJLsXgCHh8/n0+rKChejwA5M09TqyoqOHz++62M7Ojo4z4AycJ4B1fcy5xkA1DtuKVWQaZobsrTI2toanw1wOJ04cUKWZWl+fl7ZbLbW3QEOLK/XK5/Pp5MnT+762PwxnGfA9jjPgOp7mfMMAOodgdUKymazhTvahmEQONwBd/+Bw+vkyZP8cQ1UGecZUH2cZwAAYDuUAqig1dVVgqm7wGcFAAAAAACAekVgtYLW1tYKXxMy3BkZqwAAAAAAAKhXBFYryB1YFdmYOyJjFQAAAAAAAPWKwGo1GMbmX6MEgVUAAAAAAADUKwKrVVASSiV4uCVKAQAAAAAAAKBeEVitAkKp5VleWal1FwAAAAAAAIA9IbCKmllZXq51FwAAAAAAAIA9IbCKmslkMsrlcrXuBgAAAAAAALBrBFZRM9lsVouLi7XuBgAAAAAAALBrBFargQWrdmbYS3w9fPiQrFUAAAAAAADUHQKrFWQRUC2fZUmGoUwmo2fPntW6NwAAAAAAAMCuEFitoELmpWHIcDIysbX8J7SyslLTfgAAAAAAAAC7RWC1GixL5K6Wj0xfAAAAAAAA1BsCqxVUkqVKsBAAAAAAAAA4tAisVhDT/8tnGEYhU9Xr9da4NwAAAAAAAMDuENGqoHxg1R00xM5aWlpq3YWG9SiVqnUXAAAAAABAgzvV1VXrLuwJgdUKImO1fO7Ac3Nzcw170tjq9RcXAAAAAABArRFYrRKyVnfgyu4lsAoAAAAAAIB6Q43VCspnrFqlT9akLwedIUmWpV+8+io1VgEAAAAAAFB3iGhVUCFAaFl2cJWg6pby2bwdHR017gkAAAAAAACwewRWK2j9IkyGRDmALeSze48dO1bjngAAAAAAAAC7RymACmppaSkuYEW26rYsy5LP59sQjAYAAAAAAADqAYHVCmpublZTU5P9IF8OAFvy+XzFQDQAAAAAAABQRwisVpDH4ymtGWpZBA63YBiGOny+WncDAAAAAAAA2BMCqxXW3t5eCKYaHj5et8LnYhg6fvy4jrS21rhHAAAAAAAAwN4Q+auwV3/xC7UeOSJPU5NdDoDFq+yAqhNU9TjB5q6uLrJ5AQAAAAAAULcIrFZYa0uLOjs7ZZlmrbtyoBiyF6yyLEttbW06ceJErbsEAAAAAAAA7BmB1SoIBAI6cuQIi1etYxiGLMtST08P2aoAAAAAAACoawRWq8BjGPqHf/gHtba0EEB0gqmSnbHq9/tLF/gCAAAAAAAA6hCB1Sppb2+X/9VXG77GqqFipmp7e7t++ctf1rpLAAAAAAAAwEsjsFpFr586pSNHjtS6GzVlOf8kqbu7W62trbXsDgAAAAAAAFARBFaryOv16vXXXy95zjAMqVHKAxiGZFmSZelkZ6dOnjxZ6x4BAAAAAAAAFUFgtcp8Pp+OtLWVPJefHn/oOWUQ2o8eVc8bb9S4MwAAAAAAAEDleGvdgcOutbVVJ0+c0MMXLwq1RmUY8rgWdTrsul57jRIAQIOZm5tTJpNRNputdVeAA8vr9crn8+nEiRO17gqATTCWATtjLAPQ6Ais7oO/+7u/0+LiohYWFuTxeGSapiwVF3U6zI4fP65XX3211t3Alqb0ydCIYpttCg7o5tU++Sv2UuO6PCJ9ODqo3kq1WZW+pDV567q+On9DH/VV7N03lLm5Oc3NzamltVWtDV5nGtiOaZqam5uTJC5IK8L+/T2eyD8OavDGVW35q7xq49JO44g99mp4VB/UfEDEVhjLgPIwlgFodARW94HX69Xf//3f68/ffquV5eXGKAPgOH78uDweKk4cdGEu7lBBmUxGLa2tnPvADjwej1paW5XJZLgYfWl2sHJm4IbuXnWCmelJfXx9SF8N5AOcBDRRPsYyoDyMZQAaHX8p7JMjR46o54031NLSUuuu7BvDMOT3k/EHNJpsNsuFKFAmj8fDNOMKmBofUSw8XJoh6u/TR8NhJSY+11TtuoY6xVgGlI+xDEAjI2N1H504cUKpVEqrq6syDEOmada6S1XV1tamtnULd6EOOVMlBwdmND5hz68MD4/qrfiQbjs1BPIZr1PjQ7qtAQ3OTDhTMcNbTrFMT97SNae9YtkBe/rkzIViNlF68pauJS/o7mCv053i6yo8XHh+6zbLkJ7Ux9cnlJCkYFjhsj8cAEDtTen3MSk8vMlo0xtSWCP6/dR7Sn3mlL4ZGbKzVp1dUpO3dNsZO4ID7un7peVyirM7nLGqO6xYLLZhLNq8i+O6PJIfNBlnAAAADgtuw+6zN954Q5ZlHdqgqmEYhVIHR48dq3FvUK7YyJAuD5X++6QkvSemr3RJd0dHdXMgqNjIkH4fGtXd0VF9GJZin00qXdh1QjMX8ttiun3LtS1valzXJrr14eio7o7e0KAmdG18SpJfZ84HFYvnXzytB18nFA7ZF6zpyVu6PTOgm/njZkb08WR6kzZH9WF3vs2dpDU5NiEN3NDd0VHdvSDFEjsfBQA4INIpzSio7s7NNnaqOyjNpKS+q8MKa335m+L4dnc4rMTEmOxhJa3JW05pgdFR3b0xoJmRW5p0DWixmYA9Hu0UVNWUPhmJKTxsj083AzOb1zYHAABA3SGwus/a2tp07DAFHF31Ygu1Y53/O0+erEWPsAf5iz33v9L6c2G972Tw+Lu6JYX1lrO9MxAsbSw4oF8723rfG1Aw8bUerIusTsVjUjjkZLL61XchLMXimpLkP3NeQedrpR/oq0T+tZwg64V8Fqp9XOLrB0o7bQYH3itkx/a+N1BsZzvpB/oqEdTbZ/z5AzUY3P4QAMBhURzf1BlQ4de/M/4Utvn79H44oa9cA1rw/JnyZkVMxRVzjZv+vgtkrAIAABwSlALYZ4ZhqMPn0+LiogzDkGVZte7SSzEk5d9B4Z1YllpbW/XKK6/UplOore6u4oWmv0vdG3ZIKzUjBc9vmlok+c/o7eCEfj81qF4llSgEYGc1k7Cza0szfcKaddpMxK7r8oR7W1CptNS73ZXvbFIJdev9YqfVtbHTAICDyt+lbiU0MyttjHTaY0f3Bb+k2fLbnE0qoZhuD63LLQ3PStpi/NpC2h70XEc5WbS7agUAAAAHEYHVGjjh8+mnZFL1HVK1WZZVyFS1LEuGxyPLNPXKK6/I6+XHqyHNpJRWr31tm05pRloXXLUDl4nkplfAypcDGI9P6S3FFA4NOs/bF6LhC1us5twtBc/fKF24pBydAQX1tSsAawdpFdhdM9iNjOJjdxRN2o8C/Vd0KeTbdJ/UuxH195RumY5G9EVX8ZhMfEx38o25bN4ugMOnV2+FpdvxKX3Qu26AcLJFP9xptv56nQEFFdb7m9YJ31DgZlt+e9BTcdSzg70AAACof5QCqIH29nb7izrPVs0rvAvDKLyn1157rWb9QY25pv5PfT6hRPC8zqyLdfaGilP/pbQmP3OXBsiXAxjR7Zi7Zp5Tf9VVz3VqfEiXnRquvaHSlZ/Tk7d0eWh851IA/jN6O5jQ+OfOnukH+ooL3qqajt5RVP26EokoErmorugdRafde5QGXkuPjehevPQ5X+iSIpFI8d/FkKSQ3iWoCjSM3sFhhWOuutuSvTDhSGmZmLL5z+jtYEyfFtqb0idDQ6Xtl925kMJytTUVp8YqAADAIUFKYQ00NTXpZGenns7uYkraQWZZkmGoyeNRLpdT+9GjlAGoMxun10tSWB9umqmzg3C3Zq4P6XKhjb6Neam9g7o5cEvXhobsx8EB3XQv/uE/o7eDUkKlQVl/31V9mBzStaH8fH9X++vbVFCDN8rpv199V4c1MzSiyzG7zXCYKZrVM61v4gH1XwnJDnv2qD8SKW7OxDV2J6pkKKRQMl5yXDRyT/FASKFAXKlt2o/eiyt0MaKeLfcBcPj06oPRG5q85S4JE9TgjVEVJzI4ma0jQ5oZuKGPurZrLz82uNoLD+tun1+7zViVevXBjQF9fN1pKxhWmFreAAAAh4JhVbjIZyKRUDAY1PKLF5Vs9tD5+ckT/fX772vdjYrK14wNBoPq6tr2aqUhmaap9qNHC+dIJSQSCZ06QJ/11PiQbmu4jBWSy2vr08Aepvaj5r777jsd3WqRvumoIveki5H+zQOfmWlNq0c9PjuQqov5UgDTmp7uUU+Pnc16/9zm0/wz8THduX9OVy7lA7fAwfd8cVFvvvlmrbsBwGXbsQzABoxlAGrpUSpVsTiL28OHD3fch4zVGnnF9Yeax+ORaZqSVFKvtB64F+DK/3/y5MladgmHwpR+Hwvq7RsEVQ+lQJcUH1PEmetfUgvV17NFpmmPenZMQZ3Wl9GkQhcvEVQFAAAAAFQdNVZrpKWlxa5JKicgaRiSYdTnglbO+5Akv99vvzdgr6bGdXloRDMDl0Sy6iGVjOoL/cauh3qlX9pQY3WPpr9RXCGdpQYAAAAAAGAfEFitkaampsICT5YkQ7JrlTpZn4YrWHngubJr/X4iYY2sd3D05csA9A7q7ugoJQAONdfCUr6Q3g1J8W9ePrKaSaek0FlqqwIAAAAA9gWB1Ro6eeKEJDuoWi9T/9db3++jR4/WqCcA6oKvS4FNng50vezk/Yy+v5+sQDsAAAAAAJSHwGoNHT9+XB0dHfaDfIaqU7O0HgOtLa2t8nop2wtgG77TOheI64t4xn6cieuLeEDnTr98YDWVrEQ7AAAAAACUhyhYDXk8Hv3iF7/Q/Px8rbtSEa/94hfyeIjVA9iOT6FLV6SxO4pE7WdCFyMKvXRcNa2UpK6X7R4AAAAAAGUisFpjx48fV3t7u5aWliQ5tVadrNV6YLj62tzcXOPeAKgPPoUuRRTadp8e9Uci5R/rC+lSZPsWAQAAAACoJNILa6ylpaVYDqAOucO/BFYBAAAAAADQKAisHgA+n69QY9WyLNVHrqrDsgp9pwwAAAAAAAAAGgWRsAOgvb1dTR5PIUBpyJ5iXzfqpGwBAAAAAAAAUCkEVg8Ar9ertrY25UOpllRfWauOugoGAwAAAAAAAC+BwOoB4PF41NTUVAxMWlb9ZIG6gqn1suAWgOryer0yTbPW3QDqgmma8npZSxQ4aBjLgPIxlgFoZARWD4gmr7cQmDQMoy6zP5eXl2vdBQAHQEdHh1ZXVrggBXZgmqZWV1Z0/PjxWncFwDqMZUB5GMsANDpuKx0QlmnWZ8anq89LL17UsCMADoqTJ09Kkubn55XNZmvcG+Dg8nq98vl8hXMGwMHBWAaUh7EMQKMjsHpAmKYpwzBkWVZdBVjzfZak9JMneuOXv1RTU1ONewWg1k6ePMkf2ACAusZYBgAAdkIpgAMgm83KNE1Zqs8yAIZhSIahXC6n+fn5WncHAAAAAAAAqDoCqwfAw0eP9OzZM8my7OCqx1M3wdVChq2Ttfro0SNqUQEAAAAAAODQI7BaQ6urq/rxxx/18KefJDkBVUlmLldX5QCkYqbtwsKCHj9+XOvuAAAAAAAAAFVFjdUaWF1d1cOHD/X06VOtrKzI4/HIkr2AVb1kqubl+2tZluSUBJienpbH49Frr71W494BAAAAAAAA1UFgdR/lcjnNPn2qn5JJLS8vF7I8TctSk8dTqLNaVwyjUAbAcD33ww8/6Pnz5zp16pTa2tpq1j0AAAAAAACgGgis7pNMJqO/zczo+eKiJDvTMz/d3/216qwEgOXUU/V4PDItqxBcNTwePX78WJlMRq+//rpee+21usvGBQAAAAAAALZCYHUfPH78WD/99JNWVlcLz7nDp/kyAPUsv4BV/n0ZsoOtKysrSiQSevbsmXp6etTc3FzLbgIAAAAAAAAVweJVVZZKpfTDDz8UaqkWuDNT6yxLdTPrF9uyLEumZRXeczqd1nfffadVV3AZAAAAAAAAqFcEVqvEsiz9bWZGiURCkjPdv86zUnfLkArBVcMwND8/r+npaeVyuVp3DQAAAAAAAHgplAKoAtM09UMioSc//1yyQJU2q6l6iOXfYyFz1TA0OzsrwzB0+vRpaq4CAAAAAACgbhFYrbBsNqu/fPed5jMZO4Cq0vqpjRJUlVQInBqGIdM0JSfInE6n5W1uVrCnp8Y9BAAAAAAAAPaGwGoFLS4u6q8//KCl58/l8XhkWZYMSXKCqflAa6PJZ+1axSeUevRI3qYmdXd317JrAAAAAAAAwJ4QWK2AbDarVCqln3/+ubA4k+kEVfMB1QLX48OeuZp/fznTlCG75qqc/y3DUDKZlNfr1alTp2rVRQAAAAAAAGBPCKy+BNM09fTpUz1+/FgLCwulGy2rkKGZDzCW/N9I9UVdn4Wkwns3PB49evRIhmGoq6urJl0DAAAAAAAA9oLA6h7kcjnNzc1tHlAt1yHPVt1WPmvXsrS2tqaHDx9KEsFV4BCZm5tTJpNRNputdVeAA8vr9crn8+nEiRO17gqATTCWoV6VO7786b/9Sc5lmSTpP/13/6mwberbKa2trW667U//7U8l7bi3AUCjIbC6C8vLy0qn03qSTmv5xQt5PJ6GWoyqktzZu6urq0pMT2tlZUXd3d3yeDw17l0jmdInQyOKrX86OKCbV/vk3/KwcV0ekT4cHVRvpXoyPqTbGtbdwfJb3O6YvbS379KT+vj6hDRwQx/1uT/tKX0y9Jm6b1xV35bfhF2/mCZvXddX59e/VuXNzc1pbm5OLa2taj1ypKqvBdQz0zQ1NzcnSQRXX4o9lml4VB9s+JW/f7/7XkZ68pauTSQ23Rbe9H2VqULj9dT4kG5v/GNBgxUdpw4WxjLUs3LHF8syde4//7MMSf/1D3/Y0MZ/PHNGLS0tG7ZZlqn//M//LG1yHAA0GgKrO1hbW1Mmk9HPP/9cyE4tLMbkBAcJru6Bc2u0UH/WsvTo0SMtLS3pjTfeUFtbW2ltWlRV6UWbfRF67Za2D65WQTDQuY+vdnAkJj7XVF/lgtS1lslk1NLayk0SYAcej0ctra3KZDIEVrHzTc1aC5ferExP3tK167ekcoKr6Ul9fP1rvV1HgVjGMtSzncaX/+eb/0uS5M/9k9acNUJyObPwvCSdWPuPWltbk2EYG7b5c/9UWFvEve1/Pvu/Vu09AcBBRWB1HdM0tbKyomeLi0o/eaL5+fnCtnwA1R1EJfi3N4YkS67FvZzPcX5+Xv/+7/+ujo4OnTp1SseOHVNzc3NN+9p4/Oq7OqyZoRH9bqpv8yyZ3kHdHa3sq3YGguruqtzVVu/gqO5WrLVqCioYjOn2eOhgZ9fuQjabJbsHKJPH42GacVX51Xd1VH217katVGG8zvP3XdWHySHd/nxKfYdk/HJjLEO92258MbOWfvlGQEt/NYvPmaZef71Ymm35h2Y1NzfLsqxNtpUeF/i7v9PffkxW4V0AwMFHYCOJb7oAACAASURBVFV2VurS0pIWFxeVyWRK6qauD5wahlFciGldkBXlywdU859e/lPOf97zCwuFoPapU6d08uRJtbW1EWTdN53qDkpfpdJSr19T40P6VGEpFlMiOKCbF5K6NiJ9eCOgT9dloJROwS8tNVDMjLWzYme6w4rFYk4WzFV9kH/5qXFdHskftbephutLAZRMsyzJCtqij052TXdYisUS+Y3F4Od2fXSm+CfK7P/bFwakkRF9EtpkuueGLB/3lNf8FNcBdU9M2O8hOKCbl6R/y7/+hgyoB/pkyLWva1vJVE/Xe93w/T/IGVUAUGJ9KYCtxqVtxglnOn04HFMslt9cLC1Q8rtz3e/Ircee3bFfI1yc0j81rssjMxq8cVVdnw/ptgY0ODOh8YQkrd/PKQUwNa7Ln0lhxRRLBPXu/5DQX0+7SiRMjevyZ4Fd9bEzEJS+TimtXvnXfxaF8W9KnzhjUsKV4VqpzwbA7mWzlrLWmkwzpz/E44XnV1bWCl+bWt1yWy6XLdmWtdaUzXJdDKAxNWRgNZfLaWlpSc+fP9fz58/15MmTDVmollQMnBpGIcOyhGsaO/YmH1DNB1pNs3j3Mx9kffTokR49eiTDMHTq1Cl1dHTo+PHjTM2qKr+6uqVEclZyLnMSMenD0dHChZq92xm9HZzQVw/S6nMuWH8fk8LDvbIvZkc0M3BDd+0rKH18/ZYmXUHG2ExAN0dH111ITemTkRkN3hi195sa1+WxSZ15mQuuqXFdm+jWh6NX1Sv7wu/aeJfuDnZu3Uf7XSumYd0d7XW25YOf2/XRvoDsHh7VR73Otuvj6tquvl1nn/514Gtd+2xSv97D+0xMJPX+6Kg+cAIG18YG7M/VCfC6M48TE1/r7Rujuut3Sj6Md+nuYK/Sk7d0e2ZAN0f75HcCER9PFi+4S77/AFCXthmXZrcaJ/K/9WKaCdzQ3VG/E6wc0+QZ+7ji7077uH+bPGP/7txy7NniN2liQteGJkqfcwKOvYOj+lBDzuwG6ZORmMLD9hg0JUmxCc0Mj+purxPcvLVFgDQRk5z97EDqA6X7nL7HYwqev7GrMchv/7GgWUn+qY2fRT6b9YMbA5px3yTc7WcDoKJya6ZkWWr9+9S6LcWkIm/wydbbTj8u3WQZdpsA0IAOfWDVsizlcjm9ePFCzxYXtfzihV68eFGSlbrZMeue2BhUxUsrfM5OAHX9516y3QlyP3z4UA8fPpTP51NHR4c6OjrU3t5OSYb9EA5tElTz68z5oMa/di7M0inNBAf0r72S0g/0VSKs9686l2j+Pr0fntCnD9Lqc+ZkBs+f2eICLqHx/NTC3kHdvfpyXZ+K21mx+f4XygSkJ7fu4xlJCmrwPecof5e6y+njVFyx4IBuFl7sPQ0Gr+v3U4Pq3eZ60d93SYNfX3cuyHf3/oID7znvzc40LnyuG/osKXzBCWz71XchrPGRuKYGO5X6OqHwhavO98PZ5lxw28dt9v0HgDqSfqCvEkG9fan4O/+jUft33NTnMQUHbhTHifcGFLwe19Rgr/NcWO/n7wp2BhTUTLHdRPEGVu/gqD5ynp6K79TmOjtkbfYODis8NKLLMdmzCnpLj/11r/t1vtaDdN8mJRDCeqvQoZDCic/s/fxT+n0sqLdvvETOaMl4nVZqRto4CNl2/dkAqKjcmqXvHzysdTcA4FA4dIHV/Crzz5490/Lysj29f35elskdtANrp4zf9dsNQ5lMRplMRoZhqLOzU0ePHZO/s1MtLS3V62dDsS+Igud3XkzK33dB4Qn7wuzMg6+l85fsi8LZpBKK6fbQumWEw7OStmu3Vx+MDkv5i0dpw4IZu7PNe9muj2e2a3PrPqZTM1IitiHrKOiUVdhaPtA5pskzF8p4X3tTskBYZ0BBJSXNaiYhxUaGVPpJhDVbtZ4AwD6bTSqhbr2/4VexPU4kYtd1ueRXd1CptLYP9PUO6u6wdNn1+zPslGrZts09xS979euBoGIT3fpw/ZjY3VUMyG52U22L9t4KJ5ybiSnNBM/r17vsV9oeYO1RfV0ZnGBwy6Oq8NkA2I3Tvrf1i9d+oVwuV5H2mpqa9PPjnyvSFgDUm7oPrFqWpZWVFWUyGT19+lTLy8taWVkp3ckwChmN1EQ9BJzyDPks1nQ6rXQ6rb/9+KPa2toUCAR08uRJslhfRvqBvkpI3RfKubrJX5hNSV+rmAnUGVBQYb2/6RT49I5tfjA6atdcLZmCv8v3IWmzsgYF2/UxvX5qVJl97OqWguf3Viuud1Afhod0+/O4wrs9di9mk84FsJ3pGr6w+Wc8Va3Xz8Q1dieldyP96il5LqrC8gehi4r057dmFB+7o2hys20lDSs+dkf3z13RpZDPfmo6qsi9uGufgPqvXFJ+M4AG0BlQUF9vEryzx4ngeVe9Ubed7jD1Duru6KAkp27oyLjeGh3cvs29SE/q3ya0+YKHM8U6p0qntE2yaGnXQ2ElPnugKblujJbfIT34OiF1X7Cn/n8+ocS6+ty3Nz1uh88bB1ImPqY798/pyqWQNgyd01FF7kkX3eM5DjhLPp/9ncwvzuzxeOzFhU2zsLhw/trZ41rE2XDKsVmWJUPF8m0/P3682QsBwKFXd0Uqc7mcnj9/rnQ6rb/85S/64x//qD/+8Y+anp7W/Py8VlZW5PF4ZDjBVCNfHzU/nZ9gW31zBvn814XvsTPALy8vF34ufvzxR7148aKkbivKkdbk2IQSrmmFO+kNhZWYGNF494XiIk3+M3o7GNOnk/kg6pQ+GRrSx5M7BFXTk/p46JYKu/m71K2gundOnt22f4rFCwHC9OQtXb41qXQ1+tgbUjgxod9Nufcd0idlRid7B4cVjsWKmaP+LnUroa8eOC82FV+XVbo7iYnPnc8hrcnPYs4Uf7ukQ+yzyULIe2p8yP6MXuK1trU+gCpJmlb0TlRdFyOKRCKKRC4qFL+nsXjG3hq9o2jXxU23lTb922LwNf9cOmUHYiP5tgmqAg3Hf0ZvB12/T53f+Z9M5cexz0vHiaHxHW8sFcaT/Et0dUvBgOzhYG9tbvFKmhybkAYu6aOrwwrHRkrHlcTXKgwTn08oETyvM2XdG7XHrNsTCXV37TKsOjmm8YSrZI7kBHglpSf16TaDVWU/GwC7ZVlSe3u72tvb1dLaqubmZrW1t+vIkSNqbm5W65Ej9raWFrU0N6u9vV2tzra2trbCosItra2FdshfAtCoDnTGqmVZymazWl5e1rNnz7S4uKinc3Ol0/qdwJol2cE1y5Lp3GXLL0BV2DXf7j6+B1SJ83213I+dO6mGx6O1tbVCPdZXXnlFr776ql555RW1tbWRybqJDVPAdzv1vjeksGJSyH2MX31XhzUz5JrqFx62FwzZLlzn79NHw0ldvj4kZ4ksBQdu6IOtrvdirun49t72Kskl/RvUzYFbujY0lO+IPnQW19iyj9tFFLfto71Ix8fXh3TZva3sjzM/1bP08bUJp4/hAQ0G5a7utyvBgYB+P+RkEQUHdNP5Pvv7rurD5JCrhEHxM6p0OYBMfEx3okmFQiEl3Umk6lF/JFLy+GxIiqcyknzq6Y8ossW2oml9GZUCgXWvmUoq0EUkFTjMNoxlwQHdvOqu67JxXAoO3LAXGtT6cSKowRvbLDqYb3HD7077OHs42GWbmy1eJSk48F/09tf/u8Y1oJt9fkl+fTAc1uWRW+rOj3fhbs0Uxp3i7++d9eqtsBSLuWqvbmXDeBvWh64ZH3adVOc9BAf04UBQt792MmmdxS7Hrw9pZnhUH+z2swFQYcU1RHK5nNbW1tTS0iLTNLW2tibD41GTx6NsNivLstTc0qJcLqfVtTV5m5sly1J2bU1NTU3yer2FNgGgERlWhefGJxIJBYNBLb94safjLcvS0tKSFhYW9OzZM83OrrukdzJQJZUGTg2jZIqCe1+m/x9i7p8HV4mA/Lb1t047Ozt14sQJdXR07Hs9VtM01X70aOEcqYREIqFTXV077wjso++++05Hjx3bcntmelrq6ZGvjKmD09GI7mmzKf/TitoHy71pOhrRN2evqOsLdykAuzRA6t3SfYGD4vniot58881adwN1yp5yv/da5OnJW7qWvPAStcwPp+3GsuloRF90rSs380WXrvxG+m1JiZvi+HP2m90fs3HMype66VdXNKq4JAX6nTacWSCBfme6/m723Yy7/E5AoZAUTxVLAUxHI8pX2AmFQorHKQVwEG01vvz7/fs690//JElaXllRNptVW1ubzFxOK6uramluUZO3SasrK7IsS0fa2rS2tqa1tTUdOXJEsiytrK6qqalJra2tdpt//KP++3Pn9vX9AUDeo1SqYnEWt4cPd17o78BkrK6srCidTuvZs2eam5sr3egKnuVZrm2F7EXLKrlPtv6YQq0YpobXPSNf88dV4sFwZS/nt62vrTs7O6vZ2Vm1tbXpxIkTOn78uDo6OuTx1F1VDKBu+XrKvOzKxPVFXApdLN2/cDEX6NeVnnX7p/r1m37p+9KGlEpK8XsR5RNkA/2ui1sAaFh2ndTwBYKqu9FzNqTkF98rE3KCjN/EFTh3RT6fdC4Q1TfT/erpkZT5XveTIb3bI/Vo98dsJRlN6d1IRP3OTcY7v+3XlUhEPqfMzpfToUJQdjf7umXiv1VU/boSCcmXv5kZcIJm01Hdi4ecQKodgJVCFf2MUV2WpUK5tOzamnI5sxBENXM5rWlVuZydsSpJqysryuVyymVzWltdlWVJuXw2q9dbvDYDgAZ0IKJJ8/Pz+nZqSn/729+KQVX3dG0nC9X9T+5/rn3cGYol2aubPEb92vB9dL635mbfc/d+zs/Vixcv9PDhQ3377bf69ttv9cMPP2hhYaH6HQdQJrveajJ0ccMFX0+/XSf1YldUd8bisqusZhT/7X2d+80mmTeZtFKSQvnarVf6pegdRaf3430AwAGVntTHQ9c13j28x8UhG1jPWYWS9/V9RpKm9U08oHOnfZJ8On0uoPg39gCT+f6+kqGzdhbnXo7ZQqD/HWe7T10BKXDutD32+fxaP49pN/sWZfT9/WRxX/Xonf5ijZ3pb+JSoY8+hd4lqFpvLKd8nmmazvWTWfK8fd28/rG9n3195TzOt+HsAwCNqOYZq5Zl6aefftLS8+eldVHXT+uu3AtWtj0cLJt9f93PbbJ9fn5eCwsL+vnJE7W3t+uX3d2FVTIB1IKdGRMPbVYCoKjnnX4F7tzX95mQQpkvFe16V5HNTl1fSJcioZLH74aiuvfNtPrLzZ4FgAOqd3BUd/dyoL9PH432Vbo7DaJHZ0NJffF9RqHTaaUC5/SOM/74Tp9TIPqNpvt7pFRSobM9ez4mX5PcFtLFyDtVeTcbX+esUkmp693ioOrz58OwGaVTUuCca8D1dSmgVFX6hmopJqN4DI8sw1RTU5Mke2agx+OR19ukXM7OWPV6vYWya01NTbIsSzlntqBE6T0Aja3mgdWnT59qfn6+mKG6QxAMqDSPx1MI6L9YWtIPP/ygY8eOqbu7W21tbbXuHtBg7KBqqv+KIjtN1c+klFSX3vVJ01/GpXhcEfdiWMk7iqS2Ds6ymBUAYK/y5QCmdV8695vibAnfaWdq/1kpHtLZ/r0f4wtdUqQkGTSz7dqae7Xp6wSk++mM1GP3MpNOSeqS5JO/S0q6F4/MpJQU6kk+E1WSslmnFMDqqkzTVC6Xk2SXCshms7Jkl+3LlwJYXV11jss6AVivsz/X7gAaU81LATx69EiGx1O6yBSrtmMfmaYpWZY8Ho9M0/6jIpPJ6P79+/rxxx/1Yo8LsQHYrYziY3am6mb1T6ejEUUK8/czin9RnIqYLw9g/7ui/oBdRzXS32MvEBKJarrYkO4VpmACALAHPWcVSkZ1L5pUl989njhT++/dUzzQVVqeZi/H1ITdn2T0S2fstEsD5PWcDUnxLxS3a/HYpQFQV/I1VvOBVNPMKZvL2cHTnKmcadqPTVNm4Xl7v5xrv+LxrGECoHHVNGP1xYsXev78+cbFpJwAK0WwsV8sqXB31rIs5XI5GR6PHj58qNnZWb3++ut67bXXCtNdAFRB5nvdT0pK3ivNPHVWLe7pv6L+sTuKRFzPb1MqoKCnX5GLUUUKB9r1Vlm7CgCwdz06G5Li8ZDOrhuKfKfPKaCkVKhR+jLH1IYvdEkXUxHdcwbkUCikwmz/nn5d6R/TnTsRRSUFQiEFtmwJB5E7Y9Xj8ci0LDV5PDIlGUZOHsNQk8ejnHPtU5j+n8vJ42mSZMleF7pYCoDrdgCNyrAq/BswkUgoGAxquYwsv2QyqWQyWfglTI0W1EI+gF/y8+fU9/V4PIU/FPx+v4LBYGG6y26Zpqn2o0cL50glJBIJneraeukBoBa+++47HT12rNbdAOrG88VFvfnmm7XuBgCXcsayTHxMd1LvblJyZlrRyBfqunJpw028vRwD7NVW40v893H94z/+B0nONH/TVGtrq0zT1Nramrxer5qamrS2uipLUmtLi7LZrLK5nFpaWiRLWl1bVVNTk/1Y0rd//laht1jIDEBtPEqlKhZncXv48OGO+9SsFIBlWVpYWChdwd35J9l3zoD9YDiF1/M/f4ZhyHD+N52gqmEYSqfT+vOf/6ylpaUa9xgAAAC1ZU+PD61PPZWk6W8UD5zTxoozezkGqDzLMmValkzLKpQAWFtbU3ZtTWYup2w2q7W1tcK0/7W1tcJ+2bU1rWXXCiUCzFxOllNWAAAaUc1KAWQyGXvRKjdXkJVfzNgv63/WNuRLu6b/Ly4uanp6WsFgkIWtAAAAGlEmrrE7USVDFxVZFyOdjkZ0Lx5Q/5X+0in9ezkGqBLLUmk5Psuy1zxxleIzpMICv/nZfPmZfYZl2W04zzHfFEAjq1lgdYkFgVAH3DVV84tbzc/PK5lM6le/+pWamppq2DsAAADsO19IlyKbT3nu6Y8o0l+hY4AqMp0AqsfwyDIsu3aqacrweOTxeOTxNMlj5GQZhl0ezeORxzTtmaWW5PHkCrP+RCk/AA2sJoFV0zT1bGHBfuDc/QIOog31fp2f13Q6rebmZvX0lLFwDgAAAAAcEJZlqaW5WZLU7PXKyq8tIanFbLaTSwxD3mY7XOAxDFnOfoZTsq+5pblQPi3fJgA0opoEVldXVzWXyUhyTTEADqj84lbrF1l79OiROjs79corr9Sye8CB4/V6ZeYzGgBsyzTNPS+KCKB6GMtQ73YaX/70p2/2sTcAcHjV5C/55eXlQpYqd7ZwoDkLW0kqLGLl9uTJEwKrwDodHR3KZDJqaW3lghTYhmmaWl1ZUUdHR627AmAdxjLUs53Gl3/5H/9ln3sEAIdXTQKrC8+e1eJlgd1zVsssMAwZsv9YMQxDj3/+Wa+//rqOHDlSsy4CB83JkyclSfPz88pmszXuDXBweb1e+Xy+wjkD4OBgLEM9Y3wBgP2z74FV0zT1+PHj/X5Z4KUUygGYpl1nNZ+5all68eIFgVVgnZMnT/LHPACgrjGWAQCAnex7YHVtbU3ZtbXiEyxehTrgLlmR/zr/zBpZDAAAAAAAAA1n3wsGra6u2l84GX/GNvsC9WBlebnWXQAAAAAAAMA+2/fA6tLSkqRiQJXFq1Cv8gtZPX/+vMY9AQAAAAAAwH7b98Dq3NycpOI0aqDezc3NcYMAAAAAAACgwexrYDWXy2lubs7O9LOs4gJAQL3Jl7Jw/i+UuAAAAAAAAEBD2NfA6vrgE2FV1C3LKslSzWQyNewMAAAAAAAA9tu+BlZfvHghyamrahh2OQCyVlHHLMuSYRhKp9O17goAAAAAAAD20b4GVh8/flx8YFmSZZG1irpkGEahDIBhGFpYWNDi4mKNewUAAAAAAID9sm+BVcuylM1mNz6/Xx0AKsjKlwIwDJmmSdYqAAAAAABAg9m3wOrq6qoWnz+3H7in/7OaOuqUYRglGddzc3NaW1urWX8AAAAAAACwf/YtsLq4uFgMojr/G9RXRb1yfnYL9YItS8vLy5qdna1xxwAAAAAAALAf9i2wuvDsWfEBAVXUuZKfYGcBK0laWFiwg60AAAAAAAA41PYlsGpZlhafPSsu9iM7W5UAFOqVZVnF+sCGUbhZ8PTpUxaxAgAAAAAAaAD7Elg1TVOLi4vFqf+ujFXKAaBu5UtayA60Gh6PLMvS/Px8bfsFAAAAAACAqvPux4ssLCxIsgOskmQ5/0siaxV1L/8znP9/bm5OXV1d8nr35fQCDqS5uTllMhlls9ladwU4sLxer3w+n06cOFHrrgDYBGMZsDPGMgCNbl8iP3Nzc/vxMsCBsLi4qLVsto4Cq2lN3rqu8UTxmfDwqD7ode8zpU+GRhQrPA5q8MZV9fmdreNDuh0L68PRQbkPS0/e0rXkBd0dLGlsz8fs2dS4Lo9ow2uhOubm5jQ3N6eW1la1HjlS6+4AB5ZpmoW/kbggfVk7jWX2OCbnOcYt7ISxDCgPYxmARlf1UgCWZen58+fVfhngQHmxtFTrLpTJuRDtHtbd0VHn37A0MqRPpvL72BejMwM3ivvcOK+vrt/SZNrdVkyflj5Rhr0cg4Muk8mopbVVHs++rY8I1CWPx6OW1lZlMplad6XOlTOWbYZxC1tjLAPKw1gGoNFV/S+F5eVlPa+bIBNQGUt18zM/q5mEFA6582F69euBoGJx52o0ndKMgnr7jL+4i79P74cT+uqB6+IyGJQmxrSr6829HIMDL5vNciEKlMnj8TDN+KWVMZZthnEL22AsA8rHWAagkVX9r4WFhYWSmqpAI3i+tFQn9YM71R3UhgtPf9/V4pRGf5e6tS6IKql3cFQf9bmCrd0X9H44ofGxSZV9vbnTMVPjujw0rkLv0pP6eMjJlM1/PTmuy0NDujw0pI8n00pP3ip57JZybSvNYprSJ87zpdvSmrw1pE/GndcY3zb1CQBQE2WMZZth3AIAAMBLqnpglTIAaERPnz5VLperdTfK4FffpQEFYyNbXtRJvfpgOKzExPUtLu5cew4OK5yY0O92cR23l2OKEhpPhuxpn04f/02XdHd0VDcHgkpMfF68uFVM48kLhX1jI/lSBmlN3nKVOrgxoJmR0jIHsZmAbo6OVrZ+HgCgQsoZyzbHuAUAAICXUdXAqmmaWl5eruZLAAeTZWllZaXWvSiPv08fOTXp7Iu66xuDp72Dhbp1H4al2MiQLg+tr7Eq5YOwsRFXts6O9nJMXlCD7zkXjZ0BBV0lC/xd3Vvv2/ueBoNOFm76gb5KhPV+Pvt2kzIHwfNn5BcA4MAqZyzbFOMWAAAA9q6qy5Zns1ktLCxU8yWAA2t1dVVHjx6tdTd2xd93VXf7nBWOR8b11iarEfcOjuruoLM68tikzlztW7fDexoMXtft8ZBuBsp84b0cs2vd6ipcZfpVuH6dTSqhmG4PxUp3D89K6qxWZwAAVVLOWFaCcQsAAAB7VNXA6srKSp3UmQQqry4yVqfGdfmzgG5e7SvJbHFnzaQnb+la8sKG6YSdgaA0s1mj9pTMr65/pt+Fy+3IXo55GWmlZiQF5GQMhfX+phferE4CAAdeGWPZ9hi3AAAAsDdVLQWQXxndMIxqvgxwsDg/73VRX7g3pHBiQtdKFrdIa/KzmBQOqVeS/8x5BWMj6+rVTel3E4mtpxr6+/SvA1Islii/L5sd0xlQUDH93ule+sHX2kWL68T0af49TH2u8YQz/dJ/Rm8HXducBUHKrc8HAKixMsayHTFuAQAAYA+qmrGar69K1ioaivPz/uTJE/3qV7864DcWevXB6A1137quy0PFZ4MDN3TXVbvto9EufTJ0XZcnivuEh0f10TZXq/6+CwpPjCi29S47H+Pv0/vhCd0eGVJMUnBgQGF9vYsW3cJ6W2O6PJQo9N9+i371XR3WjPv9hYed989FKgAcfGWMZWVg3AIAAMBuGVaFo56JRELBYFBLS0v6/rvvNDs7W8nmgbry1ltvyeu171+Ypqn2o0cL50glJBIJnerqqkhbQKV89913OnrsWK27AdSN54uLevPNN2vdDQAujGXA7jCWAailR6lUxeIsbg8fPtxxn6qVAlhbW9PTp0+r1TxwoOWzVNfW1mrcEwAAAAAAAFRD1QKrq66Fqw72VGigerLZbK27AAAAAAAAgCqoWmC1sCI6QVU0sMXFxVp3AQAAAAAAAFVQtcBqIaBkWWLpKjQUwyj8zC88e1bTrgAAAAAAAKA6qhZYTaVSxQeVXR8LqBvPyVgFAAAAAAA4lKoWWLUsi9qqaEyWVbiZsOKqNQwAAAAAAIDDo2qBVaChGUbhxgILWAEAAAAAABw+VQ+skrWKhuTKUl1eXq5hRwAAAAAAAFANVQ2sWs4/oJERWAUAAAAAADh8vNVs3JCoL4nG42Rp53/yCawCAAAAAAAcPlUNrFqWZQeZCK6ikaz7eV9bW6tRRwAAAAAAAFAtLF4FVIHhWrxqZWWlxr0B9pfX65VpmrXuBlAXTNOU11vV+9wA9oCxDCgfYxmARla1wCqLVgG2+fl5/jBHQ+no6NDqygo/98AOTNPU6sqKjh8/XuuuAFiHsQwoD2MZgEbHbSWgyizLUjab5S4uGsbJkycl2TcVstlsjXsDHFxer1c+n69wzgA4OBjLgPIwlgFodFWL9FiWVchapcIqGk3+598wDAKraEgnT57kD2wAQF1jLAMAADupao1VAqpoaK5yGCxgBQAAAAAAcLhUd/EqyyK4isZkGLJcNbmWl5dr2BkAAAAAAABUWsUDqyxaBTicMgBSaWCVcwQAAAAAAKD+VTyw2t7evvFJAklocOl0Wi9evJC0xTkCAAAAAACAulLx1XQ6Ozv15MkT/f3p08rlcpVuHqhbz5eWZD55Ip/PV+uuAAAAAAAA4CVVPLDa1NSkV199tdLNAgAAAAAAAMCBUd3FqwAAAAAAAADgECKwCgAAAAAAAAC7qkVdpwAAIABJREFURGAVAAAAAAAAAHaJwCoAAAAAAAAA7BKBVQAAAAAAAADYJQKrAAAAAAAAALBLBFYBAAAAAAAAYJcIrAIAAAAAAADALhFYBQAAAAAAAIBdIrAKAAAAAAAAALvkrXUHANTOo1Sq1l0AAAAAAAAN7lRXV627sCcEVoEGVq+/uAAAAAAAAGqNUgAAAAAAAAAAsEsEVgEAAAAAAABglwisAgAAAAAAAMAuEVgFAAAAAAAAgF0isAoAAAAAAAAAu0RgFQAAAAAAAAB2yVvpBs3FtFZi/6dyP/5/spbmKt08DinL2uS5DftYO2wv71ir5Pmd+1POsaXPb76/5+hJtQb/RSf+p/9NTa/4N39hAAAAAAAA1IWKB1ZX/t//Q9mpLyrdLFD3zOdPtfSn/1vKZeX/X27WujsAAAAAAAB4CRUvBZBN/P/t3X9QVGee9/13N93Q8iOioKtGJnTutpiNzjMuC3U/5JlqxjIrMyNljVOzcZDUs2YnK5X1H0f+caIzy07lh//A+o+bIuvuuFVBx+zWZCrFTFbvsTJQc4eqB5bbuaPZpWSF3BAlCkIEFOgf5/njnG66mwYaRbqBz6vKKvpc51zX93Qwx/72dX2vtsXuUmRFefhfHyc7BBEREREREREReUyLX2N1anzRuxRZSYxJ/R0REREREREREVnutHmViIiIiIiIiIiIyAIpsSoiIiIiIiIiIiKyQEqsioiIiIiIiIiIiCyQYykH+9KXxr/8n1yu31/DfV/aUg4tsiSyHQGKsh+wb/MQOY5AssMREREREREREZEnZEkTqxc+W0f7vaylHFJkSY350/j3kRwCho3/9ytfJDscERERERERERF5Qpa0FMD1EddSDieSNF2ja5IdgoiIiIiIiIiIPEFLmlh9ENTyf1kdHup3XURERERERERkRVvSUgAiIiIiIouri3drGmjFS21jNUVRTU0cbmgF90HePF5O/kJ7bqqhnmO8U100/8khgy28daKN5984Tnm8AUMxhTxibPLkjY2NMTY2RjAYTHYoIinLbreTnZ1NdnZ2skMREUkKJVZFREREZJlz43a30t5VTVFEDrSro3X2SxbokZKsMzvhcEMf1W80hpOugy2neO0U4eTqQsZZlJgkrrGxMcbGx3E6nWCzJTsckdRlGIyNjwMouSoiq9KSlgIQEREREXkSCgrctHZ0RRwZZKDPjdfrfuQ+i6obFzVpOTjQB+4ytkdMT80v34+3p43rg4s2jCyCsbExnA6Hkqoi87HZcDocjI2NJTsSEZGk0IxVEQEGaTl1gqae6SPug2/w47hrGB9TVxOHG5i5XFNEROQxFJSU4W7ooKu6yHy+DF7nY8r43tY2WvsiToxZih9+3g228NaJfgq8rbS2gvdYI6Ud5ozQN7e+T30rQAOHQzNEB1t468R5wo9O7/wzR/M3FUBPG9cHyyPKBBTxUuNxwJy9mug4M84t6Yh+vsaUJOhqqrHOR+UHEhAMBpVUFUmUzaaSGSKyaqVQYvVV/u5iOU/HHh7/lHN/+TN+k4yQFuivG37BN2nhxWNvx7Qs7b1Nx9HL3/zTX1DY+8+8/LMPF3kUWTms2nTeY7xzvCji2AkO92t5oYiILBN523nefT5cDmDwehuUvUIebREndfFu5FL8riYON1yiqzz0ZV8rfVvf4J1GM+XY1WFelV9+nNr+yGX3g7ScPU/BsUZ+XISVxHyflorjlM8VY1E1td4a6k/U0AQQUxd2QePEnhsKNp6uJur7DvJm43S5gX9o2f5kvkAVERERWUVSKLFq+vx3P+BH4bzkt/mbf/oLDjW8ym9mJCuXn7j39k8/hQSSq9/56T9yqPCzZZNkluWjq6mBVvdB3oxKoBbx0jEvrZEzf0Qegc/n44svvmDK58Pv8+FwOklPT2fTH/0RDkfKPYIe2Wq5T5HUls/2MjcfDwxCEVxv66Fgfz4MRJ4zPTsUrKX5FES0u3l+eyLJxnzKjzdOvxzqpwd4PoErzfICEPpis75mrs21Hn2cGXrO829d5bxUZMbw40fpQ0RERESipPinvQ/52/YXeO+bHv4a+Ptkh7OoPuRv/7KQv7tYzp+9Cr9ZxLzx3x/7gfVefXvxOpUVqov2VvAei/NhrqiadxqjzzV3XTZ5jzXykrnWkJZTJ/i4wAutrdZSxegZOJHLD71eb/Q4UUsc3VSHdlGOsyTzJWV4l5Uv79/niy++YOPGjWRkZJCRkcHk5CSTk5P8182bbNq0ibVPPRXnykXa4Xu+nbkXySPfZ+zy3rCIvwdP2hK9RyJLJX9TAT3vX2dwO3zc4+V7RcQkVqNL37jdj15/NXppvZuF91TES42NvGT9P2+2GaSPPw7mM/0YHG6oifMcFxEREZFHleKJ1Ti+/VN+fug5sgAY5/q5H/K3H4aOr2Xk86d5+mlrdij1vPfN0AL8iHPn7ecZRj6Hp582W/k8cnm/OdN0e1YooM/53YHaR0z69jIyXk7hhm8DZmB/3fALwiGHxn21nkPbs4DnIma4zh5HZCmAKK/O8X7I6jQ4QB9uns+b90RaTjXQd/AN3gnXoTtFS0QypqcVahsbKbI+tNY3lVhLE5uobw0lyMw2CCVXu3j3RMQSx64mDp9oYlNj/CWZsnx8ef8+9+7dw+PxEAgEmJyc5P79+zgcDrKysti2bRu9veb/o+InV5/8Dt+LIfI+I4USrE899dS897lkSVSR1aCoBG/P+/zbJejx7sdcTB+h6xJNPRFf2lh1vxdssIVftsZ+Gdg230W0nDpB3/7YhGYeBW7oi3vJo4wzi6Jq3mmstro9xWsNTZSq3vkiuUP7hSt042F3VSkbo5rauXClG/JK2bfHQ9ZsXSQ8VDsXrjBznARjZHcVpQu7UEREROZgT3YAc/s2f1P6NHzebSUuX+XvDj3HyO9+wIsHfsCLvxth+6F6/jp8/tPkjvwzLx74AT96+1X+7pu5XD8Xce6f/5TvxOnn3HVi+sniaTrM6859yvjT5fzdq2bLd376fbaPtJhtB/6Z6+NPU/rTR50Z+iF3RyArt9Dq+x/5Zu6nnAv1nVvOz3/6bXi7lnPXx6Nqsi48jrneD5FpXU01HK6Z/vNuF+YGID1evhfK/uSX8z1vDx9HbGHsPlhhfTjLZ1PEqsqujlbwloTbyvd7IxtpdR/kW6FPdUUVVLtbaQ9v6pzokkxJJaFl8c888wwPHjygp6eH/v5+BgYG6O/vp6enhwcPHlBYWMgXX3yBz+eL28+T2OF7MUXe51zmu08RWUxFlHp7aG3twVsyW8qwj4FBgEFa3n+cL2t66Bsyf+q6FG/2eSyzVEFrwylaIrO9XZdo6pnreZfgOHlbcTP9DB283hY+d7DlFIdPtYSTzPmbCsC9lXm/V5UFyCMvr5vP7kQfvfNZd3LCERERkSWRcjNWn/7mL3jvmxEHxj/lXGi26Ksenh7/lHOhyaNv/5brpX/BtleBXoBxetsjp2Bmsf3PXoUP34a3a3kxdN2rHp7mc35nvf7Nzzr4s4vlUf1c/x9W44d3GTk03eNvfvbDiBqnheQ+9tfOId+mtDCLz9tDNVStMgilpXyHmdNKHy2OWd4PWb3yN1EQ+sBmfZ6Lrf0GWDXdWs06cJG8QzDnx7JBBvrAXRZxTt5W3PSbrQN90NPKazXno65yDwzO3a2ktNCy+EAgwK1bt2bsEhsMBrl16xZut5uNGzdyd3CQLZs3z+jnsXf4nmG2chaPd5+JmOs+5zRnqYw2nj9YQNN5847cB9/grzjLa+d7wq/D70OS3iORZCgq8UIrlMb73S2qoNp9gqYTNTThpvrYQdwNbVhlWefvt6GBw31mKZLvec9Tby2t9x47hre1wXyezvH8yi8/zjubmjgc3rwKzPI5x8PjJzxO/tznug8exGtt3BXaFGv6eeum+o3qucupyIKtW5dH92d3KA0/G8a5P5yHxwPdw4s0yMZSqqoWqS+RWXzyySd8tagIZ3p61HHf1BRdXV3s+NrXkhSZiEjqSbnEavQGT9G+syEXsp7m0MVfEJHrZHzDt62EaKS3+dEB+LuL5bx30dqf1Vpa/50NuTD+2cxLEhGznH58/FE6Cfk2G3JhvLeXUHJ0RmIZKCTO7S04jtnfD1nNiij1Qv37LXxrrnqVeVtx4+V7cZcMDsa5IMScvdrTH5G5tTbegNCMmbL4tTLn6lZS2tTUVLjOaGxSNSQYDDI5OUl6ejrD9+7F72hRdvgOmb+cxaPeZyJmv88eK8EzbTqZOV+pjB6a+vebS3u7mjjccIJ/OGiWzhhsOcVr50PvQ/LeI5GlEb0hVWyN8Pzy47xTHn5F+fFGyiOuLm8MvSrnx42RLdaXjVH9Vk/3G/4i0tIYGnRmPzGdRvUzX/vs4yRwbnl5xKkxbbLo1j3zLHlXPuNO6UZzmf74bW7yLDvX3YxOrIbKA1jySvexx5MF491c/mCYdZ5uurvBs7uKZz67wFU80N3NUF4p+3YO80FEKYDx7st80D4U6ii63EDkOB4P0UVrROL75JNPuHbtGp/397N79+5wctU3NcWVK1cYHhnBAL6m5KqICJDypQCi/ebuiDmD9YC1nN368/LPZisU+jY/Cp0XsaT/N3dHIGsthQuOwCxNMH79n62x//XRkrPh7kopzIKRux9i1ls1E8svRt1fvPqtjxpH/PdDVrei6mN4e87zWlP0kuuWU9Oz1sjfzvPuVn4ZXrvYxbs1NbzVMn/205w59H542WNUjcyiErw95/m30NCDLbwVKj8gy5bf7ycjI2Pepe8+nw+XyzXHeeay2b6BQWDQ3OF7U2yGz0yohBJ/5g7fcSRQzmKhQveZiNnv0031G4280zj9JzxDNIFSGdUVVmPeVtwRpTPyI+txJPE9EhFZVbI282xEOYDx2zfh2c0xdVXv0H5lmNJ9VVRVVVG128NQ+6dMVxDoZnjdPqqqpmuhDnXDzqoqqmJrtN5p54P2deyuMvvava6dD9rvRIzTjWe32bZv3TAqSiCJ+GpREbm5uQyPjHDlyhV8U1NRSdXc3Fy+WqTlLCIiISk3Y3VOb3fz+TfL+bNX4TdvE96AauR3P+BHsZlFaxOq3tAGTR/eZeTQOCO9wIdmP9teBd6G7/y0ZLo0QALlUkM1UXn1BbZnwaNNWv02f/Pnz5E1/in/8jbAh7T3fp9DpT/lO2+b5QD+uuEXZs3Vv/zZ48cx1/shq5y5K3FpUw2HayIOuw/yZmNoJmk+5ceP0VdzgsOhVYTeY+astvmmlhZV8+bBU7xmzcpze70ROxoX8dIbB3nrRA2Hw8O+YSaWlMtZthwOB5OTkzidzjnPczqdTExMzHneou3wPWc5i0ebjhm6z0SSq/PdZzyLVyojee+RiMjqksXmZ/O4eX8cNsLtm0Os25kF9yPP2Uhp1Z7wq/H7w8C6iPY8nt0cU+PL80zcjarufNZNXum+cNvG50rJ+8CaMXvnM3MzLasxy7MTT/uVx75DWfmc6em8sHs3v7USqVeumL83oaTqCxGzWEVEZLklVnmbH53bwM8PTS+XH7/+z2bpgNiE6Ic/4+XCet479AveOxRx7ofx+hnn+rl4M0NjWXVPv2ktp/+8hd99/jTfzE1s7uuMZf4xS/F/87MfUtjwi4hSB5/zuwNWzdX2z/jz7c9x6GI9hQdqFx7HnO+HSCJLBM0E7Eszjs9cVhm1dJLYZZhAdVRj/CWTsx2XlOdyuZicnCQrKwu73R63HIDdbicjI4PR0VHS5/rH+WLt8D1nOYtHE7rPRBOrc95nHItWKiOJ75GIyGqT9dQ6hq7eZnwz3BzysHMjMYnVcbovf0B49X7eoxaVH+f+MAx1f8CF9sjjedwfh6z7w5D3bMQM1yzW5cFilXqVlS02uQooqSoiMosUSqy+zY8OJFDv88Of8XK8ZGC843Nt0JRwPzFxzejz7XBC9u+P/WCW5GyC9zZXH7FxJRjH3/7lh3NcIyKy+DZu3MjNmzfxbNvGli1bZmxgZbfb2bJlC2lpaQzevcuzzz47R2/mDt/1reA9NvcO30X5oR2+vTNPyTfrtf6ypcLatMncpKlv1k2cEr/Pp556at5z57/POIpK8PY08G9d5dYsbnMjq4Jjjby04M/hyXmPRERWnY3P4Bm6yqefwpBnp1kHNbL9zqe0D3nCNVLNOqiPMlAWT62DvGet+qyxnloHQ8OMg5VcHWd46FHGkdUqMrkKKKkqIjKLFEqsiojISuBwOPijTZvo7e2lsLAQt9vN5OQkPp8Pp9NJRkYGaWlp9PT0sGnzZhyOuR9Fi7PD91zlLBbnPmeT6H3OtEilMpL4HomIrD4becYzxJVu8OyOt4AfYJj747Axa5zuq93wiNtKbXzGw9CVT7njidzIap2ZtN34DB6ucLX7OTPxeuczHn0kWa1CydXQzyIiMpPNMAxjMTscrS+bte2H/98zizmUSEpr+Np/EfuXK/S37Ss/aZ9x/qPo6elh86ZNi9KXyGL78v597nzxBRs2biQ9PR2Xy8XExAQTExMM3r3Lps2beSonJ9lhPrbVcp8iIqvJrVu3yHC5Ejz7Du0XrrJu3x48WYRnoYZmpY53X+aDm8+yb4+HrKhSAHmU7n6Wm1du8uy+PXjo5vIH1s/WJNQ77Re4wm6qQjtZxes7VFeAPEojrmW8m8sftGMO5cFDN+yc3hRLZDFNTkywZcuWZIchIqvU7YGB2feSeAy3bt2a9xwlVkWeECVWRcDn83H37t2oGavpGRn80caNjzCDM3WtlvsUEVktFpZYFRElVkUkmZKZWNWnPREReWKcTueq+Ef2arlPERERERERmWZPdgAiIiIiIiIiIiIiy82SJlYz7YGlHE4kadbod11EREREREREZEVb0sTq9tyJpRxOJGmKch4mOwQREREREREREXmClrTGatUzwzhsBtfvr+G+L20phxZZEtmOAEXZD9i3eWj+k0VEREQkJdntdnPXUZst2aGIpD7DMP/OiIisQkuaWF3rDPDKf1PCSWYyjDjHZpxjzNOe2LVG1PH540nk2ujjs3QqIiIiIstCdnY2Y+PjOB0OJVdF5mIY+Hw+srKykh2JiEhSLGliVUREREREJNVlZ2djAONjYwSDwWSHI5Ky7HY7WdnZ5GRnJzsUEZGkUGJVREREREQkRo6SRSIiIjIPFUIRERERERERERERWSAlVkVEREREREREREQWSIlVERERERERERERkQVSYlVERERERERERERkgZRYFREREREREREREVkgJVZFREREREREREREFkiJVREREREREREREZEFUmJVREREREREREREZIGUWBURERERERERERFZICVWRURERERERERERBbIkewAZjpJZu1e0sKve/HVVzGRxIgS5XzxMq6CnBnHA9fKeHBpkQeruEDODsz3JvLnRR5GREREREREREREZkqtGavFZ8iu3Yu97zSj9WWM1pcx0ZeHs/YCrkXp+zJrih+vG9fLbeS8fHL2EyY6mbBiH60vY/RaL2k72sisSKT3k2TWJnquiIiIiIiIiIiIJEtKJVZdXy/Gdu/XjL13MXzM994/4p8oxPHigSRG9hguVTHRN0qa5wzORe53VDNURUREREREREREkiKFSgGcxL4eAtdejzl+kYdnLkYdiVpyP9HJxJkj+DBnkzrpJbC+0ColMIr/oz087DxJ5q5ibIBj12XWsIeHndb560O9hs61XhafIdu6JtTm91y2zt9Lzssw+vPYWOPzfTmEq2A9aYBvlr4fdh5gzRGrBMKONjKxygdUXCBnR2G4L6PvtJl4nnX5/wHWHDmKIzTF996vE45TREREREREREREEpM6idXizdgZJXB3nvMqLuAqGMJXv4cJK4noevkkvlDycH0exkdljIYSp2VncHYe4cFHm8netY1AKHlacQFnZicT9RFJ2a+fhM7XATMRG7wWkdzcdQGjfg++l9twssBk5d17GGzDVgx0xu/b1VnFwzPbyKzdC+GarCfJ3JGH/6OycMw5O76Li4uzzlR1vvhDHA9+zeiZ1wklWTMrXl/8Gq8iIiIiIivY8PAwIyMj+P3+ZIcisiAOh4Pc3FzWrVs353mf/O9PsNnAMMzXX/u/vhZu6/rPLny+qbhtn/zvT6L6iWwTEVltUiexmiDXlkK492srsXiRh93fJWfH9ukarPdaw7NOA+OjODNn6ehSFaPhZOMBbJnAA+tlxXbS6MV3aea5j13rtWI7aROdTIT7/hV+z1HsFcCM5OfrPKiffuVcmwcMzT/Gei9riuFh58zZviLRuni3poFW7zHeqS6KOD5Iy6kT9O1v5KWiWS+Ow7zu47I3+HF5/iLHaulq4nAD1DZWUxT585MZTR7R2NgYY2NjBIPBZIcikrLsdjvZ2dlkZ2cnO5RlznqWxR52H+TN4+U8oadRgqZjcx+MfjYOtpzitfM9Mee7qX7jOOZpC3imDrbw1ok2ng9fK49reHiY4eFh0jMyyHA99icAkSUVDAYZHh4GmDO5ahhBdhb/KTag89//fUYfz23fTnp6+ow2wwhS/Kd/CnGuExFZbVInsdp5m+CuYmwb5jrJTIAad288/ngxy/GNiCmgzrV5MHGDwOOPYtqwHhtDGJ3gfDEPXIW4atuikrTG2ng1ZKOX9RsTo/MO5XtvD7x4GdeuNnJ2wYwSByLxtL5PS8WjfRgbbDnFa21lSf/wmipxiJVUHR/H6XSCzZbscERSl2EwNj4OoOTqIvAei/wy0ExKvnaKhJ4LT+oZMtjyPq1zJXhj2gZbTvHaiSY2JfCFoZ57T9bIyAjpGRnY7Sm1JYVIQux2O+kZGYyMjMRNrP6Pa/8EQH7gT/BNTQEQCATDxwHW+Z7D5/Nhs9lmtOUH/oSpONf92Y6/fGL3JCKSqlInscrrBO/txbnlJBC9zN4VsfzeeHAUW9a2xx4ttFFWaEm/OYZpRk3Uxx1rSyFMdBII9b3hRrgubLST0S8rvovD1TtdR9Wqqzof33t7wn1HlkNYjHuRlcnthqazLWx/7A9n+ZQfb6R8keKaV1E17zSaPw4u1Zgyr7GxMSVVRRJhs+F0OBgbG1NiddHlU378GH01DfxbV/kCV18ssoJNCT9b87eX4aaNgUEoyl/iZ6pE8fv9mqkqy5rdbp+1jEXQb/CVZ7by4L+mVxYFg0G2bNkUfj1x04nT6cQwjDht0ddtffpp/s9n/U/gLkREUl8KJVZh4g+dOHbtJfvFG+YGTWDWQl0/iv8jMwE6casXp7X0f4IDrPFMlwZY8D99MjfjBHzFZ3CsB+5Zxy9dJ7Bj7/Ty/OIz4fqsxkLHqLiAcz0ErlmJTatvZwVmqQFr5my45uoMeVZtVute6Z1zOFdMDdjA+ChObiupKnMq2L+fgoYG/qFl+6zLDbuaaqgPr7O0lioONVnLGHusWUHbuR61bDF6eeb0bCJreWOBF1pbMRdCeqOW9McdLza0UCmAY1AfGcf+fl57f2vELJ4u3q15nwItkVwSwWBQSVWRRNlsKpnxxORR4IaPzSwlkOizzHx2RJ07o2ROpPjPuuml/g0cbvUmVLZm8HobPe4y/iq2FMD267x1op8CbyutreD9cy+t/xIR8ytWB9ebOHy+NYGYRWQ18/sN/IaPYDDAv3d0hI9PTk5/agwyNWtbIOCPavMbPvz+BX9SFhFZEVIqsUrnEcY6T5JZe5Sc2qPWwV5royrLpSom1l7GVWvNMJ3oZCKRjaQ6WwmUFePY1UbmhjIe/KETx65ic0n+RCe+vlGcG6xEK69bm121hWeIBq5ZG0ht6MW5Yy85RzbHn3XqKo5Z5j86vfkUQJy+jb7TVlLVmrW7o43stacZe8+sv+rY1UbOrlH81zoxdlibYM1i4uensR05Sk7t3oj3bwEbbckqVcRLx7wcbrhEV3mcD35dTdT3HeTNxogPm5e6KK+u5s2DfRFLESPnjQ7ScqqBvoNv8E55vpUEPRWV3OxphdrGRoqsD4/1TSXmh8BZx5vlA2JRbBxdeHve5/pguTlWVwet7jLeVFJVRGQVyWdTAfT0DwH5C3iWmUnR6XPNZ9RbLfFqnc7xrCs/zpvMs1y/5zyv1ZyPOOCltnG21SOt9G19g3cazdZvOSNiHmwBemjq3887jdVWzdUG3i1ZaK10EVkNAr4gGAYZ/20gpmX6i3GHO3ZX6Yg2zxfRTYbN7FNEZBVKrcQqYG7YNHciMHKpe6SJn5cxMet5sRs5HWEspu5o5LVmkjfOIFGbXiUW1wyz9c3Me5ix+VR47Ig4omLShlXyiIqqqfXWWMnNvBlt7xwPvRhkoA8omKe/wet83OPm+Vesj4dFFVS7T/Dx9UHKrXWN7oMVVhLX/PD7WONFB0ypt4dfXh+kvDyfro5W3GVvqAadiMhqlvCzZZDrbT149x+3nhv5lO/30vT+dQbLY5Kecz7rEnjqxNZf7WricM2p+Ks0cPP89rn6dFNdYWVR8zct7LEpIqtKwGfQff1WssMQEVkRUjCxKiLJUlRxEPeJBt4teSP6A9lgC2+dOG8t2XfjdifQ2VA/PRTwvUfJZj7KeDGKSrz0vH+dwfLtDPS5eb5CaVURkdXFTJ66y6wvCxN+tgzR1wOtDTXh5f0mL9bc14hTH+NZF0+cLyFFRBabJ/d5Nv7RRgKBxdmuOS0tjTtf3FmUvkRElhslVkVkWn45f3Wwjdfev4Q34nDXpfP0RNRq62qqoX6+vvK2RmzAsbAwHmm8WEUlZjmALviYUL06SWXj3Zf5oB1K9+3Bk7UkA3L5g5s8u1TjicjSGrzOxz1QsN+qr5rws8Wszerdn8Ay+sd41snyNtJxltPN05v1lByqo7Jwur23uY5zHfHaemmuO0e4OuXWSo6+UkJunOtgK5VHX6Ek1BjH7OPE9FVyiLrIxtlvjLOnB3ihrpLps6Nj3lp5lFfmCkqWAYPcXPO/oWEYGIZ/i6W7AAAgAElEQVSB3W7HAIxgEJvNBjYbhmHWTbVbPxuGgc1uD19nA/Nc4M4XX8QbSERkxbMnOwARSS355a9QTSutPTENfQNmBdXBFn7ZGufCGR1t53l3Dx9ft+qudl2iqWe+ZYyPMd4MZjmApobz9CxgR2ZJlnFu3wSPB27eHk92MCKy7A3ScvY8Pe6DfCsyOZrQsyWf7WVuWt9vCVcO72qq4fCplqhK4uapj/msi/W418vS6G3mdPMmDtXVUVdXR92hEjrOnaVjZLr9XEeJ2X6ohI5zzdb2syN0nD3HQOVR87q6o1TSzOlmq7XjLOcGKjlq9Xu0EppPN8++de2s41h9hdrq6jjEOc6GA5zFSAdnTzcTvbd7TMxmUDTPvZ+upDjDgMzMTDIzM0nPyMDpdLImMxOXy4XT6STD5TLb0tNJdzrJzMwkw2pbs2YNa9aswel0kp6REe7H0N5VIrJKacaqiMSwask1TH/iNEsEWBtsuA9Se9BNfdsAgxSRv70M9/nzvFbTT21jRXQ/x4/RV3OCw9a+HN5jjXFqxs0053izRR0Vh7kBV1GJF1pb8ZZo546Ud+dT2nmWfc8M88GVT7njKWXjkx4zy8OeKs+THkVWmU8++YSvFhXhTE+POu6bmqKrq4sdX/takiJb+WYs3Y+YnQoLeZZVU1R+nNr+moiNpWbbVOrRn3VAnM2rEr8+KuY3tiY4oCyKwkrq6iJf76CEDgZGgFzovdYBJYfMGZ+F36By62mu9VZSWJhLySt1lIQvzMWzcytcHWSEQnJLXqFuupFcz062cpXBESiMM0F09nFG6L7az9bK74dnnRZ+oxL+tZuRkunZsZFCM3BLSkro74hsiYk514MZ8ixByTJhEMqDBgIBfD4f6enpBINBfD4fNrudNLsdv9+PYRg409MJBAJM+Xw4nE4wDPw+H2lpaTgcjnCfIiKrkc0wFve7pdH6ssXsTlaJeL+FsYdif1Vntid2rRF1fP54Erk2+nj88yOv+cpP2uMPvEA9PT1s3rRpUfpakQZbeOtEP9+zEq2yNG7dukWGy7Wga+60X+Dqun3s8YzTfuEK7K6idGO4kQtXoLR0mPb2IQA8u6t45rMLXOkm/Dp0vllSwDyPvFL27fGQFernKnjopnsoj9IXnuXmbyNLAdyh/cIVrC6j+rzTPj0W5E2XK7Bi83i66e4ODbmPPaotsCp98sknXLt2jXW5uezevTucXPVNTXHlyhWGR0bYsWMHX4tJrk5OTLBly5ZkhCwis7hx4wZZ2dkJnm0uledQHZWFI3ScPc3VnaHl8rGvo410nOX01Z1R5QAiGjl7+io745YDmGscZo4Zd4l/RG+9vVBYSG5vM+atxD9v7pgk1YyPjbFt27YZx/9w9So7/+RPAJiYnMTv97NmzRqCgQCTU1OkO9NJc6QxNTmJYRi41qzB5/Ph8/lwuVxgGExOTZGWlkZGRobZ5//6X3x9584lvT8RkZDbAwO4H2VzlnncujX/Rn8qBSAiK9bg9TZ6vCVKqqa8O3zWncezm7OAjTxXmkf3Z7EbIHRzk/+Hqqoq9pXm0X3lAp89U0VVVRW7PdB9tZtxgDvtfNC+jt1VVtu6dj5oj+hrqBt2VlFVtQdPZmT/43RfvsJw6T6qqqqo2lfK8JXLdI+bfV4ZLmVfqE/PEO2f3omKbXiddd1uD0Pt/9O8TladrxYVkZuby/DICFeuXME3NRWVVM3NzeWrRfo/kshKM9LxWzooYUdEJnJTfijrmEv+rN+B9/L75n627vTEnUXa+/tm+rfuxDNHAjP+OObP/c2/D5cG6P19M/0MMDhLNYDcwsK4MUwboeNsHXWnm+kveUFJ1WXOMCAYDBIMBvH7fAT8AaYmJ/H5fAQDAXy+KaashGsgYLaFzvNNTTE15SPg9+P3+wkGAhjB4IxJMCIiq8XSJlZtyuPK6mCzpyU7hFVukJZTNbx2voDaaiUxUt6dz+j27AxvIJW1+Vnyuj8jOrXqYad1QtZT6wAPz1izSbPW5UV01U1e6XPhMgIbnyuN6Wv6uijjt7k5FEruYpUJsGalbiylKjTrlXHuD8dePB0bWevIi22WVcOZns4Lu3dHJVcjk6ovRMxiFZEVorfZXEJ/aJYZnrMya5d2bK3k+7PMZD3XsZXK78dfuj+fwsqjVG7t4JxVY/Xapkoer2CEWRKgru4olQPnqFOR1WXNMIxwYjVoGBhGMOq4uVFV7GvzPMMwMLBeh/pQYlVEVrGlrbHqzMTmf4gRDCzpsCJLKS3NgcOVyeT4/WSHsorlU368kfJkhyEJGKf7ajcMdXOhO7rlavdzC1xSbyY9h7o/4EJUtY087o8zd83W8WGGWMfOeMONd3P5g3aGrL7ylDmVOYSSq7+1EqqAkqoiK1VvM3XnOig5VEdlTFZ1IFyDdITBASBq1qq5bL+ZyrglAMx6p1AZsdw+VAPVVMKhum/MM05MbdTeZurYxAu50Ntcx7lQHdWt8WOYXS4lL5TQfO4avZWFC0wmS+owwolQu82OYQuSlmZODLHZbNjtdhyONAIBPwAOh8M832YjLS0NwzAI2GzYbDazNyVVRWQVW9rEqv8hwYwccGSATTP6ZG62eV6nomAwgH9qgqmxeXZdFRHT+G1uDnnYXRW9WdV492U+uHmbcU9opmgisnhqHeQ9O0uN07mW52etI4+bZgI25tI7n7Yz5NlNlVVw9U77Ba4kHJOsRpHJVUBJVZGVqLeZunMDVB6ti1kWH3/p//SSfSupuukQdbHZWEIJ1E0zapzGbmxldjrXODH9Dg7A1p3kArmVddRVzn5r84nsS5an0ExUAL/fRyAQZGpqimAwSCBgToIKBoPm5lXA5OQkgUDALBkwNWVd57cSsA7rfCVXRWR1WtrEajCA7aESTjLTSt28SkTmNn77JkOenTNmk2Ztfpa89pvcHvfgWUB/G5/xMHTlU+54zEStuZHVuhmJ2xmyNvNsXjs3b4/jMXelCm+i9QzA8H3G2UjWeDdXu2FBQcmqFEquhn4WkRVkpIOz1kzVeLVGC3eU0H/u9/SWVFLY+3ua+0s4ZGVJe5utmapxkqpmWQGoPJpYWYG5xhnpOMvpgRfM5O1IB//a3E/JoVceIRkau0mWVRe28vtKrC5joRqrAIFAwEyiWrVSA4Eg2GwYQCAYBMMgYLdb5wUIBOzWddPXh2auioisRkubWBUREYnwafsQnt1xUp5WorP90zt4nllAhxtL2Vd6mQ8uXLAO5FG6b56kqjkgnj27Gb4wXUYgr3QfezYCWaXkfdDOBxfaIa+U3aV5XLlpJVoXEJqsPkqoiqxMI91X6Qf6z9XREXF8a6WVfCys5FBJHefqzNaSQ3VWorSXax0AzZyua464soRDdZVYjTSfriOqNU6pAWCOcSC35PtUnj1NXd10bHH7mFcuJa8cYqDuNOGQSw5Rp92rlrXIGat2u52gYZBmtxMEbLYAdpuNNLudgJUwDS//DwSw29MAA5uNqFIAmlwiIquVzVjk/wOO1pctZneySqzUGauzxfiVn7SzGHp6eti8adatZkWS4tatW2S4XMkOQ2TZmJyYYMuWLckOQ0Qi3Lhxg6zs7GSHIfJYxsfG2LZt24zjHe0d/PEffxWwlvkHg2RkZBAMBvH5fDgcDtLS0vBNTWEAGenp+P1+/IEA6enpYMCUb4q0tDTzNfCf//GflJTG1qsQEVkatwcGcLvdi97vrVu35j1HM1ZFREREREREVgnDCBK0Znz4rVIAPp8PIxgkGAjgh3C9VQPw+XwErNd+nw8DCIZqsVqlAEIzYEVEVhslVkVERERERERWCcMAIzIRahjYAMNmC6++s2GtvjMMsNkgtNzfZsNmGGYf1jEVARCR1UyJVREREREREZFVJDRj1W6zY9gMs3ZqMIjNbsdut2O3p2G3BTBsNux2O4bdjj0YxG63gwF2uzlTNZx8FRFZpZRYFREREREREVklDMMg3ekEwOlwYBiGmTwF0oNOc1Mqmw2H00wX2G02DOs8m91uXpfuxEb0BlYiIquREqsiIrKozJkM1rIxEZmb9WFWRFKLw+EgGJqdJ7IMBYNBHI7ZP+5/8sm1JYxGRGTlUmJVREQWVXZ2NmPj4zgdDiVXReZiGPh8PrKyspIdiYjEWLt2LSMjI6RnZCi5KstOMBhkanKStWvXxm3/7//3f1/iiEREVi4lVkVEZFFlZ2djAONjY9ohVmQOdrudrOxscrKzkx2KiMRYv349AF9++SV+vz/J0YgsjMPhIDc3N/x7LCIiT44SqyIisuhylCwSEZFlbv369UpMiYiIyJy0rkVERERERERERERkgZRYFREREREREREREVmgFCoFcJLM2r2kxWua6GTizBF8Sx1SCnG93IYzYiVS4FoZDy4lLx4REREREREREZHVLIUSqyYlDGMdYM2RozjoZKLeSi4XnyF7VxuZPP575Xq5DSe/ZvTnrz9yH84XL+PacGPVJ79FRERERERERGT1UCmAVFfxXRyuXnyRScvOI0z2jZLmOYMzmbGJiIiIiIiIiIisUik3Y3VOFRfI2QH+vjwcBTmAOcM1uGV6mXzkjFfni5dxWedFlROouECOBwIUkuYaxf/RHh5yhuxdxdgAJnoJUIj97mnG3rsIxCzFvzc9w9Oc8dlLYH2hVcbA6q/TOrc4ot9Q24YL5HjuRczwPElmrRcj8jqLa0sh3Ps1EzFvhe+9PdGzQ+ON0xk6vo3gPUhbnxMVv/PFy9Y97SXnZcx7qrhAzo7CcLdG3/R7EFuuIXCtjAdcsN7jYlxHzsCZI/ii+oh5P0RERERERERERFaAlJuxmrajjZza6D+ZFZFnFJLGPzJaX8ZE3yhpO9qw3ypjtL4M3z2mZ3FWXMBVMISv3mp7UIzr5ZPT3bgKobuM0fo9POw8wJqyYug7zWh9GaPdkOaaPtX54mWcmZ1M1JcxWn8af+Zesl88MH3C+jyMj0Ix5OAoC80kPUnmrmKC18y20WtDOHZdwHXpOgHXNhzF1vUV20mbuIF/RvLxALZMMMZvzPOuRY8z0Yc5Trg9hzRazRg+6sRYv5fMCis5e4+IRPFJMnfk4f8oFG8vtoLvWv0cYM2RvdhD79FHndh3XGbN3Som+kYjEtexfQxFvB8iIiIiIiIiIiIrQ8rNWJ2/xmovfmsGpe/LIVwFQwSt8wPjozgzzZ9dWwox+k6HZ3pO/KETx67tuMA61hu+jmIvaa5RAt3WzMxLv8LvOWrNzDyAY0MOge7Q7NKLPOz+LjkeL06s8++1hmdkRsZAxXbS6MUXGudSFaPWz657bTg8B6Dzohnr3V89en3SmHF877XirN2LvQK4CzCK/w9WDdXO2wR3zdbR6zyon37lXJsHDJkvYt+jziOMWffs9MT2k4Pj6yeh8/WoexYREREREREREVkpUi6xujjMmZ629UfJqT0acXwUW3Gc0zesx8YQRtzl6tuwuayZtDuiW9LinR7BuTYPJm4QiNM2cavXSs6CLXOUwB8uxjnrIsaDo9iytj3yOAtjbZRlTXU1Jkanm+Z8jyKZydnM2r3k1O41D917vM2xREREREREREREUs0KTayaCUnjbmR90AgVMa/v3sNgm5l0nZE4vIExAYHu+DNpXTMPhZkzateTBjNno166TmCHF0cFpHGDyVkSlhO3enHuiJxpG7oHs96sr76KibnGWYjQRln1VeZY1hjAPO9RrNd5UG8lUovPkL1rL5kVr88zE1lERERERERERGT5SLkaq4tl4lZkfVCzTmpO7YX4idDOVgITOaR5rLqpFd8Nz9qEi/jvjk7XbsXcsCrnSAJ1Qy9dNzfBCiVyi8+QXXuZNcUArxO8l4NjRzG2B7dnT4he+hX+iUKcUeOdJHNHIUbfr8wEaMw4zhe9pEWWOliQPGtW7wHWeKY3sZrxHnGSzBn1b2PvEbP0AKMYdx8lFhERERERERERkdSUcjNW4y25h4hZlIm6VMXE2su4atushOQo/o9m6+MiD9u8ZO+ySgfc68Q/URhe6u97bw9pL7fhqm2zErO9+OrNmqtzlwN4nQcfbSZ71/Q9Ba6VheuxTtzqxbm+kMCtuZbJX+ThmYu4osY3+xkLJ05jx5nrXqOZM2L3knNkMxNnzNqyjl1t5OwaxX+tE2NHaJbqRR6e2UZm7XR5BaPvtBlD8Q0yCopx1V4grb6KsQ0XyNnVRo5Vy9XoOx2uxyoiIiIiIiIiIrIS2AzDMBazw9H6ssXsLknMWqO2WZb/L5riM2TvWo9/oUnjFSjeb2Hsodhf1ZntiV1rRB2fP55Ero0+Hv/8yGu+8pP2+AMvUE9PD5s3bVqUvkRERERERERElpvbAwO43e5F7/fWrVvznrNiSwEszEkyI5evV3wXh+vJL193erZhu3d91SdVRURERERERERElpuUKwWQHK/j67uMK2L5euSS/cVnzog1N4qaqwyAiIiIiIiIiIiIpCIlVi2+9/bMvoHUojPrpoqIiIiIiIiIiMjypMSqyCp2e2Ag2SGIiIiIiIiIyCq3XPePUWJVZBVbrv/jEhERERERERFJNm1eJSIiIiIiIiIiIrJAS5tYtSmPK6uDzZ6W7BBEREREREREROQJWtpMpzNTCSdZ8dLSHKSvyUp2GCIiIiIiIiIi8gQtbY1V/0OCGTngyACbEqwyN9s8r1NRMBjAPzXB1NhIskMREREREREREZEnaGkTq8EAtodKOMlMhhHn2IxzjHnaE7vWiDo+fzyJXBt9fJZORURERERERERkxVDRUxEREREREREREZEFUmJVREREREREREREZIGUWBURERERERERERFZICVWRURERERERERERBZIiVURERERERERERGRBVJiVURERERERERERGSBlFgVERERERERERERWSAlVkVEREREREREREQWSIlVERERERERERERkQVSYlVERERERERERERkgZRYFREREREREREREVkgR7IDEBGRlWd4eJiRkRH8fn+yQxFJWQ6Hg9zcXNatW5fsUERERERE5BGkUGL1JJm1e0mLPTzRycSZI/iSEdIsnC9exrXhRsrFJbJwXbxb00Cr9xjvVBdFHB+k5dQJ+vY38lIRdDXVUE/sObFdNXG4AWobq5njrITHlOVreHiY4eFh0jMyyHC5kh2OSMoKBoMMDw8DKLn62MxnSFPP9BHvsSfwPEn4WSciIiIiq0HKlQIIXCtjtD705zR+inEdOYMz2YEtupNk1raRWZHsOESA1vdpGVwFY8qSGBkZIT0jA7s95R4xIinFbreTnpHByMhIskNZ5qykasEx3mlstP4cg4Ya3u1KdmwiIiIispKl0IzVeC7y8Mw2Mmv34qwA36VkxyOyMrnd0HS2he3Hy8mP015U3cg7SzymLF9+v18zVUUSZLfbVTLjsQ3R1wPe/ZFzSIv41kE3r3V08VKR5pbKwt0fHWVwcJDJiYl5z3Wmp7Nx40aeyslZgshEREQklaR4YhXgBsYEpK09AFwErKX4BdY/XCJKBbhebsNJJ/7MYhwugF589VWE/zlUfIbsXcXYABjF/9EeHnaGjm8jeA/S1lv93vs1oz9/3brwAGuOHLX6HCVwLzrC2eKh4gI5OyBwr5C09Waz0XeasfdgzRGr7MGONjIp48HdyNjMmbsPlEiWJVKwfz8FDQ38Q8t2flw+M80ZWwqgq6mG+larccaSfgjPHuIgb86SOJ1vzJnLOr3hpZdmPAep7jtvtXupbSyhvaaB1phzE4tXRESWrzwK3NAUk0TNLz8+/aWgtYS/+mAfTefNB4v3WCOlHdPPh8jSAYMtp3jNOg/3bM+ymc+62Z43XU01/BIvtLbSM2t/kkru3LmD3+/HlsDqC7/fz+DgoBKrIiIiq9AyWKd5EeMB2LK2mS8rLuAqGMJnlQvwPSjG9fLJ6dPXF2PrttruFeIMlxE4SeauYoKhUgPXhnDsusD0nKoc0mg12z7qxFi/N7xM3/niD3HQyUR9GaP1rbA+4h9N88VDIfbx09aYvdgKfsia4os8PPNrAoQSqAdYUxYR20ed2HdExibypBXx0jEvPecvMd+qycGWU9T3HeTNxkbeaXyD6r4G3opa029+0Py47A3emfOD49xjDracjVjW+QbV7lZ+GTlOaxu8Mt1WX9NBqbX808v0ufPHKyIiy1s+5a8cxN3awOGaGg7X1Mzy//lWPuYV3mls5M2DblobamgvMUsH1Hqh9f0WBgG6mnjtfAG1oecG53mtKfZJNfNZN9/zpqcVvtfYOM+zUVKFb2pqznabzcaGDRtYs2YNQEIzW0VERGTlWQaJ1WiuLYUYfb8Kz0Kd+EMnxvrt00nIic5wyYCJP3RiuLbhKAYqtpMW0calX+GfKMQernE6iv8P1gzVztsEwyMewLEhB+Nuq7VR1ev4+kYTj4de/O+ZM225ew9jjntL81hJ4M4jjEXOtBVZCkXV1HpbqZ/x4THSINfbenCXbbc+FOZTfrwxYsZpH7+0PmjGn4Wa+Jj55ccjZpaayzyjePdjDpHPpgLAW2LNUDVnLkXG691fPh3vfi89bddRalVEZAXJL+fHVn3VNw+66Tl/gsM1sTVWvXzPejblmw8OSq3HTN7W8IODro7WiGeK+dygtSPiS8B4z7oEnjfhPmUlWLduHS6Xi/Xr1yc7FBEREUmiZVAK4AC2TDDu3gj/bFt/lJzaoxHnjGIrxkxaPrhtJUAxE6S7zJmuzrV54CrEVdsWNRPUWHsA7s41/jZsLgh+eTF8xPflEK4N07HNFk/iLvLwDKw5cnQ6vsiSAiJLpKjiIO4TDbxb8gYFcc8wE5wF+2dLmvYAbnMWanliOybPOmZXE4cbQusp3bjdcS6elxlva0MNrVHHvQyBZgyJiKxA+eXHeafcWs7f0ERpY2LPI9MgA33gLsub45x4z7q5nzeysmRnZ5OVlQWYJQNERERk9Ur9xGqxl7SIxKbx4CjG3dOMvXdxxqmurwOZm3GCmZAs3owdCBBKht6In6ws9s4RQJwar2vzgHuYZQpmj4eKmYdmd5GHZ0J9nCSzdi8ZLx7AF69fkSclv5y/OtjGa+9fIv7fCnM26McDg1AULy3p5XvHq6GphvqmksRqmcYdc5CW91txHwzNBrKWXC74hsx4vfun6+bJ8tXbXMc5DlFXWbiAq0boOHuaqzuP8kpJ7hOLTUSSqKuJw+9vnVG31JyVulDmKoie/rm+fov3rJv7eTNfmR1JbTabDcMw151lZGSwbt06AIaGhvD5NA1CRERkNUvxUgBm7VFb5PL+W73YCr4bnnXqfPEyObUR9UhDS/8B19eLsU3cwN8JXLpOwFWMM5TsLD5Ddm1buI7q7C7ivzsaMaZZGiBk3ngScpLMqFjMZG7kLFmRpZJf/grVtNIau/TebGV7mTtqaWNXUw2HY5byF1Ufw9vaELMEc+Fjmh9sga5LEZtYLYQZb7huXijeUy0qBSAislIUleDtia2Dan5B9yjL74tKIpf+z95P9LNOz5uVKjMzky1btuB0OklLSyM/30y4j4+P8+DBgyRHJyIiIsmWcjNW03a0kbMj4sC9XzP689enX1+qYmLtZVy1bdamVKP4PzLrkboA7g1h29VGzi6AXnz1R8K1UR98tJnsXdP9G32neXAJmGfZvu+9PaS93IbTGjNwrxcy549nbq8TvLcX5442steeZuyjzqjYuPdrRi/N2YHIE2LWhWtqaI3fWn6c2v4aXqs5bx5wH+TN40XQ1RFxVhHfOuhewBLM2DFDrxs43Ap4j5m1WOecQTRLz7Hx4qW2URuHiIisHEW81PgGBadOcLhm+qj74Bu8k0i97xndVfPmwVO8VlMT6og3467AiHnWzfG8UTmA5SsnJwe73c7GjRvx+/3Y7Xampqa4d+9eskMTERGRFGAzQutaFslofdlidrcgrpfbcBKTiJVlId5vYeyh2F/Vme2JXWtEHZ8/nkSujT4e//zIa77yk/b4Ay9QT08PmzdtWpS+RBbLjRs3yMrOnv2EkQ7Onm6mH2BrCSV0MBCxVL+3uY5zoTx9yfTS/6hSAFYfVB7lFU83Z09fZefRVzC76KW57hwcqqOyUKUAJPWNj42xbdu2ZIchIhH+4z/+A5vdjs1mY+PGjaSnpwMQDAa5devWzH+XBoP88R//cTJCFRERWfVuDwzgfrSNWeZ069atec9JuRmrIiKyko3Q8a9mQrSuJBd6m6k7B1t3Wq0dZzk3UMnRuhJyrQTp2U0xSdGRDiuRWmcmUkeSciMiIrIKGIbBnTt3wsnVO3fuzEiqioiIyOqV4jVWRURkRRnp5mr/VnZ6rERp4Teo3BpupPtqP1t3ejBbC/lG5Vb6r3ZP504HfhszO1VEROTJCiVXBwcHtVmViIiIRFlRidWJn5epDICISCobGaCfTeTHTYqOMNAPm+I3mvqBrf00/773CQUoIiICTmvpf4hhGDx8+HDW8zNcC9u6VkRERFaGFZVYFRGRFJe7ia0MMBh3+X4um7bCQPxGU8kLvPLKIUo6ztGs3KqIiDwhoaX/RjA47x+Hw0F+vrbFFBERWY1UY1VERJZOroedW5u52j1CSUku9P6e5v5QjdVcPDu30ny1m5ESs8bq75v72Vr5faJLqRZSeaiEunPN7KirpDA3n030R/R5jQ6gJEm3KCIiy99TOTk8lZOT7DBEREQkxSmxKiIiSyiXku9XcvX0aeqagZJKKrfC1VBrySscGqjjdF2zeaDkkLnJVazCb1C59TTnmndQV2nWYj3dHN3nwBLdkYiIiIiIiKxONmORt7UcrS+bYzQ7GMHFHE5WiHi/hbGHYn9VZ7Yndq0RdXz+eBK5Nvq4gc2ehhEMzBrjV37SHn/gBerp6WHzpk2L0pfIYrlx4wZZ2dkJnj1Cx9nTDLxQR2XhEw1LJGWNj42xbdu2ZIchIiIiIrIs3R4YwO12L58259oAAAEeSURBVHq/t27dmvecpa2x6szEZk9b0iFFllpamoP0NVnJDkMkRfXSXHeWjtC6/t7f09y/lU1z7FclIiIiIiIikoqWthSA/yHBjBxwZIBNCVaZm22e16koGAzgn5pgamyOzXdEVrVCvlEJp0/XYS32p+RQHfFW+4uIiIiIiIiksqVNrAYD2B4q4SQzrbRSACIyu9ySV6jTzlIiIiIiIiKyzC1tKQARERERERERERGRFUCJVRERWVQOh4NgUBsViiQiGAzicCztAiIREREREVkcSqyKiMiiWrt2LVOTk0quiswjGAwyNTnJU089lexQRERERETkEWiKhIiILKr169cD8OWXX+L3+5McjUjqcjgc5Obmhv/OiIiIiIjI8vL/A7oPjnOAf5eHAAAAAElFTkSuQmCC" height="600" width="800" />
Act: 11
Exp: 11]]>
  </system-out>
</testsuite> <!-- testcases.MyInfoTest -->
